20 means random 100
0 [  2706.     61.   2110.   1349.    508.   3224.   9764.   7893.   3177.
   3597.   1368.   1424.  11316.   1027.    423.   1807.   3243.    906.
   1990.   2107.]
1 [ 2402.   235.  2794.  3116.  1158.  3074.  6716.  7340.  3234.  3671.
  1934.  2122.  7899.  1472.  2078.  1458.  3528.  1049.  2178.  2542.]
2 [ 2362.   516.  2946.  3685.  1387.  2781.  5465.  6725.  3093.  4137.
  1999.  2562.  5880.  1788.  3127.  1430.  3387.  1136.  2356.  3238.]
3 [ 2512.   860.  2950.  3830.  1425.  2618.  4860.  6385.  2988.  4400.
  2035.  2767.  4774.  1991.  3623.  1557.  3229.  1238.  2492.  3466.]
4 [ 2617.  1202.  2887.  3816.  1468.  2503.  4594.  6011.  2930.  4523.
  2090.  2866.  4192.  2115.  3772.  1739.  3149.  1349.  2637.  3540.]
5 [ 2634.  1548.  2829.  3748.  1574.  2425.  4476.  5615.  2847.  4599.
  2070.  2891.  3873.  2203.  3784.  1909.  3090.  1474.  2820.  3591.]
6 [ 2622.  1908.  2761.  3653.  1663.  2379.  4438.  5285.  2786.  4652.
  2058.  2930.  3700.  2280.  3734.  2068.  3024.  1586.  2889.  3584.]
7 [ 2561.  2215.  2703.  3549.  1781.  2377.  4425.  5041.  2734.  4614.
  2094.  2948.  3602.  2361.  3686.  2181.  2946.  1686.  2951.  3545.]
8 [ 2537.  2500.  2635.  3429.  1867.  2402.  4407.  4821.  2727.  4590.
  2142.  2945.  3541.  2419.  3636.  2277.  2875.  1774.  3010.  3466.]
9 [ 2510.  2757.  2580.  3324.  1942.  2434.  4402.  4629.  2718.  4535.
  2214.  2954.  3507.  2453.  3596.  2344.  2830.  1846.  3043.  3382.]
10 [ 2484.  2985.  2528.  3241.  1993.  2469.  4397.  4498.  2706.  4508.
  2263.  2949.  3481.  2490.  3563.  2390.  2771.  1942.  3024.  3318.]
11 [ 2468.  3153.  2488.  3166.  2044.  2481.  4401.  4385.  2693.  4501.
  2295.  2949.  3465.  2516.  3539.  2441.  2719.  2027.  2999.  3270.]
12 [ 2455.  3285.  2456.  3127.  2093.  2486.  4394.  4279.  2681.  4477.
  2327.  2946.  3451.  2537.  3515.  2482.  2666.  2100.  3031.  3212.]
13 [ 2446.  3379.  2436.  3082.  2131.  2494.  4387.  4167.  2673.  4444.
  2356.  2938.  3444.  2557.  3494.  2511.  2612.  2199.  3074.  3176.]
14 [ 2484.  3447.  2414.  3029.  2170.  2527.  4381.  4054.  2657.  4429.
  2397.  2919.  3436.  2576.  3481.  2529.  2529.  2293.  3100.  3148.]
15 [ 2496.  3511.  2411.  3001.  2207.  2543.  4383.  3985.  2646.  4401.
  2419.  2908.  3438.  2588.  3474.  2548.  2458.  2358.  3114.  3111.]
16 [ 2489.  3553.  2407.  2969.  2237.  2573.  4390.  3934.  2638.  4381.
  2434.  2902.  3445.  2594.  3468.  2564.  2391.  2418.  3128.  3085.]
17 [ 2465.  3578.  2396.  2902.  2261.  2595.  4399.  3889.  2637.  4375.
  2446.  2905.  3451.  2602.  3459.  2575.  2337.  2501.  3154.  3073.]
18 [ 2464.  3599.  2392.  2853.  2289.  2614.  4411.  3849.  2631.  4364.
  2457.  2905.  3450.  2608.  3452.  2579.  2306.  2544.  3174.  3059.]
19 [ 2452.  3615.  2398.  2798.  2308.  2637.  4427.  3822.  2628.  4360.
  2460.  2931.  3442.  2614.  3451.  2579.  2302.  2570.  3178.  3028.]
20 [ 2435.  3628.  2400.  2732.  2343.  2645.  4437.  3800.  2626.  4366.
  2465.  2960.  3437.  2617.  3458.  2581.  2300.  2584.  3183.  3003.]
21 [ 2448.  3638.  2397.  2638.  2380.  2674.  4438.  3779.  2623.  4372.
  2466.  2982.  3433.  2618.  3457.  2582.  2293.  2593.  3191.  2998.]
22 [ 2459.  3649.  2393.  2572.  2414.  2703.  4441.  3769.  2618.  4369.
  2465.  3000.  3427.  2622.  3460.  2583.  2294.  2594.  3181.  2987.]
23 [ 2477.  3656.  2385.  2493.  2455.  2732.  4441.  3765.  2613.  4366.
  2467.  3008.  3422.  2626.  3463.  2587.  2302.  2586.  3173.  2983.]
24 [ 2477.  3657.  2376.  2426.  2507.  2770.  4437.  3765.  2600.  4359.
  2469.  3008.  3419.  2628.  3461.  2592.  2307.  2585.  3172.  2985.]
25 [ 2486.  3662.  2370.  2367.  2546.  2796.  4435.  3765.  2589.  4341.
  2469.  3004.  3414.  2632.  3463.  2596.  2311.  2586.  3169.  2999.]
26 [ 2485.  3662.  2363.  2316.  2575.  2805.  4428.  3773.  2577.  4322.
  2468.  3026.  3408.  2635.  3470.  2597.  2325.  2584.  3165.  3016.]
27 [ 2505.  3664.  2360.  2258.  2608.  2799.  4423.  3773.  2572.  4321.
  2466.  3027.  3405.  2632.  3484.  2599.  2318.  2578.  3168.  3040.]
28 [ 2526.  3664.  2353.  2245.  2629.  2783.  4419.  3775.  2568.  4313.
  2463.  3031.  3403.  2634.  3480.  2599.  2315.  2582.  3169.  3049.]
29 [ 2535.  3664.  2352.  2216.  2657.  2760.  4413.  3780.  2565.  4308.
  2463.  3037.  3405.  2639.  3480.  2599.  2313.  2581.  3173.  3060.]
30 [ 2533.  3666.  2352.  2197.  2667.  2752.  4403.  3782.  2558.  4306.
  2463.  3052.  3407.  2645.  3484.  2601.  2304.  2579.  3177.  3072.]
31 [ 2528.  3665.  2354.  2181.  2675.  2748.  4396.  3784.  2549.  4311.
  2465.  3066.  3405.  2651.  3485.  2600.  2294.  2581.  3178.  3084.]
32 [ 2525.  3667.  2358.  2179.  2688.  2730.  4392.  3787.  2539.  4314.
  2465.  3081.  3410.  2660.  3484.  2601.  2281.  2579.  3179.  3081.]
33 [ 2516.  3669.  2359.  2189.  2699.  2720.  4389.  3786.  2535.  4317.
  2465.  3075.  3417.  2668.  3483.  2603.  2281.  2579.  3185.  3065.]
34 [ 2515.  3671.  2357.  2186.  2716.  2704.  4382.  3784.  2530.  4316.
  2465.  3081.  3420.  2672.  3482.  2603.  2278.  2579.  3193.  3066.]
35 [ 2514.  3673.  2357.  2191.  2732.  2688.  4372.  3783.  2526.  4322.
  2464.  3085.  3422.  2674.  3482.  2604.  2276.  2577.  3199.  3059.]
36 [ 2513.  3676.  2358.  2191.  2739.  2667.  4364.  3784.  2522.  4326.
  2463.  3097.  3425.  2679.  3486.  2604.  2274.  2579.  3202.  3051.]
37 [ 2518.  3678.  2358.  2186.  2757.  2649.  4361.  3788.  2518.  4329.
  2462.  3089.  3424.  2681.  3491.  2604.  2276.  2578.  3203.  3050.]
38 [ 2525.  3684.  2358.  2181.  2765.  2632.  4358.  3790.  2515.  4329.
  2462.  3084.  3423.  2687.  3495.  2604.  2277.  2577.  3206.  3048.]
39 [ 2526.  3686.  2358.  2186.  2771.  2615.  4353.  3790.  2514.  4328.
  2462.  3086.  3426.  2691.  3493.  2607.  2275.  2578.  3204.  3051.]
40 [ 2518.  3685.  2358.  2183.  2778.  2601.  4349.  3790.  2513.  4325.
  2464.  3099.  3427.  2691.  3491.  2609.  2279.  2579.  3204.  3057.]
41 [ 2510.  3687.  2358.  2178.  2786.  2590.  4341.  3792.  2512.  4324.
  2464.  3108.  3428.  2690.  3493.  2609.  2284.  2578.  3205.  3063.]
42 [ 2504.  3689.  2357.  2180.  2802.  2579.  4337.  3795.  2511.  4322.
  2464.  3101.  3429.  2690.  3495.  2609.  2289.  2579.  3206.  3062.]
43 [ 2500.  3689.  2357.  2184.  2808.  2571.  4336.  3796.  2511.  4321.
  2464.  3101.  3430.  2691.  3494.  2610.  2290.  2580.  3205.  3062.]
44 [ 2494.  3689.  2357.  2187.  2806.  2569.  4335.  3796.  2512.  4316.
  2464.  3109.  3429.  2692.  3493.  2611.  2294.  2580.  3204.  3063.]
45 [ 2487.  3691.  2357.  2190.  2808.  2563.  4332.  3796.  2512.  4312.
  2464.  3116.  3431.  2692.  3493.  2610.  2298.  2580.  3204.  3064.]
46 [ 2487.  3692.  2356.  2192.  2809.  2550.  4329.  3796.  2512.  4307.
  2465.  3128.  3432.  2695.  3495.  2609.  2298.  2580.  3204.  3064.]
47 [ 2489.  3691.  2356.  2191.  2809.  2544.  4327.  3798.  2512.  4307.
  2467.  3125.  3432.  2698.  3498.  2609.  2300.  2578.  3204.  3065.]
48 [ 2489.  3691.  2355.  2194.  2812.  2540.  4325.  3798.  2510.  4307.
  2467.  3119.  3433.  2700.  3500.  2609.  2301.  2577.  3204.  3069.]
49 [ 2489.  3691.  2355.  2194.  2820.  2536.  4324.  3799.  2509.  4309.
  2467.  3113.  3433.  2701.  3499.  2610.  2302.  2576.  3203.  3070.]
50 [ 2486.  3689.  2354.  2195.  2822.  2531.  4320.  3799.  2509.  4309.
  2468.  3119.  3434.  2701.  3498.  2610.  2307.  2578.  3203.  3068.]
51 [ 2477.  3691.  2351.  2194.  2827.  2530.  4318.  3802.  2509.  4310.
  2468.  3119.  3435.  2701.  3498.  2612.  2312.  2577.  3203.  3066.]
52 [ 2477.  3692.  2351.  2194.  2832.  2528.  4317.  3803.  2507.  4312.
  2469.  3114.  3437.  2701.  3498.  2612.  2313.  2576.  3206.  3061.]
53 [ 2476.  3692.  2352.  2193.  2838.  2525.  4318.  3802.  2507.  4312.
  2470.  3110.  3439.  2701.  3497.  2612.  2313.  2578.  3210.  3055.]
54 [ 2479.  3691.  2352.  2192.  2841.  2523.  4318.  3803.  2507.  4314.
  2470.  3109.  3439.  2701.  3495.  2612.  2313.  2578.  3213.  3050.]
55 [ 2481.  3693.  2352.  2191.  2842.  2521.  4318.  3804.  2506.  4316.
  2469.  3106.  3439.  2701.  3495.  2612.  2314.  2578.  3214.  3048.]
56 [ 2482.  3695.  2352.  2191.  2843.  2521.  4315.  3804.  2505.  4316.
  2469.  3102.  3439.  2701.  3495.  2612.  2318.  2578.  3215.  3047.]
57 [ 2483.  3698.  2353.  2191.  2843.  2519.  4312.  3804.  2505.  4315.
  2468.  3102.  3439.  2701.  3495.  2612.  2322.  2579.  3215.  3044.]
58 [ 2477.  3699.  2352.  2193.  2842.  2520.  4313.  3806.  2506.  4315.
  2468.  3103.  3439.  2701.  3494.  2613.  2325.  2581.  3215.  3038.]
59 [ 2474.  3701.  2352.  2195.  2842.  2519.  4312.  3806.  2506.  4317.
  2468.  3105.  3439.  2701.  3495.  2613.  2327.  2581.  3215.  3032.]
60 [ 2474.  3704.  2352.  2195.  2846.  2517.  4311.  3807.  2506.  4318.
  2467.  3103.  3438.  2701.  3497.  2613.  2327.  2581.  3216.  3027.]
61 [ 2475.  3706.  2351.  2192.  2848.  2517.  4310.  3806.  2506.  4319.
  2467.  3102.  3438.  2700.  3499.  2613.  2328.  2581.  3217.  3025.]
62 [ 2475.  3708.  2351.  2191.  2848.  2512.  4310.  3804.  2506.  4318.
  2468.  3107.  3438.  2700.  3501.  2612.  2329.  2582.  3217.  3023.]
63 [ 2476.  3710.  2351.  2193.  2848.  2511.  4310.  3803.  2505.  4317.
  2469.  3107.  3438.  2700.  3502.  2611.  2329.  2582.  3217.  3021.]
64 [ 2476.  3710.  2351.  2193.  2848.  2511.  4311.  3804.  2505.  4318.
  2468.  3107.  3438.  2700.  3502.  2611.  2329.  2582.  3217.  3019.]
65 [ 2476.  3711.  2351.  2193.  2848.  2511.  4311.  3805.  2505.  4319.
  2466.  3107.  3438.  2700.  3502.  2611.  2329.  2582.  3217.  3018.]
66 [ 2476.  3712.  2351.  2193.  2848.  2511.  4311.  3806.  2505.  4319.
  2465.  3107.  3438.  2700.  3502.  2611.  2329.  2582.  3217.  3017.]
67 [ 2476.  3712.  2351.  2193.  2848.  2511.  4311.  3806.  2505.  4319.
  2466.  3107.  3438.  2700.  3502.  2611.  2329.  2582.  3217.  3016.]
[ 2476.  3712.  2351.  2193.  2848.  2511.  4311.  3806.  2505.  4319.
  2466.  3107.  3438.  2700.  3502.  2611.  2329.  2582.  3217.  3016.]
Time spent clustering :  7863.85885215
means_random_cluster20
Digit: 0  Purity: 94.5% SD: 1649.3  Count: 5205
Digit: 1  Purity: 84.9% SD: 1075.7  Count: 7749
Digit: 2  Purity: 94.3% SD: 1707.3  Count: 4933
Digit: 3  Purity: 60.3% SD: 1612.8  Count: 8466
Digit: 4  Purity: 53.1% SD: 1582.5  Count: 6929
Digit: 5  Purity: 61.5% SD: 1578.2  Count: 5209
Digit: 6  Purity: 87.6% SD: 1555.2  Count: 6113
Digit: 7  Purity: 75.2% SD: 1402.7  Count: 6272
Digit: 8  Purity: 82.1% SD: 1573.9  Count: 4805
Digit: 9  Purity: 45.7% SD: 1388.7  Count: 4319
Our accuracy in predicting test data for k = 20 was 74.1874187419 %
Time spent testing :  36.3543109894
