50 means random 100
0 [  395.   457.  2643.   245.   384.   878.   161.  2154.   928.  2345.
   222.   843.   172.  6481.   781.  1083.  2247.  1151.  3571.   720.
   619.   726.  2545.   902.   511.   603.  1502.   253.  3706.  1241.
   267.  1905.   581.   940.   765.   678.  1562.   286.   292.  1189.
   735.   667.  1342.  1263.  1708.  1175.  2229.   533.   459.   955.]
1 [  500.   808.  2930.   481.   438.  1868.   429.  1780.  1001.  1804.
   289.   869.   533.  5195.   869.   627.  1927.  1391.  2595.   801.
   836.  1172.  1950.   805.   708.   790.  1501.   661.  2591.   997.
   628.  2173.   655.  1058.  1021.   668.  1335.   322.   502.  1192.
   940.   561.  1442.   867.  1752.  1410.  2199.   667.   414.  1048.]
2 [  612.   984.  3193.   663.   489.  2055.   560.  1767.  1017.  1696.
   296.   836.   661.  4337.   818.   654.  1798.  1437.  2138.   823.
   915.  1369.  1739.   774.   695.   841.  1527.   836.  2281.   995.
   844.  2091.   869.   970.  1014.   643.  1326.   591.   681.  1026.
   920.   597.  1505.   785.  1610.  1486.  2083.   645.   378.  1130.]
3 [  793.  1112.  3125.   708.   523.  2112.   601.  1793.  1029.  1725.
   316.   823.   712.  3776.   823.   709.  1660.  1465.  1916.   820.
   952.  1438.  1647.   795.   671.   837.  1536.   900.  2257.  1017.
   974.  1884.   952.   925.   989.   640.  1288.   903.   828.   960.
   923.   650.  1614.   753.  1472.  1511.  1973.   595.   383.  1192.]
4 [  987.  1229.  3096.   746.   545.  2089.   618.  1778.  1047.  1760.
   348.   831.   737.  3414.   859.   737.  1563.  1467.  1782.   828.
   982.  1462.  1632.   817.   660.   828.  1520.   903.  2201.  1043.
  1068.  1663.  1002.   893.   945.   633.  1247.  1093.   952.   935.
   933.   691.  1700.   748.  1380.  1517.  1877.   596.   395.  1223.]
5 [ 1153.  1308.  3099.   728.   535.  2030.   641.  1713.  1040.  1774.
   392.   874.   754.  3175.   932.   768.  1520.  1462.  1704.   834.
   999.  1476.  1614.   829.   651.   835.  1546.   897.  2133.  1062.
  1144.  1487.  1031.   895.   885.   625.  1212.  1199.  1025.   953.
   929.   733.  1715.   740.  1329.  1524.  1823.   627.   414.  1232.]
6 [ 1350.  1353.  3095.   747.   536.  1922.   650.  1655.  1041.  1770.
   424.   909.   768.  2973.  1003.   797.  1502.  1455.  1640.   825.
  1012.  1467.  1610.   846.   673.   833.  1569.   875.  2064.  1069.
  1196.  1382.  1054.   892.   862.   616.  1182.  1253.  1069.   945.
   935.   804.  1702.   735.  1303.  1547.  1765.   661.   429.  1235.]
7 [ 1568.  1381.  3072.   752.   518.  1773.   664.  1590.  1043.  1747.
   474.   924.   783.  2836.  1100.   813.  1473.  1433.  1608.   823.
  1018.  1470.  1596.   862.   726.   855.  1616.   868.  2004.  1064.
  1221.  1324.  1073.   892.   858.   605.  1156.  1259.  1086.   951.
   935.   862.  1682.   727.  1284.  1553.  1725.   699.   435.  1219.]
8 [ 1706.  1402.  3046.   750.   511.  1656.   681.  1553.  1063.  1715.
   513.   938.   801.  2704.  1188.   833.  1429.  1421.  1585.   816.
  1016.  1474.  1604.   891.   776.   872.  1591.   861.  1958.  1055.
  1251.  1259.  1077.   901.   866.   598.  1146.  1292.  1084.   946.
   945.   907.  1671.   729.  1281.  1555.  1706.   738.   428.  1211.]
9 [ 1728.  1405.  2986.   754.   503.  1597.   699.  1548.  1112.  1676.
   546.   936.   811.  2643.  1247.   838.  1398.  1439.  1583.   806.
  1012.  1458.  1599.   919.   805.   875.  1552.   860.  1927.  1050.
  1284.  1217.  1075.   906.   874.   596.  1159.  1303.  1097.   958.
   950.   952.  1636.   724.  1290.  1563.  1686.   771.   434.  1213.]
10 [ 1672.  1408.  2916.   765.   493.  1616.   709.  1543.  1137.  1627.
   589.   925.   815.  2621.  1295.   839.  1373.  1436.  1590.   806.
  1011.  1440.  1609.   955.   838.   875.  1484.   863.  1920.  1021.
  1302.  1180.  1074.   902.   883.   601.  1199.  1325.  1099.   953.
   948.   990.  1616.   722.  1299.  1591.  1659.   804.   436.  1226.]
11 [ 1606.  1407.  2867.   789.   499.  1654.   709.  1551.  1161.  1586.
   625.   906.   821.  2602.  1298.   843.  1359.  1433.  1581.   803.
  1002.  1442.  1629.  1008.   898.   868.  1434.   867.  1917.  1011.
  1312.  1145.  1068.   898.   903.   601.  1205.  1346.  1086.   942.
   954.  1006.  1598.   719.  1298.  1607.  1638.   831.   440.  1227.]
12 [ 1573.  1397.  2828.   804.   503.  1678.   707.  1552.  1192.  1553.
   654.   903.   832.  2606.  1315.   837.  1354.  1433.  1583.   804.
   999.  1439.  1635.  1053.   947.   861.  1396.   872.  1879.   993.
  1315.  1108.  1064.   891.   907.   593.  1228.  1365.  1072.   943.
   952.  1024.  1595.   716.  1302.  1611.  1613.   843.   442.  1234.]
13 [ 1544.  1380.  2784.   819.   504.  1711.   700.  1544.  1213.  1533.
   679.   896.   837.  2603.  1320.   831.  1340.  1434.  1573.   804.
  1003.  1424.  1644.  1090.   983.   854.  1364.   880.  1866.   986.
  1302.  1098.  1059.   892.   918.   592.  1260.  1355.  1062.   943.
   949.  1044.  1591.   714.  1314.  1637.  1595.   860.   442.  1230.]
14 [ 1507.  1371.  2749.   823.   510.  1740.   700.  1522.  1231.  1512.
   698.   905.   840.  2604.  1323.   824.  1326.  1431.  1573.   797.
  1016.  1418.  1655.  1118.  1020.   847.  1328.   889.  1854.   977.
  1298.  1087.  1046.   896.   927.   593.  1283.  1354.  1055.   944.
   947.  1061.  1582.   708.  1318.  1665.  1576.   879.   448.  1225.]
15 [ 1471.  1354.  2714.   822.   516.  1763.   700.  1497.  1235.  1488.
   722.   903.   843.  2614.  1300.   819.  1313.  1425.  1577.   798.
  1020.  1418.  1664.  1143.  1051.   843.  1315.   891.  1841.   987.
  1308.  1084.  1042.   896.   940.   600.  1297.  1363.  1037.   937.
   948.  1079.  1564.   704.  1328.  1677.  1572.   891.   467.  1219.]
16 [ 1443.  1345.  2686.   824.   525.  1791.   697.  1481.  1238.  1471.
   735.   904.   841.  2608.  1303.   817.  1308.  1420.  1582.   804.
  1021.  1413.  1672.  1164.  1076.   837.  1289.   899.  1824.   987.
  1304.  1077.  1043.   892.   957.   605.  1304.  1379.  1028.   936.
   952.  1089.  1540.   698.  1329.  1689.  1563.   904.   477.  1229.]
17 [ 1436.  1337.  2663.   826.   534.  1820.   694.  1458.  1245.  1455.
   744.   912.   846.  2604.  1289.   816.  1303.  1424.  1574.   806.
  1029.  1409.  1672.  1189.  1105.   832.  1268.   902.  1816.   993.
  1288.  1071.  1039.   884.   970.   626.  1301.  1402.  1024.   920.
   952.  1095.  1532.   691.  1321.  1692.  1551.   921.   491.  1228.]
18 [ 1427.  1327.  2653.   819.   538.  1847.   695.  1444.  1251.  1445.
   754.   922.   847.  2595.  1263.   815.  1300.  1431.  1571.   805.
  1023.  1403.  1661.  1210.  1123.   830.  1258.   907.  1810.  1013.
  1282.  1066.  1030.   880.   976.   654.  1303.  1403.  1017.   901.
   952.  1102.  1520.   694.  1313.  1705.  1539.   943.   504.  1229.]
19 [ 1417.  1322.  2641.   817.   543.  1865.   694.  1436.  1260.  1435.
   764.   923.   855.  2589.  1249.   814.  1294.  1438.  1569.   802.
  1028.  1398.  1663.  1234.  1137.   830.  1251.   911.  1807.  1022.
  1277.  1061.  1023.   877.   989.   671.  1305.  1406.  1011.   879.
   948.  1108.  1507.   694.  1312.  1711.  1521.   956.   509.  1227.]
20 [ 1413.  1319.  2628.   818.   548.  1882.   689.  1428.  1264.  1421.
   776.   926.   853.  2585.  1235.   811.  1295.  1443.  1555.   799.
  1022.  1392.  1651.  1253.  1154.   825.  1242.   914.  1801.  1033.
  1282.  1056.  1017.   879.   995.   692.  1305.  1413.  1000.   867.
   950.  1118.  1498.   695.  1316.  1717.  1507.   962.   529.  1227.]
21 [ 1408.  1314.  2622.   819.   548.  1904.   686.  1424.  1270.  1411.
   784.   927.   858.  2570.  1224.   804.  1296.  1438.  1551.   800.
  1017.  1387.  1654.  1270.  1156.   823.  1236.   920.  1789.  1043.
  1277.  1051.  1016.   880.  1000.   708.  1315.  1416.   998.   864.
   949.  1128.  1490.   693.  1316.  1718.  1495.   970.   541.  1222.]
22 [ 1407.  1304.  2611.   823.   544.  1918.   679.  1407.  1265.  1405.
   797.   928.   862.  2574.  1216.   799.  1291.  1436.  1536.   801.
  1017.  1388.  1645.  1284.  1159.   822.  1237.   922.  1786.  1046.
  1270.  1045.  1015.   881.  1018.   713.  1313.  1423.   993.   859.
   950.  1134.  1485.   699.  1324.  1718.  1487.   977.   570.  1217.]
23 [ 1397.  1302.  2604.   831.   546.  1926.   673.  1397.  1260.  1398.
   810.   935.   861.  2578.  1211.   796.  1289.  1435.  1537.   810.
  1009.  1385.  1633.  1296.  1164.   820.  1238.   923.  1775.  1051.
  1264.  1043.  1012.   876.  1024.   720.  1318.  1425.   998.   856.
   955.  1135.  1480.   702.  1321.  1718.  1482.   981.   605.  1195.]
24 [ 1396.  1298.  2600.   839.   542.  1929.   664.  1389.  1265.  1394.
   814.   939.   858.  2579.  1212.   794.  1288.  1431.  1533.   814.
  1008.  1384.  1629.  1299.  1163.   817.  1240.   933.  1775.  1047.
  1263.  1043.  1012.   878.  1025.   728.  1320.  1423.   995.   858.
   956.  1146.  1476.   695.  1320.  1715.  1467.   983.   632.  1192.]
25 [ 1398.  1292.  2600.   851.   542.  1931.   662.  1378.  1277.  1385.
   816.   941.   855.  2580.  1208.   784.  1287.  1424.  1533.   815.
  1007.  1380.  1643.  1301.  1159.   815.  1238.   931.  1761.  1045.
  1268.  1040.  1013.   877.  1025.   732.  1318.  1425.   998.   855.
   960.  1150.  1475.   698.  1323.  1706.  1457.   986.   663.  1192.]
26 [ 1399.  1291.  2600.   857.   544.  1931.   661.  1359.  1283.  1379.
   816.   944.   857.  2581.  1204.   779.  1283.  1416.  1532.   813.
  1006.  1380.  1647.  1299.  1168.   813.  1233.   932.  1767.  1047.
  1269.  1040.  1013.   879.  1029.   734.  1311.  1423.  1000.   857.
   962.  1157.  1472.   701.  1322.  1688.  1441.   994.   691.  1196.]
27 [ 1399.  1288.  2596.   864.   545.  1933.   660.  1353.  1283.  1378.
   820.   947.   859.  2584.  1197.   777.  1281.  1414.  1530.   815.
  1000.  1376.  1640.  1301.  1164.   809.  1235.   935.  1770.  1041.
  1268.  1040.  1009.   882.  1037.   738.  1321.  1418.  1007.   853.
   965.  1159.  1472.   700.  1321.  1668.  1423.  1000.   720.  1205.]
28 [ 1401.  1287.  2594.   869.   546.  1935.   653.  1347.  1282.  1374.
   821.   946.   862.  2584.  1189.   777.  1278.  1413.  1524.   817.
   996.  1370.  1633.  1302.  1165.   806.  1236.   936.  1769.  1042.
  1270.  1038.  1010.   885.  1045.   748.  1330.  1421.  1012.   847.
   966.  1162.  1473.   702.  1319.  1651.  1411.  1002.   748.  1206.]
29 [ 1409.  1287.  2593.   871.   546.  1936.   644.  1347.  1283.  1367.
   824.   946.   863.  2583.  1181.   771.  1273.  1409.  1527.   816.
   989.  1376.  1606.  1305.  1165.   802.  1237.   937.  1766.  1045.
  1260.  1037.  1010.   890.  1047.   762.  1326.  1420.  1018.   849.
   967.  1167.  1476.   704.  1321.  1640.  1400.  1004.   791.  1207.]
30 [ 1408.  1284.  2592.   872.   546.  1936.   642.  1336.  1278.  1366.
   830.   945.   867.  2580.  1181.   768.  1268.  1399.  1529.   813.
   990.  1382.  1594.  1313.  1164.   802.  1236.   937.  1767.  1037.
  1256.  1037.  1007.   896.  1051.   762.  1326.  1423.  1029.   852.
   968.  1169.  1470.   708.  1325.  1633.  1388.  1007.   819.  1212.]
31 [ 1405.  1284.  2590.   878.   546.  1935.   637.  1333.  1276.  1363.
   835.   947.   869.  2578.  1177.   769.  1263.  1396.  1529.   814.
   986.  1379.  1581.  1321.  1164.   801.  1237.   939.  1765.  1034.
  1244.  1037.  1003.   903.  1056.   765.  1321.  1425.  1036.   849.
   967.  1169.  1473.   707.  1328.  1626.  1382.  1010.   847.  1221.]
32 [ 1404.  1282.  2587.   884.   545.  1934.   632.  1334.  1273.  1362.
   842.   945.   868.  2576.  1184.   767.  1262.  1386.  1539.   817.
   981.  1377.  1572.  1329.  1160.   800.  1237.   939.  1767.  1025.
  1233.  1039.  1002.   905.  1060.   768.  1312.  1418.  1045.   847.
   968.  1173.  1476.   707.  1325.  1616.  1371.  1012.   874.  1239.]
33 [ 1406.  1279.  2588.   888.   545.  1936.   628.  1330.  1266.  1363.
   851.   943.   866.  2574.  1183.   765.  1264.  1382.  1550.   819.
   977.  1371.  1560.  1326.  1158.   800.  1237.   941.  1767.  1022.
  1229.  1041.   999.   905.  1067.   767.  1300.  1415.  1062.   849.
   968.  1179.  1475.   707.  1324.  1613.  1359.  1010.   894.  1252.]
34 [ 1407.  1274.  2587.   889.   545.  1936.   624.  1340.  1259.  1361.
   860.   940.   867.  2576.  1184.   763.  1264.  1374.  1557.   822.
   980.  1360.  1553.  1339.  1158.   799.  1237.   942.  1766.  1018.
  1219.  1044.   996.   905.  1074.   765.  1300.  1412.  1063.   854.
   967.  1181.  1471.   705.  1323.  1607.  1353.  1011.   920.  1249.]
35 [ 1410.  1271.  2585.   892.   545.  1935.   621.  1336.  1255.  1361.
   865.   938.   867.  2577.  1187.   761.  1261.  1370.  1563.   823.
   980.  1352.  1547.  1345.  1153.   800.  1238.   944.  1762.  1011.
  1207.  1050.   988.   905.  1077.   767.  1303.  1404.  1073.   848.
   967.  1186.  1468.   703.  1327.  1608.  1355.  1012.   947.  1250.]
36 [ 1410.  1268.  2585.   894.   546.  1935.   621.  1338.  1254.  1361.
   870.   934.   870.  2579.  1181.   759.  1253.  1362.  1570.   822.
   982.  1350.  1552.  1350.  1156.   798.  1239.   944.  1760.  1008.
  1208.  1051.   985.   905.  1075.   764.  1300.  1404.  1072.   847.
   967.  1189.  1464.   702.  1327.  1602.  1351.  1015.   960.  1261.]
37 [ 1414.  1264.  2585.   893.   546.  1933.   622.  1332.  1257.  1356.
   870.   935.   869.  2580.  1179.   759.  1248.  1357.  1575.   822.
   981.  1346.  1548.  1352.  1158.   798.  1237.   944.  1752.  1004.
  1206.  1054.   982.   906.  1077.   769.  1294.  1406.  1081.   849.
   967.  1189.  1461.   704.  1329.  1608.  1350.  1020.   973.  1259.]
38 [ 1413.  1260.  2586.   898.   547.  1932.   619.  1326.  1266.  1349.
   872.   936.   872.  2579.  1178.   758.  1245.  1354.  1583.   822.
   981.  1339.  1547.  1358.  1154.   798.  1237.   945.  1750.  1003.
  1199.  1056.   976.   906.  1078.   770.  1294.  1403.  1088.   852.
   968.  1188.  1463.   704.  1327.  1604.  1347.  1024.   980.  1266.]
39 [ 1415.  1259.  2587.   899.   548.  1930.   618.  1314.  1267.  1346.
   874.   933.   876.  2579.  1171.   759.  1243.  1351.  1592.   820.
   981.  1333.  1542.  1371.  1157.   797.  1237.   946.  1751.  1006.
  1191.  1055.   975.   908.  1079.   769.  1296.  1402.  1086.   853.
   968.  1189.  1457.   703.  1330.  1608.  1339.  1023.   986.  1281.]
40 [ 1416.  1260.  2588.   903.   549.  1930.   616.  1307.  1266.  1338.
   880.   932.   878.  2578.  1167.   759.  1242.  1348.  1605.   819.
   981.  1329.  1541.  1383.  1160.   796.  1238.   946.  1751.  1008.
  1188.  1051.   971.   907.  1071.   763.  1301.  1408.  1086.   855.
   967.  1191.  1452.   704.  1332.  1601.  1332.  1023.   996.  1287.]
41 [ 1417.  1255.  2588.   905.   549.  1929.   619.  1303.  1268.  1333.
   881.   926.   879.  2579.  1168.   759.  1241.  1348.  1622.   819.
   982.  1327.  1538.  1394.  1163.   797.  1238.   946.  1752.  1002.
  1189.  1053.   964.   906.  1070.   761.  1301.  1405.  1087.   855.
   966.  1193.  1448.   706.  1332.  1596.  1325.  1021.  1004.  1291.]
42 [ 1417.  1252.  2587.   906.   549.  1927.   620.  1301.  1268.  1329.
   884.   921.   877.  2579.  1166.   760.  1239.  1348.  1644.   819.
   982.  1326.  1536.  1401.  1165.   798.  1238.   946.  1748.  1000.
  1190.  1053.   959.   907.  1067.   763.  1298.  1406.  1089.   855.
   966.  1193.  1446.   708.  1330.  1599.  1316.  1023.  1007.  1292.]
43 [ 1414.  1249.  2587.   909.   550.  1926.   619.  1292.  1270.  1320.
   886.   919.   877.  2580.  1163.   760.  1234.  1347.  1660.   819.
   984.  1325.  1537.  1410.  1170.   797.  1237.   946.  1754.  1001.
  1186.  1052.   956.   907.  1063.   765.  1294.  1414.  1091.   856.
   967.  1196.  1447.   707.  1327.  1598.  1310.  1021.  1005.  1296.]
44 [ 1410.  1245.  2587.   909.   549.  1927.   622.  1287.  1266.  1314.
   892.   920.   877.  2581.  1161.   759.  1230.  1348.  1668.   819.
   985.  1325.  1536.  1416.  1170.   796.  1237.   945.  1755.  1003.
  1188.  1051.   954.   907.  1065.   765.  1290.  1423.  1095.   855.
   966.  1197.  1443.   707.  1327.  1601.  1303.  1020.  1004.  1300.]
45 [ 1410.  1241.  2586.   910.   549.  1928.   622.  1286.  1268.  1310.
   893.   919.   879.  2581.  1159.   760.  1229.  1348.  1676.   820.
   984.  1327.  1537.  1421.  1168.   796.  1236.   944.  1755.  1000.
  1181.  1048.   946.   908.  1078.   765.  1288.  1430.  1099.   854.
   966.  1197.  1441.   707.  1328.  1602.  1298.  1019.  1005.  1298.]
46 [ 1405.  1237.  2586.   910.   549.  1927.   624.  1283.  1271.  1313.
   893.   920.   880.  2580.  1157.   760.  1229.  1344.  1679.   820.
   985.  1328.  1542.  1426.  1169.   794.  1235.   944.  1758.  1000.
  1182.  1046.   941.   908.  1092.   765.  1286.  1427.  1100.   855.
   966.  1196.  1434.   707.  1327.  1610.  1293.  1017.  1005.  1295.]
47 [ 1405.  1233.  2586.   910.   549.  1927.   626.  1283.  1268.  1316.
   897.   921.   880.  2581.  1154.   759.  1226.  1341.  1681.   820.
   984.  1327.  1544.  1433.  1172.   792.  1235.   944.  1759.  1000.
  1178.  1040.   938.   909.  1101.   766.  1286.  1429.  1103.   856.
   966.  1199.  1426.   707.  1331.  1611.  1288.  1018.  1005.  1290.]
48 [ 1407.  1231.  2585.   910.   549.  1926.   627.  1282.  1266.  1317.
   899.   926.   879.  2582.  1152.   760.  1224.  1343.  1684.   820.
   984.  1326.  1543.  1441.  1174.   792.  1234.   944.  1758.  1001.
  1173.  1037.   932.   909.  1112.   767.  1286.  1430.  1104.   854.
   966.  1198.  1419.   707.  1335.  1608.  1281.  1018.  1007.  1291.]
49 [ 1408.  1228.  2585.   910.   549.  1925.   628.  1282.  1266.  1318.
   900.   927.   879.  2582.  1150.   759.  1223.  1342.  1686.   820.
   984.  1328.  1547.  1448.  1176.   793.  1234.   944.  1753.   999.
  1176.  1034.   925.   909.  1118.   769.  1287.  1430.  1105.   852.
   965.  1200.  1415.   707.  1337.  1606.  1277.  1019.  1007.  1289.]
50 [ 1408.  1219.  2586.   911.   549.  1925.   629.  1280.  1266.  1320.
   900.   927.   879.  2582.  1150.   758.  1223.  1342.  1691.   820.
   984.  1330.  1551.  1461.  1177.   793.  1234.   943.  1754.   994.
  1172.  1031.   922.   909.  1124.   769.  1287.  1429.  1106.   852.
   966.  1201.  1411.   707.  1338.  1610.  1268.  1019.  1008.  1285.]
51 [ 1415.  1215.  2587.   910.   549.  1925.   632.  1278.  1265.  1319.
   900.   933.   880.  2581.  1144.   757.  1223.  1342.  1702.   820.
   985.  1330.  1552.  1470.  1176.   793.  1234.   943.  1750.   997.
  1163.  1031.   915.   909.  1125.   770.  1284.  1429.  1107.   852.
   966.  1206.  1410.   707.  1340.  1613.  1257.  1019.  1008.  1282.]
52 [ 1415.  1210.  2587.   910.   549.  1926.   636.  1276.  1265.  1317.
   900.   943.   880.  2580.  1142.   755.  1220.  1342.  1711.   820.
   985.  1331.  1552.  1480.  1175.   796.  1234.   943.  1750.   999.
  1160.  1030.   911.   910.  1121.   772.  1285.  1429.  1106.   853.
   966.  1204.  1407.   708.  1339.  1612.  1247.  1020.  1009.  1282.]
53 [ 1412.  1205.  2588.   911.   549.  1927.   645.  1272.  1265.  1318.
   899.   942.   879.  2580.  1141.   755.  1218.  1342.  1716.   820.
   985.  1332.  1553.  1485.  1175.   797.  1233.   944.  1750.   998.
  1159.  1030.   909.   910.  1120.   770.  1285.  1431.  1108.   853.
   966.  1210.  1403.   707.  1336.  1613.  1240.  1021.  1009.  1284.]
54 [ 1412.  1209.  2589.   911.   549.  1929.   645.  1269.  1266.  1317.
   899.   946.   879.  2579.  1140.   754.  1219.  1341.  1719.   820.
   985.  1331.  1554.  1494.  1178.   797.  1234.   945.  1748.   998.
  1140.  1029.   904.   910.  1127.   773.  1282.  1433.  1107.   853.
   967.  1213.  1401.   706.  1340.  1614.  1229.  1021.  1009.  1286.]
55 [ 1412.  1208.  2588.   911.   549.  1930.   645.  1272.  1266.  1317.
   899.   950.   877.  2579.  1140.   754.  1216.  1341.  1728.   820.
   985.  1329.  1556.  1501.  1177.   796.  1234.   945.  1746.   997.
  1130.  1029.   901.   910.  1132.   774.  1279.  1433.  1107.   853.
   967.  1211.  1403.   706.  1341.  1617.  1221.  1021.  1009.  1288.]
56 [ 1414.  1205.  2588.   911.   549.  1930.   645.  1274.  1266.  1317.
   899.   955.   877.  2579.  1140.   754.  1216.  1340.  1753.   820.
   985.  1331.  1557.  1503.  1178.   796.  1234.   945.  1745.   993.
  1113.  1029.   902.   910.  1137.   773.  1280.  1432.  1106.   852.
   967.  1210.  1399.   706.  1341.  1612.  1212.  1021.  1009.  1290.]
57 [ 1414.  1201.  2588.   911.   549.  1930.   646.  1274.  1266.  1318.
   899.   956.   878.  2579.  1140.   754.  1216.  1341.  1769.   820.
   985.  1331.  1557.  1507.  1177.   796.  1234.   945.  1744.   989.
  1097.  1029.   898.   910.  1145.   772.  1280.  1431.  1110.   851.
   968.  1209.  1398.   706.  1343.  1614.  1205.  1022.  1010.  1288.]
58 [ 1413.  1195.  2589.   913.   549.  1930.   644.  1275.  1267.  1318.
   899.   961.   878.  2580.  1140.   754.  1217.  1341.  1777.   821.
   985.  1331.  1559.  1511.  1179.   796.  1235.   945.  1743.   986.
  1084.  1029.   900.   910.  1152.   772.  1278.  1432.  1107.   850.
   968.  1209.  1393.   706.  1343.  1615.  1201.  1021.  1011.  1288.]
59 [ 1413.  1184.  2589.   914.   549.  1931.   643.  1273.  1267.  1318.
   899.   967.   878.  2579.  1141.   754.  1217.  1341.  1792.   821.
   985.  1333.  1562.  1510.  1182.   796.  1237.   945.  1741.   984.
  1078.  1028.   902.   910.  1154.   772.  1277.  1432.  1106.   850.
   968.  1208.  1388.   706.  1342.  1615.  1199.  1021.  1009.  1290.]
60 [ 1416.  1177.  2590.   915.   549.  1932.   642.  1271.  1267.  1318.
   899.   975.   878.  2579.  1139.   754.  1217.  1342.  1799.   821.
   985.  1333.  1565.  1507.  1181.   796.  1235.   945.  1742.   981.
  1072.  1027.   901.   910.  1168.   772.  1279.  1433.  1108.   849.
   968.  1209.  1381.   707.  1339.  1617.  1192.  1021.  1007.  1290.]
61 [ 1421.  1166.  2590.   916.   549.  1932.   642.  1271.  1267.  1318.
   899.   983.   878.  2578.  1139.   754.  1218.  1340.  1808.   821.
   985.  1335.  1568.  1507.  1182.   796.  1234.   946.  1741.   979.
  1067.  1026.   900.   910.  1177.   772.  1282.  1434.  1105.   848.
   968.  1209.  1375.   706.  1338.  1615.  1189.  1021.  1007.  1288.]
62 [ 1424.  1153.  2590.   916.   549.  1932.   640.  1265.  1267.  1319.
   899.   989.   878.  2578.  1141.   754.  1218.  1340.  1809.   821.
   985.  1333.  1568.  1509.  1187.   796.  1234.   946.  1740.   977.
  1075.  1025.   898.   910.  1176.   775.  1281.  1434.  1106.   848.
   968.  1210.  1376.   707.  1338.  1617.  1185.  1021.  1007.  1286.]
63 [ 1428.  1147.  2590.   916.   549.  1932.   638.  1265.  1267.  1319.
   899.   990.   878.  2578.  1142.   754.  1217.  1340.  1806.   821.
   985.  1333.  1571.  1517.  1189.   797.  1235.   946.  1736.   972.
  1076.  1024.   899.   910.  1177.   776.  1282.  1434.  1103.   848.
   968.  1211.  1376.   707.  1337.  1619.  1181.  1022.  1006.  1287.]
64 [ 1433.  1139.  2590.   915.   549.  1932.   638.  1265.  1266.  1319.
   899.   990.   878.  2578.  1140.   755.  1215.  1340.  1810.   821.
   985.  1335.  1574.  1526.  1191.   798.  1237.   946.  1735.   974.
  1074.  1023.   898.   910.  1176.   776.  1281.  1434.  1099.   848.
   968.  1212.  1377.   707.  1335.  1615.  1178.  1024.  1006.  1286.]
65 [ 1431.  1135.  2590.   917.   549.  1933.   635.  1265.  1265.  1319.
   900.   990.   878.  2578.  1140.   755.  1212.  1340.  1824.   821.
   986.  1335.  1575.  1532.  1186.   798.  1239.   946.  1731.   974.
  1069.  1022.   898.   910.  1176.   777.  1279.  1434.  1101.   849.
   968.  1210.  1373.   707.  1333.  1618.  1180.  1023.  1006.  1288.]
66 [ 1432.  1137.  2591.   917.   549.  1933.   633.  1262.  1265.  1319.
   900.   992.   878.  2577.  1140.   754.  1209.  1340.  1830.   821.
   985.  1334.  1578.  1528.  1184.   800.  1242.   945.  1732.   969.
  1066.  1022.   897.   909.  1175.   777.  1279.  1435.  1105.   850.
   968.  1210.  1373.   707.  1332.  1624.  1176.  1023.  1006.  1290.]
67 [ 1433.  1140.  2591.   918.   549.  1933.   632.  1259.  1265.  1319.
   900.   995.   878.  2577.  1137.   754.  1206.  1341.  1836.   821.
   984.  1337.  1582.  1526.  1181.   801.  1243.   944.  1729.   968.
  1071.  1022.   897.   908.  1174.   777.  1279.  1435.  1108.   850.
   968.  1210.  1374.   707.  1329.  1625.  1170.  1023.  1008.  1286.]
68 [ 1431.  1139.  2591.   917.   549.  1933.   633.  1260.  1265.  1319.
   900.   997.   879.  2576.  1137.   754.  1206.  1341.  1834.   821.
   983.  1338.  1584.  1527.  1178.   801.  1245.   943.  1727.   971.
  1073.  1022.   896.   908.  1173.   778.  1279.  1434.  1107.   850.
   968.  1210.  1377.   707.  1328.  1626.  1168.  1024.  1013.  1280.]
69 [ 1429.  1140.  2591.   918.   548.  1934.   632.  1264.  1265.  1319.
   900.   999.   879.  2575.  1136.   754.  1203.  1342.  1836.   821.
   983.  1337.  1583.  1527.  1174.   802.  1246.   943.  1726.   974.
  1073.  1022.   897.   908.  1173.   778.  1278.  1434.  1109.   850.
   968.  1211.  1376.   707.  1327.  1625.  1165.  1024.  1016.  1279.]
70 [ 1430.  1142.  2591.   918.   548.  1933.   632.  1266.  1265.  1318.
   900.  1000.   878.  2574.  1136.   755.  1202.  1344.  1839.   820.
   982.  1337.  1584.  1522.  1170.   803.  1244.   943.  1726.   975.
  1074.  1022.   898.   908.  1173.   778.  1279.  1434.  1114.   850.
   968.  1213.  1373.   707.  1324.  1623.  1163.  1023.  1018.  1281.]
71 [ 1433.  1150.  2591.   918.   548.  1933.   628.  1267.  1265.  1318.
   900.  1002.   878.  2574.  1132.   756.  1204.  1344.  1837.   820.
   982.  1338.  1584.  1521.  1171.   803.  1242.   943.  1729.   975.
  1070.  1022.   899.   908.  1177.   779.  1282.  1435.  1115.   851.
   969.  1212.  1368.   707.  1323.  1620.  1158.  1020.  1018.  1281.]
72 [ 1432.  1154.  2591.   919.   548.  1933.   627.  1266.  1265.  1318.
   900.  1004.   878.  2574.  1126.   756.  1203.  1344.  1837.   820.
   982.  1337.  1585.  1520.  1176.   803.  1243.   944.  1729.   977.
  1073.  1022.   898.   908.  1181.   779.  1281.  1436.  1119.   851.
   968.  1211.  1363.   707.  1322.  1620.  1151.  1021.  1019.  1279.]
73 [ 1433.  1154.  2591.   920.   548.  1933.   626.  1267.  1267.  1318.
   900.  1007.   878.  2574.  1124.   756.  1204.  1344.  1836.   820.
   982.  1336.  1583.  1519.  1180.   803.  1244.   944.  1726.   978.
  1075.  1022.   897.   908.  1181.   779.  1282.  1435.  1115.   851.
   968.  1211.  1361.   707.  1323.  1620.  1151.  1020.  1021.  1278.]
74 [ 1438.  1152.  2591.   921.   548.  1933.   626.  1269.  1268.  1318.
   900.  1008.   878.  2574.  1118.   756.  1206.  1344.  1835.   820.
   982.  1336.  1584.  1526.  1179.   803.  1244.   944.  1721.   983.
  1077.  1022.   899.   909.  1176.   779.  1282.  1434.  1115.   851.
   968.  1211.  1360.   707.  1323.  1621.  1148.  1018.  1020.  1275.]
75 [ 1440.  1150.  2591.   921.   548.  1932.   626.  1271.  1268.  1318.
   900.  1008.   878.  2574.  1111.   756.  1208.  1344.  1834.   820.
   982.  1334.  1584.  1528.  1181.   803.  1244.   944.  1722.   985.
  1080.  1022.   898.   909.  1176.   779.  1281.  1434.  1119.   851.
   968.  1212.  1360.   707.  1322.  1622.  1143.  1016.  1021.  1275.]
76 [ 1443.  1152.  2591.   921.   548.  1933.   626.  1273.  1268.  1318.
   900.  1009.   878.  2574.  1108.   756.  1208.  1344.  1834.   820.
   982.  1333.  1584.  1528.  1182.   803.  1246.   944.  1721.   986.
  1081.  1021.   899.   909.  1176.   779.  1281.  1433.  1117.   851.
   968.  1212.  1358.   707.  1319.  1624.  1137.  1017.  1023.  1275.]
77 [ 1444.  1149.  2591.   921.   548.  1934.   626.  1272.  1268.  1318.
   900.  1010.   878.  2574.  1107.   756.  1207.  1344.  1835.   820.
   981.  1333.  1584.  1529.  1181.   803.  1246.   944.  1720.   987.
  1087.  1021.   898.   909.  1177.   779.  1281.  1433.  1119.   852.
   968.  1212.  1356.   707.  1318.  1624.  1133.  1017.  1024.  1275.]
78 [ 1445.  1150.  2591.   921.   548.  1933.   626.  1271.  1268.  1318.
   899.  1011.   878.  2574.  1106.   756.  1202.  1344.  1836.   820.
   982.  1333.  1583.  1529.  1179.   803.  1246.   944.  1719.   988.
  1091.  1021.   898.   909.  1177.   779.  1283.  1433.  1118.   852.
   968.  1212.  1356.   706.  1319.  1624.  1133.  1016.  1026.  1276.]
79 [ 1448.  1151.  2591.   921.   548.  1930.   627.  1273.  1268.  1318.
   900.  1010.   878.  2574.  1104.   756.  1206.  1344.  1836.   820.
   982.  1333.  1582.  1532.  1181.   804.  1246.   943.  1714.   988.
  1095.  1021.   899.   909.  1178.   779.  1280.  1433.  1116.   852.
   968.  1213.  1355.   707.  1316.  1625.  1131.  1013.  1026.  1276.]
80 [ 1448.  1154.  2591.   921.   548.  1930.   626.  1272.  1267.  1318.
   900.  1008.   877.  2574.  1103.   756.  1209.  1346.  1841.   821.
   982.  1333.  1581.  1532.  1182.   804.  1247.   943.  1712.   986.
  1097.  1021.   899.   909.  1178.   780.  1277.  1432.  1120.   852.
   968.  1215.  1351.   706.  1313.  1627.  1130.  1011.  1025.  1277.]
81 [ 1451.  1159.  2591.   921.   548.  1929.   626.  1272.  1267.  1318.
   900.  1008.   876.  2574.  1103.   756.  1211.  1346.  1845.   821.
   983.  1334.  1582.  1532.  1181.   803.  1247.   943.  1712.   982.
  1094.  1021.   899.   909.  1177.   780.  1276.  1431.  1126.   852.
   969.  1216.  1348.   704.  1310.  1627.  1128.  1010.  1024.  1278.]
82 [ 1450.  1162.  2592.   921.   548.  1929.   626.  1273.  1267.  1318.
   900.  1006.   876.  2574.  1102.   756.  1208.  1346.  1844.   821.
   984.  1334.  1583.  1532.  1182.   803.  1247.   943.  1711.   980.
  1098.  1021.   900.   909.  1177.   780.  1274.  1432.  1128.   852.
   969.  1218.  1346.   703.  1308.  1625.  1130.  1010.  1024.  1278.]
83 [ 1453.  1162.  2592.   921.   548.  1929.   626.  1273.  1267.  1318.
   900.  1005.   876.  2573.  1102.   756.  1209.  1346.  1844.   821.
   984.  1333.  1584.  1531.  1182.   803.  1246.   943.  1713.   981.
  1100.  1021.   901.   909.  1176.   780.  1274.  1432.  1128.   852.
   970.  1219.  1346.   702.  1304.  1622.  1130.  1009.  1025.  1279.]
84 [ 1454.  1165.  2592.   921.   548.  1928.   626.  1272.  1267.  1318.
   900.  1003.   876.  2573.  1102.   756.  1208.  1346.  1844.   821.
   984.  1333.  1585.  1530.  1181.   803.  1246.   943.  1715.   982.
  1101.  1021.   905.   909.  1176.   780.  1274.  1432.  1127.   852.
   970.  1220.  1343.   702.  1301.  1622.  1128.  1008.  1025.  1282.]
85 [ 1461.  1168.  2592.   920.   548.  1926.   626.  1271.  1267.  1318.
   900.  1001.   876.  2573.  1102.   756.  1209.  1347.  1845.   821.
   984.  1333.  1586.  1531.  1181.   803.  1246.   943.  1709.   982.
  1104.  1021.   905.   909.  1179.   780.  1274.  1432.  1127.   852.
   970.  1221.  1339.   702.  1300.  1617.  1124.  1008.  1027.  1284.]
86 [ 1460.  1176.  2592.   920.   548.  1926.   625.  1269.  1267.  1318.
   900.  1004.   876.  2573.  1102.   756.  1208.  1349.  1844.   821.
   984.  1333.  1585.  1530.  1181.   803.  1246.   943.  1705.   982.
  1107.  1021.   907.   909.  1179.   780.  1274.  1432.  1128.   853.
   970.  1221.  1335.   702.  1301.  1618.  1120.  1008.  1029.  1280.]
87 [ 1459.  1183.  2592.   920.   548.  1925.   625.  1269.  1267.  1318.
   900.  1005.   876.  2573.  1101.   756.  1209.  1352.  1842.   821.
   984.  1334.  1584.  1529.  1181.   803.  1246.   943.  1701.   982.
  1107.  1021.   908.   909.  1181.   780.  1274.  1432.  1128.   853.
   970.  1222.  1336.   702.  1300.  1616.  1115.  1008.  1028.  1282.]
88 [ 1460.  1188.  2592.   920.   548.  1925.   625.  1268.  1266.  1318.
   900.  1006.   876.  2573.  1101.   756.  1208.  1352.  1844.   821.
   984.  1334.  1584.  1526.  1181.   803.  1246.   943.  1697.   982.
  1106.  1021.   910.   909.  1183.   780.  1273.  1432.  1128.   853.
   970.  1223.  1336.   702.  1301.  1616.  1111.  1008.  1028.  1283.]
89 [ 1461.  1187.  2592.   920.   548.  1925.   625.  1268.  1266.  1318.
   900.  1004.   876.  2573.  1101.   756.  1208.  1352.  1841.   821.
   984.  1334.  1584.  1528.  1181.   803.  1246.   943.  1696.   982.
  1106.  1021.   911.   909.  1184.   780.  1273.  1432.  1128.   853.
   970.  1223.  1338.   702.  1302.  1616.  1109.  1009.  1028.  1283.]
90 [ 1461.  1187.  2591.   920.   548.  1925.   626.  1268.  1266.  1318.
   900.  1004.   876.  2573.  1101.   756.  1209.  1352.  1841.   821.
   984.  1334.  1584.  1528.  1180.   803.  1246.   943.  1697.   982.
  1106.  1021.   909.   909.  1184.   780.  1273.  1432.  1128.   853.
   970.  1223.  1338.   702.  1304.  1616.  1108.  1009.  1028.  1283.]
91 [ 1460.  1188.  2591.   920.   548.  1925.   626.  1268.  1266.  1318.
   900.  1004.   876.  2573.  1101.   756.  1208.  1352.  1841.   821.
   984.  1334.  1584.  1528.  1178.   803.  1246.   943.  1697.   982.
  1108.  1021.   910.   909.  1184.   780.  1274.  1432.  1128.   853.
   970.  1223.  1338.   702.  1304.  1616.  1106.  1009.  1028.  1284.]
92 [ 1460.  1191.  2591.   920.   548.  1925.   626.  1268.  1266.  1318.
   900.  1005.   876.  2573.  1101.   756.  1210.  1352.  1841.   821.
   984.  1334.  1584.  1528.  1177.   802.  1246.   943.  1697.   982.
  1106.  1021.   910.   909.  1184.   780.  1275.  1432.  1128.   853.
   970.  1223.  1339.   702.  1304.  1616.  1103.  1008.  1029.  1283.]
93 [ 1460.  1195.  2591.   920.   548.  1925.   627.  1268.  1266.  1318.
   900.  1002.   876.  2573.  1101.   756.  1210.  1352.  1841.   821.
   984.  1334.  1584.  1529.  1176.   802.  1246.   943.  1695.   982.
  1105.  1021.   911.   909.  1184.   780.  1275.  1432.  1128.   853.
   970.  1224.  1340.   702.  1303.  1617.  1101.  1008.  1029.  1283.]
94 [ 1460.  1196.  2591.   920.   548.  1925.   628.  1269.  1266.  1318.
   900.  1001.   876.  2573.  1101.   756.  1210.  1352.  1841.   821.
   984.  1334.  1584.  1528.  1176.   803.  1246.   943.  1692.   982.
  1106.  1021.   911.   909.  1185.   779.  1274.  1432.  1128.   853.
   970.  1225.  1340.   702.  1303.  1617.  1101.  1008.  1029.  1283.]
95 [ 1460.  1197.  2591.   921.   548.  1925.   628.  1269.  1266.  1318.
   900.  1002.   876.  2573.  1101.   756.  1210.  1352.  1841.   821.
   984.  1334.  1584.  1528.  1176.   803.  1246.   943.  1690.   981.
  1106.  1020.   911.   909.  1184.   779.  1275.  1432.  1128.   853.
   970.  1225.  1341.   702.  1303.  1617.  1101.  1008.  1029.  1283.]
96 [ 1460.  1199.  2591.   923.   548.  1925.   626.  1269.  1266.  1318.
   900.  1000.   876.  2573.  1101.   756.  1209.  1352.  1841.   821.
   984.  1334.  1584.  1527.  1176.   804.  1246.   943.  1689.   981.
  1106.  1020.   911.   909.  1184.   779.  1275.  1432.  1128.   853.
   970.  1227.  1341.   702.  1303.  1617.  1101.  1008.  1029.  1283.]
97 [ 1460.  1198.  2591.   924.   548.  1925.   623.  1269.  1266.  1318.
   900.  1000.   876.  2573.  1101.   756.  1209.  1352.  1841.   821.
   984.  1334.  1584.  1526.  1176.   805.  1246.   943.  1689.   981.
  1106.  1020.   911.   909.  1184.   780.  1275.  1432.  1128.   853.
   970.  1228.  1341.   702.  1303.  1617.  1101.  1008.  1030.  1283.]
98 [ 1459.  1198.  2591.   924.   548.  1925.   626.  1269.  1266.  1318.
   900.  1000.   877.  2573.  1101.   755.  1209.  1352.  1841.   821.
   984.  1334.  1584.  1525.  1176.   805.  1246.   943.  1689.   981.
  1106.  1020.   910.   909.  1183.   780.  1275.  1432.  1128.   853.
   970.  1229.  1341.   702.  1303.  1617.  1101.  1008.  1030.  1283.]
99 [ 1460.  1198.  2591.   923.   548.  1925.   625.  1269.  1266.  1318.
   900.  1001.   879.  2573.  1101.   755.  1209.  1352.  1841.   821.
   984.  1334.  1584.  1524.  1176.   805.  1246.   943.  1689.   981.
  1106.  1020.   909.   909.  1183.   780.  1275.  1432.  1128.   853.
   970.  1229.  1341.   702.  1303.  1617.  1101.  1008.  1030.  1283.]
100 [ 1460.  1198.  2591.   921.   548.  1925.   624.  1269.  1266.  1318.
   900.  1001.   881.  2573.  1101.   755.  1209.  1352.  1841.   821.
   984.  1334.  1584.  1524.  1176.   805.  1246.   943.  1689.   981.
  1106.  1020.   909.   909.  1183.   781.  1275.  1432.  1128.   853.
   970.  1229.  1341.   702.  1303.  1617.  1101.  1008.  1030.  1283.]
101 [ 1460.  1198.  2591.   919.   548.  1925.   624.  1269.  1266.  1318.
   900.  1001.   882.  2573.  1101.   755.  1209.  1352.  1841.   821.
   984.  1334.  1584.  1524.  1176.   805.  1246.   943.  1689.   981.
  1106.  1020.   909.   909.  1183.   781.  1275.  1432.  1128.   854.
   970.  1229.  1341.   702.  1303.  1617.  1101.  1008.  1030.  1283.]
[ 1460.  1198.  2591.   919.   548.  1925.   624.  1269.  1266.  1318.
   900.  1001.   882.  2573.  1101.   755.  1209.  1352.  1841.   821.
   984.  1334.  1584.  1524.  1176.   805.  1246.   943.  1689.   981.
  1106.  1020.   909.   909.  1183.   781.  1275.  1432.  1128.   854.
   970.  1229.  1341.   702.  1303.  1617.  1101.  1008.  1030.  1283.]
Time spent clustering :  18753.93137
means_random_cluster50
Digit: 0  Purity: 94.5% SD: 1488.2  Count: 5877
Digit: 1  Purity: 92.6% SD:  951.8  Count: 7089
Digit: 2  Purity: 92.7% SD: 1601.0  Count: 5620
Digit: 3  Purity: 76.8% SD: 1522.4  Count: 6671
Digit: 4  Purity: 73.0% SD: 1467.2  Count: 5443
Digit: 5  Purity: 70.7% SD: 1521.6  Count: 5916
Digit: 6  Purity: 93.0% SD: 1424.7  Count: 5936
Digit: 7  Purity: 84.0% SD: 1304.0  Count: 6310
Digit: 8  Purity: 84.1% SD: 1518.2  Count: 5249
Digit: 9  Purity: 64.8% SD: 1321.9  Count: 5889
Our accuracy in predicting test data for k = 50 was 83.7283728373 %
Time spent testing :  76.0047991276
