35 means random 100
0 [  268.   595.  1789.  2320.  1186.  3153.  4099.  2289.  1025.  5295.
   320.  1414.  1752.   979.   268.  2510.  1097.   641.   692.  1519.
  1241.   367.  3009.   591.  4345.   655.  9433.  1957.   243.  1105.
  1889.   386.   387.   659.   522.]
1 [  471.  1242.  1863.  1243.  1413.  2299.  3731.  2075.   943.  3878.
   558.  1987.  2098.  1281.   882.  2338.  1134.   693.   975.  1585.
  1308.   704.  2671.   779.  4351.   925.  6414.  2598.   446.  1869.
  2469.   549.   667.   795.   766.]
2 [  610.  1486.  1686.   994.  1517.  1729.  3484.  1918.  1025.  3137.
   737.  2318.  2308.  1452.  1228.  2160.  1122.   718.  1219.  1544.
  1590.   794.  2621.   824.  4195.   967.  5172.  2708.   613.  2253.
  2604.   633.   812.   901.   921.]
3 [  694.  1497.  1602.  1180.  1624.  1493.  3372.  1784.  1124.  2736.
   847.  2367.  2299.  1501.  1378.  2019.  1148.   728.  1348.  1487.
  1863.   886.  2452.   858.  4120.   949.  4493.  2686.   704.  2515.
  2539.   702.   959.  1051.   995.]
4 [  770.  1486.  1555.  1349.  1782.  1369.  3343.  1684.  1209.  2479.
   913.  2350.  2231.  1551.  1395.  1934.  1171.   762.  1432.  1448.
  2051.   972.  2315.   876.  4049.   933.  4077.  2656.   765.  2605.
  2455.   748.  1064.  1182.  1039.]
5 [  858.  1447.  1547.  1436.  1928.  1285.  3337.  1602.  1294.  2304.
   944.  2323.  2163.  1592.  1369.  1896.  1190.   822.  1474.  1382.
  2177.  1036.  2183.   913.  3983.   921.  3837.  2626.   835.  2621.
  2365.   793.  1165.  1305.  1047.]
6 [  945.  1389.  1528.  1504.  2031.  1223.  3345.  1543.  1395.  2133.
   950.  2345.  2115.  1626.  1348.  1856.  1220.   866.  1515.  1342.
  2262.  1086.  2064.   952.  3956.   916.  3633.  2583.   918.  2600.
  2262.   830.  1234.  1436.  1049.]
7 [ 1012.  1349.  1524.  1551.  2107.  1197.  3340.  1492.  1445.  1964.
   945.  2344.  2056.  1648.  1307.  1828.  1256.   898.  1515.  1309.
  2308.  1135.  1984.   998.  3921.   919.  3520.  2546.   999.  2599.
  2186.   852.  1304.  1557.  1085.]
8 [ 1078.  1304.  1526.  1568.  2140.  1185.  3340.  1452.  1472.  1871.
   947.  2366.  2001.  1666.  1273.  1786.  1278.   919.  1512.  1284.
  2307.  1177.  1935.  1025.  3906.   916.  3434.  2505.  1098.  2593.
  2133.   871.  1344.  1648.  1140.]
9 [ 1132.  1269.  1531.  1623.  2170.  1179.  3334.  1428.  1499.  1789.
   955.  2363.  1945.  1638.  1252.  1763.  1299.   929.  1518.  1250.
  2319.  1189.  1922.  1039.  3902.   916.  3361.  2458.  1174.  2616.
  2092.   877.  1373.  1736.  1160.]
10 [ 1173.  1271.  1531.  1643.  2206.  1170.  3320.  1420.  1516.  1751.
   955.  2388.  1909.  1632.  1233.  1743.  1311.   931.  1516.  1232.
  2334.  1192.  1904.  1052.  3898.   921.  3275.  2417.  1251.  2629.
  2048.   882.  1392.  1778.  1176.]
11 [ 1191.  1262.  1532.  1704.  2230.  1175.  3319.  1414.  1540.  1718.
   955.  2404.  1866.  1637.  1236.  1726.  1322.   935.  1500.  1208.
  2338.  1180.  1895.  1060.  3888.   925.  3225.  2370.  1320.  2640.
  2025.   883.  1399.  1797.  1181.]
12 [ 1203.  1244.  1543.  1774.  2233.  1179.  3321.  1409.  1548.  1692.
   947.  2428.  1822.  1639.  1236.  1716.  1332.   937.  1493.  1197.
  2368.  1167.  1879.  1061.  3882.   925.  3168.  2331.  1377.  2653.
  2010.   879.  1398.  1811.  1198.]
13 [ 1219.  1237.  1549.  1804.  2275.  1178.  3324.  1407.  1551.  1691.
   948.  2485.  1793.  1641.  1242.  1699.  1336.   940.  1477.  1182.
  2386.  1142.  1873.  1067.  3881.   925.  3112.  2271.  1416.  2632.
  2001.   882.  1391.  1833.  1210.]
14 [ 1232.  1228.  1555.  1823.  2311.  1179.  3324.  1398.  1548.  1693.
   948.  2557.  1754.  1636.  1264.  1688.  1336.   944.  1456.  1164.
  2394.  1130.  1873.  1068.  3874.   927.  3056.  2231.  1448.  2621.
  1984.   878.  1390.  1859.  1229.]
15 [ 1234.  1220.  1554.  1879.  2358.  1178.  3326.  1392.  1548.  1696.
   945.  2598.  1715.  1619.  1306.  1676.  1335.   945.  1437.  1147.
  2399.  1106.  1877.  1070.  3872.   931.  2989.  2201.  1463.  2636.
  1971.   876.  1387.  1871.  1243.]
16 [ 1240.  1217.  1562.  1885.  2393.  1178.  3334.  1393.  1545.  1706.
   951.  2618.  1687.  1616.  1326.  1679.  1332.   946.  1424.  1129.
  2430.  1096.  1872.  1073.  3870.   932.  2903.  2168.  1487.  2670.
  1954.   874.  1376.  1880.  1254.]
17 [ 1238.  1206.  1569.  1889.  2444.  1172.  3338.  1397.  1546.  1703.
   957.  2625.  1678.  1621.  1359.  1673.  1338.   946.  1394.  1123.
  2470.  1081.  1867.  1074.  3864.   927.  2842.  2132.  1512.  2669.
  1955.   873.  1369.  1886.  1263.]
18 [ 1239.  1194.  1577.  1870.  2478.  1167.  3338.  1399.  1546.  1699.
   959.  2623.  1683.  1638.  1385.  1675.  1342.   945.  1372.  1113.
  2480.  1073.  1869.  1078.  3861.   927.  2794.  2108.  1539.  2682.
  1959.   872.  1358.  1884.  1274.]
19 [ 1240.  1182.  1583.  1840.  2508.  1164.  3342.  1400.  1540.  1695.
   961.  2607.  1687.  1648.  1405.  1678.  1342.   944.  1364.  1107.
  2495.  1072.  1878.  1080.  3854.   927.  2763.  2096.  1563.  2680.
  1946.   873.  1357.  1898.  1281.]
20 [ 1240.  1163.  1587.  1824.  2526.  1160.  3346.  1401.  1535.  1691.
   961.  2611.  1690.  1654.  1420.  1676.  1342.   948.  1355.  1106.
  2504.  1079.  1887.  1075.  3847.   924.  2742.  2087.  1572.  2666.
  1930.   874.  1358.  1921.  1298.]
21 [ 1245.  1153.  1588.  1802.  2546.  1160.  3346.  1403.  1540.  1687.
   964.  2601.  1707.  1656.  1431.  1669.  1347.   945.  1355.  1099.
  2478.  1082.  1892.  1071.  3842.   922.  2761.  2081.  1584.  2662.
  1907.   875.  1358.  1939.  1302.]
22 [ 1255.  1144.  1595.  1789.  2550.  1158.  3342.  1405.  1536.  1689.
   964.  2609.  1711.  1653.  1445.  1676.  1344.   947.  1346.  1093.
  2439.  1083.  1896.  1069.  3839.   922.  2774.  2081.  1587.  2674.
  1891.   877.  1360.  1948.  1309.]
23 [ 1258.  1145.  1597.  1774.  2556.  1157.  3340.  1406.  1528.  1687.
   964.  2602.  1713.  1657.  1450.  1676.  1346.   947.  1346.  1091.
  2413.  1085.  1902.  1064.  3840.   921.  2791.  2095.  1592.  2670.
  1874.   877.  1370.  1956.  1310.]
24 [ 1252.  1139.  1600.  1764.  2563.  1157.  3340.  1404.  1527.  1681.
   962.  2608.  1719.  1660.  1457.  1678.  1347.   946.  1345.  1086.
  2391.  1084.  1905.  1066.  3838.   920.  2804.  2090.  1597.  2665.
  1856.   874.  1372.  1988.  1315.]
25 [ 1246.  1132.  1607.  1756.  2578.  1157.  3338.  1405.  1526.  1677.
   960.  2605.  1725.  1673.  1472.  1680.  1348.   947.  1337.  1086.
  2368.  1084.  1904.  1070.  3831.   921.  2801.  2089.  1597.  2665.
  1844.   876.  1372.  2011.  1312.]
26 [ 1243.  1137.  1606.  1749.  2589.  1154.  3341.  1406.  1524.  1674.
   959.  2601.  1736.  1678.  1478.  1667.  1347.   947.  1346.  1087.
  2349.  1081.  1908.  1069.  3829.   920.  2799.  2081.  1597.  2668.
  1829.   879.  1380.  2029.  1313.]
27 [ 1244.  1136.  1607.  1741.  2590.  1151.  3338.  1409.  1522.  1678.
   956.  2603.  1755.  1685.  1485.  1664.  1344.   951.  1354.  1087.
  2331.  1076.  1908.  1067.  3828.   918.  2794.  2082.  1597.  2672.
  1817.   880.  1379.  2031.  1320.]
28 [ 1247.  1138.  1610.  1733.  2591.  1152.  3335.  1409.  1516.  1680.
   954.  2609.  1773.  1695.  1489.  1663.  1341.   954.  1351.  1086.
  2309.  1069.  1904.  1069.  3823.   918.  2790.  2079.  1599.  2677.
  1818.   881.  1378.  2038.  1322.]
29 [ 1248.  1137.  1611.  1726.  2593.  1151.  3333.  1413.  1517.  1686.
   955.  2620.  1786.  1691.  1489.  1666.  1341.   956.  1357.  1085.
  2293.  1060.  1903.  1071.  3818.   919.  2779.  2085.  1597.  2675.
  1814.   881.  1377.  2045.  1322.]
30 [ 1250.  1137.  1618.  1718.  2595.  1153.  3333.  1413.  1512.  1689.
   954.  2628.  1795.  1704.  1485.  1662.  1341.   954.  1357.  1084.
  2278.  1052.  1904.  1071.  3814.   920.  2776.  2083.  1602.  2678.
  1813.   879.  1385.  2040.  1323.]
31 [ 1251.  1140.  1614.  1710.  2599.  1153.  3333.  1413.  1514.  1693.
   954.  2638.  1803.  1720.  1481.  1660.  1340.   958.  1350.  1085.
  2265.  1047.  1902.  1068.  3812.   920.  2773.  2081.  1606.  2676.
  1816.   879.  1387.  2038.  1321.]
32 [ 1248.  1140.  1615.  1701.  2609.  1155.  3330.  1412.  1514.  1697.
   955.  2646.  1812.  1717.  1481.  1668.  1340.   958.  1347.  1084.
  2243.  1038.  1904.  1067.  3813.   920.  2777.  2082.  1609.  2675.
  1812.   879.  1392.  2039.  1321.]
33 [ 1243.  1141.  1619.  1696.  2618.  1154.  3330.  1412.  1517.  1705.
   957.  2656.  1814.  1713.  1481.  1666.  1339.   958.  1349.  1084.
  2237.  1031.  1903.  1066.  3810.   919.  2768.  2081.  1610.  2671.
  1810.   879.  1398.  2050.  1315.]
34 [ 1243.  1143.  1622.  1694.  2626.  1154.  3330.  1414.  1516.  1710.
   957.  2657.  1826.  1715.  1478.  1662.  1338.   957.  1349.  1083.
  2227.  1017.  1903.  1064.  3809.   919.  2765.  2077.  1611.  2672.
  1814.   879.  1400.  2056.  1313.]
35 [ 1243.  1145.  1621.  1687.  2638.  1154.  3330.  1414.  1518.  1709.
   957.  2662.  1837.  1721.  1478.  1668.  1337.   958.  1345.  1082.
  2210.  1007.  1904.  1061.  3807.   919.  2764.  2081.  1610.  2667.
  1815.   879.  1400.  2061.  1311.]
36 [ 1240.  1143.  1622.  1688.  2645.  1153.  3331.  1413.  1517.  1708.
   957.  2667.  1851.  1722.  1476.  1668.  1334.   958.  1352.  1084.
  2203.   998.  1903.  1059.  3805.   920.  2768.  2075.  1606.  2666.
  1815.   876.  1402.  2061.  1314.]
37 [ 1237.  1142.  1623.  1680.  2648.  1152.  3332.  1414.  1517.  1711.
   957.  2668.  1871.  1721.  1478.  1673.  1335.   958.  1358.  1084.
  2188.   985.  1901.  1055.  3803.   921.  2776.  2072.  1603.  2662.
  1816.   876.  1401.  2068.  1314.]
38 [ 1234.  1143.  1623.  1668.  2649.  1154.  3332.  1417.  1517.  1714.
   957.  2667.  1885.  1720.  1479.  1668.  1335.   959.  1367.  1086.
  2188.   976.  1901.  1052.  3801.   921.  2783.  2066.  1601.  2658.
  1818.   876.  1399.  2073.  1313.]
39 [ 1231.  1142.  1623.  1658.  2650.  1155.  3331.  1417.  1518.  1716.
   958.  2662.  1900.  1730.  1475.  1657.  1334.   961.  1376.  1088.
  2188.   973.  1899.  1049.  3800.   921.  2785.  2067.  1597.  2656.
  1818.   876.  1399.  2078.  1312.]
40 [ 1232.  1142.  1624.  1642.  2650.  1156.  3330.  1421.  1519.  1718.
   957.  2664.  1908.  1734.  1475.  1668.  1329.   961.  1375.  1090.
  2186.   971.  1896.  1044.  3798.   921.  2787.  2064.  1591.  2662.
  1821.   876.  1405.  2074.  1309.]
41 [ 1230.  1141.  1624.  1635.  2650.  1155.  3331.  1423.  1519.  1718.
   957.  2669.  1919.  1734.  1481.  1663.  1328.   964.  1386.  1087.
  2181.   965.  1891.  1043.  3797.   921.  2784.  2062.  1585.  2666.
  1820.   874.  1407.  2080.  1310.]
42 [ 1230.  1140.  1624.  1621.  2651.  1158.  3330.  1422.  1521.  1716.
   957.  2668.  1926.  1743.  1486.  1661.  1327.   967.  1392.  1088.
  2174.   966.  1889.  1039.  3794.   922.  2782.  2066.  1578.  2673.
  1819.   874.  1405.  2083.  1308.]
43 [ 1228.  1140.  1627.  1612.  2652.  1162.  3326.  1419.  1521.  1709.
   958.  2671.  1934.  1746.  1487.  1665.  1326.   970.  1402.  1088.
  2172.   963.  1889.  1037.  3793.   922.  2784.  2064.  1575.  2669.
  1818.   873.  1401.  2089.  1308.]
44 [ 1226.  1140.  1627.  1598.  2652.  1170.  3324.  1417.  1522.  1708.
   960.  2673.  1942.  1745.  1491.  1662.  1326.   971.  1403.  1084.
  2165.   963.  1890.  1035.  3791.   920.  2785.  2062.  1574.  2670.
  1818.   873.  1407.  2098.  1308.]
45 [ 1228.  1141.  1627.  1585.  2649.  1172.  3322.  1415.  1522.  1707.
   961.  2671.  1949.  1742.  1495.  1665.  1324.   972.  1406.  1080.
  2156.   968.  1890.  1031.  3787.   920.  2787.  2065.  1574.  2672.
  1818.   874.  1415.  2102.  1308.]
46 [ 1227.  1141.  1627.  1574.  2646.  1169.  3321.  1414.  1523.  1706.
   962.  2667.  1958.  1737.  1500.  1667.  1325.   971.  1410.  1076.
  2155.   973.  1889.  1031.  3783.   920.  2788.  2061.  1576.  2676.
  1815.   875.  1421.  2108.  1308.]
47 [ 1224.  1141.  1627.  1574.  2645.  1171.  3323.  1413.  1523.  1707.
   965.  2663.  1963.  1729.  1500.  1672.  1325.   972.  1411.  1078.
  2155.   984.  1889.  1020.  3778.   919.  2784.  2052.  1574.  2679.
  1816.   875.  1428.  2114.  1307.]
48 [ 1226.  1141.  1628.  1568.  2644.  1173.  3323.  1412.  1523.  1706.
   966.  2660.  1971.  1727.  1500.  1677.  1323.   972.  1409.  1077.
  2150.   990.  1889.  1012.  3772.   920.  2779.  2045.  1571.  2685.
  1817.   876.  1432.  2127.  1309.]
49 [ 1223.  1141.  1628.  1547.  2646.  1175.  3324.  1412.  1523.  1709.
   970.  2661.  1981.  1727.  1497.  1677.  1322.   972.  1406.  1075.
  2145.   997.  1890.  1009.  3770.   920.  2772.  2041.  1572.  2693.
  1817.   877.  1440.  2133.  1308.]
50 [ 1222.  1142.  1627.  1538.  2645.  1179.  3324.  1413.  1522.  1710.
   972.  2664.  1988.  1726.  1494.  1675.  1322.   973.  1405.  1075.
  2138.   997.  1887.  1009.  3772.   920.  2763.  2036.  1573.  2702.
  1820.   877.  1444.  2137.  1309.]
51 [ 1223.  1142.  1626.  1536.  2645.  1178.  3322.  1413.  1522.  1708.
   971.  2663.  1990.  1731.  1494.  1680.  1321.   974.  1405.  1073.
  2128.   999.  1888.  1009.  3774.   920.  2757.  2038.  1572.  2706.
  1821.   878.  1439.  2146.  1308.]
52 [ 1222.  1142.  1626.  1527.  2644.  1181.  3322.  1412.  1522.  1705.
   973.  2659.  1993.  1727.  1495.  1691.  1321.   974.  1404.  1072.
  2131.   999.  1891.  1011.  3776.   920.  2746.  2038.  1570.  2713.
  1816.   878.  1437.  2154.  1308.]
53 [ 1221.  1143.  1627.  1519.  2641.  1182.  3321.  1413.  1522.  1704.
   975.  2650.  1999.  1730.  1494.  1698.  1321.   975.  1406.  1071.
  2130.  1004.  1892.  1011.  3778.   921.  2743.  2026.  1568.  2725.
  1814.   877.  1433.  2156.  1310.]
54 [ 1220.  1143.  1627.  1508.  2640.  1185.  3320.  1413.  1522.  1705.
   975.  2640.  2009.  1732.  1493.  1702.  1321.   975.  1408.  1073.
  2132.  1010.  1894.  1011.  3776.   920.  2733.  2017.  1571.  2730.
  1813.   879.  1426.  2166.  1311.]
55 [ 1220.  1143.  1626.  1490.  2634.  1186.  3318.  1416.  1522.  1707.
   978.  2638.  2017.  1730.  1489.  1710.  1321.   975.  1411.  1073.
  2129.  1012.  1896.  1011.  3777.   920.  2727.  2014.  1569.  2736.
  1811.   880.  1428.  2173.  1313.]
56 [ 1220.  1144.  1627.  1465.  2629.  1185.  3315.  1418.  1524.  1708.
   979.  2633.  2023.  1731.  1491.  1716.  1322.   976.  1412.  1072.
  2125.  1021.  1899.  1011.  3779.   920.  2728.  2002.  1574.  2741.
  1808.   882.  1428.  2179.  1313.]
57 [ 1220.  1144.  1627.  1443.  2635.  1182.  3315.  1420.  1525.  1706.
   984.  2623.  2034.  1736.  1491.  1722.  1322.   977.  1412.  1072.
  2116.  1029.  1902.  1012.  3776.   920.  2727.  1988.  1571.  2742.
  1806.   884.  1432.  2191.  1314.]
58 [ 1223.  1145.  1627.  1407.  2637.  1182.  3317.  1418.  1524.  1704.
   985.  2612.  2048.  1741.  1494.  1734.  1322.   976.  1413.  1071.
  2110.  1038.  1903.  1012.  3776.   921.  2722.  1968.  1585.  2740.
  1813.   886.  1426.  2203.  1317.]
59 [ 1222.  1146.  1627.  1372.  2644.  1179.  3316.  1418.  1526.  1704.
   995.  2608.  2066.  1741.  1496.  1741.  1322.   975.  1414.  1071.
  2102.  1047.  1908.  1015.  3775.   921.  2718.  1940.  1599.  2740.
  1808.   888.  1424.  2212.  1320.]
60 [ 1223.  1146.  1627.  1340.  2662.  1179.  3315.  1417.  1528.  1708.
   995.  2610.  2081.  1741.  1498.  1740.  1323.   976.  1416.  1070.
  2092.  1053.  1907.  1018.  3775.   925.  2708.  1891.  1615.  2752.
  1809.   895.  1429.  2214.  1322.]
61 [ 1226.  1146.  1628.  1270.  2694.  1180.  3313.  1418.  1532.  1709.
   994.  2616.  2104.  1746.  1499.  1744.  1322.   975.  1420.  1069.
  2086.  1071.  1904.  1020.  3777.   927.  2688.  1851.  1622.  2763.
  1811.   904.  1435.  2214.  1322.]
62 [ 1231.  1146.  1629.  1216.  2710.  1178.  3310.  1415.  1532.  1709.
   994.  2613.  2123.  1753.  1498.  1754.  1322.   975.  1418.  1068.
  2072.  1081.  1905.  1022.  3773.   930.  2673.  1824.  1651.  2774.
  1810.   906.  1436.  2228.  1321.]
63 [ 1240.  1146.  1630.  1207.  2712.  1177.  3304.  1413.  1535.  1709.
   990.  2601.  2133.  1759.  1500.  1756.  1322.   976.  1418.  1070.
  2059.  1092.  1909.  1022.  3769.   932.  2651.  1810.  1672.  2783.
  1810.   906.  1432.  2232.  1323.]
64 [ 1244.  1146.  1629.  1222.  2718.  1176.  3299.  1413.  1535.  1710.
   989.  2594.  2132.  1759.  1502.  1750.  1320.   976.  1419.  1069.
  2050.  1101.  1911.  1031.  3765.   934.  2621.  1803.  1686.  2786.
  1813.   905.  1431.  2236.  1325.]
65 [ 1244.  1146.  1629.  1232.  2727.  1177.  3295.  1413.  1536.  1711.
   985.  2581.  2132.  1759.  1502.  1747.  1317.   976.  1418.  1072.
  2034.  1109.  1915.  1038.  3762.   934.  2592.  1809.  1694.  2799.
  1816.   903.  1430.  2239.  1327.]
66 [ 1245.  1146.  1629.  1247.  2737.  1178.  3290.  1411.  1535.  1712.
   983.  2578.  2120.  1755.  1502.  1746.  1315.   976.  1418.  1075.
  2024.  1120.  1919.  1045.  3757.   936.  2571.  1812.  1704.  2799.
  1820.   898.  1433.  2237.  1327.]
67 [ 1248.  1147.  1629.  1255.  2740.  1178.  3287.  1411.  1535.  1715.
   982.  2567.  2112.  1752.  1503.  1748.  1316.   976.  1419.  1075.
  2012.  1123.  1917.  1054.  3755.   937.  2562.  1823.  1708.  2801.
  1821.   898.  1437.  2230.  1327.]
68 [ 1253.  1147.  1629.  1274.  2743.  1178.  3282.  1411.  1535.  1718.
   981.  2563.  2101.  1752.  1506.  1744.  1316.   976.  1423.  1076.
  1999.  1130.  1917.  1057.  3755.   936.  2556.  1817.  1709.  2803.
  1826.   897.  1436.  2227.  1327.]
69 [ 1257.  1147.  1630.  1284.  2743.  1179.  3279.  1409.  1534.  1719.
   978.  2559.  2088.  1755.  1507.  1738.  1318.   976.  1425.  1075.
  1983.  1129.  1917.  1065.  3753.   937.  2555.  1819.  1715.  2809.
  1826.   897.  1438.  2230.  1327.]
70 [ 1263.  1147.  1630.  1292.  2744.  1179.  3277.  1408.  1534.  1720.
   978.  2558.  2071.  1756.  1505.  1736.  1320.   977.  1425.  1080.
  1974.  1136.  1918.  1061.  3752.   936.  2544.  1828.  1716.  2815.
  1826.   897.  1438.  2232.  1327.]
71 [ 1269.  1147.  1629.  1303.  2744.  1180.  3276.  1407.  1534.  1719.
   978.  2558.  2052.  1757.  1503.  1737.  1323.   979.  1427.  1083.
  1967.  1151.  1917.  1058.  3752.   935.  2550.  1826.  1712.  2813.
  1826.   894.  1438.  2229.  1327.]
72 [ 1274.  1147.  1629.  1311.  2741.  1179.  3275.  1407.  1534.  1718.
   978.  2547.  2043.  1757.  1500.  1738.  1323.   980.  1427.  1084.
  1962.  1164.  1917.  1061.  3752.   934.  2553.  1825.  1710.  2815.
  1826.   893.  1438.  2231.  1327.]
73 [ 1274.  1148.  1629.  1318.  2743.  1179.  3274.  1408.  1534.  1717.
   978.  2534.  2024.  1758.  1498.  1736.  1325.   981.  1427.  1085.
  1959.  1176.  1919.  1066.  3750.   934.  2565.  1825.  1709.  2815.
  1825.   893.  1436.  2231.  1327.]
74 [ 1274.  1149.  1630.  1327.  2740.  1179.  3275.  1408.  1534.  1714.
   976.  2526.  2015.  1758.  1495.  1731.  1328.   981.  1427.  1086.
  1954.  1191.  1920.  1068.  3749.   933.  2578.  1817.  1707.  2817.
  1825.   892.  1435.  2234.  1327.]
75 [ 1277.  1148.  1631.  1334.  2740.  1179.  3274.  1409.  1534.  1715.
   975.  2522.  2002.  1758.  1494.  1730.  1328.   981.  1426.  1089.
  1952.  1210.  1918.  1069.  3749.   932.  2584.  1811.  1704.  2817.
  1826.   889.  1434.  2231.  1328.]
76 [ 1279.  1148.  1631.  1337.  2743.  1179.  3272.  1408.  1534.  1715.
   975.  2521.  1992.  1760.  1490.  1729.  1329.   981.  1427.  1089.
  1949.  1227.  1918.  1071.  3747.   932.  2583.  1813.  1704.  2812.
  1826.   887.  1435.  2229.  1328.]
77 [ 1280.  1148.  1631.  1339.  2741.  1179.  3272.  1408.  1534.  1713.
   975.  2518.  1979.  1760.  1487.  1728.  1330.   981.  1428.  1090.
  1944.  1238.  1918.  1072.  3747.   932.  2585.  1824.  1705.  2807.
  1827.   886.  1437.  2229.  1328.]
78 [ 1279.  1148.  1631.  1343.  2742.  1180.  3271.  1408.  1535.  1714.
   975.  2512.  1964.  1761.  1487.  1727.  1331.   981.  1428.  1092.
  1951.  1253.  1915.  1069.  3746.   932.  2586.  1822.  1707.  2806.
  1827.   883.  1438.  2228.  1328.]
79 [ 1278.  1147.  1631.  1343.  2743.  1178.  3271.  1407.  1535.  1715.
   974.  2514.  1953.  1761.  1487.  1726.  1333.   981.  1428.  1092.
  1955.  1267.  1916.  1070.  3746.   932.  2576.  1823.  1706.  2811.
  1827.   881.  1438.  2227.  1328.]
80 [ 1275.  1147.  1631.  1345.  2744.  1178.  3270.  1407.  1535.  1715.
   974.  2517.  1945.  1762.  1487.  1726.  1337.   981.  1427.  1092.
  1957.  1272.  1915.  1074.  3744.   932.  2574.  1826.  1703.  2807.
  1829.   881.  1438.  2224.  1329.]
81 [ 1277.  1147.  1631.  1349.  2748.  1176.  3269.  1407.  1535.  1714.
   975.  2515.  1940.  1761.  1485.  1725.  1339.   981.  1427.  1092.
  1953.  1276.  1916.  1078.  3744.   932.  2577.  1827.  1701.  2801.
  1830.   881.  1438.  2224.  1329.]
82 [ 1281.  1147.  1631.  1352.  2750.  1175.  3266.  1407.  1535.  1713.
   975.  2512.  1929.  1761.  1484.  1723.  1340.   981.  1427.  1094.
  1953.  1290.  1916.  1077.  3744.   932.  2577.  1827.  1699.  2800.
  1830.   881.  1438.  2224.  1329.]
83 [ 1282.  1147.  1630.  1357.  2750.  1174.  3265.  1406.  1535.  1711.
   974.  2507.  1922.  1760.  1482.  1724.  1342.   980.  1427.  1095.
  1957.  1307.  1915.  1079.  3743.   932.  2574.  1825.  1698.  2800.
  1829.   882.  1438.  2222.  1329.]
84 [ 1283.  1146.  1630.  1362.  2747.  1174.  3264.  1406.  1535.  1708.
   974.  2506.  1920.  1760.  1482.  1724.  1342.   979.  1426.  1099.
  1957.  1312.  1916.  1084.  3744.   932.  2568.  1824.  1700.  2796.
  1829.   883.  1438.  2221.  1329.]
85 [ 1285.  1146.  1630.  1370.  2745.  1174.  3263.  1405.  1535.  1707.
   972.  2501.  1912.  1760.  1482.  1722.  1342.   979.  1426.  1100.
  1955.  1332.  1918.  1086.  3745.   933.  2561.  1823.  1702.  2791.
  1829.   883.  1438.  2219.  1329.]
86 [ 1287.  1146.  1630.  1369.  2744.  1171.  3262.  1402.  1535.  1707.
   972.  2498.  1904.  1760.  1482.  1722.  1341.   979.  1426.  1102.
  1955.  1351.  1917.  1092.  3745.   933.  2554.  1826.  1700.  2791.
  1829.   883.  1439.  2217.  1329.]
87 [ 1290.  1146.  1630.  1369.  2740.  1170.  3262.  1401.  1537.  1707.
   971.  2499.  1889.  1761.  1482.  1722.  1342.   979.  1426.  1102.
  1959.  1371.  1916.  1098.  3745.   933.  2551.  1826.  1697.  2789.
  1829.   881.  1439.  2212.  1329.]
88 [ 1287.  1147.  1631.  1371.  2733.  1170.  3262.  1400.  1537.  1705.
   968.  2491.  1861.  1761.  1481.  1722.  1341.   979.  1426.  1103.
  1961.  1431.  1918.  1099.  3743.   932.  2548.  1827.  1693.  2782.
  1829.   880.  1439.  2212.  1330.]
89 [ 1291.  1147.  1630.  1371.  2728.  1169.  3258.  1402.  1537.  1701.
   966.  2489.  1833.  1761.  1480.  1723.  1345.   979.  1426.  1106.
  1964.  1481.  1922.  1101.  3742.   933.  2539.  1826.  1685.  2775.
  1827.   881.  1439.  2212.  1331.]
90 [ 1301.  1147.  1629.  1375.  2727.  1169.  3254.  1401.  1537.  1700.
   966.  2481.  1796.  1762.  1480.  1722.  1345.   979.  1425.  1111.
  1969.  1535.  1921.  1103.  3740.   933.  2535.  1827.  1670.  2771.
  1827.   883.  1438.  2210.  1331.]
91 [ 1305.  1147.  1629.  1374.  2723.  1168.  3252.  1401.  1536.  1697.
   962.  2469.  1752.  1765.  1479.  1719.  1348.   979.  1425.  1119.
  1976.  1593.  1920.  1108.  3739.   934.  2536.  1827.  1663.  2770.
  1827.   885.  1436.  2206.  1331.]
92 [ 1314.  1148.  1628.  1377.  2721.  1170.  3248.  1401.  1536.  1692.
   963.  2454.  1710.  1764.  1475.  1718.  1347.   979.  1426.  1122.
  1986.  1660.  1920.  1119.  3739.   933.  2526.  1825.  1649.  2764.
  1830.   886.  1436.  2204.  1330.]
93 [ 1316.  1147.  1626.  1380.  2720.  1170.  3244.  1400.  1536.  1692.
   963.  2438.  1673.  1768.  1474.  1713.  1345.   980.  1425.  1125.
  1987.  1723.  1918.  1143.  3739.   932.  2525.  1820.  1640.  2759.
  1829.   886.  1435.  2199.  1330.]
94 [ 1320.  1146.  1625.  1383.  2715.  1170.  3238.  1400.  1536.  1686.
   962.  2425.  1642.  1769.  1472.  1713.  1346.   980.  1422.  1132.
  1984.  1791.  1921.  1154.  3739.   931.  2514.  1814.  1643.  2757.
  1830.   886.  1433.  2191.  1330.]
95 [ 1326.  1146.  1623.  1384.  2711.  1168.  3234.  1399.  1536.  1685.
   960.  2422.  1618.  1768.  1469.  1712.  1350.   984.  1419.  1143.
  1978.  1844.  1921.  1148.  3738.   929.  2509.  1811.  1647.  2756.
  1826.   885.  1433.  2189.  1329.]
96 [ 1330.  1146.  1622.  1386.  2708.  1171.  3233.  1398.  1536.  1683.
   959.  2425.  1603.  1770.  1469.  1709.  1350.   981.  1416.  1158.
  1969.  1883.  1921.  1149.  3737.   929.  2499.  1806.  1648.  2750.
  1823.   887.  1433.  2184.  1329.]
97 [ 1336.  1146.  1620.  1387.  2708.  1168.  3227.  1396.  1535.  1681.
   958.  2426.  1594.  1771.  1471.  1707.  1352.   985.  1414.  1176.
  1962.  1897.  1921.  1154.  3739.   930.  2495.  1802.  1651.  2744.
  1821.   888.  1432.  2177.  1329.]
98 [ 1335.  1146.  1620.  1386.  2709.  1166.  3219.  1398.  1535.  1672.
   956.  2422.  1594.  1773.  1471.  1711.  1354.   987.  1412.  1184.
  1955.  1913.  1926.  1166.  3738.   928.  2493.  1800.  1652.  2734.
  1821.   888.  1431.  2176.  1329.]
99 [ 1334.  1144.  1620.  1386.  2709.  1166.  3215.  1395.  1535.  1667.
   954.  2423.  1594.  1772.  1472.  1713.  1361.   986.  1412.  1188.
  1955.  1926.  1924.  1172.  3738.   927.  2487.  1797.  1654.  2730.
  1822.   889.  1430.  2175.  1328.]
100 [ 1344.  1145.  1620.  1387.  2710.  1165.  3218.  1394.  1534.  1666.
   954.  2431.  1588.  1771.  1477.  1712.  1358.   987.  1411.  1193.
  1952.  1934.  1920.  1173.  3743.   927.  2487.  1791.  1655.  2717.
  1822.   889.  1427.  2171.  1327.]
101 [ 1346.  1145.  1619.  1387.  2711.  1167.  3220.  1394.  1533.  1669.
   954.  2430.  1584.  1770.  1480.  1715.  1355.   985.  1408.  1208.
  1952.  1937.  1916.  1169.  3746.   927.  2485.  1788.  1655.  2711.
  1824.   889.  1426.  2169.  1326.]
102 [ 1344.  1145.  1619.  1386.  2711.  1168.  3217.  1395.  1533.  1671.
   956.  2435.  1583.  1769.  1480.  1716.  1358.   985.  1406.  1228.
  1948.  1930.  1918.  1162.  3748.   927.  2477.  1789.  1655.  2711.
  1823.   889.  1424.  2168.  1326.]
103 [ 1344.  1146.  1618.  1386.  2710.  1171.  3215.  1394.  1532.  1675.
   957.  2438.  1580.  1765.  1480.  1710.  1362.   986.  1404.  1240.
  1941.  1946.  1918.  1148.  3747.   927.  2471.  1786.  1656.  2712.
  1826.   889.  1424.  2170.  1326.]
104 [ 1350.  1146.  1617.  1384.  2705.  1171.  3216.  1394.  1532.  1676.
   957.  2448.  1579.  1766.  1481.  1709.  1366.   987.  1399.  1241.
  1940.  1940.  1917.  1146.  3750.   927.  2463.  1779.  1658.  2714.
  1826.   890.  1423.  2178.  1325.]
105 [ 1354.  1147.  1616.  1384.  2702.  1170.  3217.  1393.  1532.  1672.
   957.  2456.  1577.  1768.  1482.  1709.  1366.   987.  1399.  1244.
  1942.  1938.  1918.  1144.  3753.   927.  2454.  1774.  1664.  2712.
  1825.   891.  1422.  2179.  1325.]
106 [ 1359.  1147.  1617.  1385.  2697.  1170.  3217.  1393.  1532.  1671.
   957.  2458.  1576.  1770.  1480.  1710.  1366.   986.  1397.  1249.
  1936.  1955.  1920.  1135.  3755.   927.  2447.  1770.  1668.  2709.
  1824.   895.  1421.  2177.  1324.]
107 [ 1358.  1148.  1616.  1385.  2694.  1171.  3217.  1393.  1533.  1669.
   958.  2457.  1576.  1767.  1480.  1711.  1365.   986.  1396.  1261.
  1927.  1963.  1921.  1135.  3755.   927.  2441.  1768.  1676.  2704.
  1823.   895.  1421.  2179.  1324.]
108 [ 1359.  1149.  1617.  1386.  2694.  1171.  3219.  1392.  1534.  1668.
   958.  2457.  1574.  1766.  1480.  1712.  1365.   985.  1396.  1273.
  1922.  1963.  1920.  1138.  3755.   927.  2442.  1761.  1679.  2694.
  1824.   896.  1420.  2180.  1324.]
109 [ 1359.  1149.  1617.  1382.  2695.  1173.  3220.  1393.  1534.  1668.
   959.  2458.  1575.  1767.  1482.  1710.  1365.   983.  1396.  1285.
  1912.  1966.  1920.  1133.  3757.   927.  2445.  1759.  1680.  2685.
  1826.   897.  1420.  2179.  1324.]
110 [ 1357.  1149.  1617.  1379.  2695.  1174.  3220.  1393.  1534.  1667.
   960.  2459.  1575.  1765.  1482.  1709.  1368.   983.  1396.  1295.
  1908.  1963.  1921.  1130.  3757.   927.  2450.  1753.  1683.  2681.
  1827.   897.  1421.  2181.  1324.]
111 [ 1346.  1149.  1616.  1375.  2696.  1174.  3220.  1393.  1533.  1668.
   961.  2457.  1573.  1763.  1482.  1709.  1366.   982.  1396.  1314.
  1906.  1966.  1922.  1130.  3757.   927.  2443.  1754.  1687.  2680.
  1826.   900.  1422.  2183.  1324.]
112 [ 1341.  1149.  1617.  1372.  2697.  1174.  3220.  1395.  1534.  1668.
   961.  2455.  1572.  1763.  1483.  1710.  1363.   982.  1396.  1319.
  1902.  1970.  1923.  1136.  3758.   927.  2441.  1752.  1689.  2677.
  1826.   900.  1420.  2185.  1323.]
113 [ 1344.  1149.  1618.  1368.  2700.  1178.  3220.  1394.  1533.  1668.
   962.  2455.  1571.  1762.  1483.  1711.  1358.   981.  1396.  1324.
  1897.  1964.  1923.  1137.  3760.   927.  2435.  1757.  1692.  2677.
  1826.   900.  1420.  2187.  1323.]
114 [ 1343.  1149.  1618.  1368.  2701.  1180.  3220.  1394.  1533.  1668.
   962.  2458.  1568.  1763.  1483.  1712.  1355.   981.  1396.  1329.
  1895.  1973.  1923.  1138.  3760.   927.  2423.  1755.  1693.  2676.
  1825.   901.  1420.  2186.  1324.]
115 [ 1344.  1149.  1618.  1365.  2701.  1179.  3220.  1393.  1533.  1668.
   962.  2461.  1567.  1763.  1482.  1714.  1353.   982.  1396.  1328.
  1897.  1975.  1922.  1143.  3759.   928.  2416.  1756.  1694.  2675.
  1826.   901.  1420.  2186.  1324.]
116 [ 1346.  1149.  1618.  1362.  2699.  1180.  3220.  1394.  1533.  1668.
   962.  2462.  1565.  1762.  1482.  1713.  1353.   981.  1396.  1330.
  1896.  1982.  1922.  1142.  3758.   928.  2411.  1758.  1694.  2674.
  1826.   902.  1420.  2187.  1325.]
117 [ 1350.  1150.  1618.  1361.  2699.  1180.  3220.  1394.  1533.  1668.
   962.  2463.  1562.  1763.  1479.  1712.  1352.   981.  1396.  1331.
  1890.  1991.  1922.  1141.  3757.   927.  2407.  1761.  1696.  2671.
  1828.   903.  1420.  2187.  1325.]
118 [ 1351.  1150.  1618.  1361.  2699.  1180.  3220.  1394.  1533.  1669.
   960.  2464.  1558.  1763.  1480.  1711.  1353.   981.  1396.  1329.
  1885.  1995.  1922.  1140.  3757.   927.  2407.  1762.  1699.  2671.
  1828.   905.  1420.  2187.  1325.]
119 [ 1351.  1150.  1618.  1359.  2700.  1180.  3221.  1394.  1533.  1669.
   960.  2465.  1556.  1763.  1480.  1710.  1354.   981.  1397.  1330.
  1885.  1995.  1923.  1140.  3758.   927.  2405.  1761.  1701.  2670.
  1828.   905.  1419.  2187.  1325.]
120 [ 1351.  1150.  1618.  1357.  2699.  1181.  3222.  1394.  1533.  1668.
   961.  2466.  1558.  1763.  1480.  1710.  1354.   981.  1397.  1331.
  1884.  1993.  1923.  1144.  3758.   927.  2403.  1763.  1701.  2667.
  1829.   905.  1417.  2187.  1325.]
121 [ 1350.  1150.  1618.  1358.  2697.  1181.  3223.  1394.  1533.  1669.
   961.  2466.  1559.  1762.  1480.  1707.  1354.   981.  1397.  1332.
  1884.  1992.  1923.  1145.  3760.   927.  2402.  1761.  1702.  2666.
  1833.   905.  1416.  2187.  1325.]
122 [ 1350.  1150.  1618.  1359.  2696.  1181.  3223.  1394.  1532.  1672.
   961.  2465.  1559.  1760.  1480.  1704.  1354.   981.  1397.  1333.
  1886.  1991.  1924.  1145.  3760.   927.  2404.  1758.  1702.  2668.
  1831.   905.  1420.  2185.  1325.]
123 [ 1352.  1150.  1618.  1358.  2696.  1181.  3223.  1394.  1532.  1674.
   961.  2466.  1559.  1760.  1480.  1701.  1355.   981.  1398.  1332.
  1887.  1990.  1924.  1142.  3761.   927.  2403.  1758.  1701.  2669.
  1831.   905.  1421.  2185.  1325.]
124 [ 1353.  1150.  1618.  1356.  2696.  1181.  3223.  1394.  1532.  1673.
   961.  2466.  1560.  1760.  1480.  1700.  1355.   981.  1398.  1330.
  1887.  1991.  1923.  1142.  3761.   927.  2404.  1759.  1701.  2669.
  1834.   905.  1422.  2183.  1325.]
125 [ 1354.  1150.  1618.  1354.  2696.  1182.  3223.  1394.  1532.  1671.
   961.  2466.  1560.  1760.  1480.  1699.  1354.   981.  1399.  1329.
  1888.  1991.  1922.  1142.  3761.   927.  2404.  1761.  1701.  2670.
  1835.   905.  1422.  2183.  1325.]
126 [ 1354.  1151.  1618.  1353.  2695.  1182.  3223.  1394.  1532.  1671.
   961.  2466.  1560.  1760.  1480.  1700.  1353.   981.  1399.  1329.
  1889.  1991.  1922.  1142.  3761.   927.  2404.  1761.  1701.  2670.
  1836.   905.  1421.  2183.  1325.]
127 [ 1354.  1151.  1618.  1351.  2694.  1182.  3223.  1394.  1532.  1671.
   961.  2466.  1560.  1760.  1480.  1700.  1353.   981.  1399.  1329.
  1891.  1991.  1923.  1142.  3761.   927.  2405.  1761.  1700.  2669.
  1837.   905.  1421.  2183.  1325.]
128 [ 1354.  1151.  1618.  1351.  2693.  1182.  3223.  1394.  1532.  1671.
   961.  2466.  1560.  1760.  1480.  1699.  1353.   981.  1399.  1329.
  1892.  1991.  1924.  1142.  3761.   927.  2406.  1761.  1700.  2669.
  1837.   905.  1421.  2182.  1325.]
129 [ 1354.  1151.  1618.  1352.  2691.  1182.  3223.  1394.  1532.  1671.
   961.  2466.  1560.  1760.  1480.  1696.  1353.   981.  1400.  1329.
  1892.  1993.  1922.  1142.  3761.   927.  2406.  1762.  1700.  2669.
  1838.   905.  1421.  2183.  1325.]
130 [ 1354.  1151.  1618.  1351.  2691.  1182.  3223.  1394.  1532.  1671.
   961.  2466.  1560.  1760.  1481.  1695.  1353.   981.  1400.  1329.
  1892.  1993.  1922.  1142.  3761.   927.  2407.  1762.  1700.  2669.
  1839.   905.  1420.  2183.  1325.]
131 [ 1354.  1151.  1618.  1351.  2691.  1182.  3223.  1394.  1532.  1671.
   961.  2466.  1560.  1760.  1481.  1695.  1353.   981.  1400.  1329.
  1892.  1993.  1924.  1142.  3761.   927.  2408.  1761.  1700.  2669.
  1838.   905.  1419.  2183.  1325.]
132 [ 1354.  1151.  1618.  1351.  2691.  1182.  3223.  1394.  1532.  1670.
   961.  2466.  1560.  1760.  1481.  1693.  1353.   981.  1400.  1328.
  1892.  1994.  1924.  1142.  3761.   927.  2408.  1761.  1700.  2668.
  1843.   905.  1418.  2183.  1325.]
133 [ 1354.  1151.  1618.  1351.  2691.  1182.  3223.  1394.  1532.  1670.
   961.  2466.  1560.  1759.  1482.  1695.  1353.   981.  1400.  1327.
  1892.  1995.  1927.  1142.  3761.   927.  2408.  1761.  1700.  2668.
  1840.   905.  1417.  2182.  1325.]
134 [ 1354.  1151.  1618.  1351.  2691.  1182.  3223.  1394.  1532.  1670.
   961.  2466.  1560.  1759.  1483.  1695.  1353.   981.  1401.  1328.
  1892.  1994.  1928.  1142.  3761.   927.  2408.  1761.  1700.  2668.
  1837.   905.  1417.  2182.  1325.]
135 [ 1354.  1151.  1618.  1351.  2691.  1182.  3223.  1394.  1532.  1670.
   961.  2466.  1560.  1762.  1480.  1699.  1353.   981.  1402.  1328.
  1892.  1993.  1930.  1142.  3761.   927.  2408.  1761.  1700.  2668.
  1834.   905.  1416.  2180.  1325.]
136 [ 1354.  1151.  1618.  1351.  2691.  1182.  3224.  1394.  1532.  1670.
   961.  2466.  1560.  1763.  1478.  1697.  1353.   981.  1403.  1328.
  1892.  1993.  1932.  1142.  3761.   927.  2408.  1761.  1700.  2668.
  1833.   905.  1417.  2179.  1325.]
137 [ 1354.  1151.  1618.  1351.  2691.  1182.  3224.  1394.  1532.  1671.
   961.  2466.  1560.  1762.  1478.  1695.  1353.   981.  1404.  1328.
  1892.  1993.  1932.  1142.  3761.   927.  2408.  1761.  1700.  2668.
  1834.   905.  1418.  2178.  1325.]
138 [ 1354.  1151.  1618.  1351.  2691.  1182.  3224.  1394.  1532.  1671.
   961.  2466.  1560.  1762.  1478.  1694.  1353.   981.  1404.  1328.
  1892.  1993.  1933.  1142.  3761.   927.  2408.  1761.  1700.  2668.
  1833.   905.  1418.  2179.  1325.]
[ 1354.  1151.  1618.  1351.  2691.  1182.  3224.  1394.  1532.  1671.
   961.  2466.  1560.  1762.  1478.  1694.  1353.   981.  1404.  1328.
  1892.  1993.  1933.  1142.  3761.   927.  2408.  1761.  1700.  2668.
  1833.   905.  1418.  2179.  1325.]
Time spent clustering :  8663.71022797
means_random_cluster35
Digit: 0  Purity: 95.7% SD: 1541.3  Count: 5626
Digit: 1  Purity: 91.6% SD: 1017.3  Count: 6985
Digit: 2  Purity: 94.9% SD: 1640.7  Count: 5177
Digit: 3  Purity: 59.3% SD: 1524.3  Count: 8517
Digit: 4  Purity: 52.7% SD: 1563.6  Count: 6159
Digit: 5  Purity: 73.6% SD: 1588.3  Count: 4649
Digit: 6  Purity: 89.3% SD: 1428.5  Count: 6350
Digit: 7  Purity: 81.0% SD: 1396.9  Count: 5004
Digit: 8  Purity: 90.6% SD: 1541.2  Count: 3766
Digit: 9  Purity: 45.0% SD: 1334.6  Count: 7767
Our accuracy in predicting test data for k = 35 was 75.4075407541 %
Time spent testing :  30.2892119884
