50 means kplusplus 100
0 [  821.   625.   559.   489.  1290.  2673.  1487.   802.  1249.  1012.
   630.  1291.  1188.  1207.  1531.  1059.  1225.  1618.   558.  1150.
  2450.   568.  1082.   939.  1929.  1834.  1062.  1065.  1799.   762.
   564.   654.  2159.  3426.   687.   934.   625.  1018.   870.  1032.
  1982.  1602.  1026.  2259.   554.   852.  1224.   851.   635.  1092.]
1 [  962.   707.   692.   480.  1182.  2454.  1275.   929.  1339.   858.
   672.  1309.  1092.  1587.  1536.  1125.  1113.  1635.   673.  1278.
  2162.   646.   980.  1088.  2104.  1779.   868.  1440.  1733.   797.
   615.   660.  1905.  2897.   967.  1041.   649.   982.   834.  1245.
  1995.  1616.   993.  1932.   607.   772.  1127.   836.   718.  1114.]
2 [ 1043.   780.   731.   482.  1147.  2325.  1156.  1007.  1389.   793.
   704.  1324.  1052.  1758.  1533.  1157.  1099.  1586.   787.  1330.
  2033.   698.   979.  1154.  2093.  1760.   830.  1536.  1762.   803.
   640.   666.  1852.  2579.  1092.  1083.   728.   973.   829.  1337.
  1945.  1536.   986.  1782.   647.   757.  1012.   881.   734.  1110.]
3 [ 1099.   874.   765.   488.  1116.  2179.  1085.  1024.  1433.   753.
   736.  1330.   998.  1811.  1548.  1172.  1110.  1530.   878.  1333.
  1980.   709.  1006.  1238.  2056.  1763.   851.  1580.  1756.   805.
   651.   681.  1846.  2397.  1148.  1116.   788.   957.   843.  1352.
  1874.  1528.   972.  1718.   697.   744.   937.   921.   735.  1089.]
4 [ 1148.   981.   794.   475.  1114.  2081.  1047.  1036.  1476.   727.
   763.  1329.   948.  1815.  1550.  1198.  1112.  1518.   949.  1331.
  1945.   708.  1023.  1303.  2033.  1771.   858.  1599.  1781.   803.
   654.   705.  1842.  2267.  1173.  1103.   824.   934.   838.  1366.
  1809.  1519.   956.  1683.   725.   728.   894.   957.   733.  1074.]
5 [ 1178.  1062.   824.   486.  1103.  2005.  1066.  1034.  1486.   704.
   769.  1325.   907.  1836.  1532.  1227.  1095.  1527.  1011.  1332.
  1945.   705.  1027.  1354.  2029.  1765.   861.  1612.  1798.   804.
   663.   729.  1842.  2202.  1172.  1071.   848.   915.   827.  1365.
  1760.  1534.   937.  1643.   730.   703.   861.   982.   741.  1066.]
6 [ 1203.  1117.   844.   482.  1100.  1968.  1079.  1034.  1483.   682.
   778.  1328.   874.  1872.  1516.  1243.  1080.  1579.  1046.  1344.
  1928.   723.  1021.  1375.  2032.  1758.   881.  1602.  1849.   799.
   672.   750.  1836.  2128.  1173.  1035.   855.   900.   827.  1352.
  1698.  1537.   915.  1597.   720.   689.   860.  1006.   754.  1076.]
7 [ 1217.  1140.   869.   478.  1091.  1888.  1073.  1027.  1485.   678.
   787.  1330.   853.  1949.  1503.  1255.  1073.  1607.  1076.  1357.
  1940.   756.  1020.  1384.  2042.  1740.   895.  1583.  1888.   792.
   681.   762.  1836.  2083.  1166.  1010.   852.   901.   805.  1349.
  1644.  1522.   909.  1570.   729.   673.   867.  1008.   768.  1089.]
8 [ 1243.  1158.   882.   491.  1086.  1854.  1067.  1038.  1483.   668.
   780.  1341.   846.  1996.  1493.  1271.  1069.  1621.  1103.  1357.
  1924.   775.  1022.  1385.  2056.  1731.   895.  1564.  1925.   790.
   695.   779.  1834.  2060.  1155.   979.   841.   903.   790.  1336.
  1602.  1512.   894.  1546.   728.   673.   877.  1010.   777.  1095.]
9 [ 1265.  1173.   889.   505.  1085.  1824.  1048.  1044.  1476.   660.
   771.  1355.   847.  2036.  1481.  1286.  1063.  1629.  1122.  1360.
  1924.   788.  1026.  1389.  2052.  1723.   898.  1541.  1954.   791.
   701.   791.  1827.  2040.  1142.   977.   843.   899.   776.  1337.
  1564.  1499.   889.  1531.   720.   661.   885.  1015.   789.  1109.]
10 [ 1276.  1189.   886.   517.  1093.  1816.  1034.  1046.  1450.   647.
   766.  1362.   854.  2032.  1476.  1295.  1064.  1627.  1132.  1357.
  1926.   796.  1035.  1390.  2049.  1718.   901.  1518.  1992.   785.
   715.   811.  1822.  2030.  1134.   982.   834.   894.   761.  1344.
  1534.  1476.   882.  1523.   723.   658.   901.  1033.   795.  1119.]
11 [ 1281.  1200.   891.   525.  1099.  1797.  1015.  1062.  1433.   646.
   766.  1368.   864.  2028.  1478.  1290.  1060.  1630.  1142.  1360.
  1942.   809.  1040.  1397.  2050.  1707.   901.  1505.  2015.   779.
   712.   825.  1818.  2025.  1125.   978.   820.   893.   753.  1348.
  1508.  1466.   874.  1509.   724.   653.   913.  1037.   806.  1133.]
12 [ 1289.  1210.   898.   524.  1110.  1795.  1015.  1060.  1418.   655.
   766.  1372.   873.  2007.  1477.  1281.  1058.  1642.  1150.  1369.
  1942.   821.  1058.  1399.  2057.  1701.   904.  1486.  2032.   781.
   714.   836.  1811.  2021.  1120.   980.   812.   893.   741.  1352.
  1485.  1450.   862.  1490.   718.   652.   915.  1043.   813.  1142.]
13 [ 1307.  1217.   917.   527.  1117.  1809.  1009.  1051.  1404.   658.
   770.  1372.   876.  1990.  1483.  1277.  1059.  1639.  1157.  1372.
  1947.   829.  1067.  1396.  2063.  1689.   907.  1469.  2055.   777.
   728.   844.  1809.  2008.  1114.   983.   803.   893.   737.  1355.
  1464.  1435.   842.  1481.   721.   647.   915.  1046.   817.  1148.]
14 [ 1333.  1222.   924.   531.  1122.  1785.  1010.  1055.  1398.   660.
   770.  1374.   885.  1984.  1479.  1278.  1055.  1638.  1163.  1377.
  1957.   835.  1074.  1395.  2065.  1686.   906.  1463.  2060.   773.
   740.   849.  1805.  1995.  1106.   989.   786.   892.   728.  1360.
  1449.  1428.   838.  1477.   715.   649.   913.  1059.   821.  1144.]
15 [ 1365.  1230.   928.   528.  1125.  1775.  1015.  1051.  1383.   660.
   770.  1373.   887.  1984.  1481.  1270.  1054.  1642.  1170.  1377.
  1960.   835.  1100.  1396.  2066.  1687.   908.  1451.  2064.   773.
   749.   862.  1796.  1983.  1099.  1001.   766.   895.   725.  1361.
  1442.  1425.   822.  1463.   713.   647.   913.  1073.   819.  1138.]
16 [ 1384.  1231.   929.   531.  1125.  1765.  1015.  1054.  1372.   662.
   768.  1370.   899.  1987.  1471.  1271.  1056.  1648.  1174.  1376.
  1949.   840.  1130.  1394.  2064.  1684.   904.  1441.  2078.   778.
   756.   862.  1795.  1977.  1093.  1004.   758.   897.   721.  1364.
  1432.  1425.   815.  1455.   708.   644.   912.  1086.   823.  1123.]
17 [ 1396.  1235.   935.   538.  1125.  1745.  1017.  1050.  1357.   659.
   764.  1369.   907.  1992.  1469.  1270.  1056.  1647.  1174.  1369.
  1948.   848.  1158.  1393.  2058.  1676.   905.  1435.  2093.   780.
   753.   861.  1796.  1969.  1087.  1012.   752.   900.   721.  1367.
  1425.  1428.   815.  1449.   704.   647.   909.  1101.   827.  1109.]
18 [ 1424.  1242.   942.   542.  1128.  1736.  1027.  1044.  1347.   659.
   766.  1370.   911.  1987.  1480.  1265.  1053.  1638.  1176.  1363.
  1933.   856.  1169.  1387.  2056.  1667.   901.  1424.  2099.   777.
   751.   864.  1792.  1973.  1085.  1015.   744.   901.   719.  1368.
  1420.  1429.   812.  1448.   711.   655.   907.  1111.   821.  1105.]
19 [ 1456.  1248.   953.   544.  1129.  1724.  1024.  1054.  1339.   665.
   766.  1370.   914.  1982.  1490.  1264.  1050.  1627.  1177.  1362.
  1929.   861.  1177.  1385.  2045.  1664.   900.  1423.  2094.   777.
   754.   864.  1782.  1982.  1084.  1015.   734.   905.   718.  1367.
  1411.  1429.   804.  1443.   714.   657.   909.  1115.   822.  1098.]
20 [ 1487.  1249.   960.   544.  1138.  1721.  1028.  1059.  1330.   664.
   766.  1366.   915.  1974.  1495.  1261.  1047.  1615.  1177.  1364.
  1936.   867.  1167.  1381.  2035.  1667.   900.  1420.  2088.   778.
   756.   865.  1775.  1996.  1081.  1018.   729.   905.   718.  1368.
  1401.  1431.   801.  1435.   715.   661.   911.  1120.   820.  1095.]
21 [ 1504.  1246.   962.   544.  1142.  1716.  1032.  1062.  1323.   665.
   767.  1364.   920.  1970.  1503.  1266.  1046.  1605.  1174.  1365.
  1932.   873.  1178.  1378.  2028.  1676.   901.  1416.  2080.   779.
   758.   865.  1755.  2013.  1076.  1015.   732.   902.   717.  1369.
  1394.  1436.   799.  1431.   720.   657.   912.  1119.   821.  1092.]
22 [ 1523.  1243.   960.   544.  1146.  1717.  1027.  1059.  1316.   666.
   771.  1354.   926.  1969.  1508.  1273.  1046.  1593.  1174.  1363.
  1926.   879.  1178.  1377.  2022.  1675.   902.  1416.  2071.   778.
   764.   865.  1753.  2025.  1073.  1017.   733.   904.   716.  1372.
  1392.  1436.   792.  1428.   727.   656.   912.  1117.   824.  1092.]
23 [ 1537.  1246.   966.   545.  1142.  1718.  1030.  1059.  1312.   669.
   775.  1347.   933.  1966.  1509.  1281.  1046.  1580.  1175.  1363.
  1928.   881.  1182.  1377.  2014.  1678.   901.  1412.  2059.   775.
   768.   864.  1747.  2040.  1072.  1017.   733.   897.   716.  1373.
  1387.  1436.   786.  1423.   725.   656.   916.  1119.   830.  1089.]
24 [ 1542.  1256.   965.   545.  1140.  1713.  1030.  1059.  1310.   671.
   779.  1342.   938.  1961.  1509.  1291.  1044.  1578.  1174.  1357.
  1921.   883.  1187.  1372.  2005.  1688.   899.  1406.  2058.   773.
   766.   865.  1737.  2059.  1074.  1017.   733.   897.   715.  1375.
  1383.  1436.   783.  1415.   727.   661.   912.  1121.   837.  1091.]
25 [ 1542.  1260.   971.   544.  1139.  1708.  1031.  1057.  1304.   672.
   784.  1334.   946.  1962.  1508.  1303.  1045.  1575.  1175.  1355.
  1917.   885.  1187.  1365.  2002.  1691.   899.  1402.  2058.   771.
   769.   866.  1735.  2065.  1074.  1021.   722.   897.   716.  1375.
  1378.  1436.   779.  1407.   734.   663.   912.  1123.   842.  1094.]
26 [ 1548.  1261.   970.   544.  1141.  1707.  1026.  1053.  1305.   673.
   788.  1329.   949.  1958.  1517.  1312.  1043.  1570.  1175.  1355.
  1920.   890.  1195.  1362.  2000.  1687.   895.  1394.  2058.   770.
   772.   864.  1732.  2065.  1072.  1023.   715.   899.   715.  1375.
  1374.  1436.   772.  1400.   744.   666.   920.  1121.   846.  1094.]
27 [ 1557.  1264.   968.   544.  1144.  1702.  1023.  1057.  1305.   674.
   795.  1328.   952.  1952.  1513.  1319.  1043.  1569.  1176.  1355.
  1915.   891.  1195.  1361.  1997.  1694.   892.  1388.  2059.   769.
   772.   863.  1722.  2080.  1072.  1022.   709.   901.   717.  1374.
  1371.  1437.   765.  1393.   752.   670.   926.  1120.   846.  1087.]
28 [ 1563.  1262.   966.   544.  1141.  1702.  1024.  1055.  1301.   675.
   796.  1323.   957.  1943.  1513.  1324.  1043.  1571.  1175.  1358.
  1908.   895.  1204.  1360.  1994.  1692.   890.  1387.  2056.   770.
   781.   862.  1717.  2090.  1072.  1017.   709.   903.   720.  1375.
  1366.  1435.   754.  1388.   759.   677.   933.  1119.   850.  1081.]
29 [ 1569.  1263.   970.   544.  1144.  1695.  1027.  1058.  1295.   680.
   796.  1319.   963.  1946.  1509.  1329.  1042.  1568.  1176.  1360.
  1905.   897.  1203.  1358.  1985.  1696.   883.  1386.  2050.   771.
   783.   862.  1713.  2100.  1072.  1016.   706.   904.   717.  1376.
  1359.  1434.   749.  1387.   763.   680.   937.  1125.   851.  1079.]
30 [ 1568.  1263.   973.   544.  1145.  1685.  1032.  1060.  1287.   679.
   798.  1313.   967.  1945.  1511.  1338.  1042.  1564.  1176.  1366.
  1904.   899.  1207.  1357.  1981.  1697.   878.  1383.  2046.   770.
   782.   865.  1711.  2115.  1071.  1009.   706.   903.   716.  1377.
  1349.  1433.   752.  1385.   763.   683.   944.  1128.   852.  1078.]
31 [ 1570.  1264.   975.   545.  1145.  1678.  1032.  1059.  1280.   681.
   800.  1308.   972.  1945.  1512.  1342.  1042.  1559.  1176.  1370.
  1908.   899.  1209.  1350.  1984.  1700.   872.  1381.  2049.   771.
   781.   864.  1707.  2116.  1072.  1008.   706.   906.   715.  1379.
  1338.  1432.   751.  1382.   766.   685.   952.  1134.   853.  1075.]
32 [ 1571.  1265.   980.   547.  1145.  1673.  1036.  1055.  1274.   682.
   801.  1303.   982.  1946.  1512.  1349.  1041.  1555.  1177.  1373.
  1908.   899.  1215.  1345.  1984.  1698.   870.  1381.  2053.   771.
   780.   864.  1705.  2116.  1070.   998.   704.   910.   716.  1378.
  1336.  1432.   748.  1379.   771.   688.   952.  1140.   852.  1070.]
33 [ 1576.  1266.   978.   546.  1145.  1677.  1042.  1052.  1271.   682.
   802.  1294.   986.  1948.  1519.  1349.  1039.  1554.  1179.  1378.
  1912.   899.  1218.  1340.  1982.  1693.   869.  1381.  2054.   771.
   779.   864.  1702.  2110.  1067.   993.   703.   915.   716.  1378.
  1337.  1432.   749.  1378.   776.   689.   949.  1143.   852.  1066.]
34 [ 1586.  1265.   979.   545.  1147.  1675.  1044.  1053.  1270.   682.
   802.  1289.   995.  1945.  1522.  1352.  1039.  1549.  1179.  1380.
  1906.   900.  1216.  1336.  1982.  1696.   867.  1381.  2054.   772.
   778.   865.  1692.  2113.  1067.   992.   701.   913.   716.  1378.
  1335.  1431.   748.  1379.   781.   689.   955.  1143.   851.  1065.]
35 [ 1598.  1265.   982.   545.  1149.  1674.  1041.  1054.  1267.   683.
   802.  1280.  1001.  1944.  1529.  1352.  1039.  1548.  1178.  1381.
  1898.   901.  1215.  1330.  1987.  1691.   868.  1380.  2055.   772.
   778.   865.  1693.  2115.  1067.   990.   700.   911.   716.  1379.
  1333.  1430.   748.  1376.   784.   683.   964.  1140.   855.  1064.]
36 [ 1608.  1263.   985.   545.  1149.  1669.  1039.  1054.  1266.   683.
   802.  1269.  1011.  1946.  1524.  1354.  1040.  1545.  1179.  1379.
  1898.   904.  1219.  1328.  1989.  1688.   869.  1381.  2055.   772.
   779.   865.  1698.  2113.  1067.   983.   703.   912.   716.  1379.
  1332.  1430.   747.  1375.   784.   682.   966.  1139.   856.  1061.]
37 [ 1614.  1259.   985.   545.  1149.  1667.  1037.  1051.  1264.   683.
   802.  1256.  1019.  1943.  1522.  1354.  1041.  1544.  1178.  1377.
  1895.   909.  1223.  1325.  1991.  1688.   870.  1382.  2052.   772.
   779.   865.  1704.  2118.  1067.   986.   699.   911.   716.  1380.
  1332.  1431.   747.  1375.   787.   682.   966.  1140.   858.  1060.]
38 [ 1616.  1254.   986.   545.  1148.  1662.  1040.  1050.  1262.   683.
   802.  1251.  1028.  1945.  1523.  1349.  1042.  1540.  1177.  1376.
  1901.   915.  1226.  1324.  1992.  1683.   870.  1383.  2049.   772.
   779.   865.  1704.  2120.  1067.   990.   696.   911.   717.  1380.
  1332.  1431.   747.  1374.   791.   679.   965.  1138.   859.  1061.]
39 [ 1617.  1251.   983.   545.  1149.  1658.  1041.  1051.  1257.   685.
   803.  1249.  1036.  1950.  1530.  1343.  1041.  1539.  1180.  1375.
  1906.   920.  1227.  1321.  1993.  1671.   870.  1383.  2045.   772.
   779.   865.  1699.  2124.  1067.   995.   693.   916.   717.  1380.
  1332.  1430.   746.  1373.   793.   677.   962.  1141.   860.  1060.]
40 [ 1624.  1250.   981.   545.  1147.  1657.  1045.  1048.  1257.   684.
   803.  1246.  1042.  1952.  1530.  1341.  1041.  1540.  1181.  1375.
  1907.   921.  1229.  1318.  1993.  1668.   870.  1383.  2040.   772.
   779.   866.  1698.  2125.  1067.   990.   693.   918.   717.  1380.
  1332.  1430.   747.  1372.   795.   679.   960.  1146.   858.  1058.]
41 [ 1619.  1250.   984.   545.  1148.  1657.  1044.  1043.  1259.   686.
   803.  1246.  1047.  1951.  1528.  1343.  1040.  1539.  1179.  1375.
  1902.   924.  1231.  1316.  1992.  1672.   869.  1383.  2045.   771.
   779.   865.  1691.  2132.  1067.   989.   689.   919.   717.  1380.
  1331.  1430.   746.  1373.   798.   686.   964.  1143.   858.  1052.]
42 [ 1624.  1250.   984.   545.  1147.  1654.  1042.  1043.  1257.   687.
   803.  1245.  1049.  1957.  1529.  1340.  1039.  1537.  1178.  1375.
  1898.   925.  1232.  1315.  1989.  1674.   868.  1383.  2044.   771.
   779.   865.  1686.  2139.  1067.   989.   688.   922.   719.  1381.
  1330.  1429.   746.  1373.   799.   687.   967.  1138.   860.  1052.]
43 [ 1626.  1253.   985.   545.  1146.  1656.  1035.  1040.  1256.   687.
   803.  1242.  1052.  1956.  1528.  1339.  1037.  1538.  1179.  1374.
  1893.   925.  1234.  1308.  1990.  1678.   869.  1382.  2045.   771.
   779.   865.  1682.  2148.  1067.   989.   684.   924.   720.  1384.
  1327.  1427.   746.  1373.   801.   690.   968.  1138.   862.  1054.]
44 [ 1628.  1255.   984.   545.  1147.  1655.  1027.  1038.  1256.   687.
   803.  1241.  1054.  1959.  1537.  1335.  1036.  1540.  1179.  1374.
  1890.   925.  1231.  1307.  1983.  1674.   869.  1382.  2049.   771.
   779.   865.  1677.  2150.  1068.   988.   683.   926.   720.  1388.
  1325.  1425.   746.  1373.   806.   693.   973.  1132.   863.  1059.]
45 [ 1632.  1258.   985.   545.  1145.  1653.  1028.  1038.  1255.   687.
   804.  1240.  1056.  1960.  1546.  1332.  1035.  1540.  1180.  1371.
  1885.   925.  1231.  1305.  1982.  1668.   869.  1382.  2045.   771.
   779.   865.  1674.  2161.  1070.   992.   682.   927.   720.  1388.
  1324.  1420.   744.  1374.   813.   694.   972.  1126.   864.  1058.]
46 [ 1636.  1262.   986.   545.  1140.  1651.  1029.  1037.  1255.   688.
   804.  1237.  1061.  1965.  1546.  1329.  1035.  1543.  1181.  1366.
  1881.   925.  1230.  1304.  1980.  1666.   868.  1382.  2037.   771.
   779.   865.  1674.  2169.  1069.   998.   681.   928.   720.  1388.
  1325.  1419.   744.  1374.   812.   693.   970.  1125.   869.  1058.]
47 [ 1635.  1265.   987.   545.  1142.  1652.  1035.  1038.  1249.   688.
   804.  1235.  1063.  1967.  1551.  1328.  1036.  1544.  1181.  1362.
  1881.   925.  1231.  1304.  1978.  1667.   869.  1382.  2035.   771.
   779.   865.  1669.  2173.  1068.   998.   682.   927.   721.  1386.
  1325.  1419.   745.  1374.   812.   692.   968.  1118.   872.  1057.]
48 [ 1639.  1266.   988.   545.  1142.  1655.  1041.  1040.  1246.   688.
   804.  1231.  1068.  1968.  1555.  1325.  1037.  1544.  1183.  1356.
  1881.   925.  1225.  1303.  1976.  1670.   869.  1382.  2033.   771.
   780.   866.  1660.  2175.  1067.   996.   681.   926.   721.  1387.
  1325.  1416.   746.  1374.   812.   690.   967.  1123.   875.  1057.]
49 [ 1639.  1270.   988.   545.  1144.  1654.  1047.  1037.  1244.   690.
   804.  1228.  1072.  1970.  1562.  1325.  1039.  1544.  1182.  1350.
  1878.   926.  1223.  1302.  1974.  1668.   869.  1382.  2032.   771.
   781.   866.  1657.  2179.  1064.   996.   684.   927.   720.  1390.
  1324.  1412.   745.  1373.   811.   692.   963.  1122.   875.  1060.]
50 [ 1643.  1274.   986.   545.  1144.  1648.  1057.  1037.  1244.   691.
   804.  1221.  1076.  1973.  1564.  1324.  1039.  1545.  1182.  1347.
  1873.   928.  1220.  1302.  1971.  1668.   865.  1382.  2031.   772.
   781.   866.  1658.  2180.  1063.   996.   683.   931.   720.  1396.
  1324.  1408.   744.  1374.   812.   694.   959.  1121.   875.  1059.]
51 [ 1646.  1272.   983.   545.  1146.  1646.  1059.  1037.  1246.   693.
   803.  1216.  1078.  1980.  1563.  1323.  1038.  1549.  1183.  1350.
  1872.   931.  1220.  1302.  1969.  1675.   863.  1383.  2024.   773.
   783.   866.  1654.  2181.  1061.   992.   684.   933.   720.  1399.
  1321.  1405.   742.  1373.   814.   695.   958.  1116.   876.  1059.]
52 [ 1647.  1270.   982.   547.  1146.  1648.  1065.  1037.  1245.   693.
   803.  1211.  1080.  1981.  1564.  1323.  1038.  1550.  1182.  1352.
  1873.   932.  1221.  1302.  1969.  1679.   864.  1381.  2020.   773.
   783.   867.  1653.  2182.  1061.   984.   687.   930.   719.  1401.
  1320.  1403.   742.  1372.   815.   694.   958.  1117.   876.  1058.]
53 [ 1649.  1269.   980.   547.  1146.  1648.  1061.  1039.  1246.   691.
   803.  1206.  1081.  1984.  1566.  1324.  1038.  1551.  1182.  1351.
  1872.   933.  1217.  1302.  1967.  1684.   865.  1382.  2014.   774.
   782.   868.  1652.  2185.  1061.   989.   688.   931.   719.  1401.
  1320.  1401.   742.  1370.   817.   694.   957.  1116.   876.  1059.]
54 [ 1650.  1269.   977.   547.  1146.  1646.  1057.  1043.  1247.   691.
   803.  1205.  1083.  1987.  1566.  1326.  1038.  1550.  1183.  1351.
  1874.   933.  1213.  1302.  1966.  1690.   858.  1382.  2014.   774.
   782.   868.  1645.  2184.  1061.   992.   690.   936.   719.  1401.
  1320.  1399.   744.  1369.   814.   694.   960.  1115.   879.  1057.]
55 [ 1651.  1269.   978.   547.  1145.  1644.  1051.  1039.  1247.   692.
   803.  1202.  1084.  1988.  1567.  1326.  1038.  1553.  1184.  1351.
  1873.   933.  1209.  1301.  1967.  1693.   860.  1382.  2009.   774.
   781.   868.  1640.  2189.  1061.   997.   691.   940.   719.  1399.
  1320.  1400.   744.  1368.   818.   694.   961.  1116.   878.  1056.]
56 [ 1650.  1270.   979.   547.  1142.  1636.  1051.  1034.  1247.   692.
   803.  1200.  1084.  1992.  1570.  1325.  1038.  1553.  1184.  1351.
  1876.   933.  1206.  1301.  1967.  1690.   858.  1382.  2004.   774.
   781.   868.  1641.  2189.  1061.  1002.   694.   944.   720.  1400.
  1320.  1399.   744.  1370.   821.   695.   961.  1116.   880.  1055.]
57 [ 1648.  1270.   978.   547.  1142.  1631.  1052.  1032.  1247.   692.
   803.  1199.  1086.  1992.  1569.  1325.  1038.  1553.  1184.  1351.
  1876.   933.  1207.  1301.  1968.  1692.   855.  1381.  1999.   774.
   781.   868.  1639.  2192.  1062.  1012.   691.   944.   720.  1403.
  1320.  1396.   744.  1372.   824.   695.   964.  1115.   879.  1054.]
58 [ 1652.  1269.   977.   547.  1142.  1631.  1054.  1035.  1245.   692.
   803.  1199.  1089.  1998.  1569.  1326.  1037.  1553.  1184.  1351.
  1877.   933.  1209.  1299.  1966.  1693.   852.  1379.  1994.   774.
   781.   868.  1633.  2188.  1062.  1016.   692.   946.   720.  1403.
  1320.  1395.   744.  1372.   830.   691.   961.  1117.   878.  1054.]
59 [ 1652.  1269.   976.   547.  1143.  1639.  1056.  1036.  1243.   692.
   803.  1200.  1091.  2002.  1566.  1326.  1036.  1554.  1184.  1351.
  1877.   933.  1205.  1300.  1962.  1699.   845.  1375.  1986.   773.
   781.   868.  1626.  2193.  1062.  1027.   690.   949.   720.  1402.
  1320.  1394.   744.  1370.   839.   690.   959.  1120.   874.  1051.]
60 [ 1654.  1269.   977.   547.  1139.  1637.  1046.  1033.  1241.   692.
   804.  1201.  1093.  2000.  1564.  1326.  1035.  1558.  1184.  1351.
  1876.   933.  1206.  1300.  1961.  1698.   834.  1373.  1984.   771.
   781.   869.  1627.  2195.  1062.  1036.   684.   965.   720.  1401.
  1320.  1393.   744.  1368.   850.   691.   965.  1119.   872.  1051.]
61 [ 1655.  1269.   976.   547.  1136.  1629.  1042.  1031.  1240.   692.
   806.  1201.  1095.  2001.  1564.  1327.  1035.  1560.  1184.  1351.
  1878.   933.  1209.  1301.  1958.  1700.   827.  1372.  1980.   771.
   783.   869.  1626.  2198.  1062.  1045.   684.   971.   719.  1401.
  1320.  1391.   743.  1367.   851.   691.   966.  1117.   874.  1052.]
62 [ 1655.  1269.   974.   547.  1133.  1631.  1039.  1031.  1239.   692.
   805.  1201.  1095.  2003.  1568.  1329.  1035.  1561.  1183.  1350.
  1880.   933.  1210.  1300.  1955.  1698.   822.  1370.  1980.   772.
   784.   869.  1625.  2196.  1062.  1060.   686.   981.   719.  1399.
  1320.  1390.   745.  1364.   852.   688.   959.  1115.   876.  1050.]
63 [ 1655.  1267.   973.   547.  1134.  1626.  1029.  1033.  1238.   692.
   805.  1201.  1094.  2005.  1570.  1331.  1035.  1563.  1179.  1350.
  1880.   933.  1211.  1300.  1954.  1697.   813.  1371.  1979.   772.
   784.   869.  1626.  2195.  1062.  1072.   684.   989.   719.  1399.
  1321.  1390.   744.  1363.   852.   686.   965.  1119.   875.  1049.]
64 [ 1655.  1267.   974.   547.  1133.  1621.  1025.  1033.  1239.   692.
   805.  1202.  1096.  2007.  1572.  1332.  1035.  1565.  1179.  1349.
  1879.   933.  1214.  1300.  1955.  1697.   797.  1370.  1974.   772.
   784.   869.  1626.  2195.  1060.  1082.   680.   994.   720.  1400.
  1322.  1390.   743.  1362.   854.   692.   974.  1117.   872.  1045.]
65 [ 1653.  1267.   976.   547.  1127.  1620.  1024.  1027.  1238.   693.
   805.  1201.  1096.  2008.  1572.  1334.  1035.  1568.  1180.  1349.
  1878.   933.  1215.  1299.  1955.  1697.   789.  1367.  1974.   772.
   784.   869.  1627.  2197.  1059.  1091.   681.  1004.   720.  1401.
  1322.  1391.   743.  1357.   856.   687.   977.  1119.   874.  1042.]
66 [ 1655.  1267.   975.   548.  1122.  1623.  1025.  1022.  1236.   693.
   805.  1199.  1096.  2010.  1572.  1333.  1035.  1568.  1180.  1349.
  1878.   932.  1214.  1296.  1950.  1698.   778.  1367.  1973.   772.
   784.   870.  1628.  2201.  1058.  1103.   684.  1013.   721.  1400.
  1321.  1392.   744.  1357.   851.   692.   978.  1116.   875.  1041.]
67 [ 1654.  1266.   974.   548.  1117.  1621.  1027.  1016.  1235.   692.
   805.  1199.  1098.  2010.  1573.  1333.  1035.  1571.  1180.  1349.
  1877.   932.  1212.  1296.  1950.  1699.   775.  1363.  1971.   772.
   783.   871.  1626.  2206.  1057.  1112.   682.  1017.   722.  1400.
  1322.  1392.   745.  1354.   852.   692.   976.  1120.   878.  1043.]
68 [ 1653.  1266.   975.   548.  1108.  1618.  1036.  1017.  1234.   692.
   805.  1196.  1098.  2009.  1573.  1329.  1035.  1573.  1179.  1349.
  1877.   932.  1213.  1296.  1950.  1700.   773.  1363.  1973.   772.
   783.   870.  1628.  2205.  1057.  1114.   680.  1028.   721.  1401.
  1322.  1392.   745.  1354.   849.   692.   973.  1119.   881.  1044.]
69 [ 1650.  1266.   975.   548.  1105.  1618.  1039.  1014.  1235.   691.
   805.  1192.  1099.  2009.  1574.  1330.  1035.  1574.  1178.  1349.
  1877.   932.  1214.  1295.  1949.  1700.   777.  1362.  1974.   772.
   785.   870.  1630.  2204.  1057.  1117.   684.  1027.   721.  1401.
  1321.  1390.   745.  1355.   850.   694.   973.  1111.   880.  1047.]
70 [ 1651.  1266.   972.   548.  1102.  1615.  1041.  1011.  1230.   691.
   805.  1189.  1101.  2008.  1575.  1329.  1035.  1575.  1174.  1349.
  1877.   932.  1212.  1296.  1950.  1699.   777.  1363.  1974.   772.
   786.   870.  1632.  2203.  1056.  1125.   690.  1031.   721.  1401.
  1321.  1391.   745.  1354.   846.   697.   974.  1114.   878.  1046.]
71 [ 1651.  1266.   974.   548.  1099.  1609.  1053.  1004.  1227.   691.
   806.  1186.  1101.  2009.  1576.  1330.  1035.  1576.  1173.  1349.
  1877.   932.  1209.  1298.  1948.  1701.   770.  1362.  1974.   772.
   786.   870.  1633.  2204.  1056.  1128.   692.  1036.   721.  1399.
  1322.  1390.   743.  1353.   845.   694.   978.  1116.   880.  1048.]
72 [ 1651.  1265.   974.   548.  1098.  1610.  1064.   998.  1221.   691.
   806.  1186.  1101.  2010.  1577.  1330.  1035.  1578.  1177.  1349.
  1877.   932.  1208.  1298.  1947.  1701.   762.  1360.  1976.   772.
   786.   870.  1632.  2204.  1053.  1136.   694.  1039.   722.  1400.
  1321.  1390.   742.  1351.   847.   695.   970.  1119.   879.  1048.]
73 [ 1651.  1264.   976.   548.  1097.  1606.  1067.   995.  1220.   691.
   806.  1185.  1101.  2011.  1578.  1328.  1035.  1580.  1178.  1349.
  1880.   932.  1209.  1299.  1945.  1701.   762.  1357.  1977.   772.
   787.   870.  1634.  2204.  1052.  1138.   698.  1038.   720.  1399.
  1320.  1390.   742.  1349.   852.   695.   970.  1115.   877.  1050.]
74 [ 1651.  1264.   977.   548.  1093.  1603.  1077.   997.  1219.   692.
   806.  1185.  1101.  2011.  1578.  1326.  1035.  1580.  1179.  1351.
  1880.   932.  1203.  1301.  1945.  1701.   759.  1354.  1976.   772.
   788.   870.  1636.  2204.  1051.  1138.   713.  1036.   719.  1400.
  1319.  1390.   743.  1349.   851.   695.   965.  1109.   877.  1051.]
75 [ 1649.  1264.   976.   548.  1087.  1602.  1080.   997.  1219.   691.
   806.  1184.  1101.  2011.  1577.  1325.  1035.  1580.  1183.  1356.
  1880.   933.  1204.  1303.  1941.  1703.   754.  1353.  1976.   773.
   789.   870.  1635.  2204.  1049.  1151.   714.  1038.   720.  1400.
  1314.  1390.   742.  1350.   853.   691.   966.  1106.   876.  1051.]
76 [ 1650.  1264.   977.   549.  1083.  1601.  1081.   990.  1217.   690.
   806.  1183.  1101.  2010.  1577.  1325.  1034.  1580.  1186.  1357.
  1879.   933.  1209.  1303.  1942.  1703.   749.  1352.  1977.   773.
   790.   870.  1633.  2205.  1049.  1166.   714.  1038.   721.  1400.
  1311.  1391.   743.  1351.   855.   689.   964.  1104.   875.  1050.]
77 [ 1650.  1265.   977.   550.  1081.  1599.  1090.   992.  1215.   690.
   806.  1183.  1101.  2012.  1579.  1324.  1034.  1581.  1186.  1356.
  1880.   933.  1212.  1303.  1942.  1701.   749.  1353.  1977.   773.
   791.   870.  1632.  2204.  1048.  1164.   719.  1039.   721.  1400.
  1308.  1391.   744.  1350.   858.   685.   958.  1100.   876.  1048.]
78 [ 1650.  1266.   975.   551.  1079.  1604.  1095.   991.  1216.   687.
   806.  1183.  1100.  2012.  1579.  1326.  1034.  1579.  1189.  1358.
  1880.   933.  1214.  1303.  1940.  1702.   748.  1350.  1977.   774.
   791.   871.  1630.  2204.  1049.  1166.   721.  1038.   721.  1400.
  1305.  1390.   746.  1351.   857.   686.   956.  1094.   877.  1046.]
79 [ 1650.  1266.   975.   554.  1078.  1604.  1100.   990.  1216.   681.
   806.  1182.  1100.  2012.  1580.  1327.  1034.  1577.  1191.  1360.
  1880.   933.  1216.  1303.  1937.  1701.   745.  1350.  1976.   775.
   791.   872.  1630.  2203.  1048.  1171.   726.  1040.   721.  1400.
  1304.  1391.   746.  1351.   868.   688.   950.  1086.   871.  1044.]
80 [ 1651.  1266.   974.   555.  1077.  1603.  1103.   991.  1216.   682.
   805.  1182.  1100.  2011.  1584.  1328.  1034.  1575.  1191.  1360.
  1880.   934.  1217.  1303.  1936.  1699.   742.  1351.  1977.   776.
   789.   872.  1629.  2203.  1048.  1177.   729.  1041.   721.  1400.
  1302.  1391.   745.  1351.   871.   688.   947.  1086.   863.  1044.]
81 [ 1650.  1267.   974.   555.  1077.  1605.  1108.   991.  1216.   683.
   803.  1182.  1100.  2012.  1585.  1329.  1034.  1576.  1190.  1366.
  1880.   934.  1212.  1303.  1936.  1699.   743.  1353.  1977.   778.
   788.   872.  1627.  2203.  1048.  1177.   735.  1037.   721.  1401.
  1296.  1391.   745.  1350.   871.   689.   944.  1085.   855.  1047.]
82 [ 1650.  1266.   974.   555.  1072.  1606.  1114.   988.  1217.   684.
   804.  1182.  1102.  2014.  1584.  1330.  1035.  1575.  1191.  1372.
  1880.   934.  1207.  1304.  1936.  1702.   744.  1353.  1977.   778.
   785.   873.  1625.  2200.  1047.  1183.   735.  1034.   721.  1400.
  1291.  1391.   744.  1348.   874.   689.   945.  1085.   848.  1052.]
83 [ 1651.  1267.   972.   556.  1071.  1605.  1120.   986.  1220.   687.
   806.  1183.  1102.  2013.  1584.  1333.  1035.  1573.  1191.  1374.
  1878.   934.  1208.  1304.  1936.  1702.   742.  1351.  1977.   778.
   781.   872.  1626.  2199.  1046.  1193.   737.  1034.   720.  1400.
  1287.  1392.   745.  1347.   870.   694.   940.  1081.   847.  1050.]
84 [ 1651.  1267.   973.   556.  1068.  1603.  1120.   982.  1223.   687.
   805.  1183.  1102.  2013.  1583.  1333.  1035.  1573.  1192.  1378.
  1880.   934.  1211.  1304.  1936.  1701.   738.  1351.  1977.   779.
   781.   871.  1626.  2198.  1046.  1195.   741.  1033.   720.  1400.
  1284.  1393.   744.  1345.   866.   694.   946.  1081.   850.  1048.]
85 [ 1650.  1267.   971.   556.  1064.  1602.  1125.   984.  1220.   687.
   806.  1183.  1103.  2013.  1583.  1333.  1035.  1575.  1192.  1381.
  1879.   933.  1212.  1304.  1937.  1701.   738.  1350.  1977.   779.
   782.   871.  1627.  2198.  1046.  1199.   740.  1031.   720.  1400.
  1281.  1394.   744.  1343.   868.   693.   949.  1079.   849.  1046.]
86 [ 1649.  1267.   970.   556.  1064.  1600.  1126.   985.  1218.   687.
   806.  1183.  1103.  2013.  1582.  1334.  1035.  1576.  1191.  1385.
  1878.   933.  1213.  1304.  1937.  1701.   738.  1349.  1977.   779.
   782.   871.  1627.  2197.  1046.  1200.   745.  1031.   719.  1400.
  1277.  1394.   744.  1342.   869.   694.   950.  1079.   848.  1046.]
87 [ 1649.  1267.   969.   556.  1063.  1600.  1130.   982.  1217.   687.
   806.  1183.  1103.  2014.  1582.  1334.  1035.  1577.  1195.  1386.
  1878.   933.  1213.  1304.  1937.  1701.   736.  1349.  1977.   778.
   782.   871.  1627.  2196.  1047.  1201.   744.  1031.   719.  1400.
  1276.  1394.   744.  1341.   872.   694.   953.  1074.   848.  1045.]
88 [ 1650.  1267.   970.   556.  1061.  1602.  1129.   980.  1213.   687.
   806.  1183.  1103.  2014.  1582.  1334.  1035.  1580.  1197.  1387.
  1879.   933.  1212.  1304.  1936.  1700.   734.  1349.  1976.   778.
   782.   871.  1627.  2194.  1046.  1204.   749.  1030.   719.  1400.
  1275.  1395.   744.  1339.   871.   694.   956.  1072.   848.  1047.]
89 [ 1650.  1268.   970.   556.  1060.  1600.  1130.   979.  1212.   687.
   806.  1183.  1103.  2013.  1582.  1334.  1035.  1581.  1197.  1388.
  1879.   933.  1214.  1304.  1935.  1700.   734.  1349.  1976.   778.
   782.   871.  1627.  2194.  1046.  1211.   751.  1029.   719.  1400.
  1273.  1395.   744.  1339.   873.   693.   957.  1067.   846.  1047.]
90 [ 1650.  1268.   970.   556.  1058.  1597.  1135.   975.  1211.   687.
   806.  1182.  1103.  2012.  1582.  1334.  1035.  1581.  1197.  1389.
  1879.   933.  1213.  1304.  1935.  1700.   734.  1349.  1977.   778.
   782.   871.  1627.  2194.  1048.  1219.   751.  1028.   718.  1400.
  1274.  1395.   744.  1338.   871.   692.   959.  1067.   845.  1047.]
91 [ 1650.  1269.   968.   556.  1058.  1595.  1139.   970.  1211.   687.
   806.  1182.  1103.  2012.  1582.  1334.  1035.  1581.  1197.  1391.
  1879.   933.  1212.  1304.  1932.  1700.   734.  1349.  1977.   778.
   782.   871.  1627.  2194.  1046.  1225.   758.  1029.   718.  1400.
  1272.  1396.   744.  1338.   870.   691.   958.  1066.   844.  1047.]
92 [ 1650.  1270.   968.   556.  1058.  1596.  1145.   971.  1210.   687.
   806.  1181.  1103.  2009.  1582.  1334.  1035.  1581.  1197.  1393.
  1879.   933.  1210.  1304.  1931.  1700.   733.  1349.  1976.   778.
   782.   871.  1627.  2194.  1045.  1227.   767.  1030.   718.  1400.
  1270.  1396.   744.  1338.   868.   690.   956.  1066.   839.  1047.]
93 [ 1650.  1270.   974.   556.  1058.  1594.  1148.   972.  1210.   687.
   806.  1181.  1103.  2006.  1582.  1334.  1036.  1582.  1198.  1395.
  1879.   933.  1206.  1304.  1934.  1700.   731.  1349.  1974.   778.
   782.   871.  1627.  2194.  1045.  1221.   775.  1032.   717.  1400.
  1269.  1397.   744.  1338.   870.   690.   956.  1065.   832.  1045.]
94 [ 1650.  1269.   977.   556.  1058.  1593.  1153.   967.  1212.   687.
   806.  1180.  1103.  2006.  1582.  1334.  1036.  1582.  1199.  1395.
  1879.   933.  1206.  1305.  1934.  1700.   731.  1348.  1974.   778.
   782.   871.  1627.  2194.  1045.  1220.   778.  1031.   717.  1400.
  1269.  1397.   744.  1339.   867.   692.   956.  1064.   828.  1046.]
95 [ 1650.  1269.   978.   556.  1058.  1593.  1157.   971.  1212.   687.
   806.  1180.  1103.  2006.  1581.  1334.  1036.  1582.  1199.  1395.
  1879.   933.  1208.  1305.  1934.  1700.   730.  1347.  1974.   778.
   782.   871.  1627.  2194.  1045.  1215.   780.  1031.   717.  1400.
  1268.  1397.   744.  1339.   866.   691.   956.  1065.   824.  1047.]
96 [ 1650.  1269.   978.   556.  1058.  1593.  1161.   974.  1212.   688.
   806.  1180.  1103.  2005.  1581.  1334.  1036.  1582.  1199.  1395.
  1879.   933.  1209.  1305.  1932.  1700.   731.  1346.  1974.   778.
   782.   871.  1627.  2195.  1045.  1212.   780.  1031.   717.  1400.
  1268.  1397.   744.  1339.   868.   690.   955.  1065.   821.  1046.]
97 [ 1650.  1269.   980.   556.  1058.  1592.  1165.   975.  1212.   688.
   806.  1180.  1103.  2006.  1581.  1334.  1036.  1582.  1199.  1395.
  1879.   933.  1210.  1305.  1930.  1700.   732.  1345.  1974.   778.
   782.   871.  1627.  2195.  1045.  1203.   785.  1030.   717.  1400.
  1268.  1397.   744.  1339.   868.   690.   958.  1063.   819.  1046.]
98 [ 1650.  1269.   977.   556.  1060.  1593.  1169.   972.  1213.   688.
   806.  1179.  1103.  2006.  1581.  1334.  1036.  1582.  1199.  1393.
  1880.   933.  1209.  1305.  1930.  1700.   730.  1344.  1974.   778.
   782.   871.  1627.  2195.  1045.  1205.   792.  1030.   717.  1400.
  1268.  1396.   744.  1340.   863.   690.   960.  1061.   819.  1046.]
99 [ 1649.  1269.   977.   556.  1059.  1592.  1174.   968.  1213.   688.
   806.  1177.  1103.  2004.  1581.  1334.  1036.  1582.  1199.  1393.
  1881.   933.  1207.  1305.  1929.  1700.   729.  1345.  1974.   778.
   782.   871.  1627.  2196.  1045.  1216.   791.  1031.   717.  1399.
  1268.  1396.   744.  1340.   864.   690.   961.  1058.   816.  1047.]
100 [ 1650.  1270.   979.   556.  1059.  1591.  1178.   964.  1213.   688.
   806.  1177.  1103.  2006.  1581.  1334.  1036.  1582.  1199.  1393.
  1880.   933.  1201.  1305.  1929.  1700.   726.  1345.  1973.   778.
   782.   871.  1627.  2196.  1045.  1220.   793.  1031.   717.  1399.
  1268.  1396.   744.  1340.   863.   690.   965.  1057.   815.  1046.]
101 [ 1651.  1270.   980.   556.  1059.  1591.  1180.   966.  1213.   688.
   806.  1177.  1103.  2005.  1581.  1334.  1036.  1582.  1200.  1394.
  1880.   933.  1196.  1305.  1929.  1700.   725.  1344.  1974.   778.
   782.   871.  1627.  2195.  1045.  1222.   796.  1031.   717.  1399.
  1268.  1397.   744.  1339.   861.   688.   966.  1057.   812.  1047.]
102 [ 1651.  1270.   981.   556.  1058.  1590.  1181.   964.  1213.   688.
   806.  1176.  1103.  2004.  1581.  1334.  1036.  1582.  1199.  1394.
  1880.   933.  1196.  1305.  1928.  1700.   725.  1344.  1975.   778.
   782.   871.  1627.  2196.  1046.  1228.   798.  1032.   717.  1400.
  1268.  1397.   744.  1339.   861.   687.   964.  1057.   807.  1048.]
103 [ 1651.  1270.   984.   556.  1057.  1590.  1182.   961.  1213.   688.
   806.  1176.  1103.  2004.  1581.  1334.  1036.  1582.  1199.  1395.
  1880.   933.  1197.  1304.  1929.  1699.   725.  1343.  1975.   778.
   782.   871.  1627.  2196.  1046.  1232.   799.  1032.   717.  1400.
  1268.  1396.   744.  1339.   860.   688.   964.  1059.   803.  1046.]
104 [ 1651.  1270.   986.   556.  1057.  1589.  1184.   962.  1212.   688.
   806.  1176.  1103.  2004.  1581.  1334.  1036.  1582.  1199.  1396.
  1880.   933.  1196.  1304.  1930.  1699.   725.  1343.  1974.   778.
   782.   871.  1627.  2196.  1046.  1232.   801.  1033.   717.  1400.
  1268.  1396.   744.  1338.   854.   688.   966.  1060.   802.  1045.]
105 [ 1651.  1270.   987.   556.  1057.  1584.  1188.   961.  1212.   688.
   806.  1176.  1103.  2002.  1581.  1334.  1037.  1582.  1198.  1395.
  1880.   933.  1194.  1304.  1930.  1699.   725.  1343.  1974.   778.
   781.   871.  1627.  2196.  1046.  1226.   814.  1034.   717.  1400.
  1268.  1396.   744.  1338.   852.   688.   963.  1061.   803.  1047.]
106 [ 1651.  1271.   988.   556.  1059.  1581.  1190.   959.  1211.   688.
   806.  1176.  1103.  2002.  1580.  1334.  1037.  1582.  1199.  1396.
  1880.   933.  1190.  1304.  1926.  1699.   725.  1343.  1976.   778.
   781.   871.  1627.  2197.  1046.  1226.   821.  1036.   717.  1400.
  1268.  1396.   744.  1337.   853.   685.   959.  1062.   803.  1048.]
107 [ 1651.  1272.   991.   556.  1061.  1580.  1186.   957.  1210.   688.
   806.  1176.  1103.  2004.  1580.  1334.  1037.  1582.  1200.  1396.
  1880.   933.  1184.  1304.  1924.  1699.   724.  1343.  1976.   778.
   782.   871.  1627.  2200.  1045.  1228.   825.  1040.   717.  1400.
  1268.  1395.   744.  1337.   854.   684.   957.  1061.   803.  1047.]
108 [ 1649.  1272.   991.   556.  1058.  1580.  1190.   955.  1211.   688.
   806.  1175.  1103.  2005.  1580.  1334.  1037.  1582.  1200.  1396.
  1879.   934.  1183.  1304.  1923.  1699.   723.  1343.  1976.   778.
   782.   871.  1627.  2200.  1045.  1226.   829.  1041.   717.  1400.
  1268.  1396.   744.  1336.   854.   685.   956.  1062.   803.  1048.]
109 [ 1650.  1272.   992.   556.  1058.  1578.  1189.   956.  1213.   689.
   806.  1174.  1103.  2004.  1579.  1334.  1037.  1582.  1202.  1397.
  1877.   934.  1182.  1304.  1920.  1699.   720.  1344.  1976.   778.
   782.   871.  1628.  2201.  1045.  1227.   830.  1042.   717.  1400.
  1268.  1396.   744.  1336.   852.   685.   958.  1064.   802.  1047.]
110 [ 1650.  1272.   993.   556.  1058.  1577.  1191.   956.  1212.   689.
   806.  1174.  1103.  2003.  1579.  1334.  1037.  1582.  1202.  1397.
  1877.   934.  1182.  1301.  1920.  1699.   721.  1343.  1976.   778.
   782.   871.  1628.  2203.  1045.  1227.   834.  1042.   717.  1400.
  1268.  1395.   744.  1335.   850.   685.   958.  1065.   803.  1046.]
111 [ 1650.  1272.   993.   556.  1058.  1574.  1194.   955.  1211.   689.
   806.  1174.  1103.  1999.  1579.  1334.  1037.  1582.  1202.  1397.
  1877.   934.  1183.  1301.  1920.  1699.   721.  1343.  1976.   778.
   782.   871.  1629.  2205.  1045.  1226.   835.  1044.   717.  1400.
  1268.  1395.   744.  1335.   849.   684.   959.  1065.   804.  1046.]
112 [ 1649.  1272.   996.   556.  1058.  1573.  1191.   955.  1211.   689.
   806.  1173.  1103.  2000.  1579.  1334.  1037.  1584.  1202.  1397.
  1877.   934.  1185.  1300.  1918.  1699.   722.  1343.  1975.   778.
   782.   871.  1630.  2204.  1045.  1224.   837.  1046.   717.  1400.
  1268.  1395.   744.  1335.   849.   683.   961.  1065.   803.  1045.]
113 [ 1650.  1272.   995.   556.  1058.  1572.  1196.   952.  1211.   689.
   806.  1173.  1103.  2000.  1579.  1334.  1037.  1584.  1202.  1397.
  1876.   934.  1186.  1300.  1916.  1699.   721.  1343.  1975.   778.
   782.   871.  1630.  2204.  1045.  1221.   838.  1048.   717.  1400.
  1268.  1395.   744.  1335.   849.   684.   961.  1066.   802.  1046.]
114 [ 1651.  1272.   996.   556.  1058.  1572.  1197.   949.  1212.   689.
   806.  1173.  1102.  2000.  1579.  1334.  1037.  1584.  1202.  1397.
  1875.   934.  1185.  1300.  1916.  1699.   721.  1342.  1975.   778.
   782.   871.  1630.  2204.  1045.  1213.   839.  1053.   717.  1400.
  1269.  1395.   744.  1335.   848.   684.   962.  1069.   802.  1047.]
115 [ 1648.  1273.   997.   556.  1058.  1575.  1198.   944.  1212.   689.
   806.  1173.  1102.  1999.  1579.  1335.  1037.  1584.  1201.  1397.
  1874.   933.  1185.  1299.  1916.  1699.   723.  1340.  1975.   778.
   782.   872.  1630.  2204.  1045.  1212.   837.  1055.   717.  1400.
  1269.  1396.   744.  1335.   848.   684.   966.  1069.   802.  1048.]
116 [ 1648.  1273.   997.   556.  1058.  1575.  1197.   936.  1213.   689.
   806.  1173.  1101.  1998.  1578.  1335.  1037.  1584.  1202.  1397.
  1873.   933.  1181.  1298.  1914.  1699.   722.  1339.  1975.   778.
   782.   872.  1630.  2205.  1045.  1220.   837.  1060.   717.  1400.
  1269.  1396.   744.  1336.   848.   684.   968.  1072.   800.  1050.]
117 [ 1651.  1273.   997.   556.  1059.  1572.  1194.   931.  1214.   689.
   806.  1173.  1101.  1998.  1578.  1335.  1037.  1584.  1202.  1397.
  1871.   933.  1178.  1298.  1914.  1698.   723.  1339.  1975.   778.
   782.   872.  1630.  2206.  1045.  1216.   835.  1067.   717.  1400.
  1270.  1397.   744.  1337.   848.   685.   967.  1077.   799.  1052.]
118 [ 1651.  1273.   999.   556.  1059.  1571.  1190.   924.  1215.   689.
   806.  1172.  1101.  1998.  1578.  1335.  1037.  1585.  1202.  1397.
  1870.   933.  1176.  1298.  1913.  1699.   722.  1338.  1975.   778.
   782.   872.  1630.  2207.  1045.  1224.   834.  1073.   717.  1400.
  1270.  1397.   744.  1337.   845.   685.   967.  1081.   798.  1052.]
119 [ 1654.  1273.   998.   556.  1059.  1570.  1189.   920.  1215.   689.
   806.  1172.  1101.  1998.  1578.  1336.  1037.  1585.  1202.  1397.
  1868.   934.  1170.  1298.  1912.  1699.   723.  1336.  1975.   778.
   781.   872.  1630.  2207.  1044.  1229.   832.  1076.   717.  1399.
  1270.  1397.   744.  1338.   843.   684.   969.  1085.   800.  1055.]
120 [ 1654.  1272.  1000.   556.  1059.  1569.  1190.   912.  1215.   689.
   806.  1172.  1101.  1996.  1578.  1335.  1037.  1585.  1203.  1397.
  1868.   935.  1168.  1298.  1910.  1699.   726.  1336.  1975.   778.
   781.   872.  1630.  2207.  1044.  1231.   835.  1078.   717.  1399.
  1270.  1398.   745.  1338.   841.   683.   968.  1089.   799.  1056.]
121 [ 1653.  1271.  1002.   556.  1059.  1569.  1190.   908.  1215.   689.
   806.  1172.  1101.  1996.  1578.  1335.  1037.  1585.  1203.  1397.
  1868.   936.  1167.  1297.  1909.  1699.   726.  1336.  1974.   778.
   781.   872.  1630.  2208.  1043.  1231.   837.  1078.   717.  1399.
  1270.  1398.   747.  1338.   841.   681.   970.  1090.   798.  1059.]
122 [ 1652.  1270.  1004.   555.  1059.  1570.  1195.   903.  1219.   689.
   806.  1172.  1101.  1994.  1578.  1335.  1037.  1585.  1202.  1397.
  1869.   936.  1166.  1296.  1905.  1699.   725.  1335.  1974.   778.
   782.   872.  1630.  2207.  1043.  1232.   838.  1080.   717.  1399.
  1269.  1398.   747.  1339.   841.   679.   971.  1091.   799.  1060.]
123 [ 1653.  1270.  1008.   555.  1060.  1570.  1198.   903.  1220.   689.
   806.  1172.  1101.  1992.  1578.  1335.  1037.  1585.  1201.  1396.
  1869.   936.  1163.  1297.  1902.  1697.   724.  1335.  1973.   778.
   782.   871.  1630.  2207.  1043.  1240.   838.  1082.   717.  1399.
  1270.  1397.   747.  1339.   838.   678.   970.  1092.   794.  1063.]
124 [ 1652.  1270.  1010.   556.  1061.  1571.  1197.   894.  1221.   689.
   806.  1172.  1101.  1995.  1577.  1334.  1037.  1585.  1202.  1395.
  1869.   936.  1162.  1295.  1904.  1697.   724.  1333.  1972.   778.
   781.   870.  1630.  2206.  1043.  1243.   835.  1083.   717.  1400.
  1271.  1397.   747.  1339.   836.   677.   974.  1093.   794.  1069.]
125 [ 1653.  1270.  1012.   556.  1062.  1572.  1194.   882.  1221.   689.
   806.  1172.  1101.  1997.  1577.  1334.  1037.  1585.  1202.  1395.
  1868.   936.  1165.  1293.  1906.  1697.   724.  1333.  1971.   778.
   781.   870.  1630.  2206.  1042.  1245.   835.  1084.   717.  1401.
  1270.  1396.   747.  1338.   836.   675.   976.  1094.   794.  1075.]
126 [ 1654.  1270.  1014.   556.  1062.  1571.  1196.   873.  1221.   689.
   806.  1172.  1101.  1999.  1577.  1334.  1037.  1585.  1202.  1396.
  1866.   936.  1168.  1292.  1907.  1697.   725.  1333.  1969.   778.
   781.   870.  1630.  2207.  1041.  1249.   833.  1085.   717.  1401.
  1270.  1396.   747.  1338.   836.   672.   976.  1094.   793.  1078.]
127 [ 1655.  1270.  1016.   556.  1063.  1570.  1196.   868.  1222.   689.
   806.  1172.  1101.  1999.  1577.  1335.  1037.  1584.  1203.  1396.
  1864.   936.  1167.  1292.  1908.  1697.   725.  1333.  1969.   778.
   781.   870.  1630.  2208.  1040.  1255.   831.  1087.   717.  1401.
  1270.  1396.   747.  1338.   834.   671.   975.  1092.   791.  1082.]
128 [ 1656.  1270.  1016.   556.  1064.  1571.  1197.   870.  1220.   689.
   806.  1172.  1101.  1999.  1577.  1335.  1037.  1584.  1203.  1396.
  1863.   935.  1170.  1291.  1909.  1697.   727.  1333.  1968.   778.
   781.   870.  1630.  2208.  1040.  1254.   831.  1090.   717.  1400.
  1269.  1396.   747.  1337.   833.   670.   976.  1090.   788.  1083.]
129 [ 1655.  1269.  1016.   556.  1068.  1573.  1200.   865.  1221.   689.
   806.  1172.  1101.  1999.  1577.  1335.  1037.  1584.  1203.  1397.
  1863.   936.  1172.  1291.  1909.  1697.   727.  1332.  1968.   778.
   781.   870.  1630.  2209.  1039.  1247.   830.  1090.   718.  1401.
  1269.  1396.   746.  1337.   831.   668.   974.  1092.   785.  1091.]
130 [ 1653.  1269.  1018.   556.  1069.  1573.  1203.   863.  1220.   688.
   806.  1172.  1101.  1998.  1577.  1335.  1037.  1584.  1203.  1397.
  1863.   936.  1177.  1291.  1908.  1697.   727.  1332.  1969.   778.
   781.   870.  1630.  2209.  1040.  1243.   832.  1089.   719.  1402.
  1269.  1397.   746.  1336.   828.   667.   971.  1094.   783.  1094.]
131 [ 1653.  1268.  1020.   556.  1069.  1573.  1203.   863.  1221.   688.
   806.  1172.  1101.  1998.  1577.  1335.  1037.  1584.  1203.  1397.
  1862.   936.  1179.  1291.  1908.  1697.   729.  1332.  1969.   778.
   780.   870.  1630.  2209.  1040.  1238.   834.  1089.   719.  1402.
  1268.  1397.   745.  1336.   830.   666.   970.  1093.   784.  1095.]
132 [ 1654.  1268.  1022.   556.  1070.  1571.  1201.   861.  1220.   688.
   806.  1172.  1101.  1999.  1577.  1335.  1037.  1584.  1204.  1397.
  1861.   936.  1180.  1291.  1908.  1697.   729.  1332.  1969.   778.
   780.   870.  1630.  2209.  1040.  1240.   831.  1093.   719.  1402.
  1267.  1396.   744.  1336.   831.   666.   966.  1096.   784.  1096.]
133 [ 1654.  1268.  1024.   556.  1073.  1571.  1204.   858.  1218.   688.
   806.  1172.  1101.  2000.  1577.  1335.  1037.  1584.  1206.  1397.
  1861.   936.  1180.  1291.  1908.  1697.   728.  1331.  1969.   778.
   780.   870.  1630.  2209.  1040.  1239.   829.  1093.   719.  1402.
  1268.  1396.   744.  1336.   831.   665.   965.  1097.   784.  1095.]
134 [ 1653.  1268.  1024.   556.  1075.  1571.  1207.   855.  1217.   688.
   806.  1172.  1101.  2001.  1577.  1335.  1037.  1584.  1207.  1397.
  1861.   936.  1180.  1291.  1908.  1697.   727.  1331.  1969.   778.
   780.   870.  1629.  2209.  1040.  1239.   828.  1091.   719.  1402.
  1268.  1396.   744.  1335.   829.   665.   969.  1098.   784.  1096.]
135 [ 1653.  1268.  1025.   556.  1077.  1571.  1213.   855.  1218.   688.
   806.  1172.  1102.  2001.  1577.  1336.  1037.  1583.  1207.  1397.
  1861.   936.  1178.  1291.  1908.  1697.   726.  1330.  1969.   778.
   780.   870.  1630.  2209.  1040.  1236.   825.  1089.   719.  1402.
  1268.  1396.   744.  1337.   828.   664.   972.  1098.   782.  1095.]
136 [ 1653.  1268.  1025.   556.  1075.  1571.  1212.   856.  1217.   688.
   806.  1172.  1102.  2000.  1577.  1336.  1037.  1583.  1206.  1397.
  1861.   936.  1182.  1291.  1908.  1697.   730.  1329.  1969.   778.
   780.   871.  1630.  2210.  1040.  1235.   824.  1092.   719.  1402.
  1268.  1396.   744.  1337.   827.   665.   969.  1098.   781.  1094.]
137 [ 1653.  1268.  1028.   556.  1075.  1571.  1212.   853.  1216.   688.
   805.  1172.  1102.  2000.  1577.  1336.  1037.  1583.  1206.  1397.
  1861.   936.  1180.  1290.  1908.  1697.   729.  1329.  1970.   778.
   780.   871.  1630.  2210.  1040.  1236.   823.  1093.   719.  1402.
  1268.  1396.   744.  1337.   828.   664.   970.  1100.   781.  1095.]
138 [ 1653.  1268.  1030.   556.  1075.  1571.  1213.   852.  1215.   688.
   805.  1172.  1102.  2000.  1577.  1336.  1037.  1583.  1206.  1397.
  1861.   936.  1178.  1290.  1908.  1697.   729.  1329.  1970.   778.
   780.   871.  1630.  2210.  1040.  1236.   821.  1095.   719.  1402.
  1268.  1396.   744.  1337.   830.   663.   971.  1100.   780.  1095.]
139 [ 1653.  1268.  1033.   556.  1075.  1571.  1215.   849.  1215.   688.
   805.  1172.  1102.  2000.  1577.  1337.  1037.  1583.  1206.  1397.
  1861.   936.  1176.  1290.  1907.  1697.   729.  1329.  1970.   778.
   780.   871.  1630.  2211.  1040.  1238.   820.  1094.   719.  1402.
  1269.  1396.   744.  1337.   830.   662.   970.  1100.   781.  1094.]
140 [ 1653.  1268.  1035.   556.  1074.  1572.  1215.   846.  1216.   688.
   805.  1172.  1102.  2000.  1577.  1338.  1037.  1582.  1205.  1397.
  1861.   936.  1176.  1290.  1907.  1697.   725.  1329.  1969.   778.
   780.   871.  1630.  2211.  1040.  1238.   822.  1095.   719.  1402.
  1269.  1396.   744.  1337.   831.   661.   971.  1101.   782.  1094.]
141 [ 1653.  1268.  1035.   556.  1074.  1573.  1219.   843.  1217.   688.
   805.  1172.  1102.  2000.  1577.  1339.  1037.  1582.  1205.  1397.
  1860.   936.  1176.  1290.  1907.  1697.   724.  1329.  1968.   778.
   780.   871.  1630.  2211.  1040.  1239.   822.  1095.   719.  1402.
  1269.  1396.   744.  1337.   831.   662.   969.  1100.   782.  1094.]
142 [ 1653.  1268.  1034.   556.  1075.  1572.  1219.   840.  1217.   688.
   805.  1172.  1102.  2000.  1577.  1341.  1037.  1582.  1205.  1397.
  1859.   936.  1176.  1290.  1907.  1697.   724.  1329.  1967.   778.
   780.   871.  1630.  2211.  1040.  1241.   822.  1096.   719.  1402.
  1269.  1396.   745.  1337.   831.   662.   967.  1100.   783.  1095.]
143 [ 1653.  1268.  1033.   556.  1075.  1572.  1220.   837.  1217.   688.
   805.  1172.  1102.  2000.  1577.  1342.  1037.  1581.  1205.  1397.
  1859.   936.  1176.  1290.  1907.  1697.   725.  1330.  1967.   778.
   780.   871.  1630.  2211.  1040.  1242.   822.  1094.   719.  1402.
  1269.  1396.   745.  1337.   831.   662.   967.  1101.   783.  1096.]
144 [ 1653.  1268.  1031.   556.  1075.  1572.  1220.   837.  1217.   688.
   805.  1172.  1102.  2000.  1577.  1342.  1037.  1580.  1205.  1397.
  1860.   936.  1175.  1290.  1907.  1697.   726.  1330.  1967.   778.
   780.   871.  1630.  2211.  1040.  1241.   823.  1094.   719.  1402.
  1269.  1396.   745.  1337.   831.   663.   967.  1101.   783.  1097.]
145 [ 1653.  1268.  1031.   556.  1075.  1572.  1220.   837.  1217.   688.
   805.  1172.  1102.  2000.  1577.  1344.  1037.  1577.  1205.  1397.
  1861.   936.  1175.  1290.  1907.  1697.   728.  1330.  1967.   778.
   780.   871.  1630.  2211.  1040.  1241.   823.  1092.   719.  1402.
  1269.  1396.   745.  1337.   831.   664.   967.  1100.   783.  1097.]
146 [ 1653.  1268.  1031.   556.  1075.  1571.  1221.   837.  1217.   688.
   805.  1172.  1102.  2000.  1577.  1347.  1037.  1574.  1205.  1397.
  1862.   936.  1175.  1290.  1907.  1697.   730.  1330.  1967.   778.
   780.   871.  1630.  2211.  1040.  1241.   823.  1089.   719.  1402.
  1269.  1396.   745.  1337.   831.   664.   967.  1100.   783.  1097.]
147 [ 1652.  1268.  1031.   556.  1075.  1571.  1220.   837.  1217.   688.
   805.  1172.  1102.  2000.  1577.  1350.  1037.  1575.  1205.  1397.
  1862.   936.  1175.  1290.  1907.  1697.   732.  1329.  1967.   778.
   780.   871.  1630.  2210.  1040.  1241.   823.  1087.   719.  1402.
  1269.  1396.   745.  1337.   831.   664.   967.  1100.   783.  1097.]
148 [ 1652.  1268.  1031.   556.  1075.  1572.  1220.   837.  1218.   688.
   805.  1172.  1102.  2000.  1577.  1351.  1037.  1577.  1205.  1397.
  1862.   936.  1175.  1290.  1907.  1697.   733.  1328.  1967.   778.
   780.   871.  1630.  2208.  1040.  1241.   823.  1084.   719.  1402.
  1269.  1396.   745.  1337.   831.   664.   967.  1100.   783.  1097.]
149 [ 1652.  1268.  1031.   556.  1075.  1574.  1218.   837.  1218.   688.
   805.  1172.  1102.  2000.  1576.  1350.  1037.  1576.  1205.  1397.
  1861.   936.  1175.  1290.  1907.  1697.   737.  1328.  1967.   778.
   780.   871.  1630.  2209.  1039.  1241.   823.  1084.   719.  1401.
  1269.  1396.   745.  1338.   831.   664.   967.  1100.   783.  1097.]
150 [ 1652.  1268.  1031.   556.  1075.  1575.  1216.   837.  1218.   688.
   805.  1172.  1101.  2000.  1576.  1351.  1037.  1576.  1205.  1397.
  1860.   936.  1175.  1290.  1907.  1697.   740.  1328.  1967.   778.
   780.   871.  1630.  2209.  1039.  1241.   823.  1086.   719.  1400.
  1269.  1396.   745.  1338.   831.   664.   965.  1100.   783.  1097.]
151 [ 1652.  1268.  1031.   556.  1075.  1574.  1217.   837.  1219.   688.
   805.  1173.  1101.  2000.  1576.  1352.  1037.  1576.  1205.  1397.
  1858.   936.  1175.  1290.  1907.  1697.   741.  1329.  1967.   778.
   780.   871.  1630.  2209.  1039.  1241.   821.  1085.   719.  1399.
  1269.  1396.   745.  1338.   831.   664.   966.  1100.   783.  1097.]
152 [ 1652.  1268.  1031.   556.  1076.  1574.  1217.   837.  1219.   688.
   805.  1173.  1101.  2000.  1576.  1353.  1037.  1577.  1206.  1397.
  1857.   936.  1175.  1290.  1907.  1697.   740.  1328.  1967.   778.
   780.   871.  1630.  2210.  1039.  1240.   822.  1083.   719.  1399.
  1269.  1396.   745.  1338.   831.   664.   966.  1100.   783.  1097.]
153 [ 1652.  1268.  1031.   556.  1078.  1574.  1218.   837.  1219.   688.
   805.  1173.  1101.  2000.  1576.  1353.  1037.  1577.  1206.  1397.
  1857.   936.  1175.  1290.  1907.  1697.   739.  1328.  1967.   778.
   780.   871.  1630.  2210.  1039.  1239.   823.  1081.   719.  1399.
  1269.  1396.   745.  1338.   831.   664.   966.  1100.   783.  1097.]
154 [ 1652.  1268.  1031.   556.  1078.  1574.  1219.   837.  1220.   688.
   805.  1173.  1101.  2000.  1576.  1353.  1037.  1577.  1206.  1397.
  1857.   936.  1175.  1290.  1907.  1697.   739.  1328.  1967.   778.
   780.   871.  1630.  2210.  1039.  1239.   822.  1078.   718.  1399.
  1269.  1397.   745.  1338.   831.   664.   967.  1100.   783.  1098.]
155 [ 1652.  1268.  1032.   556.  1078.  1574.  1220.   837.  1220.   688.
   805.  1173.  1101.  2000.  1576.  1354.  1037.  1577.  1206.  1397.
  1857.   936.  1175.  1290.  1907.  1697.   738.  1328.  1967.   778.
   780.   871.  1630.  2210.  1039.  1239.   822.  1076.   718.  1399.
  1269.  1397.   745.  1338.   831.   664.   967.  1100.   783.  1098.]
156 [ 1652.  1268.  1032.   556.  1078.  1574.  1219.   837.  1220.   688.
   805.  1173.  1101.  2000.  1576.  1354.  1037.  1577.  1206.  1397.
  1857.   936.  1174.  1290.  1907.  1697.   736.  1328.  1967.   778.
   780.   871.  1630.  2210.  1039.  1239.   823.  1076.   718.  1399.
  1269.  1397.   745.  1338.   831.   664.   970.  1100.   783.  1098.]
157 [ 1652.  1268.  1032.   556.  1078.  1574.  1221.   837.  1221.   688.
   805.  1173.  1101.  2000.  1576.  1354.  1037.  1577.  1206.  1397.
  1857.   936.  1173.  1290.  1907.  1697.   735.  1328.  1967.   778.
   780.   871.  1630.  2210.  1039.  1239.   824.  1073.   718.  1399.
  1269.  1397.   745.  1338.   831.   664.   971.  1100.   783.  1098.]
158 [ 1652.  1268.  1031.   556.  1079.  1575.  1223.   837.  1220.   688.
   805.  1173.  1101.  2000.  1576.  1354.  1037.  1577.  1206.  1397.
  1857.   936.  1173.  1290.  1907.  1697.   733.  1327.  1967.   778.
   780.   871.  1630.  2210.  1039.  1239.   824.  1070.   718.  1399.
  1269.  1397.   745.  1338.   831.   664.   975.  1100.   783.  1098.]
159 [ 1652.  1268.  1031.   556.  1079.  1575.  1223.   837.  1220.   688.
   805.  1173.  1101.  2000.  1576.  1354.  1037.  1577.  1206.  1397.
  1857.   936.  1173.  1290.  1907.  1697.   735.  1327.  1967.   778.
   780.   871.  1630.  2210.  1039.  1239.   824.  1069.   718.  1399.
  1269.  1395.   745.  1338.   831.   664.   976.  1100.   783.  1098.]
160 [ 1653.  1268.  1031.   556.  1079.  1575.  1223.   837.  1220.   688.
   805.  1173.  1101.  2000.  1576.  1354.  1037.  1577.  1206.  1397.
  1857.   936.  1173.  1290.  1907.  1697.   732.  1327.  1967.   778.
   780.   871.  1630.  2210.  1039.  1239.   824.  1070.   718.  1399.
  1269.  1395.   745.  1338.   831.   664.   977.  1100.   783.  1098.]
161 [ 1653.  1268.  1031.   556.  1079.  1575.  1223.   837.  1220.   688.
   805.  1173.  1101.  2000.  1576.  1354.  1037.  1577.  1206.  1397.
  1857.   936.  1173.  1290.  1907.  1697.   733.  1327.  1967.   778.
   780.   871.  1630.  2210.  1039.  1239.   824.  1069.   718.  1399.
  1269.  1395.   745.  1338.   831.   664.   977.  1100.   783.  1098.]
162 [ 1653.  1268.  1031.   556.  1079.  1575.  1223.   837.  1220.   688.
   805.  1173.  1101.  2000.  1576.  1354.  1037.  1577.  1206.  1397.
  1857.   936.  1173.  1290.  1907.  1697.   733.  1327.  1967.   778.
   780.   871.  1630.  2210.  1039.  1239.   824.  1068.   718.  1399.
  1269.  1395.   745.  1338.   831.   664.   978.  1100.   783.  1098.]
163 [ 1653.  1268.  1031.   556.  1079.  1575.  1223.   837.  1220.   688.
   805.  1173.  1101.  2000.  1576.  1354.  1037.  1577.  1206.  1397.
  1857.   936.  1173.  1290.  1907.  1697.   732.  1327.  1966.   778.
   780.   871.  1630.  2210.  1039.  1239.   824.  1068.   718.  1399.
  1269.  1395.   745.  1338.   831.   664.   980.  1100.   783.  1098.]
164 [ 1653.  1268.  1031.   556.  1079.  1575.  1224.   837.  1220.   688.
   805.  1173.  1101.  2000.  1576.  1354.  1037.  1577.  1206.  1397.
  1857.   936.  1173.  1290.  1907.  1697.   732.  1327.  1966.   778.
   780.   871.  1630.  2210.  1039.  1239.   824.  1068.   718.  1399.
  1269.  1395.   745.  1338.   831.   664.   979.  1100.   783.  1098.]
165 [ 1653.  1268.  1031.   556.  1079.  1575.  1224.   837.  1219.   688.
   805.  1173.  1101.  2000.  1576.  1354.  1037.  1577.  1206.  1397.
  1857.   936.  1173.  1290.  1907.  1697.   732.  1327.  1966.   778.
   780.   871.  1630.  2210.  1039.  1239.   824.  1068.   718.  1399.
  1269.  1395.   745.  1338.   831.   664.   980.  1100.   783.  1098.]
[ 1653.  1268.  1031.   556.  1079.  1575.  1224.   837.  1219.   688.
   805.  1173.  1101.  2000.  1576.  1354.  1037.  1577.  1206.  1397.
  1857.   936.  1173.  1290.  1907.  1697.   732.  1327.  1966.   778.
   780.   871.  1630.  2210.  1039.  1239.   824.  1068.   718.  1399.
  1269.  1395.   745.  1338.   831.   664.   980.  1100.   783.  1098.]
Time spent clustering :  30499.460315
means_kplusplus_cluster50
Digit: 0  Purity: 94.5% SD: 1471.0  Count: 5941
Digit: 1  Purity: 92.0% SD:  896.1  Count: 7177
Digit: 2  Purity: 79.8% SD: 1616.8  Count: 6614
Digit: 3  Purity: 71.6% SD: 1478.9  Count: 7121
Digit: 4  Purity: 57.2% SD: 1489.9  Count: 6816
Digit: 5  Purity: 78.0% SD: 1547.3  Count: 5260
Digit: 6  Purity: 93.5% SD: 1426.1  Count: 5907
Digit: 7  Purity: 75.9% SD: 1334.2  Count: 6126
Digit: 8  Purity: 87.2% SD: 1499.4  Count: 4828
Digit: 9  Purity: 44.8% SD: 1294.4  Count: 4210
Our accuracy in predicting test data for k = 50 was 78.2378237824 %
Time spent testing :  55.4115998745
