35 medians kplusplus 100
0 [ 2660.  2173.  1472.  1338.  2283.  2575.  1686.  1223.  2887.  1702.
  1548.  1430.  1029.  2678.  2674.  1139.  2527.   823.  2011.  2331.
  1725.   869.  1222.   978.   540.  1665.  1062.  1111.  1866.   811.
  2822.  1389.  2849.  1258.  1644.]
1 [ 2532.  1958.  1413.  1574.  2040.  2541.  1582.  1254.  2555.  1432.
  1939.  1568.  1150.  2658.  2436.  1014.  2440.   865.  1958.  2228.
  1743.  1209.  1685.  1004.   915.  1663.  1339.  1172.  1791.   964.
  2443.  1461.  2465.  1316.  1693.]
2 [ 2372.  1756.  1358.  1703.  1826.  2324.  1546.  1482.  2512.  1352.
  2055.  1531.  1195.  2426.  2353.   995.  2290.   974.  1972.  2200.
  1776.  1398.  1996.  1035.  1285.  1680.  1418.  1312.  1715.  1024.
  2163.  1508.  2337.  1365.  1766.]
3 [ 2307.  1626.  1378.  1811.  1681.  2095.  1514.  1625.  2506.  1393.
  2072.  1446.  1229.  2237.  2360.   978.  2175.  1046.  1981.  2186.
  1774.  1512.  2220.  1065.  1591.  1656.  1432.  1454.  1564.  1046.
  1924.  1608.  2285.  1328.  1895.]
4 [ 2322.  1522.  1405.  1875.  1571.  1935.  1476.  1687.  2517.  1454.
  2103.  1376.  1271.  2103.  2379.  1001.  2087.  1094.  1979.  2178.
  1735.  1590.  2352.  1096.  1836.  1644.  1441.  1590.  1397.  1064.
  1736.  1691.  2272.  1261.  1960.]
5 [ 2417.  1427.  1412.  1903.  1506.  1817.  1443.  1710.  2552.  1519.
  1925.  1305.  1334.  2065.  2399.  1010.  2048.  1094.  1979.  2164.
  1726.  1608.  2420.  1112.  1989.  1663.  1450.  1743.  1321.  1089.
  1610.  1743.  2265.  1239.  1993.]
6 [ 2513.  1351.  1423.  1927.  1470.  1791.  1425.  1723.  2573.  1555.
  1543.  1243.  1364.  2057.  2378.  1051.  2000.  1101.  1999.  2147.
  1758.  1664.  2450.  1119.  2043.  1724.  1462.  1879.  1337.  1140.
  1529.  1763.  2292.  1222.  1984.]
7 [ 2602.  1303.  1443.  1957.  1445.  1786.  1404.  1744.  2582.  1607.
  1187.  1181.  1375.  2030.  2336.  1085.  1954.  1116.  2021.  2124.
  1769.  1690.  2475.  1136.  2076.  1762.  1502.  1927.  1419.  1183.
  1477.  1767.  2321.  1236.  1978.]
8 [ 2654.  1260.  1466.  1961.  1433.  1800.  1391.  1763.  2568.  1639.
  1011.  1142.  1380.  2003.  2297.  1123.  1911.  1131.  2041.  2097.
  1759.  1676.  2479.  1133.  2069.  1749.  1578.  1954.  1512.  1240.
  1452.  1767.  2343.  1244.  1974.]
9 [ 2679.  1348.  1492.  1929.  1415.  1803.  1390.  1759.  2558.  1668.
   973.  1121.  1386.  1995.  2270.  1154.  1855.  1182.  2067.  2045.
  1702.  1654.  2480.  1119.  2059.  1723.  1630.  1936.  1549.  1298.
  1437.  1753.  2349.  1248.  1974.]
10 [ 2695.  1431.  1502.  1889.  1410.  1813.  1392.  1755.  2551.  1683.
   969.  1102.  1399.  1990.  2258.  1196.  1815.  1236.  2095.  1963.
  1704.  1643.  2476.  1100.  2039.  1701.  1675.  1903.  1526.  1356.
  1426.  1736.  2342.  1264.  1965.]
11 [ 2708.  1444.  1509.  1872.  1405.  1802.  1389.  1753.  2553.  1694.
   967.  1090.  1421.  1991.  2248.  1209.  1795.  1280.  2148.  1884.
  1712.  1630.  2455.  1091.  2056.  1686.  1722.  1889.  1486.  1390.
  1425.  1731.  2339.  1268.  1958.]
12 [ 2714.  1445.  1521.  1867.  1396.  1783.  1394.  1751.  2549.  1710.
   967.  1092.  1437.  1979.  2243.  1222.  1759.  1314.  2167.  1835.
  1736.  1631.  2428.  1073.  2077.  1671.  1749.  1858.  1448.  1412.
  1431.  1759.  2334.  1302.  1946.]
13 [ 2715.  1453.  1531.  1871.  1382.  1766.  1401.  1747.  2545.  1726.
   973.  1094.  1451.  1959.  2240.  1241.  1728.  1353.  2185.  1803.
  1747.  1636.  2398.  1060.  2117.  1655.  1765.  1841.  1402.  1418.
  1436.  1757.  2333.  1333.  1938.]
14 [ 2725.  1471.  1529.  1883.  1387.  1753.  1404.  1737.  2547.  1727.
   978.  1093.  1456.  1943.  2239.  1261.  1719.  1394.  2197.  1778.
  1751.  1630.  2369.  1053.  2138.  1639.  1782.  1828.  1368.  1422.
  1430.  1754.  2329.  1363.  1923.]
15 [ 2725.  1487.  1533.  1886.  1393.  1757.  1397.  1727.  2547.  1719.
   963.  1101.  1468.  1947.  2241.  1280.  1698.  1449.  2195.  1760.
  1784.  1627.  2336.  1028.  2163.  1628.  1788.  1798.  1336.  1429.
  1435.  1755.  2325.  1387.  1908.]
16 [ 2726.  1504.  1541.  1889.  1406.  1782.  1388.  1720.  2546.  1708.
   943.  1096.  1477.  1946.  2238.  1285.  1675.  1492.  2194.  1748.
  1825.  1618.  2294.  1025.  2173.  1616.  1795.  1790.  1319.  1434.
  1440.  1756.  2312.  1406.  1893.]
17 [ 2723.  1515.  1549.  1896.  1415.  1830.  1389.  1705.  2556.  1694.
   931.  1098.  1485.  1958.  2226.  1295.  1659.  1521.  2202.  1744.
  1877.  1612.  2252.  1013.  2104.  1612.  1801.  1776.  1308.  1438.
  1441.  1773.  2299.  1420.  1883.]
18 [ 2695.  1527.  1557.  1907.  1425.  1874.  1392.  1696.  2564.  1686.
   918.  1090.  1488.  1980.  2217.  1299.  1628.  1542.  2212.  1738.
  1896.  1625.  2225.  1017.  2000.  1608.  1803.  1773.  1297.  1442.
  1447.  1824.  2287.  1444.  1877.]
19 [ 2650.  1532.  1575.  1920.  1427.  1923.  1399.  1701.  2568.  1682.
   911.  1085.  1493.  2015.  2212.  1312.  1611.  1556.  2214.  1738.
  1890.  1622.  2195.  1003.  1929.  1607.  1806.  1773.  1281.  1440.
  1455.  1854.  2276.  1462.  1883.]
20 [ 2616.  1546.  1595.  1930.  1430.  1955.  1398.  1712.  2567.  1675.
   900.  1080.  1497.  2049.  2219.  1327.  1606.  1575.  2222.  1744.
  1860.  1615.  2167.   990.  1880.  1594.  1807.  1790.  1261.  1439.
  1454.  1880.  2263.  1474.  1883.]
21 [ 2577.  1564.  1624.  1938.  1427.  1987.  1399.  1714.  2564.  1655.
   871.  1079.  1493.  2107.  2220.  1345.  1611.  1586.  2225.  1743.
  1822.  1616.  2140.   983.  1866.  1586.  1808.  1806.  1240.  1440.
  1450.  1895.  2251.  1489.  1879.]
22 [ 2545.  1568.  1651.  1947.  1422.  1993.  1401.  1721.  2571.  1637.
   865.  1087.  1494.  2152.  2215.  1343.  1629.  1596.  2226.  1742.
  1800.  1605.  2116.   986.  1876.  1582.  1807.  1824.  1224.  1442.
  1450.  1868.  2234.  1514.  1867.]
23 [ 2515.  1568.  1666.  1954.  1422.  1994.  1403.  1730.  2574.  1633.
   837.  1082.  1499.  2194.  2205.  1345.  1625.  1614.  2239.  1744.
  1795.  1599.  2104.   978.  1887.  1571.  1805.  1830.  1222.  1446.
  1442.  1874.  2220.  1530.  1854.]
24 [ 2492.  1559.  1672.  1964.  1420.  2002.  1401.  1738.  2572.  1626.
   824.  1083.  1507.  2235.  2200.  1342.  1626.  1616.  2241.  1745.
  1796.  1599.  2087.   977.  1897.  1568.  1800.  1841.  1211.  1453.
  1433.  1881.  2207.  1542.  1843.]
25 [ 2465.  1566.  1694.  1967.  1421.  2000.  1398.  1744.  2567.  1616.
   794.  1086.  1512.  2278.  2193.  1333.  1629.  1620.  2251.  1746.
  1802.  1601.  2086.   973.  1905.  1569.  1793.  1847.  1194.  1461.
  1424.  1872.  2199.  1564.  1830.]
26 [ 2428.  1574.  1730.  1969.  1421.  2009.  1394.  1753.  2570.  1623.
   761.  1085.  1514.  2301.  2181.  1337.  1624.  1614.  2266.  1740.
  1809.  1609.  2086.   971.  1936.  1581.  1785.  1849.  1179.  1467.
  1410.  1843.  2194.  1568.  1819.]
27 [ 2409.  1579.  1759.  1971.  1424.  2028.  1394.  1758.  2571.  1610.
   702.  1086.  1516.  2354.  2148.  1345.  1618.  1610.  2283.  1738.
  1814.  1624.  2078.   958.  1971.  1587.  1787.  1842.  1182.  1465.
  1395.  1788.  2217.  1581.  1808.]
28 [ 2401.  1584.  1778.  1971.  1428.  2043.  1393.  1765.  2569.  1612.
   647.  1082.  1516.  2380.  2116.  1348.  1622.  1613.  2307.  1741.
  1827.  1624.  2065.   947.  2005.  1594.  1793.  1847.  1176.  1465.
  1383.  1712.  2255.  1588.  1803.]
29 [ 2411.  1586.  1788.  1970.  1438.  2061.  1394.  1759.  2562.  1593.
   572.  1080.  1512.  2408.  2083.  1352.  1631.  1620.  2317.  1741.
  1840.  1638.  2053.   943.  2040.  1590.  1796.  1850.  1157.  1469.
  1369.  1697.  2292.  1593.  1795.]
30 [ 2420.  1589.  1815.  1970.  1452.  2080.  1397.  1767.  2547.  1578.
   491.  1075.  1507.  2422.  2025.  1356.  1633.  1619.  2322.  1741.
  1842.  1654.  2055.   949.  2066.  1598.  1799.  1856.  1174.  1475.
  1357.  1650.  2331.  1603.  1785.]
31 [ 2450.  1588.  1821.  1973.  1466.  2102.  1398.  1780.  2525.  1569.
   476.  1065.  1514.  2458.  1947.  1365.  1633.  1619.  2336.  1741.
  1847.  1678.  2048.   964.  2082.  1608.  1812.  1860.  1185.  1481.
  1338.  1520.  2356.  1615.  1780.]
32 [ 2480.  1591.  1836.  1973.  1479.  2098.  1401.  1779.  2475.  1553.
   503.  1072.  1518.  2473.  1912.  1381.  1642.  1633.  2345.  1739.
  1848.  1712.  2038.   959.  2111.  1620.  1817.  1872.  1181.  1486.
  1323.  1382.  2358.  1627.  1783.]
33 [ 2502.  1593.  1841.  1976.  1481.  2096.  1403.  1781.  2413.  1545.
   537.  1087.  1519.  2431.  1915.  1394.  1667.  1638.  2346.  1738.
  1851.  1737.  2037.   971.  2124.  1626.  1823.  1877.  1186.  1490.
  1315.  1307.  2329.  1644.  1780.]
34 [ 2523.  1597.  1846.  1979.  1493.  2094.  1398.  1783.  2372.  1526.
   547.  1099.  1519.  2394.  1912.  1398.  1677.  1652.  2347.  1734.
  1857.  1775.  2039.   972.  2136.  1636.  1814.  1890.  1215.  1493.
  1304.  1276.  2279.  1649.  1775.]
35 [ 2532.  1601.  1847.  1979.  1493.  2096.  1395.  1785.  2311.  1510.
   549.  1103.  1520.  2347.  1924.  1400.  1689.  1666.  2350.  1731.
  1859.  1793.  2040.   978.  2143.  1642.  1809.  1896.  1276.  1496.
  1301.  1264.  2245.  1653.  1777.]
36 [ 2550.  1603.  1847.  1980.  1494.  2098.  1396.  1779.  2268.  1489.
   553.  1109.  1523.  2313.  1931.  1403.  1709.  1670.  2357.  1729.
  1864.  1807.  2039.   976.  2137.  1641.  1810.  1901.  1336.  1499.
  1299.  1251.  2210.  1652.  1777.]
37 [ 2571.  1606.  1852.  1980.  1491.  2106.  1401.  1781.  2223.  1474.
   566.  1113.  1524.  2266.  1947.  1409.  1737.  1683.  2354.  1726.
  1861.  1810.  2042.   976.  2133.  1641.  1811.  1899.  1373.  1502.
  1291.  1242.  2176.  1649.  1784.]
38 [ 2606.  1609.  1857.  1980.  1501.  2107.  1398.  1780.  2185.  1458.
   568.  1117.  1521.  2174.  1955.  1416.  1774.  1689.  2357.  1721.
  1858.  1813.  2043.   973.  2139.  1640.  1816.  1903.  1417.  1501.
  1285.  1254.  2148.  1645.  1792.]
39 [ 2642.  1608.  1857.  1981.  1501.  2104.  1397.  1776.  2152.  1452.
   571.  1119.  1521.  2098.  1976.  1422.  1806.  1694.  2359.  1720.
  1861.  1816.  2041.   971.  2144.  1642.  1821.  1907.  1437.  1500.
  1282.  1255.  2125.  1645.  1797.]
40 [ 2673.  1609.  1861.  1979.  1499.  2103.  1396.  1770.  2134.  1457.
   575.  1122.  1524.  2015.  1993.  1431.  1830.  1697.  2360.  1719.
  1861.  1821.  2037.   970.  2146.  1639.  1823.  1908.  1453.  1498.
  1288.  1262.  2102.  1641.  1804.]
41 [ 2695.  1609.  1863.  1978.  1502.  2102.  1397.  1767.  2127.  1452.
   589.  1122.  1526.  1945.  1998.  1431.  1853.  1701.  2360.  1717.
  1860.  1822.  2038.   968.  2148.  1640.  1822.  1906.  1479.  1500.
  1290.  1254.  2079.  1643.  1817.]
42 [ 2710.  1609.  1862.  1977.  1504.  2099.  1396.  1764.  2127.  1450.
   590.  1123.  1529.  1900.  2003.  1430.  1862.  1699.  2361.  1717.
  1868.  1821.  2037.   965.  2146.  1637.  1824.  1903.  1495.  1502.
  1289.  1266.  2061.  1644.  1830.]
43 [ 2726.  1607.  1862.  1976.  1499.  2099.  1399.  1751.  2120.  1463.
   588.  1124.  1533.  1878.  2010.  1430.  1860.  1695.  2362.  1717.
  1873.  1812.  2036.   966.  2149.  1635.  1825.  1904.  1502.  1501.
  1292.  1272.  2050.  1644.  1840.]
44 [ 2741.  1608.  1862.  1975.  1503.  2095.  1397.  1740.  2116.  1460.
   592.  1124.  1534.  1868.  2012.  1430.  1863.  1687.  2363.  1718.
  1876.  1812.  2038.   965.  2149.  1636.  1825.  1906.  1511.  1503.
  1293.  1264.  2044.  1645.  1845.]
45 [ 2741.  1609.  1861.  1975.  1507.  2098.  1400.  1734.  2117.  1462.
   593.  1124.  1534.  1856.  2019.  1432.  1867.  1674.  2362.  1718.
  1877.  1800.  2039.   965.  2151.  1633.  1824.  1905.  1523.  1505.
  1298.  1265.  2027.  1645.  1860.]
46 [ 2750.  1609.  1862.  1975.  1510.  2097.  1399.  1740.  2115.  1474.
   591.  1124.  1534.  1848.  2014.  1434.  1848.  1655.  2362.  1718.
  1879.  1801.  2037.   964.  2152.  1635.  1825.  1903.  1543.  1505.
  1300.  1266.  2015.  1645.  1871.]
47 [ 2748.  1610.  1862.  1975.  1508.  2106.  1399.  1735.  2112.  1464.
   590.  1127.  1535.  1847.  2009.  1436.  1852.  1646.  2362.  1716.
  1878.  1803.  2036.   964.  2149.  1634.  1826.  1907.  1554.  1505.
  1301.  1257.  2011.  1646.  1890.]
48 [ 2760.  1610.  1864.  1976.  1508.  2105.  1399.  1731.  2104.  1461.
   591.  1129.  1535.  1847.  2004.  1436.  1848.  1630.  2363.  1716.
  1880.  1805.  2034.   965.  2149.  1637.  1826.  1908.  1565.  1505.
  1301.  1251.  2009.  1646.  1902.]
49 [ 2772.  1609.  1866.  1976.  1508.  2108.  1399.  1731.  2103.  1462.
   593.  1129.  1535.  1841.  2001.  1438.  1847.  1615.  2363.  1715.
  1875.  1804.  2034.   964.  2146.  1640.  1825.  1909.  1571.  1504.
  1299.  1253.  2006.  1647.  1912.]
50 [ 2780.  1609.  1871.  1976.  1509.  2109.  1399.  1723.  2100.  1463.
   594.  1129.  1534.  1844.  2004.  1438.  1848.  1600.  2363.  1715.
  1870.  1806.  2034.   963.  2143.  1640.  1825.  1908.  1574.  1505.
  1297.  1253.  2004.  1649.  1921.]
51 [ 2784.  1610.  1871.  1976.  1507.  2112.  1398.  1714.  2099.  1460.
   595.  1129.  1534.  1851.  2007.  1438.  1853.  1589.  2365.  1715.
  1869.  1808.  2034.   963.  2141.  1641.  1824.  1904.  1577.  1505.
  1297.  1257.  2001.  1650.  1922.]
52 [ 2791.  1610.  1872.  1976.  1505.  2114.  1396.  1710.  2098.  1464.
   594.  1129.  1534.  1847.  2009.  1437.  1856.  1585.  2365.  1715.
  1868.  1806.  2034.   963.  2142.  1641.  1824.  1900.  1577.  1504.
  1298.  1265.  1997.  1650.  1924.]
53 [ 2787.  1611.  1872.  1976.  1503.  2115.  1396.  1705.  2092.  1461.
   592.  1129.  1534.  1849.  2014.  1436.  1858.  1586.  2366.  1715.
  1866.  1803.  2034.   962.  2141.  1642.  1825.  1899.  1576.  1504.
  1300.  1269.  1999.  1650.  1933.]
54 [ 2790.  1610.  1872.  1977.  1504.  2116.  1396.  1702.  2090.  1457.
   592.  1128.  1534.  1849.  2015.  1436.  1861.  1583.  2367.  1715.
  1865.  1802.  2035.   962.  2140.  1643.  1826.  1898.  1577.  1505.
  1302.  1268.  1999.  1649.  1935.]
55 [ 2792.  1610.  1872.  1978.  1505.  2116.  1396.  1699.  2090.  1457.
   588.  1128.  1534.  1852.  2015.  1436.  1862.  1581.  2367.  1714.
  1865.  1801.  2035.   962.  2141.  1643.  1826.  1898.  1577.  1506.
  1302.  1270.  1998.  1648.  1936.]
56 [ 2792.  1613.  1872.  1977.  1505.  2116.  1396.  1695.  2091.  1459.
   587.  1128.  1534.  1851.  2015.  1436.  1863.  1579.  2367.  1714.
  1864.  1802.  2035.   962.  2142.  1641.  1826.  1898.  1578.  1506.
  1302.  1272.  1997.  1648.  1937.]
57 [ 2794.  1615.  1872.  1977.  1505.  2116.  1396.  1692.  2093.  1460.
   591.  1128.  1534.  1851.  2014.  1436.  1863.  1578.  2367.  1713.
  1864.  1803.  2035.   962.  2142.  1640.  1826.  1898.  1579.  1506.
  1301.  1266.  1995.  1648.  1940.]
58 [ 2798.  1617.  1872.  1977.  1504.  2116.  1396.  1689.  2092.  1460.
   590.  1128.  1534.  1851.  2016.  1436.  1863.  1577.  2367.  1711.
  1864.  1802.  2035.   962.  2142.  1640.  1826.  1900.  1578.  1506.
  1302.  1266.  1994.  1648.  1941.]
59 [ 2799.  1617.  1872.  1977.  1504.  2116.  1396.  1691.  2091.  1461.
   589.  1128.  1534.  1849.  2018.  1436.  1863.  1576.  2368.  1710.
  1864.  1801.  2035.   962.  2142.  1639.  1826.  1901.  1578.  1506.
  1302.  1268.  1992.  1648.  1941.]
60 [ 2797.  1617.  1872.  1977.  1505.  2116.  1395.  1690.  2090.  1461.
   588.  1128.  1534.  1849.  2018.  1436.  1863.  1576.  2368.  1710.
  1863.  1801.  2035.   962.  2142.  1638.  1826.  1904.  1579.  1507.
  1302.  1268.  1991.  1648.  1944.]
61 [ 2795.  1617.  1872.  1977.  1504.  2116.  1393.  1689.  2087.  1461.
   588.  1128.  1534.  1849.  2021.  1436.  1863.  1578.  2368.  1710.
  1863.  1802.  2035.   962.  2142.  1637.  1826.  1908.  1579.  1507.
  1302.  1266.  1990.  1648.  1947.]
62 [ 2797.  1618.  1872.  1977.  1504.  2116.  1392.  1690.  2087.  1462.
   587.  1128.  1534.  1848.  2020.  1436.  1861.  1577.  2368.  1712.
  1863.  1802.  2035.   962.  2142.  1638.  1826.  1906.  1581.  1507.
  1302.  1265.  1990.  1648.  1947.]
63 [ 2795.  1618.  1872.  1977.  1504.  2116.  1391.  1691.  2089.  1463.
   587.  1128.  1534.  1847.  2020.  1436.  1861.  1577.  2368.  1712.
  1863.  1802.  2035.   962.  2142.  1638.  1826.  1908.  1582.  1507.
  1304.  1264.  1986.  1648.  1947.]
64 [ 2793.  1618.  1872.  1977.  1505.  2116.  1392.  1690.  2089.  1463.
   586.  1128.  1534.  1847.  2017.  1436.  1861.  1576.  2368.  1712.
  1864.  1802.  2035.   962.  2143.  1637.  1825.  1908.  1586.  1507.
  1304.  1265.  1985.  1648.  1949.]
65 [ 2797.  1618.  1871.  1977.  1505.  2117.  1391.  1688.  2087.  1463.
   586.  1128.  1534.  1847.  2016.  1436.  1861.  1576.  2368.  1712.
  1864.  1801.  2035.   962.  2144.  1637.  1824.  1909.  1589.  1507.
  1304.  1264.  1985.  1648.  1949.]
66 [ 2799.  1618.  1870.  1977.  1505.  2117.  1390.  1688.  2087.  1463.
   587.  1128.  1534.  1845.  2015.  1437.  1861.  1576.  2368.  1712.
  1865.  1801.  2035.   962.  2144.  1636.  1824.  1911.  1590.  1507.
  1304.  1263.  1984.  1648.  1949.]
67 [ 2800.  1619.  1870.  1977.  1505.  2117.  1389.  1688.  2087.  1463.
   587.  1128.  1534.  1844.  2012.  1437.  1861.  1576.  2368.  1712.
  1865.  1801.  2035.   962.  2144.  1636.  1824.  1911.  1593.  1507.
  1304.  1263.  1984.  1648.  1949.]
68 [ 2800.  1619.  1870.  1977.  1505.  2117.  1389.  1688.  2085.  1463.
   587.  1128.  1534.  1844.  2011.  1437.  1861.  1576.  2368.  1712.
  1865.  1801.  2036.   962.  2144.  1636.  1824.  1911.  1595.  1507.
  1304.  1263.  1984.  1648.  1949.]
69 [ 2800.  1619.  1870.  1977.  1505.  2117.  1389.  1688.  2085.  1463.
   587.  1128.  1534.  1844.  2009.  1438.  1861.  1576.  2368.  1712.
  1865.  1801.  2036.   962.  2144.  1636.  1824.  1911.  1596.  1507.
  1304.  1263.  1984.  1648.  1949.]
70 [ 2800.  1619.  1870.  1977.  1505.  2117.  1389.  1688.  2085.  1463.
   587.  1128.  1534.  1844.  2007.  1438.  1861.  1576.  2368.  1712.
  1865.  1801.  2036.   962.  2144.  1636.  1824.  1911.  1598.  1507.
  1304.  1263.  1984.  1648.  1949.]
71 [ 2800.  1619.  1870.  1977.  1505.  2117.  1389.  1688.  2085.  1463.
   587.  1128.  1534.  1843.  2007.  1438.  1861.  1576.  2368.  1712.
  1865.  1801.  2036.   962.  2144.  1636.  1824.  1911.  1599.  1507.
  1304.  1263.  1984.  1648.  1949.]
72 [ 2801.  1619.  1870.  1977.  1505.  2117.  1389.  1688.  2085.  1463.
   587.  1128.  1534.  1842.  2006.  1438.  1861.  1576.  2368.  1712.
  1865.  1801.  2036.   962.  2144.  1636.  1824.  1911.  1600.  1507.
  1304.  1263.  1984.  1648.  1949.]
73 [ 2802.  1619.  1870.  1977.  1505.  2117.  1389.  1687.  2085.  1463.
   587.  1128.  1534.  1841.  2007.  1438.  1861.  1576.  2368.  1712.
  1865.  1801.  2036.   962.  2144.  1636.  1824.  1911.  1600.  1507.
  1304.  1263.  1984.  1648.  1949.]
74 [ 2802.  1619.  1870.  1977.  1505.  2117.  1389.  1685.  2085.  1463.
   587.  1128.  1534.  1841.  2007.  1438.  1862.  1576.  2368.  1712.
  1865.  1802.  2036.   962.  2144.  1636.  1824.  1911.  1600.  1507.
  1304.  1263.  1984.  1648.  1949.]
75 [ 2802.  1619.  1870.  1977.  1505.  2117.  1390.  1684.  2085.  1463.
   587.  1128.  1534.  1841.  2007.  1438.  1862.  1576.  2368.  1712.
  1865.  1802.  2036.   962.  2144.  1636.  1824.  1911.  1600.  1507.
  1304.  1263.  1984.  1648.  1949.]
[ 2802.  1619.  1870.  1977.  1505.  2117.  1390.  1684.  2085.  1463.
   587.  1128.  1534.  1841.  2007.  1438.  1862.  1576.  2368.  1712.
  1865.  1802.  2036.   962.  2144.  1636.  1824.  1911.  1600.  1507.
  1304.  1263.  1984.  1648.  1949.]
Time spent clustering :  10859.8179948
medians_kplusplus_cluster35
Digit: 0  Purity: 87.2% SD: 1776.0  Count: 5895
Digit: 1  Purity: 85.4% SD: 1081.1  Count: 7676
Digit: 2  Purity: 78.4% SD: 1817.2  Count: 6325
Digit: 3  Purity: 73.8% SD: 1709.7  Count: 5635
Digit: 4  Purity: 65.2% SD: 1703.7  Count: 5435
Digit: 5  Purity: 64.3% SD: 1802.2  Count: 6144
Digit: 6  Purity: 85.0% SD: 1654.0  Count: 6357
Digit: 7  Purity: 71.4% SD: 1489.5  Count: 7689
Digit: 8  Purity: 88.3% SD: 1710.9  Count: 4180
Digit: 9  Purity: 60.1% SD: 1512.6  Count: 4664
Our accuracy in predicting test data for k = 35 was 77.2377237724 %
Time spent testing :  30.2818050385
