16 medians random 100
0 [ 1980.  4185.  1496.  3004.  2402.  8213.  4429.  4499.  3615.  6186.
  6030.  2066.  2237.  3643.  4626.  1389.]
1 [ 2303.  3885.  2295.  2944.  3258.  6873.  4284.  5333.  3634.  5396.
  4652.  2489.  2285.  3053.  5282.  2034.]
2 [ 2394.  3662.  2301.  2969.  3650.  6069.  3857.  5617.  3643.  4962.
  4478.  3196.  2333.  2888.  5617.  2364.]
3 [ 2428.  3575.  2324.  2952.  3962.  5499.  3516.  5907.  3600.  4760.
  4697.  3341.  2393.  2789.  5683.  2574.]
4 [ 2451.  3537.  2387.  2929.  4261.  5032.  3322.  6218.  3558.  4675.
  4824.  3341.  2449.  2673.  5619.  2724.]
5 [ 2491.  3547.  2395.  2917.  4508.  4729.  3258.  6349.  3244.  4600.
  4850.  3438.  2506.  2693.  5617.  2858.]
6 [ 2507.  3609.  2333.  2918.  4687.  4637.  3258.  6199.  2772.  4563.
  4789.  3614.  2549.  2781.  5773.  3011.]
7 [ 2536.  3665.  2258.  2924.  4853.  4664.  3274.  5887.  2228.  4581.
  4671.  3887.  2564.  2842.  6009.  3157.]
8 [ 2561.  3700.  2204.  2908.  4922.  4609.  3254.  5623.  2076.  4596.
  4552.  4176.  2573.  2883.  6076.  3287.]
9 [ 2603.  3725.  2164.  2892.  4952.  4539.  3207.  5338.  1982.  4617.
  4461.  4521.  2580.  2940.  6093.  3386.]
10 [ 2634.  3729.  2142.  2876.  4982.  4454.  3168.  5106.  1870.  4636.
  4416.  4908.  2593.  2991.  6048.  3447.]
11 [ 2666.  3738.  2151.  2856.  5008.  4344.  3147.  4899.  1727.  4631.
  4401.  5240.  2605.  3052.  6036.  3499.]
12 [ 2689.  3750.  2172.  2856.  5004.  4241.  3140.  4786.  1615.  4612.
  4355.  5533.  2617.  3106.  5989.  3535.]
13 [ 2706.  3772.  2200.  2850.  4979.  4128.  3141.  4719.  1493.  4577.
  4349.  5799.  2630.  3164.  5931.  3562.]
14 [ 2708.  3793.  2212.  2841.  4980.  4049.  3161.  4677.  1381.  4538.
  4363.  5998.  2643.  3191.  5887.  3578.]
15 [ 2708.  3829.  2211.  2832.  4955.  4007.  3213.  4664.  1314.  4496.
  4391.  6025.  2650.  3241.  5878.  3586.]
16 [ 2704.  3875.  2213.  2830.  4962.  3976.  3270.  4674.  1246.  4453.
  4396.  6004.  2655.  3268.  5884.  3590.]
17 [ 2705.  3924.  2214.  2829.  4955.  3952.  3327.  4707.  1206.  4424.
  4397.  5902.  2657.  3308.  5905.  3588.]
18 [ 2703.  3958.  2214.  2833.  4933.  3928.  3388.  4735.  1186.  4387.
  4419.  5816.  2661.  3336.  5916.  3587.]
19 [ 2705.  3992.  2218.  2842.  4908.  3912.  3428.  4753.  1157.  4357.
  4446.  5727.  2663.  3356.  5945.  3591.]
20 [ 2700.  4015.  2221.  2857.  4883.  3885.  3461.  4780.  1129.  4334.
  4470.  5649.  2666.  3378.  5972.  3600.]
21 [ 2696.  4030.  2245.  2869.  4864.  3866.  3492.  4793.  1108.  4319.
  4507.  5550.  2666.  3384.  6012.  3599.]
22 [ 2693.  4046.  2260.  2876.  4848.  3857.  3523.  4815.  1094.  4312.
  4542.  5426.  2666.  3395.  6050.  3597.]
23 [ 2700.  4056.  2265.  2876.  4837.  3877.  3547.  4846.  1083.  4309.
  4567.  5284.  2666.  3398.  6086.  3603.]
24 [ 2702.  4067.  2268.  2883.  4819.  3883.  3586.  4872.  1091.  4308.
  4594.  5129.  2664.  3422.  6108.  3604.]
25 [ 2706.  4067.  2263.  2887.  4807.  3890.  3627.  4901.  1097.  4306.
  4624.  4977.  2660.  3458.  6131.  3599.]
26 [ 2704.  4070.  2259.  2902.  4781.  3916.  3666.  4927.  1093.  4310.
  4649.  4809.  2660.  3506.  6148.  3600.]
27 [ 2704.  4072.  2255.  2908.  4764.  3935.  3713.  4950.  1103.  4314.
  4669.  4661.  2660.  3528.  6169.  3595.]
28 [ 2701.  4082.  2252.  2911.  4749.  3952.  3760.  4980.  1100.  4327.
  4693.  4503.  2657.  3555.  6187.  3591.]
29 [ 2693.  4096.  2237.  2918.  4727.  3965.  3802.  5003.  1112.  4338.
  4715.  4338.  2658.  3596.  6216.  3586.]
30 [ 2688.  4096.  2226.  2921.  4713.  3984.  3847.  5031.  1131.  4352.
  4726.  4172.  2660.  3631.  6236.  3586.]
31 [ 2684.  4107.  2221.  2930.  4701.  4000.  3888.  5050.  1143.  4359.
  4743.  4000.  2665.  3665.  6251.  3593.]
32 [ 2682.  4114.  2205.  2938.  4680.  4012.  3937.  5055.  1156.  4359.
  4745.  3866.  2664.  3715.  6266.  3606.]
33 [ 2680.  4112.  2189.  2945.  4658.  4018.  3994.  5062.  1145.  4361.
  4735.  3775.  2662.  3761.  6285.  3618.]
34 [ 2677.  4116.  2191.  2967.  4665.  4024.  4044.  5061.  1144.  4376.
  4718.  3663.  2667.  3769.  6295.  3623.]
35 [ 2680.  4117.  2203.  2986.  4638.  4032.  4081.  5065.  1138.  4394.
  4694.  3570.  2671.  3784.  6312.  3635.]
36 [ 2683.  4124.  2236.  2991.  4644.  4040.  4121.  5070.  1117.  4398.
  4649.  3484.  2680.  3785.  6335.  3643.]
37 [ 2683.  4130.  2264.  3001.  4624.  4052.  4157.  5085.  1104.  4406.
  4612.  3391.  2687.  3807.  6342.  3655.]
38 [ 2686.  4142.  2300.  3014.  4615.  4054.  4197.  5106.  1117.  4420.
  4540.  3282.  2691.  3816.  6354.  3666.]
39 [ 2684.  4146.  2365.  3021.  4626.  4060.  4229.  5121.  1123.  4447.
  4463.  3207.  2697.  3779.  6348.  3684.]
40 [ 2679.  4141.  2442.  3027.  4658.  4058.  4267.  5133.  1144.  4453.
  4376.  3135.  2700.  3754.  6347.  3686.]
41 [ 2678.  4132.  2522.  3038.  4733.  4043.  4294.  5143.  1165.  4461.
  4310.  3069.  2696.  3713.  6326.  3677.]
42 [ 2679.  4126.  2615.  3050.  4803.  4002.  4322.  5151.  1172.  4453.
  4243.  3026.  2687.  3722.  6283.  3666.]
43 [ 2674.  4112.  2692.  3048.  4830.  3949.  4355.  5171.  1191.  4449.
  4175.  2987.  2683.  3785.  6252.  3647.]
44 [ 2676.  4101.  2761.  3049.  4840.  3867.  4385.  5179.  1201.  4438.
  4113.  2981.  2680.  3861.  6231.  3637.]
45 [ 2677.  4077.  2832.  3057.  4889.  3775.  4425.  5176.  1222.  4421.
  4062.  2979.  2672.  3922.  6188.  3626.]
46 [ 2681.  4070.  2866.  3068.  4905.  3679.  4457.  5153.  1242.  4415.
  4028.  2987.  2677.  4012.  6147.  3613.]
47 [ 2689.  4061.  2915.  3075.  4881.  3577.  4482.  5122.  1300.  4405.
  4031.  2979.  2683.  4093.  6108.  3599.]
48 [ 2693.  4049.  2961.  3076.  4868.  3462.  4511.  5096.  1345.  4394.
  4042.  2980.  2693.  4204.  6041.  3585.]
49 [ 2696.  4034.  3005.  3087.  4873.  3355.  4531.  5097.  1396.  4369.
  4030.  2947.  2695.  4336.  5965.  3584.]
50 [ 2697.  4005.  3028.  3093.  4921.  3274.  4561.  5076.  1436.  4356.
  4032.  2917.  2697.  4460.  5866.  3581.]
51 [ 2699.  3994.  3072.  3101.  4986.  3184.  4583.  5046.  1477.  4345.
  4054.  2835.  2705.  4570.  5776.  3573.]
52 [ 2701.  3981.  3122.  3119.  5076.  3108.  4583.  5002.  1516.  4333.
  4082.  2761.  2702.  4694.  5661.  3559.]
53 [ 2703.  3966.  3145.  3142.  5242.  3030.  4559.  4940.  1536.  4322.
  4104.  2721.  2706.  4828.  5519.  3537.]
54 [ 2708.  3956.  3171.  3156.  5378.  2938.  4560.  4885.  1574.  4306.
  4141.  2694.  2711.  4956.  5344.  3522.]
55 [ 2716.  3958.  3200.  3150.  5441.  2852.  4559.  4837.  1596.  4298.
  4216.  2664.  2717.  5113.  5174.  3509.]
56 [ 2718.  3971.  3237.  3145.  5444.  2766.  4585.  4787.  1606.  4285.
  4288.  2646.  2719.  5284.  5028.  3491.]
57 [ 2719.  3979.  3244.  3152.  5451.  2699.  4600.  4723.  1628.  4281.
  4357.  2655.  2720.  5424.  4884.  3484.]
58 [ 2720.  3976.  3245.  3149.  5436.  2656.  4648.  4671.  1623.  4274.
  4427.  2672.  2718.  5542.  4763.  3480.]
59 [ 2717.  3968.  3243.  3170.  5392.  2631.  4695.  4639.  1610.  4264.
  4492.  2699.  2717.  5635.  4654.  3474.]
60 [ 2713.  3970.  3225.  3188.  5331.  2618.  4751.  4604.  1592.  4253.
  4551.  2714.  2717.  5705.  4586.  3482.]
61 [ 2711.  3968.  3194.  3185.  5305.  2598.  4825.  4588.  1575.  4242.
  4590.  2708.  2721.  5759.  4541.  3490.]
62 [ 2704.  3962.  3173.  3203.  5291.  2595.  4855.  4581.  1563.  4227.
  4628.  2704.  2725.  5784.  4512.  3493.]
63 [ 2700.  3957.  3160.  3230.  5281.  2592.  4866.  4565.  1556.  4214.
  4654.  2698.  2726.  5795.  4500.  3506.]
64 [ 2697.  3957.  3146.  3251.  5297.  2583.  4906.  4539.  1544.  4204.
  4673.  2682.  2729.  5807.  4467.  3518.]
65 [ 2693.  3958.  3143.  3272.  5279.  2583.  4934.  4517.  1526.  4201.
  4694.  2671.  2728.  5808.  4463.  3530.]
66 [ 2697.  3953.  3128.  3308.  5252.  2587.  4959.  4508.  1503.  4195.
  4724.  2654.  2731.  5812.  4457.  3532.]
67 [ 2696.  3944.  3123.  3333.  5227.  2590.  5003.  4482.  1472.  4187.
  4736.  2642.  2736.  5821.  4471.  3537.]
68 [ 2696.  3947.  3114.  3374.  5186.  2605.  5022.  4468.  1457.  4174.
  4749.  2624.  2742.  5822.  4480.  3540.]
69 [ 2694.  3945.  3111.  3412.  5164.  2612.  5036.  4458.  1431.  4171.
  4752.  2621.  2746.  5821.  4482.  3544.]
70 [ 2686.  3937.  3095.  3458.  5136.  2626.  5047.  4442.  1413.  4164.
  4755.  2626.  2748.  5831.  4482.  3554.]
71 [ 2681.  3937.  3087.  3496.  5129.  2627.  5041.  4430.  1400.  4160.
  4756.  2619.  2751.  5836.  4490.  3560.]
72 [ 2682.  3938.  3075.  3523.  5114.  2634.  5031.  4417.  1389.  4156.
  4762.  2609.  2758.  5839.  4508.  3565.]
73 [ 2685.  3943.  3065.  3562.  5108.  2636.  4999.  4403.  1389.  4155.
  4767.  2598.  2759.  5834.  4523.  3574.]
74 [ 2683.  3941.  3065.  3614.  5100.  2636.  4973.  4394.  1384.  4155.
  4773.  2587.  2762.  5826.  4524.  3583.]
75 [ 2680.  3940.  3063.  3657.  5088.  2642.  4939.  4387.  1380.  4153.
  4772.  2586.  2763.  5827.  4532.  3591.]
76 [ 2679.  3937.  3063.  3688.  5068.  2645.  4896.  4381.  1377.  4151.
  4780.  2595.  2765.  5827.  4546.  3602.]
77 [ 2681.  3931.  3057.  3716.  5050.  2650.  4868.  4378.  1372.  4151.
  4782.  2603.  2764.  5831.  4561.  3605.]
78 [ 2680.  3925.  3052.  3744.  5047.  2652.  4826.  4378.  1375.  4151.
  4777.  2614.  2764.  5833.  4573.  3609.]
79 [ 2678.  3929.  3046.  3768.  5049.  2654.  4792.  4370.  1370.  4152.
  4782.  2619.  2766.  5829.  4580.  3616.]
80 [ 2680.  3929.  3047.  3797.  5036.  2656.  4761.  4364.  1370.  4153.
  4784.  2617.  2768.  5830.  4587.  3621.]
81 [ 2678.  3928.  3047.  3825.  5038.  2661.  4738.  4354.  1366.  4156.
  4787.  2615.  2771.  5829.  4585.  3622.]
82 [ 2678.  3928.  3048.  3845.  5042.  2661.  4704.  4352.  1364.  4156.
  4790.  2614.  2775.  5828.  4592.  3623.]
83 [ 2676.  3927.  3048.  3859.  5050.  2663.  4685.  4345.  1360.  4152.
  4794.  2612.  2779.  5830.  4593.  3627.]
84 [ 2673.  3926.  3046.  3882.  5057.  2664.  4653.  4340.  1357.  4151.
  4799.  2615.  2780.  5830.  4596.  3631.]
85 [ 2668.  3926.  3045.  3895.  5067.  2664.  4637.  4339.  1351.  4151.
  4803.  2608.  2780.  5831.  4601.  3634.]
86 [ 2668.  3927.  3042.  3907.  5072.  2666.  4610.  4338.  1349.  4150.
  4809.  2610.  2782.  5831.  4605.  3634.]
87 [ 2666.  3926.  3041.  3921.  5072.  2668.  4594.  4337.  1346.  4151.
  4811.  2611.  2784.  5833.  4605.  3634.]
88 [ 2662.  3928.  3040.  3932.  5078.  2671.  4592.  4334.  1337.  4148.
  4815.  2611.  2785.  5832.  4599.  3636.]
89 [ 2661.  3930.  3039.  3951.  5086.  2670.  4566.  4328.  1333.  4145.
  4821.  2613.  2786.  5833.  4600.  3638.]
90 [ 2660.  3927.  3037.  3971.  5091.  2670.  4556.  4328.  1331.  4143.
  4824.  2609.  2786.  5830.  4598.  3639.]
91 [ 2659.  3924.  3037.  3980.  5094.  2671.  4551.  4330.  1328.  4141.
  4826.  2608.  2787.  5826.  4597.  3641.]
92 [ 2658.  3924.  3039.  3985.  5097.  2670.  4545.  4331.  1329.  4139.
  4828.  2608.  2787.  5823.  4596.  3641.]
93 [ 2656.  3927.  3039.  3989.  5097.  2670.  4534.  4331.  1325.  4136.
  4831.  2612.  2788.  5826.  4596.  3643.]
94 [ 2657.  3926.  3039.  3987.  5100.  2669.  4521.  4330.  1323.  4137.
  4834.  2614.  2792.  5825.  4600.  3646.]
95 [ 2656.  3926.  3040.  3993.  5105.  2668.  4503.  4328.  1323.  4137.
  4832.  2620.  2795.  5825.  4601.  3648.]
96 [ 2655.  3926.  3040.  3994.  5108.  2668.  4495.  4327.  1323.  4137.
  4831.  2622.  2798.  5825.  4602.  3649.]
97 [ 2654.  3927.  3040.  3998.  5113.  2668.  4485.  4326.  1324.  4139.
  4829.  2619.  2801.  5824.  4602.  3651.]
98 [ 2654.  3927.  3040.  3996.  5117.  2668.  4480.  4326.  1324.  4140.
  4828.  2618.  2802.  5826.  4602.  3652.]
99 [ 2653.  3927.  3038.  3996.  5119.  2668.  4479.  4326.  1324.  4140.
  4827.  2617.  2803.  5828.  4601.  3654.]
100 [ 2654.  3927.  3038.  3996.  5124.  2668.  4481.  4326.  1323.  4140.
  4824.  2616.  2802.  5828.  4598.  3655.]
101 [ 2654.  3927.  3038.  3994.  5126.  2669.  4482.  4324.  1323.  4140.
  4824.  2614.  2801.  5829.  4599.  3656.]
102 [ 2654.  3928.  3038.  3990.  5127.  2670.  4483.  4323.  1323.  4140.
  4823.  2610.  2801.  5830.  4602.  3658.]
103 [ 2654.  3928.  3038.  3986.  5128.  2670.  4482.  4323.  1322.  4139.
  4823.  2610.  2801.  5830.  4606.  3660.]
104 [ 2654.  3928.  3038.  3985.  5127.  2670.  4480.  4323.  1321.  4139.
  4823.  2609.  2801.  5830.  4609.  3663.]
105 [ 2654.  3927.  3038.  3985.  5127.  2670.  4479.  4322.  1321.  4139.
  4826.  2609.  2801.  5830.  4608.  3664.]
106 [ 2654.  3927.  3038.  3986.  5131.  2669.  4475.  4322.  1320.  4139.
  4825.  2609.  2801.  5830.  4608.  3666.]
107 [ 2654.  3928.  3038.  3986.  5142.  2669.  4471.  4321.  1320.  4138.
  4823.  2607.  2801.  5830.  4607.  3665.]
108 [ 2655.  3928.  3039.  3983.  5149.  2669.  4467.  4316.  1320.  4139.
  4824.  2607.  2801.  5829.  4608.  3666.]
109 [ 2655.  3927.  3039.  3984.  5149.  2669.  4466.  4315.  1320.  4140.
  4825.  2606.  2801.  5829.  4609.  3666.]
110 [ 2655.  3927.  3039.  3983.  5150.  2670.  4468.  4312.  1320.  4140.
  4825.  2605.  2801.  5828.  4611.  3666.]
111 [ 2655.  3927.  3039.  3984.  5150.  2671.  4468.  4311.  1320.  4140.
  4826.  2604.  2801.  5827.  4611.  3666.]
112 [ 2655.  3927.  3039.  3986.  5150.  2671.  4467.  4311.  1321.  4140.
  4825.  2604.  2801.  5827.  4611.  3665.]
113 [ 2655.  3927.  3040.  3986.  5150.  2671.  4467.  4311.  1321.  4140.
  4824.  2606.  2801.  5826.  4611.  3664.]
114 [ 2655.  3927.  3040.  3986.  5149.  2671.  4468.  4311.  1321.  4139.
  4824.  2607.  2801.  5826.  4611.  3664.]
115 [ 2654.  3927.  3040.  3986.  5146.  2672.  4468.  4309.  1322.  4139.
  4825.  2608.  2801.  5827.  4612.  3664.]
116 [ 2654.  3927.  3041.  3986.  5150.  2672.  4469.  4309.  1322.  4139.
  4822.  2605.  2800.  5827.  4613.  3664.]
117 [ 2654.  3926.  3041.  3986.  5152.  2672.  4469.  4308.  1322.  4139.
  4823.  2605.  2800.  5827.  4612.  3664.]
118 [ 2654.  3927.  3041.  3986.  5152.  2673.  4469.  4308.  1322.  4139.
  4822.  2604.  2800.  5827.  4613.  3663.]
119 [ 2654.  3927.  3041.  3986.  5154.  2673.  4470.  4308.  1322.  4139.
  4821.  2603.  2800.  5828.  4613.  3661.]
120 [ 2654.  3927.  3041.  3986.  5154.  2673.  4470.  4308.  1322.  4139.
  4820.  2604.  2800.  5829.  4613.  3660.]
121 [ 2654.  3928.  3041.  3987.  5154.  2673.  4469.  4308.  1322.  4139.
  4818.  2604.  2800.  5830.  4613.  3660.]
122 [ 2654.  3927.  3041.  3987.  5154.  2673.  4468.  4308.  1322.  4139.
  4816.  2604.  2800.  5831.  4613.  3663.]
123 [ 2654.  3927.  3042.  3987.  5154.  2673.  4468.  4308.  1320.  4139.
  4814.  2604.  2800.  5833.  4613.  3664.]
124 [ 2654.  3927.  3043.  3987.  5154.  2673.  4468.  4308.  1320.  4139.
  4813.  2603.  2800.  5833.  4613.  3665.]
125 [ 2654.  3927.  3043.  3987.  5154.  2673.  4468.  4308.  1320.  4139.
  4813.  2603.  2800.  5833.  4614.  3664.]
126 [ 2654.  3927.  3043.  3987.  5154.  2673.  4468.  4308.  1320.  4139.
  4813.  2602.  2800.  5833.  4615.  3664.]
[ 2654.  3927.  3043.  3987.  5154.  2673.  4468.  4308.  1320.  4139.
  4813.  2602.  2800.  5833.  4615.  3664.]
Time spent clustering :  13178.870451
medians_random_cluster16
Digit: 0  Purity: 89.5% SD: 1881.8  Count: 5454
Digit: 1  Purity: 78.6% SD: 1276.8  Count: 8066
Digit: 2  Purity: 90.6% SD: 1985.7  Count: 3664
Digit: 3  Purity: 53.9% SD: 1866.7  Count: 8876
Digit: 4  Purity: 42.4% SD: 1821.7  Count: 7217
Digit: 5  Purity: 32.2% SD: 1781.3  Count: 5788
Digit: 6  Purity: 85.5% SD: 1796.8  Count: 3987
Digit: 7  Purity: 68.1% SD: 1628.4  Count: 6981
Digit: 8  Purity: 71.8% SD: 1819.4  Count: 4813
Digit: 9  Purity: 48.8% SD: 1631.8  Count: 5154
Our accuracy in predicting test data for k = 16 was 64.1564156416 %
Time spent testing :  23.2646808624
