13 medians random 100
0 [ 5058.  6891.  4587.  4915.  9324.  1546.  4546.  2348.  3502.  2160.
  3256.  6395.  5472.]
1 [ 4857.  6271.  5073.  5347.  6994.  2152.  6164.  2153.  3534.  3392.
  3647.  5485.  4931.]
2 [ 4732.  5573.  5210.  4978.  5976.  2373.  6498.  2313.  3631.  4351.
  4498.  5237.  4630.]
3 [ 4675.  5590.  5010.  4465.  5295.  2516.  6070.  2451.  3721.  5562.
  4653.  5445.  4547.]
4 [ 4719.  5677.  5016.  4025.  5003.  2689.  5528.  2574.  3765.  6158.
  4673.  5597.  4576.]
5 [ 4802.  5646.  5201.  3831.  4869.  2796.  5147.  2646.  3787.  6548.
  4557.  5482.  4688.]
6 [ 4848.  5566.  5285.  3791.  4710.  2839.  4944.  2688.  3810.  6971.
  4344.  5184.  5020.]
7 [ 4855.  5473.  5192.  3969.  4529.  2857.  4883.  2771.  3845.  7395.
  4046.  4806.  5379.]
8 [ 4809.  5421.  4923.  4279.  4259.  2861.  4895.  2838.  3880.  7835.
  3758.  4559.  5683.]
9 [ 4742.  5402.  4602.  4576.  3882.  2856.  5034.  2864.  3931.  8278.
  3579.  4385.  5869.]
10 [ 4725.  5425.  4377.  4963.  3254.  2853.  5198.  2882.  3997.  8586.
  3510.  4235.  5995.]
11 [ 4711.  5435.  4414.  5419.  2486.  2860.  5261.  2897.  4048.  8831.
  3484.  4134.  6020.]
12 [ 4710.  5323.  4457.  5794.  2116.  2842.  5272.  2919.  4080.  8959.
  3499.  4003.  6026.]
13 [ 4697.  5207.  4425.  6029.  1990.  2835.  5244.  2923.  4094.  9048.
  3548.  3948.  6012.]
14 [ 4690.  5140.  4369.  6130.  1951.  2832.  5239.  2944.  4090.  9086.
  3617.  3913.  5999.]
15 [ 4680.  5108.  4279.  6163.  1911.  2836.  5242.  2961.  4093.  9136.
  3717.  3902.  5972.]
16 [ 4672.  5124.  4192.  6119.  1876.  2842.  5269.  2970.  4098.  9166.
  3830.  3918.  5924.]
17 [ 4667.  5149.  4099.  6099.  1837.  2858.  5304.  2971.  4083.  9180.
  3925.  3938.  5890.]
18 [ 4651.  5175.  4026.  6067.  1806.  2869.  5357.  2971.  4069.  9174.
  4026.  3949.  5860.]
19 [ 4634.  5217.  3964.  6039.  1753.  2877.  5414.  2977.  4055.  9172.
  4108.  3954.  5836.]
20 [ 4609.  5280.  3879.  6052.  1688.  2893.  5484.  2979.  4052.  9171.
  4159.  3961.  5793.]
21 [ 4592.  5345.  3803.  6048.  1614.  2911.  5536.  2985.  4074.  9169.
  4203.  3974.  5746.]
22 [ 4570.  5415.  3698.  6075.  1557.  2933.  5578.  2977.  4079.  9171.
  4253.  3994.  5700.]
23 [ 4545.  5453.  3618.  6085.  1486.  2948.  5655.  2988.  4083.  9158.
  4319.  4007.  5655.]
24 [ 4525.  5517.  3508.  6103.  1422.  2962.  5713.  2986.  4090.  9119.
  4381.  4049.  5625.]
25 [ 4522.  5572.  3390.  6122.  1349.  2972.  5778.  2984.  4103.  9102.
  4440.  4087.  5579.]
26 [ 4505.  5614.  3287.  6140.  1284.  2984.  5848.  2987.  4100.  9072.
  4490.  4138.  5551.]
27 [ 4484.  5662.  3187.  6119.  1220.  2994.  5943.  2994.  4103.  9048.
  4545.  4180.  5521.]
28 [ 4465.  5698.  3122.  6129.  1126.  3005.  6003.  2998.  4100.  9025.
  4589.  4231.  5509.]
29 [ 4461.  5694.  3071.  6140.  1036.  3016.  6055.  2998.  4112.  9000.
  4638.  4284.  5495.]
30 [ 4459.  5692.  3040.  6073.   950.  3023.  6103.  3006.  4136.  8996.
  4695.  4346.  5481.]
31 [ 4456.  5691.  3008.  5963.   867.  3033.  6175.  3005.  4163.  8991.
  4760.  4411.  5477.]
32 [ 4461.  5675.  2978.  5801.   807.  3041.  6274.  3007.  4205.  8997.
  4819.  4464.  5471.]
33 [ 4476.  5660.  2962.  5614.   763.  3045.  6367.  3014.  4239.  9000.
  4876.  4516.  5468.]
34 [ 4486.  5646.  2957.  5323.   801.  3040.  6459.  3019.  4290.  9008.
  4925.  4583.  5463.]
35 [ 4507.  5597.  2935.  5023.   976.  3034.  6538.  3017.  4304.  8995.
  4973.  4635.  5466.]
36 [ 4519.  5528.  2907.  4841.  1185.  3030.  6591.  3010.  4300.  8963.
  5000.  4672.  5454.]
37 [ 4533.  5432.  2869.  4657.  1487.  3016.  6640.  3005.  4298.  8903.
  5022.  4694.  5444.]
38 [ 4537.  5358.  2830.  4538.  1738.  2994.  6677.  2995.  4287.  8857.
  5037.  4711.  5441.]
39 [ 4549.  5331.  2807.  4437.  1902.  2979.  6715.  2988.  4283.  8811.
  5033.  4720.  5445.]
40 [ 4556.  5311.  2790.  4362.  2025.  2971.  6733.  2977.  4280.  8779.
  5020.  4734.  5462.]
41 [ 4566.  5293.  2792.  4310.  2110.  2966.  6756.  2970.  4263.  8750.
  5014.  4736.  5474.]
42 [ 4566.  5275.  2794.  4261.  2192.  2956.  6771.  2963.  4265.  8731.
  5007.  4734.  5485.]
43 [ 4573.  5262.  2787.  4208.  2286.  2957.  6773.  2957.  4260.  8713.
  4998.  4739.  5487.]
44 [ 4584.  5260.  2783.  4165.  2332.  2961.  6777.  2955.  4251.  8710.
  4995.  4740.  5487.]
45 [ 4586.  5260.  2780.  4137.  2367.  2959.  6791.  2956.  4241.  8704.
  4992.  4742.  5485.]
46 [ 4587.  5248.  2789.  4081.  2400.  2959.  6802.  2955.  4235.  8710.
  5002.  4746.  5486.]
47 [ 4591.  5245.  2794.  4041.  2397.  2958.  6816.  2958.  4234.  8720.
  5009.  4749.  5488.]
48 [ 4591.  5249.  2796.  4004.  2381.  2959.  6838.  2960.  4237.  8729.
  5019.  4749.  5488.]
49 [ 4595.  5255.  2798.  3974.  2323.  2958.  6866.  2960.  4240.  8747.
  5045.  4754.  5485.]
50 [ 4592.  5250.  2805.  3957.  2285.  2958.  6872.  2963.  4247.  8771.
  5057.  4765.  5478.]
51 [ 4601.  5244.  2806.  3908.  2247.  2954.  6878.  2968.  4261.  8790.
  5073.  4788.  5482.]
52 [ 4606.  5248.  2807.  3836.  2212.  2954.  6889.  2969.  4287.  8805.
  5088.  4808.  5491.]
53 [ 4624.  5248.  2806.  3714.  2215.  2953.  6907.  2971.  4311.  8824.
  5099.  4827.  5501.]
54 [ 4642.  5255.  2807.  3612.  2208.  2954.  6921.  2972.  4338.  8833.
  5111.  4837.  5510.]
55 [ 4668.  5257.  2811.  3470.  2225.  2954.  6940.  2975.  4362.  8839.
  5133.  4854.  5512.]
56 [ 4693.  5257.  2814.  3323.  2239.  2954.  6967.  2978.  4387.  8844.
  5159.  4873.  5512.]
57 [ 4705.  5259.  2818.  3231.  2247.  2956.  6986.  2976.  4400.  8851.
  5178.  4879.  5514.]
58 [ 4722.  5264.  2814.  3147.  2254.  2957.  7004.  2974.  4406.  8860.
  5197.  4887.  5514.]
59 [ 4744.  5269.  2813.  3087.  2265.  2956.  7016.  2972.  4400.  8865.
  5210.  4894.  5509.]
60 [ 4765.  5276.  2817.  3034.  2275.  2957.  7019.  2970.  4389.  8872.
  5217.  4896.  5513.]
61 [ 4780.  5278.  2816.  2994.  2282.  2957.  7012.  2969.  4382.  8883.
  5222.  4905.  5520.]
62 [ 4790.  5279.  2818.  2965.  2283.  2958.  7016.  2969.  4379.  8889.
  5227.  4904.  5523.]
63 [ 4790.  5278.  2815.  2946.  2287.  2960.  7025.  2969.  4381.  8893.
  5231.  4900.  5525.]
64 [ 4793.  5281.  2814.  2925.  2289.  2960.  7032.  2968.  4380.  8899.
  5238.  4895.  5526.]
65 [ 4794.  5285.  2812.  2920.  2281.  2962.  7038.  2967.  4374.  8903.
  5244.  4893.  5527.]
66 [ 4796.  5293.  2812.  2917.  2278.  2966.  7038.  2966.  4368.  8903.
  5247.  4890.  5526.]
67 [ 4799.  5294.  2814.  2907.  2278.  2967.  7033.  2967.  4367.  8904.
  5249.  4891.  5530.]
68 [ 4800.  5301.  2812.  2900.  2281.  2968.  7031.  2966.  4365.  8903.
  5248.  4891.  5534.]
69 [ 4801.  5305.  2809.  2887.  2289.  2969.  7030.  2967.  4365.  8904.
  5249.  4890.  5535.]
70 [ 4801.  5307.  2810.  2892.  2283.  2970.  7027.  2967.  4362.  8904.
  5249.  4890.  5538.]
71 [ 4801.  5310.  2811.  2895.  2272.  2970.  7029.  2968.  4359.  8906.
  5252.  4887.  5540.]
72 [ 4800.  5311.  2811.  2901.  2268.  2970.  7032.  2968.  4357.  8902.
  5255.  4883.  5542.]
73 [ 4798.  5315.  2811.  2904.  2264.  2970.  7030.  2968.  4353.  8907.
  5256.  4881.  5543.]
74 [ 4795.  5317.  2811.  2914.  2264.  2970.  7031.  2967.  4345.  8910.
  5256.  4876.  5544.]
75 [ 4792.  5316.  2811.  2933.  2255.  2972.  7031.  2967.  4338.  8912.
  5261.  4872.  5540.]
76 [ 4793.  5320.  2811.  2929.  2258.  2972.  7035.  2970.  4333.  8910.
  5265.  4868.  5536.]
77 [ 4799.  5326.  2814.  2924.  2252.  2974.  7025.  2972.  4331.  8913.
  5267.  4865.  5538.]
78 [ 4799.  5339.  2818.  2925.  2227.  2976.  7021.  2974.  4324.  8923.
  5271.  4865.  5538.]
79 [ 4798.  5352.  2821.  2922.  2211.  2978.  7018.  2975.  4324.  8930.
  5273.  4862.  5536.]
80 [ 4799.  5367.  2819.  2903.  2201.  2986.  7018.  2974.  4330.  8935.
  5278.  4860.  5530.]
81 [ 4796.  5383.  2817.  2886.  2178.  2991.  7031.  2973.  4329.  8943.
  5287.  4858.  5528.]
82 [ 4794.  5397.  2820.  2899.  2126.  3001.  7027.  2971.  4315.  8965.
  5297.  4861.  5527.]
83 [ 4794.  5423.  2822.  2907.  2067.  3011.  7029.  2971.  4304.  8978.
  5309.  4860.  5525.]
84 [ 4793.  5446.  2836.  2907.  2007.  3026.  7045.  2976.  4290.  8981.
  5322.  4850.  5521.]
85 [ 4794.  5470.  2846.  2878.  1919.  3044.  7058.  2979.  4294.  9005.
  5343.  4847.  5523.]
86 [ 4786.  5498.  2867.  2928.  1710.  3062.  7071.  2982.  4286.  9055.
  5385.  4847.  5523.]
87 [ 4789.  5531.  2875.  2996.  1477.  3072.  7100.  2986.  4286.  9109.
  5410.  4845.  5524.]
88 [ 4800.  5549.  2874.  3045.  1310.  3078.  7114.  2986.  4301.  9141.
  5426.  4847.  5529.]
89 [ 4803.  5546.  2870.  3072.  1224.  3079.  7126.  2991.  4311.  9155.
  5429.  4853.  5541.]
90 [ 4805.  5550.  2864.  3050.  1198.  3080.  7132.  2997.  4322.  9158.
  5431.  4861.  5552.]
91 [ 4808.  5551.  2857.  3025.  1201.  3080.  7139.  2999.  4326.  9153.
  5436.  4865.  5560.]
92 [ 4815.  5551.  2852.  3003.  1205.  3082.  7138.  2999.  4330.  9156.
  5437.  4870.  5562.]
93 [ 4821.  5552.  2848.  2989.  1209.  3084.  7136.  2998.  4334.  9156.
  5441.  4870.  5562.]
94 [ 4819.  5550.  2844.  2984.  1212.  3086.  7141.  2995.  4338.  9157.
  5439.  4872.  5563.]
95 [ 4818.  5549.  2842.  2978.  1216.  3089.  7141.  2995.  4339.  9160.
  5436.  4872.  5565.]
96 [ 4818.  5549.  2840.  2975.  1218.  3091.  7144.  2994.  4338.  9161.
  5434.  4874.  5564.]
97 [ 4818.  5548.  2843.  2972.  1220.  3091.  7147.  2996.  4337.  9156.
  5436.  4873.  5563.]
98 [ 4818.  5546.  2845.  2971.  1221.  3091.  7147.  2997.  4338.  9156.
  5437.  4871.  5562.]
99 [ 4818.  5545.  2844.  2971.  1221.  3091.  7148.  2997.  4338.  9156.
  5437.  4871.  5563.]
100 [ 4818.  5547.  2843.  2971.  1221.  3091.  7150.  2997.  4337.  9156.
  5436.  4870.  5563.]
101 [ 4818.  5545.  2843.  2971.  1221.  3091.  7151.  2997.  4337.  9156.
  5436.  4870.  5564.]
102 [ 4820.  5544.  2843.  2969.  1221.  3091.  7151.  2997.  4337.  9156.
  5437.  4870.  5564.]
103 [ 4820.  5542.  2843.  2970.  1219.  3091.  7152.  2997.  4337.  9156.
  5437.  4871.  5565.]
104 [ 4820.  5541.  2843.  2965.  1219.  3091.  7158.  2997.  4337.  9155.
  5438.  4872.  5564.]
105 [ 4820.  5540.  2843.  2967.  1218.  3091.  7155.  2997.  4337.  9156.
  5439.  4872.  5565.]
106 [ 4820.  5542.  2843.  2966.  1218.  3091.  7155.  2997.  4337.  9156.
  5439.  4871.  5565.]
107 [ 4820.  5542.  2843.  2964.  1218.  3092.  7156.  2997.  4338.  9156.
  5439.  4870.  5565.]
108 [ 4820.  5543.  2843.  2961.  1220.  3093.  7156.  2996.  4338.  9156.
  5439.  4870.  5565.]
109 [ 4821.  5544.  2843.  2960.  1221.  3093.  7156.  2996.  4338.  9154.
  5439.  4870.  5565.]
110 [ 4821.  5544.  2843.  2956.  1223.  3093.  7158.  2996.  4338.  9154.
  5439.  4870.  5565.]
111 [ 4821.  5544.  2843.  2955.  1223.  3093.  7159.  2996.  4338.  9154.
  5439.  4870.  5565.]
112 [ 4821.  5543.  2843.  2955.  1223.  3093.  7159.  2996.  4338.  9155.
  5439.  4870.  5565.]
113 [ 4821.  5541.  2843.  2956.  1223.  3093.  7159.  2996.  4338.  9155.
  5440.  4870.  5565.]
[ 4821.  5541.  2843.  2956.  1223.  3093.  7159.  2996.  4338.  9155.
  5440.  4870.  5565.]
Time spent clustering :  11236.4933319
medians_random_cluster13
Digit: 0  Purity: 83.6% SD: 1917.5  Count: 6089
Digit: 1  Purity: 69.8% SD: 1360.4  Count: 9159
Digit: 2  Purity: 62.0% SD: 2020.5  Count: 5565
Digit: 3  Purity: 51.4% SD: 1921.4  Count: 9155
Digit: 4  Purity: 51.8% SD: 1901.8  Count: 5541
Digit: 5  Purity: 23.8% SD: 1806.4  Count: 4179
Digit: 6  Purity: 77.9% SD: 1817.0  Count: 5440
Digit: 7  Purity: 63.7% SD: 1656.9  Count: 7713
Digit: 8  Purity:  0.0% SD:    0.0  Count: 0
Digit: 9  Purity: 34.4% SD: 1740.2  Count: 7159
Our accuracy in predicting test data for k = 13 was 58.7058705871 %
Time spent testing :  24.8385140896
