11 medians kplusplus 100
0 [  5692.   6523.   5645.   2192.   8959.   5162.  10301.   4307.   5072.
   1924.   4223.]
1 [ 6106.  5960.  7066.  3001.  7037.  4434.  8804.  5186.  5211.  2864.
  4331.]
2 [ 6204.  5744.  7594.  3849.  6455.  4192.  7624.  5579.  4903.  3433.
  4423.]
3 [ 6133.  5811.  7600.  4525.  6107.  4311.  6799.  5814.  4535.  3850.
  4515.]
4 [ 5958.  6073.  7296.  5038.  5737.  4637.  6142.  5956.  4252.  4169.
  4742.]
5 [ 5778.  6259.  6915.  5434.  5385.  5060.  5601.  6036.  4107.  4466.
  4959.]
6 [ 5721.  6230.  6698.  5735.  5069.  5382.  5262.  5963.  4092.  4768.
  5080.]
7 [ 5849.  5942.  6511.  6006.  4898.  5490.  5128.  5825.  4137.  5086.
  5128.]
8 [ 5946.  5482.  6367.  6187.  4855.  5521.  5146.  5790.  4219.  5363.
  5124.]
9 [ 6018.  5111.  6203.  6334.  4879.  5561.  5178.  5778.  4301.  5564.
  5073.]
10 [ 6006.  4796.  6053.  6470.  4912.  5626.  5206.  5823.  4356.  5731.
  5021.]
11 [ 5950.  4576.  5858.  6547.  4929.  5691.  5288.  5965.  4409.  5822.
  4965.]
12 [ 5908.  4447.  5665.  6597.  4889.  5743.  5367.  6168.  4447.  5824.
  4945.]
13 [ 5866.  4319.  5468.  6628.  4848.  5737.  5462.  6449.  4490.  5798.
  4935.]
14 [ 5841.  4211.  5302.  6654.  4797.  5698.  5577.  6654.  4509.  5750.
  5007.]
15 [ 5862.  4128.  5166.  6669.  4753.  5625.  5720.  6710.  4530.  5710.
  5127.]
16 [ 5952.  4068.  5052.  6649.  4750.  5591.  5875.  6493.  4558.  5685.
  5327.]
17 [ 6141.  4041.  4968.  6620.  4801.  5607.  6064.  5964.  4577.  5685.
  5532.]
18 [ 6405.  4071.  4912.  6637.  4903.  5618.  6285.  5155.  4596.  5698.
  5720.]
19 [ 6651.  4183.  4880.  6645.  4974.  5671.  6521.  4288.  4607.  5728.
  5852.]
20 [ 6904.  4305.  4821.  6679.  5087.  5722.  6742.  3471.  4623.  5738.
  5908.]
21 [ 7117.  4393.  4690.  6757.  5182.  5733.  6885.  2933.  4629.  5743.
  5938.]
22 [ 7222.  4414.  4566.  6779.  5231.  5732.  7023.  2727.  4648.  5735.
  5923.]
23 [ 7219.  4398.  4468.  6813.  5261.  5747.  7118.  2682.  4665.  5722.
  5907.]
24 [ 7118.  4393.  4426.  6858.  5284.  5745.  7170.  2684.  4678.  5763.
  5881.]
25 [ 6865.  4381.  4410.  6927.  5301.  5761.  7215.  2700.  4681.  5867.
  5892.]
26 [ 6618.  4375.  4391.  6987.  5304.  5771.  7254.  2723.  4694.  5982.
  5901.]
27 [ 6362.  4375.  4390.  7034.  5312.  5774.  7270.  2732.  4703.  6130.
  5918.]
28 [ 6099.  4368.  4390.  7091.  5315.  5783.  7278.  2737.  4717.  6293.
  5929.]
29 [ 5888.  4367.  4401.  7130.  5311.  5768.  7290.  2744.  4722.  6437.
  5942.]
30 [ 5708.  4358.  4418.  7164.  5309.  5752.  7281.  2747.  4730.  6564.
  5969.]
31 [ 5553.  4358.  4424.  7194.  5313.  5745.  7268.  2755.  4731.  6683.
  5976.]
32 [ 5435.  4358.  4426.  7212.  5312.  5751.  7263.  2763.  4729.  6778.
  5973.]
33 [ 5343.  4358.  4425.  7222.  5313.  5748.  7265.  2761.  4730.  6873.
  5962.]
34 [ 5288.  4359.  4430.  7240.  5303.  5748.  7255.  2770.  4735.  6922.
  5950.]
35 [ 5238.  4358.  4435.  7250.  5301.  5746.  7261.  2775.  4738.  6965.
  5933.]
36 [ 5187.  4357.  4439.  7266.  5301.  5752.  7258.  2775.  4740.  7008.
  5917.]
37 [ 5150.  4360.  4446.  7281.  5296.  5755.  7252.  2775.  4742.  7051.
  5892.]
38 [ 5118.  4363.  4448.  7291.  5292.  5763.  7257.  2783.  4745.  7078.
  5862.]
39 [ 5093.  4366.  4455.  7292.  5287.  5764.  7262.  2780.  4746.  7119.
  5836.]
40 [ 5068.  4370.  4458.  7289.  5281.  5768.  7266.  2777.  4745.  7155.
  5823.]
41 [ 5059.  4372.  4457.  7289.  5282.  5771.  7266.  2780.  4745.  7178.
  5801.]
42 [ 5051.  4372.  4457.  7291.  5279.  5774.  7267.  2780.  4745.  7198.
  5786.]
43 [ 5042.  4373.  4458.  7297.  5280.  5776.  7267.  2778.  4747.  7206.
  5776.]
44 [ 5030.  4374.  4455.  7298.  5277.  5779.  7265.  2781.  4748.  7225.
  5768.]
45 [ 5011.  4375.  4455.  7300.  5275.  5784.  7267.  2785.  4748.  7232.
  5768.]
46 [ 4994.  4375.  4456.  7302.  5274.  5789.  7267.  2783.  4748.  7245.
  5767.]
47 [ 4981.  4376.  4457.  7301.  5272.  5790.  7274.  2783.  4747.  7254.
  5765.]
48 [ 4978.  4377.  4456.  7302.  5274.  5791.  7276.  2786.  4744.  7253.
  5763.]
49 [ 4971.  4377.  4456.  7302.  5273.  5788.  7275.  2786.  4745.  7260.
  5767.]
50 [ 4969.  4378.  4457.  7303.  5272.  5787.  7272.  2788.  4746.  7264.
  5764.]
51 [ 4961.  4378.  4458.  7303.  5271.  5786.  7273.  2790.  4746.  7271.
  5763.]
52 [ 4955.  4378.  4458.  7305.  5269.  5787.  7274.  2789.  4746.  7276.
  5763.]
53 [ 4951.  4379.  4458.  7306.  5269.  5787.  7273.  2787.  4746.  7282.
  5762.]
54 [ 4946.  4379.  4458.  7306.  5270.  5787.  7274.  2787.  4746.  7288.
  5759.]
55 [ 4936.  4379.  4459.  7306.  5270.  5787.  7277.  2787.  4746.  7297.
  5756.]
56 [ 4927.  4379.  4460.  7307.  5270.  5786.  7271.  2788.  4749.  7306.
  5757.]
57 [ 4918.  4380.  4460.  7306.  5272.  5785.  7274.  2786.  4749.  7313.
  5757.]
58 [ 4912.  4380.  4460.  7306.  5271.  5783.  7279.  2785.  4749.  7321.
  5754.]
59 [ 4909.  4381.  4460.  7305.  5271.  5781.  7279.  2784.  4749.  7330.
  5751.]
60 [ 4904.  4381.  4461.  7304.  5271.  5780.  7279.  2786.  4749.  7334.
  5751.]
61 [ 4897.  4382.  4460.  7305.  5271.  5781.  7280.  2787.  4749.  7338.
  5750.]
62 [ 4889.  4384.  4460.  7306.  5271.  5780.  7281.  2788.  4750.  7340.
  5751.]
63 [ 4885.  4387.  4462.  7306.  5270.  5780.  7281.  2787.  4750.  7345.
  5747.]
64 [ 4883.  4388.  4461.  7306.  5270.  5781.  7282.  2786.  4750.  7349.
  5744.]
65 [ 4881.  4388.  4461.  7307.  5270.  5783.  7280.  2782.  4750.  7356.
  5742.]
66 [ 4878.  4388.  4460.  7309.  5270.  5782.  7280.  2782.  4750.  7365.
  5736.]
67 [ 4874.  4387.  4460.  7308.  5270.  5780.  7283.  2782.  4750.  7375.
  5731.]
68 [ 4874.  4389.  4460.  7309.  5268.  5781.  7287.  2781.  4750.  7382.
  5719.]
69 [ 4869.  4389.  4460.  7309.  5268.  5781.  7288.  2782.  4750.  7392.
  5712.]
70 [ 4864.  4390.  4460.  7309.  5266.  5782.  7296.  2781.  4750.  7399.
  5703.]
71 [ 4864.  4391.  4461.  7308.  5264.  5783.  7304.  2779.  4750.  7403.
  5693.]
72 [ 4855.  4390.  4464.  7309.  5264.  5787.  7308.  2778.  4749.  7408.
  5688.]
73 [ 4844.  4390.  4465.  7311.  5264.  5791.  7313.  2776.  4749.  7412.
  5685.]
74 [ 4838.  4389.  4466.  7310.  5263.  5792.  7318.  2776.  4749.  7420.
  5679.]
75 [ 4825.  4390.  4463.  7310.  5264.  5793.  7329.  2778.  4749.  7425.
  5674.]
76 [ 4818.  4391.  4463.  7313.  5265.  5789.  7336.  2777.  4749.  7430.
  5669.]
77 [ 4812.  4391.  4463.  7317.  5265.  5788.  7342.  2778.  4750.  7428.
  5666.]
78 [ 4804.  4393.  4463.  7320.  5265.  5789.  7344.  2775.  4750.  7431.
  5666.]
79 [ 4798.  4394.  4463.  7322.  5266.  5788.  7350.  2777.  4750.  7429.
  5663.]
80 [ 4794.  4394.  4463.  7324.  5265.  5787.  7351.  2777.  4751.  7434.
  5660.]
81 [ 4783.  4395.  4464.  7329.  5265.  5788.  7348.  2779.  4751.  7435.
  5663.]
82 [ 4779.  4397.  4464.  7331.  5267.  5788.  7345.  2779.  4753.  7436.
  5661.]
83 [ 4775.  4396.  4466.  7330.  5266.  5790.  7344.  2782.  4754.  7434.
  5663.]
84 [ 4773.  4396.  4467.  7328.  5265.  5791.  7345.  2782.  4757.  7433.
  5663.]
85 [ 4767.  4396.  4468.  7327.  5265.  5792.  7347.  2781.  4757.  7436.
  5664.]
86 [ 4765.  4396.  4471.  7327.  5265.  5791.  7348.  2783.  4757.  7434.
  5663.]
87 [ 4764.  4396.  4470.  7327.  5265.  5790.  7348.  2783.  4757.  7436.
  5664.]
88 [ 4764.  4396.  4469.  7327.  5265.  5790.  7348.  2784.  4757.  7436.
  5664.]
89 [ 4764.  4397.  4469.  7326.  5265.  5789.  7348.  2784.  4757.  7437.
  5664.]
90 [ 4766.  4397.  4469.  7326.  5265.  5789.  7347.  2785.  4757.  7435.
  5664.]
91 [ 4768.  4397.  4468.  7326.  5265.  5789.  7346.  2785.  4757.  7435.
  5664.]
92 [ 4767.  4398.  4468.  7325.  5265.  5790.  7345.  2785.  4757.  7435.
  5665.]
93 [ 4765.  4400.  4468.  7326.  5264.  5790.  7346.  2785.  4757.  7434.
  5665.]
94 [ 4768.  4400.  4469.  7326.  5263.  5791.  7345.  2784.  4757.  7432.
  5665.]
95 [ 4767.  4399.  4470.  7326.  5263.  5791.  7346.  2784.  4757.  7433.
  5664.]
96 [ 4767.  4399.  4470.  7327.  5263.  5791.  7344.  2783.  4757.  7434.
  5665.]
97 [ 4767.  4400.  4470.  7327.  5263.  5791.  7343.  2783.  4757.  7434.
  5665.]
[ 4767.  4400.  4470.  7327.  5263.  5791.  7343.  2783.  4757.  7434.
  5665.]
Time spent clustering :  5209.83899498
medians_kplusplus_cluster11
Digit: 0  Purity: 92.5% SD: 1995.3  Count: 4757
Digit: 1  Purity: 67.4% SD: 1386.4  Count: 9663
Digit: 2  Purity: 82.3% SD: 2018.5  Count: 4470
Digit: 3  Purity: 53.6% SD: 1929.5  Count: 7327
Digit: 4  Purity: 53.0% SD: 1889.7  Count: 7434
Digit: 5  Purity: 25.3% SD: 1861.6  Count: 2783
Digit: 6  Purity: 73.4% SD: 1837.6  Count: 5791
Digit: 7  Purity: 51.0% SD: 1666.2  Count: 10432
Digit: 8  Purity: 46.5% SD: 1859.8  Count: 7343
Digit: 9  Purity:  0.0% SD:    0.0  Count: 0
Our accuracy in predicting test data for k = 11 was 60.496049605 %
Time spent testing :  21.1701459885
