50 medians kplusplus 100
0 [ 1651.   902.   681.  1007.   998.   764.  1857.  1427.  1447.   394.
  1397.  2347.  1319.   798.   630.   375.  1419.  1164.  1071.  1513.
  1369.   963.   995.  1445.   819.  1140.   556.   824.   266.   953.
  1458.  1333.   823.  1579.   973.  1576.  1166.  1668.  1640.  1155.
   399.   862.   566.  2219.  2579.  1881.   790.   825.  3125.   892.]
1 [ 1607.  1049.   654.  1168.  1066.   830.  1851.  1535.  1385.   831.
  1518.  1761.  1213.   748.   680.   466.  1698.  1270.   817.  1374.
  1643.  1152.   936.  1214.   827.  1003.   511.   751.   515.   976.
  1342.  1353.   848.  1517.   893.  1429.  1073.  1582.  1760.  1354.
   408.   747.   598.  2294.  2276.  2136.   771.  1084.  2466.  1020.]
2 [ 1544.  1108.   673.  1217.  1013.   913.  1833.  1576.  1321.  1049.
  1566.  1340.  1173.   687.   650.   550.  1817.  1328.   744.  1312.
  1775.  1255.   953.  1185.   890.   925.   463.   738.   746.   967.
  1317.  1275.   837.  1541.   906.  1208.  1035.  1525.  1829.  1427.
   447.   753.   748.  2334.  2147.  2248.   687.  1198.  2146.  1081.]
3 [ 1499.  1169.   744.  1225.   940.   949.  1912.  1612.  1277.  1115.
  1610.  1032.  1124.   651.   625.   611.  1821.  1351.   735.  1282.
  1771.  1313.   947.  1152.   932.   886.   450.   736.   896.  1009.
  1296.  1193.   831.  1559.   935.  1069.  1030.  1485.  1866.  1432.
   524.   808.   887.  2364.  2056.  2322.   612.  1220.  2004.  1131.]
4 [ 1458.  1227.   809.  1216.   923.   967.  2015.  1631.  1237.  1157.
  1636.   798.  1098.   661.   597.   648.  1828.  1346.   703.  1233.
  1713.  1332.   956.  1119.   958.   897.   443.   726.   979.  1049.
  1275.  1151.   812.  1565.   947.  1015.  1024.  1428.  1886.  1424.
   597.   845.   923.  2359.  1983.  2391.   600.  1290.  1920.  1205.]
5 [ 1426.  1286.   856.  1212.   910.   972.  2084.  1639.  1212.  1181.
  1657.   649.  1048.   664.   601.   665.  1821.  1347.   683.  1165.
  1674.  1343.   981.  1099.   956.   970.   450.   710.  1022.  1071.
  1257.  1105.   801.  1562.   955.   992.  1029.  1397.  1861.  1396.
   662.   856.   953.  2340.  1905.  2431.   619.  1362.  1910.  1253.]
6 [ 1398.  1347.   899.  1186.   905.   964.  2132.  1664.  1189.  1201.
  1672.   528.  1000.   669.   609.   679.  1813.  1368.   682.  1115.
  1647.  1342.   994.  1093.   969.  1022.   450.   712.  1055.  1074.
  1238.  1048.   796.  1525.   977.   990.  1075.  1401.  1844.  1370.
   721.   858.   987.  2309.  1834.  2442.   631.  1399.  1917.  1260.]
7 [ 1389.  1407.   914.  1171.   915.   951.  2166.  1678.  1185.  1206.
  1679.   403.   981.   671.   619.   678.  1816.  1422.   683.  1072.
  1627.  1341.  1018.  1088.   987.  1043.   453.   751.  1076.  1052.
  1233.  1022.   791.  1496.   991.   977.  1110.  1406.  1814.  1344.
   769.   872.  1020.  2292.  1758.  2468.   643.  1370.  1941.  1241.]
8 [ 1385.  1475.   917.  1148.   929.   951.  2206.  1683.  1182.  1216.
  1684.   359.   982.   681.   619.   674.  1826.  1464.   685.  1051.
  1626.  1341.  1025.  1096.  1003.  1039.   447.   822.  1095.  1034.
  1212.   987.   803.  1473.  1001.   960.  1140.  1416.  1783.  1331.
   822.   883.  1046.  2246.  1692.  2508.   651.  1194.  1982.  1225.]
9 [ 1401.  1553.   917.  1134.   949.   962.  2258.  1687.  1187.  1228.
  1687.   361.   991.   674.   630.   677.  1820.  1513.   692.  1033.
  1635.  1324.  1009.  1096.   990.  1027.   444.   901.  1101.  1018.
  1197.   960.   809.  1460.  1006.   956.  1163.  1421.  1750.  1319.
   872.   889.  1060.  2154.  1646.  2529.   668.  1026.  2017.  1199.]
10 [ 1418.  1611.   918.  1104.   952.   956.  2288.  1686.  1196.  1235.
  1692.   344.   990.   671.   633.   679.  1817.  1539.   701.  1020.
  1624.  1310.   996.  1096.   953.  1019.   452.  1003.  1118.  1068.
  1176.   967.   821.  1458.  1027.   947.  1170.  1422.  1724.  1299.
   913.   887.  1057.  2065.  1596.  2544.   683.   976.  2017.  1162.]
11 [ 1425.  1653.   913.  1083.   941.   947.  2298.  1686.  1191.  1261.
  1687.   338.   974.   665.   639.   678.  1819.  1539.   717.  1000.
  1613.  1290.   982.  1104.   916.  1019.   468.  1126.  1138.  1101.
  1160.   972.   830.  1462.  1055.   955.  1159.  1434.  1707.  1287.
   949.   883.  1049.  1976.  1554.  2546.   699.   945.  2023.  1144.]
12 [ 1432.  1679.   901.  1053.   938.   958.  2300.  1679.  1193.  1291.
  1693.   347.   973.   671.   646.   674.  1813.  1545.   744.   990.
  1601.  1273.   958.  1116.   874.  1013.   471.  1228.  1149.  1123.
  1144.   971.   828.  1468.  1064.   960.  1159.  1437.  1692.  1275.
   979.   873.  1042.  1910.  1506.  2562.   705.   916.  2051.  1132.]
13 [ 1425.  1704.   893.  1030.   932.   958.  2307.  1668.  1217.  1312.
  1688.   364.   974.   682.   645.   675.  1813.  1536.   758.   979.
  1614.  1265.   953.  1123.   839.  1009.   486.  1307.  1146.  1167.
  1126.   968.   807.  1465.  1076.   973.  1169.  1437.  1674.  1269.
  1006.   870.  1027.  1823.  1478.  2553.   700.   888.  2095.  1127.]
14 [ 1420.  1716.   887.  1025.   918.   961.  2313.  1652.  1231.  1338.
  1689.   374.   975.   687.   648.   682.  1817.  1520.   770.   974.
  1608.  1252.   949.  1134.   817.  1007.   488.  1367.  1153.  1203.
  1117.   971.   799.  1471.  1094.  1004.  1172.  1434.  1662.  1264.
  1028.   863.  1020.  1750.  1461.  2538.   700.   862.  2116.  1099.]
15 [ 1410.  1704.   882.  1016.   907.   962.  2325.  1624.  1238.  1365.
  1690.   388.   970.   685.   645.   687.  1819.  1506.   771.   965.
  1602.  1244.   949.  1146.   810.  1009.   493.  1413.  1163.  1245.
  1115.   965.   799.  1468.  1101.  1033.  1182.  1439.  1657.  1260.
  1042.   861.  1024.  1693.  1439.  2510.   703.   833.  2151.  1092.]
16 [ 1409.  1669.   878.  1009.   903.   967.  2340.  1597.  1241.  1377.
  1703.   386.   973.   687.   643.   686.  1822.  1492.   771.   961.
  1616.  1240.   944.  1161.   806.  1004.   498.  1457.  1169.  1279.
  1098.   969.   804.  1465.  1109.  1047.  1185.  1437.  1651.  1259.
  1059.   860.  1021.  1645.  1427.  2471.   706.   816.  2187.  1096.]
17 [ 1410.  1639.   878.  1007.   890.   967.  2351.  1571.  1255.  1397.
  1712.   380.   965.   695.   648.   691.  1829.  1480.   774.   958.
  1628.  1236.   942.  1172.   793.  1004.   504.  1478.  1174.  1303.
  1084.   980.   805.  1461.  1112.  1062.  1186.  1438.  1659.  1255.
  1060.   852.  1012.  1617.  1412.  2450.   709.   810.  2209.  1096.]
18 [ 1413.  1644.   876.  1002.   881.   965.  2357.  1533.  1269.  1415.
  1707.   375.   956.   695.   643.   696.  1841.  1471.   773.   953.
  1635.  1234.   933.  1171.   800.  1003.   513.  1489.  1180.  1332.
  1081.  1012.   806.  1461.  1117.  1068.  1187.  1443.  1663.  1246.
  1066.   841.  1011.  1595.  1405.  2423.   707.   803.  2225.  1085.]
19 [ 1412.  1641.   873.   998.   880.   963.  2354.  1511.  1278.  1439.
  1708.   366.   955.   696.   638.   700.  1849.  1462.   765.   950.
  1634.  1232.   928.  1177.   801.  1000.   524.  1499.  1186.  1346.
  1076.  1028.   805.  1460.  1115.  1078.  1181.  1444.  1664.  1242.
  1072.   836.  1015.  1591.  1398.  2397.   709.   797.  2232.  1095.]
20 [ 1408.  1635.   869.  1000.   883.   961.  2349.  1503.  1283.  1456.
  1718.   359.   964.   698.   642.   701.  1853.  1457.   767.   944.
  1633.  1234.   921.  1186.   802.   994.   526.  1507.  1192.  1358.
  1076.  1032.   802.  1463.  1115.  1087.  1174.  1446.  1669.  1232.
  1078.   834.  1016.  1583.  1395.  2373.   712.   780.  2230.  1100.]
21 [ 1405.  1640.   863.  1005.   893.   962.  2345.  1500.  1290.  1474.
  1728.   347.   962.   697.   639.   703.  1853.  1452.   769.   940.
  1629.  1239.   912.  1193.   808.   988.   531.  1516.  1197.  1356.
  1070.  1041.   800.  1465.  1116.  1092.  1177.  1450.  1670.  1226.
  1086.   833.  1009.  1577.  1390.  2368.   714.   759.  2221.  1100.]
22 [ 1399.  1628.   855.  1008.   892.   958.  2351.  1496.  1301.  1488.
  1741.   338.   971.   699.   636.   702.  1849.  1456.   771.   935.
  1621.  1243.   915.  1222.   807.   985.   534.  1528.  1197.  1357.
  1066.  1044.   798.  1465.  1115.  1101.  1180.  1448.  1675.  1225.
  1086.   833.  1004.  1566.  1379.  2348.   715.   740.  2223.  1106.]
23 [ 1396.  1653.   848.  1014.   893.   954.  2333.  1485.  1310.  1504.
  1757.   310.   972.   700.   629.   702.  1855.  1452.   769.   934.
  1611.  1244.   918.  1252.   810.   980.   547.  1543.  1198.  1364.
  1060.  1043.   792.  1467.  1111.  1112.  1179.  1445.  1679.  1219.
  1091.   827.  1000.  1553.  1379.  2344.   714.   719.  2216.  1113.]
24 [ 1389.  1593.   846.  1026.   884.   952.  2322.  1479.  1331.  1512.
  1780.   288.   972.   700.   624.   699.  1857.  1455.   776.   932.
  1607.  1243.   922.  1300.   805.   982.   563.  1549.  1204.  1362.
  1062.  1060.   781.  1473.  1107.  1121.  1176.  1440.  1680.  1218.
  1086.   824.   996.  1539.  1380.  2329.   718.   706.  2226.  1124.]
25 [ 1384.  1544.   847.  1035.   885.   949.  2308.  1472.  1344.  1522.
  1789.   271.   970.   697.   626.   694.  1860.  1458.   784.   932.
  1616.  1244.   916.  1360.   809.   980.   584.  1571.  1201.  1356.
  1055.  1066.   768.  1479.  1107.  1124.  1174.  1439.  1680.  1219.
  1092.   821.   996.  1525.  1380.  2305.   720.   681.  2224.  1137.]
26 [ 1376.  1474.   846.  1046.   885.   945.  2310.  1458.  1357.  1531.
  1801.   252.   963.   693.   630.   690.  1862.  1461.   788.   935.
  1621.  1245.   908.  1394.   823.   986.   604.  1587.  1200.  1358.
  1045.  1090.   760.  1480.  1106.  1128.  1178.  1434.  1680.  1229.
  1099.   816.   990.  1517.  1379.  2279.   724.   699.  2198.  1140.]
27 [ 1370.  1344.   844.  1055.   885.   947.  2307.  1453.  1379.  1552.
  1811.   260.   966.   688.   631.   684.  1859.  1460.   796.   929.
  1629.  1242.   915.  1447.   824.   983.   612.  1600.  1204.  1359.
  1037.  1103.   754.  1480.  1105.  1134.  1177.  1438.  1680.  1240.
  1114.   811.   974.  1510.  1370.  2265.   725.   707.  2191.  1150.]
28 [ 1369.  1166.   843.  1059.   886.   943.  2305.  1447.  1400.  1573.
  1817.   318.   981.   683.   633.   677.  1872.  1456.   800.   928.
  1638.  1244.   922.  1483.   822.   978.   630.  1615.  1204.  1363.
  1030.  1117.   750.  1483.  1100.  1133.  1177.  1435.  1685.  1249.
  1124.   808.   961.  1503.  1368.  2246.   727.   729.  2164.  1156.]
29 [ 1373.   970.   839.  1067.   891.   948.  2310.  1446.  1417.  1589.
  1814.   366.   986.   682.   642.   672.  1877.  1453.   808.   925.
  1646.  1241.   926.  1532.   819.   975.   645.  1648.  1196.  1355.
  1022.  1114.   741.  1480.  1091.  1138.  1179.  1437.  1684.  1259.
  1133.   797.   940.  1488.  1362.  2237.   732.   822.  2136.  1150.]
30 [ 1381.   818.   835.  1070.   886.   948.  2318.  1443.  1429.  1598.
  1814.   424.   996.   683.   656.   662.  1873.  1451.   809.   926.
  1656.  1237.   925.  1571.   824.   962.   656.  1665.  1193.  1342.
  1022.  1116.   736.  1477.  1074.  1142.  1186.  1442.  1689.  1261.
  1140.   789.   922.  1468.  1354.  2205.   734.   919.  2122.  1151.]
31 [ 1388.   700.   829.  1072.   886.   944.  2322.  1442.  1430.  1609.
  1814.   466.  1009.   683.   668.   664.  1870.  1447.   813.   927.
  1674.  1234.   923.  1590.   829.   951.   661.  1696.  1196.  1331.
  1013.  1121.   741.  1482.  1055.  1148.  1187.  1438.  1692.  1258.
  1143.   778.   905.  1449.  1353.  2180.   729.  1001.  2107.  1152.]
32 [ 1388.   629.   818.  1070.   879.   944.  2332.  1442.  1427.  1617.
  1809.   499.  1022.   685.   702.   663.  1868.  1433.   813.   929.
  1696.  1231.   920.  1602.   842.   940.   658.  1724.  1196.  1329.
  1011.  1108.   747.  1482.  1047.  1147.  1187.  1437.  1696.  1244.
  1160.   766.   886.  1441.  1351.  2155.   728.  1053.  2092.  1155.]
33 [ 1385.   566.   816.  1061.   874.   943.  2343.  1444.  1424.  1633.
  1804.   530.  1035.   687.   737.   663.  1867.  1430.   806.   929.
  1705.  1229.   917.  1621.   851.   928.   662.  1735.  1195.  1325.
  1011.  1115.   754.  1486.  1042.  1145.  1187.  1433.  1697.  1237.
  1164.   751.   877.  1431.  1342.  2129.   727.  1099.  2077.  1151.]
34 [ 1388.   520.   815.  1050.   866.   946.  2357.  1441.  1415.  1645.
  1791.   548.  1050.   691.   753.   669.  1868.  1425.   805.   932.
  1714.  1226.   915.  1654.   859.   912.   665.  1758.  1189.  1321.
  1008.  1122.   755.  1488.  1041.  1141.  1186.  1426.  1693.  1227.
  1178.   744.   880.  1426.  1338.  2097.   727.  1122.  2067.  1146.]
35 [ 1390.   491.   810.  1042.   862.   946.  2373.  1444.  1404.  1655.
  1776.   567.  1065.   693.   782.   671.  1871.  1420.   802.   936.
  1714.  1219.   914.  1660.   873.   902.   672.  1775.  1188.  1315.
  1005.  1144.   752.  1488.  1048.  1139.  1189.  1418.  1689.  1227.
  1180.   738.   876.  1421.  1332.  2055.   724.  1138.  2063.  1142.]
36 [ 1384.   466.   798.  1038.   860.   947.  2382.  1450.  1394.  1668.
  1768.   594.  1086.   691.   818.   678.  1865.  1414.   803.   940.
  1716.  1220.   919.  1662.   880.   882.   676.  1797.  1193.  1311.
  1007.  1156.   751.  1490.  1043.  1133.  1188.  1406.  1692.  1214.
  1188.   725.   871.  1420.  1326.  2030.   720.  1136.  2060.  1144.]
37 [ 1377.   435.   791.  1033.   859.   947.  2382.  1449.  1380.  1678.
  1760.   602.  1100.   687.   838.   688.  1865.  1415.   804.   941.
  1714.  1219.   926.  1680.   884.   869.   679.  1823.  1196.  1319.
  1012.  1171.   753.  1490.  1050.  1132.  1189.  1397.  1691.  1203.
  1205.   710.   865.  1418.  1319.  2014.   719.  1150.  2038.  1134.]
38 [ 1366.   407.   778.  1041.   860.   949.  2386.  1447.  1371.  1690.
  1752.   607.  1115.   687.   837.   706.  1858.  1405.   796.   947.
  1715.  1217.   931.  1686.   896.   856.   684.  1833.  1190.  1332.
  1016.  1182.   756.  1491.  1063.  1134.  1188.  1392.  1685.  1195.
  1208.   712.   864.  1420.  1312.  1995.   718.  1165.  2029.  1130.]
39 [ 1360.   392.   770.  1038.   865.   953.  2393.  1443.  1363.  1694.
  1748.   612.  1137.   681.   835.   727.  1845.  1398.   782.   949.
  1715.  1215.   938.  1710.   902.   840.   681.  1858.  1194.  1335.
  1026.  1182.   765.  1490.  1070.  1133.  1191.  1388.  1677.  1184.
  1209.   714.   865.  1420.  1302.  1952.   717.  1182.  2026.  1134.]
40 [ 1358.   364.   768.  1039.   864.   957.  2394.  1442.  1359.  1702.
  1753.   632.  1154.   688.   832.   751.  1844.  1402.   759.   952.
  1711.  1211.   937.  1732.   906.   823.   687.  1890.  1194.  1340.
  1022.  1182.   769.  1489.  1076.  1130.  1191.  1386.  1673.  1172.
  1210.   721.   871.  1414.  1296.  1922.   715.  1167.  2016.  1133.]
41 [ 1360.   346.   770.  1042.   864.   955.  2396.  1445.  1352.  1705.
  1751.   656.  1167.   676.   837.   765.  1847.  1400.   743.   954.
  1711.  1202.   928.  1747.   916.   807.   698.  1914.  1192.  1341.
  1023.  1183.   777.  1486.  1083.  1124.  1194.  1380.  1673.  1160.
  1208.   726.   867.  1414.  1298.  1894.   716.  1166.  2006.  1135.]
42 [ 1356.   321.   777.  1047.   862.   952.  2405.  1443.  1347.  1712.
  1742.   674.  1187.   666.   827.   769.  1849.  1397.   738.   958.
  1709.  1196.   929.  1774.   928.   778.   711.  1933.  1195.  1342.
  1017.  1177.   777.  1486.  1093.  1120.  1195.  1378.  1674.  1151.
  1206.   742.   865.  1428.  1305.  1861.   716.  1166.  1978.  1141.]
43 [ 1349.   292.   781.  1049.   860.   954.  2402.  1441.  1342.  1720.
  1736.   708.  1215.   655.   848.   779.  1844.  1398.   728.   961.
  1707.  1186.   923.  1784.   942.   753.   719.  1951.  1196.  1343.
  1006.  1183.   785.  1482.  1104.  1119.  1197.  1369.  1676.  1140.
  1204.   747.   865.  1433.  1310.  1828.   718.  1166.  1964.  1138.]
44 [ 1331.   287.   796.  1052.   857.   957.  2415.  1441.  1337.  1726.
  1731.   694.  1233.   636.   862.   790.  1825.  1402.   731.   961.
  1705.  1180.   932.  1786.   948.   739.   734.  1969.  1194.  1348.
   989.  1181.   792.  1484.  1114.  1120.  1201.  1360.  1677.  1140.
  1205.   751.   866.  1448.  1319.  1799.   719.  1152.  1953.  1131.]
45 [ 1312.   288.   805.  1052.   858.   959.  2433.  1442.  1332.  1728.
  1734.   671.  1253.   633.   875.   793.  1802.  1407.   742.   959.
  1709.  1174.   931.  1790.   954.   720.   742.  1949.  1193.  1351.
   981.  1175.   799.  1486.  1117.  1118.  1208.  1360.  1675.  1137.
  1204.   759.   866.  1473.  1337.  1765.   718.  1151.  1957.  1123.]
46 [ 1286.   285.   810.  1053.   854.   957.  2446.  1441.  1326.  1732.
  1731.   670.  1263.   624.   892.   795.  1787.  1419.   751.   961.
  1721.  1167.   949.  1789.   953.   718.   760.  1923.  1197.  1356.
   978.  1171.   793.  1486.  1118.  1114.  1210.  1351.  1675.  1136.
  1207.   763.   869.  1501.  1364.  1737.   719.  1146.  1925.  1121.]
47 [ 1270.   287.   802.  1057.   850.   955.  2465.  1437.  1315.  1733.
  1729.   663.  1268.   627.   902.   800.  1772.  1424.   750.   965.
  1727.  1157.   956.  1796.   965.   710.   772.  1878.  1196.  1362.
   968.  1172.   797.  1489.  1125.  1115.  1215.  1343.  1681.  1135.
  1212.   769.   870.  1531.  1394.  1709.   721.  1145.  1902.  1117.]
48 [ 1251.   288.   797.  1055.   851.   953.  2478.  1440.  1305.  1736.
  1727.   655.  1275.   629.   908.   806.  1750.  1432.   753.   961.
  1736.  1157.   951.  1812.   976.   718.   786.  1865.  1193.  1364.
   962.  1168.   797.  1483.  1139.  1114.  1214.  1330.  1683.  1133.
  1214.   772.   872.  1551.  1412.  1683.   724.  1139.  1885.  1117.]
49 [ 1235.   288.   798.  1056.   850.   955.  2495.  1437.  1302.  1742.
  1725.   650.  1284.   625.   906.   808.  1740.  1446.   768.   963.
  1736.  1154.   947.  1822.   989.   711.   795.  1824.  1195.  1367.
   951.  1165.   795.  1486.  1149.  1112.  1219.  1318.  1688.  1130.
  1221.   776.   874.  1572.  1433.  1654.   731.  1124.  1876.  1113.]
50 [ 1229.   295.   800.  1054.   847.   954.  2501.  1435.  1306.  1760.
  1726.   641.  1289.   615.   903.   813.  1730.  1455.   771.   966.
  1734.  1151.   952.  1829.   987.   720.   809.  1789.  1194.  1370.
   948.  1161.   798.  1488.  1159.  1114.  1221.  1304.  1690.  1129.
  1222.   781.   873.  1580.  1450.  1632.   735.  1111.  1868.  1111.]
51 [ 1222.   294.   799.  1054.   846.   956.  2503.  1436.  1307.  1777.
  1718.   637.  1288.   616.   904.   814.  1717.  1454.   771.   967.
  1734.  1151.   952.  1833.   981.   735.   825.  1763.  1195.  1371.
   942.  1168.   798.  1489.  1168.  1118.  1222.  1288.  1691.  1128.
  1223.   785.   874.  1581.  1466.  1601.   739.  1116.  1875.  1108.]
52 [ 1219.   291.   799.  1054.   850.   963.  2502.  1437.  1304.  1791.
  1716.   637.  1296.   622.   900.   817.  1703.  1459.   772.   965.
  1739.  1150.   952.  1849.   970.   742.   833.  1746.  1194.  1368.
   936.  1163.   792.  1484.  1176.  1120.  1225.  1271.  1690.  1132.
  1225.   788.   875.  1586.  1473.  1582.   739.  1113.  1882.  1108.]
53 [ 1218.   288.   794.  1054.   848.   968.  2510.  1436.  1301.  1794.
  1715.   634.  1293.   638.   901.   820.  1700.  1456.   768.   965.
  1732.  1144.   957.  1868.   963.   740.   845.  1736.  1194.  1367.
   927.  1162.   787.  1482.  1183.  1127.  1228.  1267.  1688.  1133.
  1227.   791.   874.  1594.  1475.  1578.   739.  1107.  1877.  1107.]
54 [ 1228.   287.   798.  1055.   848.   973.  2513.  1435.  1298.  1795.
  1712.   631.  1296.   637.   900.   825.  1707.  1456.   755.   965.
  1729.  1140.   954.  1885.   963.   746.   855.  1716.  1193.  1366.
   925.  1165.   789.  1476.  1190.  1122.  1230.  1255.  1687.  1132.
  1226.   791.   872.  1598.  1476.  1582.   740.  1096.  1881.  1106.]
55 [ 1228.   286.   805.  1054.   843.   980.  2523.  1435.  1292.  1795.
  1712.   627.  1296.   632.   900.   829.  1701.  1456.   758.   962.
  1733.  1137.   955.  1889.   957.   756.   861.  1710.  1197.  1367.
   924.  1167.   784.  1479.  1193.  1123.  1231.  1244.  1682.  1130.
  1229.   793.   872.  1601.  1474.  1584.   737.  1094.  1880.  1103.]
56 [ 1226.   283.   803.  1053.   843.   989.  2529.  1435.  1288.  1793.
  1713.   627.  1296.   633.   896.   832.  1703.  1451.   756.   960.
  1725.  1131.   953.  1891.   964.   761.   863.  1705.  1202.  1365.
   923.  1170.   781.  1478.  1198.  1124.  1235.  1232.  1678.  1130.
  1230.   796.   871.  1603.  1474.  1587.   737.  1099.  1879.  1106.]
57 [ 1233.   287.   804.  1052.   841.   994.  2532.  1435.  1281.  1797.
  1719.   625.  1290.   629.   894.   834.  1704.  1455.   759.   960.
  1719.  1123.   956.  1904.   956.   771.   857.  1696.  1206.  1369.
   923.  1168.   779.  1478.  1204.  1126.  1238.  1222.  1675.  1130.
  1232.   796.   871.  1597.  1473.  1592.   739.  1103.  1868.  1104.]
58 [ 1231.   288.   805.  1048.   838.   998.  2532.  1436.  1270.  1804.
  1720.   625.  1287.   631.   897.   834.  1699.  1465.   758.   961.
  1705.  1125.   962.  1918.   956.   776.   862.  1681.  1207.  1368.
   918.  1175.   779.  1481.  1208.  1122.  1238.  1217.  1672.  1130.
  1234.   795.   870.  1594.  1475.  1596.   739.  1101.  1867.  1102.]
59 [ 1229.   286.   804.  1048.   835.   999.  2535.  1436.  1265.  1810.
  1721.   626.  1286.   631.   896.   833.  1690.  1466.   756.   962.
  1693.  1129.   966.  1924.   954.   777.   865.  1674.  1209.  1366.
   913.  1182.   783.  1482.  1221.  1123.  1234.  1214.  1673.  1128.
  1234.   796.   872.  1585.  1475.  1603.   740.  1097.  1866.  1108.]
60 [ 1231.   284.   802.  1048.   833.  1005.  2544.  1437.  1267.  1815.
  1723.   632.  1285.   631.   894.   831.  1683.  1472.   760.   963.
  1680.  1126.   964.  1927.   954.   777.   871.  1674.  1211.  1366.
   904.  1180.   783.  1480.  1228.  1122.  1234.  1214.  1671.  1128.
  1237.   796.   871.  1569.  1474.  1604.   740.  1096.  1867.  1112.]
61 [ 1231.   282.   801.  1046.   832.  1007.  2546.  1437.  1261.  1822.
  1725.   646.  1285.   628.   892.   831.  1682.  1476.   758.   963.
  1675.  1126.   964.  1929.   953.   777.   882.  1675.  1207.  1366.
   896.  1181.   781.  1480.  1227.  1125.  1233.  1216.  1669.  1128.
  1242.   797.   872.  1560.  1471.  1605.   740.  1096.  1860.  1116.]
62 [ 1231.   280.   800.  1046.   831.  1008.  2545.  1437.  1256.  1831.
  1728.   647.  1285.   623.   892.   831.  1681.  1483.   758.   965.
  1667.  1126.   966.  1932.   949.   777.   890.  1673.  1208.  1366.
   889.  1183.   783.  1480.  1230.  1127.  1232.  1215.  1670.  1131.
  1243.   797.   873.  1554.  1469.  1605.   741.  1093.  1857.  1116.]
63 [ 1231.   278.   801.  1046.   830.  1013.  2544.  1436.  1253.  1833.
  1731.   652.  1286.   619.   892.   832.  1682.  1486.   758.   964.
  1663.  1125.   967.  1935.   946.   779.   905.  1672.  1207.  1366.
   871.  1184.   787.  1480.  1236.  1130.  1231.  1215.  1668.  1132.
  1244.   799.   872.  1549.  1468.  1608.   741.  1090.  1845.  1118.]
64 [ 1230.   277.   802.  1046.   826.  1015.  2547.  1435.  1247.  1834.
  1733.   655.  1284.   616.   891.   834.  1686.  1486.   757.   964.
  1662.  1125.   968.  1937.   944.   778.   919.  1666.  1208.  1365.
   863.  1182.   786.  1480.  1238.  1129.  1231.  1216.  1667.  1134.
  1245.   800.   872.  1544.  1471.  1611.   741.  1086.  1845.  1122.]
65 [ 1225.   276.   802.  1045.   822.  1014.  2550.  1435.  1245.  1833.
  1734.   658.  1284.   617.   893.   834.  1688.  1489.   758.   965.
  1661.  1125.   971.  1936.   944.   778.   926.  1666.  1207.  1366.
   858.  1183.   791.  1480.  1234.  1132.  1230.  1215.  1663.  1133.
  1245.   803.   872.  1536.  1470.  1618.   741.  1085.  1845.  1119.]
66 [ 1226.   273.   804.  1044.   825.  1016.  2548.  1434.  1245.  1832.
  1735.   663.  1285.   616.   887.   836.  1687.  1489.   758.   965.
  1665.  1123.   972.  1937.   945.   779.   927.  1663.  1205.  1364.
   864.  1182.   792.  1480.  1234.  1131.  1228.  1216.  1652.  1133.
  1248.   805.   871.  1540.  1465.  1626.   742.  1075.  1846.  1122.]
67 [ 1228.   277.   805.  1045.   829.  1021.  2551.  1434.  1244.  1831.
  1733.   666.  1285.   620.   880.   836.  1689.  1495.   759.   966.
  1663.  1123.   972.  1948.   945.   780.   920.  1661.  1205.  1363.
   858.  1180.   794.  1480.  1234.  1132.  1226.  1215.  1643.  1131.
  1248.   811.   870.  1534.  1463.  1628.   743.  1068.  1842.  1126.]
68 [ 1231.   279.   806.  1043.   833.  1020.  2551.  1435.  1245.  1831.
  1728.   665.  1285.   628.   874.   837.  1681.  1498.   753.   965.
  1665.  1120.   972.  1952.   946.   781.   925.  1663.  1200.  1363.
   853.  1178.   795.  1478.  1234.  1130.  1224.  1214.  1636.  1131.
  1249.   816.   870.  1532.  1463.  1636.   744.  1067.  1842.  1133.]
69 [ 1231.   280.   807.  1042.   838.  1020.  2554.  1434.  1243.  1830.
  1727.   665.  1285.   638.   871.   838.  1678.  1498.   752.   964.
  1671.  1120.   972.  1956.   944.   783.   931.  1663.  1195.  1364.
   843.  1183.   793.  1477.  1233.  1129.  1221.  1215.  1629.  1131.
  1250.   819.   870.  1529.  1462.  1642.   745.  1066.  1838.  1131.]
70 [ 1231.   280.   808.  1042.   841.  1023.  2555.  1434.  1242.  1830.
  1728.   662.  1285.   638.   866.   838.  1675.  1496.   752.   965.
  1672.  1119.   972.  1949.   944.   784.   935.  1662.  1196.  1363.
   837.  1185.   795.  1478.  1235.  1128.  1219.  1214.  1623.  1129.
  1253.   820.   870.  1531.  1462.  1648.   747.  1069.  1832.  1138.]
71 [ 1231.   283.   807.  1042.   845.  1026.  2554.  1435.  1247.  1830.
  1725.   662.  1286.   641.   862.   838.  1672.  1494.   752.   964.
  1675.  1120.   972.  1946.   944.   784.   946.  1660.  1194.  1362.
   820.  1187.   794.  1477.  1237.  1127.  1220.  1214.  1618.  1133.
  1255.   822.   870.  1532.  1465.  1654.   747.  1064.  1827.  1138.]
72 [ 1230.   284.   808.  1042.   847.  1024.  2550.  1435.  1250.  1832.
  1724.   664.  1286.   640.   858.   838.  1668.  1493.   753.   965.
  1673.  1120.   972.  1943.   944.   784.   958.  1663.  1192.  1362.
   816.  1188.   792.  1476.  1236.  1125.  1221.  1214.  1615.  1132.
  1257.   823.   871.  1532.  1466.  1665.   747.  1061.  1820.  1141.]
73 [ 1229.   285.   808.  1042.   854.  1022.  2547.  1435.  1248.  1832.
  1727.   662.  1287.   648.   858.   839.  1659.  1486.   747.   964.
  1673.  1120.   972.  1952.   944.   784.   970.  1668.  1192.  1361.
   811.  1186.   786.  1474.  1237.  1123.  1222.  1214.  1613.  1134.
  1259.   824.   871.  1527.  1470.  1673.   747.  1064.  1814.  1136.]
74 [ 1229.   289.   809.  1042.   860.  1015.  2553.  1435.  1246.  1832.
  1726.   664.  1289.   645.   851.   840.  1653.  1486.   745.   963.
  1676.  1120.   971.  1955.   944.   785.   980.  1673.  1192.  1361.
   805.  1186.   792.  1474.  1236.  1122.  1221.  1214.  1609.  1134.
  1259.   824.   871.  1522.  1470.  1677.   749.  1060.  1808.  1138.]
75 [ 1228.   290.   811.  1042.   858.  1018.  2553.  1435.  1246.  1826.
  1725.   664.  1291.   644.   851.   841.  1651.  1482.   747.   963.
  1678.  1120.   971.  1953.   944.   785.   986.  1670.  1192.  1360.
   799.  1187.   792.  1474.  1239.  1121.  1222.  1213.  1608.  1134.
  1260.   824.   873.  1523.  1470.  1684.   750.  1067.  1801.  1134.]
76 [ 1225.   292.   807.  1041.   860.  1020.  2549.  1435.  1246.  1827.
  1721.   664.  1292.   643.   847.   839.  1652.  1479.   748.   961.
  1679.  1119.   972.  1950.   944.   786.   995.  1664.  1197.  1360.
   796.  1188.   791.  1474.  1241.  1123.  1223.  1213.  1607.  1135.
  1262.   824.   872.  1523.  1468.  1686.   750.  1071.  1802.  1137.]
77 [ 1222.   294.   801.  1041.   862.  1016.  2544.  1436.  1247.  1829.
  1719.   664.  1293.   645.   845.   838.  1654.  1476.   750.   958.
  1678.  1118.   973.  1950.   944.   788.  1009.  1666.  1196.  1359.
   788.  1190.   792.  1475.  1243.  1124.  1224.  1211.  1607.  1133.
  1263.   824.   871.  1523.  1465.  1689.   750.  1073.  1802.  1138.]
78 [ 1221.   293.   796.  1042.   866.  1014.  2542.  1437.  1248.  1832.
  1715.   662.  1294.   649.   841.   841.  1652.  1477.   749.   958.
  1677.  1117.   972.  1952.   944.   788.  1021.  1665.  1193.  1359.
   786.  1189.   786.  1476.  1243.  1127.  1226.  1212.  1608.  1131.
  1266.   823.   871.  1523.  1460.  1688.   750.  1075.  1805.  1138.]
79 [ 1222.   293.   793.  1042.   868.  1009.  2535.  1437.  1244.  1838.
  1718.   662.  1293.   652.   837.   843.  1649.  1473.   749.   958.
  1682.  1114.   972.  1954.   945.   789.  1026.  1664.  1190.  1358.
   791.  1189.   786.  1475.  1244.  1127.  1227.  1213.  1608.  1132.
  1265.   824.   871.  1523.  1457.  1690.   750.  1074.  1808.  1137.]
80 [ 1223.   290.   794.  1042.   867.  1008.  2532.  1439.  1243.  1840.
  1718.   659.  1294.   659.   837.   844.  1646.  1477.   750.   958.
  1683.  1113.   972.  1957.   944.   789.  1029.  1663.  1187.  1357.
   793.  1189.   782.  1475.  1244.  1124.  1227.  1213.  1610.  1130.
  1264.   824.   870.  1521.  1453.  1691.   751.  1078.  1810.  1137.]
81 [ 1229.   289.   792.  1043.   869.  1008.  2529.  1438.  1242.  1842.
  1716.   659.  1294.   667.   838.   844.  1647.  1477.   750.   958.
  1682.  1108.   972.  1960.   945.   790.  1026.  1663.  1180.  1356.
   796.  1189.   778.  1475.  1244.  1122.  1227.  1213.  1613.  1130.
  1265.   825.   870.  1521.  1454.  1689.   751.  1076.  1812.  1137.]
82 [ 1228.   289.   795.  1043.   868.  1008.  2525.  1437.  1242.  1843.
  1715.   659.  1294.   674.   837.   847.  1647.  1477.   744.   957.
  1685.  1103.   975.  1961.   946.   790.  1026.  1659.  1181.  1358.
   800.  1191.   772.  1475.  1245.  1121.  1228.  1213.  1612.  1130.
  1267.   825.   870.  1521.  1454.  1687.   751.  1075.  1814.  1136.]
83 [ 1229.   289.   794.  1043.   869.  1010.  2521.  1438.  1244.  1843.
  1716.   659.  1296.   682.   832.   848.  1643.  1476.   744.   957.
  1687.  1099.   977.  1958.   944.   791.  1026.  1662.  1180.  1358.
   799.  1196.   766.  1474.  1248.  1123.  1229.  1212.  1613.  1131.
  1268.   827.   869.  1521.  1453.  1685.   751.  1076.  1816.  1128.]
84 [ 1229.   292.   787.  1044.   877.  1012.  2513.  1439.  1247.  1846.
  1714.   655.  1295.   690.   832.   852.  1642.  1476.   741.   956.
  1684.  1099.   978.  1964.   943.   790.  1025.  1665.  1179.  1358.
   789.  1190.   774.  1473.  1249.  1121.  1229.  1211.  1614.  1129.
  1269.   826.   867.  1522.  1452.  1688.   751.  1077.  1815.  1130.]
85 [ 1228.   292.   787.  1044.   878.  1013.  2508.  1440.  1248.  1847.
  1713.   654.  1295.   700.   828.   852.  1636.  1476.   740.   957.
  1680.  1099.   981.  1969.   943.   789.  1025.  1665.  1178.  1357.
   782.  1194.   768.  1472.  1249.  1119.  1229.  1211.  1613.  1128.
  1270.   830.   867.  1520.  1454.  1690.   752.  1081.  1817.  1132.]
86 [ 1227.   293.   792.  1045.   881.  1013.  2504.  1439.  1251.  1850.
  1709.   651.  1296.   706.   829.   847.  1632.  1477.   733.   957.
  1672.  1098.   983.  1972.   946.   788.  1025.  1669.  1174.  1358.
   779.  1196.   768.  1472.  1249.  1117.  1230.  1211.  1614.  1128.
  1270.   836.   867.  1520.  1452.  1692.   752.  1081.  1818.  1131.]
87 [ 1226.   294.   791.  1045.   882.  1016.  2503.  1438.  1248.  1851.
  1703.   648.  1297.   713.   828.   846.  1630.  1477.   732.   956.
  1665.  1098.   985.  1979.   947.   787.  1019.  1673.  1175.  1359.
   778.  1194.   770.  1472.  1249.  1115.  1231.  1211.  1613.  1130.
  1273.   841.   868.  1519.  1454.  1692.   751.  1079.  1816.  1133.]
88 [ 1224.   294.   791.  1044.   881.  1016.  2502.  1440.  1248.  1852.
  1703.   647.  1296.   720.   830.   848.  1631.  1478.   730.   954.
  1660.  1098.   985.  1987.   949.   788.  1011.  1672.  1177.  1362.
   778.  1192.   768.  1472.  1250.  1114.  1233.  1211.  1613.  1133.
  1272.   842.   868.  1519.  1454.  1690.   752.  1079.  1817.  1125.]
89 [ 1224.   292.   791.  1045.   881.  1018.  2501.  1441.  1249.  1853.
  1701.   649.  1296.   717.   829.   846.  1630.  1477.   735.   954.
  1657.  1098.   985.  1991.   947.   789.  1004.  1672.  1173.  1362.
   783.  1190.   771.  1468.  1250.  1111.  1237.  1211.  1610.  1134.
  1274.   845.   868.  1519.  1455.  1690.   752.  1079.  1820.  1126.]
90 [ 1220.   292.   791.  1045.   881.  1018.  2502.  1441.  1250.  1853.
  1701.   649.  1296.   717.   820.   846.  1630.  1477.   738.   954.
  1652.  1098.   990.  1990.   945.   790.  1003.  1672.  1172.  1362.
   784.  1192.   769.  1466.  1252.  1111.  1236.  1212.  1608.  1135.
  1275.   847.   868.  1520.  1458.  1689.   756.  1080.  1821.  1126.]
91 [ 1217.   291.   790.  1046.   882.  1018.  2499.  1441.  1249.  1854.
  1699.   648.  1295.   722.   816.   846.  1630.  1477.   737.   956.
  1649.  1098.   993.  2001.   945.   790.  1000.  1671.  1169.  1362.
   785.  1195.   769.  1466.  1253.  1111.  1234.  1212.  1607.  1133.
  1274.   850.   868.  1521.  1458.  1688.   759.  1080.  1821.  1125.]
92 [ 1215.   292.   790.  1046.   883.  1017.  2496.  1441.  1248.  1856.
  1694.   647.  1295.   725.   812.   849.  1630.  1475.   737.   956.
  1636.  1098.   994.  2005.   944.   790.   998.  1671.  1172.  1362.
   788.  1199.   769.  1467.  1254.  1111.  1235.  1208.  1610.  1133.
  1275.   850.   869.  1522.  1459.  1690.   762.  1079.  1821.  1125.]
93 [ 1214.   292.   790.  1047.   882.  1015.  2495.  1441.  1249.  1855.
  1696.   647.  1295.   732.   813.   849.  1629.  1474.   736.   956.
  1631.  1098.   995.  2003.   943.   790.   998.  1672.  1171.  1363.
   790.  1200.   765.  1468.  1257.  1111.  1236.  1206.  1611.  1132.
  1276.   851.   869.  1521.  1459.  1689.   763.  1079.  1822.  1124.]
94 [ 1214.   291.   791.  1048.   882.  1014.  2493.  1440.  1244.  1855.
  1695.   646.  1295.   736.   812.   848.  1629.  1476.   734.   955.
  1632.  1098.   994.  2004.   943.   789.   994.  1672.  1170.  1362.
   794.  1207.   764.  1467.  1255.  1110.  1238.  1206.  1610.  1132.
  1280.   852.   869.  1521.  1457.  1691.   763.  1079.  1823.  1126.]
95 [ 1215.   291.   791.  1048.   881.  1013.  2494.  1441.  1242.  1855.
  1695.   644.  1293.   734.   811.   848.  1629.  1475.   735.   955.
  1629.  1097.   995.  2009.   944.   789.   988.  1672.  1169.  1361.
   803.  1212.   766.  1466.  1255.  1108.  1240.  1206.  1610.  1132.
  1280.   852.   868.  1521.  1457.  1693.   763.  1076.  1824.  1125.]
96 [ 1213.   290.   791.  1048.   883.  1012.  2494.  1441.  1241.  1855.
  1696.   641.  1293.   739.   811.   848.  1630.  1471.   731.   955.
  1625.  1097.   995.  2020.   944.   789.   987.  1672.  1173.  1361.
   802.  1217.   766.  1465.  1256.  1109.  1240.  1206.  1607.  1129.
  1279.   852.   868.  1521.  1458.  1693.   764.  1074.  1824.  1124.]
97 [ 1212.   289.   791.  1048.   887.  1010.  2495.  1441.  1237.  1856.
  1697.   641.  1293.   738.   810.   848.  1630.  1472.   729.   954.
  1622.  1097.   996.  2015.   946.   790.   985.  1673.  1177.  1361.
   805.  1221.   764.  1463.  1257.  1109.  1239.  1207.  1604.  1127.
  1282.   853.   868.  1519.  1458.  1695.   766.  1075.  1823.  1125.]
98 [ 1211.   289.   788.  1049.   890.  1011.  2496.  1441.  1234.  1855.
  1694.   643.  1294.   739.   806.   847.  1630.  1474.   729.   954.
  1619.  1097.   996.  2018.   948.   791.   981.  1673.  1180.  1361.
   805.  1228.   766.  1464.  1257.  1108.  1236.  1206.  1599.  1125.
  1284.   853.   868.  1518.  1459.  1694.   769.  1074.  1824.  1125.]
99 [ 1210.   289.   785.  1049.   897.  1011.  2495.  1441.  1229.  1855.
  1693.   641.  1293.   736.   801.   847.  1630.  1474.   726.   955.
  1616.  1097.   996.  2016.   949.   793.   979.  1674.  1185.  1361.
   808.  1237.   769.  1464.  1257.  1108.  1233.  1205.  1592.  1123.
  1286.   854.   868.  1517.  1459.  1694.   771.  1076.  1825.  1131.]
100 [ 1210.   284.   786.  1049.   899.  1011.  2493.  1441.  1229.  1856.
  1689.   639.  1292.   733.   800.   848.  1630.  1473.   726.   955.
  1613.  1097.   996.  2020.   948.   792.   981.  1674.  1189.  1360.
   810.  1249.   765.  1461.  1256.  1107.  1236.  1205.  1591.  1121.
  1288.   854.   868.  1517.  1460.  1694.   771.  1077.  1826.  1131.]
101 [ 1210.   282.   788.  1047.   898.  1010.  2497.  1441.  1232.  1855.
  1689.   636.  1292.   731.   797.   848.  1630.  1472.   725.   954.
  1602.  1097.   996.  2026.   948.   791.   981.  1673.  1193.  1360.
   808.  1255.   767.  1461.  1257.  1105.  1236.  1204.  1591.  1121.
  1296.   854.   868.  1517.  1460.  1694.   771.  1076.  1825.  1133.]
102 [ 1210.   280.   788.  1046.   894.  1010.  2497.  1441.  1230.  1856.
  1686.   635.  1292.   734.   794.   848.  1629.  1472.   722.   952.
  1586.  1097.   996.  2024.   948.   791.   985.  1673.  1202.  1362.
   805.  1266.   768.  1462.  1256.  1105.  1236.  1204.  1590.  1123.
  1304.   854.   868.  1517.  1460.  1692.   771.  1077.  1826.  1136.]
103 [ 1210.   280.   789.  1048.   895.  1012.  2495.  1442.  1229.  1858.
  1682.   633.  1292.   733.   792.   848.  1629.  1472.   723.   952.
  1578.  1097.   996.  2023.   948.   791.   983.  1674.  1207.  1364.
   805.  1273.   768.  1462.  1256.  1104.  1236.  1202.  1586.  1128.
  1308.   854.   869.  1516.  1459.  1687.   771.  1077.  1829.  1135.]
104 [ 1210.   279.   789.  1050.   889.  1011.  2495.  1442.  1230.  1856.
  1678.   633.  1292.   738.   791.   848.  1630.  1472.   725.   951.
  1570.  1097.   996.  2025.   949.   793.   981.  1672.  1214.  1364.
   809.  1278.   766.  1462.  1257.  1104.  1236.  1202.  1581.  1130.
  1314.   855.   869.  1516.  1459.  1683.   772.  1076.  1827.  1134.]
105 [ 1208.   281.   787.  1050.   890.  1011.  2491.  1442.  1235.  1855.
  1678.   630.  1291.   743.   792.   849.  1631.  1472.   724.   950.
  1568.  1096.   996.  2023.   950.   794.   979.  1669.  1217.  1365.
   814.  1282.   760.  1463.  1257.  1106.  1235.  1202.  1571.  1131.
  1313.   855.   870.  1517.  1459.  1683.   772.  1076.  1826.  1141.]
106 [ 1207.   285.   786.  1047.   890.  1012.  2492.  1442.  1237.  1855.
  1674.   632.  1292.   747.   791.   849.  1629.  1473.   720.   948.
  1563.  1095.   996.  2028.   949.   795.   975.  1669.  1221.  1368.
   816.  1285.   756.  1463.  1257.  1107.  1235.  1203.  1561.  1131.
  1317.   855.   870.  1516.  1460.  1680.   772.  1075.  1825.  1149.]
107 [ 1208.   280.   782.  1049.   890.  1014.  2489.  1442.  1239.  1856.
  1668.   635.  1292.   755.   794.   848.  1631.  1472.   719.   950.
  1554.  1094.   995.  2037.   950.   795.   981.  1668.  1219.  1369.
   818.  1289.   747.  1463.  1257.  1106.  1235.  1203.  1555.  1126.
  1320.   855.   870.  1514.  1462.  1682.   772.  1075.  1826.  1150.]
108 [ 1207.   279.   780.  1052.   890.  1014.  2488.  1443.  1242.  1857.
  1664.   638.  1292.   758.   794.   849.  1632.  1470.   724.   949.
  1542.  1093.   996.  2043.   949.   794.   982.  1668.  1219.  1371.
   822.  1295.   741.  1464.  1256.  1104.  1237.  1203.  1553.  1123.
  1321.   856.   870.  1513.  1462.  1681.   772.  1073.  1826.  1149.]
109 [ 1206.   274.   774.  1054.   888.  1014.  2486.  1443.  1244.  1859.
  1660.   640.  1293.   763.   794.   850.  1629.  1469.   728.   949.
  1538.  1093.   997.  2044.   947.   795.   981.  1669.  1224.  1371.
   825.  1297.   739.  1464.  1256.  1101.  1237.  1203.  1550.  1123.
  1325.   857.   869.  1512.  1463.  1679.   772.  1074.  1828.  1150.]
110 [ 1205.   271.   772.  1054.   890.  1013.  2484.  1443.  1250.  1862.
  1656.   641.  1294.   764.   790.   849.  1625.  1468.   729.   950.
  1532.  1092.   999.  2047.   947.   795.   984.  1671.  1227.  1371.
   825.  1301.   736.  1464.  1256.  1099.  1237.  1205.  1549.  1122.
  1323.   858.   869.  1512.  1462.  1677.   772.  1072.  1831.  1155.]
111 [ 1205.   268.   774.  1056.   894.  1012.  2483.  1443.  1253.  1861.
  1655.   638.  1295.   765.   788.   851.  1625.  1464.   729.   949.
  1526.  1091.   999.  2055.   947.   794.   989.  1671.  1229.  1369.
   822.  1302.   730.  1464.  1259.  1098.  1237.  1206.  1546.  1119.
  1325.   859.   869.  1512.  1460.  1679.   772.  1074.  1832.  1157.]
112 [ 1205.   267.   773.  1059.   894.  1012.  2487.  1443.  1259.  1860.
  1650.   636.  1297.   771.   790.   851.  1622.  1464.   727.   949.
  1519.  1089.   999.  2049.   947.   794.   991.  1671.  1231.  1370.
   820.  1312.   729.  1465.  1259.  1096.  1236.  1205.  1544.  1120.
  1323.   857.   870.  1512.  1460.  1679.   772.  1074.  1834.  1157.]
113 [ 1203.   265.   771.  1061.   892.  1010.  2486.  1444.  1260.  1860.
  1648.   638.  1298.   776.   791.   853.  1622.  1464.   729.   947.
  1512.  1089.   999.  2059.   947.   794.   991.  1671.  1231.  1372.
   816.  1317.   729.  1466.  1259.  1093.  1235.  1204.  1541.  1119.
  1321.   857.   870.  1512.  1461.  1681.   771.  1076.  1833.  1156.]
114 [ 1203.   266.   772.  1063.   888.  1009.  2487.  1445.  1259.  1859.
  1649.   637.  1298.   783.   786.   854.  1622.  1464.   731.   947.
  1507.  1089.   999.  2048.   947.   794.   991.  1671.  1233.  1373.
   814.  1334.   723.  1466.  1258.  1093.  1236.  1204.  1540.  1117.
  1325.   857.   870.  1513.  1461.  1682.   770.  1076.  1834.  1153.]
115 [ 1202.   266.   776.  1063.   887.  1010.  2484.  1446.  1266.  1857.
  1646.   637.  1298.   777.   787.   854.  1621.  1464.   728.   948.
  1500.  1090.   999.  2041.   948.   793.   991.  1672.  1234.  1373.
   816.  1339.   723.  1466.  1259.  1093.  1237.  1204.  1537.  1115.
  1331.   857.   871.  1512.  1460.  1682.   769.  1079.  1835.  1157.]
116 [ 1203.   264.   771.  1061.   892.  1009.  2482.  1445.  1267.  1857.
  1647.   638.  1298.   789.   786.   854.  1624.  1462.   726.   947.
  1494.  1090.   999.  2043.   949.   794.   991.  1672.  1239.  1373.
   813.  1347.   718.  1466.  1258.  1093.  1237.  1204.  1533.  1111.
  1326.   857.   872.  1512.  1460.  1683.   769.  1080.  1835.  1160.]
117 [ 1203.   263.   771.  1062.   891.  1008.  2485.  1445.  1268.  1857.
  1648.   636.  1298.   799.   787.   854.  1622.  1463.   722.   946.
  1490.  1090.   999.  2036.   949.   794.   992.  1672.  1239.  1373.
   815.  1354.   711.  1467.  1258.  1094.  1237.  1205.  1530.  1107.
  1329.   857.   872.  1512.  1461.  1683.   769.  1081.  1835.  1161.]
118 [ 1203.   263.   768.  1063.   892.  1006.  2486.  1445.  1274.  1855.
  1647.   636.  1298.   811.   788.   854.  1624.  1463.   725.   946.
  1486.  1090.   998.  2035.   948.   796.   991.  1674.  1238.  1372.
   816.  1358.   703.  1467.  1257.  1092.  1237.  1205.  1527.  1104.
  1333.   857.   872.  1512.  1460.  1683.   769.  1074.  1833.  1166.]
119 [ 1202.   260.   765.  1064.   892.  1004.  2487.  1445.  1273.  1851.
  1648.   641.  1298.   822.   788.   854.  1624.  1461.   729.   945.
  1479.  1090.   998.  2041.   948.   796.   984.  1675.  1238.  1372.
   818.  1369.   698.  1467.  1257.  1092.  1237.  1205.  1525.  1099.
  1333.   859.   872.  1512.  1461.  1679.   769.  1070.  1834.  1170.]
120 [ 1202.   261.   760.  1064.   895.  1001.  2490.  1445.  1272.  1850.
  1649.   644.  1297.   837.   791.   853.  1624.  1459.   730.   945.
  1473.  1089.   998.  2037.   946.   796.   980.  1676.  1238.  1372.
   821.  1378.   692.  1466.  1258.  1092.  1237.  1206.  1524.  1095.
  1334.   858.   872.  1512.  1461.  1681.   768.  1067.  1834.  1170.]
121 [ 1202.   265.   763.  1063.   899.   998.  2489.  1444.  1276.  1850.
  1648.   641.  1297.   842.   796.   852.  1624.  1458.   729.   945.
  1473.  1089.   999.  2030.   942.   796.   980.  1673.  1242.  1372.
   822.  1383.   685.  1466.  1256.  1092.  1237.  1205.  1524.  1091.
  1331.   856.   872.  1512.  1461.  1685.   768.  1070.  1832.  1175.]
122 [ 1202.   269.   763.  1064.   901.   996.  2489.  1444.  1275.  1849.
  1650.   638.  1297.   836.   800.   850.  1622.  1458.   732.   945.
  1470.  1089.   999.  2030.   940.   796.   979.  1674.  1244.  1373.
   829.  1392.   688.  1465.  1255.  1091.  1236.  1205.  1519.  1085.
  1328.   857.   873.  1514.  1461.  1684.   768.  1070.  1832.  1174.]
123 [ 1202.   269.   761.  1063.   900.   996.  2487.  1444.  1275.  1848.
  1654.   637.  1297.   834.   801.   848.  1620.  1458.   735.   945.
  1465.  1089.   999.  2026.   941.   796.   981.  1676.  1244.  1373.
   834.  1396.   686.  1466.  1253.  1089.  1236.  1205.  1517.  1083.
  1330.   860.   873.  1515.  1461.  1687.   768.  1073.  1831.  1173.]
124 [ 1202.   269.   761.  1064.   897.   995.  2489.  1446.  1276.  1849.
  1658.   635.  1297.   834.   803.   848.  1620.  1457.   737.   946.
  1464.  1089.   999.  2013.   943.   797.   982.  1673.  1243.  1373.
   835.  1401.   686.  1465.  1253.  1088.  1236.  1205.  1515.  1078.
  1328.   866.   873.  1516.  1461.  1684.   768.  1076.  1832.  1175.]
125 [ 1201.   268.   762.  1063.   898.   995.  2488.  1446.  1276.  1850.
  1657.   635.  1298.   835.   803.   849.  1622.  1458.   740.   946.
  1464.  1089.  1000.  2007.   944.   797.   983.  1671.  1242.  1373.
   834.  1404.   683.  1465.  1253.  1087.  1237.  1205.  1513.  1075.
  1333.   872.   874.  1517.  1462.  1684.   767.  1071.  1832.  1172.]
126 [ 1201.   270.   767.  1063.   898.   995.  2488.  1446.  1276.  1850.
  1654.   634.  1298.   828.   810.   849.  1621.  1458.   739.   946.
  1460.  1087.  1000.  1998.   946.   797.   985.  1669.  1245.  1371.
   833.  1411.   684.  1466.  1254.  1087.  1237.  1205.  1513.  1067.
  1339.   876.   874.  1517.  1463.  1684.   767.  1068.  1833.  1173.]
127 [ 1201.   270.   766.  1063.   899.   995.  2489.  1445.  1278.  1851.
  1652.   633.  1298.   828.   816.   850.  1621.  1457.   738.   946.
  1456.  1088.  1000.  1995.   947.   796.   985.  1667.  1244.  1371.
   834.  1413.   680.  1466.  1254.  1087.  1237.  1205.  1513.  1061.
  1341.   878.   874.  1517.  1463.  1685.   767.  1068.  1836.  1176.]
128 [ 1201.   271.   769.  1062.   899.   994.  2490.  1445.  1280.  1850.
  1648.   631.  1298.   828.   827.   851.  1621.  1457.   735.   944.
  1455.  1087.  1000.  1989.   948.   796.   985.  1665.  1243.  1371.
   835.  1417.   677.  1466.  1254.  1088.  1237.  1205.  1514.  1059.
  1341.   877.   874.  1518.  1463.  1685.   767.  1070.  1837.  1176.]
129 [ 1201.   271.   768.  1062.   900.   995.  2489.  1445.  1284.  1850.
  1639.   630.  1298.   830.   835.   851.  1620.  1457.   736.   943.
  1452.  1086.  1001.  1983.   947.   796.   986.  1663.  1245.  1371.
   836.  1420.   674.  1466.  1254.  1087.  1236.  1205.  1514.  1057.
  1343.   880.   874.  1520.  1463.  1685.   767.  1071.  1837.  1177.]
130 [ 1201.   270.   768.  1062.   902.   994.  2489.  1446.  1288.  1850.
  1637.   631.  1299.   830.   840.   851.  1620.  1457.   737.   942.
  1450.  1086.  1000.  1979.   946.   795.   987.  1663.  1244.  1371.
   837.  1425.   673.  1466.  1254.  1085.  1236.  1205.  1515.  1054.
  1342.   880.   874.  1520.  1463.  1685.   767.  1071.  1837.  1176.]
131 [ 1201.   270.   768.  1062.   902.   994.  2486.  1446.  1292.  1850.
  1637.   635.  1299.   828.   846.   852.  1620.  1457.   739.   942.
  1447.  1086.  1000.  1975.   946.   795.   988.  1663.  1243.  1371.
   836.  1428.   673.  1466.  1253.  1085.  1236.  1205.  1514.  1052.
  1344.   881.   874.  1520.  1463.  1685.   767.  1069.  1837.  1172.]
132 [ 1201.   271.   771.  1062.   902.   993.  2486.  1446.  1293.  1848.
  1626.   638.  1299.   826.   847.   853.  1619.  1457.   739.   941.
  1447.  1086.  1001.  1972.   946.   795.   989.  1663.  1243.  1371.
   836.  1431.   673.  1468.  1253.  1086.  1236.  1205.  1514.  1051.
  1342.   881.   875.  1520.  1463.  1685.   767.  1067.  1837.  1179.]
133 [ 1201.   271.   772.  1062.   902.   992.  2487.  1447.  1288.  1846.
  1618.   641.  1298.   825.   846.   852.  1616.  1457.   739.   941.
  1447.  1086.  1002.  1967.   946.   796.   989.  1665.  1243.  1371.
   836.  1440.   673.  1468.  1252.  1086.  1236.  1205.  1514.  1051.
  1345.   884.   875.  1520.  1463.  1685.   767.  1067.  1837.  1183.]
134 [ 1202.   271.   773.  1062.   901.   992.  2484.  1447.  1290.  1846.
  1611.   645.  1299.   827.   855.   852.  1616.  1457.   739.   941.
  1449.  1086.  1001.  1957.   946.   796.   989.  1665.  1243.  1371.
   836.  1442.   673.  1470.  1253.  1086.  1237.  1205.  1513.  1047.
  1346.   886.   875.  1520.  1463.  1684.   767.  1065.  1839.  1180.]
135 [ 1203.   271.   773.  1063.   900.   992.  2482.  1447.  1285.  1845.
  1612.   645.  1299.   827.   855.   856.  1616.  1457.   742.   941.
  1447.  1086.   999.  1945.   946.   796.   989.  1665.  1244.  1372.
   836.  1450.   673.  1470.  1254.  1086.  1238.  1205.  1514.  1041.
  1349.   890.   875.  1520.  1462.  1683.   767.  1064.  1840.  1183.]
136 [ 1203.   271.   773.  1064.   901.   993.  2484.  1447.  1285.  1846.
  1605.   644.  1299.   827.   856.   857.  1616.  1457.   741.   941.
  1445.  1087.   999.  1937.   946.   796.   989.  1665.  1243.  1372.
   836.  1447.   673.  1471.  1255.  1086.  1238.  1206.  1515.  1039.
  1351.   894.   876.  1520.  1461.  1682.   767.  1063.  1840.  1191.]
137 [ 1203.   271.   774.  1064.   903.   993.  2480.  1447.  1286.  1846.
  1593.   645.  1300.   828.   855.   854.  1615.  1458.   741.   941.
  1444.  1088.  1000.  1936.   946.   796.   987.  1665.  1245.  1372.
   836.  1449.   673.  1471.  1255.  1086.  1238.  1205.  1515.  1034.
  1354.   902.   876.  1520.  1461.  1683.   767.  1062.  1839.  1198.]
138 [ 1202.   270.   774.  1065.   908.   994.  2481.  1447.  1288.  1845.
  1593.   639.  1298.   828.   857.   849.  1615.  1460.   741.   942.
  1443.  1087.  1001.  1926.   945.   796.   987.  1666.  1244.  1373.
   836.  1455.   672.  1471.  1255.  1085.  1238.  1207.  1515.  1030.
  1349.   911.   876.  1519.  1461.  1683.   768.  1064.  1837.  1204.]
139 [ 1203.   270.   775.  1064.   909.   994.  2480.  1447.  1288.  1845.
  1589.   636.  1298.   828.   849.   843.  1615.  1462.   741.   943.
  1445.  1086.  1001.  1915.   945.   797.   987.  1667.  1242.  1373.
   837.  1462.   672.  1472.  1255.  1085.  1238.  1208.  1515.  1026.
  1350.   923.   877.  1519.  1459.  1682.   768.  1063.  1837.  1215.]
140 [ 1203.   271.   776.  1063.   910.   994.  2482.  1445.  1294.  1844.
  1587.   636.  1299.   828.   849.   841.  1615.  1462.   740.   943.
  1447.  1088.  1001.  1897.   945.   797.   987.  1665.  1245.  1375.
   836.  1470.   672.  1473.  1256.  1083.  1238.  1208.  1515.  1020.
  1348.   925.   877.  1519.  1457.  1682.   768.  1064.  1839.  1221.]
141 [ 1203.   270.   777.  1063.   911.   993.  2481.  1444.  1300.  1842.
  1586.   639.  1301.   828.   850.   838.  1613.  1464.   739.   944.
  1446.  1088.  1001.  1879.   945.   796.   986.  1665.  1250.  1376.
   836.  1472.   672.  1473.  1256.  1083.  1239.  1208.  1515.  1026.
  1349.   930.   877.  1516.  1456.  1684.   768.  1063.  1839.  1220.]
142 [ 1203.   268.   778.  1064.   913.   993.  2481.  1444.  1302.  1840.
  1584.   642.  1301.   828.   847.   838.  1613.  1465.   740.   944.
  1447.  1088.  1001.  1864.   946.   796.   986.  1665.  1251.  1375.
   837.  1479.   672.  1474.  1256.  1083.  1239.  1209.  1513.  1028.
  1353.   932.   877.  1516.  1455.  1685.   768.  1063.  1839.  1215.]
143 [ 1203.   268.   780.  1065.   912.   993.  2484.  1443.  1308.  1838.
  1578.   644.  1300.   828.   849.   835.  1611.  1467.   742.   945.
  1447.  1088.  1001.  1852.   947.   796.   986.  1665.  1252.  1375.
   837.  1487.   672.  1474.  1256.  1083.  1239.  1210.  1511.  1024.
  1360.   935.   877.  1516.  1457.  1687.   768.  1056.  1838.  1211.]
144 [ 1202.   261.   780.  1066.   914.   993.  2483.  1443.  1311.  1837.
  1580.   647.  1298.   829.   860.   832.  1611.  1467.   740.   947.
  1445.  1088.  1001.  1850.   947.   797.   986.  1666.  1252.  1376.
   838.  1487.   672.  1473.  1256.  1083.  1239.  1209.  1511.  1024.
  1363.   935.   877.  1515.  1457.  1686.   768.  1054.  1837.  1207.]
145 [ 1201.   263.   780.  1067.   915.   993.  2483.  1442.  1316.  1834.
  1585.   648.  1297.   829.   877.   828.  1611.  1467.   741.   948.
  1445.  1088.  1001.  1832.   947.   797.   986.  1666.  1251.  1378.
   840.  1485.   672.  1474.  1256.  1083.  1238.  1209.  1510.  1022.
  1362.   934.   877.  1516.  1457.  1687.   767.  1049.  1836.  1210.]
146 [ 1200.   263.   779.  1066.   926.   993.  2484.  1442.  1325.  1833.
  1583.   647.  1298.   827.   886.   824.  1612.  1467.   737.   947.
  1445.  1088.  1002.  1804.   948.   797.   986.  1666.  1254.  1377.
   840.  1489.   672.  1474.  1256.  1084.  1238.  1209.  1509.  1022.
  1365.   938.   877.  1518.  1454.  1687.   767.  1048.  1836.  1211.]
147 [ 1200.   261.   779.  1068.   923.   992.  2483.  1443.  1329.  1833.
  1587.   644.  1297.   827.   900.   825.  1611.  1468.   736.   947.
  1448.  1088.  1002.  1776.   947.   799.   986.  1666.  1255.  1378.
   842.  1492.   672.  1473.  1255.  1084.  1236.  1209.  1507.  1019.
  1369.   943.   877.  1519.  1453.  1688.   766.  1047.  1836.  1215.]
148 [ 1199.   258.   778.  1069.   922.   992.  2484.  1443.  1327.  1833.
  1594.   645.  1297.   827.   910.   821.  1610.  1468.   736.   947.
  1454.  1089.  1001.  1758.   949.   799.   986.  1665.  1255.  1379.
   844.  1486.   673.  1474.  1255.  1084.  1235.  1208.  1504.  1021.
  1373.   954.   877.  1519.  1452.  1688.   766.  1043.  1839.  1210.]
149 [ 1199.   253.   777.  1069.   923.   992.  2485.  1442.  1334.  1833.
  1590.   641.  1298.   828.   896.   816.  1610.  1468.   734.   947.
  1458.  1090.   999.  1749.   950.   800.   986.  1664.  1257.  1378.
   845.  1489.   673.  1474.  1257.  1082.  1235.  1208.  1503.  1016.
  1384.   978.   877.  1520.  1451.  1685.   766.  1043.  1839.  1209.]
150 [ 1199.   250.   779.  1069.   927.   992.  2489.  1442.  1336.  1832.
  1586.   637.  1298.   827.   883.   815.  1609.  1468.   732.   946.
  1458.  1090.   997.  1742.   951.   800.   987.  1664.  1259.  1378.
   846.  1496.   673.  1474.  1257.  1082.  1235.  1208.  1503.  1012.
  1389.   998.   877.  1520.  1450.  1682.   766.  1045.  1839.  1206.]
151 [ 1199.   245.   781.  1070.   928.   992.  2488.  1441.  1342.  1829.
  1580.   641.  1298.   825.   897.   815.  1608.  1467.   732.   946.
  1457.  1090.   997.  1735.   953.   800.   987.  1663.  1261.  1378.
   847.  1502.   673.  1474.  1257.  1082.  1233.  1209.  1501.  1005.
  1392.  1009.   878.  1520.  1450.  1680.   765.  1043.  1841.  1194.]
152 [ 1199.   244.   777.  1071.   934.   992.  2485.  1441.  1346.  1828.
  1583.   642.  1298.   826.   900.   815.  1608.  1467.   731.   948.
  1460.  1089.   997.  1724.   952.   799.   987.  1663.  1265.  1379.
   846.  1503.   673.  1473.  1258.  1083.  1233.  1209.  1500.  1008.
  1392.  1021.   877.  1521.  1449.  1683.   763.  1032.  1842.  1184.]
153 [ 1199.   243.   776.  1070.   938.   992.  2484.  1443.  1349.  1828.
  1588.   641.  1300.   826.   903.   809.  1607.  1467.   729.   947.
  1455.  1089.   997.  1705.   951.   798.   987.  1663.  1272.  1380.
   845.  1517.   673.  1472.  1258.  1083.  1232.  1210.  1499.  1009.
  1397.  1030.   877.  1522.  1449.  1683.   762.  1029.  1841.  1176.]
154 [ 1199.   236.   776.  1069.   940.   992.  2484.  1443.  1352.  1828.
  1594.   639.  1299.   825.   898.   809.  1606.  1467.   728.   947.
  1453.  1089.   997.  1686.   952.   796.   987.  1661.  1272.  1381.
   844.  1535.   672.  1472.  1259.  1083.  1232.  1212.  1499.  1011.
  1401.  1033.   878.  1522.  1448.  1683.   763.  1030.  1841.  1177.]
155 [ 1199.   231.   776.  1068.   940.   992.  2484.  1442.  1353.  1828.
  1589.   638.  1300.   825.   898.   809.  1606.  1467.   727.   947.
  1447.  1089.   997.  1680.   953.   799.   987.  1661.  1271.  1382.
   844.  1546.   672.  1471.  1259.  1083.  1232.  1212.  1498.  1008.
  1401.  1044.   880.  1522.  1448.  1681.   763.  1022.  1841.  1188.]
156 [ 1199.   231.   776.  1069.   943.   992.  2483.  1442.  1361.  1827.
  1587.   643.  1300.   825.   892.   806.  1606.  1468.   726.   946.
  1446.  1088.   997.  1646.   953.   799.   988.  1661.  1273.  1382.
   844.  1556.   672.  1470.  1258.  1083.  1232.  1212.  1498.  1014.
  1406.  1054.   881.  1521.  1448.  1680.   762.  1019.  1842.  1193.]
157 [ 1200.   227.   776.  1069.   943.   990.  2481.  1442.  1369.  1827.
  1595.   640.  1300.   825.   899.   802.  1605.  1468.   726.   945.
  1444.  1088.   997.  1620.   951.   799.   988.  1661.  1276.  1380.
   845.  1568.   672.  1470.  1258.  1084.  1232.  1211.  1498.  1011.
  1406.  1066.   883.  1522.  1446.  1682.   761.  1023.  1843.  1186.]
158 [ 1200.   222.   776.  1069.   948.   990.  2481.  1441.  1378.  1827.
  1604.   640.  1298.   825.   900.   803.  1606.  1468.   726.   945.
  1445.  1087.   998.  1605.   951.   801.   989.  1661.  1276.  1379.
   846.  1567.   672.  1470.  1257.  1084.  1233.  1210.  1498.  1013.
  1404.  1068.   882.  1522.  1446.  1680.   762.  1022.  1844.  1181.]
159 [ 1199.   213.   776.  1069.   953.   990.  2481.  1441.  1378.  1827.
  1609.   633.  1297.   825.   901.   801.  1605.  1468.   727.   944.
  1445.  1087.   998.  1601.   950.   801.   989.  1661.  1282.  1381.
   848.  1568.   672.  1472.  1256.  1083.  1232.  1210.  1498.  1017.
  1405.  1065.   882.  1522.  1445.  1680.   762.  1024.  1841.  1186.]
160 [ 1199.   208.   776.  1071.   955.   989.  2480.  1441.  1383.  1826.
  1613.   626.  1296.   825.   905.   798.  1605.  1468.   728.   944.
  1445.  1086.   998.  1604.   950.   801.   990.  1662.  1284.  1381.
   847.  1573.   672.  1473.  1255.  1083.  1231.  1211.  1499.  1024.
  1398.  1061.   883.  1522.  1445.  1675.   762.  1019.  1840.  1190.]
161 [ 1199.   199.   776.  1074.   957.   989.  2479.  1442.  1380.  1826.
  1623.   617.  1296.   825.   905.   793.  1603.  1468.   731.   946.
  1446.  1086.   998.  1615.   950.   803.   989.  1662.  1281.  1382.
   847.  1574.   672.  1472.  1254.  1084.  1230.  1212.  1499.  1024.
  1401.  1065.   884.  1521.  1445.  1668.   761.  1013.  1838.  1196.]
162 [ 1199.   189.   776.  1073.   961.   989.  2477.  1442.  1389.  1825.
  1625.   614.  1297.   825.   905.   793.  1602.  1467.   730.   949.
  1450.  1085.   998.  1589.   950.   804.   988.  1663.  1284.  1383.
   844.  1586.   672.  1471.  1251.  1085.  1230.  1214.  1501.  1024.
  1403.  1068.   884.  1521.  1446.  1669.   761.  1004.  1836.  1209.]
163 [ 1199.   174.   776.  1075.   966.   989.  2476.  1444.  1392.  1822.
  1630.   618.  1295.   825.   907.   791.  1604.  1467.   731.   953.
  1455.  1085.   998.  1569.   950.   804.   989.  1663.  1290.  1381.
   841.  1601.   671.  1471.  1248.  1085.  1230.  1214.  1502.  1028.
  1406.  1070.   884.  1521.  1444.  1670.   760.   988.  1835.  1213.]
164 [ 1199.   154.   776.  1075.   967.   989.  2472.  1445.  1401.  1820.
  1640.   618.  1293.   826.   912.   791.  1603.  1468.   729.   953.
  1472.  1085.   997.  1526.   951.   803.   989.  1663.  1291.  1383.
   842.  1618.   671.  1474.  1246.  1086.  1230.  1215.  1504.  1033.
  1409.  1070.   885.  1521.  1445.  1669.   761.   977.  1836.  1217.]
165 [ 1200.   140.   776.  1076.   970.   988.  2468.  1444.  1413.  1817.
  1655.   616.  1296.   827.   919.   790.  1602.  1467.   732.   954.
  1482.  1085.   997.  1484.   952.   804.   989.  1663.  1292.  1385.
   842.  1631.   671.  1474.  1244.  1086.  1229.  1217.  1510.  1035.
  1408.  1069.   885.  1522.  1445.  1669.   760.   966.  1837.  1217.]
166 [ 1200.   126.   778.  1076.   970.   989.  2469.  1443.  1426.  1816.
  1669.   615.  1302.   827.   930.   786.  1600.  1467.   737.   959.
  1511.  1085.   997.  1378.   952.   805.   989.  1663.  1286.  1385.
   843.  1662.   671.  1474.  1244.  1086.  1230.  1220.  1510.  1043.
  1409.  1066.   884.  1522.  1448.  1673.   758.   959.  1838.  1224.]
167 [ 1201.   118.   778.  1076.   980.   990.  2475.  1443.  1436.  1815.
  1675.   615.  1312.   825.   938.   783.  1603.  1467.   741.   963.
  1538.  1086.   997.  1231.   954.   804.   989.  1663.  1282.  1385.
   843.  1700.   672.  1475.  1243.  1088.  1229.  1219.  1514.  1051.
  1412.  1068.   886.  1522.  1447.  1679.   759.   953.  1842.  1235.]
168 [ 1202.   120.   780.  1074.   983.   990.  2479.  1443.  1442.  1814.
  1683.   623.  1315.   825.   943.   781.  1605.  1469.   739.   967.
  1571.  1086.   998.  1127.   957.   800.   988.  1663.  1269.  1385.
   845.  1722.   673.  1473.  1242.  1087.  1224.  1222.  1520.  1054.
  1410.  1069.   886.  1523.  1446.  1688.   759.   956.  1840.  1240.]
169 [ 1202.   128.   781.  1072.   983.   990.  2486.  1444.  1443.  1816.
  1683.   642.  1316.   826.   943.   780.  1607.  1469.   736.   970.
  1590.  1086.   999.  1025.   960.   800.   988.  1661.  1256.  1385.
   851.  1741.   674.  1473.  1240.  1088.  1223.  1223.  1527.  1058.
  1410.  1072.   884.  1522.  1443.  1699.   758.   957.  1840.  1250.]
170 [ 1202.   142.   781.  1070.   982.   989.  2492.  1444.  1443.  1817.
  1681.   665.  1319.   826.   941.   780.  1607.  1470.   735.   969.
  1598.  1086.  1001.   919.   961.   798.   988.  1660.  1244.  1385.
   853.  1765.   674.  1473.  1242.  1091.  1223.  1224.  1528.  1065.
  1411.  1074.   884.  1523.  1445.  1703.   759.   967.  1842.  1259.]
171 [ 1202.   164.   781.  1070.   982.   989.  2493.  1445.  1439.  1817.
  1683.   680.  1320.   826.   939.   779.  1607.  1470.   734.   971.
  1610.  1086.  1001.   858.   964.   794.   988.  1658.  1242.  1385.
   854.  1780.   674.  1472.  1242.  1089.  1223.  1223.  1534.  1067.
  1408.  1076.   883.  1522.  1444.  1700.   759.   973.  1842.  1258.]
172 [ 1202.   195.   782.  1071.   974.   989.  2498.  1447.  1436.  1818.
  1683.   677.  1320.   828.   941.   783.  1608.  1470.   733.   971.
  1611.  1086.  1001.   827.   966.   794.   987.  1658.  1236.  1383.
   856.  1778.   674.  1470.  1241.  1089.  1223.  1224.  1538.  1069.
  1413.  1074.   883.  1521.  1445.  1695.   759.   964.  1843.  1266.]
173 [ 1202.   223.   782.  1072.   979.   988.  2497.  1449.  1432.  1819.
  1680.   679.  1317.   827.   941.   783.  1609.  1472.   732.   971.
  1617.  1086.  1001.   792.   969.   793.   989.  1658.  1231.  1382.
   854.  1769.   674.  1468.  1240.  1088.  1224.  1225.  1540.  1073.
  1418.  1074.   883.  1520.  1445.  1695.   759.   960.  1844.  1275.]
174 [ 1202.   232.   783.  1070.   985.   989.  2499.  1452.  1426.  1820.
  1679.   693.  1317.   828.   941.   781.  1609.  1472.   735.   970.
  1631.  1086.  1001.   768.   968.   794.   988.  1659.  1217.  1380.
   849.  1766.   675.  1467.  1240.  1088.  1223.  1223.  1542.  1076.
  1420.  1074.   882.  1520.  1444.  1691.   759.   963.  1843.  1280.]
175 [ 1202.   240.   784.  1071.   983.   989.  2501.  1454.  1428.  1821.
  1677.   701.  1317.   829.   942.   779.  1608.  1473.   738.   970.
  1647.  1084.  1001.   740.   967.   793.   987.  1658.  1204.  1377.
   850.  1761.   675.  1467.  1242.  1088.  1223.  1221.  1545.  1078.
  1422.  1075.   883.  1521.  1445.  1690.   759.   963.  1843.  1284.]
176 [ 1203.   244.   785.  1071.   984.   988.  2501.  1455.  1427.  1823.
  1674.   712.  1316.   828.   944.   781.  1609.  1473.   738.   970.
  1660.  1084.  1001.   718.   967.   793.   989.  1657.  1191.  1377.
   848.  1754.   675.  1467.  1242.  1088.  1223.  1221.  1554.  1079.
  1425.  1076.   882.  1521.  1442.  1689.   757.   960.  1844.  1290.]
177 [ 1203.   238.   787.  1065.   983.   988.  2503.  1456.  1427.  1823.
  1676.   715.  1317.   828.   944.   783.  1610.  1475.   743.   971.
  1676.  1084.  1001.   708.   967.   792.   989.  1657.  1179.  1377.
   846.  1752.   675.  1467.  1242.  1089.  1222.  1222.  1561.  1079.
  1427.  1075.   885.  1520.  1442.  1688.   756.   955.  1844.  1288.]
178 [ 1203.   236.   787.  1060.   983.   988.  2503.  1458.  1423.  1821.
  1679.   713.  1317.   828.   952.   789.  1610.  1476.   741.   971.
  1687.  1085.  1002.   699.   967.   791.   989.  1655.  1173.  1378.
   846.  1756.   675.  1467.  1244.  1088.  1223.  1223.  1569.  1081.
  1426.  1072.   885.  1517.  1439.  1687.   755.   958.  1844.  1281.]
179 [ 1204.   239.   785.  1056.   983.   988.  2501.  1461.  1421.  1821.
  1680.   722.  1317.   828.   954.   794.  1610.  1477.   738.   970.
  1703.  1087.  1003.   686.   967.   791.   990.  1652.  1170.  1373.
   846.  1753.   674.  1467.  1245.  1089.  1223.  1224.  1570.  1080.
  1422.  1068.   887.  1517.  1439.  1686.   755.   957.  1846.  1281.]
180 [ 1205.   240.   785.  1051.   985.   988.  2498.  1465.  1421.  1821.
  1681.   735.  1318.   831.   953.   797.  1610.  1476.   733.   970.
  1716.  1087.  1002.   675.   967.   791.   989.  1649.  1167.  1371.
   843.  1752.   675.  1465.  1244.  1091.  1225.  1224.  1570.  1080.
  1421.  1066.   888.  1518.  1438.  1686.   754.   956.  1846.  1281.]
181 [ 1205.   245.   783.  1049.   988.   990.  2497.  1468.  1421.  1818.
  1682.   737.  1317.   832.   948.   800.  1609.  1475.   726.   970.
  1731.  1088.  1004.   673.   966.   790.   989.  1649.  1164.  1370.
   842.  1744.   676.  1464.  1242.  1093.  1224.  1224.  1569.  1083.
  1424.  1068.   889.  1519.  1439.  1682.   753.   954.  1845.  1282.]
182 [ 1205.   243.   782.  1047.   988.   989.  2495.  1470.  1419.  1817.
  1680.   752.  1318.   835.   946.   809.  1610.  1475.   725.   970.
  1734.  1089.  1005.   670.   967.   791.   990.  1648.  1163.  1367.
   837.  1739.   676.  1465.  1239.  1096.  1223.  1224.  1573.  1082.
  1425.  1066.   888.  1519.  1439.  1681.   752.   948.  1844.  1285.]
183 [ 1205.   241.   780.  1048.   989.   990.  2495.  1475.  1420.  1816.
  1679.   752.  1319.   834.   944.   813.  1610.  1476.   725.   969.
  1738.  1090.  1004.   674.   966.   791.   992.  1648.  1160.  1366.
   834.  1733.   676.  1463.  1238.  1097.  1222.  1224.  1579.  1082.
  1426.  1066.   885.  1521.  1440.  1680.   751.   946.  1843.  1285.]
184 [ 1204.   247.   780.  1047.   988.   992.  2495.  1478.  1420.  1815.
  1677.   750.  1320.   832.   945.   817.  1610.  1477.   726.   967.
  1746.  1091.  1004.   670.   966.   791.   994.  1650.  1157.  1367.
   834.  1727.   675.  1462.  1238.  1096.  1222.  1222.  1581.  1082.
  1423.  1063.   882.  1522.  1440.  1680.   751.   945.  1844.  1288.]
185 [ 1203.   252.   782.  1044.   983.   992.  2491.  1478.  1418.  1811.
  1676.   745.  1321.   830.   945.   819.  1612.  1477.   728.   966.
  1751.  1093.  1004.   679.   966.   791.   995.  1649.  1153.  1368.
   832.  1724.   676.  1461.  1237.  1096.  1222.  1222.  1582.  1082.
  1425.  1062.   883.  1522.  1440.  1681.   751.   948.  1843.  1289.]
186 [ 1203.   258.   781.  1042.   979.   991.  2491.  1480.  1419.  1810.
  1677.   744.  1321.   831.   946.   817.  1612.  1476.   728.   965.
  1762.  1096.  1004.   682.   965.   791.   996.  1648.  1154.  1366.
   828.  1720.   677.  1461.  1236.  1097.  1222.  1223.  1583.  1081.
  1424.  1064.   883.  1522.  1440.  1684.   751.   943.  1840.  1286.]
187 [ 1204.   265.   779.  1041.   977.   991.  2489.  1481.  1418.  1808.
  1677.   744.  1321.   833.   946.   816.  1612.  1475.   728.   965.
  1770.  1096.  1004.   684.   965.   791.   996.  1645.  1151.  1364.
   828.  1717.   679.  1460.  1236.  1097.  1222.  1222.  1587.  1079.
  1426.  1065.   883.  1522.  1438.  1685.   750.   945.  1840.  1283.]
188 [ 1204.   262.   779.  1040.   976.   991.  2485.  1481.  1417.  1810.
  1677.   752.  1320.   833.   945.   816.  1608.  1475.   726.   964.
  1779.  1096.  1004.   684.   965.   791.   996.  1647.  1153.  1361.
   827.  1714.   680.  1458.  1236.  1097.  1221.  1222.  1586.  1080.
  1427.  1066.   883.  1521.  1437.  1686.   750.   949.  1841.  1282.]
189 [ 1204.   254.   780.  1041.   973.   991.  2486.  1480.  1417.  1807.
  1676.   758.  1321.   833.   944.   816.  1606.  1475.   725.   964.
  1781.  1096.  1004.   678.   965.   791.   996.  1648.  1156.  1362.
   827.  1713.   681.  1457.  1236.  1098.  1221.  1223.  1586.  1081.
  1426.  1067.   883.  1522.  1438.  1685.   750.   955.  1841.  1282.]
190 [ 1204.   249.   780.  1040.   976.   990.  2487.  1480.  1418.  1805.
  1675.   760.  1319.   833.   942.   816.  1604.  1475.   725.   964.
  1781.  1097.  1004.   674.   965.   792.   996.  1647.  1156.  1362.
   827.  1712.   681.  1455.  1237.  1098.  1222.  1225.  1593.  1082.
  1426.  1068.   883.  1521.  1439.  1682.   749.   963.  1841.  1280.]
191 [ 1204.   240.   779.  1038.   975.   990.  2488.  1480.  1418.  1803.
  1673.   768.  1319.   834.   942.   816.  1600.  1475.   724.   964.
  1785.  1097.  1004.   672.   965.   792.   996.  1647.  1156.  1363.
   827.  1709.   681.  1454.  1235.  1098.  1222.  1225.  1597.  1083.
  1425.  1068.   883.  1522.  1440.  1682.   749.   972.  1841.  1280.]
192 [ 1204.   235.   780.  1038.   974.   991.  2488.  1482.  1422.  1802.
  1673.   762.  1320.   833.   942.   815.  1600.  1474.   723.   964.
  1791.  1098.  1004.   678.   965.   790.   995.  1645.  1155.  1360.
   828.  1706.   681.  1454.  1236.  1099.  1221.  1225.  1600.  1084.
  1418.  1068.   883.  1523.  1441.  1684.   749.   976.  1838.  1283.]
193 [ 1204.   232.   780.  1037.   975.   990.  2491.  1482.  1428.  1799.
  1672.   752.  1320.   832.   941.   815.  1601.  1473.   723.   963.
  1792.  1101.  1004.   679.   966.   790.   997.  1646.  1156.  1360.
   828.  1701.   681.  1455.  1237.  1099.  1221.  1223.  1602.  1085.
  1411.  1070.   883.  1524.  1442.  1687.   749.   978.  1838.  1285.]
194 [ 1204.   225.   780.  1037.   973.   991.  2491.  1482.  1434.  1797.
  1671.   745.  1320.   832.   941.   816.  1603.  1474.   724.   963.
  1802.  1102.  1004.   683.   966.   791.   996.  1649.  1155.  1360.
   827.  1694.   681.  1456.  1238.  1099.  1221.  1223.  1604.  1085.
  1406.  1070.   883.  1524.  1441.  1687.   749.   976.  1838.  1287.]
195 [ 1203.   223.   781.  1037.   970.   992.  2492.  1481.  1434.  1802.
  1676.   738.  1319.   832.   941.   816.  1603.  1474.   723.   963.
  1805.  1103.  1004.   685.   966.   793.   996.  1648.  1158.  1359.
   825.  1690.   681.  1456.  1241.  1099.  1220.  1222.  1608.  1085.
  1400.  1069.   884.  1525.  1442.  1687.   751.   971.  1838.  1289.]
196 [ 1203.   227.   783.  1036.   968.   996.  2495.  1481.  1429.  1803.
  1681.   723.  1319.   831.   942.   815.  1605.  1474.   724.   962.
  1810.  1103.  1004.   685.   966.   792.   992.  1648.  1161.  1360.
   826.  1688.   681.  1456.  1242.  1099.  1220.  1222.  1612.  1084.
  1397.  1068.   884.  1526.  1442.  1689.   751.   965.  1840.  1290.]
197 [ 1203.   229.   783.  1037.   968.   998.  2497.  1482.  1423.  1804.
  1683.   706.  1319.   829.   945.   815.  1606.  1474.   723.   962.
  1817.  1103.  1004.   688.   967.   790.   990.  1651.  1170.  1359.
   828.  1675.   681.  1456.  1244.  1099.  1220.  1221.  1619.  1084.
  1394.  1067.   882.  1526.  1442.  1689.   751.   967.  1839.  1291.]
198 [ 1203.   228.   783.  1038.   968.  1001.  2500.  1482.  1415.  1806.
  1684.   692.  1319.   828.   945.   815.  1607.  1474.   723.   962.
  1826.  1103.  1004.   687.   967.   790.   987.  1650.  1176.  1359.
   827.  1666.   682.  1457.  1249.  1099.  1220.  1220.  1625.  1083.
  1393.  1067.   880.  1525.  1445.  1687.   751.   972.  1838.  1292.]
199 [ 1204.   231.   784.  1037.   967.  1003.  2497.  1482.  1409.  1806.
  1683.   683.  1318.   828.   944.   816.  1608.  1475.   725.   963.
  1835.  1105.  1003.   688.   967.   791.   987.  1650.  1180.  1360.
   826.  1660.   681.  1457.  1251.  1099.  1220.  1220.  1631.  1081.
  1392.  1068.   880.  1523.  1445.  1684.   751.   971.  1839.  1292.]
200 [ 1204.   237.   784.  1040.   963.  1004.  2499.  1482.  1403.  1805.
  1682.   670.  1317.   827.   945.   815.  1609.  1474.   728.   964.
  1840.  1105.  1003.   688.   966.   789.   987.  1651.  1183.  1359.
   825.  1663.   681.  1458.  1252.  1100.  1221.  1220.  1636.  1080.
  1388.  1068.   880.  1522.  1445.  1681.   750.   972.  1841.  1294.]
201 [ 1204.   245.   784.  1041.   962.  1006.  2497.  1481.  1398.  1805.
  1678.   657.  1316.   827.   944.   815.  1610.  1474.   727.   965.
  1848.  1105.  1003.   688.   967.   786.   986.  1653.  1187.  1361.
   825.  1660.   681.  1458.  1252.  1102.  1221.  1221.  1641.  1080.
  1385.  1065.   879.  1522.  1446.  1682.   749.   972.  1843.  1296.]
202 [ 1204.   250.   784.  1041.   959.  1007.  2497.  1481.  1394.  1803.
  1676.   644.  1315.   827.   946.   815.  1610.  1473.   727.   966.
  1852.  1105.  1003.   692.   967.   785.   986.  1652.  1195.  1361.
   825.  1660.   681.  1459.  1252.  1103.  1221.  1220.  1643.  1079.
  1381.  1065.   880.  1524.  1446.  1683.   749.   973.  1845.  1294.]
203 [ 1204.   252.   784.  1041.   956.  1007.  2494.  1481.  1393.  1803.
  1675.   638.  1314.   827.   947.   816.  1612.  1471.   727.   965.
  1862.  1105.  1003.   692.   967.   784.   986.  1652.  1199.  1361.
   825.  1656.   681.  1459.  1253.  1103.  1223.  1220.  1650.  1079.
  1373.  1065.   880.  1523.  1446.  1684.   750.   972.  1848.  1292.]
204 [ 1204.   254.   784.  1042.   956.  1007.  2493.  1481.  1391.  1802.
  1673.   637.  1313.   827.   944.   816.  1612.  1471.   727.   964.
  1858.  1105.  1003.   692.   967.   784.   986.  1653.  1210.  1362.
   825.  1652.   681.  1457.  1250.  1103.  1225.  1220.  1662.  1078.
  1365.  1065.   880.  1523.  1445.  1685.   750.   972.  1849.  1295.]
205 [ 1204.   256.   784.  1042.   957.  1007.  2492.  1481.  1390.  1803.
  1671.   635.  1311.   826.   944.   816.  1613.  1471.   727.   964.
  1869.  1105.  1003.   692.   968.   784.   986.  1653.  1208.  1362.
   827.  1645.   681.  1457.  1249.  1103.  1227.  1219.  1670.  1078.
  1358.  1065.   880.  1523.  1445.  1683.   751.   970.  1848.  1297.]
206 [ 1204.   255.   783.  1043.   957.  1007.  2491.  1481.  1386.  1803.
  1666.   633.  1310.   827.   944.   816.  1615.  1471.   727.   964.
  1872.  1105.  1003.   689.   968.   784.   986.  1654.  1220.  1363.
   828.  1640.   680.  1454.  1248.  1103.  1229.  1219.  1683.  1076.
  1352.  1064.   880.  1524.  1448.  1681.   751.   971.  1847.  1295.]
207 [ 1204.   255.   783.  1043.   958.  1007.  2489.  1481.  1379.  1803.
  1665.   634.  1309.   828.   943.   816.  1617.  1472.   727.   963.
  1881.  1105.  1003.   687.   968.   783.   986.  1655.  1235.  1363.
   829.  1626.   679.  1452.  1247.  1102.  1229.  1222.  1693.  1076.
  1344.  1063.   880.  1524.  1449.  1676.   751.   971.  1847.  1298.]
208 [ 1205.   257.   782.  1043.   961.  1007.  2488.  1481.  1377.  1802.
  1663.   628.  1308.   829.   940.   815.  1617.  1471.   727.   962.
  1887.  1105.  1003.   689.   968.   783.   987.  1655.  1243.  1366.
   829.  1614.   678.  1450.  1247.  1101.  1230.  1221.  1711.  1077.
  1332.  1063.   880.  1524.  1450.  1674.   751.   972.  1847.  1300.]
209 [ 1205.   255.   782.  1046.   961.  1007.  2484.  1481.  1367.  1802.
  1663.   618.  1308.   829.   938.   814.  1618.  1472.   728.   962.
  1893.  1106.  1004.   692.   968.   780.   988.  1654.  1269.  1366.
   828.  1596.   679.  1449.  1247.  1101.  1230.  1217.  1727.  1081.
  1326.  1062.   880.  1523.  1449.  1674.   752.   973.  1848.  1298.]
210 [ 1205.   254.   782.  1044.   957.  1008.  2485.  1480.  1361.  1802.
  1658.   613.  1307.   830.   939.   812.  1619.  1471.   729.   960.
  1873.  1105.  1004.   693.   968.   781.   987.  1655.  1294.  1365.
   828.  1589.   679.  1446.  1249.  1101.  1230.  1216.  1759.  1082.
  1323.  1061.   881.  1522.  1453.  1672.   752.   973.  1847.  1296.]
211 [ 1205.   256.   782.  1045.   958.  1008.  2485.  1480.  1353.  1802.
  1653.   606.  1305.   829.   938.   812.  1619.  1471.   728.   958.
  1845.  1105.  1004.   696.   968.   785.   985.  1656.  1318.  1367.
   828.  1577.   680.  1443.  1248.  1100.  1232.  1216.  1795.  1077.
  1322.  1062.   881.  1522.  1453.  1670.   751.   973.  1849.  1299.]
212 [ 1205.   255.   782.  1048.   957.  1009.  2484.  1481.  1356.  1802.
  1648.   610.  1306.   828.   938.   811.  1619.  1472.   725.   956.
  1799.  1105.  1004.   693.   971.   783.   984.  1656.  1361.  1367.
   828.  1567.   680.  1446.  1247.  1101.  1235.  1213.  1823.  1074.
  1317.  1061.   882.  1521.  1455.  1666.   753.   970.  1849.  1297.]
213 [ 1205.   254.   782.  1050.   953.  1010.  2486.  1480.  1351.  1804.
  1645.   611.  1305.   829.   935.   811.  1619.  1472.   724.   953.
  1748.  1105.  1005.   683.   971.   786.   984.  1656.  1409.  1368.
   827.  1560.   679.  1448.  1247.  1102.  1238.  1211.  1854.  1072.
  1317.  1063.   882.  1521.  1455.  1665.   755.   967.  1849.  1294.]
214 [ 1204.   255.   783.  1055.   955.  1009.  2486.  1481.  1344.  1804.
  1638.   606.  1304.   828.   925.   811.  1619.  1473.   722.   955.
  1693.  1106.  1005.   674.   971.   789.   983.  1656.  1460.  1370.
   826.  1556.   681.  1451.  1247.  1102.  1242.  1209.  1871.  1075.
  1321.  1066.   881.  1522.  1457.  1662.   753.   968.  1849.  1297.]
215 [ 1204.   254.   783.  1058.   948.  1010.  2488.  1481.  1339.  1802.
  1629.   606.  1303.   827.   917.   811.  1618.  1475.   726.   954.
  1633.  1106.  1005.   673.   969.   795.   981.  1656.  1506.  1368.
   823.  1558.   682.  1452.  1247.  1104.  1247.  1206.  1891.  1078.
  1326.  1069.   883.  1520.  1460.  1656.   753.   968.  1850.  1302.]
216 [ 1204.   254.   783.  1059.   943.  1010.  2489.  1481.  1329.  1800.
  1625.   606.  1306.   825.   913.   810.  1618.  1475.   725.   953.
  1580.  1106.  1005.   675.   969.   791.   980.  1656.  1544.  1370.
   824.  1553.   683.  1456.  1247.  1104.  1248.  1207.  1911.  1079.
  1330.  1067.   883.  1520.  1467.  1652.   752.   968.  1854.  1311.]
217 [ 1204.   254.   783.  1058.   940.  1010.  2491.  1481.  1324.  1800.
  1620.   602.  1306.   824.   913.   809.  1618.  1475.   728.   953.
  1529.  1107.  1004.   670.   968.   789.   979.  1656.  1596.  1371.
   823.  1547.   683.  1458.  1247.  1104.  1248.  1207.  1911.  1077.
  1342.  1070.   883.  1520.  1469.  1653.   755.   970.  1855.  1316.]
218 [ 1204.   255.   781.  1061.   935.  1010.  2492.  1482.  1326.  1800.
  1614.   600.  1302.   822.   911.   808.  1618.  1476.   729.   954.
  1494.  1107.  1004.   674.   968.   787.   978.  1655.  1625.  1373.
   824.  1547.   683.  1457.  1247.  1105.  1247.  1208.  1916.  1077.
  1349.  1071.   883.  1519.  1474.  1652.   756.   969.  1852.  1319.]
219 [ 1204.   254.   781.  1058.   931.  1010.  2493.  1482.  1327.  1799.
  1603.   597.  1301.   822.   910.   807.  1619.  1476.   729.   955.
  1479.  1107.  1004.   675.   967.   787.   978.  1656.  1637.  1375.
   824.  1551.   683.  1456.  1247.  1105.  1248.  1208.  1924.  1078.
  1351.  1071.   884.  1519.  1476.  1651.   757.   970.  1850.  1324.]
220 [ 1204.   254.   781.  1057.   930.  1010.  2491.  1483.  1329.  1797.
  1595.   596.  1301.   822.   911.   807.  1621.  1476.   729.   955.
  1470.  1107.  1004.   674.   967.   789.   978.  1654.  1655.  1373.
   823.  1547.   683.  1456.  1247.  1105.  1248.  1207.  1923.  1079.
  1353.  1072.   884.  1520.  1479.  1651.   757.   971.  1849.  1326.]
221 [ 1204.   253.   780.  1057.   928.  1009.  2492.  1483.  1327.  1797.
  1591.   598.  1301.   822.   909.   807.  1622.  1477.   729.   955.
  1460.  1105.  1004.   671.   967.   790.   978.  1653.  1662.  1375.
   823.  1552.   683.  1457.  1245.  1105.  1249.  1209.  1923.  1079.
  1358.  1071.   884.  1522.  1478.  1650.   758.   973.  1849.  1326.]
222 [ 1204.   253.   779.  1056.   930.  1009.  2492.  1483.  1324.  1796.
  1586.   608.  1303.   821.   909.   807.  1622.  1477.   728.   955.
  1464.  1105.  1003.   673.   967.   789.   978.  1653.  1667.  1374.
   821.  1554.   683.  1459.  1244.  1105.  1249.  1209.  1928.  1078.
  1358.  1068.   886.  1523.  1477.  1648.   758.   965.  1849.  1323.]
223 [ 1204.   254.   778.  1057.   930.  1008.  2491.  1483.  1318.  1792.
  1579.   611.  1303.   822.   911.   807.  1622.  1477.   726.   953.
  1476.  1105.  1003.   676.   967.   789.   976.  1652.  1672.  1374.
   820.  1559.   682.  1462.  1242.  1106.  1247.  1208.  1932.  1077.
  1362.  1066.   888.  1523.  1477.  1648.   756.   962.  1850.  1317.]
224 [ 1205.   256.   778.  1056.   929.  1007.  2490.  1484.  1314.  1791.
  1579.   615.  1303.   823.   909.   807.  1621.  1477.   725.   952.
  1485.  1105.  1003.   677.   967.   789.   975.  1652.  1675.  1374.
   820.  1558.   681.  1462.  1241.  1106.  1249.  1207.  1934.  1076.
  1364.  1066.   888.  1522.  1479.  1650.   755.   960.  1849.  1310.]
225 [ 1205.   255.   778.  1056.   931.  1007.  2489.  1484.  1311.  1787.
  1582.   627.  1302.   821.   907.   807.  1620.  1477.   726.   951.
  1492.  1104.  1003.   677.   967.   789.   975.  1653.  1680.  1374.
   821.  1564.   681.  1462.  1240.  1105.  1251.  1207.  1934.  1074.
  1363.  1066.   888.  1521.  1479.  1649.   755.   952.  1849.  1302.]
226 [ 1205.   255.   779.  1056.   931.  1007.  2489.  1483.  1307.  1786.
  1582.   633.  1303.   820.   907.   807.  1620.  1477.   726.   951.
  1501.  1103.  1003.   672.   967.   789.   975.  1653.  1684.  1374.
   821.  1571.   681.  1463.  1239.  1105.  1251.  1207.  1932.  1074.
  1361.  1066.   889.  1520.  1480.  1646.   755.   948.  1849.  1297.]
227 [ 1205.   252.   780.  1056.   929.  1007.  2489.  1481.  1306.  1786.
  1582.   637.  1305.   820.   905.   807.  1620.  1477.   726.   948.
  1510.  1103.  1003.   672.   967.   790.   975.  1654.  1683.  1374.
   821.  1577.   681.  1463.  1238.  1105.  1251.  1205.  1932.  1074.
  1360.  1066.   890.  1519.  1478.  1646.   756.   948.  1852.  1289.]
228 [ 1205.   251.   780.  1056.   930.  1007.  2489.  1481.  1303.  1786.
  1586.   641.  1304.   820.   906.   807.  1620.  1477.   725.   947.
  1505.  1103.  1003.   671.   967.   792.   975.  1654.  1687.  1373.
   821.  1579.   681.  1463.  1237.  1105.  1251.  1205.  1931.  1074.
  1360.  1066.   891.  1519.  1478.  1648.   756.   947.  1853.  1284.]
229 [ 1205.   250.   780.  1056.   931.  1007.  2489.  1481.  1303.  1786.
  1586.   645.  1304.   820.   906.   807.  1620.  1477.   724.   947.
  1505.  1103.  1003.   669.   967.   793.   975.  1654.  1694.  1370.
   821.  1578.   681.  1463.  1237.  1105.  1251.  1205.  1929.  1073.
  1360.  1067.   891.  1519.  1478.  1648.   756.   946.  1853.  1282.]
230 [ 1205.   251.   780.  1056.   931.  1007.  2487.  1482.  1302.  1786.
  1587.   643.  1303.   820.   907.   807.  1620.  1476.   723.   948.
  1507.  1103.  1003.   665.   967.   793.   975.  1654.  1698.  1369.
   821.  1581.   681.  1463.  1237.  1105.  1251.  1205.  1929.  1071.
  1360.  1067.   891.  1519.  1478.  1648.   756.   946.  1853.  1283.]
231 [ 1205.   252.   780.  1056.   930.  1007.  2485.  1482.  1302.  1786.
  1586.   644.  1302.   820.   907.   807.  1620.  1476.   723.   949.
  1507.  1103.  1003.   663.   967.   793.   975.  1653.  1702.  1369.
   821.  1582.   681.  1463.  1236.  1105.  1251.  1205.  1929.  1070.
  1360.  1067.   891.  1518.  1478.  1650.   756.   946.  1853.  1284.]
232 [ 1205.   253.   781.  1056.   929.  1007.  2485.  1482.  1302.  1786.
  1586.   647.  1302.   820.   905.   807.  1619.  1475.   724.   949.
  1516.  1103.  1003.   658.   967.   793.   975.  1652.  1705.  1369.
   821.  1583.   681.  1463.  1235.  1105.  1251.  1206.  1927.  1069.
  1358.  1067.   891.  1518.  1478.  1648.   756.   946.  1853.  1283.]
233 [ 1205.   255.   781.  1056.   931.  1007.  2485.  1482.  1300.  1786.
  1586.   655.  1302.   820.   906.   807.  1619.  1473.   724.   949.
  1519.  1103.  1003.   653.   967.   793.   974.  1652.  1707.  1369.
   820.  1586.   681.  1462.  1234.  1105.  1251.  1206.  1925.  1068.
  1357.  1067.   891.  1518.  1479.  1649.   756.   943.  1851.  1282.]
234 [ 1205.   256.   781.  1056.   929.  1007.  2484.  1482.  1299.  1787.
  1585.   656.  1302.   820.   907.   807.  1618.  1472.   725.   949.
  1527.  1103.  1003.   652.   966.   793.   974.  1652.  1708.  1369.
   820.  1587.   681.  1462.  1234.  1105.  1252.  1206.  1923.  1069.
  1357.  1067.   891.  1518.  1479.  1648.   756.   940.  1851.  1280.]
235 [ 1205.   253.   781.  1056.   929.  1008.  2482.  1482.  1298.  1788.
  1585.   660.  1302.   820.   906.   807.  1617.  1472.   725.   948.
  1534.  1103.  1003.   652.   966.   794.   974.  1652.  1708.  1369.
   820.  1583.   681.  1461.  1232.  1105.  1252.  1207.  1923.  1069.
  1357.  1068.   891.  1518.  1479.  1648.   756.   939.  1851.  1281.]
236 [ 1205.   252.   781.  1056.   928.  1008.  2482.  1482.  1298.  1788.
  1585.   661.  1302.   820.   906.   807.  1617.  1472.   726.   948.
  1534.  1103.  1003.   651.   966.   794.   974.  1652.  1712.  1369.
   820.  1581.   681.  1461.  1231.  1105.  1252.  1207.  1923.  1069.
  1356.  1068.   891.  1518.  1479.  1650.   756.   938.  1851.  1281.]
237 [ 1205.   250.   781.  1056.   929.  1008.  2482.  1482.  1297.  1788.
  1584.   665.  1302.   819.   905.   807.  1617.  1472.   727.   948.
  1535.  1103.  1003.   649.   966.   794.   974.  1652.  1715.  1369.
   820.  1582.   681.  1461.  1230.  1105.  1252.  1207.  1923.  1068.
  1355.  1068.   891.  1518.  1479.  1651.   756.   938.  1851.  1280.]
238 [ 1205.   247.   780.  1056.   929.  1008.  2481.  1482.  1297.  1788.
  1584.   671.  1302.   820.   905.   807.  1617.  1472.   727.   948.
  1537.  1103.  1003.   648.   966.   794.   974.  1652.  1715.  1369.
   820.  1581.   681.  1461.  1231.  1105.  1252.  1207.  1923.  1068.
  1355.  1066.   890.  1518.  1479.  1651.   756.   938.  1851.  1280.]
239 [ 1205.   247.   780.  1056.   929.  1008.  2482.  1482.  1297.  1788.
  1584.   671.  1302.   820.   905.   807.  1616.  1472.   727.   948.
  1538.  1103.  1003.   648.   966.   794.   974.  1652.  1715.  1369.
   820.  1580.   681.  1461.  1231.  1105.  1252.  1207.  1924.  1068.
  1355.  1066.   890.  1518.  1479.  1650.   756.   938.  1851.  1280.]
240 [ 1205.   247.   780.  1056.   929.  1008.  2482.  1482.  1297.  1788.
  1584.   672.  1302.   820.   905.   807.  1616.  1472.   727.   948.
  1537.  1102.  1003.   648.   966.   794.   974.  1652.  1716.  1369.
   820.  1580.   681.  1461.  1231.  1105.  1252.  1206.  1924.  1068.
  1355.  1066.   890.  1518.  1479.  1650.   756.   939.  1851.  1280.]
241 [ 1205.   246.   780.  1056.   929.  1008.  2482.  1482.  1297.  1788.
  1584.   673.  1302.   820.   905.   807.  1616.  1472.   727.   948.
  1537.  1102.  1003.   648.   966.   794.   974.  1652.  1717.  1369.
   820.  1580.   681.  1461.  1231.  1105.  1252.  1206.  1924.  1067.
  1355.  1066.   890.  1518.  1479.  1650.   756.   939.  1851.  1280.]
[ 1205.   246.   780.  1056.   929.  1008.  2482.  1482.  1297.  1788.
  1584.   673.  1302.   820.   905.   807.  1616.  1472.   727.   948.
  1537.  1102.  1003.   648.   966.   794.   974.  1652.  1717.  1369.
   820.  1580.   681.  1461.  1231.  1105.  1252.  1206.  1924.  1067.
  1355.  1066.   890.  1518.  1479.  1650.   756.   939.  1851.  1280.]
Time spent clustering :  27265.647846
medians_kplusplus_cluster50
Digit: 0  Purity: 88.2% SD: 1683.6  Count: 6108
Digit: 1  Purity: 85.7% SD: 1020.7  Count: 7719
Digit: 2  Purity: 93.4% SD: 1834.4  Count: 4797
Digit: 3  Purity: 69.1% SD: 1706.6  Count: 7353
Digit: 4  Purity: 57.8% SD: 1699.3  Count: 6643
Digit: 5  Purity: 74.3% SD: 1702.8  Count: 5371
Digit: 6  Purity: 87.3% SD: 1578.8  Count: 6012
Digit: 7  Purity: 69.8% SD: 1503.5  Count: 8023
Digit: 8  Purity: 91.0% SD: 1700.6  Count: 3641
Digit: 9  Purity: 62.1% SD: 1493.3  Count: 4333
Our accuracy in predicting test data for k = 50 was 77.8477847785 %
Time spent testing :  48.6858282089
