17 medians random 100
0 [ 3146.  7363.   338.  1636.  3917.  4368.  4937.  3039.  7169.  2612.
  2309.  1614.  1556.  5068.  1625.  7582.  1721.]
1 [ 3880.  7377.   668.  2305.  3360.  4840.  4083.  2986.  6383.  3476.
  1890.  1952.  1972.  4916.  1630.  6279.  2003.]
2 [ 3966.  7362.   825.  2778.  3095.  5128.  3658.  3169.  5759.  2960.
  1832.  2340.  2194.  4975.  1767.  5800.  2392.]
3 [ 4091.  7301.   922.  3127.  3302.  5366.  3392.  3195.  5381.  2523.
  1712.  2534.  2197.  4875.  1943.  5525.  2614.]
4 [ 4091.  7203.  1062.  3325.  3517.  5509.  3136.  3158.  5320.  2324.
  1677.  2635.  2096.  4748.  2107.  5396.  2696.]
5 [ 4126.  7014.  1220.  3456.  3438.  5599.  2827.  3083.  5424.  2356.
  1637.  2764.  2059.  4668.  2241.  5315.  2773.]
6 [ 4219.  6728.  1442.  3470.  3250.  5697.  2625.  2987.  5593.  2488.
  1601.  2874.  2093.  4628.  2236.  5256.  2813.]
7 [ 4322.  6323.  1701.  3461.  3069.  5834.  2500.  2854.  5825.  2571.
  1597.  2917.  2154.  4635.  2253.  5159.  2825.]
8 [ 4425.  5751.  1956.  3339.  2927.  5988.  2399.  2809.  6126.  2621.
  1757.  2942.  2178.  4669.  2311.  4998.  2804.]
9 [ 4485.  5279.  2129.  3259.  2851.  6039.  2353.  2779.  6517.  2707.
  2067.  2955.  2183.  4742.  2369.  4470.  2816.]
10 [ 4531.  4973.  2257.  3131.  2807.  6004.  2323.  2811.  6798.  2729.
  2220.  2961.  2187.  4812.  2429.  4198.  2829.]
11 [ 4608.  4814.  2341.  3023.  2780.  5973.  2290.  2862.  6913.  2755.
  2281.  2961.  2179.  4873.  2500.  4035.  2812.]
12 [ 4678.  4728.  2388.  2945.  2758.  5924.  2264.  2880.  6942.  2743.
  2322.  2989.  2165.  4907.  2559.  3979.  2829.]
13 [ 4722.  4661.  2430.  2891.  2751.  5875.  2256.  2881.  6917.  2748.
  2339.  3000.  2158.  4923.  2589.  4013.  2846.]
14 [ 4790.  4609.  2461.  2851.  2734.  5852.  2255.  2841.  6818.  2786.
  2345.  3022.  2164.  4926.  2608.  4063.  2875.]
15 [ 4907.  4603.  2486.  2799.  2726.  5889.  2259.  2798.  6579.  2830.
  2355.  3036.  2164.  4936.  2628.  4106.  2899.]
16 [ 5052.  4590.  2502.  2769.  2731.  5974.  2252.  2753.  6243.  2869.
  2368.  3054.  2162.  4941.  2651.  4138.  2951.]
17 [ 5178.  4580.  2501.  2756.  2732.  6087.  2250.  2714.  5907.  2925.
  2367.  3083.  2171.  4944.  2670.  4158.  2977.]
18 [ 5275.  4578.  2478.  2737.  2733.  6172.  2255.  2661.  5637.  2992.
  2377.  3114.  2180.  4938.  2687.  4169.  3017.]
19 [ 5329.  4570.  2475.  2718.  2733.  6267.  2269.  2605.  5418.  3059.
  2370.  3147.  2184.  4908.  2706.  4163.  3079.]
20 [ 5374.  4565.  2477.  2690.  2731.  6350.  2273.  2569.  5228.  3133.
  2342.  3157.  2194.  4895.  2720.  4152.  3150.]
21 [ 5386.  4553.  2465.  2670.  2730.  6392.  2279.  2551.  5088.  3235.
  2324.  3169.  2201.  4858.  2735.  4145.  3219.]
22 [ 5395.  4552.  2471.  2652.  2732.  6437.  2281.  2530.  4976.  3330.
  2295.  3212.  2208.  4810.  2751.  4125.  3243.]
23 [ 5374.  4548.  2462.  2640.  2739.  6458.  2289.  2506.  4894.  3481.
  2247.  3244.  2211.  4768.  2758.  4107.  3274.]
24 [ 5341.  4534.  2478.  2619.  2746.  6465.  2296.  2500.  4827.  3610.
  2195.  3275.  2210.  4716.  2761.  4080.  3347.]
25 [ 5300.  4523.  2492.  2602.  2761.  6461.  2296.  2484.  4757.  3800.
  2127.  3302.  2207.  4650.  2769.  4042.  3427.]
26 [ 5251.  4502.  2504.  2599.  2768.  6460.  2299.  2480.  4670.  4025.
  2063.  3341.  2205.  4554.  2775.  3993.  3511.]
27 [ 5205.  4449.  2523.  2620.  2768.  6428.  2318.  2506.  4607.  4265.
  1998.  3396.  2195.  4432.  2779.  3934.  3577.]
28 [ 5166.  4390.  2572.  2639.  2775.  6400.  2364.  2539.  4546.  4439.
  1910.  3451.  2186.  4324.  2781.  3868.  3650.]
29 [ 5121.  4330.  2608.  2686.  2778.  6362.  2424.  2600.  4476.  4555.
  1824.  3488.  2183.  4205.  2785.  3823.  3752.]
30 [ 5079.  4276.  2630.  2720.  2779.  6296.  2471.  2651.  4415.  4695.
  1738.  3551.  2181.  4126.  2778.  3781.  3833.]
31 [ 5045.  4247.  2651.  2778.  2770.  6242.  2509.  2725.  4339.  4726.
  1660.  3632.  2170.  4086.  2774.  3753.  3893.]
32 [ 5001.  4216.  2675.  2843.  2759.  6169.  2548.  2797.  4259.  4758.
  1569.  3745.  2158.  4062.  2767.  3729.  3945.]
33 [ 4957.  4180.  2688.  2933.  2754.  6068.  2564.  2852.  4188.  4775.
  1469.  3864.  2156.  4062.  2759.  3717.  4014.]
34 [ 4900.  4146.  2707.  3034.  2746.  5974.  2572.  2910.  4084.  4773.
  1356.  3961.  2150.  4068.  2755.  3701.  4163.]
35 [ 4865.  4093.  2742.  3170.  2732.  5880.  2576.  2968.  3960.  4728.
  1232.  4070.  2152.  4070.  2752.  3697.  4313.]
36 [ 4810.  4030.  2792.  3358.  2724.  5796.  2581.  3024.  3848.  4678.
  1088.  4151.  2146.  4070.  2755.  3697.  4452.]
37 [ 4762.  3975.  2845.  3548.  2724.  5766.  2586.  3053.  3735.  4692.
   971.  4229.  2143.  4078.  2750.  3714.  4429.]
38 [ 4727.  3951.  2938.  3741.  2711.  5774.  2600.  3095.  3645.  4699.
   897.  4279.  2145.  4081.  2750.  3745.  4222.]
39 [ 4713.  3928.  3057.  3922.  2705.  5823.  2603.  3125.  3535.  4706.
   894.  4330.  2147.  4075.  2751.  3787.  3899.]
40 [ 4720.  3908.  3165.  4122.  2699.  5848.  2606.  3148.  3409.  4712.
   965.  4366.  2156.  4063.  2757.  3838.  3518.]
41 [ 4733.  3901.  3303.  4232.  2689.  5856.  2609.  3187.  3315.  4708.
  1070.  4423.  2161.  4062.  2762.  3876.  3113.]
42 [ 4735.  3915.  3425.  4353.  2684.  5815.  2608.  3234.  3222.  4697.
  1137.  4490.  2163.  4061.  2766.  3900.  2795.]
43 [ 4731.  3926.  3505.  4555.  2683.  5729.  2611.  3267.  3152.  4695.
  1150.  4566.  2163.  4063.  2768.  3892.  2544.]
44 [ 4707.  3940.  3607.  4725.  2679.  5610.  2616.  3302.  3086.  4690.
  1150.  4676.  2159.  4056.  2769.  3883.  2345.]
45 [ 4692.  3941.  3719.  4817.  2682.  5455.  2619.  3322.  2975.  4656.
  1210.  4824.  2145.  4054.  2771.  3885.  2233.]
46 [ 4683.  3929.  3848.  4856.  2676.  5301.  2618.  3332.  2838.  4618.
  1269.  4987.  2133.  4045.  2772.  3878.  2217.]
47 [ 4650.  3919.  3960.  4882.  2680.  5126.  2613.  3346.  2741.  4574.
  1315.  5143.  2122.  4042.  2771.  3868.  2248.]
48 [ 4625.  3908.  4044.  4884.  2683.  4968.  2611.  3336.  2691.  4541.
  1352.  5276.  2113.  4037.  2766.  3859.  2306.]
49 [ 4592.  3891.  4152.  4957.  2687.  4821.  2610.  3304.  2650.  4522.
  1355.  5395.  2100.  4026.  2766.  3845.  2327.]
50 [ 4573.  3862.  4234.  5000.  2694.  4705.  2611.  3276.  2618.  4515.
  1346.  5469.  2088.  4015.  2766.  3841.  2387.]
51 [ 4574.  3841.  4305.  5020.  2700.  4643.  2605.  3221.  2595.  4512.
  1338.  5536.  2081.  4006.  2764.  3850.  2409.]
52 [ 4573.  3824.  4379.  5029.  2715.  4614.  2600.  3193.  2578.  4487.
  1334.  5558.  2072.  3995.  2767.  3852.  2430.]
53 [ 4554.  3810.  4443.  5056.  2722.  4591.  2602.  3140.  2569.  4461.
  1330.  5603.  2063.  3986.  2766.  3852.  2452.]
54 [ 4533.  3801.  4489.  5066.  2725.  4583.  2598.  3123.  2566.  4449.
  1326.  5631.  2055.  3981.  2765.  3855.  2454.]
55 [ 4516.  3791.  4540.  5069.  2729.  4578.  2596.  3105.  2573.  4437.
  1315.  5646.  2046.  3972.  2766.  3862.  2459.]
56 [ 4494.  3786.  4577.  5067.  2737.  4582.  2596.  3087.  2583.  4419.
  1313.  5652.  2044.  3968.  2766.  3859.  2470.]
57 [ 4477.  3784.  4608.  5071.  2742.  4569.  2597.  3075.  2597.  4406.
  1312.  5653.  2042.  3964.  2766.  3857.  2480.]
58 [ 4460.  3786.  4632.  5079.  2743.  4572.  2597.  3064.  2604.  4401.
  1312.  5649.  2043.  3957.  2767.  3851.  2483.]
59 [ 4441.  3787.  4668.  5083.  2745.  4575.  2597.  3039.  2611.  4392.
  1309.  5657.  2042.  3958.  2767.  3851.  2478.]
60 [ 4427.  3788.  4687.  5086.  2747.  4572.  2596.  3013.  2617.  4383.
  1309.  5665.  2041.  3953.  2770.  3853.  2493.]
61 [ 4407.  3792.  4702.  5095.  2750.  4579.  2596.  3002.  2620.  4375.
  1307.  5671.  2037.  3947.  2772.  3853.  2495.]
62 [ 4386.  3794.  4710.  5104.  2751.  4579.  2595.  2998.  2622.  4371.
  1305.  5682.  2037.  3946.  2772.  3854.  2494.]
63 [ 4371.  3794.  4727.  5098.  2751.  4581.  2594.  2991.  2630.  4369.
  1305.  5690.  2036.  3945.  2772.  3854.  2492.]
64 [ 4357.  3792.  4740.  5089.  2751.  4579.  2591.  2988.  2639.  4370.
  1305.  5694.  2039.  3946.  2772.  3855.  2493.]
65 [ 4347.  3791.  4754.  5083.  2752.  4581.  2591.  2986.  2645.  4369.
  1305.  5691.  2038.  3948.  2774.  3857.  2488.]
66 [ 4337.  3791.  4759.  5082.  2753.  4576.  2590.  2982.  2650.  4367.
  1303.  5701.  2038.  3949.  2774.  3857.  2491.]
67 [ 4330.  3790.  4764.  5076.  2754.  4566.  2590.  2981.  2658.  4368.
  1302.  5705.  2039.  3952.  2775.  3857.  2493.]
68 [ 4323.  3792.  4769.  5075.  2754.  4564.  2590.  2983.  2662.  4372.
  1300.  5704.  2038.  3952.  2775.  3856.  2491.]
69 [ 4314.  3791.  4770.  5094.  2756.  4557.  2589.  2984.  2662.  4373.
  1299.  5704.  2041.  3951.  2775.  3854.  2486.]
70 [ 4306.  3791.  4771.  5106.  2757.  4554.  2589.  2983.  2666.  4376.
  1299.  5703.  2040.  3951.  2774.  3854.  2480.]
71 [ 4300.  3789.  4773.  5115.  2757.  4551.  2589.  2981.  2669.  4376.
  1300.  5702.  2040.  3951.  2774.  3854.  2479.]
72 [ 4297.  3786.  4780.  5118.  2757.  4551.  2589.  2976.  2669.  4375.
  1303.  5702.  2040.  3951.  2774.  3854.  2478.]
73 [ 4296.  3786.  4787.  5121.  2757.  4548.  2589.  2969.  2669.  4375.
  1304.  5701.  2041.  3950.  2774.  3854.  2479.]
74 [ 4295.  3786.  4793.  5118.  2757.  4545.  2588.  2965.  2670.  4374.
  1303.  5704.  2041.  3950.  2774.  3854.  2483.]
75 [ 4297.  3786.  4792.  5120.  2757.  4540.  2588.  2964.  2671.  4374.
  1304.  5702.  2041.  3950.  2774.  3855.  2485.]
76 [ 4299.  3789.  4793.  5117.  2756.  4537.  2588.  2965.  2673.  4374.
  1304.  5700.  2041.  3950.  2774.  3857.  2483.]
77 [ 4299.  3788.  4800.  5119.  2755.  4533.  2588.  2966.  2672.  4370.
  1305.  5698.  2041.  3950.  2774.  3858.  2484.]
78 [ 4300.  3786.  4805.  5120.  2755.  4532.  2588.  2967.  2672.  4368.
  1305.  5694.  2041.  3950.  2774.  3859.  2484.]
79 [ 4302.  3785.  4803.  5120.  2756.  4532.  2588.  2967.  2672.  4366.
  1306.  5695.  2042.  3950.  2774.  3858.  2484.]
80 [ 4302.  3783.  4800.  5121.  2759.  4532.  2588.  2967.  2672.  4366.
  1306.  5695.  2042.  3950.  2774.  3859.  2484.]
81 [ 4302.  3783.  4801.  5123.  2758.  4531.  2588.  2966.  2672.  4365.
  1306.  5695.  2042.  3951.  2774.  3859.  2484.]
82 [ 4301.  3783.  4803.  5124.  2758.  4530.  2588.  2966.  2672.  4365.
  1306.  5695.  2042.  3951.  2774.  3859.  2483.]
[ 4301.  3783.  4803.  5124.  2758.  4530.  2588.  2966.  2672.  4365.
  1306.  5695.  2042.  3951.  2774.  3859.  2483.]
Time spent clustering :  10713.619565
medians_random_cluster17
Digit: 0  Purity: 90.7% SD: 1873.4  Count: 5362
Digit: 1  Purity: 82.7% SD: 1223.0  Count: 7642
Digit: 2  Purity: 86.4% SD: 1944.5  Count: 4800
Digit: 3  Purity: 54.7% SD: 1857.8  Count: 8661
Digit: 4  Purity: 42.9% SD: 1815.0  Count: 7013
Digit: 5  Purity: 32.6% SD: 1775.3  Count: 5671
Digit: 6  Purity: 85.9% SD: 1780.5  Count: 3951
Digit: 7  Purity: 68.4% SD: 1625.7  Count: 6973
Digit: 8  Purity: 71.8% SD: 1809.3  Count: 4803
Digit: 9  Purity: 49.0% SD: 1625.6  Count: 5124
Our accuracy in predicting test data for k = 17 was 65.696569657 %
Time spent testing :  31.2609331608
