45 medians random 100
0 [ 5710.   532.   933.   362.  1467.    69.   236.  1063.   552.  2709.
   624.   419.  1024.  4456.  1282.   145.  1509.   898.  1085.   920.
  1972.  1324.   452.  1941.  1262.   999.   526.  4163.  3705.   293.
   619.   135.  1095.   702.  1500.   594.  1477.   977.  1468.   524.
  4320.  1181.   298.  2157.   321.]
1 [ 4792.   492.   914.   342.  1235.   142.   354.  1186.  1374.  2398.
   802.   819.  1647.  3821.  1474.   397.  1367.   992.  1024.   970.
  1761.  1462.   472.  2334.  1366.   876.   699.  3083.  3107.   457.
   591.   356.   961.   721.  1410.   596.  1825.  1312.  1754.   534.
  3306.  1411.   586.  1980.   498.]
2 [ 3986.   469.   852.   352.  1034.   195.   461.  1268.  1997.  2281.
   819.  1034.  2050.  3560.  1620.   511.  1107.  1065.   923.  1025.
  1611.  1495.   493.  2270.  1210.   818.   887.  2568.  2936.   546.
   638.   493.   846.   789.  1522.   729.  1953.  1468.  1820.   550.
  2850.  1532.   851.  1933.   583.]
3 [ 3594.   458.   780.   363.   971.   248.   538.  1328.  2322.  2283.
   723.  1187.  2309.  3301.  1775.   573.  1000.  1033.   834.  1164.
  1526.  1531.   518.  2261.  1210.   807.  1092.  2307.  2720.   575.
   823.   580.   799.   801.  1469.   813.  1835.  1675.  1742.   567.
  2554.  1591.   966.  1821.   633.]
4 [ 3451.   457.   742.   369.   930.   304.   588.  1342.  2459.  2442.
   716.  1273.  2416.  3154.  1862.   634.  1014.  1034.   742.  1313.
  1525.  1538.   573.  2220.  1321.   795.  1252.  2065.  2532.   592.
  1019.   581.   777.   760.  1402.   911.  1630.  1637.  1675.   583.
  2493.  1558.   951.  1719.   649.]
5 [ 3321.   453.   711.   367.   924.   337.   611.  1334.  2498.  2532.
   755.  1278.  2450.  3041.  1946.   685.  1039.  1060.   675.  1443.
  1518.  1502.   620.  2137.  1444.   805.  1373.  1971.  2485.   602.
  1178.   578.   778.   750.  1416.  1048.  1450.  1551.  1637.   607.
  2359.  1500.   943.  1624.   664.]
6 [ 3115.   445.   681.   373.   918.   356.   588.  1320.  2471.  2622.
   759.  1270.  2486.  2947.  2058.   694.  1037.  1090.   649.  1528.
  1484.  1474.   683.  2024.  1539.   831.  1458.  1978.  2490.   613.
  1315.   593.   783.   746.  1471.  1185.  1340.  1440.  1580.   636.
  2276.  1455.   933.  1587.   679.]
7 [ 2855.   451.   666.   377.   920.   372.   582.  1305.  2436.  2695.
   744.  1241.  2487.  2840.  2170.   700.  1018.  1103.   647.  1631.
  1425.  1453.   745.  1915.  1640.   824.  1532.  2028.  2584.   614.
  1428.   642.   800.   736.  1543.  1318.  1292.  1192.  1551.   654.
  2204.  1432.   928.  1593.   687.]
8 [ 2605.   449.   657.   385.   920.   384.   579.  1268.  2393.  2721.
   759.  1219.  2481.  2769.  2255.   709.  1005.  1130.   654.  1729.
  1409.  1443.   820.  1776.  1728.   817.  1591.  2054.  2712.   613.
  1513.   686.   811.   727.  1557.  1471.  1261.   939.  1517.   676.
  2152.  1433.   918.  1611.   694.]
9 [ 2435.   444.   650.   390.   920.   390.   619.  1228.  2340.  2718.
   776.  1197.  2448.  2685.  2293.   714.   980.  1162.   666.  1771.
  1375.  1461.   902.  1724.  1815.   818.  1638.  2088.  2840.   617.
  1579.   733.   813.   726.  1542.  1494.  1257.   769.  1501.   683.
  2127.  1443.   918.  1621.   690.]
10 [ 2286.   440.   639.   391.   938.   404.   672.  1204.  2301.  2692.
   784.  1188.  2414.  2613.  2315.   715.   963.  1188.   663.  1777.
  1342.  1497.   958.  1746.  1897.   812.  1687.  2112.  2965.   626.
  1641.   754.   816.   719.  1512.  1454.  1255.   641.  1498.   688.
  2115.  1472.   907.  1616.   683.]
11 [ 2164.   434.   629.   393.   956.   408.   744.  1173.  2260.  2676.
   788.  1219.  2393.  2549.  2305.   708.   943.  1210.   669.  1709.
  1328.  1525.   995.  1750.  1954.   811.  1731.  2142.  3032.   631.
  1707.   775.   832.   719.  1512.  1429.  1261.   537.  1496.   699.
  2141.  1481.   903.  1602.   677.]
12 [ 2097.   434.   625.   395.   978.   413.   811.  1154.  2229.  2654.
   795.  1247.  2383.  2514.  2278.   700.   925.  1203.   673.  1677.
  1319.  1563.  1032.  1756.  2001.   810.  1766.  2155.  3058.   643.
  1748.   804.   826.   717.  1474.  1376.  1268.   461.  1496.   702.
  2200.  1511.   887.  1572.   670.]
13 [ 2043.   437.   632.   399.   994.   419.   872.  1135.  2193.  2638.
   793.  1276.  2363.  2477.  2247.   696.   912.  1185.   673.  1697.
  1312.  1604.  1056.  1766.  2033.   800.  1806.  2170.  3075.   650.
  1782.   828.   837.   715.  1430.  1311.  1285.   411.  1494.   704.
  2243.  1531.   869.  1541.   666.]
14 [ 2006.   436.   634.   402.  1010.   418.   910.  1118.  2172.  2623.
   790.  1314.  2356.  2453.  2211.   692.   910.  1168.   672.  1669.
  1310.  1658.  1079.  1777.  2074.   797.  1836.  2196.  3070.   661.
  1805.   848.   855.   710.  1392.  1222.  1299.   391.  1494.   708.
  2291.  1555.   859.  1485.   664.]
15 [ 1974.   433.   630.   406.  1025.   426.   951.  1097.  2150.  2615.
   788.  1335.  2353.  2435.  2183.   685.   923.  1143.   673.  1694.
  1303.  1704.  1133.  1771.  2094.   791.  1865.  2197.  3060.   672.
  1813.   866.   872.   710.  1346.  1175.  1324.   367.  1492.   713.
  2336.  1571.   844.  1409.   653.]
16 [ 1951.   433.   630.   402.  1039.   440.   973.  1090.  2140.  2605.
   786.  1352.  2353.  2441.  2150.   679.   932.  1118.   680.  1708.
  1291.  1749.  1180.  1760.  2110.   774.  1870.  2191.  3060.   674.
  1820.   889.   875.   715.  1321.  1136.  1329.   359.  1497.   717.
  2373.  1590.   838.  1329.   651.]
17 [ 1935.   434.   620.   400.  1043.   445.   990.  1095.  2126.  2593.
   792.  1370.  2359.  2435.  2117.   676.   942.  1105.   684.  1709.
  1307.  1797.  1209.  1749.  2123.   767.  1888.  2164.  3076.   675.
  1830.   889.   904.   719.  1315.  1050.  1339.   356.  1497.   720.
  2407.  1614.   834.  1263.   638.]
18 [ 1936.   434.   614.   402.  1051.   447.   997.  1103.  2107.  2578.
   789.  1378.  2359.  2436.  2077.   670.   962.  1100.   683.  1763.
  1318.  1810.  1229.  1722.  2138.   762.  1905.  2138.  3074.   674.
  1840.   884.   905.   724.  1295.   996.  1376.   338.  1505.   723.
  2446.  1630.   829.  1218.   635.]
19 [ 1931.   427.   607.   401.  1054.   455.   998.  1114.  2089.  2567.
   795.  1385.  2374.  2425.  2061.   670.   973.  1088.   680.  1785.
  1325.  1819.  1242.  1712.  2158.   756.  1922.  2111.  3075.   674.
  1833.   878.   919.   721.  1295.   927.  1422.   354.  1512.   727.
  2475.  1648.   817.  1174.   625.]
20 [ 1940.   425.   600.   399.  1057.   460.   995.  1126.  2070.  2577.
   793.  1385.  2390.  2415.  2047.   673.   982.  1077.   685.  1772.
  1332.  1831.  1246.  1708.  2166.   745.  1951.  2096.  3056.   678.
  1822.   874.   935.   728.  1278.   815.  1471.   414.  1520.   725.
  2501.  1657.   809.  1146.   628.]
21 [ 1949.   421.   594.   398.  1066.   466.  1001.  1133.  2051.  2575.
   787.  1398.  2399.  2401.  2032.   675.   987.  1063.   684.  1733.
  1331.  1845.  1251.  1711.  2183.   736.  1966.  2076.  3049.   681.
  1814.   875.   935.   731.  1286.   810.  1492.   414.  1530.   721.
  2517.  1654.   814.  1137.   628.]
22 [ 1957.   426.   591.   397.  1069.   466.  1008.  1137.  2039.  2566.
   792.  1413.  2416.  2390.  2009.   677.   995.  1062.   685.  1715.
  1334.  1849.  1254.  1710.  2199.   734.  1973.  2066.  3025.   678.
  1806.   861.   937.   732.  1297.   816.  1516.   394.  1539.   715.
  2520.  1653.   821.  1134.   627.]
23 [ 1958.   430.   589.   401.  1068.   470.  1024.  1143.  2032.  2555.
   796.  1420.  2436.  2385.  1999.   679.   994.  1058.   684.  1691.
  1338.  1855.  1254.  1714.  2212.   729.  1977.  2030.  3010.   676.
  1792.   863.   934.   736.  1310.   807.  1555.   373.  1547.   708.
  2527.  1654.   830.  1130.   627.]
24 [ 1950.   438.   586.   398.  1063.   473.  1047.  1153.  2029.  2545.
   796.  1426.  2462.  2382.  1983.   682.   987.  1055.   683.  1680.
  1345.  1871.  1249.  1713.  2225.   725.  1985.  2004.  2994.   673.
  1782.   873.   933.   746.  1302.   806.  1574.   355.  1554.   712.
  2521.  1657.   838.  1116.   629.]
25 [ 1948.   441.   587.   397.  1061.   461.  1073.  1166.  2030.  2542.
   795.  1429.  2471.  2372.  1968.   685.   966.  1053.   686.  1671.
  1352.  1878.  1239.  1712.  2227.   731.  1991.  1974.  2983.   674.
  1778.   878.   942.   756.  1271.   799.  1615.   341.  1568.   717.
  2528.  1660.   844.  1107.   633.]
26 [ 1937.   440.   588.   399.  1052.   460.  1106.  1171.  2030.  2538.
   796.  1436.  2480.  2368.  1950.   685.   963.  1059.   687.  1665.
  1347.  1876.  1227.  1710.  2223.   726.  2007.  1934.  2983.   673.
  1775.   892.   939.   769.  1257.   754.  1649.   369.  1580.   719.
  2533.  1667.   843.  1094.   644.]
27 [ 1926.   440.   589.   403.  1053.   447.  1136.  1178.  2026.  2536.
   792.  1442.  2488.  2359.  1919.   693.   975.  1057.   688.  1657.
  1352.  1879.  1233.  1708.  2220.   733.  2027.  1900.  2966.   673.
  1767.   895.   935.   779.  1242.   712.  1691.   387.  1582.   713.
  2542.  1671.   844.  1089.   656.]
28 [ 1920.   444.   591.   400.  1054.   439.  1152.  1185.  2021.  2534.
   789.  1442.  2489.  2349.  1887.   703.  1037.  1054.   683.  1647.
  1361.  1894.  1231.  1705.  2215.   746.  2036.  1857.  2948.   670.
  1760.   904.   942.   786.  1220.   676.  1717.   403.  1586.   709.
  2549.  1673.   843.  1084.   665.]
29 [ 1915.   445.   591.   401.  1054.   435.  1184.  1186.  2023.  2533.
   781.  1449.  2490.  2344.  1865.   709.  1081.  1053.   681.  1633.
  1361.  1897.  1232.  1703.  2201.   755.  2042.  1823.  2928.   672.
  1763.   905.   949.   786.  1203.   661.  1733.   410.  1590.   708.
  2544.  1672.   856.  1080.   673.]
30 [ 1892.   445.   589.   406.  1054.   434.  1218.  1202.  2021.  2533.
   777.  1450.  2486.  2329.  1815.   718.  1139.  1055.   678.  1631.
  1374.  1911.  1224.  1704.  2187.   750.  2046.  1781.  2907.   672.
  1772.   906.   958.   793.  1194.   655.  1762.   409.  1586.   703.
  2547.  1676.   857.  1073.   681.]
31 [ 1876.   445.   596.   408.  1053.   435.  1261.  1211.  2016.  2528.
   773.  1453.  2494.  2320.  1799.   729.  1123.  1057.   675.  1631.
  1379.  1916.  1222.  1698.  2180.   743.  2051.  1765.  2869.   672.
  1782.   904.   964.   804.  1199.   658.  1779.   409.  1583.   704.
  2539.  1679.   862.  1069.   687.]
32 [ 1868.   449.   595.   404.  1052.   437.  1295.  1221.  2013.  2534.
   775.  1457.  2493.  2305.  1772.   740.  1149.  1054.   671.  1627.
  1395.  1911.  1223.  1700.  2175.   745.  2065.  1728.  2841.   671.
  1787.   905.   963.   807.  1191.   663.  1792.   424.  1576.   701.
  2528.  1684.   862.  1060.   692.]
33 [ 1859.   447.   594.   404.  1053.   439.  1309.  1236.  2004.  2541.
   776.  1462.  2487.  2294.  1752.   746.  1133.  1048.   665.  1621.
  1402.  1916.  1229.  1700.  2174.   749.  2066.  1719.  2818.   678.
  1799.   908.   969.   811.  1203.   663.  1800.   437.  1579.   690.
  2516.  1689.   871.  1041.   703.]
34 [ 1848.   449.   599.   402.  1053.   441.  1317.  1247.  2000.  2549.
   779.  1471.  2480.  2281.  1722.   745.  1151.  1045.   661.  1621.
  1408.  1913.  1233.  1698.  2182.   748.  2075.  1710.  2800.   677.
  1799.   921.   963.   809.  1218.   659.  1790.   449.  1577.   685.
  2511.  1694.   875.  1032.   713.]
35 [ 1839.   448.   600.   403.  1053.   438.  1335.  1255.  1999.  2567.
   778.  1477.  2471.  2263.  1698.   748.  1184.  1045.   660.  1614.
  1411.  1911.  1230.  1701.  2185.   752.  2080.  1691.  2791.   683.
  1805.   929.   961.   804.  1221.   660.  1771.   465.  1575.   679.
  2501.  1695.   874.  1033.   717.]
36 [ 1824.   444.   597.   403.  1053.   440.  1339.  1269.  1998.  2573.
   783.  1496.  2462.  2252.  1666.   751.  1215.  1047.   659.  1611.
  1423.  1912.  1224.  1703.  2190.   753.  2088.  1684.  2771.   680.
  1813.   935.   953.   801.  1227.   655.  1746.   476.  1570.   681.
  2496.  1698.   880.  1038.   721.]
37 [ 1811.   442.   599.   403.  1056.   440.  1346.  1283.  1994.  2580.
   783.  1513.  2451.  2240.  1646.   750.  1243.  1050.   660.  1609.
  1425.  1902.  1221.  1702.  2199.   751.  2093.  1685.  2753.   682.
  1831.   934.   951.   800.  1208.   674.  1705.   489.  1568.   688.
  2487.  1698.   888.  1046.   721.]
38 [ 1813.   442.   600.   402.  1056.   440.  1355.  1293.  1989.  2582.
   782.  1521.  2440.  2237.  1620.   746.  1254.  1054.   658.  1607.
  1431.  1903.  1221.  1703.  2206.   750.  2107.  1697.  2737.   681.
  1847.   935.   947.   803.  1199.   691.  1662.   504.  1556.   688.
  2476.  1697.   891.  1051.   726.]
39 [ 1812.   439.   599.   403.  1055.   439.  1348.  1310.  1993.  2590.
   781.  1525.  2431.  2227.  1597.   741.  1276.  1054.   658.  1607.
  1443.  1906.  1227.  1702.  2210.   751.  2110.  1691.  2719.   686.
  1855.   936.   946.   806.  1192.   698.  1645.   504.  1554.   688.
  2466.  1701.   896.  1056.   727.]
40 [ 1816.   443.   600.   402.  1051.   438.  1345.  1334.  1993.  2600.
   780.  1530.  2420.  2217.  1574.   739.  1286.  1054.   656.  1603.
  1465.  1907.  1229.  1710.  2219.   751.  2116.  1698.  2712.   685.
  1863.   937.   944.   798.  1179.   708.  1618.   510.  1547.   688.
  2448.  1703.   896.  1061.   727.]
41 [ 1822.   446.   600.   400.  1049.   438.  1342.  1348.  1996.  2602.
   780.  1534.  2411.  2203.  1564.   739.  1307.  1058.   656.  1600.
  1478.  1913.  1231.  1713.  2222.   751.  2121.  1693.  2711.   685.
  1872.   939.   936.   796.  1169.   715.  1589.   518.  1540.   688.
  2425.  1711.   895.  1067.   727.]
42 [ 1834.   447.   601.   398.  1050.   438.  1346.  1355.  1996.  2603.
   780.  1534.  2393.  2187.  1536.   743.  1330.  1057.   656.  1603.
  1482.  1928.  1230.  1712.  2221.   752.  2125.  1692.  2706.   687.
  1882.   944.   935.   792.  1156.   726.  1563.   529.  1532.   688.
  2421.  1723.   889.  1071.   727.]
43 [ 1847.   446.   602.   399.  1049.   438.  1353.  1357.  1996.  2597.
   783.  1539.  2379.  2162.  1535.   744.  1332.  1055.   656.  1602.
  1486.  1945.  1224.  1722.  2223.   752.  2130.  1693.  2701.   688.
  1894.   952.   937.   791.  1143.   747.  1528.   536.  1520.   688.
  2417.  1730.   881.  1076.   725.]
44 [ 1850.   446.   600.   399.  1049.   438.  1354.  1359.  1996.  2598.
   783.  1542.  2368.  2141.  1532.   746.  1343.  1057.   656.  1598.
  1494.  1961.  1226.  1727.  2224.   751.  2136.  1694.  2707.   687.
  1908.   957.   941.   792.  1138.   772.  1481.   528.  1511.   689.
  2408.  1739.   880.  1067.   727.]
45 [ 1849.   446.   601.   399.  1050.   439.  1355.  1363.  1998.  2590.
   784.  1545.  2362.  2106.  1541.   744.  1358.  1061.   656.  1588.
  1515.  1981.  1225.  1738.  2225.   748.  2148.  1670.  2706.   687.
  1918.   953.   953.   794.  1133.   795.  1433.   539.  1494.   689.
  2410.  1742.   879.  1061.   729.]
46 [ 1856.   447.   602.   400.  1049.   439.  1358.  1362.  2001.  2567.
   786.  1551.  2352.  2062.  1546.   743.  1369.  1063.   656.  1579.
  1539.  2015.  1225.  1745.  2227.   749.  2157.  1654.  2721.   691.
  1925.   957.   956.   794.  1142.   811.  1357.   544.  1477.   688.
  2406.  1759.   882.  1062.   729.]
47 [ 1855.   449.   602.   403.  1049.   439.  1358.  1365.  1999.  2542.
   793.  1560.  2336.  1956.  1555.   744.  1389.  1063.   659.  1569.
  1572.  2039.  1221.  1754.  2221.   752.  2168.  1639.  2747.   687.
  1932.   957.   960.   792.  1164.   831.  1324.   552.  1450.   689.
  2421.  1770.   882.  1066.   725.]
48 [ 1856.   450.   603.   403.  1048.   439.  1359.  1367.  2002.  2499.
   794.  1572.  2329.  1836.  1542.   744.  1418.  1064.   657.  1564.
  1614.  2062.  1224.  1768.  2218.   754.  2191.  1641.  2773.   684.
  1955.   955.   963.   793.  1194.   848.  1264.   544.  1430.   692.
  2426.  1775.   885.  1077.   724.]
49 [ 1861.   451.   603.   405.  1049.   441.  1359.  1367.  2007.  2436.
   793.  1578.  2332.  1818.  1522.   743.  1436.  1064.   660.  1569.
  1648.  2069.  1228.  1784.  2211.   754.  2207.  1643.  2792.   686.
  1981.   954.   971.   791.  1232.   845.  1133.   552.  1427.   690.
  2427.  1783.   885.  1090.   723.]
50 [ 1874.   452.   605.   409.  1049.   443.  1361.  1368.  2010.  2374.
   792.  1577.  2331.  1834.  1511.   744.  1463.  1068.   660.  1568.
  1659.  2082.  1224.  1790.  2190.   754.  2217.  1630.  2804.   688.
  1986.   952.   986.   793.  1248.   796.  1112.   562.  1416.   690.
  2429.  1787.   890.  1100.   722.]
51 [ 1877.   453.   603.   409.  1049.   447.  1366.  1369.  2010.  2324.
   793.  1579.  2324.  1871.  1523.   743.  1490.  1070.   658.  1565.
  1675.  2079.  1224.  1790.  2166.   754.  2226.  1624.  2823.   689.
  1995.   957.   990.   794.  1262.   710.  1134.   568.  1394.   691.
  2414.  1793.   900.  1105.   720.]
52 [ 1896.   452.   603.   410.  1047.   447.  1369.  1368.  2009.  2307.
   793.  1579.  2319.  1919.  1524.   747.  1495.  1078.   658.  1561.
  1687.  2077.  1227.  1790.  2126.   753.  2232.  1639.  2827.   692.
  2005.   957.   988.   793.  1253.   654.  1151.   567.  1381.   692.
  2398.  1793.   908.  1109.   720.]
53 [ 1913.   451.   603.   411.  1049.   447.  1367.  1370.  2011.  2289.
   792.  1581.  2309.  1959.  1524.   754.  1492.  1083.   655.  1560.
  1710.  2075.  1233.  1787.  2080.   753.  2234.  1648.  2831.   693.
  2017.   953.   981.   792.  1212.   619.  1185.   575.  1376.   693.
  2390.  1789.   916.  1119.   719.]
54 [ 1928.   449.   601.   411.  1050.   448.  1368.  1374.  2009.  2267.
   792.  1584.  2311.  2018.  1527.   760.  1504.  1081.   654.  1557.
  1742.  2076.  1231.  1785.  2023.   753.  2236.  1637.  2829.   696.
  2025.   954.   979.   795.  1198.   565.  1215.   576.  1368.   693.
  2372.  1786.   928.  1124.   721.]
55 [ 1953.   450.   603.   411.  1052.   450.  1370.  1371.  2003.  2221.
   794.  1585.  2305.  2076.  1525.   770.  1510.  1077.   651.  1555.
  1755.  2084.  1232.  1785.  1985.   753.  2237.  1637.  2829.   696.
  2034.   956.   982.   792.  1153.   530.  1262.   578.  1365.   692.
  2355.  1783.   946.  1127.   720.]
56 [ 1955.   451.   605.   412.  1053.   450.  1378.  1370.  1998.  2204.
   794.  1585.  2311.  2105.  1532.   773.  1511.  1076.   648.  1549.
  1766.  2085.  1229.  1785.  1928.   752.  2240.  1635.  2824.   696.
  2048.   958.   978.   792.  1102.   520.  1325.   581.  1358.   692.
  2350.  1781.   956.  1136.   723.]
57 [ 1966.   451.   608.   411.  1052.   451.  1376.  1371.  1993.  2192.
   793.  1584.  2309.  2138.  1534.   783.  1513.  1074.   646.  1549.
  1774.  2084.  1221.  1784.  1864.   753.  2242.  1634.  2824.   696.
  2053.   959.   980.   793.  1076.   508.  1376.   580.  1355.   692.
  2333.  1776.   982.  1144.   723.]
58 [ 1972.   450.   612.   411.  1052.   451.  1376.  1374.  1990.  2183.
   792.  1584.  2306.  2153.  1528.   786.  1521.  1069.   644.  1544.
  1795.  2078.  1219.  1777.  1800.   753.  2247.  1635.  2812.   696.
  2060.   961.   983.   794.  1052.   507.  1433.   578.  1350.   692.
  2326.  1778.   999.  1154.   723.]
59 [ 1983.   450.   616.   411.  1053.   451.  1374.  1373.  1986.  2160.
   790.  1581.  2304.  2179.  1538.   785.  1516.  1069.   644.  1541.
  1819.  2080.  1216.  1775.  1755.   753.  2245.  1636.  2811.   695.
  2065.   963.   978.   794.  1020.   511.  1481.   576.  1340.   692.
  2317.  1775.  1015.  1161.   723.]
60 [ 1990.   450.   617.   411.  1053.   451.  1379.  1372.  1985.  2136.
   790.  1584.  2304.  2175.  1541.   783.  1511.  1067.   644.  1538.
  1832.  2075.  1211.  1774.  1722.   753.  2249.  1632.  2808.   696.
  2068.   963.   978.   791.   998.   531.  1548.   575.  1328.   691.
  2306.  1762.  1033.  1172.   723.]
61 [ 1997.   450.   616.   411.  1054.   451.  1379.  1374.  1986.  2121.
   790.  1586.  2301.  2171.  1536.   775.  1518.  1068.   644.  1538.
  1832.  2063.  1205.  1771.  1691.   752.  2251.  1629.  2809.   696.
  2070.   962.   978.   796.   977.   547.  1596.   571.  1322.   692.
  2291.  1764.  1064.  1183.   722.]
62 [ 2007.   450.   616.   412.  1056.   450.  1381.  1377.  1984.  2122.
   790.  1590.  2297.  2153.  1533.   760.  1524.  1067.   644.  1541.
  1828.  2060.  1204.  1768.  1659.   752.  2254.  1625.  2806.   696.
  2076.   964.   977.   804.   959.   556.  1644.   560.  1309.   692.
  2279.  1764.  1096.  1192.   722.]
63 [ 2005.   450.   617.   412.  1057.   450.  1381.  1382.  1985.  2104.
   790.  1591.  2295.  2132.  1538.   762.  1531.  1063.   644.  1539.
  1817.  2059.  1203.  1767.  1647.   752.  2255.  1632.  2795.   695.
  2074.   963.   978.   811.   929.   579.  1683.   549.  1299.   692.
  2269.  1763.  1140.  1199.   722.]
64 [ 1996.   450.   617.   412.  1057.   450.  1388.  1383.  1987.  2083.
   790.  1591.  2296.  2113.  1536.   770.  1535.  1062.   644.  1535.
  1809.  2054.  1203.  1769.  1636.   752.  2256.  1635.  2787.   696.
  2075.   970.   978.   819.   883.   592.  1733.   542.  1296.   691.
  2257.  1765.  1187.  1198.   722.]
65 [ 1985.   452.   617.   412.  1056.   450.  1394.  1384.  1989.  2065.
   790.  1594.  2289.  2099.  1540.   777.  1536.  1063.   644.  1536.
  1802.  2047.  1204.  1770.  1622.   752.  2261.  1636.  2775.   697.
  2075.   976.   980.   831.   844.   595.  1769.   539.  1284.   691.
  2252.  1765.  1241.  1198.   722.]
66 [ 1967.   450.   617.   412.  1053.   450.  1403.  1391.  1989.  2054.
   790.  1596.  2282.  2067.  1537.   795.  1540.  1067.   645.  1534.
  1797.  2044.  1203.  1770.  1611.   752.  2263.  1635.  2761.   698.
  2076.   977.   984.   836.   816.   604.  1814.   532.  1279.   691.
  2240.  1768.  1285.  1203.   722.]
67 [ 1957.   449.   616.   411.  1049.   451.  1409.  1396.  1988.  2036.
   790.  1599.  2271.  2045.  1532.   807.  1544.  1072.   645.  1535.
  1779.  2046.  1206.  1773.  1606.   752.  2264.  1638.  2740.   699.
  2073.   975.   986.   851.   775.   615.  1846.   532.  1275.   691.
  2231.  1768.  1345.  1210.   722.]
68 [ 1953.   447.   616.   411.  1046.   452.  1411.  1403.  1986.  2018.
   791.  1600.  2274.  2049.  1528.   826.  1542.  1077.   645.  1537.
  1770.  2045.  1209.  1773.  1601.   751.  2267.  1641.  2715.   701.
  2072.   978.   995.   859.   725.   636.  1860.   529.  1276.   690.
  2221.  1770.  1369.  1213.   722.]
69 [ 1936.   447.   615.   411.  1041.   452.  1415.  1410.  1989.  2003.
   791.  1601.  2264.  2045.  1527.   831.  1541.  1082.   645.  1535.
  1763.  2044.  1208.  1774.  1592.   751.  2270.  1636.  2698.   702.
  2072.   978.   999.   865.   689.   645.  1880.   529.  1273.   689.
  2219.  1772.  1428.  1221.   722.]
70 [ 1914.   447.   614.   411.  1037.   452.  1415.  1415.  1991.  1996.
   791.  1599.  2261.  2047.  1526.   841.  1539.  1084.   647.  1535.
  1764.  2048.  1213.  1773.  1583.   751.  2271.  1636.  2688.   702.
  2069.   977.  1000.   884.   669.   663.  1893.   529.  1268.   689.
  2220.  1770.  1428.  1228.   722.]
71 [ 1899.   446.   615.   410.  1037.   452.  1415.  1423.  1990.  1996.
   791.  1602.  2265.  2049.  1525.   854.  1535.  1083.   648.  1538.
  1757.  2043.  1217.  1773.  1569.   751.  2275.  1643.  2673.   701.
  2071.   976.  1004.   895.   659.   669.  1909.   531.  1268.   689.
  2214.  1769.  1419.  1230.   722.]
72 [ 1878.   446.   614.   411.  1035.   452.  1414.  1425.  1991.  1981.
   792.  1602.  2271.  2058.  1524.   858.  1536.  1085.   648.  1539.
  1755.  2038.  1220.  1774.  1563.   752.  2282.  1649.  2665.   700.
  2070.   974.  1003.   913.   637.   686.  1916.   533.  1267.   689.
  2211.  1770.  1426.  1225.   722.]
73 [ 1857.   447.   614.   409.  1035.   452.  1413.  1423.  1990.  1975.
   792.  1604.  2265.  2062.  1523.   867.  1532.  1088.   647.  1538.
  1739.  2028.  1220.  1776.  1555.   753.  2285.  1650.  2661.   700.
  2068.   969.  1003.   929.   635.   696.  1926.   535.  1267.   689.
  2222.  1772.  1446.  1221.   722.]
74 [ 1843.   448.   614.   408.  1034.   452.  1412.  1426.  1990.  1977.
   791.  1599.  2261.  2059.  1525.   868.  1535.  1087.   646.  1541.
  1725.  2028.  1223.  1778.  1550.   753.  2289.  1650.  2650.   700.
  2064.   970.  1001.   938.   648.   685.  1935.   534.  1266.   689.
  2227.  1770.  1472.  1216.   723.]
75 [ 1827.   449.   615.   409.  1035.   452.  1404.  1427.  1991.  1972.
   791.  1598.  2259.  2066.  1524.   867.  1534.  1089.   645.  1544.
  1718.  2019.  1221.  1778.  1547.   753.  2295.  1659.  2647.   700.
  2060.   969.  1001.   951.   651.   673.  1940.   533.  1267.   689.
  2243.  1769.  1482.  1215.   722.]
76 [ 1819.   449.   614.   409.  1038.   452.  1403.  1427.  1992.  1973.
   790.  1598.  2259.  2065.  1528.   872.  1528.  1094.   646.  1547.
  1712.  2008.  1218.  1780.  1546.   753.  2302.  1669.  2643.   700.
  2061.   964.  1003.   953.   645.   662.  1944.   538.  1269.   689.
  2242.  1770.  1487.  1217.   722.]
77 [ 1820.   450.   614.   409.  1036.   452.  1408.  1429.  1992.  1968.
   790.  1597.  2255.  2068.  1525.   882.  1524.  1096.   646.  1546.
  1702.  2001.  1217.  1783.  1552.   753.  2299.  1675.  2640.   700.
  2063.   963.  1001.   956.   648.   645.  1955.   543.  1270.   689.
  2247.  1771.  1488.  1210.   722.]
78 [ 1821.   450.   614.   409.  1036.   451.  1406.  1429.  1991.  1965.
   790.  1595.  2252.  2071.  1527.   886.  1523.  1095.   646.  1544.
  1696.  1993.  1218.  1784.  1556.   753.  2299.  1681.  2636.   700.
  2064.   963.  1002.   962.   664.   618.  1957.   544.  1268.   689.
  2252.  1773.  1502.  1203.   722.]
79 [ 1827.   451.   614.   409.  1037.   451.  1405.  1430.  1990.  1967.
   790.  1593.  2253.  2070.  1530.   891.  1527.  1094.   646.  1543.
  1693.  1987.  1219.  1784.  1556.   753.  2301.  1681.  2634.   700.
  2068.   963.  1002.   967.   660.   615.  1958.   542.  1267.   689.
  2246.  1773.  1502.  1200.   722.]
80 [ 1834.   451.   613.   409.  1037.   451.  1401.  1431.  1989.  1966.
   789.  1593.  2253.  2072.  1538.   894.  1531.  1094.   646.  1543.
  1692.  1982.  1218.  1784.  1555.   752.  2304.  1685.  2635.   700.
  2068.   962.  1001.   971.   658.   611.  1958.   543.  1267.   689.
  2234.  1772.  1499.  1203.   722.]
81 [ 1831.   451.   613.   409.  1037.   451.  1401.  1430.  1988.  1968.
   789.  1592.  2252.  2070.  1543.   897.  1532.  1094.   646.  1543.
  1694.  1980.  1219.  1786.  1554.   752.  2305.  1688.  2639.   700.
  2069.   960.  1001.   980.   658.   601.  1959.   542.  1267.   689.
  2227.  1772.  1498.  1201.   722.]
82 [ 1843.   451.   613.   409.  1037.   451.  1405.  1431.  1985.  1968.
   789.  1591.  2253.  2070.  1546.   899.  1534.  1094.   646.  1545.
  1695.  1979.  1219.  1785.  1556.   752.  2304.  1692.  2642.   700.
  2070.   960.  1001.   988.   658.   589.  1959.   542.  1267.   689.
  2209.  1771.  1492.  1199.   722.]
83 [ 1858.   451.   612.   409.  1037.   452.  1406.  1430.  1983.  1968.
   789.  1592.  2253.  2067.  1552.   898.  1535.  1095.   646.  1547.
  1694.  1976.  1219.  1784.  1557.   753.  2305.  1693.  2641.   700.
  2068.   960.  1001.   994.   669.   575.  1960.   541.  1267.   689.
  2190.  1771.  1492.  1199.   722.]
84 [ 1872.   451.   612.   409.  1035.   452.  1404.  1430.  1984.  1969.
   789.  1591.  2254.  2067.  1558.   899.  1538.  1097.   646.  1547.
  1693.  1977.  1218.  1782.  1556.   753.  2307.  1691.  2641.   700.
  2067.   960.  1001.   995.   672.   572.  1960.   541.  1267.   689.
  2168.  1769.  1495.  1200.   722.]
85 [ 1876.   451.   612.   409.  1036.   452.  1402.  1430.  1984.  1970.
   789.  1589.  2252.  2066.  1561.   904.  1543.  1099.   647.  1548.
  1694.  1976.  1219.  1781.  1556.   753.  2305.  1691.  2643.   700.
  2069.   959.  1001.   995.   678.   556.  1960.   542.  1267.   689.
  2156.  1772.  1496.  1200.   722.]
86 [ 1885.   451.   612.   409.  1035.   452.  1401.  1431.  1984.  1970.
   789.  1588.  2250.  2066.  1560.   908.  1544.  1098.   647.  1548.
  1693.  1976.  1218.  1782.  1556.   753.  2304.  1693.  2644.   700.
  2069.   958.  1000.   996.   678.   551.  1960.   543.  1267.   689.
  2149.  1773.  1498.  1200.   722.]
87 [ 1883.   451.   612.   409.  1034.   452.  1403.  1432.  1985.  1972.
   789.  1585.  2250.  2066.  1561.   915.  1548.  1097.   647.  1552.
  1688.  1973.  1217.  1783.  1554.   753.  2303.  1690.  2645.   700.
  2068.   958.  1001.   996.   681.   548.  1959.   544.  1267.   689.
  2152.  1773.  1494.  1199.   722.]
88 [ 1884.   451.   612.   409.  1033.   452.  1405.  1431.  1984.  1972.
   789.  1584.  2249.  2066.  1560.   915.  1552.  1098.   647.  1554.
  1680.  1974.  1217.  1781.  1554.   753.  2303.  1690.  2643.   700.
  2069.   958.  1000.   998.   681.   544.  1957.   545.  1267.   689.
  2155.  1772.  1503.  1198.   722.]
89 [ 1884.   451.   612.   409.  1031.   452.  1407.  1432.  1982.  1972.
   789.  1584.  2248.  2067.  1563.   917.  1556.  1101.   647.  1554.
  1681.  1972.  1216.  1780.  1558.   753.  2303.  1690.  2649.   700.
  2066.   958.   999.   997.   687.   543.  1956.   544.  1267.   689.
  2147.  1773.  1494.  1198.   722.]
90 [ 1888.   451.   612.   409.  1029.   452.  1405.  1432.  1981.  1972.
   789.  1583.  2241.  2068.  1568.   923.  1557.  1103.   647.  1554.
  1681.  1971.  1214.  1783.  1557.   753.  2302.  1691.  2660.   700.
  2066.   958.   999.  1000.   686.   538.  1955.   545.  1267.   689.
  2139.  1773.  1487.  1200.   722.]
91 [ 1885.   451.   612.   409.  1028.   452.  1405.  1432.  1980.  1973.
   789.  1582.  2235.  2070.  1573.   923.  1558.  1104.   647.  1554.
  1679.  1971.  1212.  1784.  1558.   753.  2302.  1694.  2672.   700.
  2066.   957.  1001.  1001.   688.   529.  1954.   546.  1266.   689.
  2139.  1773.  1483.  1199.   722.]
92 [ 1881.   451.   612.   409.  1028.   452.  1405.  1429.  1980.  1976.
   789.  1583.  2228.  2071.  1573.   924.  1561.  1103.   647.  1558.
  1679.  1971.  1210.  1784.  1558.   753.  2302.  1702.  2681.   700.
  2066.   957.  1001.  1003.   686.   520.  1953.   546.  1267.   689.
  2138.  1771.  1483.  1198.   722.]
93 [ 1883.   451.   612.   409.  1028.   452.  1405.  1429.  1980.  1978.
   789.  1585.  2228.  2073.  1572.   924.  1565.  1102.   647.  1559.
  1680.  1970.  1210.  1785.  1557.   753.  2302.  1703.  2681.   700.
  2065.   957.  1002.  1005.   686.   506.  1953.   546.  1269.   689.
  2133.  1769.  1487.  1199.   722.]
94 [ 1891.   451.   612.   409.  1028.   453.  1407.  1424.  1980.  1979.
   789.  1585.  2229.  2075.  1571.   924.  1567.  1102.   648.  1561.
  1676.  1971.  1210.  1785.  1558.   753.  2302.  1708.  2688.   701.
  2064.   957.  1001.  1004.   700.   484.  1952.   547.  1269.   689.
  2124.  1767.  1483.  1200.   722.]
95 [ 1894.   451.   612.   409.  1028.   453.  1408.  1420.  1981.  1979.
   789.  1586.  2232.  2075.  1572.   926.  1570.  1102.   648.  1564.
  1673.  1970.  1208.  1786.  1562.   754.  2302.  1711.  2696.   703.
  2065.   957.  1002.  1006.   717.   456.  1952.   550.  1267.   688.
  2117.  1765.  1474.  1198.   722.]
96 [ 1895.   451.   612.   409.  1028.   453.  1411.  1419.  1984.  1980.
   788.  1586.  2228.  2075.  1575.   927.  1569.  1102.   648.  1562.
  1666.  1970.  1208.  1787.  1564.   755.  2303.  1718.  2710.   703.
  2067.   957.  1001.  1008.   720.   433.  1952.   553.  1267.   688.
  2127.  1766.  1458.  1195.   722.]
97 [ 1898.   451.   612.   409.  1028.   453.  1413.  1420.  1984.  1981.
   789.  1585.  2228.  2073.  1576.   931.  1568.  1101.   647.  1562.
  1664.  1971.  1209.  1787.  1563.   757.  2303.  1719.  2714.   703.
  2067.   956.  1002.  1009.   729.   416.  1953.   552.  1267.   688.
  2132.  1769.  1450.  1189.   722.]
98 [ 1903.   451.   612.   409.  1028.   453.  1417.  1420.  1984.  1981.
   789.  1585.  2228.  2073.  1578.   934.  1566.  1100.   647.  1558.
  1669.  1968.  1209.  1787.  1564.   757.  2304.  1724.  2718.   703.
  2067.   956.  1001.  1009.   739.   394.  1952.   555.  1267.   688.
  2130.  1770.  1442.  1189.   722.]
99 [ 1912.   451.   612.   409.  1028.   453.  1417.  1422.  1984.  1982.
   789.  1585.  2230.  2073.  1579.   936.  1569.  1100.   647.  1558.
  1677.  1967.  1207.  1787.  1565.   757.  2305.  1727.  2723.   703.
  2067.   958.  1000.  1011.   747.   383.  1951.   555.  1268.   688.
  2125.  1770.  1412.  1189.   722.]
100 [ 1912.   451.   612.   409.  1027.   453.  1415.  1423.  1984.  1980.
   789.  1585.  2238.  2073.  1586.   938.  1574.  1100.   648.  1558.
  1680.  1963.  1204.  1787.  1566.   757.  2305.  1727.  2728.   703.
  2067.   958.  1000.  1013.   749.   374.  1950.   556.  1267.   688.
  2130.  1770.  1388.  1193.   722.]
101 [ 1919.   451.   612.   409.  1026.   453.  1414.  1423.  1984.  1979.
   789.  1585.  2239.  2073.  1589.   939.  1575.  1100.   648.  1559.
  1683.  1960.  1204.  1787.  1567.   757.  2306.  1733.  2732.   703.
  2069.   958.  1000.  1014.   752.   370.  1950.   556.  1269.   688.
  2130.  1770.  1363.  1191.   722.]
102 [ 1924.   451.   612.   409.  1026.   453.  1412.  1423.  1983.  1978.
   789.  1585.  2245.  2072.  1590.   942.  1575.  1100.   648.  1560.
  1690.  1956.  1204.  1788.  1568.   757.  2307.  1741.  2737.   703.
  2070.   958.  1001.  1013.   758.   362.  1950.   555.  1268.   688.
  2132.  1770.  1334.  1191.   722.]
103 [ 1924.   451.   612.   409.  1026.   453.  1410.  1422.  1983.  1978.
   789.  1585.  2254.  2071.  1589.   943.  1575.  1100.   648.  1559.
  1694.  1955.  1203.  1787.  1568.   757.  2308.  1750.  2742.   703.
  2070.   958.  1001.  1013.   761.   361.  1950.   555.  1268.   688.
  2133.  1769.  1310.  1193.   722.]
104 [ 1927.   451.   612.   409.  1026.   453.  1411.  1422.  1984.  1978.
   789.  1585.  2258.  2072.  1590.   945.  1576.  1101.   648.  1559.
  1696.  1957.  1203.  1788.  1569.   757.  2308.  1745.  2746.   703.
  2070.   958.  1001.  1014.   765.   356.  1950.   556.  1268.   688.
  2130.  1769.  1292.  1193.   722.]
105 [ 1931.   452.   612.   409.  1027.   453.  1412.  1421.  1984.  1978.
   789.  1586.  2261.  2072.  1592.   948.  1574.  1101.   648.  1559.
  1697.  1957.  1203.  1787.  1569.   757.  2308.  1743.  2747.   703.
  2070.   958.  1001.  1014.   767.   354.  1950.   555.  1268.   688.
  2130.  1769.  1281.  1193.   722.]
106 [ 1935.   451.   612.   409.  1028.   454.  1412.  1421.  1984.  1978.
   789.  1586.  2259.  2072.  1595.   949.  1573.  1101.   648.  1558.
  1693.  1957.  1203.  1786.  1570.   757.  2308.  1743.  2750.   703.
  2070.   958.  1002.  1014.   768.   353.  1950.   555.  1269.   688.
  2132.  1769.  1273.  1193.   722.]
107 [ 1942.   450.   612.   409.  1028.   455.  1412.  1421.  1984.  1978.
   789.  1586.  2256.  2072.  1595.   947.  1573.  1101.   648.  1557.
  1696.  1957.  1203.  1785.  1570.   757.  2308.  1743.  2751.   703.
  2070.   958.  1002.  1015.   770.   352.  1950.   555.  1270.   688.
  2131.  1769.  1267.  1193.   722.]
108 [ 1943.   449.   612.   409.  1028.   456.  1412.  1421.  1984.  1978.
   790.  1586.  2259.  2072.  1595.   946.  1573.  1101.   648.  1556.
  1695.  1957.  1203.  1784.  1571.   757.  2307.  1745.  2751.   704.
  2069.   958.  1002.  1016.   771.   352.  1950.   555.  1270.   687.
  2132.  1769.  1264.  1191.   722.]
109 [ 1948.   450.   612.   409.  1028.   456.  1412.  1422.  1983.  1978.
   790.  1586.  2261.  2072.  1595.   947.  1573.  1100.   648.  1555.
  1695.  1957.  1203.  1784.  1572.   757.  2305.  1747.  2753.   704.
  2069.   958.  1002.  1017.   773.   352.  1949.   555.  1270.   687.
  2132.  1770.  1250.  1192.   722.]
110 [ 1947.   450.   612.   409.  1027.   456.  1412.  1422.  1983.  1977.
   790.  1586.  2258.  2073.  1595.   946.  1574.  1100.   648.  1555.
  1694.  1958.  1203.  1784.  1574.   757.  2305.  1746.  2756.   705.
  2069.   958.  1002.  1017.   772.   351.  1949.   555.  1270.   687.
  2134.  1769.  1252.  1191.   722.]
111 [ 1948.   450.   612.   409.  1028.   456.  1413.  1422.  1983.  1976.
   790.  1586.  2255.  2073.  1593.   945.  1579.  1100.   648.  1555.
  1691.  1958.  1203.  1784.  1575.   757.  2305.  1746.  2756.   706.
  2069.   957.  1001.  1017.   772.   349.  1949.   555.  1272.   687.
  2135.  1769.  1254.  1190.   722.]
112 [ 1948.   452.   612.   407.  1028.   457.  1413.  1422.  1983.  1974.
   791.  1586.  2260.  2073.  1594.   945.  1583.  1101.   648.  1555.
  1688.  1958.  1204.  1784.  1578.   757.  2305.  1744.  2753.   705.
  2069.   956.  1000.  1017.   773.   349.  1949.   556.  1271.   686.
  2133.  1769.  1251.  1191.   722.]
113 [ 1948.   450.   612.   407.  1027.   457.  1412.  1422.  1983.  1974.
   792.  1586.  2260.  2073.  1594.   945.  1588.  1101.   648.  1555.
  1688.  1958.  1204.  1784.  1579.   757.  2305.  1740.  2756.   707.
  2069.   956.  1000.  1017.   773.   349.  1948.   556.  1273.   687.
  2131.  1769.  1248.  1191.   721.]
114 [ 1948.   450.   612.   407.  1026.   456.  1412.  1422.  1983.  1974.
   793.  1586.  2260.  2073.  1594.   945.  1588.  1101.   648.  1555.
  1687.  1958.  1204.  1784.  1579.   757.  2305.  1739.  2757.   709.
  2069.   956.  1000.  1017.   773.   348.  1948.   556.  1274.   686.
  2132.  1769.  1248.  1192.   720.]
115 [ 1949.   450.   612.   406.  1026.   455.  1412.  1422.  1983.  1974.
   793.  1586.  2260.  2073.  1593.   945.  1591.  1101.   648.  1555.
  1686.  1959.  1205.  1784.  1579.   758.  2305.  1737.  2757.   710.
  2069.   956.   999.  1017.   773.   348.  1948.   556.  1275.   686.
  2131.  1769.  1247.  1192.   720.]
116 [ 1950.   449.   612.   406.  1026.   455.  1412.  1422.  1982.  1974.
   793.  1586.  2260.  2073.  1595.   945.  1594.  1101.   648.  1555.
  1685.  1959.  1205.  1785.  1578.   758.  2305.  1729.  2757.   711.
  2069.   956.   997.  1017.   773.   348.  1948.   556.  1277.   686.
  2133.  1769.  1247.  1194.   720.]
117 [ 1950.   449.   612.   406.  1026.   455.  1412.  1422.  1982.  1974.
   793.  1586.  2260.  2073.  1598.   945.  1598.  1101.   648.  1555.
  1681.  1959.  1205.  1785.  1578.   758.  2305.  1723.  2759.   711.
  2069.   956.   997.  1017.   773.   349.  1948.   557.  1276.   686.
  2135.  1769.  1246.  1193.   720.]
118 [ 1952.   449.   612.   406.  1026.   455.  1411.  1422.  1982.  1974.
   793.  1586.  2260.  2073.  1603.   945.  1599.  1101.   648.  1555.
  1678.  1959.  1205.  1785.  1578.   758.  2305.  1720.  2760.   711.
  2069.   956.   997.  1017.   773.   349.  1948.   556.  1274.   686.
  2136.  1769.  1246.  1193.   720.]
119 [ 1952.   449.   612.   406.  1026.   455.  1410.  1422.  1982.  1974.
   793.  1586.  2260.  2073.  1607.   945.  1599.  1101.   648.  1555.
  1678.  1959.  1205.  1785.  1577.   758.  2305.  1716.  2760.   711.
  2069.   956.   997.  1017.   773.   349.  1948.   556.  1274.   686.
  2137.  1769.  1247.  1193.   720.]
120 [ 1951.   449.   612.   406.  1026.   455.  1410.  1422.  1982.  1973.
   793.  1586.  2260.  2073.  1611.   945.  1599.  1101.   648.  1555.
  1678.  1959.  1205.  1785.  1577.   758.  2305.  1716.  2761.   711.
  2069.   956.   997.  1017.   772.   348.  1948.   556.  1273.   686.
  2138.  1769.  1247.  1192.   720.]
121 [ 1948.   449.   612.   406.  1026.   455.  1410.  1422.  1982.  1972.
   793.  1586.  2260.  2073.  1613.   945.  1600.  1101.   648.  1555.
  1677.  1959.  1205.  1785.  1577.   758.  2305.  1716.  2762.   711.
  2069.   956.   997.  1017.   773.   348.  1948.   556.  1273.   686.
  2140.  1769.  1246.  1191.   720.]
122 [ 1949.   449.   612.   406.  1026.   455.  1410.  1422.  1982.  1972.
   793.  1586.  2260.  2073.  1614.   945.  1600.  1101.   648.  1555.
  1677.  1959.  1205.  1785.  1577.   758.  2305.  1717.  2762.   711.
  2069.   956.   997.  1017.   773.   348.  1948.   556.  1272.   686.
  2138.  1769.  1246.  1191.   720.]
123 [ 1948.   449.   612.   406.  1026.   455.  1410.  1422.  1982.  1972.
   793.  1586.  2260.  2073.  1615.   945.  1600.  1101.   648.  1555.
  1678.  1959.  1205.  1785.  1577.   758.  2305.  1718.  2763.   711.
  2069.   956.   997.  1017.   773.   348.  1948.   556.  1272.   686.
  2135.  1769.  1246.  1191.   720.]
124 [ 1948.   449.   612.   406.  1026.   455.  1410.  1422.  1982.  1972.
   793.  1586.  2260.  2073.  1616.   945.  1600.  1101.   648.  1555.
  1679.  1959.  1205.  1785.  1577.   758.  2305.  1718.  2763.   711.
  2069.   956.   997.  1017.   773.   348.  1948.   556.  1272.   686.
  2133.  1769.  1246.  1191.   720.]
[ 1948.   449.   612.   406.  1026.   455.  1410.  1422.  1982.  1972.
   793.  1586.  2260.  2073.  1616.   945.  1600.  1101.   648.  1555.
  1679.  1959.  1205.  1785.  1577.   758.  2305.  1718.  2763.   711.
  2069.   956.   997.  1017.   773.   348.  1948.   556.  1272.   686.
  2133.  1769.  1246.  1191.   720.]
Time spent clustering :  9955.3224709
medians_random_cluster45
Digit: 0  Purity: 89.4% SD: 1639.0  Count: 6238
Digit: 1  Purity: 86.6% SD: 1069.8  Count: 7570
Digit: 2  Purity: 93.7% SD: 1831.6  Count: 4794
Digit: 3  Purity: 69.8% SD: 1696.2  Count: 6087
Digit: 4  Purity: 60.9% SD: 1742.9  Count: 5454
Digit: 5  Purity: 64.7% SD: 1784.1  Count: 5993
Digit: 6  Purity: 84.4% SD: 1590.1  Count: 6476
Digit: 7  Purity: 67.1% SD: 1508.0  Count: 8441
Digit: 8  Purity: 89.4% SD: 1706.9  Count: 4051
Digit: 9  Purity: 57.7% SD: 1531.8  Count: 4896
Our accuracy in predicting test data for k = 45 was 77.097709771 %
Time spent testing :  39.0903129578
