25 medoids kplusplus 100
0 [ 3234.  2875.  1736.  2429.  2350.  2159.  1812.  3217.  1710.  3994.
  2475.  2039.  2067.  2606.  2220.  1938.  1412.  1446.  3090.  3167.
  2106.  3608.   821.  4095.  1394.]
1 [ 3129.  3036.  1706.  3083.  2270.  2030.  1489.  2584.  1778.  3944.
  2596.  2229.  2082.  2582.  2300.  1699.  1466.  1434.  2961.  3245.
  2069.  3632.   731.  3921.  2004.]
2 [ 3027.  2989.  1710.  3097.  2296.  1727.  1415.  2621.  1719.  3934.
  2473.  2222.  2089.  2540.  2319.  1650.  1445.  1434.  2938.  3206.
  2071.  3533.   691.  3835.  3019.]
3 [ 2988.  2939.  1710.  3097.  2297.  1629.  1371.  2622.  1685.  3921.
  2511.  2220.  2086.  2509.  2349.  1645.  1429.  1434.  2890.  3218.
  2071.  3522.   676.  3849.  3332.]
[ 2988.  2939.  1710.  3097.  2297.  1629.  1371.  2622.  1685.  3921.
  2511.  2220.  2086.  2509.  2349.  1645.  1429.  1434.  2890.  3218.
  2071.  3522.   676.  3849.  3332.]
Time spent clustering :  3796.66774201
medoids_kplusplus_cluster25
Digit: 0  Purity: 87.1% SD: 2084.7  Count: 3921
Digit: 1  Purity: 64.3% SD: 1396.0  Count: 10310
Digit: 2  Purity: 71.3% SD: 2022.0  Count: 5087
Digit: 3  Purity: 63.7% SD: 1979.1  Count: 5843
Digit: 4  Purity: 49.2% SD: 1926.2  Count: 7014
Digit: 5  Purity: 50.8% SD: 1939.6  Count: 6102
Digit: 6  Purity: 60.7% SD: 1909.9  Count: 6833
Digit: 7  Purity: 77.4% SD: 1709.5  Count: 5993
Digit: 8  Purity: 83.4% SD: 1935.0  Count: 2349
Digit: 9  Purity: 46.4% SD: 1730.4  Count: 6548
Our accuracy in predicting test data for k = 25 was 62.7362736274 %
Time spent testing :  107.812200069
