15 medoids random 100
0 [  2381.   3091.   1933.   2287.   4530.   3353.   1181.   8291.   3134.
   3163.   3280.   2328.  12849.   4715.   3484.]
1 [  5493.   3479.   1861.   3287.   3932.   3651.   1524.   5614.   2493.
   3003.   2507.   3748.  10418.   4781.   4209.]
2 [ 5666.  3425.  1869.  3275.  4359.  4189.  1549.  5148.  2492.  3019.
  2460.  3740.  9826.  4781.  4202.]
[ 5666.  3425.  1869.  3275.  4359.  4189.  1549.  5148.  2492.  3019.
  2460.  3740.  9826.  4781.  4202.]
Time spent clustering :  471.270359993
medoids_random_cluster15
Digit: 0  Purity: 82.0% SD: 2101.7  Count: 4781
Digit: 1  Purity: 48.2% SD: 1583.6  Count: 13696
Digit: 2  Purity: 61.9% SD: 2173.3  Count: 5910
Digit: 3  Purity: 52.1% SD: 2004.8  Count: 7942
Digit: 4  Purity: 35.6% SD: 2040.0  Count: 6700
Digit: 5  Purity: 34.6% SD: 2259.6  Count: 3019
Digit: 6  Purity:  0.0% SD:    0.0  Count: 0
Digit: 7  Purity: 48.6% SD: 1869.8  Count: 8126
Digit: 8  Purity:  0.0% SD:    0.0  Count: 0
Digit: 9  Purity: 29.7% SD: 1949.2  Count: 9826
Our accuracy in predicting test data for k = 15 was 48.6248624862 %
Time spent testing :  27.4567677975
