30 medoids random 100
0 [  3367.   2974.    864.    517.    931.   1394.   1280.   1417.   1176.
   1492.   7625.    605.  10433.    192.   3877.   1334.    437.   2495.
   1980.    890.   1821.   1777.   1466.   4293.   1102.   1647.    990.
    260.    484.    880.]
1 [ 3656.  2346.   735.   533.  1449.  2152.  1405.  1762.   821.  1147.
  7675.   446.  8725.   384.  3273.  2032.  1029.  1869.  2873.   686.
  3235.  1055.  1260.  2787.   915.  1632.  1280.   787.   478.  1573.]
2 [ 4026.  2347.   757.   532.  1452.  2137.  1404.  1755.   804.  1122.
  7499.   497.  8552.   377.  3228.  2013.  1023.  1855.  2873.   676.
  3232.  1054.  1257.  2786.   933.  1631.  1245.   799.   531.  1603.]
3 [ 4475.  2114.   760.   533.  1783.  2137.  1416.  1758.   795.  1122.
  7165.   497.  8463.   377.  3199.  2012.  1023.  1825.  2871.   704.
  3230.   952.  1258.  2775.   928.  1628.  1248.   799.   532.  1621.]
[ 4475.  2114.   760.   533.  1783.  2137.  1416.  1758.   795.  1122.
  7165.   497.  8463.   377.  3199.  2012.  1023.  1825.  2871.   704.
  3230.   952.  1258.  2775.   928.  1628.  1248.   799.   532.  1621.]
Time spent clustering :  796.544872999
medoids_random_cluster30
Digit: 0  Purity: 76.1% SD: 1910.5  Count: 6997
Digit: 1  Purity: 56.8% SD: 1515.8  Count: 11640
Digit: 2  Purity: 84.4% SD: 2022.5  Count: 4853
Digit: 3  Purity: 67.3% SD: 1956.6  Count: 5653
Digit: 4  Purity: 51.4% SD: 1884.4  Count: 3998
Digit: 5  Purity: 52.1% SD: 1920.2  Count: 4787
Digit: 6  Purity: 84.2% SD: 1825.1  Count: 5518
Digit: 7  Purity: 39.6% SD: 1897.5  Count: 8463
Digit: 8  Purity: 80.1% SD: 1881.3  Count: 3962
Digit: 9  Purity: 38.8% SD: 1894.9  Count: 4129
Our accuracy in predicting test data for k = 30 was 62.4562456246 %
Time spent testing :  43.5960609913
