13 medoids kplusplus 100
0 [  2645.   2088.   3461.  11578.   1541.   3935.   2001.    331.   7153.
  13996.   1729.   2540.   7002.]
1 [  2416.   2115.   3288.  12262.   1298.   7899.   5003.    484.   5630.
  10367.   1836.   2078.   5324.]
2 [  2455.   1849.   4279.  10585.   1362.   8280.   6587.    607.   4495.
  11058.   1848.   1848.   4747.]
3 [  2740.   1793.   4155.   9797.   1354.  11516.   6324.    735.   4303.
   9515.   1886.   1815.   4067.]
4 [  2672.   1506.   4155.   9790.   1346.  11512.   6322.   1116.   4304.
   9515.   1886.   1812.   4064.]
[  2672.   1506.   4155.   9790.   1346.  11512.   6322.   1116.   4304.
   9515.   1886.   1812.   4064.]
Time spent clustering :  1957.27651381
medoids_kplusplus_cluster13
Digit: 0  Purity: 85.2% SD: 1965.7  Count: 5294
Digit: 1  Purity: 34.8% SD: 1772.3  Count: 19305
Digit: 2  Purity: 43.7% SD: 2144.1  Count: 5876
Digit: 3  Purity: 50.0% SD: 2073.6  Count: 6322
Digit: 4  Purity:  0.0% SD:    0.0  Count: 0
Digit: 5  Purity: 36.8% SD: 2026.4  Count: 4304
Digit: 6  Purity: 67.5% SD: 1982.9  Count: 7387
Digit: 7  Purity:  0.0% SD:    0.0  Count: 0
Digit: 8  Purity:  0.0% SD:    0.0  Count: 0
Digit: 9  Purity: 31.6% SD: 2001.9  Count: 11512
Our accuracy in predicting test data for k = 13 was 46.4346434643 %
Time spent testing :  78.2172880173
