0 [ 642.  133.  449.  200.  122.  130.  254.  218.  417.  209.  226.]
1 [ 530.  183.  439.  247.  147.  152.  279.  240.  408.  176.  199.]
2 [ 497.  221.  424.  276.  158.  154.  268.  265.  398.  158.  181.]
3 [ 487.  237.  418.  291.  162.  156.  252.  287.  387.  150.  173.]
4 [ 481.  250.  402.  295.  165.  145.  248.  304.  395.  148.  167.]
5 [ 487.  249.  388.  288.  160.  138.  259.  314.  403.  151.  163.]
6 [ 487.  246.  379.  283.  157.  128.  267.  328.  415.  159.  151.]
7 [ 484.  245.  376.  279.  157.  116.  276.  341.  422.  157.  147.]
8 [ 480.  249.  376.  278.  156.  109.  282.  346.  425.  155.  144.]
9 [ 477.  249.  379.  279.  154.  103.  286.  352.  427.  154.  140.]
10 [ 478.  246.  372.  278.  151.  105.  285.  361.  434.  151.  139.]
11 [ 478.  247.  373.  281.  149.  102.  284.  362.  435.  153.  136.]
12 [ 477.  245.  369.  282.  146.  104.  284.  367.  440.  152.  134.]
13 [ 478.  244.  366.  282.  146.  105.  284.  370.  441.  150.  134.]
14 [ 477.  242.  367.  284.  147.  107.  283.  372.  438.  149.  134.]
15 [ 476.  242.  368.  284.  149.  107.  283.  371.  437.  149.  134.]
16 [ 476.  242.  368.  285.  150.  107.  283.  370.  436.  149.  134.]
[ 476.  242.  368.  285.  150.  107.  283.  370.  436.  149.  134.]
Time spent clustering :  35.5864069462
Digit: 0  Purity: 89.4% SD: 1627.2  Count: 283
Digit: 1  Purity: 70.2% SD: 1312.5  Count: 476
Digit: 2  Purity: 89.1% SD: 1702.8  Count: 257
Digit: 3  Purity: 52.4% SD: 1684.0  Count: 370
Digit: 4  Purity: 43.5% SD: 1722.1  Count: 285
Digit: 5  Purity:  0.0% SD:    0.0  Count: 0
Digit: 6  Purity: 88.3% SD: 1546.5  Count: 283
Digit: 7  Purity: 34.0% SD: 1532.3  Count: 804
Digit: 8  Purity: 66.5% SD: 1648.9  Count: 242
Digit: 9  Purity:  0.0% SD:    0.0  Count: 0
Our accuracy in predicting test data for k = 11 was 59.8659865987 %
Time spent testing :  16.7798380852
