0 [ 229.  240.  349.  286.  655.  137.   78.  528.  297.  201.]
1 [ 323.  211.  289.  302.  526.  179.  124.  465.  313.  268.]
2 [ 351.  193.  270.  295.  438.  188.  146.  465.  320.  334.]
3 [ 355.  178.  247.  294.  383.  204.  153.  470.  326.  390.]
4 [ 355.  177.  241.  288.  343.  214.  157.  485.  319.  421.]
5 [ 368.  177.  237.  280.  315.  227.  159.  491.  312.  434.]
6 [ 379.  177.  237.  273.  288.  244.  163.  492.  311.  436.]
7 [ 394.  178.  235.  270.  268.  251.  166.  493.  310.  435.]
8 [ 404.  179.  235.  267.  253.  254.  168.  496.  308.  436.]
9 [ 412.  179.  235.  266.  247.  255.  168.  493.  308.  437.]
10 [ 416.  179.  236.  265.  243.  256.  168.  491.  309.  437.]
11 [ 420.  179.  236.  265.  243.  258.  168.  485.  309.  437.]
12 [ 425.  180.  236.  265.  241.  259.  168.  483.  306.  437.]
13 [ 428.  181.  236.  265.  239.  261.  168.  482.  302.  438.]
14 [ 428.  181.  236.  265.  236.  262.  168.  485.  302.  437.]
15 [ 428.  180.  236.  265.  235.  263.  169.  485.  302.  437.]
16 [ 428.  180.  236.  265.  234.  263.  169.  486.  303.  436.]
17 [ 428.  180.  236.  265.  233.  263.  169.  487.  304.  435.]
18 [ 428.  180.  236.  265.  232.  263.  169.  488.  305.  434.]
19 [ 428.  180.  236.  265.  232.  263.  169.  487.  306.  434.]
20 [ 428.  180.  236.  265.  232.  263.  169.  486.  307.  434.]
[ 428.  180.  236.  265.  232.  263.  169.  486.  307.  434.]
Time spent clustering :  39.2042989731
Digit: 0  Purity: 95.3% SD: 1725.8  Count: 236
Digit: 1  Purity: 46.7% SD: 1343.7  Count: 718
Digit: 2  Purity: 65.9% SD: 1752.7  Count: 349
Digit: 3  Purity: 46.3% SD: 1715.0  Count: 434
Digit: 4  Purity: 44.4% SD: 1651.0  Count: 428
Digit: 5  Purity:  0.0% SD:    0.0  Count: 0
Digit: 6  Purity: 89.4% SD: 1547.0  Count: 265
Digit: 7  Purity: 79.8% SD: 1466.2  Count: 263
Digit: 8  Purity: 48.2% SD: 1632.7  Count: 307
Digit: 9  Purity:  0.0% SD:    0.0  Count: 0
Our accuracy in predicting test data for k = 10 was 59.3759375938 %
Time spent testing :  14.4762589931
