/usr/lib/python2.7/dist-packages/numpy/core/_methods.py:55: RuntimeWarning: Mean of empty slice.
  warnings.warn("Mean of empty slice.", RuntimeWarning)
/usr/lib/python2.7/dist-packages/numpy/core/_methods.py:65: RuntimeWarning: invalid value encountered in true_divide
  ret, rcount, out=ret, casting='unsafe', subok=False)
35 means random 100
0 [     0.      0.      0.      0.  60000.      0.      0.      0.      0.
      0.      0.      0.      0.      0.      0.      0.      0.      0.
      0.      0.      0.      0.      0.      0.      0.      0.      0.
      0.      0.      0.      0.      0.      0.      0.      0.]
1 [ 60000.      0.      0.      0.      0.      0.      0.      0.      0.
      0.      0.      0.      0.      0.      0.      0.      0.      0.
      0.      0.      0.      0.      0.      0.      0.      0.      0.
      0.      0.      0.      0.      0.      0.      0.      0.]
2 [     0.  60000.      0.      0.      0.      0.      0.      0.      0.
      0.      0.      0.      0.      0.      0.      0.      0.      0.
      0.      0.      0.      0.      0.      0.      0.      0.      0.
      0.      0.      0.      0.      0.      0.      0.      0.]
3 [ 60000.      0.      0.      0.      0.      0.      0.      0.      0.
      0.      0.      0.      0.      0.      0.      0.      0.      0.
      0.      0.      0.      0.      0.      0.      0.      0.      0.
      0.      0.      0.      0.      0.      0.      0.      0.]
4 [     0.  60000.      0.      0.      0.      0.      0.      0.      0.
      0.      0.      0.      0.      0.      0.      0.      0.      0.
      0.      0.      0.      0.      0.      0.      0.      0.      0.
      0.      0.      0.      0.      0.      0.      0.      0.]
5 [ 60000.      0.      0.      0.      0.      0.      0.      0.      0.
      0.      0.      0.      0.      0.      0.      0.      0.      0.
      0.      0.      0.      0.      0.      0.      0.      0.      0.
      0.      0.      0.      0.      0.      0.      0.      0.]
6 [     0.  60000.      0.      0.      0.      0.      0.      0.      0.
      0.      0.      0.      0.      0.      0.      0.      0.      0.
      0.      0.      0.      0.      0.      0.      0.      0.      0.
      0.      0.      0.      0.      0.      0.      0.      0.]
7 [ 60000.      0.      0.      0.      0.      0.      0.      0.      0.
      0.      0.      0.      0.      0.      0.      0.      0.      0.
      0.      0.      0.      0.      0.      0.      0.      0.      0.
      0.      0.      0.      0.      0.      0.      0.      0.]
8 [     0.  60000.      0.      0.      0.      0.      0.      0.      0.
      0.      0.      0.      0.      0.      0.      0.      0.      0.
      0.      0.      0.      0.      0.      0.      0.      0.      0.
      0.      0.      0.      0.      0.      0.      0.      0.]
9 [ 60000.      0.      0.      0.      0.      0.      0.      0.      0.
      0.      0.      0.      0.      0.      0.      0.      0.      0.
      0.      0.      0.      0.      0.      0.      0.      0.      0.
      0.      0.      0.      0.      0.      0.      0.      0.]
10 [     0.  60000.      0.      0.      0.      0.      0.      0.      0.
      0.      0.      0.      0.      0.      0.      0.      0.      0.
      0.      0.      0.      0.      0.      0.      0.      0.      0.
      0.      0.      0.      0.      0.      0.      0.      0.]
11 [ 60000.      0.      0.      0.      0.      0.      0.      0.      0.
      0.      0.      0.      0.      0.      0.      0.      0.      0.
      0.      0.      0.      0.      0.      0.      0.      0.      0.
      0.      0.      0.      0.      0.      0.      0.      0.]
12 [     0.  60000.      0.      0.      0.      0.      0.      0.      0.
      0.      0.      0.      0.      0.      0.      0.      0.      0.
      0.      0.      0.      0.      0.      0.      0.      0.      0.
      0.      0.      0.      0.      0.      0.      0.      0.]
13 [ 60000.      0.      0.      0.      0.      0.      0.      0.      0.
      0.      0.      0.      0.      0.      0.      0.      0.      0.
      0.      0.      0.      0.      0.      0.      0.      0.      0.
      0.      0.      0.      0.      0.      0.      0.      0.]
14 [     0.  60000.      0.      0.      0.      0.      0.      0.      0.
      0.      0.      0.      0.      0.      0.      0.      0.      0.
      0.      0.      0.      0.      0.      0.      0.      0.      0.
      0.      0.      0.      0.      0.      0.      0.      0.]
15 [ 60000.      0.      0.      0.      0.      0.      0.      0.      0.
      0.      0.      0.      0.      0.      0.      0.      0.      0.
      0.      0.      0.      0.      0.      0.      0.      0.      0.
      0.      0.      0.      0.      0.      0.      0.      0.]
16 [     0.  60000.      0.      0.      0.      0.      0.      0.      0.
      0.      0.      0.      0.      0.      0.      0.      0.      0.
      0.      0.      0.      0.      0.      0.      0.      0.      0.
      0.      0.      0.      0.      0.      0.      0.      0.]
17 [ 60000.      0.      0.      0.      0.      0.      0.      0.      0.
      0.      0.      0.      0.      0.      0.      0.      0.      0.
      0.      0.      0.      0.      0.      0.      0.      0.      0.
      0.      0.      0.      0.      0.      0.      0.      0.]
18 [     0.  60000.      0.      0.      0.      0.      0.      0.      0.
      0.      0.      0.      0.      0.      0.      0.      0.      0.
      0.      0.      0.      0.      0.      0.      0.      0.      0.
      0.      0.      0.      0.      0.      0.      0.      0.]
19 [ 60000.      0.      0.      0.      0.      0.      0.      0.      0.
      0.      0.      0.      0.      0.      0.      0.      0.      0.
      0.      0.      0.      0.      0.      0.      0.      0.      0.
      0.      0.      0.      0.      0.      0.      0.      0.]
20 [     0.  60000.      0.      0.      0.      0.      0.      0.      0.
      0.      0.      0.      0.      0.      0.      0.      0.      0.
      0.      0.      0.      0.      0.      0.      0.      0.      0.
      0.      0.      0.      0.      0.      0.      0.      0.]
21 [ 60000.      0.      0.      0.      0.      0.      0.      0.      0.
      0.      0.      0.      0.      0.      0.      0.      0.      0.
      0.      0.      0.      0.      0.      0.      0.      0.      0.
      0.      0.      0.      0.      0.      0.      0.      0.]
22 [     0.  60000.      0.      0.      0.      0.      0.      0.      0.
      0.      0.      0.      0.      0.      0.      0.      0.      0.
      0.      0.      0.      0.      0.      0.      0.      0.      0.
      0.      0.      0.      0.      0.      0.      0.      0.]
23 [ 60000.      0.      0.      0.      0.      0.      0.      0.      0.
      0.      0.      0.      0.      0.      0.      0.      0.      0.
      0.      0.      0.      0.      0.      0.      0.      0.      0.
      0.      0.      0.      0.      0.      0.      0.      0.]
24 [     0.  60000.      0.      0.      0.      0.      0.      0.      0.
      0.      0.      0.      0.      0.      0.      0.      0.      0.
      0.      0.      0.      0.      0.      0.      0.      0.      0.
      0.      0.      0.      0.      0.      0.      0.      0.]
25 [ 60000.      0.      0.      0.      0.      0.      0.      0.      0.
      0.      0.      0.      0.      0.      0.      0.      0.      0.
      0.      0.      0.      0.      0.      0.      0.      0.      0.
      0.      0.      0.      0.      0.      0.      0.      0.]
26 [     0.  60000.      0.      0.      0.      0.      0.      0.      0.
      0.      0.      0.      0.      0.      0.      0.      0.      0.
      0.      0.      0.      0.      0.      0.      0.      0.      0.
      0.      0.      0.      0.      0.      0.      0.      0.]
27 [ 60000.      0.      0.      0.      0.      0.      0.      0.      0.
      0.      0.      0.      0.      0.      0.      0.      0.      0.
      0.      0.      0.      0.      0.      0.      0.      0.      0.
      0.      0.      0.      0.      0.      0.      0.      0.]
28 [     0.  60000.      0.      0.      0.      0.      0.      0.      0.
      0.      0.      0.      0.      0.      0.      0.      0.      0.
      0.      0.      0.      0.      0.      0.      0.      0.      0.
      0.      0.      0.      0.      0.      0.      0.      0.]
29 [ 60000.      0.      0.      0.      0.      0.      0.      0.      0.
      0.      0.      0.      0.      0.      0.      0.      0.      0.
      0.      0.      0.      0.      0.      0.      0.      0.      0.
      0.      0.      0.      0.      0.      0.      0.      0.]
30 [     0.  60000.      0.      0.      0.      0.      0.      0.      0.
      0.      0.      0.      0.      0.      0.      0.      0.      0.
      0.      0.      0.      0.      0.      0.      0.      0.      0.
      0.      0.      0.      0.      0.      0.      0.      0.]
31 [ 60000.      0.      0.      0.      0.      0.      0.      0.      0.
      0.      0.      0.      0.      0.      0.      0.      0.      0.
      0.      0.      0.      0.      0.      0.      0.      0.      0.
      0.      0.      0.      0.      0.      0.      0.      0.]
32 [     0.  60000.      0.      0.      0.      0.      0.      0.      0.
      0.      0.      0.      0.      0.      0.      0.      0.      0.
      0.      0.      0.      0.      0.      0.      0.      0.      0.
      0.      0.      0.      0.      0.      0.      0.      0.]
33 [ 60000.      0.      0.      0.      0.      0.      0.      0.      0.
      0.      0.      0.      0.      0.      0.      0.      0.      0.
      0.      0.      0.      0.      0.      0.      0.      0.      0.
      0.      0.      0.      0.      0.      0.      0.      0.]
34 [     0.  60000.      0.      0.      0.      0.      0.      0.      0.
      0.      0.      0.      0.      0.      0.      0.      0.      0.
      0.      0.      0.      0.      0.      0.      0.      0.      0.
      0.      0.      0.      0.      0.      0.      0.      0.]
35 [ 60000.      0.      0.      0.      0.      0.      0.      0.      0.
      0.      0.      0.      0.      0.      0.      0.      0.      0.
      0.      0.      0.      0.      0.      0.      0.      0.      0.
      0.      0.      0.      0.      0.      0.      0.      0.]
36 [     0.  60000.      0.      0.      0.      0.      0.      0.      0.
      0.      0.      0.      0.      0.      0.      0.      0.      0.
      0.      0.      0.      0.      0.      0.      0.      0.      0.
      0.      0.      0.      0.      0.      0.      0.      0.]
37 [ 60000.      0.      0.      0.      0.      0.      0.      0.      0.
      0.      0.      0.      0.      0.      0.      0.      0.      0.
      0.      0.      0.      0.      0.      0.      0.      0.      0.
      0.      0.      0.      0.      0.      0.      0.      0.]
38 [     0.  60000.      0.      0.      0.      0.      0.      0.      0.
      0.      0.      0.      0.      0.      0.      0.      0.      0.
      0.      0.      0.      0.      0.      0.      0.      0.      0.
      0.      0.      0.      0.      0.      0.      0.      0.]
39 [ 60000.      0.      0.      0.      0.      0.      0.      0.      0.
      0.      0.      0.      0.      0.      0.      0.      0.      0.
      0.      0.      0.      0.      0.      0.      0.      0.      0.
      0.      0.      0.      0.      0.      0.      0.      0.]
40 [     0.  60000.      0.      0.      0.      0.      0.      0.      0.
      0.      0.      0.      0.      0.      0.      0.      0.      0.
      0.      0.      0.      0.      0.      0.      0.      0.      0.
      0.      0.      0.      0.      0.      0.      0.      0.]
41 [ 60000.      0.      0.      0.      0.      0.      0.      0.      0.
      0.      0.      0.      0.      0.      0.      0.      0.      0.
      0.      0.      0.      0.      0.      0.      0.      0.      0.
      0.      0.      0.      0.      0.      0.      0.      0.]
42 [     0.  60000.      0.      0.      0.      0.      0.      0.      0.
      0.      0.      0.      0.      0.      0.      0.      0.      0.
      0.      0.      0.      0.      0.      0.      0.      0.      0.
      0.      0.      0.      0.      0.      0.      0.      0.]
43 [ 60000.      0.      0.      0.      0.      0.      0.      0.      0.
      0.      0.      0.      0.      0.      0.      0.      0.      0.
      0.      0.      0.      0.      0.      0.      0.      0.      0.
      0.      0.      0.      0.      0.      0.      0.      0.]
44 [     0.  60000.      0.      0.      0.      0.      0.      0.      0.
      0.      0.      0.      0.      0.      0.      0.      0.      0.
      0.      0.      0.      0.      0.      0.      0.      0.      0.
      0.      0.      0.      0.      0.      0.      0.      0.]
45 [ 60000.      0.      0.      0.      0.      0.      0.      0.      0.
      0.      0.      0.      0.      0.      0.      0.      0.      0.
      0.      0.      0.      0.      0.      0.      0.      0.      0.
      0.      0.      0.      0.      0.      0.      0.      0.]
46 [     0.  60000.      0.      0.      0.      0.      0.      0.      0.
      0.      0.      0.      0.      0.      0.      0.      0.      0.
      0.      0.      0.      0.      0.      0.      0.      0.      0.
      0.      0.      0.      0.      0.      0.      0.      0.]
47 [ 60000.      0.      0.      0.      0.      0.      0.      0.      0.
      0.      0.      0.      0.      0.      0.      0.      0.      0.
      0.      0.      0.      0.      0.      0.      0.      0.      0.
      0.      0.      0.      0.      0.      0.      0.      0.]
48 [     0.  60000.      0.      0.      0.      0.      0.      0.      0.
      0.      0.      0.      0.      0.      0.      0.      0.      0.
      0.      0.      0.      0.      0.      0.      0.      0.      0.
      0.      0.      0.      0.      0.      0.      0.      0.]
49 [ 60000.      0.      0.      0.      0.      0.      0.      0.      0.
      0.      0.      0.      0.      0.      0.      0.      0.      0.
      0.      0.      0.      0.      0.      0.      0.      0.      0.
      0.      0.      0.      0.      0.      0.      0.      0.]
50 [     0.  60000.      0.      0.      0.      0.      0.      0.      0.
      0.      0.      0.      0.      0.      0.      0.      0.      0.
      0.      0.      0.      0.      0.      0.      0.      0.      0.
      0.      0.      0.      0.      0.      0.      0.      0.]
51 [ 60000.      0.      0.      0.      0.      0.      0.      0.      0.
      0.      0.      0.      0.      0.      0.      0.      0.      0.
      0.      0.      0.      0.      0.      0.      0.      0.      0.
      0.      0.      0.      0.      0.      0.      0.      0.]
52 [     0.  60000.      0.      0.      0.      0.      0.      0.      0.
      0.      0.      0.      0.      0.      0.      0.      0.      0.
      0.      0.      0.      0.      0.      0.      0.      0.      0.
      0.      0.      0.      0.      0.      0.      0.      0.]
53 [ 60000.      0.      0.      0.      0.      0.      0.      0.      0.
      0.      0.      0.      0.      0.      0.      0.      0.      0.
      0.      0.      0.      0.      0.      0.      0.      0.      0.
      0.      0.      0.      0.      0.      0.      0.      0.]
54 [     0.  60000.      0.      0.      0.      0.      0.      0.      0.
      0.      0.      0.      0.      0.      0.      0.      0.      0.
      0.      0.      0.      0.      0.      0.      0.      0.      0.
      0.      0.      0.      0.      0.      0.      0.      0.]
55 [ 60000.      0.      0.      0.      0.      0.      0.      0.      0.
      0.      0.      0.      0.      0.      0.      0.      0.      0.
      0.      0.      0.      0.      0.      0.      0.      0.      0.
      0.      0.      0.      0.      0.      0.      0.      0.]
56 [     0.  60000.      0.      0.      0.      0.      0.      0.      0.
      0.      0.      0.      0.      0.      0.      0.      0.      0.
      0.      0.      0.      0.      0.      0.      0.      0.      0.
      0.      0.      0.      0.      0.      0.      0.      0.]
57 [ 60000.      0.      0.      0.      0.      0.      0.      0.      0.
      0.      0.      0.      0.      0.      0.      0.      0.      0.
      0.      0.      0.      0.      0.      0.      0.      0.      0.
      0.      0.      0.      0.      0.      0.      0.      0.]
58 [     0.  60000.      0.      0.      0.      0.      0.      0.      0.
      0.      0.      0.      0.      0.      0.      0.      0.      0.
      0.      0.      0.      0.      0.      0.      0.      0.      0.
      0.      0.      0.      0.      0.      0.      0.      0.]
59 [ 60000.      0.      0.      0.      0.      0.      0.      0.      0.
      0.      0.      0.      0.      0.      0.      0.      0.      0.
      0.      0.      0.      0.      0.      0.      0.      0.      0.
      0.      0.      0.      0.      0.      0.      0.      0.]
60 [     0.  60000.      0.      0.      0.      0.      0.      0.      0.
      0.      0.      0.      0.      0.      0.      0.      0.      0.
      0.      0.      0.      0.      0.      0.      0.      0.      0.
      0.      0.      0.      0.      0.      0.      0.      0.]
61 [ 60000.      0.      0.      0.      0.      0.      0.      0.      0.
      0.      0.      0.      0.      0.      0.      0.      0.      0.
      0.      0.      0.      0.      0.      0.      0.      0.      0.
      0.      0.      0.      0.      0.      0.      0.      0.]
62 [     0.  60000.      0.      0.      0.      0.      0.      0.      0.
      0.      0.      0.      0.      0.      0.      0.      0.      0.
      0.      0.      0.      0.      0.      0.      0.      0.      0.
      0.      0.      0.      0.      0.      0.      0.      0.]
63 [ 60000.      0.      0.      0.      0.      0.      0.      0.      0.
      0.      0.      0.      0.      0.      0.      0.      0.      0.
      0.      0.      0.      0.      0.      0.      0.      0.      0.
      0.      0.      0.      0.      0.      0.      0.      0.]
64 [     0.  60000.      0.      0.      0.      0.      0.      0.      0.
      0.      0.      0.      0.      0.      0.      0.      0.      0.
      0.      0.      0.      0.      0.      0.      0.      0.      0.
      0.      0.      0.      0.      0.      0.      0.      0.]
65 [ 60000.      0.      0.      0.      0.      0.      0.      0.      0.
      0.      0.      0.      0.      0.      0.      0.      0.      0.
      0.      0.      0.      0.      0.      0.      0.      0.      0.
      0.      0.      0.      0.      0.      0.      0.      0.]
66 [     0.  60000.      0.      0.      0.      0.      0.      0.      0.
      0.      0.      0.      0.      0.      0.      0.      0.      0.
      0.      0.      0.      0.      0.      0.      0.      0.      0.
      0.      0.      0.      0.      0.      0.      0.      0.]
67 [ 60000.      0.      0.      0.      0.      0.      0.      0.      0.
      0.      0.      0.      0.      0.      0.      0.      0.      0.
      0.      0.      0.      0.      0.      0.      0.      0.      0.
      0.      0.      0.      0.      0.      0.      0.      0.]
68 [     0.  60000.      0.      0.      0.      0.      0.      0.      0.
      0.      0.      0.      0.      0.      0.      0.      0.      0.
      0.      0.      0.      0.      0.      0.      0.      0.      0.
      0.      0.      0.      0.      0.      0.      0.      0.]
69 [ 60000.      0.      0.      0.      0.      0.      0.      0.      0.
      0.      0.      0.      0.      0.      0.      0.      0.      0.
      0.      0.      0.      0.      0.      0.      0.      0.      0.
      0.      0.      0.      0.      0.      0.      0.      0.]
70 [     0.  60000.      0.      0.      0.      0.      0.      0.      0.
      0.      0.      0.      0.      0.      0.      0.      0.      0.
      0.      0.      0.      0.      0.      0.      0.      0.      0.
      0.      0.      0.      0.      0.      0.      0.      0.]
71 [ 60000.      0.      0.      0.      0.      0.      0.      0.      0.
      0.      0.      0.      0.      0.      0.      0.      0.      0.
      0.      0.      0.      0.      0.      0.      0.      0.      0.
      0.      0.      0.      0.      0.      0.      0.      0.]
72 [     0.  60000.      0.      0.      0.      0.      0.      0.      0.
      0.      0.      0.      0.      0.      0.      0.      0.      0.
      0.      0.      0.      0.      0.      0.      0.      0.      0.
      0.      0.      0.      0.      0.      0.      0.      0.]
73 [ 60000.      0.      0.      0.      0.      0.      0.      0.      0.
      0.      0.      0.      0.      0.      0.      0.      0.      0.
      0.      0.      0.      0.      0.      0.      0.      0.      0.
      0.      0.      0.      0.      0.      0.      0.      0.]
74 [     0.  60000.      0.      0.      0.      0.      0.      0.      0.
      0.      0.      0.      0.      0.      0.      0.      0.      0.
      0.      0.      0.      0.      0.      0.      0.      0.      0.
      0.      0.      0.      0.      0.      0.      0.      0.]
75 [ 60000.      0.      0.      0.      0.      0.      0.      0.      0.
      0.      0.      0.      0.      0.      0.      0.      0.      0.
      0.      0.      0.      0.      0.      0.      0.      0.      0.
      0.      0.      0.      0.      0.      0.      0.      0.]
76 [     0.  60000.      0.      0.      0.      0.      0.      0.      0.
      0.      0.      0.      0.      0.      0.      0.      0.      0.
      0.      0.      0.      0.      0.      0.      0.      0.      0.
      0.      0.      0.      0.      0.      0.      0.      0.]
77 [ 60000.      0.      0.      0.      0.      0.      0.      0.      0.
      0.      0.      0.      0.      0.      0.      0.      0.      0.
      0.      0.      0.      0.      0.      0.      0.      0.      0.
      0.      0.      0.      0.      0.      0.      0.      0.]
78 [     0.  60000.      0.      0.      0.      0.      0.      0.      0.
      0.      0.      0.      0.      0.      0.      0.      0.      0.
      0.      0.      0.      0.      0.      0.      0.      0.      0.
      0.      0.      0.      0.      0.      0.      0.      0.]
79 [ 60000.      0.      0.      0.      0.      0.      0.      0.      0.
      0.      0.      0.      0.      0.      0.      0.      0.      0.
      0.      0.      0.      0.      0.      0.      0.      0.      0.
      0.      0.      0.      0.      0.      0.      0.      0.]
80 [     0.  60000.      0.      0.      0.      0.      0.      0.      0.
      0.      0.      0.      0.      0.      0.      0.      0.      0.
      0.      0.      0.      0.      0.      0.      0.      0.      0.
      0.      0.      0.      0.      0.      0.      0.      0.]
81 [ 60000.      0.      0.      0.      0.      0.      0.      0.      0.
      0.      0.      0.      0.      0.      0.      0.      0.      0.
      0.      0.      0.      0.      0.      0.      0.      0.      0.
      0.      0.      0.      0.      0.      0.      0.      0.]
82 [     0.  60000.      0.      0.      0.      0.      0.      0.      0.
      0.      0.      0.      0.      0.      0.      0.      0.      0.
      0.      0.      0.      0.      0.      0.      0.      0.      0.
      0.      0.      0.      0.      0.      0.      0.      0.]
83 [ 60000.      0.      0.      0.      0.      0.      0.      0.      0.
      0.      0.      0.      0.      0.      0.      0.      0.      0.
      0.      0.      0.      0.      0.      0.      0.      0.      0.
      0.      0.      0.      0.      0.      0.      0.      0.]
84 [     0.  60000.      0.      0.      0.      0.      0.      0.      0.
      0.      0.      0.      0.      0.      0.      0.      0.      0.
      0.      0.      0.      0.      0.      0.      0.      0.      0.
      0.      0.      0.      0.      0.      0.      0.      0.]
85 [ 60000.      0.      0.      0.      0.      0.      0.      0.      0.
      0.      0.      0.      0.      0.      0.      0.      0.      0.
      0.      0.      0.      0.      0.      0.      0.      0.      0.
      0.      0.      0.      0.      0.      0.      0.      0.]
86 [     0.  60000.      0.      0.      0.      0.      0.      0.      0.
      0.      0.      0.      0.      0.      0.      0.      0.      0.
      0.      0.      0.      0.      0.      0.      0.      0.      0.
      0.      0.      0.      0.      0.      0.      0.      0.]
87 [ 60000.      0.      0.      0.      0.      0.      0.      0.      0.
      0.      0.      0.      0.      0.      0.      0.      0.      0.
      0.      0.      0.      0.      0.      0.      0.      0.      0.
      0.      0.      0.      0.      0.      0.      0.      0.]
88 [     0.  60000.      0.      0.      0.      0.      0.      0.      0.
      0.      0.      0.      0.      0.      0.      0.      0.      0.
      0.      0.      0.      0.      0.      0.      0.      0.      0.
      0.      0.      0.      0.      0.      0.      0.      0.]
89 [ 60000.      0.      0.      0.      0.      0.      0.      0.      0.
      0.      0.      0.      0.      0.      0.      0.      0.      0.
      0.      0.      0.      0.      0.      0.      0.      0.      0.
      0.      0.      0.      0.      0.      0.      0.      0.]
90 [     0.  60000.      0.      0.      0.      0.      0.      0.      0.
      0.      0.      0.      0.      0.      0.      0.      0.      0.
      0.      0.      0.      0.      0.      0.      0.      0.      0.
      0.      0.      0.      0.      0.      0.      0.      0.]
91 [ 60000.      0.      0.      0.      0.      0.      0.      0.      0.
      0.      0.      0.      0.      0.      0.      0.      0.      0.
      0.      0.      0.      0.      0.      0.      0.      0.      0.
      0.      0.      0.      0.      0.      0.      0.      0.]
92 [     0.  60000.      0.      0.      0.      0.      0.      0.      0.
      0.      0.      0.      0.      0.      0.      0.      0.      0.
      0.      0.      0.      0.      0.      0.      0.      0.      0.
      0.      0.      0.      0.      0.      0.      0.      0.]
93 [ 60000.      0.      0.      0.      0.      0.      0.      0.      0.
      0.      0.      0.      0.      0.      0.      0.      0.      0.
      0.      0.      0.      0.      0.      0.      0.      0.      0.
      0.      0.      0.      0.      0.      0.      0.      0.]
94 [     0.  60000.      0.      0.      0.      0.      0.      0.      0.
      0.      0.      0.      0.      0.      0.      0.      0.      0.
      0.      0.      0.      0.      0.      0.      0.      0.      0.
      0.      0.      0.      0.      0.      0.      0.      0.]
95 [ 60000.      0.      0.      0.      0.      0.      0.      0.      0.
      0.      0.      0.      0.      0.      0.      0.      0.      0.
      0.      0.      0.      0.      0.      0.      0.      0.      0.
      0.      0.      0.      0.      0.      0.      0.      0.]
96 [     0.  60000.      0.      0.      0.      0.      0.      0.      0.
      0.      0.      0.      0.      0.      0.      0.      0.      0.
      0.      0.      0.      0.      0.      0.      0.      0.      0.
      0.      0.      0.      0.      0.      0.      0.      0.]
97 [ 60000.      0.      0.      0.      0.      0.      0.      0.      0.
      0.      0.      0.      0.      0.      0.      0.      0.      0.
      0.      0.      0.      0.      0.      0.      0.      0.      0.
      0.      0.      0.      0.      0.      0.      0.      0.]
98 [     0.  60000.      0.      0.      0.      0.      0.      0.      0.
      0.      0.      0.      0.      0.      0.      0.      0.      0.
      0.      0.      0.      0.      0.      0.      0.      0.      0.
      0.      0.      0.      0.      0.      0.      0.      0.]
99 [ 60000.      0.      0.      0.      0.      0.      0.      0.      0.
      0.      0.      0.      0.      0.      0.      0.      0.      0.
      0.      0.      0.      0.      0.      0.      0.      0.      0.
      0.      0.      0.      0.      0.      0.      0.      0.]
100 [     0.  60000.      0.      0.      0.      0.      0.      0.      0.
      0.      0.      0.      0.      0.      0.      0.      0.      0.
      0.      0.      0.      0.      0.      0.      0.      0.      0.
      0.      0.      0.      0.      0.      0.      0.      0.]
101 [ 60000.      0.      0.      0.      0.      0.      0.      0.      0.
      0.      0.      0.      0.      0.      0.      0.      0.      0.
      0.      0.      0.      0.      0.      0.      0.      0.      0.
      0.      0.      0.      0.      0.      0.      0.      0.]
102 [     0.  60000.      0.      0.      0.      0.      0.      0.      0.
      0.      0.      0.      0.      0.      0.      0.      0.      0.
      0.      0.      0.      0.      0.      0.      0.      0.      0.
      0.      0.      0.      0.      0.      0.      0.      0.]
103 [ 60000.      0.      0.      0.      0.      0.      0.      0.      0.
      0.      0.      0.      0.      0.      0.      0.      0.      0.
      0.      0.      0.      0.      0.      0.      0.      0.      0.
      0.      0.      0.      0.      0.      0.      0.      0.]
104 [     0.  60000.      0.      0.      0.      0.      0.      0.      0.
      0.      0.      0.      0.      0.      0.      0.      0.      0.
      0.      0.      0.      0.      0.      0.      0.      0.      0.
      0.      0.      0.      0.      0.      0.      0.      0.]
105 [ 60000.      0.      0.      0.      0.      0.      0.      0.      0.
      0.      0.      0.      0.      0.      0.      0.      0.      0.
      0.      0.      0.      0.      0.      0.      0.      0.      0.
      0.      0.      0.      0.      0.      0.      0.      0.]
106 [     0.  60000.      0.      0.      0.      0.      0.      0.      0.
      0.      0.      0.      0.      0.      0.      0.      0.      0.
      0.      0.      0.      0.      0.      0.      0.      0.      0.
      0.      0.      0.      0.      0.      0.      0.      0.]
107 [ 60000.      0.      0.      0.      0.      0.      0.      0.      0.
      0.      0.      0.      0.      0.      0.      0.      0.      0.
      0.      0.      0.      0.      0.      0.      0.      0.      0.
      0.      0.      0.      0.      0.      0.      0.      0.]
108 [     0.  60000.      0.      0.      0.      0.      0.      0.      0.
      0.      0.      0.      0.      0.      0.      0.      0.      0.
      0.      0.      0.      0.      0.      0.      0.      0.      0.
      0.      0.      0.      0.      0.      0.      0.      0.]
109 [ 60000.      0.      0.      0.      0.      0.      0.      0.      0.
      0.      0.      0.      0.      0.      0.      0.      0.      0.
      0.      0.      0.      0.      0.      0.      0.      0.      0.
      0.      0.      0.      0.      0.      0.      0.      0.]
110 [     0.  60000.      0.      0.      0.      0.      0.      0.      0.
      0.      0.      0.      0.      0.      0.      0.      0.      0.
      0.      0.      0.      0.      0.      0.      0.      0.      0.
      0.      0.      0.      0.      0.      0.      0.      0.]
111 [ 60000.      0.      0.      0.      0.      0.      0.      0.      0.
      0.      0.      0.      0.      0.      0.      0.      0.      0.
      0.      0.      0.      0.      0.      0.      0.      0.      0.
      0.      0.      0.      0.      0.      0.      0.      0.]
112 [     0.  60000.      0.      0.      0.      0.      0.      0.      0.
      0.      0.      0.      0.      0.      0.      0.      0.      0.
      0.      0.      0.      0.      0.      0.      0.      0.      0.
      0.      0.      0.      0.      0.      0.      0.      0.]
113 [ 60000.      0.      0.      0.      0.      0.      0.      0.      0.
      0.      0.      0.      0.      0.      0.      0.      0.      0.
      0.      0.      0.      0.      0.      0.      0.      0.      0.
      0.      0.      0.      0.      0.      0.      0.      0.]
114 [     0.  60000.      0.      0.      0.      0.      0.      0.      0.
      0.      0.      0.      0.      0.      0.      0.      0.      0.
      0.      0.      0.      0.      0.      0.      0.      0.      0.
      0.      0.      0.      0.      0.      0.      0.      0.]
115 [ 60000.      0.      0.      0.      0.      0.      0.      0.      0.
      0.      0.      0.      0.      0.      0.      0.      0.      0.
      0.      0.      0.      0.      0.      0.      0.      0.      0.
      0.      0.      0.      0.      0.      0.      0.      0.]
116 [     0.  60000.      0.      0.      0.      0.      0.      0.      0.
      0.      0.      0.      0.      0.      0.      0.      0.      0.
      0.      0.      0.      0.      0.      0.      0.      0.      0.
      0.      0.      0.      0.      0.      0.      0.      0.]
117 [ 60000.      0.      0.      0.      0.      0.      0.      0.      0.
      0.      0.      0.      0.      0.      0.      0.      0.      0.
      0.      0.      0.      0.      0.      0.      0.      0.      0.
      0.      0.      0.      0.      0.      0.      0.      0.]
118 [     0.  60000.      0.      0.      0.      0.      0.      0.      0.
      0.      0.      0.      0.      0.      0.      0.      0.      0.
      0.      0.      0.      0.      0.      0.      0.      0.      0.
      0.      0.      0.      0.      0.      0.      0.      0.]
119 [ 60000.      0.      0.      0.      0.      0.      0.      0.      0.
      0.      0.      0.      0.      0.      0.      0.      0.      0.
      0.      0.      0.      0.      0.      0.      0.      0.      0.
      0.      0.      0.      0.      0.      0.      0.      0.]
120 [     0.  60000.      0.      0.      0.      0.      0.      0.      0.
      0.      0.      0.      0.      0.      0.      0.      0.      0.
      0.      0.      0.      0.      0.      0.      0.      0.      0.
      0.      0.      0.      0.      0.      0.      0.      0.]
121 [ 60000.      0.      0.      0.      0.      0.      0.      0.      0.
      0.      0.      0.      0.      0.      0.      0.      0.      0.
      0.      0.      0.      0.      0.      0.      0.      0.      0.
      0.      0.      0.      0.      0.      0.      0.      0.]
122 [     0.  60000.      0.      0.      0.      0.      0.      0.      0.
      0.      0.      0.      0.      0.      0.      0.      0.      0.
      0.      0.      0.      0.      0.      0.      0.      0.      0.
      0.      0.      0.      0.      0.      0.      0.      0.]
123 [ 60000.      0.      0.      0.      0.      0.      0.      0.      0.
      0.      0.      0.      0.      0.      0.      0.      0.      0.
      0.      0.      0.      0.      0.      0.      0.      0.      0.
      0.      0.      0.      0.      0.      0.      0.      0.]
124 [     0.  60000.      0.      0.      0.      0.      0.      0.      0.
      0.      0.      0.      0.      0.      0.      0.      0.      0.
      0.      0.      0.      0.      0.      0.      0.      0.      0.
      0.      0.      0.      0.      0.      0.      0.      0.]
125 [ 60000.      0.      0.      0.      0.      0.      0.      0.      0.
      0.      0.      0.      0.      0.      0.      0.      0.      0.
      0.      0.      0.      0.      0.      0.      0.      0.      0.
      0.      0.      0.      0.      0.      0.      0.      0.]
126 [     0.  60000.      0.      0.      0.      0.      0.      0.      0.
      0.      0.      0.      0.      0.      0.      0.      0.      0.
      0.      0.      0.      0.      0.      0.      0.      0.      0.
      0.      0.      0.      0.      0.      0.      0.      0.]
127 [ 60000.      0.      0.      0.      0.      0.      0.      0.      0.
      0.      0.      0.      0.      0.      0.      0.      0.      0.
      0.      0.      0.      0.      0.      0.      0.      0.      0.
      0.      0.      0.      0.      0.      0.      0.      0.]
128 [     0.  60000.      0.      0.      0.      0.      0.      0.      0.
      0.      0.      0.      0.      0.      0.      0.      0.      0.
      0.      0.      0.      0.      0.      0.      0.      0.      0.
      0.      0.      0.      0.      0.      0.      0.      0.]
129 [ 60000.      0.      0.      0.      0.      0.      0.      0.      0.
      0.      0.      0.      0.      0.      0.      0.      0.      0.
      0.      0.      0.      0.      0.      0.      0.      0.      0.
      0.      0.      0.      0.      0.      0.      0.      0.]
130 [     0.  60000.      0.      0.      0.      0.      0.      0.      0.
      0.      0.      0.      0.      0.      0.      0.      0.      0.
      0.      0.      0.      0.      0.      0.      0.      0.      0.
      0.      0.      0.      0.      0.      0.      0.      0.]
131 [ 60000.      0.      0.      0.      0.      0.      0.      0.      0.
      0.      0.      0.      0.      0.      0.      0.      0.      0.
      0.      0.      0.      0.      0.      0.      0.      0.      0.
      0.      0.      0.      0.      0.      0.      0.      0.]
132 [     0.  60000.      0.      0.      0.      0.      0.      0.      0.
      0.      0.      0.      0.      0.      0.      0.      0.      0.
      0.      0.      0.      0.      0.      0.      0.      0.      0.
      0.      0.      0.      0.      0.      0.      0.      0.]
133 [ 60000.      0.      0.      0.      0.      0.      0.      0.      0.
      0.      0.      0.      0.      0.      0.      0.      0.      0.
      0.      0.      0.      0.      0.      0.      0.      0.      0.
      0.      0.      0.      0.      0.      0.      0.      0.]
134 [     0.  60000.      0.      0.      0.      0.      0.      0.      0.
      0.      0.      0.      0.      0.      0.      0.      0.      0.
      0.      0.      0.      0.      0.      0.      0.      0.      0.
      0.      0.      0.      0.      0.      0.      0.      0.]
135 [ 60000.      0.      0.      0.      0.      0.      0.      0.      0.
      0.      0.      0.      0.      0.      0.      0.      0.      0.
      0.      0.      0.      0.      0.      0.      0.      0.      0.
      0.      0.      0.      0.      0.      0.      0.      0.]
136 [     0.  60000.      0.      0.      0.      0.      0.      0.      0.
      0.      0.      0.      0.      0.      0.      0.      0.      0.
      0.      0.      0.      0.      0.      0.      0.      0.      0.
      0.      0.      0.      0.      0.      0.      0.      0.]
137 [ 60000.      0.      0.      0.      0.      0.      0.      0.      0.
      0.      0.      0.      0.      0.      0.      0.      0.      0.
      0.      0.      0.      0.      0.      0.      0.      0.      0.
      0.      0.      0.      0.      0.      0.      0.      0.]
138 [     0.  60000.      0.      0.      0.      0.      0.      0.      0.
      0.      0.      0.      0.      0.      0.      0.      0.      0.
      0.      0.      0.      0.      0.      0.      0.      0.      0.
      0.      0.      0.      0.      0.      0.      0.      0.]
139 [ 60000.      0.      0.      0.      0.      0.      0.      0.      0.
      0.      0.      0.      0.      0.      0.      0.      0.      0.
      0.      0.      0.      0.      0.      0.      0.      0.      0.
      0.      0.      0.      0.      0.      0.      0.      0.]
140 [     0.  60000.      0.      0.      0.      0.      0.      0.      0.
      0.      0.      0.      0.      0.      0.      0.      0.      0.
      0.      0.      0.      0.      0.      0.      0.      0.      0.
      0.      0.      0.      0.      0.      0.      0.      0.]
141 [ 60000.      0.      0.      0.      0.      0.      0.      0.      0.
      0.      0.      0.      0.      0.      0.      0.      0.      0.
      0.      0.      0.      0.      0.      0.      0.      0.      0.
      0.      0.      0.      0.      0.      0.      0.      0.]
142 [     0.  60000.      0.      0.      0.      0.      0.      0.      0.
      0.      0.      0.      0.      0.      0.      0.      0.      0.
      0.      0.      0.      0.      0.      0.      0.      0.      0.
      0.      0.      0.      0.      0.      0.      0.      0.]
143 [ 60000.      0.      0.      0.      0.      0.      0.      0.      0.
      0.      0.      0.      0.      0.      0.      0.      0.      0.
      0.      0.      0.      0.      0.      0.      0.      0.      0.
      0.      0.      0.      0.      0.      0.      0.      0.]
144 [     0.  60000.      0.      0.      0.      0.      0.      0.      0.
      0.      0.      0.      0.      0.      0.      0.      0.      0.
      0.      0.      0.      0.      0.      0.      0.      0.      0.
      0.      0.      0.      0.      0.      0.      0.      0.]
145 [ 60000.      0.      0.      0.      0.      0.      0.      0.      0.
      0.      0.      0.      0.      0.      0.      0.      0.      0.
      0.      0.      0.      0.      0.      0.      0.      0.      0.
      0.      0.      0.      0.      0.      0.      0.      0.]
146 [     0.  60000.      0.      0.      0.      0.      0.      0.      0.
      0.      0.      0.      0.      0.      0.      0.      0.      0.
      0.      0.      0.      0.      0.      0.      0.      0.      0.
      0.      0.      0.      0.      0.      0.      0.      0.]
147 [ 60000.      0.      0.      0.      0.      0.      0.      0.      0.
      0.      0.      0.      0.      0.      0.      0.      0.      0.
      0.      0.      0.      0.      0.      0.      0.      0.      0.
      0.      0.      0.      0.      0.      0.      0.      0.]
148 [     0.  60000.      0.      0.      0.      0.      0.      0.      0.
      0.      0.      0.      0.      0.      0.      0.      0.      0.
      0.      0.      0.      0.      0.      0.      0.      0.      0.
      0.      0.      0.      0.      0.      0.      0.      0.]
149 [ 60000.      0.      0.      0.      0.      0.      0.      0.      0.
      0.      0.      0.      0.      0.      0.      0.      0.      0.
      0.      0.      0.      0.      0.      0.      0.      0.      0.
      0.      0.      0.      0.      0.      0.      0.      0.]
150 [     0.  60000.      0.      0.      0.      0.      0.      0.      0.
      0.      0.      0.      0.      0.      0.      0.      0.      0.
      0.      0.      0.      0.      0.      0.      0.      0.      0.
      0.      0.      0.      0.      0.      0.      0.      0.]
151 [ 60000.      0.      0.      0.      0.      0.      0.      0.      0.
      0.      0.      0.      0.      0.      0.      0.      0.      0.
      0.      0.      0.      0.      0.      0.      0.      0.      0.
      0.      0.      0.      0.      0.      0.      0.      0.]
152 [     0.  60000.      0.      0.      0.      0.      0.      0.      0.
      0.      0.      0.      0.      0.      0.      0.      0.      0.
      0.      0.      0.      0.      0.      0.      0.      0.      0.
      0.      0.      0.      0.      0.      0.      0.      0.]
153 [ 60000.      0.      0.      0.      0.      0.      0.      0.      0.
      0.      0.      0.      0.      0.      0.      0.      0.      0.
      0.      0.      0.      0.      0.      0.      0.      0.      0.
      0.      0.      0.      0.      0.      0.      0.      0.]
154 [     0.  60000.      0.      0.      0.      0.      0.      0.      0.
      0.      0.      0.      0.      0.      0.      0.      0.      0.
      0.      0.      0.      0.      0.      0.      0.      0.      0.
      0.      0.      0.      0.      0.      0.      0.      0.]
155 [ 60000.      0.      0.      0.      0.      0.      0.      0.      0.
      0.      0.      0.      0.      0.      0.      0.      0.      0.
      0.      0.      0.      0.      0.      0.      0.      0.      0.
      0.      0.      0.      0.      0.      0.      0.      0.]
156 [     0.  60000.      0.      0.      0.      0.      0.      0.      0.
      0.      0.      0.      0.      0.      0.      0.      0.      0.
      0.      0.      0.      0.      0.      0.      0.      0.      0.
      0.      0.      0.      0.      0.      0.      0.      0.]
157 [ 60000.      0.      0.      0.      0.      0.      0.      0.      0.
      0.      0.      0.      0.      0.      0.      0.      0.      0.
      0.      0.      0.      0.      0.      0.      0.      0.      0.
      0.      0.      0.      0.      0.      0.      0.      0.]
158 [     0.  60000.      0.      0.      0.      0.      0.      0.      0.
      0.      0.      0.      0.      0.      0.      0.      0.      0.
      0.      0.      0.      0.      0.      0.      0.      0.      0.
      0.      0.      0.      0.      0.      0.      0.      0.]
159 [ 60000.      0.      0.      0.      0.      0.      0.      0.      0.
      0.      0.      0.      0.      0.      0.      0.      0.      0.
      0.      0.      0.      0.      0.      0.      0.      0.      0.
      0.      0.      0.      0.      0.      0.      0.      0.]
160 [     0.  60000.      0.      0.      0.      0.      0.      0.      0.
      0.      0.      0.      0.      0.      0.      0.      0.      0.
      0.      0.      0.      0.      0.      0.      0.      0.      0.
      0.      0.      0.      0.      0.      0.      0.      0.]
161 [ 60000.      0.      0.      0.      0.      0.      0.      0.      0.
      0.      0.      0.      0.      0.      0.      0.      0.      0.
      0.      0.      0.      0.      0.      0.      0.      0.      0.
      0.      0.      0.      0.      0.      0.      0.      0.]
162 [     0.  60000.      0.      0.      0.      0.      0.      0.      0.
      0.      0.      0.      0.      0.      0.      0.      0.      0.
      0.      0.      0.      0.      0.      0.      0.      0.      0.
      0.      0.      0.      0.      0.      0.      0.      0.]
163 [ 60000.      0.      0.      0.      0.      0.      0.      0.      0.
      0.      0.      0.      0.      0.      0.      0.      0.      0.
      0.      0.      0.      0.      0.      0.      0.      0.      0.
      0.      0.      0.      0.      0.      0.      0.      0.]
164 [     0.  60000.      0.      0.      0.      0.      0.      0.      0.
      0.      0.      0.      0.      0.      0.      0.      0.      0.
      0.      0.      0.      0.      0.      0.      0.      0.      0.
      0.      0.      0.      0.      0.      0.      0.      0.]
165 [ 60000.      0.      0.      0.      0.      0.      0.      0.      0.
      0.      0.      0.      0.      0.      0.      0.      0.      0.
      0.      0.      0.      0.      0.      0.      0.      0.      0.
      0.      0.      0.      0.      0.      0.      0.      0.]
166 [     0.  60000.      0.      0.      0.      0.      0.      0.      0.
      0.      0.      0.      0.      0.      0.      0.      0.      0.
      0.      0.      0.      0.      0.      0.      0.      0.      0.
      0.      0.      0.      0.      0.      0.      0.      0.]
167 [ 60000.      0.      0.      0.      0.      0.      0.      0.      0.
      0.      0.      0.      0.      0.      0.      0.      0.      0.
      0.      0.      0.      0.      0.      0.      0.      0.      0.
      0.      0.      0.      0.      0.      0.      0.      0.]
168 [     0.  60000.      0.      0.      0.      0.      0.      0.      0.
      0.      0.      0.      0.      0.      0.      0.      0.      0.
      0.      0.      0.      0.      0.      0.      0.      0.      0.
      0.      0.      0.      0.      0.      0.      0.      0.]
169 [ 60000.      0.      0.      0.      0.      0.      0.      0.      0.
      0.      0.      0.      0.      0.      0.      0.      0.      0.
      0.      0.      0.      0.      0.      0.      0.      0.      0.
      0.      0.      0.      0.      0.      0.      0.      0.]
170 [     0.  60000.      0.      0.      0.      0.      0.      0.      0.
      0.      0.      0.      0.      0.      0.      0.      0.      0.
      0.      0.      0.      0.      0.      0.      0.      0.      0.
      0.      0.      0.      0.      0.      0.      0.      0.]
171 [ 60000.      0.      0.      0.      0.      0.      0.      0.      0.
      0.      0.      0.      0.      0.      0.      0.      0.      0.
      0.      0.      0.      0.      0.      0.      0.      0.      0.
      0.      0.      0.      0.      0.      0.      0.      0.]
172 [     0.  60000.      0.      0.      0.      0.      0.      0.      0.
      0.      0.      0.      0.      0.      0.      0.      0.      0.
      0.      0.      0.      0.      0.      0.      0.      0.      0.
      0.      0.      0.      0.      0.      0.      0.      0.]
173 [ 60000.      0.      0.      0.      0.      0.      0.      0.      0.
      0.      0.      0.      0.      0.      0.      0.      0.      0.
      0.      0.      0.      0.      0.      0.      0.      0.      0.
      0.      0.      0.      0.      0.      0.      0.      0.]
174 [     0.  60000.      0.      0.      0.      0.      0.      0.      0.
      0.      0.      0.      0.      0.      0.      0.      0.      0.
      0.      0.      0.      0.      0.      0.      0.      0.      0.
      0.      0.      0.      0.      0.      0.      0.      0.]
175 [ 60000.      0.      0.      0.      0.      0.      0.      0.      0.
      0.      0.      0.      0.      0.      0.      0.      0.      0.
      0.      0.      0.      0.      0.      0.      0.      0.      0.
      0.      0.      0.      0.      0.      0.      0.      0.]
176 [     0.  60000.      0.      0.      0.      0.      0.      0.      0.
      0.      0.      0.      0.      0.      0.      0.      0.      0.
      0.      0.      0.      0.      0.      0.      0.      0.      0.
      0.      0.      0.      0.      0.      0.      0.      0.]
177 [ 60000.      0.      0.      0.      0.      0.      0.      0.      0.
      0.      0.      0.      0.      0.      0.      0.      0.      0.
      0.      0.      0.      0.      0.      0.      0.      0.      0.
      0.      0.      0.      0.      0.      0.      0.      0.]
178 [     0.  60000.      0.      0.      0.      0.      0.      0.      0.
      0.      0.      0.      0.      0.      0.      0.      0.      0.
      0.      0.      0.      0.      0.      0.      0.      0.      0.
      0.      0.      0.      0.      0.      0.      0.      0.]
179 [ 60000.      0.      0.      0.      0.      0.      0.      0.      0.
      0.      0.      0.      0.      0.      0.      0.      0.      0.
      0.      0.      0.      0.      0.      0.      0.      0.      0.
      0.      0.      0.      0.      0.      0.      0.      0.]
180 [     0.  60000.      0.      0.      0.      0.      0.      0.      0.
      0.      0.      0.      0.      0.      0.      0.      0.      0.
      0.      0.      0.      0.      0.      0.      0.      0.      0.
      0.      0.      0.      0.      0.      0.      0.      0.]
181 [ 60000.      0.      0.      0.      0.      0.      0.      0.      0.
      0.      0.      0.      0.      0.      0.      0.      0.      0.
      0.      0.      0.      0.      0.      0.      0.      0.      0.
      0.      0.      0.      0.      0.      0.      0.      0.]
182 [     0.  60000.      0.      0.      0.      0.      0.      0.      0.
      0.      0.      0.      0.      0.      0.      0.      0.      0.
      0.      0.      0.      0.      0.      0.      0.      0.      0.
      0.      0.      0.      0.      0.      0.      0.      0.]
183 [ 60000.      0.      0.      0.      0.      0.      0.      0.      0.
      0.      0.      0.      0.      0.      0.      0.      0.      0.
      0.      0.      0.      0.      0.      0.      0.      0.      0.
      0.      0.      0.      0.      0.      0.      0.      0.]
184 [     0.  60000.      0.      0.      0.      0.      0.      0.      0.
      0.      0.      0.      0.      0.      0.      0.      0.      0.
      0.      0.      0.      0.      0.      0.      0.      0.      0.
      0.      0.      0.      0.      0.      0.      0.      0.]
185 [ 60000.      0.      0.      0.      0.      0.      0.      0.      0.
      0.      0.      0.      0.      0.      0.      0.      0.      0.
      0.      0.      0.      0.      0.      0.      0.      0.      0.
      0.      0.      0.      0.      0.      0.      0.      0.]
186 [     0.  60000.      0.      0.      0.      0.      0.      0.      0.
      0.      0.      0.      0.      0.      0.      0.      0.      0.
      0.      0.      0.      0.      0.      0.      0.      0.      0.
      0.      0.      0.      0.      0.      0.      0.      0.]
187 [ 60000.      0.      0.      0.      0.      0.      0.      0.      0.
      0.      0.      0.      0.      0.      0.      0.      0.      0.
      0.      0.      0.      0.      0.      0.      0.      0.      0.
      0.      0.      0.      0.      0.      0.      0.      0.]
188 [     0.  60000.      0.      0.      0.      0.      0.      0.      0.
      0.      0.      0.      0.      0.      0.      0.      0.      0.
      0.      0.      0.      0.      0.      0.      0.      0.      0.
      0.      0.      0.      0.      0.      0.      0.      0.]
189 [ 60000.      0.      0.      0.      0.      0.      0.      0.      0.
      0.      0.      0.      0.      0.      0.      0.      0.      0.
      0.      0.      0.      0.      0.      0.      0.      0.      0.
      0.      0.      0.      0.      0.      0.      0.      0.]
190 [     0.  60000.      0.      0.      0.      0.      0.      0.      0.
      0.      0.      0.      0.      0.      0.      0.      0.      0.
      0.      0.      0.      0.      0.      0.      0.      0.      0.
      0.      0.      0.      0.      0.      0.      0.      0.]
191 [ 60000.      0.      0.      0.      0.      0.      0.      0.      0.
      0.      0.      0.      0.      0.      0.      0.      0.      0.
      0.      0.      0.      0.      0.      0.      0.      0.      0.
      0.      0.      0.      0.      0.      0.      0.      0.]
192 [     0.  60000.      0.      0.      0.      0.      0.      0.      0.
      0.      0.      0.      0.      0.      0.      0.      0.      0.
      0.      0.      0.      0.      0.      0.      0.      0.      0.
      0.      0.      0.      0.      0.      0.      0.      0.]
193 [ 60000.      0.      0.      0.      0.      0.      0.      0.      0.
      0.      0.      0.      0.      0.      0.      0.      0.      0.
      0.      0.      0.      0.      0.      0.      0.      0.      0.
      0.      0.      0.      0.      0.      0.      0.      0.]
194 [     0.  60000.      0.      0.      0.      0.      0.      0.      0.
      0.      0.      0.      0.      0.      0.      0.      0.      0.
      0.      0.      0.      0.      0.      0.      0.      0.      0.
      0.      0.      0.      0.      0.      0.      0.      0.]
195 [ 60000.      0.      0.      0.      0.      0.      0.      0.      0.
      0.      0.      0.      0.      0.      0.      0.      0.      0.
      0.      0.      0.      0.      0.      0.      0.      0.      0.
      0.      0.      0.      0.      0.      0.      0.      0.]
196 [     0.  60000.      0.      0.      0.      0.      0.      0.      0.
      0.      0.      0.      0.      0.      0.      0.      0.      0.
      0.      0.      0.      0.      0.      0.      0.      0.      0.
      0.      0.      0.      0.      0.      0.      0.      0.]
197 [ 60000.      0.      0.      0.      0.      0.      0.      0.      0.
      0.      0.      0.      0.      0.      0.      0.      0.      0.
      0.      0.      0.      0.      0.      0.      0.      0.      0.
      0.      0.      0.      0.      0.      0.      0.      0.]
198 [     0.  60000.      0.      0.      0.      0.      0.      0.      0.
      0.      0.      0.      0.      0.      0.      0.      0.      0.
      0.      0.      0.      0.      0.      0.      0.      0.      0.
      0.      0.      0.      0.      0.      0.      0.      0.]
199 [ 60000.      0.      0.      0.      0.      0.      0.      0.      0.
      0.      0.      0.      0.      0.      0.      0.      0.      0.
      0.      0.      0.      0.      0.      0.      0.      0.      0.
      0.      0.      0.      0.      0.      0.      0.      0.]
200 [     0.  60000.      0.      0.      0.      0.      0.      0.      0.
      0.      0.      0.      0.      0.      0.      0.      0.      0.
      0.      0.      0.      0.      0.      0.      0.      0.      0.
      0.      0.      0.      0.      0.      0.      0.      0.]
201 [ 60000.      0.      0.      0.      0.      0.      0.      0.      0.
      0.      0.      0.      0.      0.      0.      0.      0.      0.
      0.      0.      0.      0.      0.      0.      0.      0.      0.
      0.      0.      0.      0.      0.      0.      0.      0.]
202 [     0.  60000.      0.      0.      0.      0.      0.      0.      0.
      0.      0.      0.      0.      0.      0.      0.      0.      0.
      0.      0.      0.      0.      0.      0.      0.      0.      0.
      0.      0.      0.      0.      0.      0.      0.      0.]
203 [ 60000.      0.      0.      0.      0.      0.      0.      0.      0.
      0.      0.      0.      0.      0.      0.      0.      0.      0.
      0.      0.      0.      0.      0.      0.      0.      0.      0.
      0.      0.      0.      0.      0.      0.      0.      0.]
204 [     0.  60000.      0.      0.      0.      0.      0.      0.      0.
      0.      0.      0.      0.      0.      0.      0.      0.      0.
      0.      0.      0.      0.      0.      0.      0.      0.      0.
      0.      0.      0.      0.      0.      0.      0.      0.]
205 [ 60000.      0.      0.      0.      0.      0.      0.      0.      0.
      0.      0.      0.      0.      0.      0.      0.      0.      0.
      0.      0.      0.      0.      0.      0.      0.      0.      0.
      0.      0.      0.      0.      0.      0.      0.      0.]
206 [     0.  60000.      0.      0.      0.      0.      0.      0.      0.
      0.      0.      0.      0.      0.      0.      0.      0.      0.
      0.      0.      0.      0.      0.      0.      0.      0.      0.
      0.      0.      0.      0.      0.      0.      0.      0.]
207 [ 60000.      0.      0.      0.      0.      0.      0.      0.      0.
      0.      0.      0.      0.      0.      0.      0.      0.      0.
      0.      0.      0.      0.      0.      0.      0.      0.      0.
      0.      0.      0.      0.      0.      0.      0.      0.]
208 [     0.  60000.      0.      0.      0.      0.      0.      0.      0.
      0.      0.      0.      0.      0.      0.      0.      0.      0.
      0.      0.      0.      0.      0.      0.      0.      0.      0.
      0.      0.      0.      0.      0.      0.      0.      0.]
209 [ 60000.      0.      0.      0.      0.      0.      0.      0.      0.
      0.      0.      0.      0.      0.      0.      0.      0.      0.
      0.      0.      0.      0.      0.      0.      0.      0.      0.
      0.      0.      0.      0.      0.      0.      0.      0.]
210 [     0.  60000.      0.      0.      0.      0.      0.      0.      0.
      0.      0.      0.      0.      0.      0.      0.      0.      0.
      0.      0.      0.      0.      0.      0.      0.      0.      0.
      0.      0.      0.      0.      0.      0.      0.      0.]
211 [ 60000.      0.      0.      0.      0.      0.      0.      0.      0.
      0.      0.      0.      0.      0.      0.      0.      0.      0.
      0.      0.      0.      0.      0.      0.      0.      0.      0.
      0.      0.      0.      0.      0.      0.      0.      0.]
212 [     0.  60000.      0.      0.      0.      0.      0.      0.      0.
      0.      0.      0.      0.      0.      0.      0.      0.      0.
      0.      0.      0.      0.      0.      0.      0.      0.      0.
      0.      0.      0.      0.      0.      0.      0.      0.]
213 [ 60000.      0.      0.      0.      0.      0.      0.      0.      0.
      0.      0.      0.      0.      0.      0.      0.      0.      0.
      0.      0.      0.      0.      0.      0.      0.      0.      0.
      0.      0.      0.      0.      0.      0.      0.      0.]
214 [     0.  60000.      0.      0.      0.      0.      0.      0.      0.
      0.      0.      0.      0.      0.      0.      0.      0.      0.
      0.      0.      0.      0.      0.      0.      0.      0.      0.
      0.      0.      0.      0.      0.      0.      0.      0.]
215 [ 60000.      0.      0.      0.      0.      0.      0.      0.      0.
      0.      0.      0.      0.      0.      0.      0.      0.      0.
      0.      0.      0.      0.      0.      0.      0.      0.      0.
      0.      0.      0.      0.      0.      0.      0.      0.]
216 [     0.  60000.      0.      0.      0.      0.      0.      0.      0.
      0.      0.      0.      0.      0.      0.      0.      0.      0.
      0.      0.      0.      0.      0.      0.      0.      0.      0.
      0.      0.      0.      0.      0.      0.      0.      0.]
217 [ 60000.      0.      0.      0.      0.      0.      0.      0.      0.
      0.      0.      0.      0.      0.      0.      0.      0.      0.
      0.      0.      0.      0.      0.      0.      0.      0.      0.
      0.      0.      0.      0.      0.      0.      0.      0.]
218 [     0.  60000.      0.      0.      0.      0.      0.      0.      0.
      0.      0.      0.      0.      0.      0.      0.      0.      0.
      0.      0.      0.      0.      0.      0.      0.      0.      0.
      0.      0.      0.      0.      0.      0.      0.      0.]
219 [ 60000.      0.      0.      0.      0.      0.      0.      0.      0.
      0.      0.      0.      0.      0.      0.      0.      0.      0.
      0.      0.      0.      0.      0.      0.      0.      0.      0.
      0.      0.      0.      0.      0.      0.      0.      0.]
220 [     0.  60000.      0.      0.      0.      0.      0.      0.      0.
      0.      0.      0.      0.      0.      0.      0.      0.      0.
      0.      0.      0.      0.      0.      0.      0.      0.      0.
      0.      0.      0.      0.      0.      0.      0.      0.]
221 [ 60000.      0.      0.      0.      0.      0.      0.      0.      0.
      0.      0.      0.      0.      0.      0.      0.      0.      0.
      0.      0.      0.      0.      0.      0.      0.      0.      0.
      0.      0.      0.      0.      0.      0.      0.      0.]
222 [     0.  60000.      0.      0.      0.      0.      0.      0.      0.
      0.      0.      0.      0.      0.      0.      0.      0.      0.
      0.      0.      0.      0.      0.      0.      0.      0.      0.
      0.      0.      0.      0.      0.      0.      0.      0.]
223 [ 60000.      0.      0.      0.      0.      0.      0.      0.      0.
      0.      0.      0.      0.      0.      0.      0.      0.      0.
      0.      0.      0.      0.      0.      0.      0.      0.      0.
      0.      0.      0.      0.      0.      0.      0.      0.]
224 [     0.  60000.      0.      0.      0.      0.      0.      0.      0.
      0.      0.      0.      0.      0.      0.      0.      0.      0.
      0.      0.      0.      0.      0.      0.      0.      0.      0.
      0.      0.      0.      0.      0.      0.      0.      0.]
225 [ 60000.      0.      0.      0.      0.      0.      0.      0.      0.
      0.      0.      0.      0.      0.      0.      0.      0.      0.
      0.      0.      0.      0.      0.      0.      0.      0.      0.
      0.      0.      0.      0.      0.      0.      0.      0.]
226 [     0.  60000.      0.      0.      0.      0.      0.      0.      0.
      0.      0.      0.      0.      0.      0.      0.      0.      0.
      0.      0.      0.      0.      0.      0.      0.      0.      0.
      0.      0.      0.      0.      0.      0.      0.      0.]
227 [ 60000.      0.      0.      0.      0.      0.      0.      0.      0.
      0.      0.      0.      0.      0.      0.      0.      0.      0.
      0.      0.      0.      0.      0.      0.      0.      0.      0.
      0.      0.      0.      0.      0.      0.      0.      0.]
228 [     0.  60000.      0.      0.      0.      0.      0.      0.      0.
      0.      0.      0.      0.      0.      0.      0.      0.      0.
      0.      0.      0.      0.      0.      0.      0.      0.      0.
      0.      0.      0.      0.      0.      0.      0.      0.]
229 [ 60000.      0.      0.      0.      0.      0.      0.      0.      0.
      0.      0.      0.      0.      0.      0.      0.      0.      0.
      0.      0.      0.      0.      0.      0.      0.      0.      0.
      0.      0.      0.      0.      0.      0.      0.      0.]
230 [     0.  60000.      0.      0.      0.      0.      0.      0.      0.
      0.      0.      0.      0.      0.      0.      0.      0.      0.
      0.      0.      0.      0.      0.      0.      0.      0.      0.
      0.      0.      0.      0.      0.      0.      0.      0.]
231 [ 60000.      0.      0.      0.      0.      0.      0.      0.      0.
      0.      0.      0.      0.      0.      0.      0.      0.      0.
      0.      0.      0.      0.      0.      0.      0.      0.      0.
      0.      0.      0.      0.      0.      0.      0.      0.]
232 [     0.  60000.      0.      0.      0.      0.      0.      0.      0.
      0.      0.      0.      0.      0.      0.      0.      0.      0.
      0.      0.      0.      0.      0.      0.      0.      0.      0.
      0.      0.      0.      0.      0.      0.      0.      0.]
233 [ 60000.      0.      0.      0.      0.      0.      0.      0.      0.
      0.      0.      0.      0.      0.      0.      0.      0.      0.
      0.      0.      0.      0.      0.      0.      0.      0.      0.
      0.      0.      0.      0.      0.      0.      0.      0.]
234 [     0.  60000.      0.      0.      0.      0.      0.      0.      0.
      0.      0.      0.      0.      0.      0.      0.      0.      0.
      0.      0.      0.      0.      0.      0.      0.      0.      0.
      0.      0.      0.      0.      0.      0.      0.      0.]
235 [ 60000.      0.      0.      0.      0.      0.      0.      0.      0.
      0.      0.      0.      0.      0.      0.      0.      0.      0.
      0.      0.      0.      0.      0.      0.      0.      0.      0.
      0.      0.      0.      0.      0.      0.      0.      0.]
236 [     0.  60000.      0.      0.      0.      0.      0.      0.      0.
      0.      0.      0.      0.      0.      0.      0.      0.      0.
      0.      0.      0.      0.      0.      0.      0.      0.      0.
      0.      0.      0.      0.      0.      0.      0.      0.]
237 [ 60000.      0.      0.      0.      0.      0.      0.      0.      0.
      0.      0.      0.      0.      0.      0.      0.      0.      0.
      0.      0.      0.      0.      0.      0.      0.      0.      0.
      0.      0.      0.      0.      0.      0.      0.      0.]
238 [     0.  60000.      0.      0.      0.      0.      0.      0.      0.
      0.      0.      0.      0.      0.      0.      0.      0.      0.
      0.      0.      0.      0.      0.      0.      0.      0.      0.
      0.      0.      0.      0.      0.      0.      0.      0.]
239 [ 60000.      0.      0.      0.      0.      0.      0.      0.      0.
      0.      0.      0.      0.      0.      0.      0.      0.      0.
      0.      0.      0.      0.      0.      0.      0.      0.      0.
      0.      0.      0.      0.      0.      0.      0.      0.]
240 [     0.  60000.      0.      0.      0.      0.      0.      0.      0.
      0.      0.      0.      0.      0.      0.      0.      0.      0.
      0.      0.      0.      0.      0.      0.      0.      0.      0.
      0.      0.      0.      0.      0.      0.      0.      0.]
241 [ 60000.      0.      0.      0.      0.      0.      0.      0.      0.
      0.      0.      0.      0.      0.      0.      0.      0.      0.
      0.      0.      0.      0.      0.      0.      0.      0.      0.
      0.      0.      0.      0.      0.      0.      0.      0.]
242 [     0.  60000.      0.      0.      0.      0.      0.      0.      0.
      0.      0.      0.      0.      0.      0.      0.      0.      0.
      0.      0.      0.      0.      0.      0.      0.      0.      0.
      0.      0.      0.      0.      0.      0.      0.      0.]
243 [ 60000.      0.      0.      0.      0.      0.      0.      0.      0.
      0.      0.      0.      0.      0.      0.      0.      0.      0.
      0.      0.      0.      0.      0.      0.      0.      0.      0.
      0.      0.      0.      0.      0.      0.      0.      0.]
244 [     0.  60000.      0.      0.      0.      0.      0.      0.      0.
      0.      0.      0.      0.      0.      0.      0.      0.      0.
      0.      0.      0.      0.      0.      0.      0.      0.      0.
      0.      0.      0.      0.      0.      0.      0.      0.]
245 [ 60000.      0.      0.      0.      0.      0.      0.      0.      0.
      0.      0.      0.      0.      0.      0.      0.      0.      0.
      0.      0.      0.      0.      0.      0.      0.      0.      0.
      0.      0.      0.      0.      0.      0.      0.      0.]
246 [     0.  60000.      0.      0.      0.      0.      0.      0.      0.
      0.      0.      0.      0.      0.      0.      0.      0.      0.
      0.      0.      0.      0.      0.      0.      0.      0.      0.
      0.      0.      0.      0.      0.      0.      0.      0.]
247 [ 60000.      0.      0.      0.      0.      0.      0.      0.      0.
      0.      0.      0.      0.      0.      0.      0.      0.      0.
      0.      0.      0.      0.      0.      0.      0.      0.      0.
      0.      0.      0.      0.      0.      0.      0.      0.]
248 [     0.  60000.      0.      0.      0.      0.      0.      0.      0.
      0.      0.      0.      0.      0.      0.      0.      0.      0.
      0.      0.      0.      0.      0.      0.      0.      0.      0.
      0.      0.      0.      0.      0.      0.      0.      0.]
249 [ 60000.      0.      0.      0.      0.      0.      0.      0.      0.
      0.      0.      0.      0.      0.      0.      0.      0.      0.
      0.      0.      0.      0.      0.      0.      0.      0.      0.
      0.      0.      0.      0.      0.      0.      0.      0.]
250 [     0.  60000.      0.      0.      0.      0.      0.      0.      0.
      0.      0.      0.      0.      0.      0.      0.      0.      0.
      0.      0.      0.      0.      0.      0.      0.      0.      0.
      0.      0.      0.      0.      0.      0.      0.      0.]
251 [ 60000.      0.      0.      0.      0.      0.      0.      0.      0.
      0.      0.      0.      0.      0.      0.      0.      0.      0.
      0.      0.      0.      0.      0.      0.      0.      0.      0.
      0.      0.      0.      0.      0.      0.      0.      0.]
252 [     0.  60000.      0.      0.      0.      0.      0.      0.      0.
      0.      0.      0.      0.      0.      0.      0.      0.      0.
      0.      0.      0.      0.      0.      0.      0.      0.      0.
      0.      0.      0.      0.      0.      0.      0.      0.]
253 [ 60000.      0.      0.      0.      0.      0.      0.      0.      0.
      0.      0.      0.      0.      0.      0.      0.      0.      0.
      0.      0.      0.      0.      0.      0.      0.      0.      0.
      0.      0.      0.      0.      0.      0.      0.      0.]
254 [     0.  60000.      0.      0.      0.      0.      0.      0.      0.
      0.      0.      0.      0.      0.      0.      0.      0.      0.
      0.      0.      0.      0.      0.      0.      0.      0.      0.
      0.      0.      0.      0.      0.      0.      0.      0.]
255 [ 60000.      0.      0.      0.      0.      0.      0.      0.      0.
      0.      0.      0.      0.      0.      