14 means kplusplus 100
0 [ 5107.  6854.  5504.  4405.  4093.  2366.  3629.  5371.  3111.  4902.
  2223.  3752.  1649.  7034.]
1 [ 4713.  6175.  5370.  4060.  3891.  2760.  3883.  5297.  3801.  4707.
  2451.  4510.  2314.  6068.]
2 [ 4466.  5885.  5354.  4073.  3868.  2970.  3802.  5293.  4161.  4569.
  2704.  4765.  2676.  5414.]
3 [ 4324.  5742.  5354.  4173.  3882.  3065.  3710.  5369.  4212.  4512.
  2951.  4892.  2866.  4948.]
4 [ 4190.  5686.  5390.  4272.  3904.  3193.  3662.  5435.  4134.  4476.
  3081.  5040.  2991.  4546.]
5 [ 4027.  5640.  5402.  4384.  3920.  3301.  3634.  5517.  4010.  4452.
  3186.  5158.  3083.  4286.]
6 [ 3941.  5637.  5444.  4462.  3911.  3402.  3621.  5545.  3867.  4412.
  3244.  5243.  3129.  4142.]
7 [ 3915.  5656.  5487.  4465.  3892.  3488.  3625.  5521.  3776.  4383.
  3258.  5269.  3218.  4047.]
8 [ 3937.  5658.  5531.  4428.  3879.  3542.  3634.  5484.  3717.  4350.
  3264.  5312.  3273.  3991.]
9 [ 3978.  5674.  5593.  4389.  3875.  3578.  3648.  5454.  3677.  4321.
  3234.  5304.  3293.  3982.]
10 [ 4013.  5637.  5627.  4345.  3863.  3621.  3655.  5441.  3625.  4299.
  3259.  5334.  3301.  3980.]
11 [ 4049.  5610.  5649.  4318.  3872.  3650.  3654.  5409.  3581.  4259.
  3289.  5368.  3317.  3975.]
12 [ 4068.  5567.  5662.  4278.  3880.  3681.  3639.  5386.  3548.  4221.
  3344.  5411.  3347.  3968.]
13 [ 4107.  5551.  5652.  4268.  3886.  3698.  3621.  5373.  3511.  4178.
  3370.  5466.  3363.  3956.]
14 [ 4108.  5520.  5638.  4241.  3893.  3717.  3615.  5361.  3510.  4143.
  3414.  5512.  3380.  3948.]
15 [ 4119.  5484.  5612.  4223.  3909.  3729.  3597.  5379.  3477.  4106.
  3479.  5560.  3378.  3948.]
16 [ 4128.  5440.  5600.  4192.  3916.  3744.  3589.  5393.  3474.  4071.
  3525.  5595.  3382.  3951.]
17 [ 4137.  5397.  5612.  4170.  3930.  3748.  3586.  5415.  3468.  4021.
  3547.  5616.  3403.  3950.]
18 [ 4147.  5380.  5630.  4143.  3947.  3750.  3582.  5420.  3455.  3956.
  3549.  5675.  3420.  3946.]
19 [ 4157.  5354.  5662.  4107.  3965.  3754.  3579.  5448.  3430.  3873.
  3540.  5717.  3457.  3957.]
20 [ 4172.  5342.  5713.  4073.  3986.  3752.  3576.  5469.  3372.  3787.
  3532.  5746.  3517.  3963.]
21 [ 4193.  5329.  5742.  4048.  3993.  3750.  3566.  5492.  3305.  3702.
  3514.  5837.  3551.  3978.]
22 [ 4216.  5328.  5736.  4060.  4001.  3741.  3574.  5502.  3255.  3596.
  3512.  5901.  3575.  4003.]
23 [ 4221.  5324.  5744.  4076.  4010.  3734.  3597.  5517.  3179.  3522.
  3491.  5933.  3620.  4032.]
24 [ 4231.  5333.  5742.  4110.  4018.  3723.  3631.  5520.  3118.  3418.
  3491.  5910.  3679.  4076.]
25 [ 4247.  5343.  5739.  4156.  4046.  3710.  3663.  5526.  3017.  3330.
  3482.  5869.  3738.  4134.]
26 [ 4254.  5374.  5718.  4190.  4050.  3711.  3692.  5534.  2963.  3255.
  3476.  5787.  3803.  4193.]
27 [ 4270.  5414.  5717.  4221.  4048.  3710.  3716.  5524.  2926.  3185.
  3455.  5674.  3867.  4273.]
28 [ 4285.  5448.  5699.  4280.  4038.  3718.  3756.  5511.  2891.  3112.
  3428.  5553.  3923.  4358.]
29 [ 4306.  5480.  5684.  4333.  4032.  3725.  3797.  5491.  2873.  3046.
  3393.  5419.  3969.  4452.]
30 [ 4319.  5489.  5664.  4383.  4019.  3729.  3853.  5460.  2858.  2998.
  3363.  5317.  4032.  4516.]
31 [ 4332.  5512.  5644.  4430.  3989.  3733.  3907.  5440.  2847.  2959.
  3327.  5217.  4081.  4582.]
32 [ 4337.  5530.  5628.  4454.  3966.  3739.  3953.  5413.  2844.  2925.
  3293.  5145.  4130.  4643.]
33 [ 4341.  5539.  5620.  4472.  3934.  3740.  3991.  5379.  2841.  2906.
  3264.  5110.  4177.  4686.]
34 [ 4347.  5549.  5592.  4484.  3910.  3747.  4024.  5355.  2840.  2900.
  3249.  5065.  4209.  4729.]
35 [ 4355.  5542.  5567.  4495.  3904.  3756.  4057.  5333.  2845.  2885.
  3235.  5015.  4248.  4763.]
36 [ 4359.  5547.  5536.  4503.  3881.  3759.  4095.  5303.  2844.  2871.
  3223.  5000.  4295.  4784.]
37 [ 4365.  5547.  5519.  4508.  3870.  3762.  4119.  5272.  2840.  2868.
  3214.  4979.  4336.  4801.]
38 [ 4368.  5536.  5501.  4524.  3857.  3767.  4149.  5244.  2841.  2859.
  3201.  4972.  4359.  4822.]
39 [ 4379.  5515.  5490.  4547.  3829.  3773.  4171.  5222.  2843.  2849.
  3191.  4978.  4378.  4835.]
40 [ 4390.  5497.  5487.  4574.  3812.  3781.  4182.  5195.  2842.  2845.
  3177.  4981.  4396.  4841.]
41 [ 4404.  5479.  5473.  4592.  3785.  3791.  4183.  5179.  2850.  2837.
  3167.  4998.  4410.  4852.]
42 [ 4410.  5462.  5457.  4605.  3768.  3799.  4194.  5163.  2850.  2835.
  3155.  5022.  4427.  4853.]
43 [ 4410.  5439.  5444.  4618.  3754.  3801.  4224.  5149.  2851.  2830.
  3144.  5048.  4435.  4853.]
44 [ 4418.  5424.  5421.  4633.  3734.  3801.  4241.  5120.  2853.  2831.
  3135.  5078.  4454.  4857.]
45 [ 4422.  5398.  5402.  4645.  3712.  3802.  4261.  5088.  2855.  2833.
  3130.  5109.  4485.  4858.]
46 [ 4427.  5399.  5384.  4657.  3694.  3806.  4266.  5063.  2857.  2832.
  3124.  5127.  4510.  4854.]
47 [ 4430.  5401.  5353.  4673.  3682.  3810.  4279.  5037.  2857.  2834.
  3121.  5139.  4529.  4855.]
48 [ 4434.  5396.  5349.  4684.  3663.  3816.  4295.  5007.  2858.  2838.
  3111.  5136.  4556.  4857.]
49 [ 4439.  5396.  5331.  4704.  3639.  3822.  4306.  4971.  2860.  2842.
  3110.  5147.  4581.  4852.]
50 [ 4440.  5398.  5302.  4728.  3617.  3826.  4315.  4935.  2860.  2843.
  3104.  5164.  4612.  4856.]
51 [ 4441.  5396.  5273.  4750.  3599.  3827.  4338.  4895.  2857.  2846.
  3100.  5171.  4649.  4858.]
52 [ 4440.  5403.  5255.  4756.  3584.  3827.  4338.  4857.  2854.  2849.
  3096.  5191.  4689.  4861.]
53 [ 4443.  5408.  5233.  4756.  3576.  3828.  4344.  4835.  2855.  2849.
  3101.  5197.  4709.  4866.]
54 [ 4449.  5416.  5213.  4755.  3563.  3826.  4342.  4829.  2855.  2849.
  3100.  5208.  4723.  4872.]
55 [ 4450.  5419.  5199.  4757.  3554.  3826.  4336.  4824.  2853.  2848.
  3109.  5217.  4736.  4872.]
56 [ 4451.  5428.  5185.  4756.  3550.  3831.  4340.  4809.  2848.  2849.
  3112.  5215.  4753.  4873.]
57 [ 4450.  5431.  5177.  4757.  3548.  3834.  4340.  4793.  2847.  2848.
  3116.  5214.  4768.  4877.]
58 [ 4448.  5433.  5171.  4776.  3544.  3838.  4347.  4776.  2848.  2843.
  3117.  5207.  4770.  4882.]
59 [ 4449.  5430.  5166.  4782.  3536.  3844.  4355.  4764.  2848.  2844.
  3122.  5200.  4774.  4886.]
60 [ 4451.  5428.  5161.  4781.  3530.  3851.  4362.  4754.  2844.  2845.
  3124.  5195.  4787.  4887.]
61 [ 4450.  5428.  5160.  4788.  3529.  3858.  4369.  4750.  2845.  2845.
  3124.  5184.  4780.  4890.]
62 [ 4448.  5434.  5160.  4797.  3528.  3863.  4367.  4755.  2841.  2846.
  3124.  5179.  4765.  4893.]
63 [ 4443.  5441.  5160.  4795.  3527.  3870.  4365.  4760.  2840.  2850.
  3124.  5172.  4763.  4890.]
64 [ 4447.  5453.  5156.  4789.  3523.  3876.  4358.  4751.  2837.  2851.
  3124.  5170.  4775.  4890.]
65 [ 4447.  5460.  5157.  4787.  3521.  3878.  4357.  4736.  2837.  2851.
  3124.  5169.  4780.  4896.]
66 [ 4448.  5477.  5155.  4802.  3520.  3879.  4355.  4719.  2835.  2850.
  3124.  5165.  4772.  4899.]
67 [ 4450.  5485.  5153.  4816.  3521.  3881.  4352.  4689.  2835.  2851.
  3124.  5159.  4779.  4905.]
68 [ 4444.  5491.  5158.  4837.  3518.  3882.  4345.  4660.  2835.  2850.
  3124.  5158.  4787.  4911.]
69 [ 4446.  5496.  5161.  4859.  3516.  3882.  4347.  4603.  2833.  2850.
  3122.  5160.  4814.  4911.]
70 [ 4441.  5497.  5163.  4879.  3513.  3884.  4344.  4557.  2827.  2847.
  3125.  5164.  4847.  4912.]
71 [ 4435.  5513.  5162.  4883.  3509.  3885.  4340.  4521.  2822.  2846.
  3127.  5161.  4882.  4914.]
72 [ 4435.  5525.  5163.  4895.  3504.  3887.  4343.  4471.  2816.  2844.
  3129.  5155.  4912.  4921.]
73 [ 4434.  5532.  5163.  4905.  3502.  3889.  4341.  4418.  2813.  2842.
  3131.  5157.  4948.  4925.]
74 [ 4436.  5545.  5159.  4919.  3502.  3890.  4346.  4376.  2808.  2841.
  3130.  5149.  4971.  4928.]
75 [ 4435.  5559.  5159.  4911.  3501.  3894.  4353.  4349.  2802.  2841.
  3130.  5145.  4988.  4933.]
76 [ 4431.  5575.  5160.  4898.  3504.  3903.  4361.  4333.  2794.  2840.
  3130.  5141.  4994.  4936.]
77 [ 4428.  5581.  5162.  4882.  3503.  3908.  4362.  4319.  2790.  2842.
  3130.  5142.  5011.  4940.]
78 [ 4431.  5587.  5163.  4869.  3507.  3914.  4376.  4300.  2789.  2841.
  3129.  5141.  5009.  4944.]
79 [ 4429.  5593.  5165.  4854.  3508.  3916.  4380.  4275.  2789.  2841.
  3126.  5137.  5037.  4950.]
80 [ 4425.  5606.  5167.  4826.  3511.  3917.  4385.  4256.  2788.  2838.
  3121.  5136.  5071.  4953.]
81 [ 4425.  5614.  5164.  4807.  3515.  3924.  4393.  4238.  2785.  2839.
  3118.  5133.  5087.  4958.]
82 [ 4427.  5619.  5170.  4777.  3516.  3925.  4399.  4229.  2782.  2840.
  3116.  5132.  5103.  4965.]
83 [ 4424.  5624.  5171.  4761.  3515.  3924.  4400.  4234.  2780.  2839.
  3116.  5131.  5113.  4968.]
84 [ 4426.  5626.  5173.  4734.  3516.  3924.  4402.  4235.  2780.  2840.
  3118.  5131.  5125.  4970.]
85 [ 4424.  5628.  5175.  4710.  3517.  3924.  4403.  4247.  2777.  2838.
  3116.  5136.  5134.  4971.]
86 [ 4427.  5632.  5172.  4690.  3518.  3926.  4403.  4248.  2775.  2833.
  3115.  5139.  5148.  4974.]
87 [ 4427.  5638.  5167.  4678.  3523.  3924.  4405.  4243.  2774.  2831.
  3113.  5140.  5161.  4976.]
88 [ 4426.  5635.  5166.  4665.  3526.  3924.  4410.  4243.  2774.  2829.
  3110.  5139.  5176.  4977.]
89 [ 4427.  5639.  5164.  4655.  3527.  3924.  4412.  4229.  2776.  2830.
  3110.  5141.  5187.  4979.]
90 [ 4428.  5639.  5163.  4641.  3526.  3923.  4412.  4231.  2776.  2833.
  3110.  5141.  5195.  4982.]
91 [ 4429.  5640.  5162.  4628.  3526.  3922.  4415.  4235.  2776.  2834.
  3110.  5142.  5197.  4984.]
92 [ 4429.  5641.  5161.  4617.  3527.  3921.  4416.  4237.  2775.  2834.
  3111.  5144.  5200.  4987.]
93 [ 4429.  5641.  5161.  4607.  3527.  3921.  4416.  4239.  2776.  2833.
  3110.  5145.  5207.  4988.]
94 [ 4430.  5644.  5161.  4599.  3527.  3921.  4416.  4238.  2777.  2833.
  3110.  5146.  5210.  4988.]
95 [ 4430.  5645.  5161.  4592.  3527.  3921.  4417.  4239.  2778.  2832.
  3110.  5147.  5213.  4988.]
96 [ 4430.  5647.  5160.  4588.  3527.  3921.  4419.  4239.  2778.  2832.
  3110.  5149.  5212.  4988.]
97 [ 4430.  5647.  5160.  4588.  3527.  3922.  4421.  4230.  2778.  2832.
  3110.  5149.  5216.  4990.]
98 [ 4429.  5647.  5160.  4585.  3527.  3922.  4422.  4233.  2779.  2832.
  3110.  5150.  5213.  4991.]
99 [ 4429.  5648.  5160.  4582.  3527.  3922.  4422.  4231.  2779.  2832.
  3109.  5151.  5215.  4993.]
100 [ 4429.  5650.  5160.  4581.  3527.  3923.  4422.  4233.  2779.  2832.
  3109.  5150.  5212.  4993.]
101 [ 4429.  5651.  5159.  4581.  3527.  3923.  4422.  4234.  2779.  2831.
  3109.  5150.  5212.  4993.]
102 [ 4429.  5652.  5158.  4582.  3527.  3923.  4422.  4237.  2779.  2831.
  3110.  5150.  5206.  4994.]
103 [ 4429.  5652.  5158.  4582.  3527.  3923.  4422.  4238.  2779.  2831.
  3110.  5150.  5205.  4994.]
104 [ 4429.  5652.  5158.  4582.  3527.  3923.  4422.  4241.  2779.  2831.
  3110.  5149.  5203.  4994.]
105 [ 4429.  5652.  5158.  4582.  3527.  3923.  4422.  4242.  2779.  2831.
  3110.  5149.  5202.  4994.]
[ 4429.  5652.  5158.  4582.  3527.  3923.  4422.  4242.  2779.  2831.
  3110.  5149.  5202.  4994.]
Time spent clustering :  8548.03155398
means_kplusplus_cluster14
Digit: 0  Purity: 91.1% SD: 1672.2  Count: 5610
Digit: 1  Purity: 74.8% SD: 1164.2  Count: 8917
Digit: 2  Purity: 93.9% SD: 1782.5  Count: 4429
Digit: 3  Purity: 52.3% SD: 1672.2  Count: 9444
Digit: 4  Purity: 45.1% SD: 1676.2  Count: 4422
Digit: 5  Purity:  0.0% SD:    0.0  Count: 0
Digit: 6  Purity: 63.8% SD: 1610.6  Count: 8676
Digit: 7  Purity: 59.8% SD: 1464.5  Count: 8268
Digit: 8  Purity: 73.5% SD: 1628.8  Count: 4582
Digit: 9  Purity: 45.6% SD: 1457.9  Count: 5652
Our accuracy in predicting test data for k = 14 was 65.6765676568 %
Time spent testing :  26.3430850506
