16 means random 100
0 [ 5743.   981.  3641.  4253.  5163.  1815.  4080.  5873.  5322.  2260.
  4143.  3070.  5189.  3045.  2038.  3384.]
1 [ 5018.  1375.  4351.  4028.  3814.  2347.  3133.  4562.  4837.  2302.
  4328.  3471.  5661.  4353.  2731.  3689.]
2 [ 4534.  1815.  4401.  3933.  3276.  2548.  2908.  4655.  4665.  2364.
  3983.  3554.  5822.  4518.  3220.  3804.]
3 [ 4281.  2235.  4386.  3867.  3057.  2696.  2728.  4581.  4579.  2473.
  3523.  3682.  5960.  4689.  3529.  3734.]
4 [ 4098.  2613.  4367.  3747.  2923.  2832.  2618.  4455.  4552.  2580.
  3198.  3783.  6051.  4875.  3747.  3561.]
5 [ 3942.  2954.  4348.  3631.  2839.  2958.  2562.  4343.  4552.  2645.
  3020.  3890.  6080.  4976.  3868.  3392.]
6 [ 3852.  3260.  4344.  3496.  2794.  3033.  2612.  4215.  4560.  2674.
  2893.  3993.  6023.  5033.  3881.  3337.]
7 [ 3796.  3424.  4322.  3384.  2768.  3130.  2665.  4125.  4592.  2702.
  2815.  4088.  5945.  5041.  3873.  3330.]
8 [ 3754.  3547.  4348.  3296.  2753.  3227.  2726.  4057.  4632.  2715.
  2764.  4146.  5847.  5053.  3801.  3334.]
9 [ 3723.  3624.  4362.  3239.  2739.  3331.  2763.  4013.  4666.  2723.
  2719.  4203.  5755.  5060.  3714.  3366.]
10 [ 3711.  3632.  4359.  3199.  2727.  3452.  2774.  4028.  4696.  2715.
  2695.  4233.  5684.  5049.  3665.  3381.]
11 [ 3709.  3624.  4340.  3195.  2726.  3538.  2790.  4043.  4735.  2709.
  2681.  4256.  5594.  5045.  3597.  3418.]
12 [ 3703.  3637.  4303.  3187.  2727.  3594.  2812.  4061.  4764.  2708.
  2672.  4267.  5508.  5049.  3561.  3447.]
13 [ 3700.  3652.  4287.  3178.  2722.  3621.  2816.  4087.  4780.  2715.
  2668.  4283.  5444.  5057.  3515.  3475.]
14 [ 3699.  3656.  4282.  3161.  2719.  3656.  2824.  4129.  4790.  2717.
  2665.  4292.  5376.  5066.  3477.  3491.]
15 [ 3700.  3646.  4280.  3160.  2717.  3688.  2842.  4143.  4793.  2720.
  2668.  4295.  5305.  5077.  3459.  3507.]
16 [ 3702.  3638.  4288.  3159.  2718.  3701.  2860.  4156.  4800.  2724.
  2674.  4302.  5260.  5062.  3444.  3512.]
17 [ 3702.  3631.  4294.  3168.  2716.  3699.  2874.  4176.  4803.  2724.
  2681.  4302.  5220.  5057.  3438.  3515.]
18 [ 3702.  3626.  4281.  3182.  2712.  3703.  2896.  4180.  4813.  2721.
  2684.  4302.  5172.  5074.  3432.  3520.]
19 [ 3702.  3620.  4289.  3186.  2712.  3691.  2912.  4198.  4822.  2720.
  2689.  4299.  5122.  5090.  3428.  3520.]
20 [ 3701.  3617.  4289.  3197.  2712.  3689.  2926.  4196.  4835.  2719.
  2694.  4303.  5085.  5104.  3413.  3520.]
21 [ 3701.  3621.  4284.  3208.  2710.  3684.  2931.  4208.  4843.  2717.
  2692.  4302.  5052.  5129.  3399.  3519.]
22 [ 3703.  3619.  4281.  3218.  2709.  3682.  2938.  4215.  4845.  2711.
  2693.  4306.  5023.  5147.  3389.  3521.]
23 [ 3704.  3610.  4282.  3233.  2705.  3682.  2950.  4219.  4849.  2714.
  2692.  4306.  4981.  5174.  3376.  3523.]
24 [ 3702.  3608.  4279.  3240.  2705.  3678.  2960.  4229.  4856.  2715.
  2694.  4305.  4940.  5197.  3368.  3524.]
25 [ 3701.  3608.  4277.  3250.  2702.  3674.  2968.  4231.  4863.  2720.
  2695.  4306.  4911.  5212.  3357.  3525.]
26 [ 3699.  3608.  4270.  3267.  2696.  3675.  2971.  4228.  4867.  2725.
  2696.  4306.  4891.  5224.  3351.  3526.]
27 [ 3698.  3608.  4258.  3278.  2689.  3675.  2969.  4239.  4875.  2729.
  2700.  4309.  4875.  5227.  3342.  3529.]
28 [ 3699.  3613.  4253.  3281.  2684.  3673.  2966.  4244.  4878.  2735.
  2702.  4313.  4857.  5236.  3340.  3526.]
29 [ 3698.  3615.  4244.  3286.  2683.  3669.  2969.  4250.  4881.  2738.
  2702.  4315.  4841.  5242.  3340.  3527.]
30 [ 3698.  3615.  4238.  3292.  2682.  3665.  2974.  4254.  4883.  2740.
  2701.  4316.  4827.  5246.  3339.  3530.]
31 [ 3698.  3616.  4237.  3299.  2682.  3655.  2974.  4257.  4884.  2739.
  2700.  4316.  4820.  5252.  3339.  3532.]
32 [ 3697.  3618.  4227.  3312.  2681.  3653.  2974.  4261.  4884.  2739.
  2697.  4315.  4814.  5256.  3336.  3536.]
33 [ 3695.  3619.  4221.  3317.  2679.  3656.  2979.  4258.  4886.  2741.
  2697.  4315.  4811.  5252.  3336.  3538.]
34 [ 3694.  3620.  4219.  3321.  2680.  3653.  2982.  4259.  4886.  2741.
  2695.  4318.  4809.  5249.  3335.  3539.]
35 [ 3694.  3624.  4215.  3321.  2680.  3652.  2985.  4259.  4887.  2741.
  2693.  4320.  4808.  5246.  3335.  3540.]
36 [ 3694.  3625.  4214.  3324.  2680.  3651.  2987.  4260.  4886.  2741.
  2690.  4322.  4805.  5246.  3335.  3540.]
37 [ 3694.  3626.  4214.  3326.  2680.  3649.  2987.  4261.  4885.  2741.
  2689.  4324.  4803.  5246.  3334.  3541.]
38 [ 3694.  3628.  4213.  3326.  2680.  3649.  2990.  4262.  4884.  2741.
  2688.  4323.  4801.  5244.  3335.  3542.]
39 [ 3694.  3627.  4212.  3328.  2680.  3649.  2992.  4263.  4883.  2741.
  2688.  4323.  4798.  5243.  3336.  3543.]
40 [ 3694.  3629.  4212.  3330.  2680.  3649.  2993.  4263.  4883.  2740.
  2688.  4322.  4798.  5240.  3336.  3543.]
41 [ 3694.  3627.  4214.  3331.  2680.  3650.  2992.  4264.  4883.  2740.
  2688.  4322.  4798.  5240.  3335.  3542.]
42 [ 3694.  3627.  4214.  3332.  2680.  3651.  2992.  4264.  4883.  2740.
  2688.  4322.  4798.  5240.  3334.  3541.]
43 [ 3694.  3628.  4213.  3332.  2680.  3652.  2992.  4264.  4883.  2739.
  2688.  4322.  4798.  5239.  3335.  3541.]
44 [ 3694.  3627.  4213.  3332.  2680.  3654.  2992.  4264.  4883.  2739.
  2688.  4322.  4797.  5239.  3335.  3541.]
45 [ 3694.  3626.  4213.  3331.  2680.  3654.  2992.  4265.  4883.  2739.
  2688.  4322.  4798.  5239.  3335.  3541.]
[ 3694.  3626.  4213.  3331.  2680.  3654.  2992.  4265.  4883.  2739.
  2688.  4322.  4798.  5239.  3335.  3541.]
Time spent clustering :  5092.25378704
means_random_cluster16
Digit: 0  Purity: 92.6% SD: 1660.2  Count: 5419
Digit: 1  Purity: 77.3% SD: 1138.1  Count: 8577
Digit: 2  Purity: 95.8% SD: 1777.4  Count: 4322
Digit: 3  Purity: 57.9% SD: 1662.1  Count: 7280
Digit: 4  Purity: 46.4% SD: 1663.4  Count: 4265
Digit: 5  Purity: 50.5% SD: 1602.2  Count: 3335
Digit: 6  Purity: 86.5% SD: 1565.1  Count: 6229
Digit: 7  Purity: 64.0% SD: 1446.8  Count: 7790
Digit: 8  Purity: 56.9% SD: 1604.7  Count: 7544
Digit: 9  Purity: 47.9% SD: 1440.7  Count: 5239
Our accuracy in predicting test data for k = 16 was 68.3268326833 %
Time spent testing :  41.852935791
