19 means kplusplus 100
0 [  912.  3875.  2280.  1237.  1726.  1548.  1554.  1893.  4601.  3807.
  2616.  4249.  6736.  1463.  9383.  3019.  3045.  3548.  2508.]
1 [ 1547.  4099.  2159.  1454.  1997.  1761.  2051.  2411.  3868.  5138.
  3318.  3645.  6021.  1608.  7233.  2784.  3141.  3056.  2709.]
2 [ 1875.  4293.  2184.  1555.  2172.  1976.  2378.  2575.  3563.  5648.
  3472.  3566.  5420.  1888.  6068.  2522.  3095.  2853.  2897.]
3 [ 2029.  4428.  2251.  1681.  2315.  2098.  2527.  2612.  3495.  5745.
  3530.  3639.  4861.  2145.  5339.  2436.  3117.  2743.  3009.]
4 [ 2132.  4473.  2282.  1809.  2436.  2188.  2600.  2596.  3483.  5610.
  3538.  3802.  4405.  2382.  4895.  2431.  3118.  2724.  3096.]
5 [ 2240.  4391.  2293.  1961.  2539.  2253.  2621.  2559.  3507.  5360.
  3544.  3913.  4074.  2623.  4701.  2454.  3073.  2732.  3162.]
6 [ 2332.  4328.  2313.  2074.  2606.  2307.  2641.  2523.  3512.  5076.
  3564.  4017.  3874.  2835.  4581.  2474.  3052.  2717.  3174.]
7 [ 2427.  4227.  2339.  2160.  2662.  2379.  2644.  2479.  3484.  4818.
  3587.  4037.  3741.  3057.  4556.  2498.  3038.  2699.  3168.]
8 [ 2518.  4123.  2381.  2233.  2691.  2460.  2657.  2425.  3446.  4603.
  3652.  4052.  3664.  3231.  4544.  2522.  3041.  2678.  3079.]
9 [ 2596.  4016.  2409.  2306.  2694.  2512.  2650.  2403.  3400.  4416.
  3695.  4072.  3633.  3364.  4552.  2547.  3052.  2638.  3045.]
10 [ 2674.  3906.  2487.  2364.  2644.  2576.  2643.  2376.  3379.  4227.
  3745.  4122.  3600.  3487.  4587.  2565.  3039.  2614.  2965.]
11 [ 2760.  3794.  2568.  2421.  2575.  2635.  2648.  2356.  3361.  4064.
  3746.  4177.  3575.  3581.  4651.  2577.  3025.  2596.  2890.]
12 [ 2874.  3657.  2622.  2451.  2513.  2691.  2634.  2307.  3368.  3924.
  3739.  4248.  3556.  3679.  4720.  2584.  3005.  2614.  2814.]
13 [ 2982.  3508.  2680.  2522.  2483.  2747.  2623.  2286.  3394.  3792.
  3726.  4323.  3537.  3743.  4779.  2595.  2971.  2608.  2701.]
14 [ 3088.  3344.  2726.  2584.  2462.  2782.  2610.  2268.  3421.  3687.
  3689.  4401.  3523.  3811.  4811.  2611.  2952.  2609.  2621.]
15 [ 3196.  3204.  2760.  2641.  2439.  2825.  2601.  2283.  3441.  3624.
  3616.  4429.  3508.  3833.  4840.  2620.  2980.  2609.  2551.]
16 [ 3301.  3119.  2782.  2681.  2422.  2861.  2596.  2306.  3450.  3554.
  3562.  4422.  3498.  3873.  4865.  2622.  3000.  2605.  2481.]
17 [ 3361.  3045.  2775.  2733.  2406.  2886.  2593.  2336.  3466.  3512.
  3522.  4396.  3479.  3885.  4890.  2628.  3019.  2618.  2450.]
18 [ 3416.  2995.  2779.  2813.  2395.  2891.  2589.  2367.  3495.  3488.
  3490.  4316.  3469.  3890.  4899.  2638.  3027.  2622.  2421.]
19 [ 3452.  2954.  2771.  2872.  2380.  2905.  2580.  2387.  3514.  3477.
  3475.  4257.  3466.  3905.  4895.  2646.  3035.  2622.  2407.]
20 [ 3473.  2938.  2774.  2910.  2373.  2918.  2569.  2412.  3524.  3463.
  3454.  4205.  3466.  3911.  4884.  2657.  3045.  2617.  2407.]
21 [ 3489.  2918.  2774.  2954.  2367.  2946.  2564.  2431.  3527.  3452.
  3427.  4153.  3458.  3922.  4863.  2670.  3064.  2616.  2405.]
22 [ 3507.  2891.  2776.  2991.  2361.  2966.  2561.  2455.  3519.  3453.
  3412.  4088.  3450.  3954.  4843.  2677.  3085.  2618.  2393.]
23 [ 3523.  2880.  2773.  3016.  2354.  2984.  2561.  2472.  3506.  3464.
  3394.  4046.  3445.  3967.  4828.  2685.  3096.  2617.  2389.]
24 [ 3536.  2867.  2773.  3038.  2350.  3009.  2556.  2494.  3500.  3472.
  3378.  4022.  3444.  3969.  4812.  2691.  3094.  2614.  2381.]
25 [ 3548.  2856.  2773.  3053.  2348.  3020.  2546.  2515.  3491.  3483.
  3371.  3990.  3445.  3978.  4805.  2698.  3090.  2616.  2374.]
26 [ 3555.  2845.  2775.  3064.  2349.  3038.  2544.  2524.  3487.  3488.
  3362.  3963.  3446.  3990.  4803.  2700.  3088.  2613.  2366.]
27 [ 3558.  2835.  2781.  3074.  2350.  3045.  2539.  2532.  3488.  3492.
  3359.  3949.  3450.  3998.  4798.  2703.  3079.  2614.  2356.]
28 [ 3563.  2827.  2791.  3087.  2350.  3047.  2535.  2537.  3487.  3501.
  3353.  3926.  3450.  4008.  4792.  2706.  3077.  2617.  2346.]
29 [ 3571.  2820.  2798.  3098.  2351.  3049.  2531.  2539.  3488.  3504.
  3349.  3901.  3452.  4016.  4786.  2711.  3078.  2618.  2340.]
30 [ 3574.  2812.  2803.  3103.  2353.  3065.  2530.  2548.  3481.  3503.
  3339.  3888.  3450.  4026.  4782.  2712.  3081.  2618.  2332.]
31 [ 3577.  2808.  2813.  3111.  2353.  3071.  2531.  2553.  3480.  3512.
  3330.  3879.  3448.  4025.  4772.  2712.  3080.  2618.  2327.]
32 [ 3575.  2804.  2823.  3116.  2352.  3074.  2531.  2558.  3478.  3520.
  3329.  3875.  3447.  4025.  4763.  2713.  3076.  2618.  2323.]
33 [ 3575.  2804.  2829.  3113.  2351.  3075.  2526.  2563.  3479.  3516.
  3328.  3870.  3444.  4034.  4760.  2716.  3078.  2618.  2321.]
34 [ 3578.  2806.  2834.  3114.  2350.  3065.  2524.  2565.  3475.  3519.
  3329.  3859.  3443.  4042.  4758.  2718.  3079.  2621.  2321.]
35 [ 3578.  2804.  2835.  3125.  2349.  3069.  2526.  2569.  3472.  3522.
  3329.  3846.  3443.  4042.  4755.  2718.  3081.  2622.  2315.]
36 [ 3575.  2795.  2840.  3138.  2349.  3071.  2527.  2570.  3472.  3525.
  3329.  3834.  3441.  4046.  4753.  2718.  3079.  2624.  2314.]
37 [ 3573.  2788.  2840.  3150.  2349.  3075.  2529.  2572.  3470.  3527.
  3330.  3826.  3441.  4056.  4746.  2718.  3077.  2625.  2308.]
38 [ 3572.  2776.  2850.  3175.  2349.  3079.  2527.  2574.  3467.  3532.
  3328.  3809.  3440.  4055.  4746.  2718.  3077.  2625.  2301.]
39 [ 3567.  2764.  2859.  3198.  2348.  3088.  2526.  2575.  3466.  3535.
  3330.  3797.  3439.  4052.  4741.  2718.  3078.  2626.  2293.]
40 [ 3564.  2753.  2867.  3210.  2348.  3087.  2524.  2578.  3463.  3543.
  3332.  3785.  3438.  4057.  4732.  2718.  3080.  2628.  2293.]
41 [ 3562.  2744.  2873.  3219.  2348.  3087.  2525.  2580.  3463.  3548.
  3328.  3775.  3440.  4060.  4727.  2718.  3083.  2628.  2292.]
42 [ 3557.  2739.  2878.  3230.  2349.  3091.  2526.  2583.  3462.  3551.
  3325.  3768.  3440.  4053.  4719.  2718.  3088.  2628.  2295.]
43 [ 3554.  2735.  2883.  3242.  2350.  3093.  2525.  2585.  3463.  3552.
  3324.  3764.  3441.  4046.  4713.  2719.  3089.  2628.  2294.]
44 [ 3550.  2731.  2889.  3255.  2350.  3104.  2526.  2585.  3464.  3552.
  3316.  3754.  3442.  4045.  4707.  2719.  3087.  2630.  2294.]
45 [ 3549.  2729.  2897.  3269.  2348.  3108.  2526.  2586.  3466.  3553.
  3308.  3742.  3441.  4041.  4700.  2719.  3091.  2633.  2294.]
46 [ 3544.  2726.  2909.  3285.  2347.  3114.  2526.  2587.  3466.  3555.
  3300.  3728.  3441.  4035.  4694.  2719.  3098.  2634.  2292.]
47 [ 3540.  2723.  2918.  3305.  2347.  3125.  2527.  2588.  3467.  3559.
  3292.  3708.  3439.  4033.  4686.  2718.  3104.  2633.  2288.]
48 [ 3540.  2719.  2927.  3325.  2347.  3134.  2526.  2589.  3467.  3562.
  3281.  3683.  3438.  4037.  4679.  2717.  3109.  2634.  2286.]
49 [ 3532.  2711.  2934.  3343.  2346.  3146.  2526.  2591.  3467.  3567.
  3273.  3666.  3438.  4039.  4671.  2717.  3114.  2634.  2285.]
50 [ 3528.  2707.  2939.  3358.  2346.  3155.  2526.  2592.  3466.  3574.
  3267.  3655.  3437.  4032.  4665.  2717.  3117.  2635.  2284.]
51 [ 3527.  2700.  2939.  3374.  2346.  3168.  2526.  2593.  3466.  3587.
  3261.  3638.  3436.  4032.  4657.  2718.  3114.  2635.  2283.]
52 [ 3529.  2695.  2943.  3393.  2348.  3178.  2525.  2595.  3467.  3593.
  3249.  3632.  3435.  4025.  4645.  2718.  3111.  2636.  2283.]
53 [ 3530.  2687.  2945.  3417.  2351.  3189.  2525.  2593.  3470.  3599.
  3237.  3619.  3435.  4021.  4632.  2718.  3117.  2636.  2279.]
54 [ 3528.  2673.  2946.  3440.  2353.  3197.  2524.  2592.  3470.  3608.
  3228.  3597.  3436.  4033.  4622.  2718.  3116.  2639.  2280.]
55 [ 3530.  2662.  2947.  3459.  2354.  3194.  2523.  2592.  3470.  3615.
  3223.  3575.  3438.  4052.  4609.  2717.  3120.  2640.  2280.]
56 [ 3527.  2650.  2946.  3474.  2356.  3201.  2520.  2592.  3472.  3623.
  3217.  3550.  3439.  4072.  4601.  2717.  3123.  2640.  2280.]
57 [ 3527.  2636.  2944.  3480.  2358.  3205.  2519.  2591.  3471.  3638.
  3212.  3526.  3440.  4106.  4590.  2717.  3124.  2640.  2276.]
58 [ 3527.  2627.  2944.  3494.  2360.  3207.  2517.  2593.  3471.  3646.
  3210.  3516.  3440.  4117.  4572.  2717.  3123.  2640.  2279.]
59 [ 3530.  2618.  2950.  3520.  2361.  3203.  2517.  2596.  3472.  3664.
  3206.  3488.  3440.  4130.  4556.  2717.  3116.  2640.  2276.]
60 [ 3531.  2602.  2952.  3550.  2362.  3208.  2516.  2594.  3474.  3671.
  3200.  3460.  3439.  4153.  4542.  2717.  3112.  2639.  2278.]
61 [ 3524.  2590.  2951.  3567.  2364.  3218.  2516.  2593.  3476.  3674.
  3197.  3434.  3439.  4186.  4527.  2717.  3109.  2639.  2279.]
62 [ 3517.  2580.  2950.  3594.  2365.  3221.  2516.  2595.  3477.  3696.
  3201.  3396.  3439.  4198.  4517.  2717.  3104.  2639.  2278.]
63 [ 3512.  2573.  2948.  3608.  2366.  3229.  2516.  2597.  3477.  3716.
  3199.  3367.  3437.  4211.  4505.  2717.  3107.  2639.  2276.]
64 [ 3509.  2561.  2951.  3624.  2366.  3229.  2516.  2596.  3480.  3734.
  3199.  3335.  3439.  4237.  4491.  2718.  3103.  2637.  2275.]
65 [ 3507.  2558.  2952.  3640.  2365.  3232.  2517.  2595.  3485.  3750.
  3198.  3304.  3438.  4239.  4484.  2719.  3106.  2635.  2276.]
66 [ 3505.  2550.  2955.  3654.  2366.  3231.  2516.  2595.  3485.  3761.
  3198.  3295.  3436.  4229.  4486.  2720.  3107.  2635.  2276.]
67 [ 3504.  2540.  2957.  3669.  2366.  3233.  2516.  2595.  3485.  3773.
  3196.  3285.  3432.  4225.  4485.  2720.  3106.  2636.  2277.]
68 [ 3504.  2535.  2959.  3685.  2366.  3234.  2516.  2595.  3485.  3777.
  3195.  3276.  3431.  4223.  4481.  2720.  3104.  2636.  2278.]
69 [ 3503.  2532.  2962.  3697.  2366.  3234.  2516.  2595.  3485.  3779.
  3193.  3274.  3431.  4219.  4478.  2720.  3100.  2636.  2280.]
70 [ 3503.  2532.  2964.  3708.  2367.  3230.  2516.  2595.  3486.  3778.
  3192.  3265.  3431.  4219.  4478.  2720.  3099.  2636.  2281.]
71 [ 3503.  2529.  2967.  3710.  2367.  3233.  2516.  2595.  3489.  3782.
  3190.  3251.  3430.  4232.  4475.  2720.  3094.  2635.  2282.]
72 [ 3499.  2525.  2969.  3715.  2369.  3238.  2516.  2595.  3489.  3785.
  3186.  3241.  3430.  4242.  4474.  2720.  3091.  2634.  2282.]
73 [ 3493.  2523.  2976.  3719.  2369.  3236.  2516.  2595.  3489.  3783.
  3184.  3236.  3431.  4248.  4473.  2720.  3093.  2635.  2281.]
74 [ 3486.  2516.  2981.  3721.  2372.  3232.  2516.  2595.  3490.  3783.
  3182.  3230.  3432.  4261.  4470.  2720.  3095.  2636.  2282.]
75 [ 3479.  2514.  2987.  3724.  2372.  3243.  2517.  2595.  3490.  3784.
  3177.  3227.  3428.  4264.  4469.  2720.  3095.  2635.  2280.]
76 [ 3474.  2513.  2989.  3730.  2372.  3244.  2517.  2595.  3490.  3784.
  3177.  3226.  3428.  4264.  4467.  2720.  3094.  2636.  2280.]
77 [ 3472.  2512.  2991.  3735.  2372.  3244.  2517.  2595.  3490.  3783.
  3177.  3224.  3428.  4265.  4467.  2720.  3093.  2636.  2279.]
78 [ 3467.  2511.  2992.  3740.  2372.  3248.  2517.  2595.  3490.  3784.
  3177.  3221.  3428.  4266.  4466.  2720.  3092.  2636.  2278.]
79 [ 3463.  2509.  2994.  3742.  2372.  3254.  2517.  2595.  3490.  3784.
  3175.  3214.  3427.  4272.  4465.  2720.  3091.  2637.  2279.]
80 [ 3460.  2503.  2996.  3745.  2372.  3257.  2516.  2595.  3490.  3788.
  3175.  3206.  3428.  4280.  4460.  2720.  3093.  2637.  2279.]
81 [ 3457.  2498.  2998.  3746.  2372.  3260.  2516.  2595.  3490.  3794.
  3175.  3200.  3429.  4281.  4461.  2721.  3093.  2636.  2278.]
82 [ 3455.  2496.  2998.  3746.  2372.  3264.  2516.  2594.  3490.  3795.
  3172.  3200.  3429.  4286.  4460.  2721.  3091.  2636.  2279.]
83 [ 3453.  2494.  3000.  3744.  2372.  3269.  2517.  2593.  3491.  3795.
  3167.  3202.  3429.  4289.  4458.  2721.  3091.  2636.  2279.]
84 [ 3449.  2492.  3001.  3745.  2374.  3273.  2517.  2592.  3492.  3798.
  3163.  3205.  3429.  4289.  4458.  2721.  3089.  2635.  2278.]
85 [ 3450.  2489.  3001.  3746.  2376.  3279.  2517.  2591.  3494.  3802.
  3159.  3203.  3429.  4288.  4457.  2721.  3089.  2632.  2277.]
86 [ 3446.  2489.  2999.  3747.  2376.  3283.  2517.  2591.  3497.  3805.
  3159.  3202.  3429.  4285.  4456.  2720.  3089.  2633.  2277.]
87 [ 3443.  2488.  2999.  3746.  2375.  3289.  2517.  2591.  3497.  3807.
  3158.  3205.  3429.  4283.  4454.  2720.  3088.  2634.  2277.]
88 [ 3440.  2488.  3002.  3745.  2375.  3290.  2517.  2592.  3497.  3807.
  3157.  3207.  3428.  4281.  4453.  2720.  3088.  2636.  2277.]
89 [ 3434.  2488.  3004.  3744.  2376.  3297.  2517.  2591.  3495.  3809.
  3157.  3208.  3428.  4280.  4452.  2720.  3088.  2636.  2276.]
90 [ 3427.  2488.  3010.  3743.  2376.  3303.  2517.  2591.  3496.  3810.
  3157.  3208.  3428.  4277.  4450.  2720.  3088.  2636.  2275.]
91 [ 3421.  2488.  3013.  3743.  2376.  3311.  2517.  2591.  3496.  3809.
  3157.  3206.  3428.  4278.  4450.  2720.  3088.  2635.  2273.]
92 [ 3417.  2488.  3014.  3743.  2376.  3316.  2516.  2590.  3498.  3809.
  3157.  3206.  3428.  4278.  4450.  2720.  3088.  2635.  2271.]
93 [ 3411.  2488.  3017.  3743.  2375.  3318.  2516.  2590.  3500.  3809.
  3159.  3206.  3428.  4278.  4449.  2720.  3087.  2634.  2272.]
94 [ 3406.  2489.  3018.  3743.  2375.  3321.  2516.  2590.  3500.  3808.
  3160.  3207.  3428.  4277.  4448.  2720.  3089.  2633.  2272.]
95 [ 3402.  2489.  3020.  3743.  2375.  3322.  2516.  2590.  3500.  3807.
  3162.  3207.  3428.  4276.  4449.  2720.  3089.  2633.  2272.]
96 [ 3400.  2489.  3022.  3743.  2375.  3324.  2516.  2589.  3499.  3806.
  3163.  3207.  3428.  4277.  4449.  2720.  3089.  2632.  2272.]
97 [ 3398.  2489.  3021.  3743.  2376.  3326.  2516.  2588.  3499.  3805.
  3164.  3207.  3428.  4277.  4450.  2720.  3089.  2632.  2272.]
98 [ 3394.  2489.  3022.  3743.  2377.  3328.  2516.  2588.  3499.  3805.
  3166.  3207.  3428.  4277.  4450.  2720.  3089.  2631.  2271.]
99 [ 3392.  2489.  3022.  3743.  2377.  3330.  2516.  2588.  3498.  3805.
  3167.  3207.  3428.  4277.  4450.  2720.  3089.  2631.  2271.]
[ 3392.  2489.  3022.  3743.  2377.  3330.  2516.  2588.  3498.  3805.
  3167.  3207.  3428.  4277.  4450.  2720.  3089.  2631.  2271.]
Time spent clustering :  10440.0764868
means_kplusplus_cluster19
Digit: 0  Purity: 93.9% SD: 1652.2  Count: 5236
Digit: 1  Purity: 83.7% SD: 1084.8  Count: 7878
Digit: 2  Purity: 93.7% SD: 1710.2  Count: 5008
Digit: 3  Purity: 62.1% SD: 1653.5  Count: 6559
Digit: 4  Purity: 52.6% SD: 1585.8  Count: 6950
Digit: 5  Purity: 60.1% SD: 1581.9  Count: 5360
Digit: 6  Purity: 88.1% SD: 1554.4  Count: 6086
Digit: 7  Purity: 75.2% SD: 1402.0  Count: 6294
Digit: 8  Purity: 66.8% SD: 1578.9  Count: 6352
Digit: 9  Purity: 46.4% SD: 1386.0  Count: 4277
Our accuracy in predicting test data for k = 19 was 73.0573057306 %
Time spent testing :  40.1637279987
