16 means kplusplus 100
0 [ 3195.  2099.  3244.  4118.  4331.  2900.  2212.  4498.  3239.  3491.
  3667.  2666.  2181.  5597.  4837.  7725.]
1 [ 3406.  2662.  3535.  3963.  5083.  3198.  2244.  3926.  3201.  3630.
  3743.  3180.  2284.  4664.  4516.  6765.]
2 [ 3867.  2886.  3684.  3691.  5663.  3444.  2101.  3534.  3242.  3945.
  3541.  3436.  2318.  4221.  4333.  6094.]
3 [ 4291.  2945.  3650.  3494.  5928.  3884.  2016.  3384.  3290.  4187.
  3240.  3555.  2356.  4022.  4142.  5616.]
4 [ 4546.  3106.  3464.  3364.  5894.  4326.  2072.  3290.  3302.  4377.
  3022.  3600.  2419.  3976.  3977.  5265.]
5 [ 4674.  3283.  3261.  3303.  5728.  4708.  2200.  3235.  3351.  4574.
  2842.  3606.  2431.  3987.  3877.  4940.]
6 [ 4739.  3482.  3119.  3315.  5545.  4968.  2317.  3207.  3344.  4765.
  2698.  3585.  2425.  4005.  3846.  4640.]
7 [ 4718.  3696.  2991.  3367.  5380.  5124.  2435.  3217.  3271.  4932.
  2606.  3610.  2419.  3970.  3843.  4421.]
8 [ 4675.  3843.  2884.  3432.  5255.  5252.  2543.  3253.  3162.  5100.
  2527.  3642.  2391.  3912.  3853.  4276.]
9 [ 4644.  3963.  2840.  3514.  5151.  5325.  2584.  3298.  3055.  5233.
  2440.  3689.  2390.  3836.  3877.  4161.]
10 [ 4615.  4052.  2800.  3592.  5076.  5328.  2633.  3343.  2936.  5305.
  2427.  3739.  2376.  3786.  3912.  4080.]
11 [ 4592.  4072.  2785.  3638.  5002.  5306.  2652.  3395.  2826.  5342.
  2456.  3791.  2367.  3772.  3958.  4046.]
12 [ 4565.  4079.  2778.  3651.  4960.  5290.  2669.  3431.  2742.  5382.
  2494.  3851.  2337.  3762.  4005.  4004.]
13 [ 4539.  4075.  2769.  3657.  4933.  5268.  2679.  3464.  2672.  5409.
  2545.  3909.  2306.  3756.  4044.  3975.]
14 [ 4509.  4095.  2762.  3672.  4927.  5255.  2684.  3485.  2636.  5407.
  2577.  3957.  2257.  3745.  4078.  3954.]
15 [ 4474.  4067.  2758.  3688.  4914.  5260.  2693.  3516.  2606.  5385.
  2613.  4032.  2189.  3744.  4120.  3941.]
16 [ 4446.  4037.  2754.  3727.  4897.  5286.  2703.  3516.  2574.  5357.
  2637.  4085.  2157.  3732.  4157.  3935.]
17 [ 4418.  4008.  2755.  3762.  4890.  5296.  2705.  3516.  2550.  5320.
  2658.  4150.  2126.  3716.  4205.  3925.]
18 [ 4377.  3970.  2756.  3811.  4865.  5299.  2702.  3521.  2543.  5281.
  2673.  4208.  2116.  3712.  4240.  3926.]
19 [ 4349.  3929.  2758.  3867.  4815.  5284.  2705.  3514.  2539.  5246.
  2684.  4251.  2147.  3706.  4286.  3920.]
20 [ 4305.  3879.  2756.  3925.  4750.  5287.  2707.  3524.  2537.  5197.
  2693.  4300.  2192.  3700.  4332.  3916.]
21 [ 4278.  3852.  2747.  3986.  4698.  5241.  2715.  3520.  2534.  5162.
  2700.  4334.  2242.  3690.  4393.  3908.]
22 [ 4242.  3809.  2741.  4068.  4662.  5186.  2721.  3531.  2519.  5106.
  2702.  4388.  2279.  3678.  4463.  3905.]
23 [ 4208.  3753.  2736.  4145.  4626.  5138.  2735.  3546.  2520.  5025.
  2706.  4445.  2324.  3665.  4526.  3902.]
24 [ 4177.  3719.  2732.  4200.  4576.  5129.  2743.  3559.  2521.  4947.
  2709.  4515.  2349.  3648.  4579.  3897.]
25 [ 4142.  3709.  2730.  4234.  4534.  5135.  2747.  3566.  2523.  4880.
  2712.  4574.  2377.  3633.  4613.  3891.]
26 [ 4125.  3681.  2734.  4307.  4492.  5141.  2748.  3586.  2531.  4788.
  2721.  4605.  2399.  3621.  4637.  3884.]
27 [ 4108.  3662.  2733.  4368.  4459.  5146.  2747.  3595.  2527.  4699.
  2724.  4641.  2431.  3612.  4660.  3888.]
28 [ 4100.  3640.  2732.  4436.  4413.  5161.  2741.  3610.  2530.  4599.
  2727.  4680.  2461.  3599.  4679.  3892.]
29 [ 4083.  3635.  2734.  4527.  4370.  5182.  2730.  3614.  2527.  4493.
  2729.  4712.  2484.  3590.  4694.  3896.]
30 [ 4066.  3638.  2722.  4606.  4340.  5212.  2725.  3620.  2526.  4404.
  2725.  4735.  2501.  3579.  4707.  3894.]
31 [ 4056.  3630.  2714.  4653.  4317.  5256.  2725.  3615.  2525.  4345.
  2726.  4747.  2518.  3571.  4714.  3888.]
32 [ 4049.  3613.  2709.  4692.  4300.  5283.  2725.  3621.  2524.  4278.
  2724.  4757.  2530.  3574.  4728.  3893.]
33 [ 4041.  3611.  2706.  4695.  4300.  5294.  2721.  3623.  2516.  4247.
  2718.  4771.  2542.  3574.  4745.  3896.]
34 [ 4038.  3615.  2704.  4708.  4299.  5316.  2719.  3629.  2509.  4209.
  2716.  4758.  2551.  3579.  4752.  3898.]
35 [ 4040.  3628.  2701.  4718.  4289.  5327.  2717.  3629.  2504.  4166.
  2720.  4764.  2562.  3583.  4752.  3900.]
36 [ 4058.  3630.  2702.  4727.  4281.  5322.  2716.  3631.  2499.  4148.
  2722.  4740.  2573.  3586.  4760.  3905.]
37 [ 4074.  3636.  2698.  4755.  4278.  5305.  2714.  3630.  2498.  4131.
  2718.  4720.  2585.  3589.  4761.  3908.]
38 [ 4077.  3651.  2695.  4785.  4269.  5305.  2716.  3625.  2497.  4116.
  2718.  4693.  2598.  3588.  4762.  3905.]
39 [ 4073.  3659.  2692.  4794.  4265.  5312.  2716.  3631.  2490.  4129.
  2720.  4663.  2603.  3584.  4763.  3906.]
40 [ 4078.  3664.  2689.  4805.  4256.  5306.  2717.  3632.  2493.  4122.
  2714.  4654.  2613.  3581.  4769.  3907.]
41 [ 4082.  3675.  2683.  4800.  4244.  5302.  2721.  3630.  2488.  4124.
  2716.  4649.  2618.  3581.  4773.  3914.]
42 [ 4083.  3688.  2677.  4797.  4230.  5308.  2723.  3623.  2489.  4138.
  2718.  4630.  2626.  3579.  4774.  3917.]
43 [ 4082.  3700.  2677.  4787.  4220.  5315.  2723.  3622.  2491.  4147.
  2719.  4619.  2632.  3577.  4773.  3916.]
44 [ 4084.  3710.  2675.  4797.  4214.  5315.  2724.  3619.  2488.  4146.
  2721.  4607.  2635.  3577.  4772.  3916.]
45 [ 4084.  3716.  2675.  4811.  4206.  5314.  2725.  3616.  2487.  4146.
  2720.  4600.  2637.  3577.  4769.  3917.]
46 [ 4082.  3729.  2674.  4824.  4203.  5311.  2725.  3610.  2486.  4143.
  2724.  4586.  2640.  3575.  4769.  3919.]
47 [ 4086.  3737.  2673.  4831.  4200.  5303.  2726.  3605.  2488.  4149.
  2722.  4573.  2644.  3576.  4768.  3919.]
48 [ 4089.  3740.  2673.  4833.  4198.  5301.  2728.  3597.  2485.  4152.
  2722.  4565.  2650.  3577.  4768.  3922.]
49 [ 4088.  3743.  2674.  4834.  4197.  5297.  2728.  3598.  2483.  4152.
  2726.  4561.  2653.  3577.  4766.  3923.]
50 [ 4092.  3750.  2674.  4838.  4197.  5285.  2729.  3595.  2481.  4152.
  2729.  4555.  2658.  3577.  4765.  3923.]
51 [ 4097.  3759.  2674.  4840.  4196.  5279.  2731.  3595.  2480.  4151.
  2731.  4547.  2662.  3574.  4765.  3919.]
52 [ 4101.  3770.  2676.  4845.  4196.  5275.  2733.  3594.  2480.  4146.
  2732.  4536.  2662.  3573.  4764.  3917.]
53 [ 4102.  3780.  2676.  4852.  4193.  5273.  2733.  3593.  2480.  4138.
  2733.  4533.  2662.  3572.  4764.  3916.]
54 [ 4103.  3788.  2676.  4852.  4189.  5274.  2735.  3592.  2480.  4143.
  2734.  4523.  2662.  3571.  4762.  3916.]
55 [ 4104.  3791.  2676.  4853.  4187.  5275.  2736.  3591.  2479.  4149.
  2736.  4513.  2662.  3571.  4761.  3916.]
56 [ 4106.  3793.  2676.  4854.  4186.  5271.  2736.  3591.  2479.  4153.
  2736.  4509.  2661.  3571.  4761.  3917.]
57 [ 4106.  3791.  2676.  4854.  4181.  5278.  2736.  3590.  2479.  4153.
  2736.  4506.  2662.  3571.  4760.  3921.]
58 [ 4109.  3791.  2676.  4854.  4178.  5276.  2736.  3589.  2479.  4157.
  2736.  4504.  2662.  3572.  4758.  3923.]
59 [ 4111.  3793.  2676.  4856.  4175.  5276.  2735.  3589.  2479.  4160.
  2736.  4500.  2662.  3572.  4756.  3924.]
60 [ 4111.  3795.  2676.  4856.  4172.  5279.  2734.  3589.  2479.  4162.
  2736.  4498.  2662.  3572.  4756.  3923.]
61 [ 4111.  3795.  2676.  4855.  4168.  5284.  2734.  3589.  2479.  4162.
  2736.  4497.  2662.  3573.  4756.  3923.]
62 [ 4112.  3795.  2676.  4855.  4165.  5286.  2734.  3589.  2479.  4162.
  2736.  4497.  2662.  3573.  4756.  3923.]
63 [ 4112.  3795.  2676.  4855.  4164.  5288.  2734.  3589.  2479.  4162.
  2736.  4497.  2661.  3573.  4756.  3923.]
64 [ 4112.  3795.  2676.  4855.  4162.  5290.  2734.  3589.  2479.  4162.
  2736.  4497.  2661.  3573.  4756.  3923.]
[ 4112.  3795.  2676.  4855.  4162.  5290.  2734.  3589.  2479.  4162.
  2736.  4497.  2661.  3573.  4756.  3923.]
Time spent clustering :  6514.55969095
means_kplusplus_cluster16
Digit: 0  Purity: 93.2% SD: 1658.4  Count: 5410
Digit: 1  Purity: 79.5% SD: 1116.0  Count: 8329
Digit: 2  Purity: 92.2% SD: 1714.4  Count: 5215
Digit: 3  Purity: 54.2% SD: 1663.3  Count: 9017
Digit: 4  Purity: 47.1% SD: 1579.6  Count: 8274
Digit: 5  Purity: 45.2% SD: 1595.7  Count: 3795
Digit: 6  Purity: 86.8% SD: 1561.2  Count: 6250
Digit: 7  Purity: 90.9% SD: 1427.2  Count: 3923
Digit: 8  Purity: 73.6% SD: 1621.7  Count: 4497
Digit: 9  Purity: 37.3% SD: 1442.2  Count: 5290
Our accuracy in predicting test data for k = 16 was 69.0569056906 %
Time spent testing :  39.9542119503
