12 means random 100
0 [  1656.   1705.   5347.  10103.   4115.  21539.   1770.   3300.   1339.
   3700.   1861.   3565.]
1 [  2112.   1951.   4490.  10369.   4261.  16811.   2384.   3752.   2406.
   3570.   2602.   5292.]
2 [  2582.   2191.   3750.  10467.   4319.  13827.   2417.   4138.   3394.
   4378.   3087.   5450.]
3 [  2916.   2386.   3278.  10534.   4353.  11799.   2295.   4455.   4337.
   5172.   3409.   5066.]
4 [  3018.   2482.   3097.  10254.   4537.  10650.   2249.   4662.   5213.
   5717.   3548.   4573.]
5 [ 2981.  2488.  3037.  9850.  4757.  9975.  2276.  4872.  5919.  6065.
  3474.  4306.]
6 [ 2912.  2481.  2985.  9416.  4991.  9567.  2342.  4994.  6545.  6228.
  3365.  4174.]
7 [ 2833.  2533.  2952.  9113.  5088.  9342.  2406.  5086.  7028.  6330.
  3185.  4104.]
8 [ 2800.  2590.  2938.  8894.  5171.  9177.  2466.  5133.  7386.  6368.
  3016.  4061.]
9 [ 2775.  2669.  2913.  8716.  5223.  9025.  2534.  5192.  7676.  6364.
  2880.  4033.]
10 [ 2767.  2733.  2902.  8590.  5307.  8866.  2603.  5255.  7866.  6325.
  2779.  4007.]
11 [ 2773.  2779.  2893.  8483.  5378.  8727.  2651.  5331.  8004.  6296.
  2699.  3986.]
12 [ 2779.  2815.  2888.  8413.  5457.  8587.  2685.  5391.  8100.  6276.
  2652.  3957.]
13 [ 2783.  2841.  2884.  8326.  5522.  8429.  2714.  5468.  8190.  6269.
  2624.  3950.]
14 [ 2793.  2859.  2887.  8251.  5582.  8278.  2739.  5532.  8250.  6285.
  2611.  3933.]
15 [ 2806.  2857.  2914.  8199.  5665.  8108.  2754.  5552.  8300.  6311.
  2610.  3924.]
16 [ 2812.  2860.  2928.  8154.  5736.  7901.  2771.  5622.  8352.  6347.
  2606.  3911.]
17 [ 2817.  2864.  2945.  8140.  5797.  7630.  2783.  5713.  8408.  6380.
  2613.  3910.]
18 [ 2822.  2859.  2959.  8163.  5882.  7373.  2790.  5721.  8445.  6443.
  2627.  3916.]
19 [ 2831.  2855.  2969.  8182.  5951.  7052.  2796.  5807.  8468.  6523.
  2634.  3932.]
20 [ 2839.  2854.  2984.  8222.  6032.  6766.  2804.  5830.  8485.  6596.
  2649.  3939.]
21 [ 2851.  2850.  2996.  8297.  6085.  6480.  2811.  5840.  8501.  6667.
  2663.  3959.]
22 [ 2863.  2848.  3003.  8362.  6119.  6232.  2821.  5840.  8542.  6713.
  2672.  3985.]
23 [ 2876.  2854.  3000.  8449.  6142.  6038.  2831.  5775.  8572.  6760.
  2690.  4013.]
24 [ 2890.  2865.  2993.  8522.  6172.  5844.  2841.  5722.  8618.  6807.
  2705.  4021.]
25 [ 2902.  2876.  2989.  8601.  6196.  5721.  2845.  5630.  8650.  6851.
  2715.  4024.]
26 [ 2907.  2883.  2994.  8651.  6208.  5611.  2846.  5574.  8680.  6897.
  2717.  4032.]
27 [ 2913.  2885.  2993.  8692.  6212.  5520.  2847.  5529.  8706.  6934.
  2725.  4044.]
28 [ 2916.  2890.  2992.  8712.  6208.  5457.  2849.  5492.  8735.  6970.
  2727.  4052.]
29 [ 2915.  2889.  2989.  8715.  6208.  5419.  2851.  5448.  8771.  6994.
  2734.  4067.]
30 [ 2918.  2891.  2988.  8721.  6205.  5397.  2853.  5410.  8795.  7011.
  2735.  4076.]
31 [ 2924.  2888.  2985.  8732.  6202.  5389.  2854.  5366.  8814.  7028.
  2735.  4083.]
32 [ 2925.  2890.  2983.  8732.  6190.  5385.  2853.  5337.  8837.  7043.
  2733.  4092.]
33 [ 2928.  2887.  2983.  8731.  6186.  5380.  2852.  5317.  8853.  7057.
  2734.  4092.]
34 [ 2930.  2887.  2982.  8726.  6179.  5377.  2852.  5304.  8866.  7069.
  2737.  4091.]
35 [ 2933.  2886.  2978.  8724.  6177.  5374.  2853.  5293.  8878.  7076.
  2736.  4092.]
36 [ 2934.  2886.  2979.  8723.  6172.  5374.  2852.  5282.  8883.  7088.
  2735.  4092.]
37 [ 2935.  2886.  2981.  8716.  6168.  5374.  2852.  5273.  8887.  7095.
  2738.  4095.]
38 [ 2936.  2887.  2980.  8713.  6160.  5373.  2853.  5268.  8892.  7102.
  2738.  4098.]
39 [ 2938.  2889.  2980.  8710.  6156.  5375.  2854.  5263.  8896.  7100.
  2738.  4101.]
40 [ 2941.  2890.  2980.  8707.  6154.  5379.  2855.  5257.  8896.  7098.
  2740.  4103.]
41 [ 2941.  2889.  2978.  8707.  6154.  5380.  2855.  5257.  8896.  7100.
  2740.  4103.]
42 [ 2941.  2889.  2975.  8705.  6154.  5383.  2855.  5256.  8896.  7102.
  2740.  4104.]
43 [ 2941.  2889.  2973.  8700.  6155.  5384.  2855.  5256.  8900.  7102.
  2740.  4105.]
44 [ 2942.  2889.  2972.  8698.  6155.  5384.  2855.  5254.  8901.  7102.
  2740.  4108.]
45 [ 2942.  2889.  2972.  8696.  6155.  5385.  2855.  5253.  8903.  7101.
  2740.  4109.]
46 [ 2942.  2889.  2972.  8695.  6155.  5385.  2855.  5253.  8904.  7101.
  2740.  4109.]
47 [ 2942.  2889.  2972.  8694.  6155.  5385.  2855.  5253.  8905.  7101.
  2740.  4109.]
48 [ 2942.  2889.  2972.  8691.  6155.  5385.  2855.  5253.  8908.  7101.
  2740.  4109.]
[ 2942.  2889.  2972.  8691.  6155.  5385.  2855.  5253.  8908.  7101.
  2740.  4109.]
Time spent clustering :  4284.90331507
means_random_cluster12
Digit: 0  Purity: 88.9% SD: 1679.8  Count: 5827
Digit: 1  Purity: 62.7% SD: 1254.3  Count: 10638
Digit: 2  Purity: 87.0% SD: 1726.3  Count: 5629
Digit: 3  Purity: 54.5% SD: 1707.2  Count: 7101
Digit: 4  Purity: 34.4% SD: 1630.1  Count: 8908
Digit: 5  Purity:  0.0% SD:    0.0  Count: 0
Digit: 6  Purity: 78.5% SD: 1597.1  Count: 7051
Digit: 7  Purity: 42.7% SD: 1518.6  Count: 8691
Digit: 8  Purity: 56.0% SD: 1656.7  Count: 6155
Digit: 9  Purity:  0.0% SD:    0.0  Count: 0
Our accuracy in predicting test data for k = 12 was 61.2761276128 %
Time spent testing :  35.046902895
