0 [ 191.  250.  136.  147.  459.  353.  431.   84.  343.  319.  287.]
1 [ 165.  257.  137.  168.  428.  340.  429.  107.  340.  301.  328.]
2 [ 149.  261.  138.  198.  399.  331.  419.  124.  344.  285.  352.]
3 [ 138.  264.  137.  230.  381.  310.  403.  147.  350.  279.  361.]
4 [ 138.  261.  140.  243.  360.  296.  388.  164.  362.  279.  369.]
5 [ 137.  262.  146.  262.  337.  287.  372.  179.  370.  267.  381.]
6 [ 134.  264.  148.  281.  319.  267.  353.  189.  375.  275.  395.]
7 [ 131.  265.  149.  295.  305.  259.  335.  195.  381.  276.  409.]
8 [ 128.  267.  150.  309.  296.  255.  327.  200.  377.  273.  418.]
9 [ 129.  269.  148.  318.  292.  244.  320.  204.  374.  278.  424.]
10 [ 132.  270.  144.  317.  292.  242.  313.  210.  372.  279.  429.]
11 [ 129.  270.  146.  316.  293.  240.  310.  216.  366.  278.  436.]
12 [ 129.  270.  146.  312.  293.  238.  305.  221.  360.  283.  443.]
13 [ 129.  271.  146.  311.  293.  236.  304.  222.  359.  281.  448.]
14 [ 129.  272.  146.  315.  293.  232.  301.  226.  357.  280.  449.]
15 [ 129.  271.  146.  317.  292.  231.  294.  232.  359.  282.  447.]
16 [ 129.  271.  146.  316.  292.  231.  291.  243.  351.  283.  447.]
17 [ 129.  272.  146.  315.  292.  231.  289.  253.  340.  284.  449.]
18 [ 129.  273.  146.  315.  292.  231.  285.  261.  335.  284.  449.]
19 [ 128.  275.  146.  315.  292.  231.  283.  262.  334.  284.  450.]
20 [ 127.  274.  147.  315.  292.  231.  281.  266.  332.  284.  451.]
21 [ 128.  274.  148.  313.  293.  231.  279.  266.  334.  283.  451.]
22 [ 127.  274.  149.  310.  293.  232.  278.  269.  331.  284.  453.]
23 [ 127.  274.  149.  309.  294.  232.  276.  271.  329.  283.  456.]
24 [ 127.  274.  149.  308.  294.  232.  274.  273.  331.  281.  457.]
25 [ 127.  275.  149.  308.  295.  232.  270.  276.  329.  280.  459.]
26 [ 127.  276.  149.  308.  294.  232.  268.  279.  328.  279.  460.]
27 [ 127.  274.  149.  309.  294.  232.  265.  282.  329.  279.  460.]
28 [ 126.  275.  149.  310.  294.  232.  262.  282.  331.  278.  461.]
29 [ 126.  275.  149.  310.  294.  232.  260.  282.  333.  278.  461.]
30 [ 126.  275.  149.  310.  293.  232.  258.  282.  336.  278.  461.]
31 [ 126.  275.  149.  310.  293.  232.  257.  282.  337.  278.  461.]
[ 126.  275.  149.  310.  293.  232.  257.  282.  337.  278.  461.]
Time spent clustering :  39.2769019604
Digit: 0  Purity: 90.5% SD: 1630.1  Count: 275
Digit: 1  Purity: 64.0% SD: 1228.7  Count: 525
Digit: 2  Purity: 57.7% SD: 1802.6  Count: 310
Digit: 3  Purity: 44.3% SD: 1702.8  Count: 461
Digit: 4  Purity: 42.6% SD: 1748.5  Count: 282
Digit: 5  Purity: 34.9% SD: 1577.7  Count: 278
Digit: 6  Purity: 86.2% SD: 1561.8  Count: 275
Digit: 7  Purity: 57.6% SD: 1430.2  Count: 257
Digit: 8  Purity:  0.0% SD:    0.0  Count: 0
Digit: 9  Purity: 32.6% SD: 1511.8  Count: 337
Our accuracy in predicting test data for k = 11 was 55.8155815582 %
Time spent testing :  9.92544293404
