45 means random 100
0 [  3091.    205.    493.   1358.   2088.   1108.   2294.   1398.    597.
    427.   1224.   1978.   1132.    733.    688.   1404.   4993.   1635.
   1849.   2039.    519.    185.    586.    609.   1706.    931.    432.
    375.    544.    455.   1054.   1751.     97.    725.    425.  10946.
   1127.    348.   1714.    476.   2302.   1439.     65.    227.    228.]
1 [ 2278.   423.   931.  1807.  1469.   919.  2410.  1314.  1223.   737.
  1654.  1891.  1608.  1118.   682.  2347.  4365.  1753.  1746.  1982.
   612.   378.   583.   658.  1782.   890.   898.   519.   896.   527.
  1146.  1871.   190.  1018.   651.  5109.  1173.  1012.  1915.   460.
  2475.  1654.   155.   256.   515.]
2 [ 1971.   550.  1212.  1866.  1233.   831.  2099.  1261.  1420.   973.
  1687.  1801.  1582.  1073.   792.  2527.  4024.  1839.  1696.  1954.
   701.   476.   718.   683.  1873.   929.  1012.   596.  1320.   539.
  1181.  1938.   214.  1015.   790.  3309.  1198.  1142.  1888.   479.
  2478.  1690.   303.   297.   840.]
3 [ 1914.   629.  1233.  1808.  1142.   783.  1795.  1260.  1517.  1171.
  1596.  1830.  1571.  1004.  1025.  2648.  3809.  1956.  1631.  1860.
   896.   535.   801.   719.  1895.   930.   965.   651.  1646.   539.
  1111.  1889.   268.  1000.   966.  2771.  1168.  1103.  1815.   524.
  2248.  1619.   426.   343.   990.]
4 [ 1890.   695.  1225.  1732.  1082.   762.  1606.  1248.  1600.  1273.
  1540.  1839.  1538.   984.  1167.  2756.  3668.  1990.  1577.  1749.
  1127.   595.   807.   750.  1902.   931.   905.   706.  1810.   531.
  1056.  1895.   318.  1000.  1068.  2543.  1137.  1087.  1793.   571.
  2008.  1587.   537.   386.  1029.]
5 [ 1875.   752.  1224.  1639.  1015.   744.  1483.  1243.  1657.  1326.
  1480.  1887.  1473.   988.  1275.  2815.  3590.  1956.  1594.  1650.
  1313.   629.   811.   787.  1904.   924.   871.   764.  1829.   523.
   990.  1912.   347.  1039.  1147.  2418.  1085.  1151.  1830.   648.
  1798.  1563.   606.   423.  1022.]
6 [ 1841.   803.  1207.  1549.   971.   733.  1432.  1245.  1696.  1373.
  1449.  1931.  1405.   975.  1316.  2858.  3522.  1886.  1604.  1580.
  1471.   655.   824.   811.  1899.   922.   856.   790.  1844.   518.
   964.  1925.   371.  1077.  1196.  2359.  1030.  1163.  1873.   738.
  1655.  1574.   651.   446.  1012.]
7 [ 1834.   860.  1191.  1483.   936.   728.  1399.  1239.  1709.  1405.
  1431.  1974.  1331.   951.  1332.  2870.  3471.  1835.  1612.  1530.
  1588.   690.   832.   833.  1894.   908.   844.   824.  1826.   512.
   944.  1912.   400.  1139.  1205.  2355.   975.  1175.  1921.   803.
  1594.  1565.   691.   453.   996.]
8 [ 1818.   915.  1170.  1448.   908.   726.  1390.  1235.  1717.  1417.
  1424.  1995.  1259.   936.  1336.  2859.  3418.  1784.  1625.  1484.
  1718.   711.   843.   857.  1882.   887.   836.   825.  1813.   504.
   936.  1899.   410.  1197.  1208.  2351.   941.  1180.  1987.   865.
  1544.  1583.   714.   457.   988.]
9 [ 1780.   981.  1162.  1429.   881.   714.  1373.  1224.  1711.  1431.
  1435.  1994.  1200.   918.  1337.  2833.  3374.  1747.  1637.  1447.
  1829.   732.   855.   873.  1882.   873.   833.   840.  1798.   510.
   931.  1885.   429.  1261.  1205.  2335.   929.  1182.  2055.   903.
  1498.  1594.   737.   463.   960.]
10 [ 1738.  1058.  1156.  1404.   863.   716.  1365.  1213.  1706.  1438.
  1440.  2002.  1164.   906.  1329.  2766.  3335.  1720.  1618.  1440.
  1928.   740.   867.   891.  1875.   858.   825.   849.  1791.   507.
   941.  1888.   445.  1302.  1208.  2320.   906.  1196.  2106.   943.
  1465.  1601.   747.   475.   949.]
11 [ 1649.  1102.  1151.  1392.   844.   716.  1342.  1207.  1704.  1455.
  1435.  1994.  1155.   899.  1319.  2688.  3289.  1702.  1595.  1444.
  2039.   745.   872.   903.  1858.   840.   821.   866.  1796.   508.
   963.  1885.   473.  1344.  1228.  2324.   889.  1188.  2155.   972.
  1437.  1633.   754.   485.   940.]
12 [ 1516.  1154.  1147.  1390.   837.   725.  1313.  1209.  1703.  1475.
  1455.  1982.  1149.   888.  1305.  2632.  3240.  1693.  1589.  1436.
  2136.   750.   873.   915.  1848.   817.   835.   873.  1797.   506.
   968.  1852.   515.  1376.  1240.  2337.   885.  1192.  2202.   989.
  1419.  1647.   758.   492.   940.]
13 [ 1489.  1196.  1142.  1387.   825.   744.  1277.  1215.  1722.  1487.
  1460.  1975.  1179.   889.  1291.  2585.  3185.  1690.  1573.  1438.
  2090.   755.   876.   922.  1834.   797.   839.   885.  1825.   507.
   988.  1801.   550.  1395.  1253.  2360.   885.  1201.  2248.  1000.
  1402.  1642.   761.   493.   942.]
14 [ 1524.  1208.  1133.  1392.   828.   756.  1242.  1220.  1717.  1493.
  1450.  1988.  1224.   892.  1282.  2573.  3114.  1690.  1546.  1443.
  1990.   755.   881.   932.  1816.   758.   840.   885.  1866.   520.
   995.  1753.   582.  1405.  1267.  2391.   891.  1220.  2289.  1006.
  1392.  1631.   768.   501.   951.]
15 [ 1562.  1217.  1132.  1397.   825.   761.  1204.  1222.  1706.  1502.
  1450.  1995.  1274.   894.  1274.  2601.  3037.  1691.  1517.  1448.
  1874.   754.   885.   944.  1805.   737.   835.   885.  1880.   527.
  1022.  1703.   643.  1386.  1278.  2416.   896.  1232.  2310.  1011.
  1383.  1629.   780.   507.   969.]
16 [ 1615.  1235.  1138.  1410.   821.   760.  1180.  1220.  1697.  1508.
  1442.  2004.  1312.   907.  1275.  2628.  2968.  1680.  1484.  1449.
  1798.   755.   887.   954.  1802.   716.   832.   890.  1886.   530.
  1066.  1669.   672.  1363.  1277.  2425.   901.  1234.  2319.  1016.
  1385.  1615.   780.   508.   987.]
17 [ 1656.  1244.  1126.  1412.   818.   757.  1169.  1212.  1688.  1507.
  1440.  2027.  1332.   916.  1265.  2660.  2919.  1671.  1461.  1455.
  1733.   757.   885.   956.  1803.   702.   831.   894.  1873.   536.
  1116.  1635.   700.  1348.  1276.  2418.   911.  1238.  2324.  1020.
  1383.  1606.   788.   511.  1021.]
18 [ 1701.  1252.  1120.  1425.   814.   756.  1159.  1206.  1683.  1502.
  1440.  2031.  1347.   921.  1266.  2673.  2871.  1662.  1447.  1453.
  1681.   756.   889.   961.  1813.   690.   827.   895.  1865.   539.
  1170.  1623.   719.  1335.  1270.  2408.   913.  1236.  2320.  1025.
  1387.  1603.   790.   516.  1040.]
19 [ 1742.  1255.  1115.  1432.   811.   759.  1146.  1200.  1680.  1502.
  1430.  2042.  1364.   919.  1264.  2677.  2826.  1649.  1423.  1453.
  1652.   757.   889.   964.  1818.   685.   826.   899.  1851.   542.
  1230.  1613.   741.  1320.  1276.  2404.   913.  1236.  2310.  1024.
  1389.  1602.   795.   517.  1058.]
20 [ 1776.  1249.  1105.  1437.   800.   754.  1129.  1197.  1672.  1498.
  1421.  2047.  1393.   923.  1264.  2687.  2790.  1645.  1412.  1449.
  1632.   761.   887.   965.  1820.   682.   828.   901.  1841.   540.
  1280.  1598.   766.  1294.  1278.  2401.   916.  1234.  2303.  1023.
  1392.  1602.   793.   524.  1091.]
21 [ 1805.  1247.  1099.  1444.   787.   747.  1123.  1192.  1671.  1493.
  1407.  2049.  1408.   932.  1265.  2690.  2760.  1642.  1390.  1450.
  1617.   762.   887.   964.  1818.   676.   827.   901.  1838.   543.
  1330.  1591.   797.  1282.  1268.  2399.   914.  1235.  2300.  1024.
  1402.  1593.   799.   525.  1107.]
22 [ 1834.  1250.  1093.  1446.   774.   751.  1119.  1190.  1668.  1492.
  1401.  2046.  1421.   939.  1268.  2684.  2735.  1643.  1383.  1451.
  1609.   760.   886.   964.  1817.   670.   829.   908.  1829.   545.
  1385.  1583.   827.  1267.  1261.  2387.   916.  1231.  2294.  1016.
  1392.  1587.   802.   523.  1124.]
23 [ 1863.  1261.  1088.  1446.   763.   753.  1116.  1188.  1668.  1488.
  1400.  2033.  1426.   939.  1270.  2675.  2720.  1639.  1356.  1448.
  1598.   764.   884.   957.  1820.   671.   831.   917.  1831.   549.
  1440.  1576.   850.  1257.  1259.  2383.   915.  1224.  2290.  1017.
  1388.  1577.   807.   519.  1136.]
24 [ 1881.  1252.  1084.  1443.   760.   755.  1122.  1189.  1664.  1481.
  1392.  2025.  1428.   942.  1268.  2672.  2707.  1630.  1343.  1449.
  1583.   765.   886.   952.  1818.   669.   833.   923.  1828.   551.
  1487.  1567.   874.  1260.  1262.  2373.   917.  1217.  2307.  1015.
  1388.  1574.   808.   517.  1139.]
25 [ 1897.  1248.  1085.  1441.   760.   755.  1133.  1190.  1650.  1477.
  1385.  2010.  1426.   945.  1265.  2663.  2699.  1619.  1336.  1454.
  1562.   767.   892.   947.  1818.   673.   836.   928.  1833.   551.
  1534.  1555.   896.  1251.  1259.  2381.   915.  1208.  2310.  1014.
  1383.  1587.   806.   517.  1139.]
26 [ 1908.  1241.  1088.  1438.   764.   755.  1135.  1196.  1641.  1477.
  1382.  2000.  1416.   944.  1271.  2661.  2690.  1613.  1318.  1454.
  1533.   767.   894.   945.  1818.   674.   835.   931.  1847.   553.
  1588.  1547.   929.  1248.  1253.  2381.   916.  1198.  2318.  1013.
  1369.  1588.   808.   514.  1141.]
27 [ 1925.  1221.  1090.  1437.   769.   756.  1140.  1197.  1638.  1477.
  1380.  1989.  1410.   941.  1282.  2651.  2683.  1618.  1306.  1455.
  1502.   768.   898.   943.  1812.   674.   831.   938.  1863.   554.
  1648.  1530.   957.  1243.  1247.  2370.   915.  1193.  2319.  1009.
  1370.  1588.   810.   511.  1142.]
28 [ 1932.  1206.  1089.  1436.   767.   757.  1143.  1199.  1635.  1478.
  1381.  1976.  1414.   942.  1298.  2647.  2676.  1624.  1297.  1457.
  1473.   769.   902.   941.  1816.   673.   829.   947.  1865.   553.
  1694.  1513.   993.  1232.  1235.  2360.   917.  1190.  2319.  1004.
  1372.  1590.   807.   509.  1143.]
29 [ 1938.  1187.  1089.  1432.   772.   758.  1152.  1200.  1629.  1476.
  1378.  1969.  1410.   940.  1307.  2643.  2670.  1625.  1263.  1461.
  1452.   768.   908.   942.  1820.   672.   830.   947.  1865.   546.
  1739.  1506.  1046.  1229.  1227.  2350.   916.  1185.  2316.  1002.
  1385.  1602.   804.   507.  1137.]
30 [ 1941.  1171.  1091.  1435.   776.   761.  1157.  1199.  1633.  1478.
  1370.  1964.  1409.   945.  1317.  2644.  2662.  1624.  1232.  1462.
  1424.   766.   912.   941.  1820.   668.   830.   949.  1866.   544.
  1766.  1496.  1090.  1230.  1213.  2350.   918.  1182.  2323.  1001.
  1393.  1608.   801.   505.  1133.]
31 [ 1946.  1152.  1093.  1434.   786.   761.  1150.  1199.  1633.  1475.
  1362.  1966.  1409.   945.  1320.  2644.  2655.  1621.  1228.  1463.
  1412.   764.   924.   937.  1821.   669.   833.   950.  1860.   545.
  1770.  1481.  1136.  1229.  1193.  2354.   918.  1199.  2329.   998.
  1388.  1613.   796.   505.  1134.]
32 [ 1950.  1146.  1095.  1435.   790.   756.  1146.  1200.  1637.  1479.
  1356.  1967.  1410.   947.  1322.  2645.  2648.  1611.  1203.  1465.
  1403.   764.   930.   933.  1823.   671.   835.   953.  1852.   541.
  1770.  1478.  1179.  1229.  1191.  2362.   919.  1216.  2339.   997.
  1375.  1602.   796.   498.  1136.]
33 [ 1952.  1154.  1097.  1435.   791.   756.  1141.  1198.  1626.  1483.
  1353.  1972.  1408.   941.  1322.  2647.  2643.  1610.  1206.  1466.
  1400.   761.   933.   927.  1821.   675.   840.   959.  1857.   540.
  1767.  1463.  1209.  1231.  1175.  2366.   922.  1211.  2346.   999.
  1364.  1612.   795.   490.  1136.]
34 [ 1954.  1158.  1098.  1436.   788.   755.  1150.  1195.  1619.  1485.
  1350.  1973.  1401.   934.  1321.  2650.  2639.  1610.  1204.  1465.
  1396.   756.   936.   923.  1825.   673.   844.   965.  1866.   539.
  1756.  1449.  1213.  1235.  1178.  2377.   925.  1220.  2346.   998.
  1354.  1618.   794.   493.  1136.]
35 [ 1953.  1161.  1101.  1437.   781.   756.  1157.  1191.  1604.  1488.
  1349.  1977.  1399.   935.  1314.  2649.  2638.  1608.  1209.  1465.
  1386.   751.   933.   926.  1826.   672.   843.   973.  1864.   536.
  1760.  1440.  1210.  1238.  1186.  2382.   926.  1239.  2351.   996.
  1355.  1612.   794.   493.  1136.]
36 [ 1951.  1154.  1099.  1437.   776.   759.  1162.  1189.  1598.  1491.
  1348.  1976.  1390.   939.  1309.  2644.  2635.  1611.  1210.  1466.
  1380.   749.   928.   925.  1826.   669.   841.   978.  1857.   534.
  1771.  1438.  1210.  1247.  1198.  2389.   926.  1273.  2352.   995.
  1352.  1599.   792.   491.  1136.]
37 [ 1951.  1154.  1093.  1437.   771.   761.  1165.  1185.  1597.  1490.
  1345.  1974.  1388.   941.  1302.  2642.  2634.  1613.  1212.  1466.
  1373.   749.   932.   922.  1832.   665.   840.   979.  1855.   534.
  1782.  1432.  1216.  1251.  1208.  2391.   926.  1278.  2352.   995.
  1346.  1602.   793.   492.  1134.]
38 [ 1949.  1152.  1087.  1433.   763.   761.  1167.  1182.  1587.  1493.
  1346.  1975.  1386.   942.  1293.  2638.  2632.  1609.  1204.  1467.
  1362.   750.   937.   922.  1836.   662.   840.   982.  1845.   530.
  1793.  1418.  1221.  1253.  1216.  2397.   926.  1293.  2357.   992.
  1353.  1625.   795.   495.  1134.]
39 [ 1949.  1146.  1080.  1431.   762.   762.  1171.  1179.  1579.  1493.
  1343.  1974.  1381.   939.  1297.  2635.  2629.  1609.  1198.  1466.
  1350.   749.   940.   922.  1833.   659.   840.   982.  1836.   528.
  1817.  1409.  1223.  1255.  1225.  2402.   926.  1310.  2354.   993.
  1359.  1636.   793.   501.  1135.]
40 [ 1950.  1143.  1076.  1429.   759.   762.  1178.  1177.  1568.  1492.
  1341.  1972.  1372.   941.  1304.  2631.  2625.  1609.  1199.  1467.
  1343.   749.   940.   919.  1837.   657.   841.   987.  1828.   527.
  1832.  1407.  1229.  1258.  1232.  2405.   924.  1333.  2347.   993.
  1355.  1632.   793.   504.  1133.]
41 [ 1953.  1154.  1075.  1427.   755.   761.  1182.  1174.  1571.  1493.
  1343.  1965.  1373.   941.  1310.  2629.  2622.  1611.  1199.  1468.
  1343.   748.   944.   916.  1843.   656.   841.   988.  1829.   522.
  1826.  1401.  1222.  1260.  1234.  2405.   924.  1335.  2347.   994.
  1354.  1629.   792.   513.  1128.]
42 [ 1955.  1160.  1073.  1423.   757.   762.  1184.  1174.  1565.  1495.
  1342.  1968.  1379.   935.  1322.  2625.  2622.  1613.  1200.  1467.
  1342.   749.   943.   914.  1842.   654.   842.   991.  1836.   524.
  1822.  1395.  1225.  1256.  1229.  2406.   927.  1339.  2343.   994.
  1341.  1631.   795.   511.  1128.]
43 [ 1959.  1159.  1065.  1420.   757.   766.  1193.  1174.  1556.  1495.
  1340.  1966.  1377.   929.  1329.  2622.  2619.  1615.  1199.  1466.
  1344.   749.   944.   914.  1844.   654.   842.   990.  1836.   527.
  1826.  1394.  1223.  1264.  1228.  2411.   928.  1344.  2344.   990.
  1341.  1632.   797.   504.  1124.]
44 [ 1958.  1161.  1059.  1418.   757.   766.  1196.  1175.  1548.  1493.
  1339.  1969.  1380.   927.  1334.  2623.  2618.  1614.  1202.  1467.
  1343.   749.   944.   914.  1845.   652.   843.   991.  1836.   524.
  1823.  1395.  1223.  1269.  1218.  2410.   927.  1348.  2345.   989.
  1347.  1631.   800.   508.  1122.]
45 [ 1955.  1165.  1052.  1420.   758.   765.  1200.  1173.  1538.  1493.
  1344.  1966.  1379.   927.  1341.  2621.  2615.  1616.  1200.  1467.
  1343.   750.   942.   915.  1848.   652.   845.   991.  1840.   522.
  1821.  1396.  1219.  1274.  1213.  2407.   925.  1352.  2343.   991.
  1351.  1638.   800.   505.  1122.]
46 [ 1954.  1169.  1041.  1418.   757.   764.  1206.  1171.  1527.  1492.
  1342.  1968.  1386.   928.  1346.  2618.  2612.  1620.  1208.  1467.
  1342.   751.   941.   914.  1852.   651.   848.   991.  1848.   522.
  1819.  1392.  1218.  1274.  1209.  2406.   925.  1358.  2342.   992.
  1346.  1641.   797.   508.  1119.]
47 [ 1953.  1171.  1026.  1419.   761.   764.  1210.  1169.  1520.  1494.
  1342.  1965.  1392.   928.  1348.  2617.  2613.  1620.  1220.  1468.
  1342.   752.   941.   915.  1856.   650.   849.   990.  1853.   521.
  1816.  1393.  1218.  1281.  1210.  2404.   926.  1351.  2342.   990.
  1335.  1645.   797.   508.  1115.]
48 [ 1953.  1177.  1010.  1420.   763.   764.  1213.  1170.  1514.  1495.
  1337.  1964.  1398.   928.  1353.  2615.  2614.  1619.  1216.  1470.
  1342.   753.   943.   915.  1856.   648.   848.   989.  1857.   521.
  1820.  1398.  1221.  1283.  1210.  2402.   926.  1350.  2340.   989.
  1327.  1646.   797.   511.  1115.]
49 [ 1952.  1180.  1007.  1420.   762.   764.  1216.  1170.  1511.  1495.
  1332.  1961.  1401.   928.  1357.  2613.  2616.  1620.  1221.  1472.
  1342.   753.   942.   915.  1857.   648.   846.   991.  1861.   521.
  1822.  1402.  1225.  1281.  1207.  2400.   927.  1352.  2338.   985.
  1322.  1643.   797.   511.  1114.]
50 [ 1950.  1185.  1005.  1419.   763.   764.  1218.  1170.  1504.  1495.
  1328.  1962.  1400.   926.  1362.  2612.  2616.  1620.  1222.  1475.
  1343.   753.   943.   913.  1861.   647.   846.   992.  1869.   522.
  1817.  1402.  1225.  1282.  1206.  2398.   927.  1351.  2338.   983.
  1323.  1640.   796.   513.  1114.]
51 [ 1950.  1190.  1004.  1418.   762.   764.  1221.  1169.  1501.  1495.
  1326.  1963.  1401.   925.  1367.  2609.  2615.  1621.  1223.  1476.
  1345.   751.   943.   914.  1864.   647.   845.   995.  1868.   523.
  1815.  1400.  1229.  1282.  1205.  2398.   927.  1351.  2336.   980.
  1327.  1630.   797.   514.  1114.]
52 [ 1950.  1190.  1003.  1422.   763.   765.  1230.  1167.  1497.  1495.
  1326.  1963.  1402.   924.  1368.  2607.  2616.  1620.  1224.  1476.
  1345.   750.   940.   914.  1864.   647.   843.   997.  1859.   523.
  1811.  1399.  1230.  1279.  1204.  2398.   928.  1351.  2337.   978.
  1338.  1630.   799.   517.  1111.]
53 [ 1950.  1194.  1002.  1424.   765.   764.  1231.  1167.  1494.  1495.
  1324.  1966.  1404.   922.  1372.  2604.  2617.  1622.  1221.  1475.
  1344.   751.   939.   914.  1860.   649.   844.   998.  1855.   524.
  1812.  1399.  1228.  1278.  1204.  2399.   928.  1354.  2336.   977.
  1342.  1625.   799.   518.  1110.]
54 [ 1948.  1195.  1002.  1425.   768.   764.  1232.  1167.  1494.  1495.
  1322.  1965.  1406.   923.  1375.  2604.  2617.  1623.  1224.  1475.
  1345.   752.   939.   914.  1861.   650.   843.   997.  1861.   525.
  1808.  1396.  1224.  1274.  1204.  2398.   928.  1356.  2335.   974.
  1345.  1619.   799.   518.  1111.]
55 [ 1947.  1198.  1000.  1424.   769.   763.  1237.  1167.  1490.  1495.
  1320.  1964.  1405.   924.  1376.  2605.  2615.  1621.  1225.  1475.
  1343.   754.   939.   914.  1862.   650.   843.   995.  1860.   526.
  1808.  1396.  1219.  1273.  1206.  2399.   928.  1358.  2336.   971.
  1352.  1621.   799.   518.  1110.]
56 [ 1946.  1204.   996.  1424.   769.   764.  1239.  1167.  1488.  1495.
  1317.  1964.  1407.   925.  1378.  2606.  2616.  1621.  1227.  1474.
  1341.   753.   940.   914.  1863.   651.   843.   993.  1853.   527.
  1806.  1397.  1216.  1274.  1197.  2402.   928.  1364.  2337.   970.
  1361.  1617.   799.   518.  1109.]
57 [ 1944.  1199.   995.  1424.   769.   764.  1241.  1165.  1487.  1495.
  1319.  1963.  1408.   925.  1375.  2606.  2615.  1621.  1231.  1473.
  1341.   753.   939.   914.  1866.   651.   843.   994.  1853.   528.
  1805.  1396.  1214.  1271.  1196.  2401.   927.  1367.  2338.   970.
  1370.  1617.   800.   518.  1109.]
58 [ 1943.  1201.   991.  1425.   770.   764.  1246.  1163.  1488.  1495.
  1321.  1960.  1404.   924.  1373.  2605.  2615.  1620.  1233.  1473.
  1342.   754.   941.   914.  1868.   651.   843.   994.  1852.   527.
  1805.  1396.  1215.  1273.  1194.  2401.   927.  1366.  2338.   970.
  1373.  1617.   799.   518.  1108.]
59 [ 1943.  1207.   988.  1425.   770.   765.  1247.  1162.  1489.  1495.
  1323.  1958.  1405.   923.  1373.  2604.  2615.  1621.  1232.  1473.
  1342.   753.   942.   915.  1869.   651.   843.   994.  1846.   528.
  1804.  1396.  1216.  1276.  1189.  2399.   927.  1367.  2338.   969.
  1378.  1615.   799.   518.  1108.]
60 [ 1943.  1211.   986.  1427.   770.   765.  1247.  1160.  1487.  1495.
  1325.  1954.  1405.   924.  1375.  2603.  2617.  1623.  1231.  1474.
  1342.   753.   943.   915.  1868.   651.   843.   994.  1843.   529.
  1803.  1397.  1217.  1277.  1185.  2400.   927.  1368.  2337.   969.
  1379.  1613.   799.   518.  1108.]
61 [ 1943.  1216.   986.  1427.   769.   766.  1249.  1159.  1485.  1496.
  1325.  1953.  1406.   925.  1377.  2604.  2617.  1623.  1229.  1474.
  1342.   753.   944.   915.  1871.   651.   843.   993.  1840.   529.
  1801.  1397.  1214.  1275.  1181.  2397.   927.  1369.  2338.   969.
  1385.  1613.   799.   518.  1107.]
62 [ 1943.  1222.   985.  1428.   768.   766.  1249.  1156.  1484.  1496.
  1324.  1955.  1407.   927.  1380.  2604.  2615.  1624.  1229.  1477.
  1342.   753.   944.   915.  1871.   651.   844.   990.  1840.   530.
  1800.  1397.  1209.  1273.  1183.  2396.   927.  1369.  2338.   969.
  1384.  1610.   800.   518.  1108.]
63 [ 1943.  1