0 [ 588.  196.  656.  133.  151.  163.  243.  327.   97.  253.  193.]
1 [ 506.  235.  565.  168.  190.  221.  268.  257.  103.  276.  211.]
2 [ 464.  274.  505.  173.  214.  236.  302.  221.  113.  264.  234.]
3 [ 445.  299.  458.  163.  236.  234.  325.  211.  130.  252.  247.]
4 [ 417.  311.  444.  152.  258.  232.  345.  210.  139.  245.  247.]
5 [ 389.  321.  444.  144.  266.  223.  365.  216.  149.  231.  252.]
6 [ 363.  325.  447.  141.  275.  209.  388.  222.  155.  220.  255.]
7 [ 342.  321.  448.  143.  284.  199.  408.  229.  155.  212.  259.]
8 [ 327.  322.  450.  141.  289.  195.  418.  234.  152.  209.  263.]
9 [ 322.  317.  449.  138.  296.  194.  427.  236.  149.  206.  266.]
10 [ 322.  310.  444.  139.  302.  193.  440.  237.  147.  195.  271.]
11 [ 322.  308.  444.  141.  306.  189.  449.  240.  142.  187.  272.]
12 [ 324.  308.  445.  143.  309.  186.  453.  240.  142.  178.  272.]
13 [ 324.  310.  445.  146.  310.  184.  456.  241.  139.  172.  273.]
14 [ 324.  310.  446.  150.  310.  182.  458.  245.  136.  166.  273.]
15 [ 323.  309.  448.  151.  309.  181.  462.  247.  137.  160.  273.]
16 [ 322.  308.  449.  152.  310.  180.  463.  248.  137.  157.  274.]
17 [ 318.  308.  453.  152.  310.  180.  465.  247.  137.  155.  275.]
18 [ 317.  308.  456.  152.  310.  181.  466.  247.  137.  151.  275.]
19 [ 316.  309.  459.  153.  311.  181.  466.  247.  137.  146.  275.]
20 [ 312.  309.  462.  153.  311.  181.  467.  247.  137.  146.  275.]
21 [ 310.  309.  463.  153.  311.  181.  466.  247.  137.  147.  276.]
22 [ 310.  310.  464.  153.  311.  181.  466.  247.  137.  145.  276.]
23 [ 310.  310.  464.  153.  311.  181.  467.  247.  137.  144.  276.]
24 [ 310.  310.  464.  153.  311.  181.  468.  246.  136.  145.  276.]
25 [ 310.  310.  464.  153.  311.  181.  467.  246.  136.  146.  276.]
26 [ 310.  310.  464.  153.  311.  179.  467.  246.  137.  147.  276.]
27 [ 310.  310.  464.  153.  311.  179.  466.  246.  138.  147.  276.]
[ 310.  310.  464.  153.  311.  179.  466.  246.  138.  147.  276.]
Time spent clustering :  33.667071104
Digit: 0  Purity: 88.8% SD: 1636.6  Count: 285
Digit: 1  Purity: 69.6% SD: 1291.5  Count: 464
Digit: 2  Purity: 71.4% SD: 1758.9  Count: 332
Digit: 3  Purity: 45.5% SD: 1710.4  Count: 466
Digit: 4  Purity: 45.9% SD: 1594.4  Count: 621
Digit: 5  Purity:  0.0% SD:    0.0  Count: 0
Digit: 6  Purity: 89.4% SD: 1493.0  Count: 246
Digit: 7  Purity: 77.5% SD: 1444.8  Count: 276
Digit: 8  Purity: 39.4% SD: 1614.9  Count: 310
Digit: 9  Purity:  0.0% SD:    0.0  Count: 0
Our accuracy in predicting test data for k = 11 was 59.1159115912 %
Time spent testing :  9.79761791229
