45 medians kplusplus 100
0 [ 1919.   924.   741.   967.  1019.  1966.   701.  1371.  1554.   928.
   978.  1080.  1856.  1925.   724.   950.  1101.  1783.  1641.  2094.
  1506.   653.  1452.  1291.  1367.   892.   938.  1201.   980.  1333.
  1625.  5948.   648.  1032.  1334.   967.  1371.  1376.  1354.  1638.
  1126.   791.  1026.  1026.   903.]
1 [ 2296.  1068.   810.  1070.  1154.  1527.   808.  1262.  1643.   968.
  1412.  1151.  1697.  1901.   776.   997.  1190.  1600.  1428.  1568.
  1149.   724.  1511.  1344.  1381.   980.  1044.  1311.   795.  1413.
  1654.  4983.   715.  1164.  1441.  1118.  1378.  1408.  1326.  1667.
  1184.   846.  1198.  1002.   938.]
2 [ 2623.  1088.   839.  1125.  1241.  1311.   896.  1287.  1450.  1025.
  1466.  1128.  1584.  1815.   805.  1101.  1180.  1482.  1344.  1455.
   987.   751.  1573.  1354.  1386.  1104.  1157.  1438.   748.  1359.
  1689.  4512.   831.  1287.  1457.  1202.  1235.  1436.  1190.  1633.
  1204.   865.  1306.  1010.  1041.]
3 [ 2835.  1128.   848.  1162.  1284.  1220.   920.  1320.  1257.  1079.
  1156.  1121.  1509.  1742.   819.  1238.  1158.  1432.  1298.  1431.
   932.   763.  1595.  1379.  1336.  1362.  1312.  1508.   767.  1285.
  1715.  4191.   899.  1364.  1471.  1210.  1175.  1493.  1117.  1597.
  1217.   804.  1365.  1038.  1148.]
4 [ 2973.  1135.   878.  1223.  1327.  1148.   936.  1357.  1148.  1131.
   996.  1087.  1451.  1719.   814.  1335.  1134.  1398.  1306.  1358.
   915.   766.  1560.  1431.  1300.  1517.  1373.  1550.   805.  1244.
  1695.  3986.   948.  1392.  1482.  1196.  1114.  1527.  1098.  1565.
  1229.   720.  1397.  1068.  1268.]
5 [ 3008.  1131.   899.  1273.  1341.  1125.   943.  1341.  1021.  1168.
   957.  1075.  1408.  1720.   803.  1404.  1125.  1354.  1338.  1334.
   899.   774.  1522.  1506.  1271.  1646.  1372.  1569.   843.  1228.
  1664.  3843.   956.  1392.  1476.  1183.  1095.  1551.  1079.  1545.
  1246.   670.  1427.  1119.  1356.]
6 [ 2935.  1130.   910.  1325.  1346.  1139.   950.  1326.   973.  1196.
   903.  1061.  1383.  1730.   804.  1453.  1124.  1335.  1373.  1341.
   896.   774.  1502.  1616.  1260.  1720.  1318.  1566.   852.  1219.
  1620.  3732.   973.  1354.  1480.  1184.  1100.  1560.  1083.  1549.
  1259.   644.  1469.  1159.  1374.]
7 [ 2737.  1125.   922.  1351.  1355.  1143.   950.  1311.   927.  1244.
   845.  1060.  1360.  1805.   811.  1465.  1130.  1328.  1436.  1339.
   874.   788.  1482.  1659.  1247.  1759.  1278.  1566.   888.  1229.
  1584.  3618.  1004.  1347.  1516.  1187.  1115.  1571.  1036.  1591.
  1259.   635.  1556.  1183.  1384.]
8 [ 2582.  1127.   922.  1389.  1366.  1147.   935.  1307.   959.  1285.
   800.  1060.  1349.  1884.   820.  1455.  1128.  1307.  1501.  1328.
   887.   796.  1468.  1543.  1240.  1795.  1249.  1564.   881.  1255.
  1569.  3473.  1059.  1341.  1537.  1202.  1130.  1568.  1047.  1633.
  1258.   656.  1625.  1189.  1384.]
9 [ 2553.  1128.   929.  1404.  1377.  1156.   932.  1316.   989.  1300.
   751.  1059.  1346.  1925.   827.  1442.  1121.  1289.  1522.  1337.
   896.   827.  1450.  1519.  1232.  1800.  1221.  1558.   859.  1265.
  1552.  3282.  1107.  1340.  1564.  1236.  1153.  1566.  1057.  1661.
  1283.   694.  1640.  1172.  1363.]
10 [ 2587.  1134.   933.  1415.  1388.  1172.   931.  1296.   989.  1278.
   706.  1065.  1348.  1943.   836.  1418.  1106.  1272.  1540.  1347.
   898.   866.  1411.  1556.  1236.  1781.  1220.  1559.   853.  1282.
  1548.  3094.  1153.  1341.  1584.  1245.  1174.  1565.  1079.  1673.
  1284.   735.  1649.  1169.  1341.]
11 [ 2621.  1132.   954.  1424.  1389.  1189.   935.  1270.   989.  1236.
   668.  1060.  1353.  1936.   857.  1379.  1099.  1273.  1534.  1353.
   910.   915.  1376.  1620.  1241.  1758.  1219.  1561.   841.  1303.
  1533.  2946.  1168.  1352.  1606.  1249.  1205.  1567.  1091.  1688.
  1271.   779.  1662.  1169.  1319.]
12 [ 2678.  1139.   964.  1448.  1412.  1204.   945.  1237.  1003.  1145.
   617.  1060.  1357.  1949.   886.  1364.  1097.  1276.  1523.  1336.
   917.   991.  1338.  1687.  1244.  1747.  1224.  1561.   811.  1307.
  1511.  2787.  1174.  1366.  1628.  1271.  1242.  1569.  1101.  1684.
  1262.   813.  1674.  1171.  1280.]
13 [ 2699.  1144.   980.  1470.  1425.  1224.   954.  1210.   984.  1033.
   575.  1060.  1349.  1958.   911.  1353.  1089.  1279.  1521.  1348.
   923.  1068.  1300.  1737.  1240.  1747.  1234.  1558.   807.  1320.
  1490.  2682.  1188.  1367.  1651.  1292.  1264.  1569.  1093.  1666.
  1248.   835.  1696.  1185.  1274.]
14 [ 2683.  1150.   997.  1502.  1439.  1227.   967.  1177.   971.   964.
   527.  1057.  1336.  1956.   932.  1337.  1083.  1289.  1511.  1361.
   935.  1151.  1291.  1801.  1234.  1742.  1237.  1559.   803.  1328.
  1479.  2597.  1196.  1355.  1662.  1301.  1290.  1568.  1077.  1666.
  1240.   856.  1710.  1190.  1266.]
15 [ 2659.  1144.  1012.  1514.  1463.  1227.   974.  1165.   966.   946.
   485.  1056.  1316.  1951.   945.  1325.  1071.  1281.  1508.  1387.
   948.  1241.  1287.  1855.  1230.  1739.  1243.  1558.   792.  1331.
  1464.  2535.  1208.  1352.  1677.  1304.  1294.  1564.  1082.  1621.
  1228.   870.  1721.  1200.  1261.]
16 [ 2653.  1142.  1008.  1530.  1477.  1219.   975.  1156.   952.   957.
   448.  1062.  1306.  1944.   962.  1317.  1072.  1262.  1494.  1391.
   965.  1339.  1251.  1897.  1223.  1743.  1247.  1559.   792.  1333.
  1459.  2470.  1214.  1351.  1681.  1324.  1306.  1566.  1072.  1571.
  1215.   881.  1737.  1207.  1270.]
17 [ 2622.  1146.  1005.  1546.  1480.  1206.   967.  1143.   934.   969.
   429.  1065.  1299.  1939.   976.  1316.  1069.  1257.  1488.  1389.
   971.  1430.  1224.  1928.  1228.  1742.  1251.  1561.   794.  1334.
  1460.  2428.  1221.  1354.  1686.  1339.  1315.  1564.  1065.  1517.
  1205.   882.  1760.  1214.  1282.]
18 [ 2595.  1144.  1006.  1572.  1483.  1196.   957.  1134.   925.  1000.
   398.  1065.  1295.  1942.   987.  1316.  1075.  1248.  1476.  1374.
   972.  1519.  1223.  1965.  1226.  1741.  1249.  1562.   792.  1329.
  1455.  2397.  1226.  1354.  1704.  1354.  1329.  1561.  1054.  1448.
  1197.   883.  1765.  1218.  1289.]
19 [ 2584.  1138.  1002.  1588.  1493.  1179.   954.  1130.   914.   987.
   373.  1068.  1287.  1944.  1003.  1319.  1076.  1235.  1465.  1375.
   974.  1605.  1217.  1987.  1231.  1738.  1248.  1563.   792.  1326.
  1447.  2355.  1232.  1352.  1712.  1368.  1342.  1559.  1063.  1413.
  1191.   887.  1774.  1216.  1294.]
20 [ 2564.  1136.  1001.  1613.  1516.  1176.   950.  1125.   912.   965.
   346.  1067.  1275.  1940.  1014.  1313.  1082.  1235.  1457.  1376.
   970.  1647.  1207.  2013.  1237.  1739.  1250.  1565.   796.  1318.
  1437.  2324.  1234.  1354.  1711.  1385.  1353.  1561.  1048.  1382.
  1184.   888.  1796.  1225.  1313.]
21 [ 2549.  1137.   997.  1634.  1534.  1181.   950.  1123.   921.   931.
   319.  1070.  1270.  1943.  1031.  1312.  1082.  1225.  1450.  1372.
   964.  1693.  1200.  2032.  1247.  1738.  1252.  1566.   798.  1314.
  1429.  2283.  1229.  1344.  1720.  1399.  1359.  1558.  1045.  1360.
  1182.   892.  1804.  1224.  1337.]
22 [ 2528.  1129.   989.  1653.  1557.  1192.   949.  1116.   931.   884.
   312.  1073.  1270.  1949.  1056.  1313.  1073.  1226.  1448.  1370.
   966.  1725.  1200.  2049.  1251.  1738.  1251.  1567.   796.  1315.
  1428.  2246.  1229.  1332.  1726.  1414.  1365.  1560.  1023.  1337.
  1179.   898.  1806.  1220.  1361.]
23 [ 2503.  1127.   980.  1660.  1582.  1194.   953.  1106.   947.   815.
   290.  1076.  1282.  1946.  1085.  1306.  1081.  1216.  1447.  1370.
   970.  1746.  1202.  2055.  1267.  1741.  1257.  1568.   793.  1299.
  1429.  2185.  1227.  1326.  1740.  1433.  1371.  1564.  1024.  1362.
  1178.   897.  1812.  1218.  1370.]
24 [ 2480.  1123.   982.  1676.  1607.  1197.   960.  1105.   992.   711.
   299.  1080.  1291.  1944.  1111.  1299.  1089.  1216.  1430.  1364.
   974.  1777.  1203.  2035.  1268.  1737.  1259.  1571.   796.  1296.
  1429.  2103.  1220.  1318.  1755.  1448.  1374.  1567.  1029.  1379.
  1181.   897.  1821.  1218.  1389.]
25 [ 2449.  1125.   981.  1697.  1630.  1195.   964.  1104.  1030.   670.
   307.  1078.  1299.  1951.  1125.  1288.  1095.  1206.  1426.  1364.
   975.  1806.  1215.  1997.  1270.  1737.  1259.  1575.   796.  1292.
  1433.  2022.  1221.  1316.  1762.  1473.  1374.  1567.  1027.  1354.
  1173.   899.  1836.  1227.  1410.]
26 [ 2411.  1124.   994.  1704.  1658.  1191.   969.  1106.  1078.   659.
   314.  1077.  1308.  1956.  1138.  1283.  1109.  1201.  1414.  1376.
   978.  1865.  1227.  1945.  1276.  1737.  1265.  1577.   797.  1292.
  1435.  1904.  1217.  1314.  1789.  1476.  1372.  1568.  1039.  1265.
  1168.   901.  1850.  1237.  1436.]
27 [ 2346.  1127.  1002.  1722.  1684.  1192.   971.  1111.  1119.   649.
   338.  1077.  1317.  1960.  1143.  1281.  1122.  1190.  1417.  1374.
   980.  1907.  1236.  1886.  1279.  1747.  1269.  1580.   798.  1306.
  1438.  1779.  1206.  1306.  1829.  1485.  1368.  1568.  1044.  1167.
  1165.   900.  1886.  1248.  1481.]
28 [ 2262.  1119.  1006.  1731.  1715.  1183.   975.  1115.  1170.   652.
   351.  1075.  1322.  1957.  1157.  1286.  1127.  1195.  1410.  1376.
   979.  1923.  1246.  1792.  1278.  1753.  1274.  1581.   799.  1320.
  1444.  1729.  1205.  1296.  1855.  1489.  1366.  1569.  1066.  1094.
  1171.   899.  1928.  1255.  1505.]
29 [ 2146.  1105.  1020.  1740.  1753.  1178.   979.  1118.  1197.   638.
   344.  1074.  1327.  1964.  1160.  1284.  1141.  1187.  1385.  1382.
   978.  1915.  1271.  1746.  1279.  1760.  1276.  1582.   803.  1328.
  1445.  1721.  1208.  1295.  1861.  1498.  1373.  1570.  1082.  1106.
  1181.   895.  1943.  1258.  1504.]
30 [ 2055.  1099.  1041.  1744.  1776.  1176.   983.  1122.  1213.   613.
   346.  1070.  1331.  1977.  1159.  1282.  1147.  1184.  1361.  1388.
   980.  1911.  1290.  1725.  1278.  1766.  1280.  1583.   805.  1323.
  1444.  1723.  1213.  1296.  1864.  1501.  1377.  1572.  1097.  1122.
  1189.   892.  1947.  1252.  1503.]
31 [ 1993.  1077.  1052.  1759.  1789.  1178.   988.  1121.  1204.   596.
   348.  1069.  1337.  1978.  1161.  1284.  1149.  1182.  1322.  1390.
   980.  1909.  1296.  1708.  1280.  1772.  1284.  1583.   808.  1328.
  1447.  1713.  1216.  1294.  1861.  1503.  1381.  1572.  1124.  1137.
  1209.   890.  1965.  1259.  1504.]
32 [ 1933.  1064.  1071.  1769.  1801.  1178.   990.  1122.  1222.   584.
   343.  1068.  1336.  1977.  1160.  1283.  1149.  1168.  1304.  1389.
   982.  1908.  1315.  1700.  1281.  1775.  1281.  1581.   809.  1326.
  1449.  1707.  1217.  1293.  1856.  1509.  1384.  1572.  1169.  1141.
  1217.   887.  1975.  1259.  1496.]
33 [ 1896.  1049.  1085.  1784.  1817.  1172.   998.  1121.  1222.   582.
   340.  1068.  1346.  1972.  1158.  1279.  1146.  1173.  1281.  1391.
   981.  1910.  1314.  1689.  1278.  1779.  1279.  1578.   809.  1326.
  1454.  1697.  1215.  1288.  1853.  1520.  1386.  1571.  1210.  1139.
  1222.   885.  1986.  1255.  1496.]
34 [ 1867.  1034.  1105.  1794.  1829.  1168.  1001.  1121.  1225.   581.
   336.  1070.  1348.  1973.  1155.  1280.  1140.  1176.  1260.  1397.
   983.  1907.  1319.  1684.  1278.  1780.  1278.  1577.   809.  1325.
  1456.  1687.  1217.  1279.  1849.  1528.  1388.  1572.  1246.  1139.
  1225.   884.  1987.  1251.  1492.]
35 [ 1856.  1022.  1113.  1793.  1831.  1165.  1003.  1119.  1227.   576.
   336.  1071.  1348.  1974.  1154.  1282.  1138.  1174.  1239.  1399.
   984.  1917.  1332.  1677.  1278.  1782.  1278.  1575.   810.  1324.
  1457.  1670.  1217.  1279.  1854.  1535.  1390.  1572.  1275.  1138.
  1228.   883.  1983.  1252.  1490.]
36 [ 1849.  1017.  1114.  1798.  1831.  1159.  1003.  1117.  1241.   566.
   333.  1071.  1350.  1972.  1157.  1283.  1134.  1164.  1231.  1400.
   984.  1933.  1334.  1673.  1278.  1784.  1278.  1573.   811.  1321.
  1457.  1649.  1216.  1273.  1861.  1544.  1393.  1572.  1300.  1139.
  1225.   882.  1978.  1255.  1497.]
37 [ 1841.  1011.  1121.  1807.  1833.  1160.  1005.  1114.  1242.   560.
   333.  1072.  1352.  1966.  1158.  1287.  1127.  1162.  1214.  1397.
   984.  1946.  1343.  1671.  1278.  1787.  1278.  1574.   811.  1318.
  1458.  1639.  1218.  1271.  1871.  1545.  1395.  1572.  1319.  1139.
  1223.   883.  1974.  1252.  1489.]
38 [ 1832.  1008.  1134.  1813.  1849.  1158.  1005.  1111.  1239.   561.
   330.  1072.  1350.  1964.  1155.  1286.  1134.  1159.  1203.  1396.
   983.  1937.  1348.  1675.  1276.  1790.  1280.  1575.   809.  1314.
  1458.  1630.  1220.  1262.  1885.  1545.  1399.  1571.  1324.  1138.
  1229.   883.  1971.  1249.  1490.]
39 [ 1829.  1009.  1142.  1822.  1862.  1163.  1005.  1109.  1240.   554.
   326.  1071.  1348.  1965.  1151.  1290.  1125.  1161.  1194.  1397.
   984.  1935.  1354.  1683.  1276.  1796.  1282.  1576.   808.  1312.
  1457.  1616.  1221.  1255.  1888.  1541.  1402.  1572.  1329.  1138.
  1230.   884.  1966.  1247.  1485.]
40 [ 1828.  1008.  1140.  1831.  1875.  1165.  1006.  1107.  1239.   552.
   320.  1075.  1349.  1969.  1147.  1289.  1120.  1162.  1187.  1396.
   984.  1927.  1360.  1689.  1271.  1802.  1281.  1575.   808.  1308.
  1459.  1607.  1223.  1252.  1894.  1539.  1405.  1575.  1333.  1137.
  1234.   884.  1960.  1244.  1484.]
41 [ 1824.  1005.  1147.  1842.  1878.  1167.  1006.  1107.  1237.   549.
   317.  1073.  1348.  1972.  1147.  1287.  1120.  1152.  1185.  1393.
   985.  1929.  1371.  1693.  1271.  1809.  1284.  1575.   807.  1298.
  1459.  1596.  1224.  1250.  1898.  1540.  1409.  1578.  1338.  1133.
  1237.   885.  1954.  1242.  1479.]
42 [ 1820.   999.  1152.  1852.  1882.  1163.  1006.  1107.  1238.   548.
   316.  1070.  1347.  1973.  1148.  1288.  1115.  1150.  1185.  1388.
   985.  1938.  1377.  1697.  1272.  1813.  1284.  1577.   807.  1295.
  1458.  1586.  1226.  1251.  1899.  1540.  1412.  1579.  1343.  1128.
  1237.   886.  1946.  1239.  1478.]
43 [ 1822.   990.  1155.  1858.  1887.  1161.  1006.  1106.  1235.   543.
   314.  1069.  1352.  1973.  1148.  1296.  1115.  1153.  1180.  1391.
   986.  1951.  1379.  1695.  1276.  1820.  1286.  1580.   807.  1289.
  1457.  1572.  1227.  1249.  1894.  1539.  1416.  1576.  1346.  1125.
  1237.   886.  1940.  1239.  1474.]
44 [ 1818.   986.  1150.  1858.  1891.  1162.  1004.  1105.  1230.   542.
   314.  1070.  1353.  1973.  1149.  1297.  1114.  1151.  1180.  1392.
   986.  1964.  1383.  1702.  1277.  1831.  1290.  1581.   808.  1282.
  1460.  1564.  1228.  1249.  1893.  1537.  1413.  1576.  1352.  1124.
  1236.   886.  1930.  1239.  1470.]
45 [ 1817.   984.  1148.  1854.  1893.  1161.  1005.  1105.  1227.   542.
   316.  1063.  1353.  1971.  1154.  1296.  1111.  1149.  1181.  1387.
   986.  1979.  1380.  1702.  1278.  1839.  1295.  1586.   811.  1273.
  1458.  1554.  1233.  1248.  1896.  1538.  1416.  1575.  1359.  1124.
  1234.   887.  1924.  1240.  1468.]
46 [ 1817.   982.  1145.  1854.  1891.  1162.  1003.  1107.  1228.   538.
   315.  1061.  1359.  1969.  1157.  1298.  1109.  1149.  1179.  1387.
   983.  1991.  1382.  1705.  1278.  1846.  1297.  1587.   813.  1269.
  1455.  1550.  1233.  1250.  1896.  1538.  1418.  1573.  1363.  1123.
  1232.   886.  1918.  1243.  1461.]
47 [ 1820.   980.  1147.  1856.  1891.  1162.  1002.  1108.  1229.   537.
   315.  1061.  1363.  1969.  1157.  1299.  1107.  1144.  1176.  1386.
   985.  2000.  1378.  1702.  1279.  1856.  1301.  1587.   811.  1260.
  1452.  1545.  1237.  1247.  1896.  1540.  1418.  1573.  1366.  1123.
  1232.   887.  1914.  1246.  1456.]
48 [ 1817.   980.  1144.  1855.  1883.  1163.  1000.  1109.  1224.   534.
   317.  1061.  1364.  1968.  1158.  1302.  1106.  1142.  1178.  1388.
   983.  2007.  1383.  1707.  1278.  1868.  1303.  1587.   810.  1255.
  1451.  1544.  1243.  1243.  1901.  1542.  1427.  1573.  1363.  1119.
  1230.   888.  1906.  1241.  1455.]
49 [ 1822.   981.  1141.  1856.  1882.  1160.  1000.  1108.  1222.   534.
   315.  1060.  1370.  1965.  1159.  1303.  1108.  1139.  1180.  1387.
   981.  2011.  1388.  1707.  1278.  1876.  1303.  1587.   812.  1253.
  1453.  1540.  1244.  1241.  1910.  1540.  1432.  1573.  1364.  1117.
  1227.   888.  1892.  1237.  1454.]
50 [ 1823.   977.  1140.  1856.  1882.  1159.  1001.  1105.  1219.   529.
   322.  1060.  1371.  1966.  1157.  1305.  1108.  1136.  1179.  1385.
   979.  2006.  1394.  1707.  1278.  1884.  1306.  1587.   812.  1249.
  1452.  1537.  1243.  1240.  1922.  1539.  1438.  1573.  1367.  1115.
  1229.   888.  1880.  1234.  1461.]
51 [ 1824.   978.  1136.  1861.  1884.  1163.  1004.  1102.  1217.   529.
   324.  1060.  1378.  1963.  1158.  1306.  1106.  1131.  1179.  1383.
   979.  2001.  1396.  1708.  1277.  1894.  1308.  1586.   813.  1246.
  1454.  1538.  1237.  1240.  1925.  1538.  1438.  1573.  1367.  1112.
  1229.   889.  1878.  1228.  1460.]
52 [ 1821.   976.  1136.  1859.  1886.  1166.  1005.  1099.  1215.   533.
   320.  1057.  1382.  1963.  1159.  1305.  1106.  1130.  1177.  1383.
   980.  2001.  1395.  1708.  1281.  1902.  1311.  1585.   813.  1243.
  1458.  1541.  1238.  1240.  1926.  1538.  1440.  1573.  1367.  1109.
  1230.   890.  1870.  1220.  1463.]
53 [ 1819.   978.  1135.  1854.  1886.  1167.  1004.  1096.  1209.   538.
   319.  1058.  1381.  1963.  1157.  1305.  1106.  1126.  1178.  1382.
   978.  1998.  1409.  1707.  1283.  1903.  1314.  1583.   812.  1247.
  1461.  1543.  1238.  1240.  1932.  1540.  1442.  1572.  1368.  1107.
  1230.   888.  1861.  1217.  1466.]
54 [ 1814.   979.  1136.  1852.  1890.  1169.  1003.  1095.  1205.   534.
   318.  1058.  1380.  1967.  1156.  1305.  1106.  1127.  1176.  1380.
   980.  2002.  1419.  1710.  1282.  1906.  1317.  1582.   812.  1248.
  1464.  1546.  1236.  1239.  1932.  1538.  1448.  1574.  1369.  1096.
  1230.   887.  1856.  1210.  1467.]
55 [ 1813.   977.  1134.  1847.  1892.  1169.  1004.  1094.  1199.   537.
   314.  1057.  1381.  1969.  1156.  1306.  1108.  1131.  1174.  1378.
   977.  2003.  1427.  1714.  1282.  1908.  1322.  1582.   811.  1246.
  1469.  1545.  1237.  1238.  1937.  1539.  1449.  1576.  1369.  1094.
  1230.   887.  1854.  1202.  1462.]
56 [ 1814.   978.  1132.  1844.  1892.  1172.  1005.  1090.  1197.   540.
   315.  1057.  1385.  1967.  1155.  1306.  1106.  1133.  1172.  1376.
   978.  2001.  1445.  1719.  1283.  1910.  1325.  1583.   810.  1244.
  1476.  1540.  1235.  1237.  1934.  1540.  1449.  1576.  1369.  1090.
  1230.   886.  1852.  1198.  1454.]
57 [ 1814.   978.  1132.  1843.  1895.  1173.  1006.  1084.  1192.   543.
   313.  1058.  1384.  1967.  1154.  1305.  1104.  1135.  1171.  1376.
   978.  2003.  1456.  1723.  1284.  1912.  1329.  1582.   810.  1243.
  1483.  1537.  1233.  1237.  1933.  1540.  1447.  1575.  1370.  1089.
  1230.   884.  1848.  1201.  1446.]
58 [ 1815.   978.  1132.  1844.  1900.  1177.  1010.  1080.  1188.   538.
   311.  1060.  1385.  1967.  1153.  1305.  1103.  1134.  1171.  1373.
   977.  2004.  1469.  1724.  1282.  1913.  1331.  1586.   810.  1247.
  1485.  1537.  1228.  1237.  1934.  1541.  1451.  1573.  1370.  1089.
  1230.   884.  1840.  1196.  1438.]
59 [ 1815.   978.  1133.  1846.  1903.  1184.  1009.  1081.  1178.   539.
   312.  1059.  1388.  1966.  1154.  1305.  1101.  1134.  1172.  1372.
   978.  1986.  1486.  1723.  1280.  1914.  1334.  1588.   809.  1246.
  1488.  1538.  1229.  1235.  1935.  1542.  1449.  1573.  1369.  1087.
  1231.   884.  1835.  1191.  1441.]
60 [ 1814.   977.  1131.  1850.  1901.  1187.  1009.  1078.  1173.   532.
   306.  1060.  1391.  1967.  1152.  1304.  1099.  1135.  1173.  1373.
   979.  1981.  1507.  1724.  1280.  1912.  1335.  1588.   807.  1243.
  1489.  1541.  1231.  1235.  1937.  1542.  1445.  1574.  1368.  1085.
  1231.   884.  1835.  1187.  1448.]
61 [ 1814.   976.  1132.  1851.  1911.  1191.  1010.  1075.  1167.   524.
   305.  1059.  1402.  1967.  1147.  1303.  1095.  1134.  1172.  1374.
   980.  1969.  1523.  1724.  1282.  1914.  1336.  1588.   808.  1239.
  1490.  1540.  1233.  1235.  1937.  1545.  1444.  1576.  1367.  1085.
  1229.   883.  1833.  1180.  1451.]
62 [ 1814.   974.  1133.  1853.  1920.  1191.  1009.  1077.  1156.   522.
   303.  1059.  1407.  1968.  1146.  1304.  1094.  1135.  1172.  1374.
   981.  1950.  1542.  1724.  1281.  1914.  1339.  1587.   807.  1236.
  1493.  1541.  1238.  1235.  1938.  1546.  1440.  1576.  1365.  1081.
  1227.   882.  1834.  1173.  1459.]
63 [ 1814.   973.  1134.  1851.  1934.  1192.  1009.  1076.  1152.   518.
   301.  1058.  1414.  1965.  1144.  1305.  1093.  1136.  1173.  1373.
   979.  1920.  1563.  1724.  1280.  1914.  1339.  1587.   807.  1235.
  1492.  1540.  1242.  1235.  1938.  1546.  1443.  1574.  1363.  1080.
  1225.   882.  1838.  1172.  1467.]
64 [ 1816.   972.  1137.  1851.  1945.  1197.  1009.  1077.  1145.   516.
   304.  1060.  1413.  1966.  1143.  1304.  1090.  1136.  1173.  1372.
   977.  1884.  1589.  1725.  1279.  1916.  1340.  1587.   806.  1234.
  1492.  1540.  1244.  1236.  1940.  1546.  1444.  1572.  1360.  1077.
  1224.   881.  1844.  1168.  1469.]
65 [ 1814.   972.  1141.  1852.  1955.  1198.  1011.  1076.  1130.   506.
   308.  1060.  1421.  1970.  1141.  1301.  1084.  1134.  1173.  1370.
   976.  1866.  1609.  1726.  1278.  1915.  1340.  1587.   803.  1236.
  1494.  1540.  1248.  1237.  1940.  1545.  1444.  1574.  1359.  1077.
  1223.   879.  1852.  1162.  1473.]
66 [ 1812.   972.  1143.  1852.  1960.  1201.  1012.  1075.  1123.   501.
   301.  1061.  1425.  1971.  1141.  1300.  1086.  1133.  1171.  1369.
   975.  1856.  1625.  1726.  1278.  1913.  1342.  1587.   799.  1235.
  1494.  1536.  1249.  1237.  1945.  1545.  1445.  1572.  1359.  1077.
  1221.   878.  1861.  1157.  1479.]
67 [ 1812.   972.  1145.  1849.  1960.  1206.  1012.  1075.  1121.   493.
   300.  1061.  1430.  1970.  1142.  1301.  1088.  1133.  1167.  1369.
   973.  1827.  1644.  1728.  1277.  1912.  1342.  1587.   799.  1234.
  1494.  1535.  1252.  1236.  1945.  1544.  1449.  1570.  1359.  1079.
  1221.   878.  1871.  1157.  1481.]
68 [ 1814.   972.  1147.  1850.  1962.  1210.  1012.  1075.  1119.   489.
   297.  1060.  1439.  1970.  1137.  1302.  1087.  1133.  1164.  1367.
   971.  1815.  1660.  1728.  1275.  1911.  1347.  1587.   797.  1233.
  1495.  1535.  1254.  1236.  1945.  1542.  1446.  1569.  1360.  1078.
  1221.   877.  1875.  1157.  1480.]
69 [ 1813.   970.  1148.  1854.  1964.  1213.  1012.  1076.  1116.   490.
   293.  1060.  1443.  1970.  1133.  1302.  1090.  1133.  1163.  1367.
   971.  1795.  1674.  1730.  1275.  1910.  1347.  1587.   794.  1232.
  1495.  1533.  1254.  1236.  1946.  1541.  1444.  1569.  1361.  1081.
  1221.   877.  1878.  1157.  1482.]
70 [ 1813.   971.  1151.  1855.  1961.  1215.  1013.  1076.  1122.   481.
   290.  1060.  1448.  1971.  1134.  1302.  1088.  1133.  1158.  1368.
   971.  1775.  1684.  1729.  1277.  1907.  1348.  1585.   796.  1233.
  1494.  1534.  1256.  1236.  1949.  1541.  1444.  1569.  1360.  1079.
  1221.   875.  1879.  1154.  1494.]
71 [ 1813.   973.  1156.  1853.  1960.  1224.  1012.  1076.  1108.   482.
   283.  1061.  1450.  1970.  1136.  1302.  1086.  1134.  1155.  1367.
   971.  1772.  1695.  1730.  1275.  1906.  1349.  1585.   794.  1235.
  1495.  1534.  1258.  1236.  1947.  1542.  1443.  1568.  1358.  1079.
  1220.   875.  1885.  1152.  1495.]
72 [ 1813.   972.  1157.  1846.  1954.  1235.  1011.  1076.  1102.   480.
   280.  1062.  1456.  1972.  1135.  1301.  1084.  1135.  1154.  1369.
   970.  1758.  1716.  1731.  1272.  1908.  1350.  1585.   795.  1234.
  1494.  1533.  1259.  1236.  1946.  1539.  1439.  1566.  1359.  1078.
  1219.   873.  1894.  1154.  1498.]
73 [ 1811.   974.  1157.  1843.  1958.  1238.  1009.  1075.  1100.   479.
   268.  1062.  1463.  1974.  1135.  1302.  1083.  1136.  1154.  1369.
   970.  1738.  1727.  1729.  1273.  1907.  1349.  1586.   795.  1233.
  1495.  1536.  1257.  1236.  1945.  1539.  1437.  1565.  1359.  1078.
  1219.   873.  1899.  1160.  1505.]
74 [ 1814.   974.  1158.  1842.  1966.  1239.  1010.  1076.  1101.   473.
   260.  1059.  1463.  1974.  1135.  1302.  1081.  1137.  1155.  1367.
   971.  1710.  1749.  1730.  1271.  1907.  1348.  1587.   795.  1233.
  1496.  1533.  1256.  1236.  1949.  1540.  1440.  1566.  1360.  1077.
  1219.   872.  1896.  1166.  1507.]
75 [ 1816.   973.  1160.  1845.  1970.  1240.  1012.  1075.  1101.   473.
   253.  1058.  1473.  1974.  1133.  1302.  1083.  1137.  1155.  1369.
   971.  1665.  1762.  1730.  1273.  1908.  1349.  1586.   793.  1232.
  1497.  1533.  1255.  1235.  1956.  1540.  1440.  1564.  1359.  1076.
  1219.   872.  1904.  1170.  1509.]
76 [ 1817.   973.  1162.  1848.  1980.  1246.  1014.  1075.  1105.   474.
   231.  1058.  1476.  1973.  1135.  1302.  1086.  1139.  1155.  1370.
   970.  1613.  1773.  1730.  1272.  1910.  1349.  1586.   794.  1230.
  1495.  1536.  1255.  1234.  1959.  1540.  1442.  1563.  1360.  1081.
  1219.   872.  1908.  1172.  1518.]
77 [ 1818.   974.  1161.  1856.  1985.  1246.  1016.  1072.  1115.   467.
   230.  1058.  1481.  1971.  1138.  1303.  1088.  1140.  1155.  1370.
   971.  1535.  1799.  1729.  1269.  1911.  1350.  1586.   795.  1229.
  1495.  1535.  1255.  1233.  1962.  1540.  1444.  1562.  1359.  1086.
  1220.   872.  1918.  1180.  1521.]
78 [ 1816.   973.  1162.  1863.  1988.  1253.  1018.  1073.  1115.   471.
   237.  1058.  1488.  1972.  1140.  1303.  1094.  1141.  1155.  1371.
   969.  1432.  1828.  1728.  1268.  1910.  1353.  1586.   793.  1230.
  1495.  1535.  1254.  1233.  1968.  1540.  1445.  1560.  1360.  1090.
  1220.   871.  1937.  1186.  1518.]
79 [ 1816.   973.  1164.  1865.  2010.  1263.  1021.  1074.  1114.   483.
   255.  1057.  1484.  1971.  1148.  1301.  1100.  1143.  1156.  1371.
   968.  1304.  1852.  1727.  1266.  1911.  1354.  1586.   792.  1231.
  1495.  1532.  1258.  1233.  1975.  1540.  1448.  1559.  1360.  1096.
  1220.   871.  1941.  1187.  1525.]
80 [ 1819.   973.  1163.  1862.  2021.  1268.  1020.  1074.  1114.   487.
   285.  1056.  1494.  1973.  1152.  1301.  1104.  1146.  1155.  1370.
   968.  1189.  1860.  1727.  1268.  1913.  1357.  1585.   792.  1231.
  1495.  1533.  1258.  1233.  1979.  1540.  1449.  1556.  1357.  1105.
  1220.   872.  1951.  1195.  1530.]
81 [ 1819.   967.  1165.  1860.  2033.  1272.  1021.  1073.  1119.   493.
   316.  1056.  1499.  1973.  1154.  1301.  1106.  1146.  1158.  1371.
   968.  1095.  1864.  1726.  1266.  1915.  1356.  1585.   792.  1231.
  1496.  1538.  1258.  1234.  1979.  1541.  1449.  1555.  1357.  1109.
  1221.   871.  1960.  1198.  1534.]
82 [ 1818.   969.  1164.  1859.  2045.  1271.  1023.  1072.  1119.   498.
   338.  1056.  1498.  1969.  1155.  1302.  1104.  1146.  1159.  1372.
   968.  1027.  1874.  1725.  1267.  1917.  1358.  1585.   793.  1231.
  1497.  1540.  1257.  1233.  1979.  1542.  1449.  1554.  1357.  1112.
  1220.   870.  1965.  1205.  1538.]
83 [ 1820.   975.  1162.  1862.  2052.  1271.  1027.  1070.  1122.   501.
   350.  1056.  1496.  1966.  1155.  1302.  1107.  1147.  1160.  1372.
   967.   977.  1883.  1726.  1267.  1917.  1359.  1585.   793.  1229.
  1496.  1540.  1260.  1231.  1984.  1543.  1450.  1550.  1356.  1112.
  1220.   870.  1969.  1204.  1539.]
84 [ 1821.   976.  1163.  1861.  2056.  1270.  1029.  1068.  1126.   503.
   359.  1055.  1491.  1966.  1156.  1302.  1104.  1146.  1159.  1373.
   967.   956.  1896.  1725.  1265.  1917.  1357.  1583.   793.  1229.
  1497.  1538.  1259.  1231.  1986.  1542.  1450.  1551.  1356.  1112.
  1220.   870.  1969.  1206.  1541.]
85 [ 1821.   977.  1164.  1862.  2047.  1271.  1034.  1066.  1128.   510.
   369.  1055.  1490.  1963.  1160.  1302.  1102.  1144.  1159.  1375.
   967.   930.  1906.  1725.  1260.  1916.  1355.  1583.   794.  1228.
  1496.  1538.  1259.  1232.  1985.  1541.  1449.  1554.  1358.  1112.
  1220.   871.  1975.  1206.  1541.]
86 [ 1822.   981.  1166.  1863.  2046.  1275.  1036.  1066.  1132.   512.
   367.  1056.  1484.  1964.  1161.  1302.  1103.  1145.  1158.  1374.
   968.   915.  1917.  1725.  1256.  1914.  1357.  1583.   794.  1228.
  1493.  1537.  1259.  1232.  1981.  1541.  1451.  1555.  1359.  1113.
  1220.   871.  1980.  1206.  1532.]
87 [ 1822.   983.  1165.  1863.  2052.  1278.  1042.  1064.  1131.   521.
   362.  1056.  1476.  1967.  1164.  1301.  1101.  1144.  1157.  1373.
   969.   913.  1914.  1723.  1255.  1917.  1357.  1584.   795.  1228.
  1495.  1537.  1257.  1232.  1985.  1541.  1449.  1555.  1357.  1112.
  1220.   871.  1979.  1209.  1524.]
88 [ 1822.   983.  1165.  1863.  2047.  1284.  1046.  1064.  1138.   527.
   355.  1056.  1477.  1964.  1162.  1301.  1098.  1143.  1156.  1373.
   969.   922.  1917.  1723.  1254.  1917.  1355.  1584.   797.  1227.
  1495.  1536.  1261.  1233.  1984.  1541.  1447.  1553.  1357.  1113.
  1220.   871.  1978.  1207.  1515.]
89 [ 1822.   986.  1166.  1864.  2048.  1287.  1047.  1064.  1147.   530.
   346.  1055.  1484.  1962.  1161.  1301.  1095.  1143.  1156.  1372.
   969.   931.  1910.  1724.  1253.  1915.  1352.  1585.   797.  1228.
  1491.  1537.  1260.  1233.  1983.  1540.  1450.  1554.  1356.  1114.
  1220.   871.  1977.  1206.  1508.]
90 [ 1822.   988.  1167.  1865.  2047.  1289.  1051.  1064.  1154.   542.
   335.  1054.  1491.  1961.  1160.  1301.  1095.  1143.  1156.  1372.
   968.   929.  1912.  1722.  1252.  1914.  1348.  1585.   797.  1228.
  1487.  1538.  1262.  1233.  1982.  1540.  1448.  1553.  1355.  1113.
  1220.   871.  1979.  1204.  1503.]
91 [ 1820.   990.  1168.  1867.  2044.  1293.  1058.  1062.  1150.   551.
   331.  1054.  1492.  1960.  1163.  1301.  1096.  1143.  1155.  1371.
   968.   928.  1919.  1721.  1252.  1914.  1344.  1585.   797.  1228.
  1484.  1538.  1262.  1233.  1982.  1540.  1448.  1554.  1355.  1112.
  1221.   871.  1978.  1204.  1493.]
92 [ 1820.   993.  1166.  1865.  2042.  1293.  1065.  1063.  1150.   562.
   321.  1054.  1493.  1960.  1164.  1301.  1094.  1143.  1155.  1372.
   968.   927.  1926.  1721.  1250.  1913.  1342.  1585.   798.  1227.
  1483.  1538.  1263.  1232.  1980.  1540.  1445.  1554.  1355.  1112.
  1222.   872.  1976.  1205.  1490.]
93 [ 1820.   993.  1167.  1865.  2038.  1295.  1071.  1058.  1151.   560.
   314.  1053.  1497.  1960.  1164.  1301.  1093.  1144.  1158.  1371.
   968.   925.  1932.  1721.  1250.  1913.  1341.  1586.   798.  1227.
  1483.  1539.  1263.  1233.  1979.  1538.  1445.  1558.  1356.  1112.
  1222.   873.  1975.  1204.  1486.]
94 [ 1822.   992.  1168.  1865.  2037.  1295.  1075.  1057.  1151.   560.
   314.  1053.  1496.  1960.  1162.  1301.  1093.  1144.  1158.  1371.
   969.   924.  1933.  1721.  1250.  1913.  1339.  1586.   798.  1228.
  1482.  1538.  1262.  1233.  1979.  1538.  1447.  1557.  1356.  1113.
  1222.   873.  1975.  1201.  1489.]
95 [ 1821.   992.  1168.  1865.  2034.  1296.  1077.  1057.  1153.   566.
   309.  1053.  1493.  1961.  1162.  1301.  1094.  1144.  1158.  1371.
   969.   925.  1934.  1721.  1250.  1913.  1337.  1586.   798.  1228.
  1482.  1538.  1262.  1233.  1979.  1538.  1445.  1557.  1357.  1114.
  1222.   872.  1972.  1203.  1490.]
96 [ 1821.   993.  1168.  1867.  2027.  1295.  1079.  1057.  1149.   570.
   304.  1053.  1493.  1961.  1160.  1301.  1093.  1144.  1158.  1371.
   969.   926.  1935.  1722.  1250.  1913.  1338.  1586.   799.  1228.
  1482.  1537.  1262.  1233.  1980.  1538.  1446.  1556.  1357.  1118.
  1222.   872.  1972.  1203.  1492.]
97 [ 1821.   994.  1168.  1868.  2025.  1292.  1080.  1056.  1151.   572.
   299.  1053.  1494.  1960.  1161.  1302.  1093.  1144.  1158.  1371.
   969.   928.  1938.  1722.  1250.  1912.  1338.  1585.   799.  1228.
  1482.  1536.  1262.  1232.  1978.  1538.  1447.  1556.  1357.  1119.
  1222.   872.  1971.  1202.  1495.]
98 [ 1821.   993.  1168.  1868.  2023.  1290.  1080.  1057.  1152.   571.
   299.  1053.  1495.  1960.  1163.  1302.  1093.  1145.  1158.  1371.
   969.   920.  1943.  1722.  1251.  1913.  1338.  1586.   799.  1227.
  1481.  1537.  1263.  1232.  1978.  1539.  1447.  1556.  1357.  1118.
  1222.   873.  1970.  1204.  1493.]
99 [ 1820.   992.  1169.  1868.  2022.  1289.  1080.  1058.  1155.   569.
   299.  1053.  1496.  1960.  1165.  1303.  1092.  1144.  1158.  1371.
   969.   918.  1945.  1722.  1251.  1913.  1338.  1586.   799.  1229.
  1480.  1540.  1263.  1232.  1980.  1539.  1447.  1556.  1357.  1115.
  1222.   872.  1968.  1206.  1490.]
100 [ 1820.   992.  1169.  1868.  2020.  1286.  1080.  1060.  1158.   565.
   300.  1053.  1496.  1960.  1166.  1303.  1092.  1144.  1158.  1371.
   969.   919.  1942.  1722.  1251.  1913.  1338.  1586.   799.  1230.
  1479.  1540.  1264.  1232.  1980.  1539.  1446.  1556.  1357.  1114.
  1222.   872.  1968.  1207.  1494.]
101 [ 1818.   993.  1169.  1867.  2021.  1287.  1084.  1059.  1159.   564.
   299.  1053.  1497.  1960.  1167.  1304.  1092.  1144.  1158.  1371.
   969.   918.  1940.  1722.  1251.  1913.  1338.  1586.   799.  1230.
  1477.  1540.  1264.  1232.  1980.  1539.  1446.  1556.  1357.  1114.
  1222.   872.  1968.  1206.  1495.]
102 [ 1818.   994.  1168.  1868.  2025.  1288.  1088.  1056.  1159.   559.
   299.  1053.  1497.  1960.  1167.  1304.  1092.  1144.  1158.  1371.
   970.   919.  1935.  1722.  1250.  1913.  1337.  1586.   801.  1230.
  1477.  1540.  1264.  1232.  1980.  1539.  1447.  1556.  1357.  1114.
  1222.   872.  1968.  1206.  1495.]
103 [ 1818.   995.  1168.  1866.  2027.  1288.  1093.  1056.  1159.   559.
   295.  1053.  1497.  1961.  1167.  1304.  1093.  1144.  1158.  1371.
   970.   918.  1930.  1722.  1251.  1913.  1337.  1586.   803.  1230.
  1473.  1541.  1264.  1232.  1980.  1539.  1447.  1557.  1357.  1114.
  1222.   872.  1968.  1206.  1496.]
104 [ 1818.   995.  1168.  1866.  2028.  1286.  1099.  1056.  1160.   559.
   292.  1053.  1498.  1961.  1167.  1304.  1093.  1144.  1158.  1372.
   970.   920.  1926.  1722.  1251.  1913.  1336.  1586.   803.  1230.
  1469.  1541.  1264.  1232.  1980.  1539.  1447.  1556.  1357.  1114.
  1222.   874.  1968.  1205.  1498.]
105 [ 1818.   995.  1168.  1866.  2033.  1286.  1102.  1059.  1160.   560.
   289.  1053.  1498.  1961.  1167.  1304.  1093.  1144.  1158.  1374.
   970.   920.  1926.  1722.  1250.  1912.  1336.  1586.   803.  1230.
  1462.  1541.  1264.  1232.  1980.  1539.  1446.  1555.  1357.  1114.
  1222.   875.  1967.  1207.  1496.]
106 [ 1817.   995.  1169.  1866.  2034.  1286.  1099.  1063.  1163.   560.
   286.  1053.  1498.  1961.  1167.  1304.  1093.  1143.  1158.  1374.
   970.   922.  1926.  1722.  1250.  1912.  1336.  1586.   802.  1230.
  1458.  1541.  1264.  1232.  1980.  1539.  1446.  1555.  1357.  1114.
  1222.   876.  1965.  1210.  1496.]
107 [ 1817.   995.  1170.  1866.  2037.  1285.  1098.  1065.  1162.   560.
   284.  1052.  1498.  1961.  1167.  1304.  1092.  1143.  1158.  1375.
   970.   922.  1925.  1722.  1250.  1912.  1336.  1586.   802.  1231.
  1456.  1541.  1264.  1232.  1980.  1539.  1446.  1555.  1357.  1114.
  1222.   876.  1965.  1212.  1496.]
108 [ 1817.   995.  1169.  1866.  2038.  1285.  1098.  1067.  1164.   560.
   283.  1052.  1498.  1961.  1167.  1304.  1091.  1143.  1158.  1375.
   970.   921.  1926.  1722.  1250.  1912.  1336.  1587.   802.  1231.
  1454.  1541.  1264.  1232.  1979.  1539.  1450.  1554.  1357.  1114.
  1222.   876.  1963.  1211.  1496.]
109 [ 1817.   995.  1170.  1866.  2039.  1285.  1097.  1070.  1163.   561.
   283.  1052.  1498.  1960.  1167.  1304.  1091.  1143.  1158.  1375.
   970.   919.  1926.  1722.  1249.  1913.  1336.  1587.   802.  1231.
  1455.  1541.  1264.  1232.  1979.  1539.  1449.  1553.  1357.  1114.
  1222.   876.  1963.  1210.  1497.]
110 [ 1817.   995.  1169.  1866.  2039.  1285.  1097.  1074.  1165.   561.
   283.  1052.  1498.  1958.  1168.  1304.  1091.  1142.  1158.  1375.
   970.   917.  1927.  1722.  1249.  1913.  1336.  1587.   802.  1231.
  1454.  1541.  1264.  1232.  1979.  1539.  1449.  1553.  1356.  1114.
  1222.   876.  1965.  1208.  1497.]
111 [ 1817.   995.  1169.  1867.  2039.  1285.  1098.  1076.  1167.   561.
   282.  1052.  1498.  1956.  1168.  1304.  1091.  1141.  1159.  1375.
   970.   915.  1927.  1722.  1249.  1912.  1336.  1587.   803.  1231.
  1454.  1541.  1264.  1232.  1980.  1539.  1448.  1553.  1356.  1114.
  1222.   876.  1966.  1206.  1497.]
112 [ 1817.   994.  1167.  1867.  2039.  1285.  1098.  1076.  1174.   560.
   281.  1052.  1498.  1955.  1169.  1304.  1089.  1141.  1159.  1375.
   970.   914.  1927.  1722.  1249.  1912.  1335.  1587.   803.  1231.
  1454.  1541.  1264.  1232.  1979.  1540.  1450.  1553.  1356.  1114.
  1222.   876.  1966.  1206.  1497.]
113 [ 1817.   992.  1167.  1867.  2039.  1284.  1098.  1076.  1173.   561.
   280.  1052.  1499.  1955.  1170.  1304.  1089.  1141.  1159.  1375.
   970.   914.  1927.  1722.  1249.  1913.  1334.  1587.   804.  1231.
  1456.  1541.  1264.  1232.  1979.  1540.  1453.  1553.  1356.  1114.
  1221.   876.  1966.  1203.  1497.]
114 [ 1817.   992.  1167.  1867.  2039.  1284.  1098.  1076.  1173.   560.
   281.  1052.  1499.  1955.  1170.  1304.  1089.  1141.  1159.  1375.
   970.   914.  1927.  1722.  1249.  1913.  1333.  1587.   804.  1231.
  1458.  1541.  1264.  1232.  1979.  1540.  1453.  1553.  1356.  1113.
  1221.   876.  1966.  1203.  1497.]
[ 1817.   992.  1167.  1867.  2039.  1284.  1098.  1076.  1173.   560.
   281.  1052.  1499.  1955.  1170.  1304.  1089.  1141.  1159.  1375.
   970.   914.  1927.  1722.  1249.  1913.  1333.  1587.   804.  1231.
  1458.  1541.  1264.  1232.  1979.  1540.  1453.  1553.  1356.  1113.
  1221.   876.  1966.  1203.  1497.]
Time spent clustering :  14425.0948539
medians_kplusplus_cluster45
Digit: 0  Purity: 94.2% SD: 1720.3  Count: 5441
Digit: 1  Purity: 87.2% SD: 1041.5  Count: 7549
Digit: 2  Purity: 84.2% SD: 1837.0  Count: 5581
Digit: 3  Purity: 65.0% SD: 1761.8  Count: 7876
Digit: 4  Purity: 69.1% SD: 1656.5  Count: 5081
Digit: 5  Purity: 72.7% SD: 1706.6  Count: 5173
Digit: 6  Purity: 86.0% SD: 1612.3  Count: 6288
Digit: 7  Purity: 72.6% SD: 1467.0  Count: 7704
Digit: 8  Purity: 90.2% SD: 1704.3  Count: 3921
Digit: 9  Purity: 59.8% SD: 1491.6  Count: 5386
Our accuracy in predicting test data for k = 45 was 78.6378637864 %
Time spent testing :  43.7252600193
