20 medians random 100
0 [  881.  1762.  1648.  4253.  5058.  6739.  2608.  1127.  3802.  1973.
  5065.  3333.  1859.  3062.  1946.  2669.  1763.  1193.  6840.  2419.]
1 [ 1579.  2480.  2064.  3932.  3456.  3984.  3126.  1520.  5433.  1952.
  4634.  3692.  1643.  2864.  2646.  2892.  1804.  1678.  5767.  2854.]
2 [ 2014.  2842.  2448.  3488.  2769.  3033.  3452.  1578.  5472.  2005.
  4485.  3511.  1727.  2825.  3086.  3127.  1954.  1868.  5329.  2987.]
3 [ 2273.  2931.  2584.  3294.  2581.  2740.  3932.  1550.  5178.  2030.
  4344.  3362.  1783.  2751.  3049.  3351.  2115.  2064.  5118.  2970.]
4 [ 2434.  2960.  2609.  3243.  2512.  2653.  4344.  1564.  4940.  2020.
  4327.  3235.  1772.  2637.  2976.  3549.  2221.  2104.  4996.  2904.]
5 [ 2605.  2953.  2625.  3155.  2503.  2620.  4620.  1595.  4906.  1993.
  4244.  3138.  1739.  2584.  2859.  3692.  2295.  2152.  4893.  2829.]
6 [ 2737.  2918.  2664.  3006.  2500.  2624.  4804.  1664.  4975.  1964.
  4189.  3051.  1718.  2549.  2737.  3822.  2334.  2180.  4799.  2765.]
7 [ 2844.  2879.  2666.  2778.  2493.  2626.  4950.  1816.  5097.  1938.
  4122.  3002.  1690.  2501.  2631.  3898.  2347.  2233.  4773.  2716.]
8 [ 2945.  2836.  2688.  2524.  2498.  2648.  5010.  2034.  5226.  1921.
  4004.  2989.  1659.  2466.  2569.  3921.  2364.  2287.  4762.  2649.]
9 [ 3009.  2803.  2716.  2270.  2479.  2658.  4992.  2284.  5306.  1942.
  3926.  3002.  1652.  2441.  2521.  3945.  2374.  2321.  4743.  2616.]
10 [ 3012.  2787.  2779.  2073.  2468.  2664.  4893.  2510.  5322.  2024.
  3862.  3054.  1677.  2399.  2495.  3954.  2374.  2329.  4716.  2608.]
11 [ 2996.  2755.  2866.  1963.  2473.  2670.  4757.  2658.  5290.  2122.
  3763.  3136.  1712.  2376.  2469.  3933.  2392.  2346.  4701.  2622.]
12 [ 2972.  2718.  2963.  1882.  2499.  2686.  4670.  2698.  5273.  2204.
  3677.  3188.  1769.  2374.  2465.  3912.  2402.  2340.  4665.  2643.]
13 [ 2940.  2708.  3072.  1794.  2530.  2707.  4579.  2702.  5290.  2275.
  3578.  3242.  1808.  2368.  2450.  3919.  2415.  2327.  4645.  2651.]
14 [ 2925.  2702.  3182.  1656.  2550.  2725.  4516.  2709.  5322.  2346.
  3495.  3289.  1829.  2364.  2419.  3928.  2428.  2336.  4628.  2651.]
15 [ 2918.  2687.  3311.  1506.  2590.  2735.  4458.  2680.  5355.  2411.
  3426.  3297.  1867.  2353.  2418.  3918.  2452.  2360.  4605.  2653.]
16 [ 2942.  2684.  3431.  1335.  2611.  2733.  4383.  2665.  5406.  2449.
  3381.  3338.  1894.  2348.  2393.  3918.  2468.  2370.  4604.  2647.]
17 [ 2961.  2687.  3559.  1186.  2627.  2736.  4327.  2639.  5421.  2471.
  3353.  3369.  1909.  2354.  2365.  3915.  2491.  2395.  4586.  2649.]
18 [ 2960.  2677.  3676.  1096.  2634.  2736.  4294.  2630.  5423.  2510.
  3340.  3389.  1905.  2355.  2344.  3910.  2504.  2414.  4557.  2646.]
19 [ 2966.  2662.  3785.  1054.  2643.  2744.  4257.  2621.  5419.  2531.
  3327.  3401.  1907.  2339.  2351.  3902.  2512.  2410.  4521.  2648.]
20 [ 2964.  2644.  3860.  1034.  2647.  2749.  4248.  2612.  5404.  2554.
  3306.  3406.  1908.  2321.  2354.  3906.  2506.  2434.  4499.  2644.]
21 [ 2958.  2632.  3913.  1027.  2645.  2751.  4241.  2607.  5390.  2586.
  3288.  3424.  1916.  2303.  2354.  3906.  2508.  2448.  4474.  2629.]
22 [ 2954.  2632.  3961.  1018.  2636.  2753.  4243.  2606.  5372.  2615.
  3271.  3431.  1916.  2291.  2346.  3911.  2520.  2457.  4449.  2618.]
23 [ 2962.  2633.  4011.  1008.  2632.  2764.  4237.  2598.  5355.  2629.
  3249.  3441.  1918.  2285.  2328.  3928.  2519.  2476.  4413.  2614.]
24 [ 2962.  2637.  4048.   998.  2625.  2775.  4244.  2592.  5333.  2653.
  3235.  3438.  1910.  2287.  2319.  3926.  2518.  2483.  4404.  2613.]
25 [ 2980.  2638.  4062.   994.  2621.  2774.  4254.  2586.  5321.  2656.
  3218.  3445.  1913.  2280.  2317.  3933.  2519.  2498.  4387.  2604.]
26 [ 2981.  2637.  4090.   994.  2617.  2779.  4261.  2583.  5319.  2666.
  3210.  3453.  1914.  2277.  2308.  3933.  2519.  2494.  4368.  2597.]
27 [ 2984.  2633.  4108.   993.  2617.  2782.  4284.  2574.  5314.  2673.
  3212.  3444.  1917.  2270.  2301.  3931.  2519.  2505.  4350.  2589.]
28 [ 2986.  2631.  4127.   994.  2618.  2783.  4286.  2571.  5307.  2681.
  3206.  3433.  1920.  2266.  2291.  3934.  2521.  2514.  4346.  2585.]
29 [ 2982.  2636.  4152.   996.  2617.  2787.  4281.  2566.  5306.  2686.
  3199.  3428.  1920.  2264.  2283.  3932.  2523.  2518.  4341.  2583.]
30 [ 2980.  2639.  4175.   998.  2614.  2786.  4275.  2565.  5306.  2688.
  3190.  3417.  1924.  2253.  2288.  3931.  2520.  2524.  4345.  2582.]
31 [ 2982.  2639.  4186.   999.  2610.  2786.  4270.  2560.  5308.  2685.
  3187.  3406.  1924.  2250.  2294.  3942.  2521.  2526.  4344.  2581.]
32 [ 2986.  2638.  4188.   997.  2607.  2786.  4277.  2555.  5310.  2688.
  3190.  3399.  1921.  2248.  2296.  3946.  2516.  2532.  4337.  2583.]
33 [ 2991.  2637.  4187.   997.  2607.  2785.  4295.  2552.  5311.  2687.
  3183.  3397.  1920.  2246.  2296.  3945.  2516.  2528.  4335.  2585.]
34 [ 2988.  2632.  4194.   996.  2612.  2787.  4298.  2550.  5317.  2692.
  3179.  3386.  1923.  2245.  2301.  3945.  2517.  2524.  4330.  2584.]
35 [ 2988.  2632.  4198.   995.  2611.  2786.  4300.  2551.  5328.  2696.
  3174.  3383.  1923.  2240.  2305.  3946.  2516.  2523.  4321.  2584.]
36 [ 2992.  2631.  4210.   991.  2610.  2787.  4313.  2552.  5336.  2697.
  3165.  3377.  1923.  2231.  2311.  3938.  2511.  2532.  4310.  2583.]
37 [ 2996.  2632.  4212.   990.  2609.  2788.  4319.  2551.  5354.  2697.
  3159.  3366.  1923.  2224.  2329.  3935.  2516.  2521.  4295.  2584.]
38 [ 3001.  2632.  4224.   992.  2608.  2790.  4324.  2550.  5371.  2696.
  3144.  3347.  1926.  2219.  2341.  3937.  2516.  2517.  4281.  2584.]
39 [ 3004.  2632.  4226.   986.  2608.  2792.  4334.  2550.  5400.  2699.
  3129.  3336.  1926.  2217.  2345.  3928.  2516.  2522.  4269.  2581.]
40 [ 3008.  2634.  4222.   984.  2606.  2792.  4332.  2550.  5436.  2702.
  3128.  3322.  1924.  2219.  2355.  3919.  2520.  2511.  4255.  2581.]
41 [ 3010.  2635.  4234.   987.  2602.  2792.  4314.  2549.  5472.  2703.
  3126.  3309.  1925.  2217.  2358.  3913.  2517.  2513.  4244.  2580.]
42 [ 3013.  2638.  4249.   989.  2599.  2794.  4303.  2549.  5494.  2709.
  3116.  3294.  1924.  2216.  2363.  3902.  2519.  2509.  4241.  2579.]
43 [ 3015.  2638.  4262.   989.  2600.  2800.  4270.  2550.  5527.  2712.
  3113.  3278.  1924.  2217.  2360.  3890.  2520.  2498.  4256.  2581.]
44 [ 3019.  2639.  4279.   988.  2601.  2801.  4241.  2552.  5556.  2713.
  3115.  3267.  1924.  2218.  2372.  3891.  2518.  2491.  4236.  2579.]
45 [ 3026.  2640.  4296.   989.  2603.  2800.  4228.  2553.  5583.  2713.
  3111.  3248.  1924.  2218.  2372.  3894.  2515.  2489.  4219.  2579.]
46 [ 3027.  2641.  4308.   988.  2604.  2799.  4225.  2554.  5609.  2716.
  3108.  3232.  1923.  2216.  2373.  3895.  2515.  2486.  4202.  2579.]
47 [ 3028.  2643.  4325.   990.  2606.  2796.  4205.  2555.  5650.  2717.
  3107.  3217.  1924.  2215.  2374.  3891.  2514.  2478.  4183.  2582.]
48 [ 3026.  2646.  4341.   986.  2607.  2796.  4194.  2557.  5677.  2718.
  3108.  3178.  1927.  2222.  2377.  3883.  2511.  2474.  4186.  2586.]
49 [ 3025.  2648.  4350.   983.  2607.  2797.  4216.  2558.  5699.  2717.
  3108.  3155.  1928.  2223.  2387.  3877.  2510.  2459.  4164.  2589.]
50 [ 3028.  2649.  4369.   981.  2607.  2797.  4237.  2558.  5727.  2714.
  3107.  3127.  1927.  2223.  2401.  3867.  2508.  2452.  4133.  2588.]
51 [ 3024.  2649.  4381.   977.  2607.  2798.  4268.  2556.  5757.  2713.
  3112.  3116.  1929.  2218.  2407.  3866.  2505.  2445.  4085.  2587.]
52 [ 3024.  2650.  4405.   975.  2607.  2800.  4261.  2556.  5799.  2715.
  3115.  3097.  1926.  2223.  2418.  3862.  2502.  2429.  4051.  2585.]
53 [ 3023.  2650.  4426.   972.  2607.  2799.  4265.  2555.  5831.  2715.
  3114.  3090.  1928.  2230.  2429.  3857.  2500.  2423.  4006.  2580.]
54 [ 3024.  2650.  4456.   972.  2606.  2799.  4269.  2556.  5860.  2712.
  3106.  3088.  1928.  2235.  2437.  3847.  2500.  2411.  3966.  2578.]
55 [ 3024.  2650.  4486.   964.  2606.  2801.  4274.  2556.  5889.  2710.
  3103.  3081.  1930.  2235.  2450.  3825.  2500.  2409.  3928.  2579.]
56 [ 3030.  2652.  4512.   955.  2606.  2806.  4288.  2557.  5921.  2708.
  3103.  3078.  1933.  2238.  2455.  3796.  2501.  2403.  3881.  2577.]
57 [ 3027.  2654.  4541.   948.  2607.  2808.  4312.  2552.  5967.  2707.
  3099.  3074.  1938.  2245.  2459.  3769.  2503.  2383.  3830.  2577.]
58 [ 3029.  2654.  4572.   936.  2609.  2807.  4344.  2552.  6021.  2704.
  3103.  3067.  1940.  2245.  2450.  3738.  2499.  2372.  3781.  2577.]
59 [ 3034.  2656.  4606.   933.  2614.  2813.  4362.  2552.  6081.  2706.
  3102.  3057.  1940.  2243.  2451.  3701.  2496.  2354.  3722.  2577.]
60 [ 3032.  2656.  4656.   932.  2617.  2815.  4400.  2557.  6127.  2703.
  3101.  3045.  1940.  2246.  2442.  3655.  2493.  2333.  3670.  2580.]
61 [ 3029.  2658.  4702.   930.  2619.  2818.  4456.  2563.  6171.  2697.
  3097.  3033.  1943.  2240.  2430.  3599.  2490.  2316.  3630.  2579.]
62 [ 3028.  2655.  4747.   929.  2625.  2826.  4517.  2568.  6215.  2700.
  3092.  3016.  1945.  2229.  2411.  3544.  2492.  2295.  3585.  2581.]
63 [ 3030.  2655.  4769.   931.  2630.  2829.  4582.  2569.  6274.  2698.
  3101.  3004.  1950.  2213.  2391.  3493.  2494.  2275.  3531.  2581.]
64 [ 3034.  2654.  4787.   941.  2633.  2828.  4675.  2572.  6324.  2687.
  3101.  2993.  1952.  2197.  2353.  3460.  2501.  2250.  3478.  2580.]
65 [ 3037.  2654.  4818.   954.  2638.  2832.  4686.  2569.  6380.  2682.
  3109.  2980.  1952.  2181.  2344.  3429.  2499.  2245.  3427.  2584.]
66 [ 3035.  2653.  4854.   969.  2638.  2830.  4664.  2570.  6428.  2675.
  3126.  2958.  1953.  2174.  2347.  3408.  2505.  2244.  3382.  2587.]
67 [ 3030.  2651.  4908.   977.  2639.  2835.  4599.  2571.  6476.  2674.
  3155.  2934.  1955.  2169.  2356.  3391.  2508.  2235.  3344.  2593.]
68 [ 3020.  2648.  4986.   987.  2638.  2833.  4508.  2573.  6527.  2668.
  3178.  2921.  1959.  2159.  2358.  3385.  2519.  2226.  3305.  2602.]
69 [ 3017.  2652.  5056.   992.  2639.  2835.  4439.  2581.  6559.  2665.
  3202.  2896.  1964.  2148.  2366.  3369.  2521.  2217.  3274.  2608.]
70 [ 3013.  2652.  5127.   985.  2638.  2840.  4382.  2584.  6572.  2668.
  3223.  2871.  1967.  2147.  2387.  3347.  2524.  2210.  3254.  2609.]
71 [ 3015.  2651.  5191.   971.  2634.  2850.  4329.  2590.  6584.  2671.
  3238.  2854.  1975.  2140.  2407.  3329.  2527.  2200.  3228.  2616.]
72 [ 3019.  2650.  5238.   961.  2631.  2857.  4290.  2593.  6590.  2670.
  3248.  2834.  1983.  2145.  2425.  3315.  2529.  2186.  3221.  2615.]
73 [ 3018.  2650.  5281.   955.  2631.  2864.  4257.  2601.  6584.  2671.
  3253.  2816.  1983.  2141.  2445.  3307.  2528.  2176.  3222.  2617.]
74 [ 3017.  2649.  5304.   941.  2629.  2867.  4233.  2610.  6576.  2673.
  3254.  2801.  1988.  2142.  2464.  3307.  2531.  2174.  3221.  2619.]
75 [ 3018.  2649.  5323.   934.  2631.  2871.  4216.  2615.  6573.  2674.
  3250.  2788.  1994.  2141.  2485.  3310.  2531.  2152.  3223.  2622.]
76 [ 3017.  2649.  5351.   929.  2631.  2871.  4213.  2621.  6567.  2676.
  3259.  2774.  1995.  2137.  2503.  3313.  2529.  2119.  3221.  2625.]
77 [ 3017.  2649.  5368.   924.  2631.  2876.  4211.  2627.  6564.  2673.
  3259.  2764.  1997.  2134.  2514.  3311.  2528.  2099.  3223.  2631.]
78 [ 3021.  2648.  5380.   915.  2632.  2878.  4196.  2628.  6558.  2674.
  3257.  2760.  1999.  2135.  2524.  3310.  2531.  2088.  3226.  2640.]
79 [ 3019.  2647.  5405.   917.  2634.  2883.  4198.  2631.  6548.  2675.
  3252.  2763.  2000.  2137.  2524.  3309.  2530.  2060.  3223.  2645.]
80 [ 3019.  2647.  5417.   916.  2636.  2891.  4207.  2633.  6541.  2677.
  3250.  2762.  2002.  2140.  2528.  3305.  2530.  2036.  3216.  2647.]
81 [ 3015.  2646.  5419.   916.  2637.  2898.  4210.  2635.  6543.  2679.
  3248.  2760.  2008.  2145.  2526.  3305.  2529.  2019.  3217.  2645.]
82 [ 3014.  2646.  5433.   916.  2637.  2901.  4216.  2636.  6538.  2678.
  3247.  2760.  2009.  2145.  2525.  3309.  2530.  2001.  3215.  2644.]
83 [ 3014.  2647.  5443.   902.  2635.  2906.  4212.  2640.  6539.  2680.
  3244.  2759.  2009.  2147.  2526.  3315.  2530.  1998.  3213.  2641.]
84 [ 3015.  2647.  5450.   893.  2635.  2904.  4213.  2640.  6534.  2682.
  3246.  2759.  2010.  2147.  2526.  3316.  2532.  1993.  3213.  2645.]
85 [ 3013.  2647.  5453.   889.  2635.  2907.  4210.  2644.  6532.  2683.
  3248.  2758.  2011.  2150.  2525.  3318.  2527.  1990.  3217.  2643.]
86 [ 3013.  2645.  5465.   883.  2635.  2909.  4208.  2646.  6526.  2683.
  3247.  2759.  2012.  2152.  2524.  3321.  2526.  1985.  3220.  2641.]
87 [ 3011.  2644.  5475.   882.  2634.  2912.  4211.  2647.  6518.  2682.
  3248.  2760.  2013.  2154.  2524.  3321.  2527.  1978.  3220.  2639.]
88 [ 3012.  2644.  5484.   882.  2634.  2914.  4212.  2647.  6511.  2681.
  3240.  2761.  2014.  2156.  2523.  3320.  2528.  1973.  3223.  2641.]
89 [ 3013.  2644.  5497.   881.  2636.  2914.  4213.  2647.  6505.  2681.
  3235.  2763.  2016.  2156.  2522.  3316.  2528.  1967.  3226.  2640.]
90 [ 3017.  2645.  5506.   883.  2636.  2915.  4212.  2649.  6497.  2682.
  3223.  2764.  2017.  2161.  2525.  3315.  2528.  1961.  3224.  2640.]
91 [ 3019.  2645.  5531.   882.  2636.  2915.  4206.  2652.  6481.  2682.
  3214.  2763.  2018.  2167.  2523.  3317.  2528.  1958.  3220.  2643.]
92 [ 3018.  2643.  5548.   881.  2636.  2915.  4201.  2652.  6473.  2682.
  3213.  2763.  2022.  2169.  2524.  3317.  2528.  1951.  3220.  2644.]
93 [ 3017.  2642.  5560.   881.  2637.  2916.  4193.  2652.  6474.  2681.
  3209.  2765.  2024.  2168.  2524.  3317.  2527.  1948.  3220.  2645.]
94 [ 3016.  2643.  5566.   881.  2636.  2918.  4189.  2653.  6471.  2681.
  3207.  2765.  2026.  2167.  2524.  3317.  2527.  1948.  3220.  2645.]
95 [ 3016.  2642.  5571.   880.  2636.  2918.  4186.  2655.  6468.  2681.
  3206.  2763.  2026.  2168.  2527.  3317.  2527.  1947.  3220.  2646.]
96 [ 3016.  2642.  5579.   879.  2636.  2918.  4182.  2655.  6463.  2681.
  3205.  2763.  2026.  2169.  2527.  3317.  2528.  1948.  3219.  2647.]
97 [ 3016.  2642.  5588.   878.  2637.  2918.  4176.  2655.  6458.  2681.
  3204.  2763.  2027.  2170.  2525.  3318.  2529.  1948.  3220.  2647.]
98 [ 3016.  2642.  5598.   877.  2637.  2919.  4173.  2655.  6455.  2681.
  3205.  2763.  2028.  2169.  2524.  3315.  2529.  1948.  3220.  2646.]
99 [ 3016.  2642.  5605.   878.  2637.  2920.  4172.  2655.  6455.  2681.
  3205.  2763.  2027.  2169.  2523.  3310.  2529.  1949.  3219.  2645.]
100 [ 3016.  2641.  5610.   879.  2637.  2921.  4171.  2655.  6453.  2681.
  3204.  2763.  2027.  2168.  2523.  3309.  2530.  1948.  3219.  2645.]
101 [ 3016.  2641.  5614.   879.  2636.  2922.  4178.  2656.  6451.  2680.
  3200.  2763.  2026.  2168.  2524.  3306.  2530.  1947.  3218.  2645.]
102 [ 3016.  2640.  5615.   880.  2637.  2922.  4175.  2656.  6451.  2679.
  3198.  2763.  2026.  2168.  2527.  3306.  2529.  1949.  3218.  2645.]
103 [ 3016.  2640.  5616.   881.  2637.  2922.  4178.  2656.  6450.  2679.
  3197.  2763.  2026.  2167.  2528.  3305.  2528.  1948.  3218.  2645.]
104 [ 3016.  2640.  5618.   881.  2637.  2922.  4180.  2656.  6450.  2679.
  3195.  2762.  2027.  2166.  2528.  3304.  2528.  1948.  3218.  2645.]
105 [ 3014.  2640.  5619.   881.  2637.  2922.  4186.  2657.  6450.  2679.
  3193.  2761.  2029.  2165.  2527.  3303.  2528.  1948.  3216.  2645.]
106 [ 3014.  2640.  5620.   881.  2637.  2922.  4195.  2656.  6450.  2680.
  3192.  2761.  2029.  2164.  2527.  3299.  2528.  1945.  3215.  2645.]
107 [ 3014.  2640.  5623.   882.  2637.  2922.  4198.  2656.  6448.  2680.
  3192.  2759.  2028.  2167.  2528.  3295.  2528.  1945.  3214.  2644.]
108 [ 3014.  2640.  5631.   883.  2637.  2922.  4201.  2656.  6444.  2680.
  3192.  2758.  2028.  2167.  2528.  3288.  2528.  1945.  3214.  2644.]
109 [ 3014.  2640.  5635.   883.  2636.  2922.  4209.  2657.  6442.  2680.
  3192.  2759.  2028.  2165.  2529.  3282.  2527.  1946.  3210.  2644.]
110 [ 3013.  2640.  5639.   883.  2636.  2921.  4219.  2658.  6439.  2680.
  3192.  2760.  2028.  2162.  2527.  3278.  2527.  1945.  3210.  2643.]
111 [ 3013.  2640.  5643.   883.  2636.  2921.  4226.  2658.  6436.  2680.
  3190.  2760.  2028.  2163.  2526.  3274.  2527.  1944.  3209.  2643.]
112 [ 3013.  2640.  5649.   883.  2635.  2920.  4229.  2658.  6433.  2680.
  3186.  2760.  2028.  2164.  2527.  3273.  2527.  1945.  3207.  2643.]
113 [ 3014.  2640.  5650.   883.  2635.  2918.  4233.  2658.  6431.  2679.
  3184.  2757.  2029.  2165.  2531.  3270.  2527.  1946.  3206.  2644.]
114 [ 3014.  2640.  5655.   882.  2635.  2916.  4234.  2658.  6426.  2679.
  3183.  2757.  2029.  2166.  2532.  3269.  2527.  1948.  3207.  2643.]
115 [ 3014.  2640.  5658.   882.  2636.  2918.  4233.  2657.  6424.  2679.
  3181.  2757.  2029.  2167.  2530.  3270.  2528.  1949.  3207.  2641.]
116 [ 3015.  2640.  5660.   881.  2635.  2918.  4232.  2656.  6423.  2679.
  3181.  2758.  2029.  2167.  2531.  3270.  2528.  1950.  3207.  2640.]
117 [ 3017.  2640.  5661.   881.  2635.  2918.  4234.  2656.  6421.  2679.
  3179.  2758.  2029.  2167.  2531.  3269.  2528.  1950.  3207.  2640.]
118 [ 3020.  2640.  5662.   881.  2635.  2918.  4237.  2657.  6419.  2677.
  3175.  2758.  2029.  2168.  2532.  3267.  2528.  1950.  3207.  2640.]
119 [ 3021.  2640.  5662.   881.  2635.  2918.  4238.  2658.  6416.  2677.
  3173.  2760.  2029.  2168.  2536.  3263.  2528.  1951.  3206.  2640.]
120 [ 3021.  2640.  5663.   881.  2635.  2918.  4241.  2658.  6417.  2676.
  3171.  2760.  2029.  2167.  2537.  3261.  2529.  1950.  3206.  2640.]
121 [ 3021.  2640.  5664.   880.  2635.  2918.  4242.  2659.  6416.  2676.
  3171.  2761.  2029.  2168.  2536.  3259.  2529.  1951.  3206.  2639.]
122 [ 3021.  2640.  5664.   880.  2636.  2918.  4241.  2659.  6416.  2676.
  3170.  2761.  2029.  2168.  2539.  3257.  2529.  1951.  3206.  2639.]
123 [ 3021.  2640.  5664.   880.  2636.  2918.  4242.  2659.  6416.  2676.
  3170.  2761.  2029.  2168.  2538.  3256.  2529.  1951.  3207.  2639.]
124 [ 3021.  2640.  5664.   880.  2636.  2918.  4242.  2659.  6417.  2676.
  3171.  2761.  2028.  2168.  2538.  3255.  2529.  1951.  3207.  2639.]
125 [ 3021.  2640.  5664.   880.  2636.  2918.  4243.  2659.  6417.  2676.
  3170.  2762.  2028.  2168.  2537.  3254.  2530.  1952.  3206.  2639.]
126 [ 3022.  2640.  5664.   880.  2636.  2918.  4246.  2659.  6417.  2676.
  3168.  2762.  2028.  2168.  2537.  3253.  2530.  1952.  3205.  2639.]
127 [ 3023.  2640.  5663.   880.  2636.  2918.  4246.  2659.  6417.  2676.
  3168.  2762.  2028.  2168.  2537.  3254.  2530.  1952.  3204.  2639.]
128 [ 3024.  2640.  5664.   880.  2636.  2918.  4247.  2659.  6417.  2676.
  3167.  2762.  2028.  2168.  2536.  3253.  2530.  1952.  3204.  2639.]
129 [ 3026.  2640.  5664.   880.  2636.  2918.  4249.  2659.  6416.  2676.
  3166.  2762.  2028.  2167.  2536.  3252.  2530.  1952.  3204.  2639.]
130 [ 3030.  2640.  5664.   880.  2636.  2918.  4250.  2659.  6416.  2676.
  3162.  2762.  2028.  2167.  2536.  3250.  2530.  1952.  3205.  2639.]
131 [ 3032.  2640.  5665.   880.  2637.  2918.  4251.  2659.  6416.  2675.
  3159.  2762.  2028.  2167.  2536.  3251.  2530.  1951.  3205.  2638.]
132 [ 3032.  2640.  5665.   880.  2637.  2918.  4251.  2658.  6416.  2675.
  3160.  2762.  2028.  2167.  2536.  3252.  2530.  1951.  3205.  2637.]
133 [ 3032.  2640.  5665.   880.  2638.  2918.  4251.  2658.  6416.  2675.
  3158.  2762.  2028.  2167.  2536.  3253.  2530.  1951.  3205.  2637.]
134 [ 3032.  2640.  5665.   880.  2638.  2918.  4251.  2658.  6416.  2675.
  3157.  2762.  2028.  2167.  2536.  3253.  2530.  1951.  3206.  2637.]
135 [ 3032.  2640.  5666.   879.  2638.  2918.  4251.  2658.  6416.  2675.
  3157.  2762.  2028.  2167.  2536.  3253.  2530.  1951.  3206.  2637.]
[ 3032.  2640.  5666.   879.  2638.  2918.  4251.  2658.  6416.  2675.
  3157.  2762.  2028.  2167.  2536.  3253.  2530.  1951.  3206.  2637.]
Time spent clustering :  14854.5334039
medians_random_cluster20
Digit: 0  Purity: 90.3% SD: 1868.8  Count: 5278
Digit: 1  Purity: 80.5% SD: 1186.3  Count: 8085
Digit: 2  Purity: 69.9% SD: 1875.9  Count: 6637
Digit: 3  Purity: 56.8% SD: 1890.4  Count: 6416
Digit: 4  Purity: 57.1% SD: 1753.8  Count: 6459
Digit: 5  Purity: 44.0% SD: 1818.1  Count: 4036
Digit: 6  Purity: 84.8% SD: 1734.9  Count: 5707
Digit: 7  Purity: 68.1% SD: 1558.0  Count: 7465
Digit: 8  Purity: 60.0% SD: 1832.5  Count: 5666
Digit: 9  Purity: 44.3% SD: 1636.8  Count: 4251
Our accuracy in predicting test data for k = 20 was 67.9567956796 %
Time spent testing :  28.746201992
