/usr/lib/python2.7/dist-packages/numpy/core/_methods.py:55: RuntimeWarning: Mean of empty slice.
  warnings.warn("Mean of empty slice.", RuntimeWarning)
/usr/lib/python2.7/dist-packages/numpy/core/_methods.py:65: RuntimeWarning: invalid value encountered in true_divide
  ret, rcount, out=ret, casting='unsafe', subok=False)
30 medians random 100
0 [     0.      0.      0.      0.      0.      0.      0.      0.      0.
      0.      0.      0.      0.      0.      0.      0.      0.      0.
      0.      0.      0.      0.      0.      0.      0.  60000.      0.
      0.      0.      0.]
1 [ 60000.      0.      0.      0.      0.      0.      0.      0.      0.
      0.      0.      0.      0.      0.      0.      0.      0.      0.
      0.      0.      0.      0.      0.      0.      0.      0.      0.
      0.      0.      0.]
2 [     0.  60000.      0.      0.      0.      0.      0.      0.      0.
      0.      0.      0.      0.      0.      0.      0.      0.      0.
      0.      0.      0.      0.      0.      0.      0.      0.      0.
      0.      0.      0.]
3 [ 60000.      0.      0.      0.      0.      0.      0.      0.      0.
      0.      0.      0.      0.      0.      0.      0.      0.      0.
      0.      0.      0.      0.      0.      0.      0.      0.      0.
      0.      0.      0.]
4 [     0.  60000.      0.      0.      0.      0.      0.      0.      0.
      0.      0.      0.      0.      0.      0.      0.      0.      0.
      0.      0.      0.      0.      0.      0.      0.      0.      0.
      0.      0.      0.]
5 [ 60000.      0.      0.      0.      0.      0.      0.      0.      0.
      0.      0.      0.      0.      0.      0.      0.      0.      0.
      0.      0.      0.      0.      0.      0.      0.      0.      0.
      0.      0.      0.]
6 [     0.  60000.      0.      0.      0.      0.      0.      0.      0.
      0.      0.      0.      0.      0.      0.      0.      0.      0.
      0.      0.      0.      0.      0.      0.      0.      0.      0.
      0.      0.      0.]
7 [ 60000.      0.      0.      0.      0.      0.      0.      0.      0.
      0.      0.      0.      0.      0.      0.      0.      0.      0.
      0.      0.      0.      0.      0.      0.      0.      0.      0.
      0.      0.      0.]
8 [     0.  60000.      0.      0.      0.      0.      0.      0.      0.
      0.      0.      0.      0.      0.      0.      0.      0.      0.
      0.      0.      0.      0.      0.      0.      0.      0.      0.
      0.      0.      0.]
9 [ 60000.      0.      0.      0.      0.      0.      0.      0.      0.
      0.      0.      0.      0.      0.      0.      0.      0.      0.
      0.      0.      0.      0.      0.      0.      0.      0.      0.
      0.      0.      0.]
10 [     0.  60000.      0.      0.      0.      0.      0.      0.      0.
      0.      0.      0.      0.      0.      0.      0.      0.      0.
      0.      0.      0.      0.      0.      0.      0.      0.      0.
      0.      0.      0.]
11 [ 60000.      0.      0.      0.      0.      0.      0.      0.      0.
      0.      0.      0.      0.      0.      0.      0.      0.      0.
      0.      0.      0.      0.      0.      0.      0.      0.      0.
      0.      0.      0.]
12 [     0.  60000.      0.      0.      0.      0.      0.      0.      0.
      0.      0.      0.      0.      0.      0.      0.      0.      0.
      0.      0.      0.      0.      0.      0.      0.      0.      0.
      0.      0.      0.]
13 [ 60000.      0.      0.      0.      0.      0.      0.      0.      0.
      0.      0.      0.      0.      0.      0.      0.      0.      0.
      0.      0.      0.      0.      0.      0.      0.      0.      0.
      0.      0.      0.]
14 [     0.  60000.      0.      0.      0.      0.      0.      0.      0.
      0.      0.      0.      0.      0.      0.      0.      0.      0.
      0.      0.      0.      0.      0.      0.      0.      0.      0.
      0.      0.      0.]
15 [ 60000.      0.      0.      0.      0.      0.      0.      0.      0.
      0.      0.      0.      0.      0.      0.      0.      0.      0.
      0.      0.      0.      0.      0.      0.      0.      0.      0.
      0.      0.      0.]
16 [     0.  60000.      0.      0.      0.      0.      0.      0.      0.
      0.      0.      0.      0.      0.      0.      0.      0.      0.
      0.      0.      0.      0.      0.      0.      0.      0.      0.
      0.      0.      0.]
17 [ 60000.      0.      0.      0.      0.      0.      0.      0.      0.
      0.      0.      0.      0.      0.      0.      0.      0.      0.
      0.      0.      0.      0.      0.      0.      0.      0.      0.
      0.      0.      0.]
18 [     0.  60000.      0.      0.      0.      0.      0.      0.      0.
      0.      0.      0.      0.      0.      0.      0.      0.      0.
      0.      0.      0.      0.      0.      0.      0.      0.      0.
      0.      0.      0.]
19 [ 60000.      0.      0.      0.      0.      0.      0.      0.      0.
      0.      0.      0.      0.      0.      0.      0.      0.      0.
      0.      0.      0.      0.      0.      0.      0.      0.      0.
      0.      0.      0.]
20 [     0.  60000.      0.      0.      0.      0.      0.      0.      0.
      0.      0.      0.      0.      0.      0.      0.      0.      0.
      0.      0.      0.      0.      0.      0.      0.      0.      0.
      0.      0.      0.]
21 [ 60000.      0.      0.      0.      0.      0.      0.      0.      0.
      0.      0.      0.      0.      0.      0.      0.      0.      0.
      0.      0.      0.      0.      0.      0.      0.      0.      0.
      0.      0.      0.]
22 [     0.  60000.      0.      0.      0.      0.      0.      0.      0.
      0.      0.      0.      0.      0.      0.      0.      0.      0.
      0.      0.      0.      0.      0.      0.      0.      0.      0.
      0.      0.      0.]
23 [ 60000.      0.      0.      0.      0.      0.      0.      0.      0.
      0.      0.      0.      0.      0.      0.      0.      0.      0.
      0.      0.      0.      0.      0.      0.      0.      0.      0.
      0.      0.      0.]
24 [     0.  60000.      0.      0.      0.      0.      0.      0.      0.
      0.      0.      0.      0.      0.      0.      0.      0.      0.
      0.      0.      0.      0.      0.      0.      0.      0.      0.
      0.      0.      0.]
25 [ 60000.      0.      0.      0.      0.      0.      0.      0.      0.
      0.      0.      0.      0.      0.      0.      0.      0.      0.
      0.      0.      0.      0.      0.      0.      0.      0.      0.
      0.      0.      0.]
26 [     0.  60000.      0.      0.      0.      0.      0.      0.      0.
      0.      0.      0.      0.      0.      0.      0.      0.      0.
      0.      0.      0.      0.      0.      0.      0.      0.      0.
      0.      0.      0.]
27 [ 60000.      0.      0.      0.      0.      0.      0.      0.      0.
      0.      0.      0.      0.      0.      0.      0.      0.      0.
      0.      0.      0.      0.      0.      0.      0.      0.      0.
      0.      0.      0.]
28 [     0.  60000.      0.      0.      0.      0.      0.      0.      0.
      0.      0.      0.      0.      0.      0.      0.      0.      0.
      0.      0.      0.      0.      0.      0.      0.      0.      0.
      0.      0.      0.]
29 [ 60000.      0.      0.      0.      0.      0.      0.      0.      0.
      0.      0.      0.      0.      0.      0.      0.      0.      0.
      0.      0.      0.      0.      0.      0.      0.      0.      0.
      0.      0.      0.]
30 [     0.  60000.      0.      0.      0.      0.      0.      0.      0.
      0.      0.      0.      0.      0.      0.      0.      0.      0.
      0.      0.      0.      0.      0.      0.      0.      0.      0.
      0.      0.      0.]
31 [ 60000.      0.      0.      0.      0.      0.      0.      0.      0.
      0.      0.      0.      0.      0.      0.      0.      0.      0.
      0.      0.      0.      0.      0.      0.      0.      0.      0.
      0.      0.      0.]
32 [     0.  60000.      0.      0.      0.      0.      0.      0.      0.
      0.      0.      0.      0.      0.      0.      0.      0.      0.
      0.      0.      0.      0.      0.      0.      0.      0.      0.
      0.      0.      0.]
33 [ 60000.      0.      0.      0.      0.      0.      0.      0.      0.
      0.      0.      0.      0.      0.      0.      0.      0.      0.
      0.      0.      0.      0.      0.      0.      0.      0.      0.
      0.      0.      0.]
34 [     0.  60000.      0.      0.      0.      0.      0.      0.      0.
      0.      0.      0.      0.      0.      0.      0.      0.      0.
      0.      0.      0.      0.      0.      0.      0.      0.      0.
      0.      0.      0.]
35 [ 60000.      0.      0.      0.      0.      0.      0.      0.      0.
      0.      0.      0.      0.      0.      0.      0.      0.      0.
      0.      0.      0.      0.      0.      0.      0.      0.      0.
      0.      0.      0.]
36 [     0.  60000.      0.      0.      0.      0.      0.      0.      0.
      0.      0.      0.      0.      0.      0.      0.      0.      0.
      0.      0.      0.      0.      0.      0.      0.      0.      0.
      0.      0.      0.]
37 [ 60000.      0.      0.      0.      0.      0.      0.      0.      0.
      0.      0.      0.      0.      0.      0.      0.      0.      0.
      0.      0.      0.      0.      0.      0.      0.      0.      0.
      0.      0.      0.]
38 [     0.  60000.      0.      0.      0.      0.      0.      0.      0.
      0.      0.      0.      0.      0.      0.      0.      0.      0.
      0.      0.      0.      0.      0.      0.      0.      0.      0.
      0.      0.      0.]
39 [ 60000.      0.      0.      0.      0.      0.      0.      0.      0.
      0.      0.      0.      0.      0.      0.      0.      0.      0.
      0.      0.      0.      0.      0.      0.      0.      0.      0.
      0.      0.      0.]
40 [     0.  60000.      0.      0.      0.      0.      0.      0.      0.
      0.      0.      0.      0.      0.      0.      0.      0.      0.
      0.      0.      0.      0.      0.      0.      0.      0.      0.
      0.      0.      0.]
41 [ 60000.      0.      0.      0.      0.      0.      0.      0.      0.
      0.      0.      0.      0.      0.      0.      0.      0.      0.
      0.      0.      0.      0.      0.      0.      0.      0.      0.
      0.      0.      0.]
42 [     0.  60000.      0.      0.      0.      0.      0.      0.      0.
      0.      0.      0.      0.      0.      0.      0.      0.      0.
      0.      0.      0.      0.      0.      0.      0.      0.      0.
      0.      0.      0.]
43 [ 60000.      0.      0.      0.      0.      0.      0.      0.      0.
      0.      0.      0.      0.      0.      0.      0.      0.      0.
      0.      0.      0.      0.      0.      0.      0.      0.      0.
      0.      0.      0.]
44 [     0.  60000.      0.      0.      0.      0.      0.      0.      0.
      0.      0.      0.      0.      0.      0.      0.      0.      0.
      0.      0.      0.      0.      0.      0.      0.      0.      0.
      0.      0.      0.]
45 [ 60000.      0.      0.      0.      0.      0.      0.      0.      0.
      0.      0.      0.      0.      0.      0.      0.      0.      0.
      0.      0.      0.      0.      0.      0.      0.      0.      0.
      0.      0.      0.]
46 [     0.  60000.      0.      0.      0.      0.      0.      0.      0.
      0.      0.      0.      0.      0.      0.      0.      0.      0.
      0.      0.      0.      0.      0.      0.      0.      0.      0.
      0.      0.      0.]
47 [ 60000.      0.      0.      0.      0.      0.      0.      0.      0.
      0.      0.      0.      0.      0.      0.      0.      0.      0.
      0.      0.      0.      0.      0.      0.      0.      0.      0.
      0.      0.      0.]
48 [     0.  60000.      0.      0.      0.      0.      0.      0.      0.
      0.      0.      0.      0.      0.      0.      0.      0.      0.
      0.      0.      0.      0.      0.      0.      0.      0.      0.
      0.      0.      0.]
49 [ 60000.      0.      0.      0.      0.      0.      0.      0.      0.
      0.      0.      0.      0.      0.      0.      0.      0.      0.
      0.      0.      0.      0.      0.      0.      0.      0.      0.
      0.      0.      0.]
50 [     0.  60000.      0.      0.      0.      0.      0.      0.      0.
      0.      0.      0.      0.      0.      0.      0.      0.      0.
      0.      0.      0.      0.      0.      0.      0.      0.      0.
      0.      0.      0.]
51 [ 60000.      0.      0.      0.      0.      0.      0.      0.      0.
      0.      0.      0.      0.      0.      0.      0.      0.      0.
      0.      0.      0.      0.      0.      0.      0.      0.      0.
      0.      0.      0.]
52 [     0.  60000.      0.      0.      0.      0.      0.      0.      0.
      0.      0.      0.      0.      0.      0.      0.      0.      0.
      0.      0.      0.      0.      0.      0.      0.      0.      0.
      0.      0.      0.]
53 [ 60000.      0.      0.      0.      0.      0.      0.      0.      0.
      0.      0.      0.      0.      0.      0.      0.      0.      0.
      0.      0.      0.      0.      0.      0.      0.      0.      0.
      0.      0.      0.]
54 [     0.  60000.      0.      0.      0.      0.      0.      0.      0.
      0.      0.      0.      0.      0.      0.      0.      0.      0.
      0.      0.      0.      0.      0.      0.      0.      0.      0.
      0.      0.      0.]
55 [ 60000.      0.      0.      0.      0.      0.      0.      0.      0.
      0.      0.      0.      0.      0.      0.      0.      0.      0.
      0.      0.      0.      0.      0.      0.      0.      0.      0.
      0.      0.      0.]
56 [     0.  60000.      0.      0.      0.      0.      0.      0.      0.
      0.      0.      0.      0.      0.      0.      0.      0.      0.
      0.      0.      0.      0.      0.      0.      0.      0.      0.
      0.      0.      0.]
57 [ 60000.      0.      0.      0.      0.      0.      0.      0.      0.
      0.      0.      0.      0.      0.      0.      0.      0.      0.
      0.      0.      0.      0.      0.      0.      0.      0.      0.
      0.      0.      0.]
58 [     0.  60000.      0.      0.      0.      0.      0.      0.      0.
      0.      0.      0.      0.      0.      0.      0.      0.      0.
      0.      0.      0.      0.      0.      0.      0.      0.      0.
      0.      0.      0.]
59 [ 60000.      0.      0.      0.      0.      0.      0.      0.      0.
      0.      0.      0.      0.      0.      0.      0.      0.      0.
      0.      0.      0.      0.      0.      0.      0.      0.      0.
      0.      0.      0.]
60 [     0.  60000.      0.      0.      0.      0.      0.      0.      0.
      0.      0.      0.      0.      0.      0.      0.      0.      0.
      0.      0.      0.      0.      0.      0.      0.      0.      0.
      0.      0.      0.]
61 [ 60000.      0.      0.      0.      0.      0.      0.      0.      0.
      0.      0.      0.      0.      0.      0.      0.      0.      0.
      0.      0.      0.      0.      0.      0.      0.      0.      0.
      0.      0.      0.]
62 [     0.  60000.      0.      0.      0.      0.      0.      0.      0.
      0.      0.      0.      0.      0.      0.      0.      0.      0.
      0.      0.      0.      0.      0.      0.      0.      0.      0.
      0.      0.      0.]
63 [ 60000.      0.      0.      0.      0.      0.      0.      0.      0.
      0.      0.      0.      0.      0.      0.      0.      0.      0.
      0.      0.      0.      0.      0.      0.      0.      0.      0.
      0.      0.      0.]
64 [     0.  60000.      0.      0.      0.      0.      0.      0.      0.
      0.      0.      0.      0.      0.      0.      0.      0.      0.
      0.      0.      0.      0.      0.      0.      0.      0.      0.
      0.      0.      0.]
65 [ 60000.      0.      0.      0.      0.      0.      0.      0.      0.
      0.      0.      0.      0.      0.      0.      0.      0.      0.
      0.      0.      0.      0.      0.      0.      0.      0.      0.
      0.      0.      0.]
66 [     0.  60000.      0.      0.      0.      0.      0.      0.      0.
      0.      0.      0.      0.      0.      0.      0.      0.      0.
      0.      0.      0.      0.      0.      0.      0.      0.      0.
      0.      0.      0.]
67 [ 60000.      0.      0.      0.      0.      0.      0.      0.      0.
      0.      0.      0.      0.      0.      0.      0.      0.      0.
      0.      0.      0.      0.      0.      0.      0.      0.      0.
      0.      0.      0.]
68 [     0.  60000.      0.      0.      0.      0.      0.      0.      0.
      0.      0.      0.      0.      0.      0.      0.      0.      0.
      0.      0.      0.      0.      0.      0.      0.      0.      0.
      0.      0.      0.]
69 [ 60000.      0.      0.      0.      0.      0.      0.      0.      0.
      0.      0.      0.      0.      0.      0.      0.      0.      0.
      0.      0.      0.      0.      0.      0.      0.      0.      0.
      0.      0.      0.]
70 [     0.  60000.      0.      0.      0.      0.      0.      0.      0.
      0.      0.      0.      0.      0.      0.      0.      0.      0.
      0.      0.      0.      0.      0.      0.      0.      0.      0.
      0.      0.      0.]
71 [ 60000.      0.      0.      0.      0.      0.      0.      0.      0.
      0.      0.      0.      0.      0.      0.      0.      0.      0.
      0.      0.      0.      0.      0.      0.      0.      0.      0.
      0.      0.      0.]
72 [     0.  60000.      0.      0.      0.      0.      0.      0.      0.
      0.      0.      0.      0.      0.      0.      0.      0.      0.
      0.      0.      0.      0.      0.      0.      0.      0.      0.
      0.      0.      0.]
73 [ 60000.      0.      0.      0.      0.      0.      0.      0.      0.
      0.      0.      0.      0.      0.      0.      0.      0.      0.
      0.      0.      0.      0.      0.      0.      0.      0.      0.
      0.      0.      0.]
74 [     0.  60000.      0.      0.      0.      0.      0.      0.      0.
      0.      0.      0.      0.      0.      0.      0.      0.      0.
      0.      0.      0.      0.      0.      0.      0.      0.      0.
      0.      0.      0.]
75 [ 60000.      0.      0.      0.      0.      0.      0.      0.      0.
      0.      0.      0.      0.      0.      0.      0.      0.      0.
      0.      0.      0.      0.      0.      0.      0.      0.      0.
      0.      0.      0.]
76 [     0.  60000.      0.      0.      0.      0.      0.      0.      0.
      0.      0.      0.      0.      0.      0.      0.      0.      0.
      0.      0.      0.      0.      0.      0.      0.      0.      0.
      0.      0.      0.]
77 [ 60000.      0.      0.      0.      0.      0.      0.      0.      0.
      0.      0.      0.      0.      0.      0.      0.      0.      0.
      0.      0.      0.      0.      0.      0.      0.      0.      0.
      0.      0.      0.]
78 [     0.  60000.      0.      0.      0.      0.      0.      0.      0.
      0.      0.      0.      0.      0.      0.      0.      0.      0.
      0.      0.      0.      0.      0.      0.      0.      0.      0.
      0.      0.      0.]
79 [ 60000.      0.      0.      0.      0.      0.      0.      0.      0.
      0.      0.      0.      0.      0.      0.      0.      0.      0.
      0.      0.      0.      0.      0.      0.      0.      0.      0.
      0.      0.      0.]
80 [     0.  60000.      0.      0.      0.      0.      0.      0.      0.
      0.      0.      0.      0.      0.      0.      0.      0.      0.
      0.      0.      0.      0.      0.      0.      0.      0.      0.
      0.      0.      0.]
81 [ 60000.      0.      0.      0.      0.      0.      0.      0.      0.
      0.      0.      0.      0.      0.      0.      0.      0.      0.
      0.      0.      0.      0.      0.      0.      0.      0.      0.
      0.      0.      0.]
82 [     0.  60000.      0.      0.      0.      0.      0.      0.      0.
      0.      0.      0.      0.      0.      0.      0.      0.      0.
      0.      0.      0.      0.      0.      0.      0.      0.      0.
      0.      0.      0.]
83 [ 60000.      0.      0.      0.      0.      0.      0.      0.      0.
      0.      0.      0.      0.      0.      0.      0.      0.      0.
      0.      0.      0.      0.      0.      0.      0.      0.      0.
      0.      0.      0.]
84 [     0.  60000.      0.      0.      0.      0.      0.      0.      0.
      0.      0.      0.      0.      0.      0.      0.      0.      0.
      0.      0.      0.      0.      0.      0.      0.      0.      0.
      0.      0.      0.]
85 [ 60000.      0.      0.      0.      0.      0.      0.      0.      0.
      0.      0.      0.      0.      0.      0.      0.      0.      0.
      0.      0.      0.      0.      0.      0.      0.      0.      0.
      0.      0.      0.]
86 [     0.  60000.      0.      0.      0.      0.      0.      0.      0.
      0.      0.      0.      0.      0.      0.      0.      0.      0.
      0.      0.      0.      0.      0.      0.      0.      0.      0.
      0.      0.      0.]
87 [ 60000.      0.      0.      0.      0.      0.      0.      0.      0.
      0.      0.      0.      0.      0.      0.      0.      0.      0.
      0.      0.      0.      0.      0.      0.      0.      0.      0.
      0.      0.      0.]
88 [     0.  60000.      0.      0.      0.      0.      0.      0.      0.
      0.      0.      0.      0.      0.      0.      0.      0.      0.
      0.      0.      0.      0.      0.      0.      0.      0.      0.
      0.      0.      0.]
89 [ 60000.      0.      0.      0.      0.      0.      0.      0.      0.
      0.      0.      0.      0.      0.      0.      0.      0.      0.
      0.      0.      0.      0.      0.      0.      0.      0.      0.
      0.      0.      0.]
90 [     0.  60000.      0.      0.      0.      0.      0.      0.      0.
      0.      0.      0.      0.      0.      0.      0.      0.      0.
      0.      0.      0.      0.      0.      0.      0.      0.      0.
      0.      0.      0.]
91 [ 60000.      0.      0.      0.      0.      0.      0.      0.      0.
      0.      0.      0.      0.      0.      0.      0.      0.      0.
      0.      0.      0.      0.      0.      0.      0.      0.      0.
      0.      0.      0.]
92 [     0.  60000.      0.      0.      0.      0.      0.      0.      0.
      0.      0.      0.      0.      0.      0.      0.      0.      0.
      0.      0.      0.      0.      0.      0.      0.      0.      0.
      0.      0.      0.]
93 [ 60000.      0.      0.      0.      0.      0.      0.      0.      0.
      0.      0.      0.      0.      0.      0.      0.      0.      0.
      0.      0.      0.      0.      0.      0.      0.      0.      0.
      0.      0.      0.]
94 [     0.  60000.      0.      0.      0.      0.      0.      0.      0.
      0.      0.      0.      0.      0.      0.      0.      0.      0.
      0.      0.      0.      0.      0.      0.      0.      0.      0.
      0.      0.      0.]
95 [ 60000.      0.      0.      0.      0.      0.      0.      0.      0.
      0.      0.      0.      0.      0.      0.      0.      0.      0.
      0.      0.      0.      0.      0.      0.      0.      0.      0.
      0.      0.      0.]
96 [     0.  60000.      0.      0.      0.      0.      0.      0.      0.
      0.      0.      0.      0.      0.      0.      0.      0.      0.
      0.      0.      0.      0.      0.      0.      0.      0.      0.
      0.      0.      0.]
97 [ 60000.      0.      0.      0.      0.      0.      0.      0.      0.
      0.      0.      0.      0.      0.      0.      0.      0.      0.
      0.      0.      0.      0.      0.      0.      0.      0.      0.
      0.      0.      0.]
98 [     0.  60000.      0.      0.      0.      0.      0.      0.      0.
      0.      0.      0.      0.      0.      0.      0.      0.      0.
      0.      0.      0.      0.      0.      0.      0.      0.      0.
      0.      0.      0.]
99 [ 60000.      0.      0.      0.      0.      0.      0.      0.      0.
      0.      0.      0.      0.      0.      0.      0.      0.      0.
      0.      0.      0.      0.      0.      0.      0.      0.      0.
      0.      0.      0.]
100 [     0.  60000.      0.      0.      0.      0.      0.      0.      0.
      0.      0.      0.      0.      0.      0.      0.      0.      0.
      0.      0.      0.      0.      0.      0.      0.      0.      0.
      0.      0.      0.]
101 [ 60000.      0.      0.      0.      0.      0.      0.      0.      0.
      0.      0.      0.      0.      0.      0.      0.      0.      0.
      0.      0.      0.      0.      0.      0.      0.      0.      0.
      0.      0.      0.]
102 [     0.  60000.      0.      0.      0.      0.      0.      0.      0.
      0.      0.      0.      0.      0.      0.      0.      0.      0.
      0.      0.      0.      0.      0.      0.      0.      0.      0.
      0.      0.      0.]
103 [ 60000.      0.      0.      0.      0.      0.      0.      0.      0.
      0.      0.      0.      0.      0.      0.      0.      0.      0.
      0.      0.      0.      0.      0.      0.      0.      0.      0.
      0.      0.      0.]
104 [     0.  60000.      0.      0.      0.      0.      0.      0.      0.
      0.      0.      0.      0.      0.      0.      0.      0.      0.
      0.      0.      0.      0.      0.      0.      0.      0.      0.
      0.      0.      0.]
105 [ 60000.      0.      0.      0.      0.      0.      0.      0.      0.
      0.      0.      0.      0.      0.      0.      0.      0.      0.
      0.      0.      0.      0.      0.      0.      0.      0.      0.
      0.      0.      0.]
106 [     0.  60000.      0.      0.      0.      0.      0.      0.      0.
      0.      0.      0.      0.      0.      0.      0.      0.      0.
      0.      0.      0.      0.      0.      0.      0.      0.      0.
      0.      0.      0.]
107 [ 60000.      0.      0.      0.      0.      0.      0.      0.      0.
      0.      0.      0.      0.      0.      0.      0.      0.      0.
      0.      0.      0.      0.      0.      0.      0.      0.      0.
      0.      0.      0.]
108 [     0.  60000.      0.      0.      0.      0.      0.      0.      0.
      0.      0.      0.      0.      0.      0.      0.      0.      0.
      0.      0.      0.      0.      0.      0.      0.      0.      0.
      0.      0.      0.]
109 [ 60000.      0.      0.      0.      0.      0.      0.      0.      0.
      0.      0.      0.      0.      0.      0.      0.      0.      0.
      0.      0.      0.      0.      0.      0.      0.      0.      0.
      0.      0.      0.]
110 [     0.  60000.      0.      0.      0.      0.      0.      0.      0.
      0.      0.      0.      0.      0.      0.      0.      0.      0.
      0.      0.      0.      0.      0.      0.      0.      0.      0.
      0.      0.      0.]
111 [ 60000.      0.      0.      0.      0.      0.      0.      0.      0.
      0.      0.      0.      0.      0.      0.      0.      0.      0.
      0.      0.      0.      0.      0.      0.      0.      0.      0.
      0.      0.      0.]
112 [     0.  60000.      0.      0.      0.      0.      0.      0.      0.
      0.      0.      0.      0.      0.      0.      0.      0.      0.
      0.      0.      0.      0.      0.      0.      0.      0.      0.
      0.      0.      0.]
113 [ 60000.      0.      0.      0.      0.      0.      0.      0.      0.
      0.      0.      0.      0.      0.      0.      0.      0.      0.
      0.      0.      0.      0.      0.      0.      0.      0.      0.
      0.      0.      0.]
114 [     0.  60000.      0.      0.      0.      0.      0.      0.      0.
      0.      0.      0.      0.      0.      0.      0.      0.      0.
      0.      0.      0.      0.      0.      0.      0.      0.      0.
      0.      0.      0.]
115 [ 60000.      0.      0.      0.      0.      0.      0.      0.      0.
      0.      0.      0.      0.      0.      0.