35 medians random 100
0 [ 1499.  2286.  1929.   729.  2398.  1841.  1800.  2789.  1399.  1820.
  1717.  2004.  1217.  1647.  1125.  2265.  1147.   768.  2018.   505.
  1172.  3543.   656.  1368.  1556.  3517.  1848.  1400.  3445.   666.
   792.  4485.   250.  2140.   259.]
1 [ 2135.  2160.  1789.  1013.  2940.  1961.  1741.  2595.  1452.  1502.
  1495.  1924.   928.  1959.  1461.  2358.  1245.  1376.  2578.   608.
  1306.  2497.   909.  2358.  1844.  1812.  1565.  1529.  2125.   870.
  1182.  3389.   418.  2332.   644.]
2 [ 2486.  2089.  1683.   911.  2724.  2040.  1897.  2351.  1579.  1426.
  1726.  2010.   901.  2024.  1801.  2204.  1494.  1558.  2607.   604.
  1382.  2329.  1047.  2655.  1727.  1563.  1481.  1539.  1575.  1078.
  1188.  3020.   474.  2000.   827.]
3 [ 2625.  2062.  1877.   846.  2468.  2036.  1872.  2281.  1729.  1425.
  1719.  2046.   890.  2124.  1979.  2107.  1588.  1638.  2542.   680.
  1433.  2284.  1092.  2738.  1678.  1368.  1557.  1547.  1441.  1212.
  1134.  2655.   497.  1858.   972.]
4 [ 2652.  2067.  2024.   835.  2277.  2012.  1804.  2249.  1866.  1480.
  1419.  2051.   878.  2128.  2137.  2093.  1603.  1664.  2648.   794.
  1448.  2252.  1133.  2703.  1682.  1264.  1631.  1546.  1389.  1333.
  1130.  2404.   546.  1808.  1050.]
5 [ 2667.  2064.  2046.   876.  2186.  1981.  1764.  2207.  1958.  1516.
  1073.  2039.   913.  2097.  2204.  2078.  1598.  1694.  2739.   925.
  1456.  2209.  1142.  2614.  1739.  1248.  1650.  1552.  1375.  1404.
  1153.  2308.   641.  1795.  1089.]
6 [ 2662.  2068.  2018.   903.  2107.  1978.  1735.  2176.  2040.  1561.
   900.  2063.   982.  2067.  2273.  2064.  1571.  1722.  2759.  1045.
  1489.  2143.  1122.  2543.  1817.  1249.  1572.  1555.  1354.  1442.
  1163.  2177.   780.  1783.  1117.]
7 [ 2665.  2059.  2001.   906.  2080.  1948.  1721.  2147.  2134.  1573.
   805.  2091.  1045.  2036.  2326.  2061.  1575.  1797.  2778.  1150.
  1513.  2089.  1107.  2469.  1852.  1201.  1512.  1546.  1335.  1490.
  1159.  2014.   897.  1788.  1130.]
8 [ 2648.  2032.  1983.   913.  2060.  1932.  1686.  2098.  2182.  1579.
   745.  2123.  1102.  2030.  2386.  2069.  1532.  1883.  2773.  1247.
  1520.  2026.  1099.  2402.  1899.  1191.  1492.  1540.  1344.  1542.
  1151.  1806.  1078.  1771.  1136.]
9 [ 2636.  1986.  1979.   943.  2025.  1918.  1675.  2056.  2233.  1583.
   664.  2174.  1198.  2007.  2452.  2089.  1509.  1948.  2725.  1335.
  1529.  1968.  1079.  2353.  1951.  1128.  1491.  1539.  1342.  1605.
  1139.  1651.  1200.  1750.  1140.]
10 [ 2623.  1930.  1957.   972.  1994.  1876.  1680.  2004.  2304.  1585.
   704.  2217.  1334.  2036.  2488.  2109.  1508.  1999.  2706.  1400.
  1554.  1887.  1056.  2349.  1944.  1125.  1476.  1534.  1363.  1639.
  1120.  1397.  1272.  1737.  1121.]
11 [ 2594.  1829.  1938.   997.  1933.  1848.  1703.  1925.  2355.  1568.
   736.  2247.  1516.  2050.  2510.  2135.  1495.  2026.  2648.  1461.
  1548.  1794.  1060.  2333.  1920.  1132.  1514.  1538.  1394.  1664.
  1100.  1363.  1308.  1709.  1109.]
12 [ 2573.  1743.  1902.  1004.  1863.  1820.  1712.  1843.  2422.  1557.
   772.  2243.  1728.  2058.  2530.  2138.  1487.  2031.  2621.  1529.
  1542.  1682.  1084.  2287.  1892.  1131.  1554.  1527.  1449.  1693.
  1088.  1362.  1347.  1687.  1099.]
13 [ 2552.  1698.  1896.  1013.  1820.  1810.  1721.  1721.  2463.  1545.
   788.  2228.  1835.  2055.  2544.  2141.  1475.  2039.  2587.  1585.
  1529.  1665.  1118.  2249.  1859.  1128.  1606.  1523.  1502.  1731.
  1080.  1370.  1366.  1674.  1084.]
14 [ 2537.  1662.  1886.  1040.  1773.  1811.  1729.  1625.  2492.  1527.
   799.  2212.  1910.  2064.  2550.  2138.  1452.  2046.  2567.  1631.
  1528.  1645.  1170.  2223.  1842.  1097.  1668.  1512.  1518.  1771.
  1072.  1387.  1377.  1663.  1076.]
15 [ 2512.  1634.  1861.  1074.  1734.  1822.  1736.  1571.  2507.  1504.
   802.  2187.  1943.  2077.  2535.  2143.  1404.  2045.  2574.  1680.
  1514.  1632.  1216.  2220.  1843.  1063.  1754.  1512.  1529.  1787.
  1074.  1393.  1391.  1654.  1073.]
16 [ 2491.  1620.  1856.  1098.  1707.  1811.  1742.  1550.  2542.  1495.
   792.  2146.  1962.  2094.  2527.  2143.  1328.  2040.  2573.  1702.
  1495.  1605.  1253.  2201.  1861.  1049.  1867.  1529.  1539.  1796.
  1068.  1401.  1409.  1652.  1056.]
17 [ 2461.  1614.  1832.  1117.  1687.  1813.  1748.  1538.  2580.  1482.
   788.  2093.  1951.  2115.  2502.  2141.  1255.  2029.  2606.  1736.
  1488.  1596.  1280.  2205.  1876.  1045.  1948.  1530.  1553.  1810.
  1070.  1407.  1419.  1637.  1048.]
18 [ 2415.  1589.  1820.  1138.  1669.  1832.  1752.  1522.  2620.  1462.
   772.  2059.  1956.  2142.  2484.  2141.  1221.  2012.  2637.  1756.
  1493.  1588.  1285.  2210.  1900.  1061.  1978.  1534.  1557.  1826.
  1062.  1425.  1408.  1638.  1036.]
19 [ 2375.  1577.  1816.  1154.  1641.  1848.  1755.  1514.  2648.  1459.
   758.  2044.  1957.  2175.  2480.  2141.  1180.  2010.  2649.  1768.
  1495.  1583.  1293.  2204.  1925.  1077.  1953.  1546.  1575.  1846.
  1054.  1439.  1408.  1635.  1018.]
20 [ 2340.  1560.  1808.  1186.  1618.  1872.  1755.  1500.  2680.  1480.
   740.  2011.  1960.  2215.  2499.  2134.  1096.  2022.  2660.  1779.
  1492.  1591.  1307.  2212.  1959.  1091.  1901.  1559.  1561.  1868.
  1049.  1458.  1407.  1636.   994.]
21 [ 2319.  1551.  1792.  1206.  1608.  1883.  1748.  1511.  2702.  1496.
   729.  1961.  1951.  2252.  2513.  2133.  1041.  2023.  2667.  1790.
  1494.  1588.  1325.  2209.  1980.  1100.  1882.  1574.  1561.  1882.
  1040.  1475.  1405.  1628.   981.]
22 [ 2287.  1544.  1782.  1225.  1598.  1896.  1734.  1532.  2720.  1507.
   714.  1936.  1947.  2271.  2544.  2136.  1003.  2022.  2656.  1800.
  1496.  1578.  1332.  2217.  1983.  1108.  1870.  1588.  1564.  1893.
  1048.  1473.  1401.  1623.   972.]
23 [ 2259.  1529.  1771.  1241.  1580.  1915.  1726.  1535.  2720.  1503.
   697.  1928.  1948.  2282.  2575.  2139.  1001.  2025.  2630.  1827.
  1491.  1577.  1337.  2214.  1994.  1130.  1850.  1594.  1567.  1911.
  1048.  1481.  1390.  1616.   969.]
24 [ 2236.  1516.  1755.  1261.  1562.  1916.  1717.  1551.  2723.  1498.
   679.  1922.  1945.  2279.  2595.  2144.  1005.  2021.  2605.  1835.
  1479.  1574.  1359.  2224.  2001.  1145.  1847.  1599.  1580.  1911.
  1048.  1502.  1383.  1612.   971.]
25 [ 2215.  1509.  1742.  1273.  1560.  1924.  1705.  1553.  2729.  1490.
   656.  1918.  1941.  2261.  2602.  2151.  1024.  2016.  2592.  1855.
  1470.  1570.  1376.  2234.  2009.  1159.  1842.  1604.  1586.  1917.
  1045.  1513.  1378.  1606.   975.]
26 [ 2201.  1508.  1728.  1289.  1554.  1926.  1699.  1554.  2735.  1484.
   641.  1902.  1933.  2244.  2599.  2149.  1032.  2018.  2575.  1875.
  1465.  1572.  1393.  2255.  2014.  1172.  1842.  1606.  1578.  1932.
  1047.  1520.  1375.  1611.   972.]
27 [ 2191.  1501.  1714.  1294.  1545.  1930.  1692.  1562.  2738.  1475.
   628.  1894.  1929.  2232.  2611.  2150.  1040.  2013.  2568.  1889.
  1466.  1572.  1408.  2262.  2023.  1190.  1838.  1607.  1580.  1940.
  1050.  1512.  1375.  1612.   969.]
28 [ 2185.  1496.  1696.  1298.  1538.  1933.  1687.  1569.  2736.  1466.
   624.  1890.  1921.  2222.  2610.  2154.  1047.  2013.  2555.  1910.
  1469.  1566.  1422.  2269.  2033.  1206.  1843.  1602.  1587.  1953.
  1054.  1484.  1375.  1614.   973.]
29 [ 2171.  1487.  1690.  1307.  1528.  1933.  1683.  1564.  2732.  1464.
   619.  1896.  1914.  2218.  2622.  2161.  1052.  2017.  2528.  1928.
  1472.  1572.  1433.  2267.  2045.  1218.  1838.  1595.  1603.  1972.
  1052.  1461.  1374.  1614.   970.]
30 [ 2162.  1480.  1683.  1310.  1518.  1947.  1680.  1573.  2726.  1465.
   606.  1903.  1912.  2197.  2633.  2168.  1053.  2010.  2517.  1933.
  1465.  1566.  1442.  2263.  2044.  1230.  1831.  1601.  1613.  1985.
  1049.  1473.  1375.  1616.   971.]
31 [ 2157.  1472.  1672.  1314.  1511.  1959.  1677.  1581.  2721.  1456.
   598.  1908.  1899.  2182.  2644.  2179.  1054.  2003.  2504.  1938.
  1461.  1578.  1454.  2263.  2056.  1234.  1825.  1600.  1623.  1996.
  1049.  1470.  1374.  1620.   968.]
32 [ 2144.  1466.  1658.  1316.  1510.  1973.  1677.  1592.  2717.  1455.
   590.  1921.  1881.  2178.  2656.  2183.  1055.  1996.  2488.  1952.
  1459.  1584.  1461.  2260.  2070.  1243.  1815.  1595.  1636.  2002.
  1049.  1457.  1374.  1620.   967.]
33 [ 2139.  1456.  1648.  1319.  1510.  1972.  1678.  1602.  2721.  1461.
   586.  1921.  1862.  2171.  2667.  2188.  1054.  1981.  2465.  1973.
  1453.  1593.  1468.  2265.  2078.  1251.  1817.  1594.  1645.  1999.
  1058.  1448.  1373.  1619.   965.]
34 [ 2137.  1442.  1632.  1323.  1509.  1976.  1677.  1621.  2722.  1457.
   579.  1924.  1852.  2158.  2681.  2197.  1054.  1984.  2431.  1987.
  1447.  1601.  1481.  2278.  2080.  1258.  1816.  1591.  1663.  1999.
  1063.  1432.  1373.  1618.   957.]
35 [ 2135.  1420.  1613.  1322.  1516.  1978.  1676.  1629.  2724.  1443.
   578.  1926.  1840.  2136.  2698.  2204.  1058.  1995.  2404.  1999.
  1438.  1625.  1491.  2286.  2086.  1267.  1820.  1588.  1676.  1995.
  1067.  1419.  1374.  1619.   955.]
36 [ 2131.  1399.  1609.  1322.  1518.  1983.  1674.  1635.  2721.  1435.
   578.  1922.  1823.  2130.  2705.  2211.  1058.  1998.  2380.  2010.
  1440.  1646.  1494.  2291.  2085.  1281.  1819.  1588.  1690.  1994.
  1070.  1411.  1374.  1621.   954.]
37 [ 2127.  1373.  1604.  1322.  1526.  1980.  1673.  1646.  2725.  1434.
   576.  1918.  1813.  2124.  2712.  2220.  1060.  2000.  2352.  2015.
  1444.  1661.  1494.  2301.  2078.  1294.  1819.  1585.  1697.  1994.
  1077.  1407.  1375.  1621.   953.]
38 [ 2122.  1352.  1602.  1322.  1524.  1980.  1672.  1654.  2720.  1439.
   574.  1917.  1792.  2123.  2731.  2221.  1061.  1999.  2322.  2020.
  1445.  1687.  1497.  2306.  2078.  1306.  1822.  1583.  1705.  1995.
  1082.  1401.  1375.  1621.   950.]
39 [ 2122.  1336.  1596.  1325.  1523.  1977.  1672.  1659.  2724.  1431.
   571.  1920.  1778.  2113.  2751.  2228.  1063.  2006.  2305.  2031.
  1445.  1705.  1502.  2313.  2077.  1312.  1822.  1580.  1706.  1986.
  1091.  1389.  1374.  1622.   945.]
40 [ 2119.  1320.  1590.  1326.  1516.  1976.  1672.  1661.  2727.  1438.
   563.  1922.  1766.  2108.  2762.  2232.  1061.  2005.  2279.  2043.
  1446.  1728.  1507.  2318.  2073.  1321.  1822.  1574.  1710.  1988.
  1096.  1388.  1373.  1623.   947.]
41 [ 2117.  1306.  1585.  1327.  1519.  1983.  1673.  1661.  2724.  1430.
   567.  1927.  1756.  2103.  2774.  2234.  1063.  1999.  2255.  2051.
  1448.  1742.  1509.  2324.  2075.  1330.  1822.  1571.  1708.  1989.
  1098.  1383.  1377.  1622.   948.]
42 [ 2118.  1296.  1586.  1330.  1517.  1983.  1674.  1667.  2721.  1424.
   567.  1930.  1745.  2087.  2792.  2232.  1064.  2005.  2244.  2056.
  1448.  1750.  1511.  2321.  2071.  1341.  1823.  1571.  1706.  1985.
  1106.  1381.  1378.  1622.   948.]
43 [ 2117.  1279.  1584.  1332.  1506.  1977.  1676.  1673.  2718.  1425.
   557.  1932.  1732.  2084.  2795.  2233.  1064.  2007.  2232.  2066.
  1444.  1768.  1513.  2327.  2073.  1347.  1826.  1574.  1710.  1987.
  1113.  1388.  1378.  1623.   940.]
44 [ 2117.  1260.  1585.  1335.  1499.  1978.  1675.  1682.  2710.  1427.
   555.  1935.  1717.  2083.  2799.  2227.  1066.  2009.  2221.  2076.
  1441.  1787.  1515.  2326.  2071.  1353.  1827.  1573.  1711.  1990.
  1123.  1389.  1378.  1623.   937.]
45 [ 2116.  1246.  1584.  1335.  1493.  1979.  1674.  1690.  2706.  1428.
   558.  1937.  1709.  2086.  2802.  2225.  1068.  2005.  2210.  2084.
  1439.  1797.  1513.  2327.  2068.  1361.  1828.  1571.  1716.  1993.
  1130.  1386.  1378.  1623.   935.]
46 [ 2114.  1232.  1581.  1338.  1492.  1978.  1674.  1696.  2702.  1425.
   558.  1943.  1701.  2093.  2803.  2216.  1069.  2019.  2196.  2091.
  1440.  1803.  1511.  2330.  2064.  1363.  1828.  1572.  1718.  1993.
  1136.  1390.  1379.  1623.   929.]
47 [ 2113.  1225.  1579.  1338.  1488.  1974.  1674.  1703.  2700.  1430.
   560.  1947.  1685.  2094.  2812.  2208.  1072.  2032.  2188.  2091.
  1447.  1818.  1511.  2331.  2061.  1366.  1827.  1573.  1715.  1994.
  1132.  1387.  1376.  1622.   927.]
48 [ 2113.  1213.  1579.  1337.  1485.  1977.  1674.  1710.  2698.  1428.
   559.  1948.  1677.  2095.  2817.  2201.  1072.  2041.  2185.  2097.
  1448.  1825.  1513.  2323.  2061.  1370.  1829.  1572.  1716.  1996.
  1138.  1382.  1376.  1622.   923.]
49 [ 2114.  1203.  1576.  1334.  1486.  1982.  1674.  1712.  2695.  1425.
   560.  1948.  1675.  2095.  2833.  2209.  1071.  2039.  2171.  2098.
  1448.  1831.  1514.  2327.  2063.  1374.  1829.  1572.  1716.  1989.
  1137.  1376.  1374.  1621.   929.]
50 [ 2114.  1190.  1575.  1333.  1485.  1980.  1675.  1720.  2694.  1427.
   559.  1950.  1672.  2098.  2840.  2208.  1071.  2043.  2166.  2100.
  1447.  1839.  1512.  2328.  2062.  1373.  1830.  1571.  1715.  1987.
  1141.  1372.  1372.  1621.   930.]
51 [ 2113.  1180.  1574.  1335.  1485.  1981.  1675.  1723.  2693.  1433.
   558.  1950.  1673.  2098.  2839.  2210.  1068.  2043.  2162.  2105.
  1447.  1843.  1511.  2329.  2062.  1372.  1830.  1569.  1712.  1986.
  1142.  1373.  1371.  1621.   934.]
52 [ 2114.  1165.  1572.  1337.  1487.  1981.  1675.  1727.  2693.  1432.
   559.  1951.  1676.  2101.  2835.  2211.  1069.  2044.  2158.  2109.
  1447.  1845.  1511.  2332.  2063.  1376.  1827.  1569.  1711.  1984.
  1141.  1371.  1371.  1621.   935.]
53 [ 2115.  1154.  1571.  1338.  1487.  1981.  1675.  1728.  2692.  1441.
   558.  1949.  1668.  2104.  2841.  2208.  1070.  2046.  2150.  2110.
  1446.  1851.  1512.  2332.  2064.  1380.  1828.  1569.  1712.  1979.
  1142.  1370.  1369.  1621.   939.]
54 [ 2115.  1144.  1571.  1338.  1487.  1983.  1674.  1734.  2689.  1436.
   558.  1948.  1660.  2103.  2850.  2207.  1072.  2050.  2140.  2115.
  1445.  1857.  1512.  2334.  2067.  1384.  1828.  1569.  1712.  1975.
  1142.  1367.  1370.  1619.   945.]
55 [ 2116.  1137.  1572.  1337.  1485.  1986.  1674.  1739.  2686.  1439.
   558.  1946.  1649.  2104.  2855.  2206.  1074.  2050.  2137.  2121.
  1444.  1863.  1513.  2334.  2069.  1388.  1827.  1569.  1711.  1972.
  1142.  1363.  1370.  1618.   946.]
56 [ 2116.  1130.  1574.  1337.  1483.  1986.  1674.  1740.  2686.  1438.
   558.  1947.  1640.  2104.  2854.  2204.  1074.  2055.  2132.  2125.
  1443.  1869.  1514.  2334.  2069.  1393.  1828.  1569.  1711.  1974.
  1143.  1362.  1370.  1618.   946.]
57 [ 2117.  1128.  1574.  1338.  1483.  1986.  1674.  1755.  2686.  1430.
   558.  1947.  1629.  2108.  2854.  2200.  1075.  2063.  2127.  2133.
  1444.  1862.  1514.  2339.  2069.  1395.  1829.  1569.  1712.  1971.
  1143.  1354.  1370.  1618.   946.]
58 [ 2117.  1123.  1576.  1339.  1480.  1986.  1674.  1759.  2687.  1426.
   559.  1947.  1618.  2110.  2853.  2196.  1075.  2068.  2118.  2140.
  1444.  1867.  1514.  2338.  2069.  1402.  1831.  1569.  1714.  1972.
  1141.  1354.  1369.  1618.   947.]
59 [ 2118.  1118.  1577.  1338.  1477.  1986.  1674.  1759.  2688.  1425.
   561.  1947.  1608.  2111.  2861.  2193.  1076.  2070.  2106.  2142.
  1446.  1873.  1514.  2337.  2070.  1408.  1830.  1569.  1719.  1971.
  1142.  1351.  1369.  1618.   948.]
60 [ 2117.  1112.  1579.  1338.  1478.  1986.  1674.  1760.  2688.  1423.
   561.  1947.  1602.  2115.  2857.  2193.  1076.  2070.  2105.  2149.
  1445.  1877.  1514.  2337.  2068.  1410.  1831.  1569.  1720.  1971.
  1143.  1350.  1370.  1618.   947.]
61 [ 2119.  1110.  1584.  1339.  1473.  1986.  1674.  1757.  2689.  1426.
   564.  1947.  1598.  2117.  2854.  2191.  1076.  2066.  2092.  2156.
  1446.  1879.  1514.  2336.  2066.  1414.  1831.  1569.  1724.  1974.
  1142.  1351.  1371.  1618.   947.]
62 [ 2120.  1108.  1585.  1342.  1466.  1986.  1674.  1755.  2690.  1432.
   564.  1946.  1596.  2121.  2855.  2184.  1076.  2063.  2085.  2164.
  1446.  1883.  1515.  2334.  2066.  1414.  1830.  1568.  1730.  1971.
  1142.  1352.  1371.  1618.   948.]
63 [ 2119.  1106.  1586.  1343.  1468.  1986.  1675.  1755.  2692.  1439.
   563.  1945.  1595.  2125.  2858.  2180.  1077.  2058.  2069.  2172.
  1446.  1883.  1515.  2333.  2062.  1414.  1830.  1568.  1734.  1969.
  1143.  1355.  1371.  1618.   948.]
64 [ 2118.  1104.  1588.  1344.  1466.  1984.  1674.  1755.  2694.  1438.
   563.  1945.  1598.  2130.  2854.  2173.  1078.  2057.  2059.  2181.
  1447.  1883.  1515.  2331.  2060.  1412.  1830.  1569.  1738.  1972.
  1144.  1361.  1369.  1618.   948.]
65 [ 2119.  1104.  1594.  1344.  1461.  1985.  1673.  1755.  2696.  1438.
   561.  1944.  1598.  2133.  2858.  2159.  1078.  2063.  2048.  2189.
  1447.  1885.  1515.  2338.  2061.  1413.  1828.  1569.  1740.  1960.
  1142.  1366.  1371.  1617.   948.]
66 [ 2119.  1105.  1597.  1345.  1460.  1985.  1675.  1755.  2694.  1445.
   558.  1942.  1597.  2140.  2864.  2144.  1078.  2072.  2039.  2199.
  1447.  1885.  1515.  2332.  2057.  1413.  1824.  1568.  1740.  1961.
  1140.  1369.  1371.  1617.   948.]
67 [ 2120.  1108.  1598.  1348.  1460.  1984.  1675.  1756.  2695.  1446.
   556.  1943.  1594.  2145.  2864.  2136.  1077.  2075.  2032.  2200.
  1448.  1886.  1515.  2332.  2051.  1413.  1827.  1568.  1736.  1960.
  1140.  1377.  1371.  1617.   947.]
68 [ 2121.  1109.  1604.  1349.  1455.  1982.  1675.  1755.  2695.  1451.
   552.  1943.  1591.  2153.  2870.  2132.  1078.  2072.  2023.  2195.
  1447.  1889.  1514.  2330.  2049.  1412.  1827.  1568.  1737.  1961.
  1141.  1385.  1371.  1616.   948.]
69 [ 2121.  1110.  1605.  1353.  1453.  1980.  1673.  1755.  2698.  1455.
   552.  1943.  1587.  2158.  2874.  2123.  1078.  2074.  2018.  2191.
  1445.  1891.  1514.  2339.  2048.  1412.  1826.  1569.  1737.  1950.
  1143.  1387.  1371.  1616.   951.]
70 [ 2123.  1110.  1611.  1352.  1449.  1981.  1673.  1757.  2697.  1462.
   557.  1942.  1587.  2167.  2875.  2114.  1079.  2069.  2017.  2189.
  1445.  1889.  1512.  2341.  2048.  1410.  1826.  1569.  1734.  1944.
  1143.  1388.  1370.  1616.   954.]
71 [ 2124.  1110.  1611.  1351.  1443.  1981.  1671.  1759.  2697.  1473.
   561.  1941.  1588.  2174.  2868.  2105.  1078.  2065.  2019.  2195.
  1442.  1887.  1513.  2341.  2046.  1410.  1828.  1568.  1733.  1945.
  1144.  1385.  1369.  1618.   957.]
72 [ 2123.  1111.  1614.  1351.  1439.  1981.  1670.  1761.  2698.  1477.
   559.  1942.  1586.  2175.  2871.  2104.  1077.  2071.  2011.  2195.
  1443.  1884.  1513.  2343.  2036.  1410.  1831.  1568.  1732.  1942.
  1147.  1388.  1371.  1620.   956.]
73 [ 2123.  1110.  1620.  1351.  1436.  1983.  1669.  1763.  2699.  1482.
   560.  1944.  1586.  2176.  2870.  2107.  1077.  2072.  2010.  2193.
  1444.  1883.  1512.  2339.  2026.  1410.  1831.  1569.  1733.  1939.
  1148.  1389.  1369.  1620.   957.]
74 [ 2123.  1110.  1624.  1352.  1431.  1982.  1667.  1764.  2698.  1485.
   563.  1944.  1584.  2178.  2866.  2105.  1075.  2076.  2006.  2194.
  1444.  1883.  1512.  2343.  2023.  1410.  1832.  1570.  1731.  1939.
  1147.  1389.  1370.  1621.   959.]
75 [ 2122.  1110.  1636.  1353.  1428.  1983.  1663.  1763.  2698.  1499.
   564.  1945.  1586.  2187.  2858.  2108.  1076.  2073.  2004.  2195.
  1445.  1882.  1512.  2346.  2005.  1410.  1831.  1571.  1722.  1940.
  1147.  1389.  1371.  1621.   957.]
76 [ 2122.  1111.  1636.  1353.  1429.  1984.  1661.  1763.  2698.  1512.
   559.  1947.  1587.  2191.  2850.  2107.  1076.  2069.  2004.  2199.
  1445.  1882.  1513.  2343.  1998.  1411.  1830.  1573.  1718.  1943.
  1148.  1392.  1369.  1619.   958.]
77 [ 2121.  1110.  1640.  1352.  1428.  1985.  1657.  1763.  2694.  1530.
   559.  1947.  1586.  2204.  2851.  2102.  1079.  2054.  2002.  2199.
  1446.  1883.  1512.  2339.  1983.  1411.  1832.  1575.  1714.  1943.
  1149.  1399.  1372.  1621.   958.]
78 [ 2121.  1109.  1640.  1352.  1427.  1986.  1652.  1763.  2692.  1543.
   560.  1951.  1586.  2208.  2855.  2096.  1082.  2048.  1997.  2205.
  1446.  1882.  1512.  2340.  1974.  1411.  1832.  1576.  1714.  1937.
  1151.  1399.  1375.  1620.   958.]
79 [ 2121.  1109.  1642.  1353.  1424.  1989.  1651.  1763.  2692.  1552.
   563.  1951.  1584.  2210.  2852.  2088.  1084.  2045.  1993.  2208.
  1448.  1881.  1513.  2345.  1962.  1411.  1835.  1575.  1714.  1935.
  1151.  1403.  1376.  1619.   958.]
80 [ 2121.  1110.  1642.  1356.  1424.  1991.  1651.  1763.  2696.  1564.
   563.  1951.  1583.  2213.  2848.  2083.  1087.  2041.  1992.  2211.
  1447.  1882.  1513.  2349.  1948.  1410.  1836.  1576.  1711.  1931.
  1153.  1402.  1376.  1618.   958.]
81 [ 2121.  1109.  1642.  1355.  1424.  1992.  1651.  1763.  2698.  1581.
   561.  1950.  1583.  2221.  2846.  2086.  1089.  2035.  1987.  2209.
  1448.  1880.  1514.  2348.  1937.  1409.  1837.  1575.  1710.  1934.
  1151.  1406.  1375.  1617.   956.]
82 [ 2121.  1108.  1641.  1356.  1424.  1992.  1650.  1763.  2700.  1585.
   560.  1951.  1581.  2223.  2847.  2088.  1089.  2038.  1982.  2207.
  1447.  1881.  1513.  2347.  1929.  1409.  1839.  1575.  1710.  1936.
  1151.  1411.  1373.  1618.   955.]
83 [ 2120.  1106.  1639.  1355.  1423.  1992.  1649.  1767.  2702.  1589.
   556.  1955.  1582.  2227.  2848.  2090.  1090.  2039.  1977.  2212.
  1446.  1879.  1513.  2347.  1921.  1409.  1838.  1574.  1709.  1934.
  1149.  1419.  1372.  1618.   954.]
84 [ 2119.  1105.  1640.  1355.  1421.  1990.  1649.  1768.  2705.  1593.
   556.  1957.  1583.  2229.  2848.  2086.  1086.  2044.  1977.  2215.
  1444.  1878.  1515.  2349.  1916.  1411.  1834.  1576.  1710.  1929.
  1148.  1420.  1371.  1619.   954.]
85 [ 2121.  1106.  1640.  1356.  1421.  1994.  1649.  1771.  2708.  1595.
   558.  1957.  1582.  2229.  2843.  2085.  1086.  2042.  1977.  2214.
  1441.  1877.  1518.  2352.  1910.  1413.  1830.  1577.  1711.  1927.
  1147.  1420.  1371.  1618.   954.]
86 [ 2121.  1104.  1640.  1356.  1421.  1996.  1649.  1768.  2715.  1593.
   559.  1959.  1582.  2236.  2845.  2085.  1086.  2045.  1972.  2215.
  1440.  1877.  1518.  2357.  1905.  1412.  1828.  1575.  1710.  1925.
  1146.  1417.  1371.  1618.   954.]
87 [ 2120.  1103.  1640.  1356.  1420.  1993.  1650.  1768.  2719.  1596.
   559.  1957.  1584.  2243.  2844.  2081.  1085.  2048.  1964.  2218.
  1439.  1878.  1520.  2359.  1903.  1412.  1826.  1578.  1710.  1924.
  1146.  1414.  1372.  1619.   952.]
88 [ 2120.  1102.  1642.  1356.  1419.  1996.  1650.  1767.  2720.  1607.
   561.  1956.  1581.  2249.  2839.  2079.  1084.  2041.  1965.  2222.
  1436.  1878.  1522.  2362.  1898.  1411.  1823.  1578.  1711.  1923.
  1146.  1413.  1372.  1620.   951.]
89 [ 2118.  1101.  1642.  1356.  1418.  1997.  1650.  1767.  2729.  1617.
   563.  1952.  1577.  2255.  2843.  2076.  1084.  2040.  1960.  2225.
  1435.  1880.  1522.  2359.  1895.  1411.  1820.  1577.  1711.  1922.
  1146.  1412.  1370.  1619.   951.]
90 [ 2117.  1100.  1642.  1357.  1418.  1997.  1650.  1768.  2736.  1628.
   562.  1951.  1576.  2264.  2846.  2074.  1084.  2036.  1955.  2227.
  1435.  1878.  1521.  2359.  1887.  1411.  1816.  1579.  1711.  1923.
  1144.  1407.  1370.  1619.   952.]
91 [ 2118.  1100.  1642.  1358.  1418.  1998.  1651.  1771.  2744.  1638.
   562.  1950.  1577.  2259.  2846.  2073.  1084.  2030.  1953.  2226.
  1435.  1876.  1522.  2360.  1876.  1410.  1813.  1579.  1711.  1923.
  1144.  1413.  1369.  1619.   952.]
92 [ 2119.  1099.  1642.  1361.  1418.  1995.  1650.  1771.  2751.  1642.
   566.  1949.  1578.  2258.  2843.  2071.  1084.  2036.  1947.  2222.
  1435.  1876.  1523.  2363.  1867.  1411.  1813.  1580.  1711.  1923.
  1144.  1413.  1368.  1619.   952.]
93 [ 2119.  1100.  1642.  1362.  1418.  1994.  1648.  1772.  2757.  1644.
   566.  1948.  1578.  2263.  2850.  2064.  1083.  2042.  1942.  2221.
  1433.  1875.  1525.  2368.  1862.  1412.  1811.  1577.  1710.  1917.
  1144.  1414.  1368.  1619.   952.]
94 [ 2118.  1100.  1642.  1361.  1419.  1995.  1647.  1772.  2758.  1645.
   566.  1949.  1578.  2261.  2855.  2052.  1083.  2054.  1936.  2220.
  1433.  1876.  1526.  2368.  1860.  1412.  1810.  1578.  1711.  1916.
  1143.  1418.  1368.  1619.   951.]
95 [ 2118.  1100.  1642.  1363.  1419.  1996.  1646.  1771.  2765.  1647.
   568.  1949.  1576.  2258.  2852.  2044.  1084.  2054.  1932.  2220.
  1434.  1878.  1527.  2371.  1859.  1413.  1810.  1577.  1711.  1917.
  1143.  1420.  1369.  1618.   949.]
96 [ 2118.  1100.  1642.  1361.  1419.  1997.  1646.  1772.  2770.  1650.
   569.  1948.  1574.  2258.  2854.  2038.  1084.  2058.  1926.  2220.
  1433.  1877.  1528.  2374.  1857.  1414.  1810.  1576.  1712.  1916.
  1143.  1424.  1369.  1618.   945.]
97 [ 2117.  1100.  1642.  1359.  1419.  1997.  1646.  1775.  2774.  1656.
   569.  1949.  1573.  2261.  2856.  2027.  1084.  2063.  1923.  2222.
  1433.  1876.  1528.  2376.  1854.  1414.  1809.  1575.  1712.  1918.
  1140.  1421.  1369.  1618.   945.]
98 [ 2117.  1100.  1644.  1355.  1419.  1999.  1646.  1777.  2777.  1661.
   571.  1948.  1573.  2262.  2857.  2018.  1085.  2067.  1920.  2224.
  1433.  1874.  1528.  2374.  1850.  1414.  1806.  1575.  1715.  1917.
  1140.  1423.  1369.  1618.   944.]
99 [ 2117.  1102.  1644.  1354.  1417.  1999.  1645.  1779.  2779.  1661.
   568.  1948.  1573.  2263.  2856.  2023.  1086.  2066.  1920.  2227.
  1433.  1872.  1528.  2374.  1849.  1414.  1805.  1576.  1715.  1914.
  1140.  1421.  1369.  1619.   944.]
100 [ 2116.  1102.  1644.  1356.  1417.  2001.  1645.  1781.  2779.  1663.
   566.  1948.  1572.  2269.  2857.  2023.  1088.  2065.  1920.  2225.
  1434.  1871.  1528.  2373.  1846.  1414.  1803.  1577.  1714.  1915.
  1140.  1420.  1368.  1618.   942.]
101 [ 2115.  1102.  1644.  1357.  1416.  2000.  1645.  1781.  2779.  1667.
   563.  1948.  1572.  2279.  2862.  2024.  1087.  2064.  1917.  2221.
  1436.  1871.  1528.  2370.  1842.  1414.  1801.  1579.  1713.  1917.
  1139.  1418.  1368.  1619.   942.]
102 [ 2114.  1102.  1644.  1357.  1416.  2002.  1645.  1781.  2778.  1670.
   560.  1952.  1572.  2282.  2865.  2021.  1086.  2064.  1916.  2221.
  1438.  1871.  1529.  2370.  1839.  1414.  1799.  1580.  1716.  1915.
  1137.  1415.  1368.  1619.   942.]
103 [ 2112.  1102.  1644.  1358.  1416.  2001.  1645.  1780.  2779.  1672.
   559.  1953.  1571.  2285.  2866.  2019.  1087.  2062.  1914.  2221.
  1439.  1871.  1529.  2370.  1840.  1414.  1798.  1581.  1716.  1915.
  1137.  1416.  1368.  1619.   941.]
104 [ 2112.  1102.  1644.  1361.  1416.  2001.  1645.  1781.  2781.  1674.
   559.  1953.  1570.  2287.  2865.  2021.  1089.  2059.  1912.  2219.
  1437.  1872.  1530.  2369.  1837.  1413.  1798.  1583.  1716.  1914.
  1137.  1415.  1368.  1619.   941.]
105 [ 2113.  1103.  1644.  1361.  1416.  2001.  1645.  1781.  2784.  1678.
   559.  1951.  1570.  2290.  2863.  2018.  1092.  2055.  1912.  2218.
  1437.  1872.  1531.  2369.  1837.  1413.  1795.  1581.  1718.  1915.
  1137.  1415.  1367.  1618.   941.]
106 [ 2114.  1101.  1644.  1359.  1416.  2002.  1645.  1781.  2786.  1679.
   557.  1950.  1569.  2297.  2863.  2016.  1092.  2056.  1911.  2218.
  1437.  1872.  1532.  2370.  1837.  1413.  1792.  1581.  1720.  1915.
  1137.  1413.  1366.  1618.   941.]
107 [ 2113.  1099.  1644.  1358.  1417.  2002.  1645.  1781.  2788.  1676.
   554.  1951.  1568.  2302.  2863.  2017.  1093.  2056.  1911.  2218.
  1439.  1872.  1532.  2369.  1835.  1413.  1791.  1582.  1720.  1916.
  1137.  1414.  1365.  1618.   941.]
108 [ 2113.  1100.  1644.  1357.  1419.  2002.  1645.  1781.  2791.  1676.
   553.  1951.  1568.  2306.  2863.  2018.  1092.  2051.  1911.  2218.
  1439.  1871.  1532.  2369.  1835.  1413.  1790.  1582.  1721.  1916.
  1137.  1412.  1365.  1618.   941.]
109 [ 2114.  1098.  1643.  1357.  1420.  2000.  1645.  1781.  2793.  1676.
   549.  1953.  1568.  2314.  2862.  2019.  1093.  2050.  1912.  2218.
  1440.  1871.  1532.  2369.  1834.  1413.  1786.  1580.  1719.  1916.
  1137.  1414.  1365.  1618.   941.]
110 [ 2114.  1097.  1643.  1357.  1419.  1999.  1645.  1780.  2795.  1676.
   547.  1956.  1570.  2314.  2864.  2019.  1093.  2050.  1909.  2218.
  1442.  1871.  1532.  2370.  1832.  1413.  1786.  1580.  1721.  1914.
  1137.  1413.  1365.  1618.   941.]
111 [ 2115.  1096.  1643.  1357.  1419.  2001.  1645.  1780.  2798.  1676.
   545.  1957.  1570.  2314.  2864.  2019.  1093.  2048.  1907.  2218.
  1441.  1871.  1532.  2370.  1832.  1413.  1786.  1579.  1721.  1914.
  1137.  1415.  1365.  1618.   941.]
112 [ 2116.  1097.  1643.  1357.  1419.  2005.  1646.  1780.  2803.  1675.
   542.  1959.  1570.  2306.  2866.  2019.  1093.  2049.  1905.  2218.
  1441.  1871.  1532.  2369.  1830.  1413.  1785.  1580.  1721.  1914.
  1136.  1416.  1365.  1618.   941.]
113 [ 2115.  1097.  1643.  1357.  1419.  2005.  1646.  1780.  2812.  1675.
   543.  1963.  1570.  2297.  2866.  2019.  1093.  2048.  1905.  2218.
  1441.  1869.  1532.  2369.  1829.  1413.  1784.  1582.  1721.  1914.
  1136.  1416.  1364.  1618.   941.]
114 [ 2115.  1097.  1643.  1357.  1419.  2008.  1646.  1780.  2813.  1676.
   543.  1966.  1570.  2298.  2866.  2019.  1093.  2046.  1905.  2218.
  1441.  1869.  1532.  2369.  1829.  1412.  1784.  1578.  1720.  1914.
  1136.  1415.  1364.  1618.   941.]
115 [ 2115.  1097.  1643.  1357.  1419.  2007.  1646.  1780.  2815.  1677.
   543.  1964.  1570.  2301.  2867.  2019.  1093.  2044.  1905.  2218.
  1441.  1869.  1532.  2369.  1829.  1412.  1784.  1577.  1720.  1913.
  1136.  1415.  1364.  1618.   941.]
116 [ 2115.  1097.  1643.  1357.  1419.  2007.  1646.  1779.  2817.  1678.
   543.  1965.  1570.  2299.  2867.  2019.  1093.  2043.  1906.  2218.
  1441.  1869.  1532.  2369.  1829.  1412.  1783.  1578.  1720.  1912.
  1136.  1415.  1364.  1618.   941.]
117 [ 2114.  1097.  1643.  1357.  1420.  2010.  1646.  1779.  2816.  1678.
   543.  1961.  1570.  2299.  2867.  2019.  1093.  2043.  1906.  2218.
  1441.  1869.  1532.  2370.  1828.  1412.  1784.  1578.  1720.  1912.
  1136.  1415.  1365.  1618.   941.]
118 [ 2115.  1096.  1643.  1357.  1420.  2010.  1646.  1779.  2816.  1678.
   544.  1960.  1570.  2301.  2867.  2019.  1093.  2043.  1904.  2218.
  1441.  1869.  1532.  2371.  1827.  1412.  1784.  1579.  1720.  1912.
  1136.  1414.  1365.  1618.   941.]
119 [ 2115.  1096.  1643.  1357.  1420.  2009.  1647.  1779.  2817.  1678.
   544.  1959.  1570.  2302.  2867.  2019.  1093.  2043.  1904.  2218.
  1441.  1869.  1532.  2371.  1827.  1412.  1784.  1579.  1720.  1912.
  1136.  1413.  1365.  1618.   941.]
120 [ 2115.  1096.  1643.  1357.  1420.  2009.  1647.  1779.  2818.  1678.
   544.  1958.  1570.  2303.  2866.  2019.  1093.  2042.  1904.  2218.
  1441.  1869.  1532.  2371.  1828.  1412.  1784.  1579.  1720.  1912.
  1136.  1413.  1365.  1618.   941.]
[ 2115.  1096.  1643.  1357.  1420.  2009.  1647.  1779.  2818.  1678.
   544.  1958.  1570.  2303.  2866.  2019.  1093.  2042.  1904.  2218.
  1441.  1869.  1532.  2371.  1828.  1412.  1784.  1579.  1720.  1912.
  1136.  1413.  1365.  1618.   941.]
Time spent clustering :  17797.3366411
medians_random_cluster35
Digit: 0  Purity: 86.0% SD: 1750.7  Count: 6267
Digit: 1  Purity: 85.4% SD: 1062.5  Count: 7726
Digit: 2  Purity: 77.3% SD: 1822.4  Count: 6463
Digit: 3  Purity: 59.6% SD: 1763.6  Count: 8709
Digit: 4  Purity: 59.3% SD: 1679.9  Count: 6501
Digit: 5  Purity: 78.8% SD: 1723.2  Count: 3612
Digit: 6  Purity: 90.5% SD: 1667.4  Count: 5739
Digit: 7  Purity: 68.9% SD: 1496.2  Count: 8044
Digit: 8  Purity: 88.2% SD: 1717.6  Count: 4073
Digit: 9  Purity: 53.0% SD: 1546.1  Count: 2866
Our accuracy in predicting test data for k = 35 was 75.3375337534 %
Time spent testing :  30.2518310547
