16 medians kplusplus 100
0 [ 2331.  3698.  2739.  8234.  1968.  2119.  3136.  6586.  1774.  3737.
  1607.  4879.  5214.  1322.  5890.  4766.]
1 [ 2245.  3636.  2764.  7263.  2157.  2442.  3492.  7047.  1756.  3405.
  1755.  4554.  5075.  1569.  4773.  6067.]
2 [ 2211.  3811.  2780.  6612.  2203.  2553.  3663.  7424.  1794.  3318.
  1809.  4194.  5100.  1954.  4360.  6214.]
3 [ 2215.  4065.  2754.  6308.  2098.  2557.  3746.  7738.  1897.  3215.
  1863.  3785.  5063.  2320.  4204.  6172.]
4 [ 2215.  4426.  2747.  6130.  1994.  2565.  3821.  8009.  1978.  3110.
  1955.  3096.  5035.  2579.  4216.  6124.]
5 [ 2212.  4587.  2756.  6083.  1901.  2612.  3866.  8217.  2047.  3034.
  2058.  2460.  4988.  2768.  4309.  6102.]
6 [ 2196.  4516.  2748.  6121.  1870.  2656.  3879.  8334.  2088.  2994.
  2129.  2168.  4895.  2957.  4382.  6067.]
7 [ 2178.  4389.  2745.  6178.  1866.  2692.  3882.  8392.  2102.  2977.
  2173.  2099.  4799.  3112.  4421.  5995.]
8 [ 2168.  4283.  2755.  6255.  1871.  2728.  3860.  8420.  2113.  2955.
  2222.  2057.  4683.  3255.  4439.  5936.]
9 [ 2159.  4188.  2766.  6333.  1885.  2761.  3837.  8437.  2123.  2937.
  2273.  2014.  4613.  3346.  4455.  5873.]
10 [ 2152.  4117.  2781.  6417.  1879.  2793.  3823.  8439.  2139.  2944.
  2312.  1969.  4542.  3412.  4452.  5829.]
11 [ 2153.  4056.  2783.  6553.  1878.  2815.  3804.  8438.  2146.  2963.
  2337.  1888.  4494.  3490.  4425.  5777.]
12 [ 2153.  3993.  2780.  6695.  1883.  2885.  3800.  8428.  2150.  2979.
  2364.  1771.  4458.  3540.  4406.  5715.]
13 [ 2151.  3938.  2778.  6742.  1887.  2981.  3816.  8410.  2153.  3022.
  2392.  1620.  4460.  3589.  4390.  5671.]
14 [ 2153.  3888.  2773.  6598.  1887.  3104.  3855.  8405.  2156.  3113.
  2412.  1479.  4483.  3631.  4397.  5666.]
15 [ 2151.  3848.  2773.  6288.  1885.  3219.  3921.  8395.  2156.  3233.
  2449.  1328.  4554.  3694.  4413.  5693.]
16 [ 2149.  3868.  2785.  5657.  1882.  3364.  4018.  8386.  2157.  3390.
  2481.  1271.  4699.  3741.  4434.  5718.]
17 [ 2145.  3918.  2805.  4731.  1883.  3496.  4177.  8383.  2159.  3553.
  2537.  1309.  4877.  3814.  4473.  5740.]
18 [ 2133.  3977.  2821.  3977.  1888.  3582.  4309.  8367.  2166.  3651.
  2592.  1369.  5039.  3900.  4473.  5756.]
19 [ 2130.  4005.  2841.  3581.  1892.  3615.  4406.  8337.  2169.  3662.
  2634.  1409.  5137.  3963.  4479.  5740.]
20 [ 2126.  4008.  2863.  3388.  1891.  3625.  4471.  8312.  2173.  3654.
  2651.  1420.  5191.  4024.  4477.  5726.]
21 [ 2122.  4001.  2887.  3279.  1893.  3628.  4530.  8288.  2174.  3637.
  2659.  1412.  5232.  4084.  4467.  5707.]
22 [ 2115.  3981.  2906.  3206.  1898.  3626.  4601.  8263.  2176.  3609.
  2676.  1408.  5271.  4121.  4458.  5685.]
23 [ 2111.  3968.  2930.  3154.  1898.  3616.  4667.  8226.  2176.  3595.
  2671.  1402.  5321.  4145.  4457.  5663.]
24 [ 2102.  3960.  2951.  3102.  1895.  3601.  4738.  8197.  2179.  3582.
  2675.  1390.  5365.  4170.  4451.  5642.]
25 [ 2097.  3947.  2962.  3055.  1897.  3591.  4817.  8175.  2182.  3571.
  2671.  1381.  5400.  4194.  4450.  5610.]
26 [ 2093.  3946.  2989.  3008.  1897.  3584.  4867.  8159.  2184.  3549.
  2673.  1378.  5429.  4204.  4449.  5591.]
27 [ 2092.  3944.  3017.  2968.  1892.  3571.  4941.  8136.  2189.  3541.
  2671.  1370.  5455.  4208.  4445.  5560.]
28 [ 2092.  3944.  3057.  2924.  1893.  3556.  5001.  8116.  2190.  3532.
  2674.  1366.  5457.  4226.  4437.  5535.]
29 [ 2093.  3938.  3099.  2888.  1888.  3547.  5070.  8087.  2188.  3522.
  2676.  1372.  5465.  4224.  4423.  5520.]
30 [ 2088.  3933.  3135.  2842.  1885.  3533.  5130.  8063.  2190.  3510.
  2679.  1386.  5470.  4232.  4415.  5509.]
31 [ 2085.  3926.  3156.  2801.  1886.  3524.  5194.  8039.  2191.  3507.
  2678.  1395.  5478.  4245.  4397.  5498.]
32 [ 2085.  3913.  3186.  2767.  1883.  3518.  5240.  8015.  2193.  3504.
  2680.  1400.  5484.  4259.  4390.  5483.]
33 [ 2081.  3901.  3221.  2748.  1886.  3510.  5261.  7997.  2194.  3501.
  2682.  1395.  5492.  4276.  4388.  5467.]
34 [ 2086.  3896.  3261.  2741.  1890.  3506.  5271.  7976.  2193.  3489.
  2687.  1396.  5483.  4294.  4380.  5451.]
35 [ 2087.  3891.  3326.  2719.  1894.  3501.  5268.  7946.  2196.  3482.
  2685.  1393.  5505.  4302.  4384.  5421.]
36 [ 2085.  3895.  3386.  2700.  1897.  3495.  5241.  7924.  2204.  3479.
  2683.  1394.  5503.  4324.  4381.  5409.]
37 [ 2086.  3895.  3438.  2691.  1900.  3499.  5196.  7903.  2208.  3476.
  2686.  1403.  5498.  4340.  4372.  5409.]
38 [ 2084.  3895.  3478.  2695.  1899.  3498.  5154.  7887.  2213.  3469.
  2686.  1410.  5507.  4357.  4367.  5401.]
39 [ 2084.  3896.  3537.  2711.  1898.  3499.  5105.  7871.  2216.  3462.
  2688.  1401.  5516.  4376.  4353.  5387.]
40 [ 2084.  3898.  3577.  2707.  1895.  3505.  5063.  7857.  2218.  3457.
  2691.  1408.  5526.  4391.  4351.  5372.]
41 [ 2082.  3897.  3625.  2705.  1896.  3505.  5007.  7844.  2222.  3459.
  2692.  1409.  5534.  4403.  4350.  5370.]
42 [ 2080.  3899.  3670.  2704.  1896.  3511.  4952.  7835.  2227.  3457.
  2698.  1402.  5538.  4412.  4350.  5369.]
43 [ 2078.  3897.  3703.  2698.  1896.  3516.  4911.  7828.  2234.  3454.
  2696.  1399.  5544.  4427.  4347.  5372.]
44 [ 2079.  3895.  3724.  2692.  1890.  3516.  4887.  7817.  2240.  3451.
  2696.  1400.  5545.  4452.  4347.  5369.]
45 [ 2082.  3896.  3735.  2688.  1886.  3521.  4858.  7814.  2245.  3452.
  2696.  1399.  5549.  4469.  4341.  5369.]
46 [ 2082.  3895.  3744.  2687.  1887.  3520.  4835.  7807.  2249.  3452.
  2696.  1395.  5559.  4480.  4339.  5373.]
47 [ 2085.  3894.  3747.  2685.  1879.  3519.  4821.  7805.  2251.  3452.
  2698.  1387.  5572.  4496.  4334.  5375.]
48 [ 2084.  3895.  3761.  2679.  1879.  3518.  4804.  7803.  2251.  3455.
  2698.  1386.  5576.  4505.  4332.  5374.]
49 [ 2083.  3894.  3775.  2678.  1877.  3522.  4793.  7801.  2252.  3458.
  2696.  1385.  5578.  4511.  4325.  5372.]
50 [ 2083.  3896.  3784.  2679.  1880.  3523.  4774.  7804.  2252.  3457.
  2695.  1384.  5577.  4519.  4321.  5372.]
51 [ 2080.  3898.  3788.  2674.  1885.  3520.  4753.  7808.  2254.  3460.
  2696.  1382.  5582.  4527.  4321.  5372.]
52 [ 2081.  3902.  3797.  2678.  1884.  3519.  4732.  7811.  2255.  3460.
  2697.  1378.  5581.  4535.  4318.  5372.]
53 [ 2081.  3905.  3811.  2679.  1885.  3519.  4720.  7813.  2255.  3460.
  2698.  1376.  5580.  4536.  4311.  5371.]
54 [ 2079.  3910.  3822.  2679.  1884.  3518.  4715.  7813.  2256.  3460.
  2698.  1375.  5578.  4539.  4305.  5369.]
55 [ 2080.  3915.  3839.  2672.  1884.  3518.  4710.  7811.  2256.  3460.
  2698.  1378.  5576.  4541.  4296.  5366.]
56 [ 2081.  3916.  3848.  2670.  1885.  3518.  4710.  7807.  2258.  3460.
  2697.  1377.  5576.  4542.  4292.  5363.]
57 [ 2081.  3919.  3857.  2659.  1885.  3518.  4709.  7803.  2260.  3459.
  2697.  1382.  5577.  4543.  4288.  5363.]
58 [ 2081.  3917.  3856.  2662.  1886.  3516.  4710.  7804.  2261.  3459.
  2696.  1383.  5578.  4543.  4287.  5361.]
59 [ 2081.  3916.  3855.  2671.  1885.  3517.  4713.  7804.  2262.  3455.
  2696.  1381.  5575.  4544.  4286.  5359.]
60 [ 2082.  3916.  3851.  2668.  1886.  3513.  4717.  7802.  2262.  3455.
  2696.  1382.  5578.  4547.  4287.  5358.]
61 [ 2082.  3916.  3853.  2670.  1886.  3511.  4715.  7802.  2262.  3456.
  2696.  1384.  5579.  4547.  4286.  5355.]
62 [ 2082.  3917.  3856.  2675.  1886.  3510.  4710.  7802.  2262.  3457.
  2697.  1384.  5574.  4549.  4284.  5355.]
63 [ 2082.  3917.  3856.  2678.  1886.  3510.  4706.  7802.  2262.  3459.
  2697.  1384.  5572.  4550.  4284.  5355.]
64 [ 2082.  3918.  3856.  2681.  1886.  3509.  4704.  7802.  2262.  3460.
  2697.  1383.  5572.  4551.  4283.  5354.]
65 [ 2082.  3917.  3857.  2683.  1886.  3511.  4704.  7801.  2262.  3460.
  2697.  1383.  5569.  4553.  4281.  5354.]
66 [ 2082.  3917.  3856.  2682.  1886.  3511.  4704.  7801.  2262.  3460.
  2697.  1384.  5568.  4555.  4280.  5355.]
67 [ 2082.  3917.  3855.  2683.  1886.  3511.  4706.  7803.  2262.  3461.
  2697.  1384.  5564.  4554.  4280.  5355.]
68 [ 2082.  3917.  3856.  2683.  1886.  3511.  4706.  7803.  2262.  3461.
  2698.  1384.  5564.  4552.  4280.  5355.]
69 [ 2082.  3917.  3856.  2681.  1886.  3511.  4708.  7803.  2262.  3461.
  2698.  1384.  5566.  4550.  4280.  5355.]
70 [ 2082.  3916.  3856.  2681.  1886.  3510.  4711.  7804.  2262.  3461.
  2699.  1385.  5566.  4547.  4280.  5354.]
71 [ 2082.  3915.  3856.  2680.  1886.  3509.  4714.  7804.  2262.  3462.
  2699.  1386.  5564.  4547.  4280.  5354.]
72 [ 2082.  3916.  3856.  2682.  1886.  3508.  4716.  7804.  2262.  3463.
  2701.  1386.  5564.  4543.  4277.  5354.]
73 [ 2082.  3916.  3856.  2684.  1886.  3507.  4717.  7804.  2262.  3465.
  2700.  1386.  5564.  4544.  4274.  5353.]
74 [ 2082.  3916.  3856.  2686.  1886.  3509.  4717.  7804.  2262.  3465.
  2699.  1387.  5563.  4544.  4271.  5353.]
75 [ 2082.  3916.  3856.  2685.  1886.  3509.  4717.  7806.  2262.  3465.
  2699.  1389.  5564.  4542.  4269.  5353.]
76 [ 2082.  3916.  3856.  2686.  1886.  3508.  4718.  7807.  2262.  3466.
  2699.  1390.  5562.  4540.  4268.  5354.]
77 [ 2082.  3916.  3856.  2688.  1886.  3507.  4717.  7807.  2262.  3468.
  2699.  1388.  5563.  4538.  4267.  5356.]
78 [ 2082.  3918.  3856.  2688.  1886.  3507.  4717.  7807.  2262.  3468.
  2700.  1387.  5561.  4537.  4267.  5357.]
79 [ 2082.  3918.  3856.  2688.  1886.  3507.  4717.  7807.  2261.  3468.
  2701.  1387.  5561.  4538.  4267.  5356.]
80 [ 2082.  3918.  3856.  2689.  1886.  3508.  4716.  7807.  2261.  3469.
  2699.  1387.  5560.  4539.  4266.  5357.]
81 [ 2082.  3918.  3856.  2690.  1886.  3508.  4716.  7807.  2261.  3470.
  2699.  1387.  5558.  4540.  4265.  5357.]
82 [ 2082.  3917.  3856.  2691.  1886.  3508.  4715.  7807.  2261.  3471.
  2700.  1387.  5558.  4539.  4264.  5358.]
83 [ 2082.  3917.  3856.  2690.  1886.  3508.  4714.  7807.  2261.  3473.
  2701.  1387.  5559.  4538.  4264.  5357.]
84 [ 2082.  3917.  3856.  2691.  1886.  3509.  4714.  7806.  2261.  3473.
  2702.  1386.  5559.  4537.  4264.  5357.]
85 [ 2082.  3917.  3856.  2691.  1886.  3509.  4714.  7806.  2261.  3473.
  2702.  1386.  5558.  4537.  4264.  5358.]
[ 2082.  3917.  3856.  2691.  1886.  3509.  4714.  7806.  2261.  3473.
  2702.  1386.  5558.  4537.  4264.  5358.]
Time spent clustering :  6345.33291888
medians_kplusplus_cluster16
Digit: 0  Purity: 85.2% SD: 1843.1  Count: 6229
Digit: 1  Purity: 77.3% SD: 1287.3  Count: 8181
Digit: 2  Purity: 49.6% SD: 1917.3  Count: 8049
Digit: 3  Purity: 55.6% SD: 1913.5  Count: 7806
Digit: 4  Purity: 51.8% SD: 1788.7  Count: 8046
Digit: 5  Purity: 33.6% SD: 1804.7  Count: 6100
Digit: 6  Purity: 89.0% SD: 1796.2  Count: 3856
Digit: 7  Purity: 75.6% SD: 1606.8  Count: 6175
Digit: 8  Purity:  0.0% SD:    0.0  Count: 0
Digit: 9  Purity: 32.0% SD: 1761.4  Count: 5558
Our accuracy in predicting test data for k = 16 was 61.2061206121 %
Time spent testing :  24.6865139008
