18 medians random 100
0 [ 4200.  3833.  1434.  3144.  2837.  2143.  3686.  7446.  4517.  4748.
  4937.  1744.  2854.  1762.  3307.  2046.  4283.  1079.]
1 [ 4221.  3061.  2005.  3591.  2861.  2275.  4090.  5568.  3659.  5036.
  4274.  2540.  3277.  2390.  2706.  2743.  3652.  2051.]
2 [ 3775.  2835.  2478.  3692.  2901.  2126.  3971.  4986.  3604.  4961.
  3835.  2695.  3196.  2525.  2577.  3109.  3814.  2920.]
3 [ 3437.  2734.  2917.  3812.  2923.  1991.  3855.  4605.  3463.  4889.
  3597.  2673.  3165.  2518.  2562.  3196.  4138.  3525.]
4 [ 3213.  2687.  3179.  3954.  2979.  1945.  3814.  4355.  2897.  4991.
  3433.  2721.  3221.  2537.  2652.  3206.  4253.  3963.]
5 [ 3115.  2752.  3336.  4089.  2975.  1986.  3769.  4218.  2235.  5129.
  3326.  2847.  3290.  2568.  2732.  3194.  4232.  4207.]
6 [ 3021.  2785.  3445.  4178.  2920.  2060.  3734.  4089.  1868.  5191.
  3303.  3020.  3378.  2627.  2799.  3126.  4196.  4260.]
7 [ 2935.  2743.  3473.  4279.  2861.  2126.  3693.  3909.  1782.  5262.
  3357.  3134.  3477.  2696.  2895.  3031.  4128.  4219.]
8 [ 2855.  2709.  3423.  4352.  2839.  2198.  3660.  3756.  1760.  5329.
  3409.  3217.  3551.  2793.  2975.  2970.  4064.  4140.]
9 [ 2807.  2693.  3276.  4444.  2818.  2266.  3610.  3611.  1741.  5377.
  3463.  3339.  3622.  2878.  3056.  2915.  4004.  4080.]
10 [ 2752.  2657.  3126.  4520.  2817.  2314.  3561.  3494.  1685.  5408.
  3539.  3528.  3699.  2969.  3096.  2854.  3945.  4036.]
11 [ 2712.  2612.  2944.  4602.  2852.  2367.  3479.  3368.  1656.  5390.
  3604.  3701.  3779.  3058.  3141.  2798.  3884.  4053.]
12 [ 2680.  2581.  2759.  4678.  2872.  2418.  3396.  3233.  1611.  5421.
  3653.  3867.  3828.  3141.  3203.  2753.  3839.  4067.]
13 [ 2667.  2587.  2571.  4719.  2888.  2457.  3317.  3142.  1554.  5419.
  3690.  4072.  3836.  3218.  3246.  2716.  3788.  4113.]
14 [ 2635.  2592.  2482.  4754.  2901.  2494.  3242.  3032.  1499.  5369.
  3732.  4233.  3868.  3296.  3238.  2667.  3763.  4203.]
15 [ 2626.  2616.  2389.  4772.  2915.  2527.  3157.  2939.  1439.  5310.
  3766.  4355.  3908.  3353.  3200.  2651.  3785.  4292.]
16 [ 2602.  2653.  2327.  4744.  2924.  2557.  3069.  2888.  1418.  5301.
  3786.  4447.  3975.  3391.  3161.  2633.  3820.  4304.]
17 [ 2577.  2703.  2271.  4734.  2937.  2584.  3003.  2829.  1395.  5271.
  3813.  4543.  4034.  3426.  3056.  2633.  3837.  4354.]
18 [ 2559.  2762.  2245.  4684.  2945.  2611.  2957.  2788.  1384.  5262.
  3820.  4596.  4086.  3453.  2915.  2650.  3876.  4407.]
19 [ 2552.  2811.  2219.  4634.  2950.  2633.  2926.  2776.  1386.  5229.
  3826.  4641.  4127.  3476.  2773.  2661.  3923.  4457.]
20 [ 2542.  2858.  2194.  4560.  2957.  2650.  2895.  2755.  1396.  5227.
  3818.  4648.  4153.  3505.  2689.  2677.  3954.  4522.]
21 [ 2543.  2893.  2183.  4495.  2956.  2659.  2857.  2725.  1396.  5268.
  3805.  4660.  4149.  3544.  2647.  2696.  3968.  4556.]
22 [ 2541.  2919.  2168.  4456.  2952.  2669.  2831.  2705.  1404.  5276.
  3789.  4656.  4178.  3551.  2625.  2712.  3991.  4577.]
23 [ 2538.  2934.  2161.  4428.  2955.  2677.  2808.  2699.  1399.  5252.
  3772.  4666.  4215.  3558.  2615.  2720.  3998.  4605.]
24 [ 2541.  2941.  2157.  4409.  2956.  2680.  2794.  2681.  1405.  5240.
  3760.  4666.  4221.  3584.  2605.  2725.  4005.  4630.]
25 [ 2542.  2947.  2154.  4374.  2957.  2687.  2785.  2679.  1407.  5231.
  3743.  4655.  4254.  3602.  2599.  2726.  4008.  4650.]
26 [ 2547.  2949.  2154.  4349.  2958.  2689.  2775.  2671.  1414.  5235.
  3735.  4630.  4253.  3632.  2602.  2731.  4008.  4668.]
27 [ 2547.  2948.  2151.  4330.  2960.  2693.  2760.  2672.  1417.  5237.
  3724.  4629.  4253.  3654.  2609.  2736.  4000.  4680.]
28 [ 2551.  2948.  2152.  4322.  2963.  2699.  2750.  2669.  1427.  5242.
  3717.  4614.  4243.  3680.  2604.  2739.  3998.  4682.]
29 [ 2554.  2950.  2151.  4316.  2963.  2701.  2746.  2667.  1425.  5246.
  3712.  4604.  4247.  3693.  2601.  2740.  3999.  4685.]
30 [ 2558.  2949.  2151.  4311.  2962.  2701.  2744.  2669.  1421.  5246.
  3711.  4597.  4251.  3705.  2601.  2740.  3995.  4688.]
31 [ 2559.  2948.  2148.  4306.  2960.  2702.  2743.  2665.  1425.  5249.
  3704.  4591.  4251.  3720.  2600.  2738.  3994.  4697.]
32 [ 2560.  2948.  2146.  4300.  2960.  2701.  2744.  2665.  1430.  5242.
  3693.  4585.  4260.  3734.  2598.  2737.  3992.  4705.]
33 [ 2563.  2952.  2145.  4296.  2960.  2703.  2746.  2663.  1437.  5236.
  3694.  4568.  4250.  3756.  2597.  2735.  3994.  4705.]
34 [ 2562.  2954.  2144.  4288.  2959.  2705.  2745.  2663.  1436.  5220.
  3694.  4560.  4262.  3771.  2597.  2733.  3995.  4712.]
35 [ 2564.  2950.  2145.  4284.  2959.  2709.  2745.  2665.  1438.  5204.
  3693.  4549.  4285.  3777.  2596.  2728.  3992.  4717.]
36 [ 2564.  2953.  2146.  4280.  2959.  2710.  2745.  2668.  1441.  5196.
  3685.  4547.  4295.  3781.  2595.  2728.  3988.  4719.]
37 [ 2564.  2951.  2146.  4278.  2959.  2711.  2744.  2670.  1443.  5196.
  3677.  4540.  4311.  3786.  2597.  2730.  3981.  4716.]
38 [ 2564.  2952.  2146.  4275.  2959.  2711.  2744.  2673.  1447.  5191.
  3675.  4536.  4309.  3792.  2599.  2729.  3982.  4716.]
39 [ 2564.  2948.  2147.  4272.  2957.  2710.  2744.  2674.  1449.  5180.
  3676.  4542.  4312.  3795.  2599.  2730.  3979.  4722.]
40 [ 2566.  2946.  2146.  4271.  2957.  2710.  2744.  2675.  1448.  5172.
  3672.  4546.  4315.  3800.  2600.  2730.  3978.  4724.]
41 [ 2565.  2946.  2144.  4269.  2957.  2711.  2746.  2675.  1447.  5171.
  3666.  4553.  4315.  3805.  2600.  2730.  3976.  4724.]
42 [ 2566.  2945.  2144.  4270.  2957.  2712.  2748.  2674.  1447.  5170.
  3662.  4553.  4314.  3808.  2601.  2730.  3977.  4722.]
43 [ 2565.  2945.  2144.  4271.  2957.  2716.  2746.  2674.  1448.  5168.
  3658.  4553.  4307.  3821.  2600.  2729.  3976.  4722.]
44 [ 2565.  2946.  2145.  4271.  2957.  2715.  2745.  2673.  1448.  5169.
  3656.  4557.  4296.  3831.  2600.  2729.  3976.  4721.]
45 [ 2564.  2946.  2146.  4271.  2957.  2716.  2744.  2673.  1447.  5167.
  3655.  4561.  4281.  3845.  2601.  2730.  3975.  4721.]
46 [ 2565.  2945.  2146.  4270.  2957.  2716.  2743.  2673.  1448.  5165.
  3649.  4559.  4284.  3853.  2601.  2730.  3975.  4721.]
47 [ 2565.  2942.  2146.  4269.  2957.  2715.  2743.  2673.  1448.  5163.
  3647.  4557.  4280.  3866.  2601.  2730.  3975.  4723.]
48 [ 2565.  2941.  2146.  4269.  2957.  2717.  2744.  2672.  1448.  5163.
  3640.  4557.  4283.  3870.  2601.  2729.  3974.  4724.]
49 [ 2565.  2942.  2147.  4269.  2956.  2718.  2745.  2672.  1449.  5160.
  3632.  4554.  4288.  3873.  2601.  2731.  3973.  4725.]
50 [ 2566.  2938.  2147.  4267.  2956.  2717.  2743.  2675.  1452.  5161.
  3630.  4552.  4287.  3879.  2601.  2729.  3973.  4727.]
51 [ 2565.  2934.  2148.  4266.  2957.  2717.  2743.  2675.  1454.  5161.
  3624.  4552.  4291.  3881.  2601.  2729.  3973.  4729.]
52 [ 2567.  2929.  2146.  4265.  2957.  2718.  2743.  2675.  1457.  5163.
  3620.  4551.  4284.  3892.  2601.  2729.  3974.  4729.]
53 [ 2567.  2926.  2146.  4265.  2955.  2718.  2743.  2675.  1459.  5162.
  3621.  4554.  4279.  3899.  2601.  2729.  3971.  4730.]
54 [ 2567.  2925.  2146.  4268.  2955.  2720.  2743.  2674.  1460.  5159.
  3620.  4548.  4285.  3899.  2602.  2729.  3970.  4730.]
55 [ 2567.  2923.  2148.  4269.  2956.  2721.  2743.  2675.  1464.  5156.
  3620.  4548.  4277.  3904.  2601.  2727.  3968.  4733.]
56 [ 2568.  2926.  2148.  4271.  2956.  2723.  2743.  2675.  1465.  5157.
  3616.  4545.  4266.  3910.  2601.  2729.  3968.  4733.]
57 [ 2568.  2929.  2147.  4271.  2958.  2724.  2742.  2675.  1465.  5158.
  3612.  4543.  4265.  3910.  2602.  2731.  3968.  4732.]
58 [ 2568.  2929.  2147.  4271.  2958.  2724.  2743.  2675.  1468.  5157.
  3608.  4542.  4265.  3911.  2602.  2731.  3968.  4733.]
59 [ 2569.  2928.  2148.  4271.  2958.  2724.  2743.  2675.  1469.  5155.
  3606.  4541.  4264.  3914.  2602.  2731.  3968.  4734.]
60 [ 2568.  2928.  2147.  4271.  2961.  2724.  2743.  2676.  1468.  5154.
  3600.  4541.  4266.  3917.  2602.  2731.  3968.  4735.]
61 [ 2568.  2927.  2147.  4272.  2961.  2724.  2743.  2676.  1468.  5153.
  3597.  4540.  4268.  3920.  2602.  2731.  3967.  4736.]
62 [ 2568.  2928.  2148.  4272.  2962.  2725.  2743.  2676.  1469.  5151.
  3594.  4537.  4269.  3923.  2601.  2731.  3967.  4736.]
63 [ 2568.  2924.  2149.  4274.  2962.  2724.  2745.  2675.  1471.  5149.
  3595.  4535.  4272.  3922.  2601.  2731.  3967.  4736.]
64 [ 2568.  2922.  2150.  4275.  2962.  2724.  2745.  2675.  1472.  5148.
  3595.  4533.  4274.  3923.  2601.  2730.  3967.  4736.]
65 [ 2568.  2919.  2150.  4275.  2962.  2724.  2745.  2676.  1474.  5149.
  3596.  4530.  4274.  3925.  2601.  2729.  3967.  4736.]
66 [ 2567.  2920.  2150.  4277.  2963.  2724.  2745.  2675.  1475.  5149.
  3597.  4527.  4275.  3924.  2600.  2729.  3967.  4736.]
67 [ 2567.  2917.  2150.  4277.  2963.  2724.  2745.  2675.  1474.  5150.
  3597.  4530.  4275.  3923.  2600.  2731.  3966.  4736.]
68 [ 2567.  2916.  2150.  4277.  2963.  2724.  2745.  2675.  1473.  5150.
  3597.  4529.  4274.  3925.  2601.  2731.  3966.  4737.]
69 [ 2567.  2916.  2150.  4277.  2963.  2724.  2745.  2675.  1474.  5150.
  3598.  4529.  4273.  3925.  2600.  2731.  3966.  4737.]
70 [ 2567.  2917.  2150.  4277.  2963.  2723.  2745.  2675.  1474.  5150.
  3597.  4530.  4273.  3925.  2600.  2731.  3966.  4737.]
71 [ 2568.  2915.  2150.  4278.  2963.  2723.  2745.  2675.  1474.  5148.
  3596.  4530.  4274.  3925.  2600.  2731.  3966.  4739.]
72 [ 2568.  2911.  2150.  4278.  2963.  2723.  2745.  2675.  1473.  5147.
  3596.  4531.  4276.  3925.  2600.  2731.  3966.  4742.]
73 [ 2568.  2911.  2150.  4278.  2963.  2722.  2745.  2675.  1472.  5146.
  3596.  4531.  4277.  3925.  2600.  2731.  3966.  4744.]
[ 2568.  2911.  2150.  4278.  2963.  2722.  2745.  2675.  1472.  5146.
  3596.  4531.  4277.  3925.  2600.  2731.  3966.  4744.]
Time spent clustering :  10347.3421481
medians_random_cluster18
Digit: 0  Purity: 91.1% SD: 1870.2  Count: 5345
Digit: 1  Purity: 79.1% SD: 1193.8  Count: 8253
Digit: 2  Purity: 87.1% SD: 1941.2  Count: 4881
Digit: 3  Purity: 61.7% SD: 1853.1  Count: 6836
Digit: 4  Purity: 53.4% SD: 1882.1  Count: 4744
Digit: 5  Purity: 34.4% SD: 1775.2  Count: 8808
Digit: 6  Purity: 86.4% SD: 1778.6  Count: 3966
Digit: 7  Purity: 60.8% SD: 1653.6  Count: 8425
Digit: 8  Purity: 79.7% SD: 1791.1  Count: 3596
Digit: 9  Purity: 47.0% SD: 1607.0  Count: 5146
Our accuracy in predicting test data for k = 18 was 65.7165716572 %
Time spent testing :  42.0276999474
