30 medians kplusplus 100
0 [ 2372.  1044.  2918.  1339.   894.  2320.  3509.  2027.  1859.  1989.
  1280.  3083.  2626.  1625.  3348.  2726.  1886.   984.  2114.  1022.
  1131.  2984.  1660.  2999.  2056.  1988.  2703.  1269.  1159.  1086.]
1 [ 2804.  1201.  2843.  1727.  1076.  2368.  3346.  1672.  1874.  1805.
  1301.  3189.  2135.  2012.  2997.  2783.  2135.  1180.  1844.  1091.
  1332.  2566.  1758.  2403.  1957.  1950.  2752.  1285.  1483.  1131.]
2 [ 3012.  1346.  2771.  2114.  1203.  2405.  3300.  1447.  2012.  1706.
  1223.  2919.  2142.  1999.  2711.  2812.  2012.  1354.  1759.  1175.
  1341.  2480.  1861.  2030.  1957.  1925.  2779.  1272.  1694.  1239.]
3 [ 3105.  1460.  2715.  2142.  1281.  2180.  3343.  1280.  2221.  1694.
  1175.  2676.  2255.  1847.  2538.  2842.  1902.  1534.  1747.  1269.
  1268.  2506.  1951.  1817.  1949.  1981.  2768.  1323.  1818.  1413.]
4 [ 3105.  1556.  2693.  2132.  1348.  1954.  3343.  1133.  2385.  1683.
  1194.  2545.  2335.  1729.  2447.  2780.  1830.  1732.  1760.  1354.
  1226.  2416.  1988.  1648.  1927.  2092.  2771.  1418.  1888.  1588.]
5 [ 3086.  1680.  2633.  2157.  1416.  1803.  3263.  1085.  2526.  1656.
  1246.  2499.  2351.  1627.  2395.  2782.  1552.  1874.  1747.  1438.
  1220.  2354.  2008.  1597.  1912.  2163.  2787.  1479.  1939.  1725.]
6 [ 3081.  1836.  2584.  2186.  1467.  1742.  3249.  1096.  2567.  1651.
  1287.  2477.  2349.  1584.  2241.  2797.  1117.  2019.  1749.  1497.
  1237.  2334.  2012.  1618.  1902.  2224.  2764.  1509.  2019.  1805.]
7 [ 3064.  1957.  2537.  2184.  1554.  1778.  3190.  1111.  2581.  1601.
  1274.  2434.  2260.  1599.  2085.  2846.  1079.  2146.  1732.  1558.
  1239.  2195.  1997.  1677.  1897.  2249.  2715.  1548.  2063.  1850.]
8 [ 3057.  2053.  2483.  2146.  1619.  1815.  3148.  1125.  2537.  1557.
  1264.  2411.  2174.  1614.  1968.  2866.  1042.  2291.  1737.  1602.
  1274.  2068.  1995.  1723.  1894.  2268.  2675.  1613.  2118.  1863.]
9 [ 3057.  2121.  2437.  2108.  1655.  1847.  3078.  1151.  2492.  1544.
  1252.  2392.  2116.  1621.  1902.  2881.  1027.  2424.  1750.  1628.
  1310.  1950.  1993.  1736.  1901.  2304.  2631.  1695.  2147.  1850.]
10 [ 3074.  2185.  2379.  2072.  1693.  1905.  3027.  1166.  2470.  1534.
  1251.  2370.  2060.  1624.  1847.  2864.  1021.  2523.  1766.  1660.
  1361.  1829.  2005.  1752.  1906.  2310.  2613.  1739.  2165.  1829.]
11 [ 3083.  2228.  2343.  1991.  1727.  1936.  2979.  1173.  2451.  1527.
  1280.  2355.  2013.  1671.  1811.  2821.  1035.  2608.  1786.  1678.
  1418.  1705.  2031.  1764.  1916.  2315.  2587.  1787.  2185.  1796.]
12 [ 3097.  2256.  2320.  1931.  1760.  1955.  2901.  1186.  2428.  1529.
  1316.  2322.  1956.  1731.  1802.  2770.  1044.  2681.  1798.  1691.
  1482.  1660.  2053.  1763.  1919.  2307.  2542.  1839.  2185.  1776.]
13 [ 3120.  2293.  2294.  1867.  1785.  1974.  2840.  1183.  2436.  1535.
  1343.  2287.  1916.  1827.  1792.  2701.  1033.  2728.  1800.  1701.
  1556.  1630.  2071.  1746.  1918.  2298.  2515.  1881.  2182.  1748.]
14 [ 3146.  2315.  2277.  1835.  1805.  1996.  2773.  1189.  2441.  1543.
  1370.  2245.  1898.  1872.  1779.  2612.  1028.  2763.  1806.  1720.
  1629.  1608.  2082.  1731.  1930.  2280.  2485.  1920.  2185.  1737.]
15 [ 3167.  2331.  2264.  1794.  1827.  2011.  2662.  1187.  2463.  1557.
  1402.  2196.  1887.  1943.  1770.  2517.  1030.  2786.  1821.  1731.
  1694.  1603.  2116.  1717.  1937.  2240.  2463.  1969.  2183.  1732.]
16 [ 3177.  2343.  2257.  1754.  1840.  2012.  2556.  1185.  2485.  1586.
  1425.  2164.  1876.  1999.  1772.  2445.  1021.  2788.  1837.  1733.
  1784.  1576.  2183.  1693.  1943.  2209.  2440.  2018.  2175.  1724.]
17 [ 3189.  2353.  2244.  1708.  1836.  2004.  2427.  1185.  2520.  1602.
  1431.  2135.  1876.  2047.  1776.  2409.  1045.  2766.  1838.  1740.
  1848.  1556.  2247.  1676.  1953.  2194.  2426.  2082.  2167.  1720.]
18 [ 3192.  2357.  2220.  1707.  1817.  2016.  2289.  1176.  2552.  1622.
  1440.  2102.  1874.  2081.  1770.  2378.  1059.  2753.  1837.  1744.
  1912.  1528.  2326.  1673.  1968.  2158.  2421.  2148.  2168.  1712.]
19 [ 3183.  2362.  2196.  1721.  1807.  2015.  2191.  1176.  2576.  1638.
  1441.  2073.  1885.  2094.  1772.  2347.  1063.  2740.  1848.  1726.
  1935.  1526.  2412.  1667.  1984.  2142.  2407.  2199.  2168.  1706.]
20 [ 3168.  2359.  2187.  1740.  1799.  1991.  2134.  1170.  2598.  1644.
  1437.  2070.  1892.  2099.  1780.  2335.  1075.  2723.  1844.  1731.
  1970.  1514.  2448.  1653.  2001.  2120.  2398.  2253.  2167.  1700.]
21 [ 3147.  2356.  2178.  1756.  1796.  1984.  2112.  1176.  2638.  1643.
  1441.  2068.  1897.  2099.  1779.  2325.  1089.  2699.  1839.  1740.
  1957.  1519.  2458.  1643.  2012.  2106.  2391.  2292.  2161.  1699.]
22 [ 3120.  2354.  2173.  1767.  1797.  1981.  2098.  1181.  2673.  1636.
  1445.  2058.  1899.  2101.  1783.  2321.  1100.  2658.  1835.  1758.
  1918.  1539.  2480.  1639.  2019.  2098.  2387.  2323.  2159.  1700.]
23 [ 3097.  2347.  2166.  1773.  1794.  1989.  2086.  1187.  2720.  1632.
  1448.  2061.  1911.  2101.  1786.  2301.  1107.  2611.  1830.  1789.
  1870.  1567.  2478.  1625.  2026.  2095.  2377.  2359.  2160.  1707.]
24 [ 3088.  2345.  2157.  1775.  1789.  1986.  2073.  1189.  2752.  1633.
  1450.  2062.  1914.  2102.  1798.  2295.  1117.  2565.  1824.  1829.
  1846.  1577.  2449.  1620.  2026.  2106.  2376.  2384.  2159.  1714.]
25 [ 3084.  2341.  2144.  1774.  1787.  1989.  2074.  1186.  2782.  1635.
  1456.  2060.  1919.  2109.  1802.  2282.  1122.  2527.  1817.  1862.
  1810.  1599.  2427.  1616.  2026.  2102.  2372.  2404.  2163.  1729.]
26 [ 3092.  2339.  2125.  1776.  1788.  1986.  2074.  1180.  2817.  1634.
  1460.  2056.  1922.  2105.  1803.  2268.  1130.  2503.  1813.  1897.
  1801.  1614.  2385.  1613.  2026.  2100.  2367.  2422.  2164.  1740.]
27 [ 3104.  2341.  2109.  1776.  1786.  1998.  2080.  1174.  2853.  1626.
  1470.  2055.  1928.  2104.  1798.  2253.  1131.  2471.  1807.  1932.
  1780.  1625.  2339.  1611.  2027.  2101.  2369.  2437.  2166.  1749.]
28 [ 3100.  2344.  2090.  1772.  1784.  2012.  2070.  1172.  2888.  1627.
  1473.  2057.  1935.  2104.  1796.  2233.  1126.  2459.  1805.  1953.
  1742.  1641.  2337.  1607.  2029.  2102.  2371.  2442.  2174.  1755.]
29 [ 3087.  2344.  2083.  1770.  1784.  2015.  2068.  1170.  2915.  1631.
  1474.  2057.  1936.  2102.  1799.  2227.  1115.  2439.  1801.  1961.
  1716.  1653.  2368.  1603.  2029.  2100.  2368.  2441.  2180.  1764.]
30 [ 3083.  2348.  2077.  1767.  1784.  2016.  2069.  1167.  2933.  1634.
  1474.  2057.  1936.  2101.  1800.  2221.  1109.  2430.  1800.  1971.
  1694.  1668.  2372.  1606.  2028.  2094.  2366.  2437.  2188.  1770.]
31 [ 3072.  2349.  2066.  1764.  1784.  2018.  2072.  1164.  2954.  1632.
  1471.  2057.  1939.  2101.  1803.  2215.  1107.  2410.  1793.  1987.
  1685.  1683.  2374.  1603.  2029.  2101.  2365.  2436.  2200.  1766.]
32 [ 3051.  2352.  2055.  1763.  1785.  2027.  2074.  1166.  2970.  1630.
  1472.  2057.  1941.  2101.  1808.  2206.  1102.  2377.  1791.  1995.
  1691.  1689.  2397.  1602.  2030.  2103.  2355.  2430.  2212.  1768.]
33 [ 3044.  2355.  2047.  1763.  1784.  2039.  2072.  1164.  2976.  1631.
  1471.  2054.  1945.  2103.  1811.  2206.  1098.  2355.  1785.  2000.
  1695.  1687.  2415.  1604.  2028.  2102.  2346.  2427.  2223.  1770.]
34 [ 3033.  2357.  2033.  1762.  1784.  2046.  2074.  1166.  2991.  1631.
  1470.  2055.  1951.  2102.  1810.  2204.  1088.  2317.  1782.  2013.
  1702.  1706.  2425.  1603.  2025.  2103.  2337.  2430.  2226.  1774.]
35 [ 3029.  2357.  2024.  1763.  1784.  2049.  2077.  1166.  3012.  1631.
  1471.  2054.  1951.  2103.  1812.  2199.  1074.  2279.  1784.  2030.
  1715.  1731.  2425.  1601.  2024.  2099.  2324.  2425.  2233.  1774.]
36 [ 3023.  2353.  2018.  1762.  1784.  2059.  2075.  1163.  3029.  1629.
  1469.  2053.  1947.  2103.  1813.  2193.  1069.  2252.  1783.  2045.
  1722.  1751.  2431.  1601.  2023.  2097.  2320.  2417.  2244.  1772.]
37 [ 3013.  2350.  2015.  1761.  1786.  2061.  2076.  1162.  3043.  1630.
  1469.  2051.  1947.  2101.  1808.  2187.  1055.  2247.  1784.  2052.
  1716.  1773.  2433.  1600.  2023.  2097.  2319.  2415.  2250.  1776.]
38 [ 3002.  2352.  2005.  1760.  1786.  2062.  2077.  1158.  3051.  1629.
  1466.  2050.  1947.  2102.  1808.  2191.  1044.  2232.  1787.  2057.
  1725.  1788.  2439.  1598.  2022.  2095.  2314.  2410.  2261.  1782.]
39 [ 2999.  2350.  2009.  1761.  1785.  2053.  2079.  1158.  3048.  1628.
  1463.  2050.  1942.  2103.  1809.  2192.  1037.  2231.  1784.  2069.
  1734.  1797.  2445.  1594.  2020.  2092.  2311.  2396.  2277.  1784.]
40 [ 2994.  2348.  2003.  1760.  1785.  2047.  2080.  1157.  3069.  1630.
  1463.  2051.  1939.  2102.  1809.  2198.  1027.  2206.  1789.  2083.
  1737.  1817.  2441.  1592.  2018.  2095.  2305.  2392.  2280.  1783.]
41 [ 2995.  2347.  2005.  1759.  1785.  2037.  2088.  1156.  3080.  1630.
  1465.  2049.  1944.  2103.  1807.  2196.  1017.  2198.  1790.  2089.
  1754.  1818.  2430.  1590.  2017.  2099.  2294.  2386.  2286.  1786.]
42 [ 2989.  2346.  2004.  1759.  1785.  2038.  2093.  1154.  3095.  1629.
  1465.  2048.  1942.  2103.  1806.  2195.  1013.  2180.  1790.  2097.
  1751.  1835.  2424.  1587.  2017.  2103.  2283.  2389.  2291.  1789.]
43 [ 2987.  2345.  1996.  1760.  1785.  2051.  2094.  1153.  3111.  1630.
  1464.  2048.  1940.  2100.  1806.  2203.  1001.  2158.  1790.  2104.
  1746.  1847.  2420.  1585.  2017.  2107.  2269.  2393.  2296.  1794.]
44 [ 2983.  2345.  1989.  1758.  1785.  2048.  2093.  1147.  3119.  1631.
  1463.  2048.  1940.  2096.  1806.  2212.   988.  2155.  1792.  2107.
  1746.  1859.  2422.  1583.  2017.  2117.  2266.  2392.  2298.  1795.]
45 [ 2979.  2346.  1986.  1757.  1785.  2045.  2095.  1147.  3128.  1631.
  1463.  2047.  1937.  2095.  1809.  2215.   978.  2152.  1793.  2109.
  1744.  1871.  2417.  1581.  2017.  2120.  2260.  2391.  2304.  1798.]
46 [ 2980.  2347.  1989.  1753.  1786.  2041.  2094.  1148.  3133.  1631.
  1464.  2047.  1935.  2090.  1814.  2222.   969.  2137.  1794.  2111.
  1749.  1886.  2415.  1577.  2017.  2123.  2252.  2389.  2308.  1799.]
47 [ 2983.  2346.  1991.  1753.  1786.  2042.  2093.  1146.  3130.  1632.
  1469.  2047.  1936.  2086.  1812.  2223.   954.  2131.  1795.  2114.
  1755.  1893.  2412.  1576.  2017.  2128.  2250.  2392.  2308.  1800.]
48 [ 2986.  2342.  1997.  1754.  1786.  2042.  2093.  1147.  3129.  1633.
  1471.  2046.  1934.  2081.  1813.  2222.   940.  2127.  1796.  2120.
  1757.  1910.  2402.  1574.  2017.  2127.  2248.  2395.  2311.  1800.]
49 [ 2989.  2338.  2002.  1754.  1787.  2041.  2094.  1147.  3135.  1633.
  1473.  2044.  1933.  2080.  1816.  2223.   931.  2119.  1794.  2121.
  1757.  1911.  2403.  1573.  2017.  2128.  2247.  2394.  2316.  1800.]
50 [ 2992.  2337.  2002.  1755.  1787.  2036.  2093.  1144.  3136.  1633.
  1474.  2043.  1930.  2081.  1818.  2224.   926.  2117.  1795.  2128.
  1760.  1916.  2396.  1575.  2017.  2129.  2245.  2394.  2318.  1799.]
51 [ 2988.  2336.  2000.  1755.  1787.  2038.  2095.  1143.  3137.  1633.
  1475.  2042.  1929.  2078.  1816.  2220.   918.  2117.  1796.  2131.
  1761.  1925.  2405.  1574.  2017.  2133.  2243.  2388.  2321.  1799.]
52 [ 2989.  2333.  1996.  1753.  1787.  2040.  2096.  1144.  3137.  1633.
  1477.  2041.  1929.  2075.  1814.  2222.   913.  2107.  1796.  2132.
  1759.  1931.  2414.  1575.  2017.  2139.  2241.  2386.  2324.  1800.]
53 [ 2988.  2333.  1995.  1756.  1787.  2030.  2097.  1143.  3135.  1634.
  1478.  2041.  1930.  2071.  1813.  2220.   915.  2111.  1796.  2134.
  1762.  1927.  2420.  1576.  2017.  2142.  2237.  2385.  2326.  1801.]
54 [ 2989.  2333.  1997.  1758.  1786.  2023.  2098.  1143.  3139.  1634.
  1480.  2041.  1930.  2068.  1811.  2219.   914.  2107.  1797.  2136.
  1761.  1931.  2424.  1577.  2017.  2143.  2231.  2384.  2327.  1802.]
55 [ 2980.  2333.  1996.  1760.  1786.  2020.  2096.  1140.  3142.  1634.
  1483.  2041.  1926.  2065.  1811.  2231.   911.  2097.  1797.  2145.
  1763.  1932.  2440.  1578.  2017.  2146.  2229.  2375.  2324.  1802.]
56 [ 2976.  2334.  1997.  1760.  1786.  2017.  2093.  1138.  3142.  1637.
  1484.  2039.  1927.  2062.  1810.  2233.   908.  2098.  1792.  2155.
  1768.  1928.  2440.  1581.  2017.  2146.  2226.  2375.  2330.  1801.]
57 [ 2963.  2335.  2001.  1762.  1786.  2013.  2092.  1138.  3135.  1639.
  1483.  2034.  1927.  2061.  1811.  2235.   901.  2106.  1792.  2159.
  1764.  1929.  2456.  1582.  2017.  2145.  2223.  2377.  2334.  1800.]
58 [ 2955.  2333.  2005.  1763.  1787.  2013.  2092.  1138.  3132.  1639.
  1485.  2030.  1926.  2063.  1811.  2236.   896.  2107.  1792.  2164.
  1764.  1925.  2467.  1583.  2018.  2145.  2222.  2374.  2333.  1802.]
59 [ 2952.  2332.  2009.  1764.  1787.  2008.  2092.  1140.  3131.  1638.
  1485.  2030.  1925.  2063.  1811.  2234.   886.  2116.  1794.  2172.
  1766.  1927.  2464.  1583.  2018.  2145.  2218.  2375.  2332.  1803.]
60 [ 2950.  2330.  2013.  1764.  1788.  2009.  2093.  1141.  3135.  1637.
  1486.  2028.  1924.  2065.  1814.  2234.   880.  2112.  1794.  2176.
  1767.  1922.  2465.  1582.  2019.  2146.  2214.  2373.  2335.  1804.]
61 [ 2949.  2329.  2016.  1765.  1788.  2006.  2092.  1142.  3138.  1636.
  1483.  2024.  1925.  2064.  1817.  2238.   874.  2103.  1794.  2178.
  1770.  1922.  2473.  1582.  2019.  2144.  2209.  2379.  2336.  1805.]
62 [ 2944.  2327.  2017.  1766.  1788.  2007.  2092.  1140.  3137.  1635.
  1484.  2025.  1925.  2060.  1819.  2239.   865.  2104.  1796.  2180.
  1772.  1927.  2478.  1583.  2018.  2141.  2211.  2378.  2336.  1806.]
63 [ 2945.  2327.  2020.  1766.  1787.  1999.  2092.  1140.  3140.  1635.
  1485.  2025.  1924.  2062.  1821.  2240.   862.  2104.  1799.  2183.
  1773.  1916.  2481.  1583.  2018.  2137.  2212.  2377.  2337.  1810.]
64 [ 2944.  2326.  2022.  1766.  1787.  1991.  2093.  1140.  3143.  1635.
  1485.  2026.  1925.  2061.  1822.  2242.   854.  2099.  1802.  2187.
  1777.  1918.  2482.  1583.  2018.  2133.  2211.  2377.  2339.  1812.]
65 [ 2944.  2325.  2020.  1766.  1786.  1994.  2090.  1140.  3141.  1634.
  1487.  2025.  1926.  2060.  1823.  2243.   845.  2098.  1801.  2189.
  1782.  1925.  2481.  1583.  2018.  2132.  2211.  2377.  2341.  1813.]
66 [ 2942.  2325.  2025.  1766.  1786.  1994.  2091.  1138.  3135.  1634.
  1488.  2024.  1926.  2060.  1828.  2249.   837.  2091.  1800.  2191.
  1791.  1919.  2480.  1583.  2018.  2128.  2212.  2379.  2346.  1814.]
67 [ 2943.  2325.  2025.  1765.  1786.  1991.  2091.  1137.  3129.  1634.
  1488.  2027.  1926.  2062.  1832.  2256.   830.  2089.  1802.  2191.
  1798.  1917.  2479.  1583.  2019.  2124.  2212.  2380.  2345.  1814.]
68 [ 2942.  2326.  2028.  1765.  1786.  1986.  2089.  1134.  3127.  1634.
  1490.  2029.  1925.  2062.  1832.  2260.   823.  2090.  1805.  2192.
  1794.  1922.  2482.  1583.  2019.  2123.  2213.  2381.  2343.  1815.]
69 [ 2942.  2325.  2030.  1765.  1786.  1988.  2088.  1135.  3127.  1634.
  1492.  2030.  1924.  2064.  1832.  2260.   815.  2086.  1808.  2194.
  1797.  1921.  2481.  1582.  2019.  2120.  2213.  2381.  2344.  1817.]
70 [ 2942.  2325.  2032.  1766.  1786.  1987.  2087.  1135.  3125.  1635.
  1495.  2033.  1926.  2063.  1832.  2264.   805.  2084.  1810.  2194.
  1799.  1918.  2480.  1583.  2019.  2117.  2213.  2380.  2347.  1818.]
71 [ 2945.  2324.  2038.  1769.  1786.  1983.  2086.  1135.  3126.  1635.
  1496.  2034.  1925.  2062.  1834.  2268.   795.  2086.  1809.  2191.
  1809.  1907.  2479.  1584.  2019.  2111.  2217.  2379.  2347.  1821.]
72 [ 2944.  2324.  2038.  1774.  1786.  1984.  2084.  1136.  3125.  1635.
  1498.  2035.  1928.  2060.  1836.  2273.   782.  2088.  1808.  2191.
  1817.  1903.  2477.  1583.  2019.  2108.  2218.  2379.  2345.  1822.]
73 [ 2944.  2324.  2041.  1774.  1786.  1985.  2086.  1135.  3124.  1636.
  1498.  2034.  1927.  2060.  1838.  2280.   770.  2091.  1805.  2187.
  1820.  1898.  2479.  1581.  2019.  2105.  2223.  2380.  2348.  1822.]
74 [ 2944.  2324.  2042.  1775.  1786.  1991.  2082.  1135.  3126.  1639.
  1498.  2035.  1929.  2060.  1840.  2289.   761.  2090.  1801.  2186.
  1829.  1878.  2481.  1581.  2019.  2105.  2222.  2380.  2349.  1823.]
75 [ 2944.  2325.  2043.  1774.  1786.  1984.  2079.  1135.  3124.  1638.
  1499.  2037.  1935.  2061.  1844.  2297.   750.  2089.  1801.  2186.
  1844.  1858.  2480.  1579.  2020.  2104.  2223.  2381.  2356.  1824.]
76 [ 2942.  2329.  2040.  1775.  1786.  1985.  2077.  1137.  3126.  1637.
  1507.  2040.  1936.  2061.  1846.  2300.   741.  2088.  1803.  2186.
  1848.  1834.  2481.  1578.  2021.  2103.  2224.  2385.  2357.  1827.]
77 [ 2941.  2332.  2036.  1777.  1785.  1987.  2077.  1135.  3123.  1638.
  1513.  2043.  1937.  2060.  1852.  2301.   732.  2089.  1805.  2186.
  1861.  1806.  2483.  1579.  2021.  2100.  2225.  2386.  2362.  1828.]
78 [ 2939.  2333.  2035.  1778.  1784.  1995.  2077.  1131.  3124.  1637.
  1516.  2048.  1942.  2060.  1855.  2302.   718.  2089.  1807.  2188.
  1876.  1774.  2487.  1582.  2022.  2096.  2226.  2385.  2364.  1830.]
79 [ 2939.  2335.  2033.  1779.  1783.  1999.  2077.  1130.  3129.  1636.
  1519.  2051.  1946.  2064.  1856.  2307.   700.  2093.  1808.  2188.
  1889.  1751.  2490.  1585.  2023.  2089.  2227.  2382.  2362.  1830.]
80 [ 2940.  2337.  2032.  1780.  1782.  2002.  2076.  1129.  3135.  1636.
  1523.  2053.  1945.  2064.  1859.  2307.   688.  2096.  1808.  2189.
  1911.  1728.  2490.  1584.  2023.  2086.  2228.  2379.  2361.  1829.]
81 [ 2940.  2338.  2029.  1780.  1781.  2001.  2074.  1128.  3141.  1636.
  1527.  2053.  1948.  2064.  1861.  2313.   676.  2095.  1811.  2190.
  1938.  1701.  2490.  1580.  2023.  2087.  2228.  2377.  2363.  1827.]
82 [ 2940.  2342.  2027.  1780.  1781.  1997.  2074.  1128.  3142.  1636.
  1529.  2054.  1949.  2064.  1859.  2327.   664.  2093.  1810.  2191.
  1959.  1677.  2491.  1583.  2023.  2086.  2229.  2374.  2362.  1829.]
83 [ 2941.  2344.  2025.  1781.  1781.  1996.  2075.  1128.  3144.  1636.
  1530.  2054.  1948.  2065.  1859.  2336.   659.  2088.  1815.  2190.
  1971.  1655.  2491.  1582.  2023.  2087.  2228.  2377.  2363.  1828.]
84 [ 2942.  2346.  2021.  1781.  1781.  1993.  2073.  1130.  3147.  1636.
  1528.  2055.  1950.  2065.  1860.  2338.   656.  2083.  1816.  2189.
  1980.  1639.  2491.  1583.  2023.  2089.  2229.  2380.  2368.  1828.]
85 [ 2942.  2349.  2015.  1780.  1781.  1993.  2072.  1130.  3151.  1636.
  1529.  2055.  1952.  2062.  1863.  2344.   656.  2077.  1813.  2191.
  1990.  1624.  2489.  1583.  2024.  2089.  2229.  2381.  2371.  1829.]
86 [ 2942.  2348.  2014.  1781.  1781.  1994.  2070.  1131.  3154.  1636.
  1529.  2056.  1953.  2061.  1864.  2345.   657.  2085.  1813.  2194.
  1990.  1611.  2485.  1583.  2024.  2088.  2229.  2382.  2372.  1828.]
87 [ 2940.  2347.  2014.  1781.  1781.  1987.  2069.  1132.  3156.  1636.
  1528.  2056.  1957.  2061.  1863.  2346.   653.  2088.  1810.  2194.
  2001.  1609.  2485.  1583.  2024.  2088.  2229.  2383.  2371.  1828.]
88 [ 2938.  2348.  2007.  1782.  1781.  1988.  2069.  1131.  3159.  1636.
  1527.  2056.  1959.  2060.  1863.  2345.   655.  2081.  1809.  2196.
  2015.  1602.  2486.  1584.  2025.  2088.  2229.  2383.  2370.  1828.]
89 [ 2932.  2347.  2006.  1782.  1781.  1989.  2069.  1132.  3168.  1636.
  1526.  2057.  1958.  2059.  1864.  2344.   656.  2077.  1803.  2199.
  2024.  1597.  2486.  1583.  2025.  2089.  2229.  2385.  2369.  1828.]
90 [ 2927.  2347.  2006.  1782.  1781.  1993.  2070.  1134.  3171.  1636.
  1524.  2057.  1957.  2060.  1865.  2340.   656.  2077.  1795.  2201.
  2034.  1587.  2491.  1581.  2025.  2092.  2229.  2384.  2371.  1827.]
91 [ 2919.  2347.  2002.  1782.  1781.  1995.  2071.  1135.  3173.  1636.
  1524.  2059.  1959.  2060.  1864.  2339.   654.  2078.  1796.  2205.
  2034.  1583.  2494.  1580.  2025.  2093.  2229.  2382.  2374.  1827.]
92 [ 2919.  2345.  1998.  1781.  1782.  1996.  2069.  1135.  3179.  1636.
  1522.  2058.  1958.  2061.  1863.  2342.   656.  2067.  1797.  2205.
  2045.  1580.  2490.  1580.  2025.  2095.  2229.  2382.  2380.  1825.]
93 [ 2918.  2344.  1995.  1781.  1782.  1988.  2069.  1133.  3181.  1636.
  1521.  2059.  1962.  2060.  1864.  2342.   657.  2069.  1796.  2206.
  2054.  1578.  2486.  1579.  2025.  2096.  2230.  2381.  2383.  1825.]
94 [ 2916.  2341.  2003.  1780.  1782.  1971.  2070.  1133.  3179.  1636.
  1522.  2061.  1960.  2060.  1864.  2340.   658.  2071.  1798.  2206.
  2065.  1570.  2485.  1579.  2025.  2100.  2231.  2382.  2389.  1823.]
95 [ 2916.  2341.  2011.  1780.  1782.  1960.  2071.  1133.  3180.  1635.
  1522.  2060.  1958.  2061.  1864.  2346.   657.  2069.  1791.  2206.
  2078.  1563.  2486.  1578.  2025.  2103.  2233.  2380.  2389.  1822.]
96 [ 2916.  2340.  2019.  1779.  1783.  1952.  2072.  1133.  3180.  1636.
  1522.  2058.  1959.  2063.  1860.  2350.   655.  2075.  1782.  2207.
  2087.  1557.  2484.  1579.  2025.  2105.  2232.  2381.  2390.  1819.]
97 [ 2916.  2340.  2026.  1777.  1783.  1947.  2074.  1134.  3179.  1636.
  1521.  2060.  1958.  2062.  1859.  2348.   652.  2076.  1775.  2207.
  2105.  1550.  2484.  1580.  2024.  2105.  2232.  2381.  2391.  1818.]
98 [ 2914.  2340.  2026.  1778.  1783.  1943.  2074.  1134.  3185.  1636.
  1521.  2060.  1955.  2063.  1857.  2351.   649.  2066.  1761.  2208.
  2129.  1545.  2486.  1581.  2024.  2108.  2232.  2381.  2391.  1819.]
99 [ 2914.  2340.  2031.  1777.  1783.  1937.  2072.  1135.  3194.  1636.
  1520.  2059.  1952.  2063.  1855.  2355.   647.  2059.  1756.  2210.
  2142.  1541.  2483.  1581.  2024.  2111.  2232.  2382.  2391.  1818.]
100 [ 2914.  2340.  2019.  1775.  1783.  1939.  2073.  1135.  3194.  1636.
  1518.  2060.  1948.  2060.  1854.  2367.   642.  2049.  1746.  2211.
  2161.  1549.  2482.  1582.  2024.  2112.  2233.  2380.  2396.  1818.]
101 [ 2914.  2340.  2024.  1773.  1783.  1934.  2072.  1134.  3197.  1636.
  1517.  2061.  1945.  2060.  1849.  2361.   636.  2056.  1737.  2211.
  2180.  1551.  2481.  1582.  2024.  2110.  2233.  2381.  2400.  1818.]
102 [ 2914.  2340.  2033.  1772.  1783.  1931.  2071.  1133.  3198.  1637.
  1516.  2061.  1942.  2060.  1850.  2349.   636.  2060.  1725.  2211.
  2193.  1551.  2481.  1581.  2024.  2111.  2232.  2381.  2407.  1817.]
103 [ 2914.  2337.  2045.  1772.  1783.  1929.  2071.  1133.  3198.  1637.
  1516.  2061.  1941.  2060.  1848.  2348.   636.  2061.  1710.  2211.
  2199.  1549.  2481.  1579.  2024.  2114.  2232.  2382.  2412.  1817.]
104 [ 2914.  2336.  2060.  1772.  1783.  1915.  2072.  1134.  3199.  1637.
  1516.  2061.  1937.  2060.  1847.  2359.   635.  2046.  1701.  2210.
  2212.  1548.  2481.  1579.  2023.  2115.  2231.  2380.  2422.  1815.]
105 [ 2914.  2337.  2070.  1772.  1783.  1892.  2074.  1133.  3195.  1637.
  1516.  2062.  1932.  2060.  1846.  2360.   631.  2051.  1700.  2210.
  2220.  1542.  2482.  1580.  2022.  2112.  2231.  2379.  2443.  1814.]
106 [ 2914.  2337.  2082.  1772.  1783.  1888.  2073.  1136.  3191.  1638.
  1516.  2063.  1931.  2060.  1844.  2359.   630.  2056.  1686.  2210.
  2217.  1539.  2485.  1582.  2022.  2108.  2231.  2379.  2454.  1814.]
107 [ 2914.  2338.  2086.  1772.  1783.  1893.  2072.  1139.  3187.  1638.
  1516.  2062.  1930.  2059.  1844.  2350.   629.  2064.  1674.  2210.
  2213.  1539.  2488.  1580.  2021.  2108.  2233.  2379.  2466.  1813.]
108 [ 2914.  2338.  2096.  1772.  1783.  1880.  2072.  1141.  3178.  1639.
  1515.  2063.  1926.  2058.  1844.  2343.   627.  2070.  1671.  2210.
  2212.  1545.  2488.  1581.  2021.  2106.  2234.  2379.  2481.  1813.]
109 [ 2915.  2340.  2085.  1772.  1783.  1886.  2072.  1143.  3175.  1639.
  1515.  2063.  1925.  2057.  1846.  2347.   624.  2072.  1667.  2210.
  2198.  1547.  2490.  1581.  2021.  2107.  2237.  2379.  2490.  1814.]
110 [ 2915.  2340.  2090.  1772.  1783.  1879.  2073.  1143.  3175.  1639.
  1515.  2063.  1926.  2055.  1844.  2343.   627.  2070.  1661.  2211.
  2196.  1550.  2492.  1580.  2021.  2102.  2239.  2380.  2502.  1814.]
111 [ 2915.  2340.  2108.  1771.  1783.  1876.  2073.  1144.  3177.  1639.
  1515.  2063.  1925.  2057.  1840.  2338.   631.  2064.  1645.  2210.
  2199.  1544.  2493.  1580.  2021.  2098.  2239.  2377.  2521.  1814.]
112 [ 2915.  2342.  2132.  1769.  1783.  1855.  2074.  1145.  3193.  1639.
  1515.  2065.  1925.  2056.  1838.  2332.   630.  2064.  1637.  2210.
  2193.  1542.  2494.  1579.  2021.  2095.  2239.  2377.  2528.  1813.]
113 [ 2915.  2343.  2145.  1770.  1782.  1843.  2074.  1145.  3192.  1639.
  1516.  2067.  1923.  2055.  1836.  2334.   631.  2065.  1622.  2210.
  2200.  1544.  2494.  1578.  2021.  2093.  2238.  2378.  2534.  1813.]
114 [ 2915.  2344.  2153.  1771.  1783.  1845.  2074.  1145.  3196.  1639.
  1516.  2069.  1923.  2054.  1836.  2332.   631.  2060.  1601.  2211.
  2203.  1547.  2495.  1577.  2021.  2092.  2236.  2380.  2538.  1813.]
115 [ 2915.  2345.  2161.  1771.  1784.  1837.  2075.  1145.  3189.  1639.
  1516.  2072.  1924.  2053.  1835.  2330.   631.  2059.  1591.  2210.
  2205.  1553.  2497.  1577.  2021.  2090.  2236.  2379.  2546.  1814.]
116 [ 2916.  2346.  2165.  1771.  1784.  1826.  2075.  1144.  3192.  1639.
  1519.  2069.  1925.  2054.  1834.  2332.   633.  2052.  1585.  2210.
  2209.  1559.  2497.  1578.  2021.  2089.  2236.  2378.  2548.  1814.]
117 [ 2916.  2348.  2166.  1773.  1784.  1814.  2076.  1145.  3201.  1639.
  1519.  2070.  1925.  2051.  1833.  2333.   634.  2046.  1574.  2209.
  2218.  1563.  2499.  1580.  2021.  2086.  2239.  2378.  2547.  1813.]
118 [ 2916.  2347.  2166.  1774.  1784.  1806.  2076.  1146.  3209.  1639.
  1519.  2068.  1923.  2052.  1833.  2328.   633.  2039.  1565.  2210.
  2238.  1565.  2499.  1580.  2021.  2084.  2242.  2378.  2547.  1813.]
119 [ 2915.  2347.  2166.  1776.  1784.  1794.  2076.  1147.  3211.  1639.
  1520.  2067.  1924.  2052.  1833.  2323.   634.  2038.  1558.  2210.
  2256.  1565.  2499.  1580.  2021.  2084.  2242.  2376.  2550.  1813.]
120 [ 2914.  2346.  2165.  1777.  1784.  1796.  2076.  1148.  3204.  1639.
  1519.  2069.  1923.  2051.  1835.  2318.   635.  2036.  1553.  2210.
  2268.  1567.  2499.  1580.  2021.  2080.  2242.  2373.  2558.  1814.]
121 [ 2914.  2346.  2162.  1780.  1784.  1801.  2074.  1146.  3207.  1639.
  1519.  2069.  1924.  2050.  1835.  2312.   633.  2039.  1547.  2210.
  2268.  1567.  2499.  1580.  2021.  2082.  2242.  2372.  2564.  1814.]
122 [ 2914.  2346.  2167.  1783.  1784.  1799.  2071.  1147.  3209.  1639.
  1518.  2069.  1922.  2049.  1835.  2310.   635.  2039.  1545.  2210.
  2267.  1563.  2499.  1580.  2021.  2083.  2242.  2372.  2569.  1813.]
123 [ 2914.  2346.  2175.  1786.  1784.  1796.  2071.  1149.  3211.  1639.
  1516.  2069.  1921.  2049.  1834.  2308.   635.  2037.  1542.  2210.
  2268.  1560.  2498.  1579.  2021.  2081.  2241.  2372.  2575.  1813.]
124 [ 2914.  2346.  2174.  1787.  1783.  1795.  2072.  1151.  3218.  1639.
  1513.  2068.  1922.  2050.  1837.  2308.   634.  2034.  1542.  2210.
  2264.  1555.  2498.  1579.  2021.  2081.  2241.  2372.  2579.  1813.]
125 [ 2913.  2346.  2172.  1791.  1782.  1789.  2071.  1150.  3227.  1639.
  1510.  2069.  1922.  2048.  1840.  2306.   633.  2035.  1544.  2211.
  2259.  1555.  2498.  1580.  2021.  2080.  2241.  2372.  2581.  1815.]
126 [ 2913.  2346.  2169.  1794.  1782.  1784.  2070.  1151.  3226.  1639.
  1510.  2068.  1922.  2047.  1842.  2304.   633.  2036.  1544.  2211.
  2265.  1554.  2498.  1580.  2021.  2080.  2239.  2373.  2584.  1815.]
127 [ 2912.  2347.  2167.  1795.  1782.  1780.  2071.  1151.  3226.  1639.
  1510.  2069.  1921.  2045.  1842.  2303.   633.  2036.  1543.  2211.
  2269.  1554.  2499.  1580.  2020.  2079.  2238.  2375.  2588.  1815.]
128 [ 2912.  2348.  2164.  1799.  1782.  1778.  2071.  1151.  3228.  1639.
  1510.  2071.  1922.  2041.  1842.  2304.   634.  2035.  1544.  2211.
  2271.  1551.  2500.  1580.  2020.  2078.  2237.  2373.  2589.  1815.]
129 [ 2912.  2349.  2163.  1800.  1782.  1774.  2071.  1152.  3225.  1639.
  1510.  2070.  1921.  2046.  1842.  2300.   635.  2035.  1545.  2211.
  2272.  1551.  2499.  1580.  2019.  2077.  2237.  2373.  2594.  1816.]
130 [ 2912.  2350.  2162.  1803.  1781.  1772.  2071.  1151.  3225.  1639.
  1510.  2068.  1921.  2048.  1843.  2301.   635.  2035.  1545.  2211.
  2271.  1552.  2499.  1580.  2019.  2077.  2238.  2373.  2592.  1816.]
131 [ 2912.  2351.  2161.  1809.  1781.  1773.  2072.  1151.  3225.  1639.
  1510.  2063.  1921.  2054.  1843.  2301.   635.  2033.  1545.  2211.
  2272.  1548.  2499.  1579.  2019.  2075.  2238.  2373.  2592.  1815.]
132 [ 2912.  2350.  2161.  1816.  1781.  1772.  2072.  1151.  3226.  1639.
  1509.  2057.  1920.  2056.  1843.  2302.   636.  2034.  1545.  2212.
  2270.  1548.  2499.  1580.  2019.  2071.  2238.  2373.  2593.  1815.]
133 [ 2912.  2350.  2159.  1820.  1781.  1773.  2071.  1151.  3224.  1639.
  1509.  2057.  1920.  2059.  1843.  2300.   634.  2035.  1545.  2213.
  2271.  1545.  2499.  1581.  2019.  2069.  2238.  2373.  2595.  1815.]
134 [ 2912.  2350.  2159.  1825.  1781.  1772.  2071.  1151.  3221.  1639.
  1509.  2053.  1919.  2062.  1843.  2298.   634.  2036.  1545.  2213.
  2271.  1545.  2499.  1581.  2019.  2068.  2238.  2373.  2599.  1814.]
135 [ 2912.  2350.  2159.  1831.  1780.  1772.  2071.  1151.  3219.  1639.
  1509.  2046.  1918.  2067.  1843.  2296.   634.  2036.  1545.  2213.
  2271.  1543.  2499.  1581.  2019.  2069.  2237.  2373.  2603.  1814.]
136 [ 2913.  2351.  2159.  1834.  1780.  1772.  2072.  1150.  3223.  1639.
  1509.  2045.  1918.  2064.  1843.  2296.   635.  2037.  1545.  2213.
  2264.  1543.  2499.  1581.  2019.  2069.  2237.  2373.  2603.  1814.]
137 [ 2913.  2351.  2159.  1835.  1780.  1770.  2073.  1152.  3224.  1639.
  1509.  2042.  1918.  2064.  1843.  2296.   635.  2035.  1545.  2213.
  2264.  1545.  2499.  1581.  2018.  2069.  2237.  2373.  2604.  1814.]
138 [ 2913.  2351.  2160.  1837.  1780.  1766.  2073.  1153.  3223.  1640.
  1509.  2041.  1918.  2063.  1843.  2295.   635.  2035.  1545.  2213.
  2264.  1545.  2499.  1582.  2018.  2069.  2237.  2373.  2605.  1815.]
139 [ 2913.  2351.  2159.  1837.  1780.  1766.  2073.  1153.  3223.  1640.
  1509.  2043.  1917.  2063.  1843.  2295.   635.  2035.  1544.  2213.
  2267.  1545.  2499.  1582.  2017.  2069.  2237.  2373.  2604.  1815.]
140 [ 2913.  2351.  2159.  1837.  1780.  1767.  2073.  1153.  3224.  1640.
  1509.  2039.  1917.  2065.  1843.  2294.   636.  2034.  1544.  2213.
  2268.  1545.  2499.  1582.  2017.  2069.  2237.  2373.  2604.  1815.]
141 [ 2913.  2351.  2160.  1836.  1780.  1767.  2073.  1153.  3224.  1639.
  1509.  2040.  1917.  2067.  1843.  2291.   636.  2034.  1543.  2213.
  2271.  1546.  2499.  1582.  2017.  2069.  2237.  2373.  2603.  1814.]
142 [ 2913.  2351.  2161.  1835.  1780.  1769.  2073.  1153.  3224.  1639.
  1509.  2039.  1917.  2068.  1843.  2292.   636.  2032.  1543.  2213.
  2269.  1547.  2499.  1582.  2017.  2068.  2237.  2373.  2603.  1815.]
143 [ 2913.  2351.  2161.  1837.  1780.  1768.  2073.  1154.  3225.  1639.
  1509.  2038.  1917.  2068.  1843.  2293.   636.  2031.  1542.  2213.
  2271.  1547.  2499.  1582.  2017.  2066.  2236.  2373.  2603.  1815.]
144 [ 2913.  2351.  2161.  1838.  1780.  1767.  2073.  1154.  3225.  1639.
  1509.  2038.  1917.  2067.  1843.  2293.   636.  2032.  1542.  2213.
  2271.  1547.  2499.  1582.  2017.  2066.  2236.  2373.  2603.  1815.]
145 [ 2913.  2351.  2161.  1838.  1780.  1767.  2073.  1154.  3225.  1639.
  1509.  2038.  1917.  2066.  1843.  2293.   636.  2032.  1542.  2213.
  2271.  1547.  2499.  1582.  2017.  2067.  2236.  2373.  2603.  1815.]
146 [ 2913.  2351.  2161.  1838.  1780.  1767.  2073.  1154.  3225.  1639.
  1509.  2038.  1917.  2065.  1843.  2294.   636.  2032.  1542.  2213.
  2271.  1547.  2499.  1582.  2017.  2067.  2236.  2373.  2603.  1815.]
147 [ 2913.  2351.  2161.  1838.  1780.  1767.  2073.  1154.  3225.  1639.
  1509.  2038.  1918.  2065.  1843.  2293.   636.  2032.  1542.  2213.
  2271.  1547.  2499.  1582.  2017.  2067.  2236.  2373.  2603.  1815.]
148 [ 2913.  2351.  2161.  1838.  1780.  1767.  2073.  1154.  3225.  1639.
  1509.  2038.  1918.  2065.  1843.  2292.   636.  2032.  1542.  2213.
  2272.  1547.  2499.  1582.  2017.  2067.  2236.  2373.  2603.  1815.]
[ 2913.  2351.  2161.  1838.  1780.  1767.  2073.  1154.  3225.  1639.
  1509.  2038.  1918.  2065.  1843.  2292.   636.  2032.  1542.  2213.
  2272.  1547.  2499.  1582.  2017.  2067.  2236.  2373.  2603.  1815.]
Time spent clustering :  12861.486244
medians_kplusplus_cluster30
Digit: 0  Purity: 85.4% SD: 1788.6  Count: 6072
Digit: 1  Purity: 82.3% SD: 1096.9  Count: 8006
Digit: 2  Purity: 76.4% SD: 1860.8  Count: 5713
Digit: 3  Purity: 63.6% SD: 1796.6  Count: 7625
Digit: 4  Purity: 67.5% SD: 1749.6  Count: 4895
Digit: 5  Purity: 74.5% SD: 1745.6  Count: 4140
Digit: 6  Purity: 87.8% SD: 1677.5  Count: 5941
Digit: 7  Purity: 69.7% SD: 1526.5  Count: 7742
Digit: 8  Purity: 82.7% SD: 1738.5  Count: 4609
Digit: 9  Purity: 57.2% SD: 1550.9  Count: 5257
Our accuracy in predicting test data for k = 30 was 75.9075907591 %
Time spent testing :  26.039675951
