50 medians random 100
0 [ 1419.   862.  7607.  1145.  1017.  2081.   854.   578.   235.   808.
   978.  1070.   934.  1394.   390.  2799.  1515.    76.   960.   988.
  1664.   700.   508.  1263.  1111.   251.  1173.  1260.   681.  1531.
   762.   739.  2320.   541.   859.  1209.   511.   613.  3602.   655.
  1646.  3109.   795.   755.   815.  1060.   404.  1147.   387.   219.]
1 [  734.   896.  5445.  1326.   670.  1716.  1129.  1226.   386.  1010.
   852.   982.   846.  1481.   645.  2342.  1863.   393.  1001.  1370.
  1272.   658.   914.  1260.  1066.   771.   902.  1252.   646.  1826.
   918.  1271.  1771.   775.  1071.  1147.   866.   628.  3038.  1737.
  1986.  2064.   634.   915.   807.  1122.   586.   926.   610.   248.]
2 [  685.   822.  4388.  1366.   686.  1700.  1122.  1437.   511.  1072.
   749.   937.   833.  1363.   783.  1647.  1727.   545.   992.  1504.
  1115.   619.  1101.  1573.  1255.   923.  1001.  1339.   673.  1825.
  1257.  1408.  1315.   892.  1106.  1478.  1041.   651.  2954.  1797.
  1823.  1867.   506.  1085.   759.  1079.   703.   894.   721.   371.]
3 [  577.   777.  3624.  1394.   830.  1764.  1041.  1501.   684.  1136.
   696.   891.   852.  1262.   900.  1588.  1644.   669.   949.  1383.
  1064.   605.  1141.  1768.  1370.   933.  1148.  1435.   762.  1712.
  1422.  1477.  1166.   949.  1070.  1531.  1134.   706.  2930.  1663.
  1630.  1715.   456.  1311.   740.  1047.   759.   928.   783.   483.]
4 [  537.   764.  3102.  1408.  1064.  1791.   985.  1505.   840.  1173.
   658.   868.   838.  1188.   954.  1617.  1586.   750.   899.  1230.
  1010.   605.  1178.  1819.  1437.   994.  1280.  1456.   880.  1623.
  1432.  1578.  1174.   963.  1046.  1457.  1173.   743.  2887.  1597.
  1480.  1659.   440.  1411.   734.  1064.   794.   956.   814.   559.]
5 [  461.   766.  2868.  1442.  1187.  1761.   950.  1522.  1017.  1169.
   647.   866.   853.  1141.   973.  1554.  1546.   792.   857.  1111.
   946.   581.  1215.  1802.  1458.  1016.  1313.  1437.  1014.  1568.
  1403.  1625.  1241.   984.  1023.  1398.  1231.   804.  2827.  1572.
  1399.  1604.   418.  1527.   733.  1136.   821.   958.   853.   610.]
6 [  335.   753.  2777.  1436.  1184.  1718.   945.  1524.  1160.  1139.
   647.   888.   902.  1104.   986.  1445.  1527.   844.   836.  1025.
   897.   567.  1247.  1735.  1447.  1054.  1294.  1444.  1207.  1563.
  1397.  1616.  1300.   975.  1002.  1373.  1281.   848.  2731.  1559.
  1354.  1546.   419.  1641.   747.  1233.   834.   960.   913.   641.]
7 [  253.   745.  2737.  1437.  1147.  1680.   934.  1546.  1261.  1117.
   643.   905.   946.  1089.   989.  1212.  1520.   864.   824.  1004.
   845.   559.  1278.  1690.  1427.  1080.  1296.  1463.  1437.  1544.
  1378.  1586.  1330.   981.  1008.  1342.  1325.   897.  2644.  1571.
  1341.  1512.   415.  1734.   757.  1320.   830.   962.   923.   672.]
8 [  377.   736.  2736.  1425.  1117.  1635.   945.  1560.  1270.  1128.
   637.   901.   977.  1064.   988.   765.  1519.   870.   825.  1029.
   814.   546.  1279.  1668.  1423.  1090.  1309.  1471.  1598.  1538.
  1352.  1575.  1351.   996.  1065.  1311.  1363.   928.  2588.  1577.
  1337.  1501.   411.  1808.   771.  1395.   829.   986.   917.   699.]
9 [  402.   735.  2720.  1418.  1103.  1608.   939.  1572.  1280.  1127.
   631.   906.   992.  1030.   987.   626.  1507.   903.   821.  1064.
   797.   543.  1271.  1632.  1404.  1083.  1278.  1466.  1678.  1525.
  1334.  1566.  1380.  1011.  1130.  1297.  1394.   956.  2515.  1594.
  1336.  1476.   401.  1866.   773.  1427.   823.  1025.   923.   725.]
10 [  360.   743.  2704.  1426.  1103.  1593.   927.  1590.  1288.  1129.
   618.   908.  1015.  1006.   983.   591.  1495.   923.   806.  1098.
   804.   545.  1269.  1602.  1383.  1077.  1259.  1462.  1668.  1528.
  1330.  1560.  1407.  1037.  1163.  1292.  1429.   984.  2445.  1619.
  1330.  1456.   400.  1918.   765.  1437.   827.  1046.   918.   734.]
11 [  327.   757.  2688.  1427.  1126.  1574.   921.  1613.  1268.  1132.
   616.   917.  1043.   971.   980.   564.  1483.   938.   79