11 medoids kplusplus 100
0 [ 4156.  7966.  4513.  2966.  5345.  8011.  5817.  2566.  3771.  5896.
  8993.]
1 [ 4485.  8789.  4984.  3757.  4956.  7210.  5538.  2675.  3785.  5556.
  8265.]
[ 4485.  8789.  4984.  3757.  4956.  7210.  5538.  2675.  3785.  5556.
  8265.]
Time spent clustering :  1165.71679306
medoids_kplusplus_cluster11
Digit: 0  Purity: 86.0% SD: 2134.5  Count: 4984
Digit: 1  Purity: 48.6% SD: 1648.3  Count: 13745
Digit: 2  Purity: 85.2% SD: 2240.0  Count: 2675
Digit: 3  Purity: 34.8% SD: 2201.1  Count: 5556
Digit: 4  Purity: 37.0% SD: 1893.9  Count: 8265
Digit: 5  Purity:  0.0% SD:    0.0  Count: 0
Digit: 6  Purity: 45.4% SD: 2032.8  Count: 10967
Digit: 7  Purity: 80.2% SD: 1770.7  Count: 3785
Digit: 8  Purity: 57.6% SD: 2053.6  Count: 5538
Digit: 9  Purity: 28.9% SD: 1915.3  Count: 4485
Our accuracy in predicting test data for k = 11 was 51.7151715172 %
Time spent testing :  70.2074940205
