18 medoids kplusplus 100
0 [ 3192.  2562.  1682.  5948.  3023.  3262.  6313.  4604.  3770.  4431.
  4206.  2685.  2019.   956.  4310.  2094.  2993.  1950.]
1 [ 3043.  2474.  1929.  6079.  3170.  3507.  6228.  4570.  3560.  4489.
  4017.  2469.  2041.   931.  4322.  2115.  3190.  1866.]
2 [ 3051.  2473.  1929.  6186.  3730.  3517.  6267.  4190.  3451.  4491.
  3768.  2469.  2041.   937.  4356.  2122.  3157.  1865.]
[ 3051.  2473.  1929.  6186.  3730.  3517.  6267.  4190.  3451.  4491.
  3768.  2469.  2041.   937.  4356.  2122.  3157.  1865.]
Time spent clustering :  2400.46011806
medoids_kplusplus_cluster18
Digit: 0  Purity: 80.3% SD: 1973.7  Count: 6439
Digit: 1  Purity: 53.2% SD: 1599.7  Count: 12453
Digit: 2  Purity: 60.9% SD: 2192.1  Count: 4924
Digit: 3  Purity: 45.7% SD: 2040.8  Count: 4491
Digit: 4  Purity: 48.8% SD: 2030.6  Count: 3768
Digit: 5  Purity:  0.0% SD:    0.0  Count: 0
Digit: 6  Purity: 78.4% SD: 1883.7  Count: 5990
Digit: 7  Purity: 63.7% SD: 1756.4  Count: 7181
Digit: 8  Purity: 53.7% SD: 1953.9  Count: 6208
Digit: 9  Purity: 40.7% SD: 1889.1  Count: 8546
Our accuracy in predicting test data for k = 18 was 58.095809581 %
Time spent testing :  86.8462421894
