14 medoids random 100
0 [  8230.   4283.   4732.   8061.   3139.  10246.   1416.   4651.   5224.
   1762.    178.   3688.   1878.   2512.]
1 [ 7906.  3487.  4112.  9220.  3283.  9339.  1841.  4105.  5023.  2207.
   720.  3715.  2682.  2360.]
2 [ 7891.  3454.  3683.  9213.  3790.  9126.  1827.  3964.  4949.  3143.
   640.  3398.  2645.  2277.]
[ 7891.  3454.  3683.  9213.  3790.  9126.  1827.  3964.  4949.  3143.
   640.  3398.  2645.  2277.]
Time spent clustering :  465.696329117
medoids_random_cluster14
Digit: 0  Purity: 72.1% SD: 2071.4  Count: 7188
Digit: 1  Purity: 59.6% SD: 1589.6  Count: 9213
Digit: 2  Purity: 67.9% SD: 2177.0  Count: 3783
Digit: 3  Purity: 52.4% SD: 2007.1  Count: 8436
Digit: 4  Purity: 26.3% SD: 1948.9  Count: 9126
Digit: 5  Purity:  0.0% SD:    0.0  Count: 0
Digit: 6  Purity:  0.0% SD:    0.0  Count: 0
Digit: 7  Purity: 33.7% SD: 1968.2  Count: 11574
Digit: 8  Purity: 35.3% SD: 1970.2  Count: 5731
Digit: 9  Purity: 33.2% SD: 2032.1  Count: 4949
Our accuracy in predicting test data for k = 14 was 46.6646664666 %
Time spent testing :  27.4144339561
