45 medoids kplusplus 100
0 [ 1241.  1852.  1567.  1204.   699.   957.  1404.  1074.   756.   411.
  2329.  1448.  1661.  1868.  1050.  1439.  1284.   965.   939.  1826.
   306.   374.  1468.  1366.  1782.  1679.  1451.  1194.  1870.   529.
  1354.  1797.   390.  1551.   601.  1055.  1700.  2054.   989.  1603.
  1509.  1633.  2544.  2203.  1024.]
1 [ 1236.  2182.  1492.  1419.   717.   946.  1668.  1137.   758.   409.
  2694.  1451.  1635.  1734.  1022.  1414.  1086.   867.   821.  1758.
   300.   358.  1434.  1344.  1783.  1557.  1430.  1378.  1995.   603.
  1313.  1689.   389.  1459.   584.  1053.  1719.  1771.   967.  1708.
  1458.  1616.  2511.  2168.   967.]
2 [ 1235.  2224.  1492.  1409.  1261.   941.  1666.  1069.   750.   406.
  2679.  1446.  1628.  1730.  1012.  1410.  1074.   863.   712.  1744.
   299.   360.  1417.  1346.  1717.  1560.  1383.  1379.  1947.   603.
  1314.  1530.   388.  1430.   583.  1035.  1708.  1707.   969.  1706.
  1436.  1622.  2469.  2449.   892.]
[ 1235.  2224.  1492.  1409.  1261.   941.  1666.  1069.   750.   406.
  2679.  1446.  1628.  1730.  1012.  1410.  1074.   863.   712.  1744.
   299.   360.  1417.  1346.  1717.  1560.  1383.  1379.  1947.   603.
  1314.  1530.   388.  1430.   583.  1035.  1708.  1707.   969.  1706.
  1436.  1622.  2469.  2449.   892.]
Time spent clustering :  3371.45013213
medoids_kplusplus_cluster45
Digit: 0  Purity: 93.9% SD: 1936.4  Count: 4673
Digit: 1  Purity: 71.7% SD: 1276.1  Count: 8683
Digit: 2  Purity: 57.5% SD: 1926.5  Count: 5084
Digit: 3  Purity: 70.8% SD: 1858.0  Count: 6594
Digit: 4  Purity: 64.9% SD: 1877.5  Count: 2776
Digit: 5  Purity: 70.1% SD: 1865.3  Count: 5433
Digit: 6  Purity: 76.6% SD: 1803.1  Count: 6967
Digit: 7  Purity: 69.8% SD: 1613.7  Count: 7496
Digit: 8  Purity: 80.0% SD: 1823.2  Count: 4286
Digit: 9  Purity: 49.4% SD: 1688.8  Count: 8008
Our accuracy in predicting test data for k = 45 was 70.3170317032 %
Time spent testing :  70.8230500221
