25 medoids random 100
0 [ 3398.   340.  2022.  4274.  4424.  2151.  1895.  3222.   675.  1702.
  5186.  1212.  1239.  2791.  2922.  1442.  1923.   482.  1352.  1127.
   948.  3488.   494.  7472.  3819.]
1 [ 3836.   621.  2699.  3731.  3567.  1834.  1844.  2401.   696.  1561.
  4592.  1329.  1457.  2158.  3735.  1950.  1949.  1341.  1186.  2065.
  1308.  4947.   655.  5714.  2824.]
2 [ 3843.   615.  2639.  3150.  3552.  1747.  1836.  2360.   696.  1570.
  4841.  1384.  1463.  2975.  3074.  1953.  1804.  1314.  1201.  3009.
  1348.  4581.   691.  5577.  2777.]
[ 3843.   615.  2639.  3150.  3552.  1747.  1836.  2360.   696.  1570.
  4841.  1384.  1463.  2975.  3074.  1953.  1804.  1314.  1201.  3009.
  1348.  4581.   691.  5577.  2777.]
Time spent clustering :  641.060539007
medoids_random_cluster25
Digit: 0  Purity: 85.8% SD: 1894.6  Count: 6007
Digit: 1  Purity: 62.7% SD: 1474.6  Count: 10418
Digit: 2  Purity: 81.9% SD: 2046.9  Count: 4485
Digit: 3  Purity: 74.7% SD: 1912.7  Count: 3843
Digit: 4  Purity: 47.8% SD: 1875.0  Count: 6832
Digit: 5  Purity: 36.1% SD: 1944.1  Count: 7358
Digit: 6  Purity: 90.1% SD: 1836.7  Count: 5188
Digit: 7  Purity: 67.0% SD: 1777.7  Count: 5356
Digit: 8  Purity: 67.4% SD: 1937.2  Count: 2975
Digit: 9  Purity: 42.9% SD: 1842.2  Count: 7538
Our accuracy in predicting test data for k = 25 was 64.496449645 %
Time spent testing :  28.7591230869
