40 medoids kplusplus 100
0 [ 2277.   835.  3863.  1036.  1476.  1330.  1647.  1565.  1533.   893.
  1697.  1645.  1335.  1696.   904.  2990.  1071.  1337.  2444.  1125.
   705.  1464.  1884.  1873.  2305.  1554.  2131.   873.  1925.   636.
  1082.  1813.   770.   688.   912.   971.   626.  2585.  1220.  1284.]
1 [ 2452.  1554.  3830.   990.  1365.  1284.  1643.  1574.  1470.  1055.
  1682.  1644.  1551.  1660.   635.  2976.  1028.  1336.  2191.  1094.
   609.  1479.  1896.  1879.  2240.  1579.  2073.   872.  1795.   580.
  1090.  1773.  1075.   637.   855.   923.   624.  2467.  1249.  1291.]
2 [ 2538.  1570.  3234.   953.  1527.  1285.  1597.  1567.  1404.  1055.
  1704.  1545.  1562.  1689.   676.  2713.  1031.  1349.  2189.  1051.
   557.  2448.  1680.  1868.  2173.  1577.  1978.   785.  1762.  1220.
  1002.  1777.  1070.   636.   852.   917.   620.  2298.  1238.  1303.]
3 [ 2532.  1570.  3220.   968.  1528.  1289.  1597.  1567.  1397.  1054.
  1697.  1538.  1553.  1687.   676.  2713.  1031.  1350.  2190.   992.
   560.  2404.  1680.  1867.  2174.  1577.  1956.   785.  1762.  1418.
  1004.  1779.  1073.   636.   852.   907.   620.  2260.  1232.  1305.]
[ 2532.  1570.  3220.   968.  1528.  1289.  1597.  1567.  1397.  1054.
  1697.  1538.  1553.  1687.   676.  2713.  1031.  1350.  2190.   992.
   560.  2404.  1680.  1867.  2174.  1577.  1956.   785.  1762.  1418.
  1004.  1779.  1073.   636.   852.   907.   620.  2260.  1232.  1305.]
Time spent clustering :  3051.86404395
medoids_kplusplus_cluster40
Digit: 0  Purity: 88.1% SD: 1851.0  Count: 6067
Digit: 1  Purity: 67.3% SD: 1337.2  Count: 9151
Digit: 2  Purity: 85.2% SD: 2048.4  Count: 3278
Digit: 3  Purity: 72.5% SD: 1903.3  Count: 5534
Digit: 4  Purity: 65.8% SD: 1940.8  Count: 3822
Digit: 5  Purity: 46.6% SD: 1827.6  Count: 7310
Digit: 6  Purity: 88.9% SD: 1771.0  Count: 5676
Digit: 7  Purity: 57.7% SD: 1663.3  Count: 9247
Digit: 8  Purity: 77.2% SD: 1853.7  Count: 4435
Digit: 9  Purity: 55.3% SD: 1717.0  Count: 5480
Our accuracy in predicting test data for k = 40 was 69.4569456946 %
Time spent testing :  68.5451159477
