20 medoids kplusplus 100
0 [ 2772.  2145.  3475.  2059.  2221.  3017.  2136.  3751.  3351.  4734.
   984.  2802.  2050.  7842.  2266.  4548.  3120.  2312.   180.  4235.]
1 [ 2749.  2077.  3699.  2064.  2223.  3009.  2156.  3903.  3398.  4638.
  1026.  2925.  2102.  7954.  2228.  3997.  3114.  2357.   155.  4226.]
2 [ 2777.  2026.  3705.  2055.  2112.  2988.  2225.  3902.  3398.  4643.
  1034.  2925.  2104.  7955.  2276.  3997.  3118.  2360.   154.  4246.]
[ 2777.  2026.  3705.  2055.  2112.  2988.  2225.  3902.  3398.  4643.
  1034.  2925.  2104.  7955.  2276.  3997.  3118.  2360.   154.  4246.]
Time spent clustering :  2714.0184412
medoids_kplusplus_cluster20
Digit: 0  Purity: 90.6% SD: 1976.6  Count: 5014
Digit: 1  Purity: 54.7% SD: 1558.6  Count: 11952
Digit: 2  Purity: 68.7% SD: 2076.2  Count: 2360
Digit: 3  Purity: 57.6% SD: 1952.3  Count: 7950
Digit: 4  Purity: 47.0% SD: 1970.5  Count: 6708
Digit: 5  Purity: 55.6% SD: 2052.1  Count: 4216
Digit: 6  Purity: 89.9% SD: 1915.4  Count: 4246
Digit: 7  Purity: 76.1% SD: 1747.6  Count: 4643
Digit: 8  Purity: 34.5% SD: 2022.4  Count: 5304
Digit: 9  Purity: 40.0% SD: 1852.6  Count: 7607
Our accuracy in predicting test data for k = 20 was 59.095909591 %
Time spent testing :  87.5417120457
