20 medoids random 100
0 [   356.   5264.   4756.  11867.   2190.   4099.   1139.   2461.   1137.
   5812.   3516.   1819.    925.   2235.   1748.   2155.   2035.   1503.
   2509.   2474.]
1 [   654.   4484.   3281.  10718.   2508.   3436.   1883.   2889.   1906.
   4909.   3566.   2209.   1975.   3813.   1635.   1966.   1855.   2277.
   2002.   2034.]
2 [  1104.   4229.   2796.  10378.   2457.   3424.   2260.   2836.   1862.
   4771.   3518.   2199.   2884.   3651.   1651.   1890.   1847.   2238.
   1970.   2035.]
3 [  1548.   4180.   2795.  10196.   2375.   3448.   2282.   2833.   1861.
   4550.   3519.   2189.   3276.   3233.   1703.   1908.   1774.   2140.
   2192.   1998.]
[  1548.   4180.   2795.  10196.   2375.   3448.   2282.   2833.   1861.
   4550.   3519.   2189.   3276.   3233.   1703.   1908.   1774.   2140.
   2192.   1998.]
Time spent clustering :  629.457159996
medoids_random_cluster20
Digit: 0  Purity: 72.3% SD: 2076.9  Count: 6967
Digit: 1  Purity: 61.3% SD: 1617.7  Count: 10196
Digit: 2  Purity: 58.6% SD: 2135.2  Count: 5893
Digit: 3  Purity: 47.3% SD: 1969.9  Count: 10380
Digit: 4  Purity: 29.3% SD: 1955.0  Count: 9720
Digit: 5  Purity:  0.0% SD:    0.0  Count: 0
Digit: 6  Purity:  0.0% SD:    0.0  Count: 0
Digit: 7  Purity: 60.6% SD: 1704.7  Count: 8057
Digit: 8  Purity: 55.2% SD: 2063.9  Count: 4180
Digit: 9  Purity: 45.2% SD: 1829.9  Count: 4607
Our accuracy in predicting test data for k = 20 was 53.7053705371 %
Time spent testing :  28.6037678719
