0 [  70.  197.  354.  215.  235.  330.   70.  454.  210.  164.  701.]
1 [ 107.  152.  340.  272.  249.  346.  148.  411.  242.  198.  535.]
2 [ 119.  141.  334.  307.  268.  348.  207.  387.  261.  201.  427.]
3 [ 126.  131.  335.  319.  297.  346.  272.  380.  247.  200.  347.]
4 [ 131.  128.  348.  317.  321.  349.  290.  374.  232.  207.  303.]
5 [ 133.  128.  338.  306.  327.  366.  300.  373.  232.  218.  279.]
6 [ 136.  127.  334.  296.  321.  379.  321.  365.  220.  231.  270.]
7 [ 138.  128.  326.  295.  316.  387.  333.  361.  227.  227.  262.]
8 [ 141.  127.  321.  299.  306.  392.  346.  361.  236.  215.  256.]
9 [ 143.  128.  318.  301.  297.  394.  360.  360.  245.  205.  249.]
10 [ 146.  130.  312.  303.  289.  395.  373.  363.  244.  200.  245.]
11 [ 145.  131.  306.  302.  289.  395.  380.  361.  248.  200.  243.]
12 [ 144.  131.  302.  302.  290.  395.  385.  361.  247.  201.  242.]
13 [ 144.  131.  299.  302.  290.  395.  388.  361.  247.  202.  241.]
14 [ 144.  131.  298.  302.  290.  395.  389.  362.  247.  201.  241.]
[ 144.  131.  298.  302.  290.  395.  389.  362.  247.  201.  241.]
Time spent clustering :  17.7794528008
Digit: 0  Purity: 91.3% SD: 1630.1  Count: 275
Digit: 1  Purity: 62.5% SD: 1241.4  Count: 539
Digit: 2  Purity: 91.5% SD: 1770.2  Count: 201
Digit: 3  Purity: 50.4% SD: 1693.4  Count: 389
Digit: 4  Purity: 42.4% SD: 1712.2  Count: 302
Digit: 5  Purity:  0.0% SD:    0.0  Count: 0
Digit: 6  Purity: 86.2% SD: 1567.7  Count: 290
Digit: 7  Purity: 33.2% SD: 1532.3  Count: 757
Digit: 8  Purity: 66.4% SD: 1650.1  Count: 247
Digit: 9  Purity:  0.0% SD:    0.0  Count: 0
Our accuracy in predicting test data for k = 11 was 57.8757875788 %
Time spent testing :  9.89785885811
