17 means random 100
0 [  3977.   1930.   3488.   6170.   2109.   6714.   4718.   2227.   2498.
   2176.   1690.   2982.   4462.   1976.    887.  10842.   1154.]
1 [ 4826.  2489.  3071.  5005.  2216.  5270.  4336.  2687.  2302.  1777.
  2156.  5353.  3761.  3016.  1340.  8250.  2145.]
2 [ 4979.  3080.  2874.  4613.  2270.  4257.  3956.  2927.  2069.  1940.
  2558.  6294.  3454.  3249.  1510.  7766.  2204.]
3 [ 4843.  3456.  2875.  4350.  2302.  3669.  3855.  2946.  1948.  2177.
  2861.  6817.  3259.  3299.  1676.  7628.  2039.]
4 [ 4641.  3678.  2902.  4211.  2323.  3395.  3915.  2854.  1935.  2185.
  3071.  7136.  3107.  3260.  1771.  7581.  2035.]
5 [ 4502.  3743.  2916.  4108.  2332.  3301.  3981.  2772.  1986.  2160.
  3236.  7318.  2986.  3182.  1859.  7544.  2074.]
6 [ 4422.  3769.  2922.  4026.  2314.  3266.  4049.  2668.  2037.  2141.
  3348.  7407.  2911.  3100.  1980.  7520.  2120.]
7 [ 4386.  3751.  2920.  3963.  2292.  3262.  4153.  2555.  2018.  2145.
  3448.  7439.  2866.  3048.  2112.  7471.  2171.]
8 [ 4365.  3697.  2901.  3907.  2260.  3261.  4291.  2433.  1957.  2151.
  3542.  7468.  2853.  2994.  2252.  7440.  2228.]
9 [ 4354.  3653.  2885.  3828.  2221.  3286.  4390.  2282.  1897.  2155.
  3570.  7494.  2890.  3006.  2364.  7426.  2299.]
10 [ 4337.  3622.  2881.  3672.  2172.  3313.  4452.  2153.  1834.  2159.
  3577.  7509.  3000.  3077.  2444.  7422.  2376.]
11 [ 4324.  3595.  2887.  3418.  2128.  3364.  4496.  2056.  1794.  2190.
  3545.  7469.  3185.  3152.  2542.  7399.  2456.]
12 [ 4309.  3598.  2885.  3224.  2099.  3448.  4516.  2006.  1770.  2219.
  3483.  7404.  3346.  3183.  2613.  7371.  2526.]
13 [ 4310.  3622.  2881.  3144.  2085.  3551.  4532.  1969.  1759.  2258.
  3403.  7315.  3458.  3167.  2645.  7323.  2578.]
14 [ 4324.  3658.  2894.  3097.  2071.  3649.  4535.  1943.  1756.  2291.
  3316.  7251.  3535.  3146.  2651.  7263.  2620.]
15 [ 4336.  3687.  2892.  3084.  2065.  3724.  4524.  1927.  1749.  2324.
  3249.  7185.  3587.  3147.  2686.  7203.  2631.]
16 [ 4337.  3701.  2899.  3081.  2056.  3786.  4533.  1922.  1736.  2349.
  3189.  7122.  3623.  3159.  2716.  7172.  2619.]
17 [ 4352.  3714.  2898.  3086.  2054.  3837.  4542.  1907.  1731.  2367.
  3135.  7082.  3637.  3169.  2754.  7123.  2612.]
18 [ 4382.  3738.  2902.  3089.  2048.  3874.  4539.  1901.  1721.  2378.
  3103.  7055.  3630.  3170.  2780.  7074.  2616.]
19 [ 4411.  3756.  2917.  3098.  2042.  3902.  4538.  1899.  1721.  2378.
  3075.  7019.  3613.  3176.  2789.  7041.  2625.]
20 [ 4411.  3773.  2928.  3104.  2044.  3933.  4544.  1889.  1723.  2382.
  3031.  6979.  3589.  3185.  2817.  7026.  2642.]
21 [ 4430.  3789.  2948.  3114.  2045.  3954.  4539.  1886.  1728.  2376.
  2974.  6928.  3563.  3198.  2853.  7006.  2669.]
22 [ 4461.  3787.  2972.  3108.  2037.  4004.  4531.  1890.  1730.  2374.
  2928.  6897.  3526.  3200.  2905.  6970.  2680.]
23 [ 4476.  3788.  2992.  3106.  2033.  4048.  4519.  1894.  1728.  2372.
  2908.  6863.  3472.  3213.  2962.  6942.  2684.]
24 [ 4473.  3805.  2998.  3100.  2033.  4078.  4510.  1892.  1737.  2371.
  2882.  6825.  3433.  3220.  3032.  6925.  2686.]
25 [ 4491.  3814.  3024.  3096.  2034.  4100.  4488.  1887.  1740.  2375.
  2860.  6786.  3371.  3246.  3121.  6874.  2693.]
26 [ 4542.  3850.  3056.  3084.  2032.  4114.  4453.  1888.  1734.  2383.
  2853.  6753.  3290.  3285.  3186.  6792.  2705.]
27 [ 4550.  3863.  3089.  3068.  2032.  4115.  4412.  1889.  1738.  2391.
  2860.  6714.  3210.  3328.  3284.  6748.  2709.]
28 [ 4545.  3854.  3129.  3056.  2034.  4104.  4376.  1897.  1739.  2400.
  2875.  6676.  3135.  3381.  3390.  6709.  2700.]
29 [ 4554.  3851.  3159.  3037.  2036.  4087.  4311.  1903.  1744.  2404.
  2905.  6645.  3069.  3448.  3489.  6661.  2697.]
30 [ 4591.  3834.  3195.  3013.  2036.  4050.  4207.  1908.  1743.  2408.
  2928.  6600.  3030.  3553.  3583.  6611.  2710.]
31 [ 4618.  3795.  3239.  2993.  2040.  4008.  4112.  1919.  1742.  2414.
  2965.  6583.  2981.  3650.  3666.  6553.  2722.]
32 [ 4642.  3751.  3281.  2973.  2044.  3952.  4031.  1929.  1747.  2417.
  3009.  6572.  2924.  3757.  3760.  6475.  2736.]
33 [ 4639.  3719.  3315.  2952.  2050.  3911.  3966.  1946.  1756.  2419.
  3036.  6555.  2875.  3842.  3848.  6429.  2742.]
34 [ 4625.  3687.  3348.  2931.  2061.  3871.  3882.  1952.  1753.  2426.
  3080.  6532.  2832.  3955.  3900.  6412.  2753.]
35 [ 4602.  3660.  3379.  2917.  2079.  3827.  3821.  1948.  1752.  2427.
  3132.  6516.  2796.  4042.  3938.  6395.  2769.]
36 [ 4585.  3618.  3409.  2893.  2091.  3782.  3768.  1952.  1757.  2436.
  3169.  6512.  2770.  4135.  3973.  6368.  2782.]
37 [ 4591.  3583.  3434.  2892.  2105.  3733.  3700.  1951.  1756.  2440.
  3196.  6506.  2747.  4231.  4007.  6340.  2788.]
38 [ 4611.  3557.  3443.  2879.  2112.  3690.  3641.  1953.  1750.  2447.
  3214.  6487.  2741.  4318.  4030.  6336.  2791.]
39 [ 4642.  3537.  3458.  2885.  2119.  3641.  3578.  1954.  1749.  2449.
  3228.  6456.  2730.  4401.  4055.  6326.  2792.]
40 [ 4652.  3509.  3468.  2901.  2122.  3599.  3522.  1961.  1751.  2455.
  3245.  6435.  2729.  4458.  4076.  6332.  2785.]
41 [ 4670.  3489.  3482.  2908.  2123.  3565.  3474.  1966.  1754.  2462.
  3260.  6420.  2718.  4509.  4087.  6339.  2774.]
42 [ 4680.  3475.  3493.  2916.  2128.  3535.  3418.  1968.  1755.  2468.
  3276.  6395.  2713.  4556.  4103.  6351.  2770.]
43 [ 4692.  3465.  3501.  2918.  2130.  3513.  3376.  1968.  1753.  2477.
  3287.  6352.  2719.  4590.  4112.  6378.  2769.]
44 [ 4714.  3453.  3509.  2924.  2128.  3489.  3347.  1971.  1751.  2484.
  3299.  6312.  2724.  4605.  4125.  6400.  2765.]
45 [ 4737.  3448.  3518.  2920.  2128.  3467.  3325.  1977.  1753.  2488.
  3312.  6280.  2729.  4603.  4132.  6419.  2764.]
46 [ 4769.  3446.  3522.  2921.  2131.  3448.  3305.  1976.  1756.  2494.
  3330.  6256.  2734.  4599.  4126.  6427.  2760.]
47 [ 4786.  3449.  3523.  2921.  2133.  3437.  3295.  1975.  1757.  2498.
  3342.  6232.  2753.  4589.  4117.  6437.  2756.]
48 [ 4806.  3447.  3530.  2925.  2133.  3432.  3281.  1974.  1757.  2499.
  3358.  6211.  2772.  4569.  4107.  6443.  2756.]
49 [ 4824.  3450.  3528.  2922.  2138.  3423.  3272.  1968.  1758.  2498.
  3378.  6194.  2802.  4534.  4106.  6452.  2753.]
50 [ 4840.  3452.  3523.  2924.  2138.  3414.  3257.  1968.  1758.  2498.
  3399.  6173.  2830.  4503.  4102.  6470.  2751.]
51 [ 4855.  3455.  3524.  2926.  2139.  3406.  3232.  1968.  1759.  2499.
  3404.  6157.  2859.  4473.  4103.  6490.  2751.]
52 [ 4867.  3464.  3520.  2928.  2140.  3397.  3202.  1972.  1759.  2498.
  3407.  6143.  2896.  4443.  4109.  6504.  2751.]
53 [ 4872.  3473.  3517.  2932.  2140.  3397.  3174.  1974.  1760.  2498.
  3414.  6145.  2929.  4400.  4106.  6515.  2754.]
54 [ 4869.  3481.  3518.  2942.  2138.  3393.  3137.  1977.  1762.  2499.
  3419.  6143.  2978.  4360.  4096.  6533.  2755.]
55 [ 4873.  3490.  3519.  2954.  2137.  3396.  3106.  1978.  1763.  2505.
  3437.  6139.  3041.  4274.  4087.  6548.  2753.]
56 [ 4870.  3504.  3518.  2964.  2134.  3399.  3074.  1979.  1762.  2507.
  3453.  6141.  3115.  4191.  4083.  6556.  2750.]
57 [ 4878.  3512.  3517.  2970.  2132.  3416.  3038.  1983.  1759.  2504.
  3471.  6137.  3185.  4107.  4078.  6558.  2755.]
58 [ 4881.  3537.  3516.  2985.  2132.  3434.  3011.  1984.  1756.  2500.
  3490.  6136.  3258.  3994.  4076.  6558.  2752.]
59 [ 4875.  3557.  3523.  3004.  2132.  3457.  2971.  1987.  1752.  2494.
  3503.  6117.  3350.  3902.  4071.  6561.  2744.]
60 [ 4868.  3585.  3523.  3022.  2131.  3476.  2920.  1987.  1751.  2492.
  3508.  6085.  3454.  3827.  4068.  6561.  2742.]
61 [ 4864.  3608.  3520.  3038.  2127.  3498.  2877.  1985.  1755.  2491.
  3514.  6038.  3555.  3756.  4074.  6560.  2740.]
62 [ 4862.  3618.  3524.  3066.  2123.  3519.  2845.  1993.  1758.  2492.
  3502.  5995.  3632.  3695.  4073.  6562.  2741.]
63 [ 4851.  3632.  3525.  3107.  2127.  3551.  2804.  1993.  1757.  2491.
  3497.  5962.  3671.  3654.  4076.  6563.  2739.]
64 [ 4848.  3648.  3534.  3145.  2128.  3586.  2782.  1992.  1760.  2487.
  3496.  5937.  3684.  3603.  4072.  6561.  2737.]
65 [ 4841.  3656.  3537.  3168.  2128.  3628.  2764.  1990.  1763.  2480.
  3485.  5905.  3704.  3589.  4073.  6557.  2732.]
66 [ 4834.  3666.  3537.  3176.  2130.  3685.  2751.  1983.  1764.  2473.
  3475.  5876.  3726.  3573.  4066.  6556.  2729.]
67 [ 4819.  3672.  3539.  3202.  2131.  3732.  2737.  1978.  1764.  2463.
  3468.  5853.  3728.  3569.  4064.  6555.  2726.]
68 [ 4809.  3666.  3544.  3237.  2129.  3793.  2729.  1970.  1763.  2456.
  3460.  5827.  3708.  3565.  4062.  6557.  2725.]
69 [ 4801.  3656.  3544.  3287.  2128.  3853.  2711.  1965.  1765.  2454.
  3444.  5796.  3698.  3564.  4063.  6549.  2722.]
70 [ 4793.  3647.  3544.  3364.  2125.  3913.  2706.  1963.  1764.  2448.
  3440.  5771.  3661.  3549.  4058.  6533.  2721.]
71 [ 4785.  3634.  3543.  3423.  2123.  3994.  2697.  1961.  1763.  2440.
  3431.  5714.  3661.  3534.  4044.  6529.  2724.]
72 [ 4772.  3618.  3540.  3482.  2122.  4074.  2695.  1959.  1762.  2434.
  3413.  5656.  3677.  3515.  4042.  6515.  2724.]
73 [ 4765.  3592.  3539.  3536.  2120.  4160.  2689.  1957.  1762.  2429.
  3405.  5606.  3678.  3507.  4043.  6483.  2729.]
74 [ 4752.  3564.  3541.  3569.  2116.  4250.  2690.  1955.  1760.  2427.
  3400.  5573.  3673.  3488.  4049.  6462.  2731.]
75 [ 4748.  3553.  3533.  3590.  2111.  4325.  2688.  1955.  1758.  2422.
  3398.  5558.  3665.  3472.  4053.  6441.  2730.]
76 [ 4746.  3545.  3527.  3596.  2109.  4381.  2685.  1948.  1758.  2423.
  3397.  5512.  3712.  3450.  4056.  6430.  2725.]
77 [ 4740.  3542.  3526.  3603.  2104.  4440.  2679.  1950.  1759.  2422.
  3394.  5474.  3741.  3440.  4048.  6419.  2719.]
78 [ 4740.  3529.  3526.  3591.  2103.  4483.  2672.  1949.  1758.  2427.
  3388.  5449.  3774.  3439.  4052.  6403.  2717.]
79 [ 4733.  3517.  3525.  3565.  2103.  4525.  2667.  1949.  1756.  2430.
  3388.  5430.  3805.  3434.  4059.  6397.  2717.]
80 [ 4731.  3508.  3524.  3555.  2102.  4550.  2660.  1947.  1759.  2432.
  3387.  5413.  3822.  3437.  4077.  6381.  2715.]
81 [ 4721.  3500.  3525.  3548.  2103.  4567.  2657.  1947.  1758.  2436.
  3388.  5401.  3833.  3440.  4084.  6375.  2717.]
82 [ 4718.  3491.  3525.  3543.  2103.  4580.  2654.  1948.  1758.  2437.
  3388.  5398.  3850.  3441.  4089.  6359.  2718.]
83 [ 4714.  3486.  3526.  3543.  2103.  4589.  2652.  1948.  1758.  2436.
  3389.  5395.  3866.  3442.  4089.  6345.  2719.]
84 [ 4710.  3485.  3526.  3542.  2103.  4596.  2652.  1948.  1759.  2435.
  3389.  5381.  3887.  3443.  4093.  6332.  2719.]
85 [ 4707.  3483.  3526.  3546.  2103.  4603.  2652.  1949.  1759.  2435.
  3392.  5363.  3896.  3442.  4092.  6333.  2719.]
86 [ 4703.  3481.  3526.  3543.  2104.  4610.  2652.  1949.  1759.  2434.
  3393.  5350.  3909.  3443.  4095.  6330.  2719.]
87 [ 4700.  3480.  3527.  3540.  2104.  4612.  2652.  1949.  1759.  2434.
  3393.  5343.  3921.  3444.  4096.  6328.  2718.]
88 [ 4696.  3480.  3527.  3540.  2104.  4613.  2652.  1950.  1759.  2434.
  3394.  5338.  3927.  3444.  4096.  6330.  2716.]
89 [ 4691.  3480.  3527.  3540.  2104.  4615.  2652.  1950.  1759.  2434.
  3395.  5330.  3938.  3443.  4096.  6330.  2716.]
90 [ 4685.  3480.  3527.  3539.  2104.  4615.  2652.  1950.  1759.  2434.
  3397.  5331.  3948.  3441.  4095.  6327.  2716.]
91 [ 4681.  3480.  3527.  3539.  2104.  4616.  2652.  1950.  1759.  2435.
  3397.  5333.  3957.  3441.  4095.  6318.  2716.]
92 [ 4673.  3479.  3527.  3540.  2104.  4616.  2652.  1950.  1759.  2435.
  3399.  5331.  3968.  3440.  4095.  6316.  2716.]
93 [ 4672.  3477.  3528.  3542.  2104.  4617.  2651.  1951.  1760.  2435.
  3398.  5324.  3983.  3440.  4094.  6308.  2716.]
94 [ 4671.  3478.  3528.  3543.  2104.  4618.  2651.  1951.  1760.  2435.
  3399.  5317.  3992.  3440.  4094.  6303.  2716.]
95 [ 4666.  3478.  3527.  3543.  2105.  4618.  2650.  1951.  1760.  2435.
  3400.  5316.  3997.  3441.  4094.  6303.  2716.]
96 [ 4663.  3478.  3527.  3544.  2105.  4617.  2650.  1951.  1760.  2435.
  3401.  5319.  3995.  3443.  4094.  6302.  2716.]
97 [ 4659.  3479.  3527.  3545.  2105.  4617.  2650.  1951.  1761.  2434.
  3401.  5323.  3995.  3444.  4094.  6299.  2716.]
98 [ 4659.  3479.  3527.  3547.  2105.  4617.  2648.  1952.  1761.  2432.
  3402.  5318.  4003.  3445.  4094.  6295.  2716.]
99 [ 4658.  3480.  3527.  3546.  2106.  4620.  2648.  1952.  1761.  2432.
  3403.  5314.  4009.  3445.  4094.  6289.  2716.]
100 [ 4658.  3482.  3527.  3544.  2106.  4623.  2647.  1952.  1761.  2432.
  3403.  5306.  4018.  3444.  4094.  6287.  2716.]
101 [ 4657.  3482.  3527.  3542.  2106.  4625.  2647.  1952.  1761.  2432.
  3402.  5298.  4027.  3444.  4094.  6288.  2716.]
102 [ 4654.  3483.  3527.  3542.  2107.  4625.  2647.  1953.  1761.  2432.
  3402.  5289.  4035.  3445.  4094.  6288.  2716.]
103 [ 4653.  3485.  3527.  3542.  2107.  4627.  2646.  1954.  1761.  2432.
  3403.  5274.  4045.  3444.  4093.  6291.  2716.]
104 [ 4650.  3487.  3527.  3540.  2107.  4627.  2645.  1954.  1761.  2432.
  3402.  5263.  4058.  3444.  4094.  6293.  2716.]
105 [ 4649.  3489.  3527.  3539.  2107.  4628.  2645.  1955.  1761.  2432.
  3403.  5254.  4064.  3446.  4094.  6291.  2716.]
106 [ 4649.  3491.  3527.  3537.  2107.  4630.  2646.  1956.  1761.  2433.
  3404.  5239.  4075.  3446.  4094.  6289.  2716.]
107 [ 4649.  3491.  3528.  3535.  2107.  4632.  2647.  1956.  1761.  2434.
  3406.  5221.  4093.  3446.  4094.  6285.  2715.]
108 [ 4650.  3491.  3528.  3536.  2107.  4634.  2647.  1956.  1761.  2433.
  3407.  5209.  4103.  3446.  4094.  6282.  2716.]
109 [ 4651.  3492.  3528.  3535.  2107.  4635.  2647.  1957.  1761.  2433.
  3408.  5201.  4105.  3448.  4094.  6282.  2716.]
110 [ 4652.  3495.  3528.  3533.  2106.  4636.  2648.  1957.  1761.  2432.
  3409.  5196.  4109.  3448.  4095.  6279.  2716.]
111 [ 4649.  3496.  3528.  3532.  2106.  4636.  2648.  1957.  1761.  2431.
  3410.  5187.  4117.  3449.  4096.  6280.  2717.]
112 [ 4648.  3497.  3528.  3533.  2106.  4636.  2648.  1958.  1761.  2431.
  3411.  5175.  4126.  3449.  4097.  6279.  2717.]
113 [ 4647.  3500.  3527.  3532.  2107.  4636.  2648.  1958.  1761.  2431.
  3412.  5168.  4133.  3449.  4098.  6276.  2717.]
114 [ 4645.  3502.  3527.  3532.  2107.  4636.  2648.  1958.  1761.  2431.
  3412.  5158.  4141.  3449.  4098.  6278.  2717.]
115 [ 4646.  3502.  3527.  3532.  2107.  4637.  2648.  1958.  1761.  2431.
  3412.  5150.  4148.  3450.  4098.  6276.  2717.]
116 [ 4646.  3503.  3527.  3531.  2107.  4637.  2649.  1958.  1761.  2431.
  3412.  5145.  4151.  3450.  4098.  6277.  2717.]
117 [ 4641.  3503.  3527.  3531.  2108.  4636.  2650.  1958.  1761.  2431.
  3412.  5143.  4152.  3449.  4099.  6283.  2716.]
118 [ 4634.  3504.  3527.  3531.  2108.  4635.  2650.  1958.  1761.  2431.
  3412.  5142.  4153.  3450.  4098.  6290.  2716.]
119 [ 4630.  3502.  3527.  3530.  2108.  4636.  2650.  1958.  1761.  2431.
  3412.  5138.  4158.  3451.  4100.  6292.  2716.]
120 [ 4630.  3500.  3527.  3530.  2108.  4637.  2650.  1958.  1761.  2431.
  3410.  5135.  4164.  3451.  4102.  6290.  2716.]
121 [ 4630.  3502.  3527.  3530.  2108.  4638.  2651.  1958.  1761.  2431.
  3409.  5130.  4167.  3452.  4102.  6289.  2715.]
122 [ 4632.  3501.  3528.  3529.  2108.  4639.  2651.  1958.  1761.  2431.
  3409.  5123.  4171.  3454.  4102.  6288.  2715.]
123 [ 4633.  3501.  3527.  3527.  2108.  4643.  2651.  1958.  1761.  2431.
  3409.  5117.  4177.  3454.  4101.  6287.  2715.]
124 [ 4634.  3502.  3527.  3527.  2108.  4644.  2651.  1958.  1761.  2430.
  3409.  5112.  4181.  3454.  4101.  6286.  2715.]
125 [ 4635.  3503.  3527.  3527.  2108.  4645.  2651.  1958.  1761.  2430.
  3409.  5110.  4182.  3454.  4102.  6284.  2714.]
126 [ 4636.  3502.  3527.  3528.  2108.  4646.  2651.  1958.  1761.  2430.
  3408.  5108.  4183.  3454.  4103.  6284.  2713.]
127 [ 4636.  3502.  3526.  3528.  2108.  4647.  2651.  1957.  1761.  2430.
  3408.  5106.  4184.  3454.  4105.  6284.  2713.]
128 [ 4636.  3500.  3526.  3528.  2108.  4648.  2651.  1957.  1761.  2430.
  3408.  5104.  4183.  3455.  4108.  6284.  2713.]
129 [ 4636.  3495.  3525.  3528.  2108.  4648.  2651.  1957.  1761.  2431.
  3408.  5103.  4182.  3457.  4114.  6283.  2713.]
130 [ 4636.  3496.  3525.  3528.  2108.  4648.  2651.  1957.  1761.  2430.
  3409.  5102.  4183.  3457.  4114.  6283.  2712.]
131 [ 4636.  3496.  3525.  3528.  2108.  4648.  2651.  1957.  1761.  2430.
  3411.  5102.  4183.  3457.  4112.  6283.  2712.]
132 [ 4636.  3495.  3525.  3528.  2108.  4648.  2651.  1957.  1761.  2430.
  3415.  5102.  4183.  3457.  4109.  6283.  2712.]
133 [ 4636.  3493.  3524.  3528.  2108.  4648.  2651.  1957.  1761.  2430.
  3416.  5102.  4183.  3457.  4111.  6283.  2712.]
134 [ 4636.  3492.  3523.  3528.  2108.  4648.  2651.  1957.  1761.  2430.
  3416.  5103.  4182.  3457.  4113.  6283.  2712.]
135 [ 4636.  3492.  3524.  3528.  2108.  4647.  2651.  1957.  1761.  2430.
  3416.  5102.  4182.  3457.  4114.  6283.  2712.]
136 [ 4636.  3492.  3527.  3528.  2108.  4646.  2651.  1957.  1761.  2430.
  3416.  5102.  4183.  3457.  4113.  6281.  2712.]
137 [ 4636.  3491.  3527.  3528.  2108.  4645.  2651.  1957.  1761.  2430.
  3415.  5102.  4184.  3457.  4115.  6281.  2712.]
138 [ 4636.  3491.  3528.  3528.  2108.  4644.  2651.  1957.  1761.  2430.
  3415.  5102.  4184.  3457.  4116.  6281.  2711.]
139 [ 4636.  3491.  3529.  3528.  2108.  4644.  2651.  1957.  1761.  2430.
  3415.  5102.  4184.  3457.  4116.  6281.  2710.]
140 [ 4636.  3491.  3529.  3528.  2108.  4644.  2651.  1957.  1761.  2430.
  3415.  5102.  4184.  3457.  4117.  6281.  2709.]
141 [ 4637.  3491.  3528.  3527.  2108.  4644.  2651.  1957.  1761.  2430.
  3415.  5102.  4184.  3457.  4117.  6281.  2710.]
[ 4637.  3491.  3528.  3527.  2108.  4644.  2651.  1957.  1761.  2430.
  3415.  5102.  4184.  3457.  4117.  6281.  2710.]
Time spent clustering :  11525.1979201
means_random_cluster17
Digit: 0  Purity: 92.2% SD: 1604.6  Count: 5826
Digit: 1  Purity: 81.0% SD: 1104.5  Count: 8171
Digit: 2  Purity: 92.9% SD: 1712.0  Count: 5140
Digit: 3  Purity: 59.6% SD: 1658.2  Count: 7019
Digit: 4  Purity: 44.8% SD: 1664.2  Count: 4637
Digit: 5  Purity: 38.2% SD: 1585.8  Count: 4184
Digit: 6  Purity: 88.4% SD: 1557.6  Count: 6108
Digit: 7  Purity: 57.4% SD: 1460.8  Count: 5102
Digit: 8  Purity: 57.1% SD: 1597.4  Count: 7532
Digit: 9  Purity: 37.0% SD: 1461.7  Count: 6281
Our accuracy in predicting test data for k = 17 was 66.7466746675 %
Time spent testing :  20.0781087875
