11 means random 100
0 [ 27221.   3439.   1378.   4582.   2943.   6618.   3097.    949.   3356.
   3822.   2595.]
1 [ 18845.   5385.   2566.   5481.   3274.   7256.   3301.   1601.   4399.
   5505.   2387.]
2 [ 13944.   7188.   3107.   5667.   3262.   7429.   3191.   1952.   4931.
   6984.   2345.]
3 [ 11537.   7812.   3238.   5809.   3188.   7474.   3028.   2208.   5147.
   8124.   2435.]
4 [ 10413.   7710.   3261.   5961.   3118.   7613.   2925.   2544.   5245.
   8644.   2566.]
5 [ 9844.  7373.  3290.  6033.  3037.  7802.  2896.  2894.  5280.  8847.
  2704.]
6 [ 9569.  6970.  3317.  6056.  2970.  7964.  2888.  3250.  5285.  8902.
  2829.]
7 [ 9443.  6566.  3308.  6058.  2919.  8100.  2877.  3631.  5286.  8907.
  2905.]
8 [ 9423.  6227.  3273.  6065.  2872.  8231.  2879.  3930.  5283.  8853.
  2964.]
9 [ 9439.  5929.  3244.  6091.  2835.  8315.  2871.  4212.  5273.  8807.
  2984.]
10 [ 9486.  5678.  3207.  6083.  2822.  8385.  2866.  4443.  5272.  8773.
  2985.]
11 [ 9542.  5464.  3183.  6082.  2813.  8446.  2868.  4611.  5271.  8751.
  2969.]
12 [ 9606.  5297.  3151.  6067.  2806.  8496.  2865.  4760.  5269.  8729.
  2954.]
13 [ 9681.  5191.  3119.  6018.  2795.  8536.  2873.  4850.  5285.  8717.
  2935.]
14 [ 9751.  5087.  3092.  5959.  2800.  8585.  2880.  4939.  5305.  8696.
  2906.]
15 [ 9811.  5003.  3046.  5910.  2796.  8623.  2880.  5010.  5343.  8689.
  2889.]
16 [ 9881.  4943.  3014.  5847.  2802.  8665.  2874.  5051.  5374.  8702.
  2847.]
17 [ 9931.  4920.  2987.  5779.  2801.  8701.  2878.  5087.  5407.  8712.
  2797.]
18 [ 9970.  4920.  2958.  5720.  2797.  8731.  2884.  5089.  5431.  8726.
  2774.]
19 [ 10000.   4909.   2930.   5678.   2801.   8754.   2884.   5091.   5452.
   8731.   2770.]
20 [ 10034.   4888.   2915.   5616.   2806.   8785.   2891.   5093.   5464.
   8741.   2767.]
21 [ 10066.   4894.   2908.   5547.   2802.   8805.   2895.   5099.   5471.
   8747.   2766.]
22 [ 10085.   4883.   2915.   5488.   2805.   8821.   2895.   5127.   5462.
   8747.   2772.]
23 [ 10101.   4873.   2912.   5429.   2809.   8836.   2894.   5160.   5455.
   8755.   2776.]
24 [ 10115.   4894.   2908.   5381.   2803.   8851.   2896.   5171.   5440.
   8763.   2778.]
25 [ 10133.   4911.   2905.   5311.   2791.   8870.   2905.   5181.   5436.
   8770.   2787.]
26 [ 10154.   4928.   2907.   5232.   2785.   8886.   2909.   5182.   5437.
   8785.   2795.]
27 [ 10177.   4936.   2905.   5175.   2785.   8893.   2911.   5180.   5438.
   8804.   2796.]
28 [ 10200.   4929.   2899.   5149.   2785.   8902.   2913.   5179.   5440.
   8810.   2794.]
29 [ 10229.   4919.   2894.   5096.   2785.   8914.   2915.   5188.   5443.
   8825.   2792.]
30 [ 10246.   4920.   2893.   5055.   2780.   8923.   2918.   5184.   5440.
   8848.   2793.]
31 [ 10261.   4908.   2894.   5031.   2775.   8933.   2923.   5183.   5438.
   8859.   2795.]
32 [ 10270.   4908.   2893.   5004.   2770.   8942.   2925.   5180.   5440.
   8869.   2799.]
33 [ 10272.   4904.   2894.   4996.   2770.   8952.   2927.   5177.   5441.
   8868.   2799.]
34 [ 10277.   4911.   2893.   4982.   2765.   8965.   2929.   5175.   5440.
   8863.   2800.]
35 [ 10275.   4907.   2893.   4979.   2763.   8971.   2929.   5180.   5438.
   8861.   2804.]
36 [ 10279.   4909.   2893.   4973.   2761.   8972.   2929.   5180.   5437.
   8860.   2807.]
37 [ 10286.   4902.   2895.   4965.   2759.   8977.   2929.   5184.   5432.
   8858.   2813.]
38 [ 10284.   4901.   2895.   4958.   2757.   8982.   2929.   5187.   5429.
   8857.   2821.]
39 [ 10276.   4896.   2901.   4959.   2755.   8986.   2928.   5190.   5425.
   8858.   2826.]
40 [ 10272.   4893.   2905.   4957.   2753.   8993.   2927.   5193.   5423.
   8856.   2828.]
41 [ 10271.   4892.   2908.   4952.   2752.   8999.   2927.   5195.   5422.
   8851.   2831.]
42 [ 10274.   4895.   2908.   4945.   2751.   9002.   2927.   5195.   5422.
   8846.   2835.]
43 [ 10275.   4892.   2911.   4944.   2750.   9006.   2927.   5195.   5421.
   8844.   2835.]
44 [ 10275.   4889.   2912.   4942.   2748.   9008.   2927.   5198.   5422.
   8845.   2834.]
45 [ 10277.   4886.   2913.   4940.   2746.   9011.   2927.   5200.   5421.
   8843.   2836.]
46 [ 10279.   4885.   2914.   4940.   2746.   9013.   2927.   5195.   5420.
   8845.   2836.]
47 [ 10281.   4881.   2914.   4933.   2747.   9012.   2927.   5199.   5421.
   8847.   2838.]
48 [ 10282.   4881.   2915.   4931.   2747.   9012.   2927.   5201.   5420.
   8845.   2839.]
49 [ 10286.   4880.   2915.   4925.   2747.   9012.   2927.   5202.   5420.
   8846.   2840.]
50 [ 10287.   4879.   2915.   4924.   2747.   9012.   2927.   5202.   5420.
   8847.   2840.]
51 [ 10287.   4878.   2915.   4924.   2747.   9012.   2927.   5202.   5420.
   8848.   2840.]
52 [ 10287.   4878.   2915.   4923.   2747.   9013.   2927.   5202.   5420.
   8847.   2841.]
[ 10287.   4878.   2915.   4923.   2747.   9013.   2927.   5202.   5420.
   8847.   2841.]
Time spent clustering :  4267.86989689
means_random_cluster11
Digit: 0  Purity: 90.9% SD: 1676.9  Count: 5674
Digit: 1  Purity: 64.1% SD: 1338.7  Count: 10287
Digit: 2  Purity: 84.1% SD: 1745.8  Count: 5756
Digit: 3  Purity: 50.0% SD: 1667.9  Count: 10080
Digit: 4  Purity: 35.5% SD: 1637.2  Count: 9013
Digit: 5  Purity:  0.0% SD:    0.0  Count: 0
Digit: 6  Purity: 88.0% SD: 1638.4  Count: 5420
Digit: 7  Purity: 42.7% SD: 1518.7  Count: 8847
Digit: 8  Purity: 69.1% SD: 1647.6  Count: 4923
Digit: 9  Purity:  0.0% SD:    0.0  Count: 0
Our accuracy in predicting test data for k = 11 was 61.6261626163 %
Time spent testing :  35.7096221447
