14 means random 100
0 [ 6233.  6459.  4490.  3409.  3302.  1556.  2394.  4023.  6058.  7063.
  3706.  2415.  5016.  3876.]
1 [ 5205.  5559.  3900.  2975.  3856.  1949.  3242.  4017.  5173.  7191.
  4844.  2433.  5803.  3853.]
2 [ 5276.  5510.  3828.  3196.  4281.  2432.  3491.  4033.  4340.  7136.
  5056.  2167.  5326.  3928.]
3 [ 5173.  5565.  3865.  3579.  4495.  2847.  3339.  3987.  4061.  6992.
  5082.  2239.  4735.  4041.]
4 [ 5092.  5657.  3843.  3864.  4404.  3155.  3182.  3796.  4058.  6780.
  5151.  2665.  4223.  4130.]
5 [ 5010.  5744.  3785.  4060.  4185.  3344.  2985.  3599.  4044.  6557.
  5321.  3388.  3863.  4115.]
6 [ 4964.  5839.  3723.  4207.  3801.  3445.  2790.  3486.  4044.  6329.
  5461.  4246.  3645.  4020.]
7 [ 4733.  5911.  3697.  4373.  3392.  3607.  2675.  3336.  4046.  6105.
  5579.  5105.  3512.  3929.]
8 [ 4452.  5992.  3710.  4534.  3359.  3768.  2636.  3162.  4031.  5911.
  5633.  5570.  3392.  3850.]
9 [ 4290.  6069.  3759.  4625.  3517.  3818.  2647.  3120.  3969.  5751.
  5627.  5686.  3316.  3806.]
10 [ 4209.  6126.  3834.  4682.  3694.  3856.  2662.  3100.  3880.  5616.
  5629.  5628.  3312.  3772.]
11 [ 4139.  6172.  3923.  4738.  3821.  3912.  2678.  3100.  3775.  5491.
  5629.  5522.  3347.  3753.]
12 [ 4074.  6233.  4020.  4780.  3942.  3964.  2689.  3083.  3657.  5381.
  5631.  5401.  3417.  3728.]
13 [ 4038.  6280.  4128.  4823.  4071.  4048.  2701.  2995.  3551.  5271.
  5630.  5285.  3476.  3703.]
14 [ 4053.  6335.  4219.  4836.  4178.  4132.  2701.  2955.  3418.  5173.
  5625.  5162.  3535.  3678.]
15 [ 4038.  6377.  4304.  4861.  4273.  4228.  2703.  2873.  3304.  5075.
  5631.  5035.  3631.  3667.]
16 [ 4019.  6404.  4408.  4881.  4328.  4336.  2711.  2815.  3203.  4968.
  5616.  4950.  3692.  3669.]
17 [ 3999.  6437.  4518.  4898.  4356.  4411.  2733.  2808.  3095.  4879.
  5598.  4870.  3739.  3659.]
18 [ 4030.  6459.  4605.  4895.  4373.  4481.  2746.  2797.  3011.  4813.
  5577.  4810.  3759.  3644.]
19 [ 4050.  6473.  4683.  4885.  4374.  4572.  2750.  2775.  2951.  4737.
  5561.  4766.  3773.  3650.]
20 [ 4047.  6492.  4747.  4889.  4377.  4650.  2751.  2779.  2898.  4650.
  5551.  4742.  3784.  3643.]
21 [ 4050.  6498.  4807.  4901.  4371.  4725.  2752.  2776.  2862.  4569.
  5552.  4721.  3774.  3642.]
22 [ 4068.  6500.  4850.  4897.  4370.  4791.  2754.  2766.  2843.  4479.
  5552.  4710.  3771.  3649.]
23 [ 4075.  6513.  4890.  4884.  4362.  4819.  2753.  2769.  2832.  4430.
  5553.  4707.  3764.  3649.]
24 [ 4086.  6512.  4917.  4856.  4357.  4856.  2754.  2768.  2820.  4402.
  5550.  4709.  3761.  3652.]
25 [ 4107.  6499.  4943.  4851.  4357.  4869.  2755.  2767.  2817.  4368.
  5548.  4714.  3757.  3648.]
26 [ 4122.  6504.  4955.  4852.  4355.  4900.  2757.  2758.  2812.  4330.
  5535.  4717.  3760.  3643.]
27 [ 4121.  6508.  4971.  4840.  4356.  4928.  2758.  2751.  2805.  4306.
  5523.  4726.  3764.  3643.]
28 [ 4138.  6516.  4982.  4822.  4360.  4950.  2758.  2751.  2796.  4282.
  5510.  4725.  3768.  3642.]
29 [ 4145.  6520.  4992.  4808.  4362.  4975.  2759.  2752.  2796.  4249.
  5510.  4721.  3767.  3644.]
30 [ 4154.  6525.  5003.  4774.  4362.  4987.  2760.  2753.  2793.  4247.
  5508.  4727.  3767.  3640.]
31 [ 4160.  6529.  5011.  4749.  4360.  5015.  2761.  2751.  2792.  4241.
  5502.  4720.  3768.  3641.]
32 [ 4159.  6527.  5021.  4736.  4353.  5043.  2760.  2750.  2787.  4230.
  5500.  4724.  3770.  3640.]
33 [ 4165.  6528.  5025.  4726.  4350.  5060.  2760.  2751.  2784.  4223.
  5498.  4720.  3772.  3638.]
34 [ 4178.  6526.  5028.  4711.  4351.  5081.  2756.  2751.  2781.  4213.
  5496.  4718.  3771.  3639.]
35 [ 4190.  6525.  5031.  4697.  4350.  5087.  2756.  2751.  2779.  4217.
  5493.  4716.  3770.  3638.]
36 [ 4204.  6525.  5034.  4691.  4350.  5087.  2755.  2753.  2778.  4219.
  5482.  4716.  3769.  3637.]
37 [ 4219.  6523.  5034.  4682.  4350.  5095.  2754.  2755.  2776.  4219.
  5470.  4718.  3767.  3638.]
38 [ 4237.  6526.  5033.  4668.  4350.  5103.  2755.  2760.  2775.  4209.
  5458.  4719.  3771.  3636.]
39 [ 4251.  6527.  5033.  4660.  4352.  5104.  2755.  2764.  2772.  4207.
  5449.  4720.  3772.  3634.]
40 [ 4257.  6525.  5035.  4650.  4354.  5112.  2756.  2766.  2772.  4202.
  5449.  4718.  3772.  3632.]
41 [ 4258.  6524.  5037.  4648.  4354.  5117.  2756.  2766.  2773.  4198.
  5448.  4717.  3773.  3631.]
42 [ 4258.  6520.  5035.  4646.  4354.  5125.  2756.  2766.  2771.  4197.
  5451.  4719.  3773.  3629.]
43 [ 4257.  6520.  5034.  4641.  4354.  5130.  2756.  2768.  2770.  4196.
  5452.  4720.  3774.  3628.]
44 [ 4255.  6521.  5034.  4633.  4356.  5135.  2756.  2767.  2770.  4200.
  5455.  4718.  3773.  3627.]
45 [ 4251.  6525.  5033.  4626.  4357.  5139.  2757.  2766.  2769.  4206.
  5457.  4717.  3773.  3624.]
46 [ 4250.  6525.  5033.  4619.  4357.  5140.  2757.  2767.  2767.  4213.
  5458.  4719.  3773.  3622.]
47 [ 4250.  6527.  5033.  4611.  4356.  5141.  2757.  2769.  2765.  4222.
  5456.  4718.  3773.  3622.]
48 [ 4251.  6528.  5033.  4604.  4356.  5142.  2758.  2769.  2762.  4230.
  5457.  4716.  3773.  3621.]
49 [ 4251.  6527.  5032.  4598.  4356.  5148.  2759.  2770.  2759.  4231.
  5459.  4716.  3773.  3621.]
50 [ 4251.  6527.  5033.  4596.  4356.  5150.  2760.  2771.  2757.  4231.
  5460.  4715.  3773.  3620.]
51 [ 4251.  6529.  5034.  4595.  4356.  5150.  2760.  2771.  2757.  4231.
  5460.  4713.  3773.  3620.]
52 [ 4251.  6530.  5034.  4594.  4356.  5153.  2760.  2771.  2757.  4229.
  5460.  4712.  3773.  3620.]
53 [ 4251.  6530.  5033.  4594.  4355.  5155.  2760.  2771.  2757.  4228.
  5461.  4712.  3773.  3620.]
54 [ 4251.  6530.  5032.  4593.  4355.  5157.  2760.  2771.  2757.  4227.
  5461.  4712.  3774.  3620.]
55 [ 4250.  6530.  5031.  4593.  4355.  5157.  2760.  2771.  2757.  4229.
  5461.  4712.  3774.  3620.]
56 [ 4250.  6529.  5031.  4594.  4355.  5159.  2760.  2771.  2756.  4228.
  5461.  4712.  3774.  3620.]
57 [ 4250.  6529.  5031.  4593.  4355.  5160.  2760.  2771.  2756.  4228.
  5461.  4712.  3774.  3620.]
58 [ 4250.  6529.  5031.  4593.  4355.  5161.  2760.  2771.  2756.  4227.
  5461.  4712.  3774.  3620.]
59 [ 4250.  6530.  5031.  4592.  4355.  5160.  2760.  2771.  2756.  4228.
  5461.  4712.  3774.  3620.]
60 [ 4250.  6531.  5031.  4592.  4355.  5159.  2760.  2771.  2755.  4229.
  5461.  4712.  3774.  3620.]
61 [ 4250.  6530.  5031.  4590.  4355.  5159.  2760.  2771.  2756.  4230.
  5461.  4713.  3774.  3620.]
62 [ 4250.  6530.  5031.  4586.  4355.  5158.  2760.  2771.  2757.  4233.
  5461.  4714.  3774.  3620.]
63 [ 4249.  6529.  5031.  4586.  4355.  5156.  2760.  2772.  2757.  4235.
  5461.  4715.  3774.  3620.]
64 [ 4249.  6530.  5031.  4586.  4355.  5156.  2760.  2775.  2757.  4231.
  5461.  4714.  3774.  3621.]
65 [ 4249.  6530.  5031.  4585.  4355.  5157.  2759.  2775.  2757.  4230.
  5461.  4714.  3774.  3623.]
66 [ 4249.  6530.  5031.  4585.  4355.  5156.  2757.  2775.  2757.  4230.
  5461.  4715.  3774.  3625.]
67 [ 4249.  6530.  5032.  4585.  4355.  5156.  2756.  2775.  2757.  4230.
  5461.  4715.  3774.  3625.]
[ 4249.  6530.  5032.  4585.  4355.  5156.  2756.  2775.  2757.  4230.
  5461.  4715.  3774.  3625.]
Time spent clustering :  6246.95771909
means_random_cluster14
Digit: 0  Purity: 91.6% SD: 1666.5  Count: 5532
Digit: 1  Purity: 75.4% SD: 1154.1  Count: 8806
Digit: 2  Purity: 94.9% SD: 1777.6  Count: 4355
Digit: 3  Purity: 52.8% SD: 1669.7  Count: 9386
Digit: 4  Purity: 44.4% SD: 1669.3  Count: 4715
Digit: 5  Purity: 38.8% SD: 1612.0  Count: 4249
Digit: 6  Purity: 85.2% SD: 1571.5  Count: 6381
Digit: 7  Purity: 54.2% SD: 1469.3  Count: 5461
Digit: 8  Purity: 72.4% SD: 1626.0  Count: 4585
Digit: 9  Purity: 35.8% SD: 1469.2  Count: 6530
Our accuracy in predicting test data for k = 14 was 64.3564356436 %
Time spent testing :  29.813095808
