15 means kplusplus 100
0 [ 3356.  3814.  4547.  5417.  3464.  3032.  6094.  3674.  3867.  2882.
  3967.  3087.  3148.  4179.  5472.]
1 [ 3229.  3746.  4759.  5254.  3370.  3251.  6595.  3538.  3346.  3111.
  4348.  3698.  3241.  3603.  4911.]
2 [ 3447.  3788.  4783.  5002.  3389.  3410.  6631.  3470.  3176.  3229.
  4469.  3964.  3283.  3352.  4607.]
3 [ 3762.  3787.  4755.  4766.  3449.  3485.  6503.  3512.  3049.  3383.
  4466.  4038.  3370.  3240.  4435.]
4 [ 4032.  3792.  4725.  4582.  3475.  3522.  6304.  3588.  2983.  3513.
  4431.  4066.  3444.  3205.  4338.]
5 [ 4175.  3806.  4700.  4502.  3462.  3531.  6148.  3666.  2951.  3611.
  4402.  4067.  3494.  3226.  4259.]
6 [ 4257.  3818.  4711.  4492.  3460.  3532.  6006.  3709.  2942.  3642.
  4379.  4054.  3529.  3279.  4190.]
7 [ 4282.  3848.  4748.  4497.  3461.  3538.  5874.  3737.  2938.  3636.
  4350.  4051.  3556.  3350.  4134.]
8 [ 4305.  3889.  4763.  4528.  3471.  3517.  5742.  3751.  2976.  3589.
  4344.  4044.  3580.  3410.  4091.]
9 [ 4306.  3921.  4805.  4581.  3490.  3468.  5623.  3773.  3009.  3531.
  4334.  4040.  3617.  3457.  4045.]
10 [ 4322.  3950.  4849.  4632.  3517.  3430.  5474.  3809.  3072.  3465.
  4318.  4044.  3649.  3497.  3972.]
11 [ 4308.  3987.  4912.  4709.  3551.  3354.  5331.  3850.  3107.  3409.
  4305.  4070.  3690.  3523.  3894.]
12 [ 4272.  4009.  4987.  4792.  3576.  3309.  5200.  3906.  3157.  3357.
  4305.  4081.  3725.  3549.  3775.]
13 [ 4261.  4043.  5042.  4912.  3614.  3195.  5059.  3961.  3190.  3338.
  4312.  4087.  3756.  3562.  3668.]
14 [ 4273.  4081.  5087.  5001.  3657.  3090.  4913.  4006.  3265.  3330.
  4322.  4083.  3780.  3572.  3540.]
15 [ 4270.  4108.  5136.  5060.  3676.  3012.  4774.  4053.  3342.  3340.
  4331.  4100.  3812.  3587.  3399.]
16 [ 4266.  4133.  5169.  5095.  3670.  2956.  4681.  4091.  3426.  3349.
  4346.  4099.  3840.  3609.  3270.]
17 [ 4297.  4155.  5200.  5093.  3662.  2925.  4579.  4132.  3504.  3336.
  4348.  4116.  3864.  3627.  3162.]
18 [ 4318.  4161.  5234.  5086.  3651.  2878.  4480.  4162.  3570.  3337.
  4362.  4146.  3892.  3647.  3076.]
19 [ 4356.  4169.  5252.  5064.  3632.  2867.  4381.  4190.  3635.  3338.
  4378.  4155.  3916.  3674.  2993.]
20 [ 4371.  4171.  5279.  5043.  3605.  2851.  4314.  4224.  3697.  3332.
  4391.  4155.  3931.  3694.  2942.]
21 [ 4379.  4177.  5294.  5019.  3578.  2831.  4251.  4263.  3747.  3345.
  4400.  4151.  3941.  3717.  2907.]
22 [ 4389.  4173.  5310.  4998.  3553.  2838.  4191.  4280.  3776.  3357.
  4416.  4165.  3959.  3731.  2864.]
23 [ 4391.  4169.  5325.  4966.  3536.  2835.  4133.  4313.  3799.  3374.
  4428.  4175.  3976.  3740.  2840.]
24 [ 4433.  4168.  5337.  4953.  3515.  2838.  4040.  4349.  3814.  3385.
  4432.  4182.  3982.  3753.  2819.]
25 [ 4490.  4165.  5348.  4927.  3498.  2843.  3955.  4375.  3823.  3391.
  4439.  4183.  3993.  3765.  2805.]
26 [ 4520.  4163.  5364.  4908.  3482.  2844.  3877.  4400.  3822.  3413.
  4437.  4194.  3997.  3785.  2794.]
27 [ 4544.  4165.  5369.  4885.  3464.  2856.  3795.  4433.  3812.  3438.
  4444.  4209.  4000.  3800.  2786.]
28 [ 4519.  4163.  5385.  4868.  3461.  2861.  3732.  4476.  3770.  3489.
  4451.  4234.  3997.  3817.  2777.]
29 [ 4495.  4162.  5397.  4842.  3456.  2874.  3684.  4529.  3727.  3538.
  4445.  4254.  3991.  3836.  2770.]
30 [ 4458.  4160.  5399.  4836.  3443.  2882.  3668.  4563.  3685.  3570.
  4445.  4283.  3986.  3856.  2766.]
31 [ 4435.  4157.  5404.  4846.  3429.  2890.  3651.  4604.  3633.  3584.
  4437.  4299.  3989.  3885.  2757.]
32 [ 4401.  4153.  5418.  4865.  3412.  2889.  3653.  4640.  3586.  3590.
  4431.  4320.  3989.  3903.  2750.]
33 [ 4329.  4156.  5424.  4867.  3407.  2883.  3676.  4678.  3549.  3620.
  4418.  4342.  3987.  3917.  2747.]
34 [ 4292.  4154.  5420.  4875.  3403.  2870.  3700.  4708.  3517.  3645.
  4412.  4342.  3990.  3925.  2747.]
35 [ 4247.  4151.  5419.  4886.  3401.  2854.  3734.  4726.  3481.  3685.
  4402.  4355.  3984.  3928.  2747.]
36 [ 4192.  4148.  5411.  4893.  3400.  2846.  3760.  4737.  3453.  3744.
  4397.  4362.  3983.  3926.  2748.]
37 [ 4136.  4151.  5408.  4897.  3398.  2832.  3771.  4746.  3444.  3802.
  4392.  4360.  3986.  3924.  2753.]
38 [ 4070.  4150.  5406.  4903.  3398.  2821.  3781.  4749.  3446.  3860.
  4386.  4362.  3987.  3924.  2757.]
39 [ 3999.  4152.  5401.  4917.  3399.  2811.  3790.  4751.  3443.  3920.
  4384.  4366.  3987.  3919.  2761.]
40 [ 3952.  4153.  5393.  4927.  3396.  2808.  3805.  4751.  3427.  3967.
  4382.  4367.  3992.  3914.  2766.]
41 [ 3927.  4151.  5388.  4939.  3397.  2805.  3806.  4750.  3408.  4008.
  4379.  4369.  3995.  3909.  2769.]
42 [ 3888.  4150.  5382.  4953.  3395.  2802.  3811.  4742.  3404.  4048.
  4377.  4371.  3992.  3910.  2775.]
43 [ 3859.  4152.  5377.  4962.  3398.  2795.  3811.  4736.  3401.  4076.
  4377.  4375.  3991.  3911.  2779.]
44 [ 3835.  4153.  5373.  4969.  3398.  2789.  3808.  4730.  3403.  4109.
  4374.  4375.  3991.  3911.  2782.]
45 [ 3827.  4152.  5368.  4974.  3399.  2784.  3806.  4725.  3405.  4120.
  4373.  4377.  3991.  3913.  2786.]
46 [ 3817.  4155.  5355.  4979.  3400.  2777.  3811.  4725.  3399.  4139.
  4371.  4377.  3990.  3913.  2792.]
47 [ 3812.  4156.  5343.  4987.  3402.  2771.  3812.  4726.  3389.  4159.
  4370.  4377.  3990.  3911.  2795.]
48 [ 3812.  4157.  5337.  4997.  3402.  2766.  3818.  4724.  3381.  4160.
  4366.  4376.  3996.  3911.  2797.]
49 [ 3811.  4157.  5335.  5003.  3405.  2762.  3824.  4724.  3374.  4162.
  4363.  4374.  3996.  3910.  2800.]
50 [ 3800.  4156.  5337.  5011.  3410.  2759.  3826.  4723.  3371.  4170.
  4362.  4373.  3993.  3909.  2800.]
51 [ 3789.  4157.  5335.  5018.  3413.  2759.  3828.  4720.  3361.  4182.
  4363.  4373.  3991.  3911.  2800.]
52 [ 3781.  4160.  5334.  5018.  3417.  2758.  3825.  4717.  3361.  4189.
  4362.  4373.  3994.  3911.  2800.]
53 [ 3775.  4164.  5333.  5019.  3421.  2759.  3824.  4711.  3364.  4190.
  4363.  4373.  3995.  3910.  2799.]
54 [ 3768.  4164.  5331.  5016.  3425.  2760.  3819.  4706.  3365.  4202.
  4365.  4373.  3994.  3912.  2800.]
55 [ 3765.  4164.  5330.  5017.  3427.  2759.  3812.  4705.  3370.  4206.
  4366.  4374.  3994.  3909.  2802.]
56 [ 3762.  4164.  5327.  5024.  3429.  2759.  3807.  4705.  3366.  4211.
  4368.  4374.  3995.  3907.  2802.]
57 [ 3759.  4164.  5325.  5032.  3430.  2759.  3807.  4703.  3364.  4213.
  4368.  4374.  3996.  3904.  2802.]
58 [ 3750.  4164.  5326.  5039.  3432.  2758.  3807.  4703.  3356.  4225.
  4366.  4373.  3996.  3903.  2802.]
59 [ 3739.  4165.  5324.  5043.  3436.  2758.  3808.  4701.  3357.  4232.
  4366.  4374.  3995.  3900.  2802.]
60 [ 3734.  4165.  5323.  5046.  3437.  2758.  3804.  4701.  3351.  4246.
  4365.  4375.  3994.  3899.  2802.]
61 [ 3732.  4168.  5322.  5052.  3438.  2755.  3800.  4699.  3349.  4253.
  4365.  4375.  3995.  3895.  2802.]
62 [ 3729.  4169.  5321.  5056.  3440.  2755.  3797.  4700.  3350.  4253.
  4365.  4376.  3994.  3893.  2802.]
63 [ 3725.  4169.  5321.  5062.  3442.  2755.  3797.  4700.  3351.  4249.
  4365.  4376.  3993.  3893.  2802.]
64 [ 3720.  4169.  5319.  5069.  3442.  2756.  3797.  4699.  3347.  4252.
  4365.  4376.  3993.  3894.  2802.]
65 [ 3717.  4169.  5319.  5074.  3443.  2757.  3797.  4698.  3346.  4249.
  4365.  4377.  3993.  3894.  2802.]
66 [ 3718.  4169.  5319.  5076.  3443.  2757.  3797.  4699.  3344.  4249.
  4364.  4377.  3993.  3893.  2802.]
67 [ 3718.  4169.  5318.  5079.  3444.  2757.  3797.  4699.  3345.  4247.
  4363.  4377.  3992.  3893.  2802.]
68 [ 3719.  4170.  5317.  5080.  3445.  2757.  3796.  4699.  3347.  4245.
  4363.  4376.  3992.  3892.  2802.]
69 [ 3719.  4170.  5317.  5083.  3446.  2757.  3795.  4698.  3345.  4246.
  4363.  4376.  3991.  3892.  2802.]
70 [ 3720.  4170.  5317.  5082.  3446.  2757.  3794.  4698.  3344.  4248.
  4363.  4376.  3991.  3892.  2802.]
71 [ 3720.  4170.  5316.  5082.  3446.  2757.  3794.  4698.  3344.  4249.
  4363.  4376.  3991.  3892.  2802.]
[ 3720.  4170.  5316.  5082.  3446.  2757.  3794.  4698.  3344.  4249.
  4363.  4376.  3991.  3892.  2802.]
Time spent clustering :  6593.05659103
means_kplusplus_cluster15
Digit: 0  Purity: 91.8% SD: 1669.0  Count: 5559
Digit: 1  Purity: 77.4% SD: 1141.5  Count: 8590
Digit: 2  Purity: 94.9% SD: 1781.4  Count: 4376
Digit: 3  Purity: 58.3% SD: 1659.6  Count: 7514
Digit: 4  Purity: 50.9% SD: 1596.4  Count: 8354
Digit: 5  Purity:  0.0% SD:    0.0  Count: 0
Digit: 6  Purity: 64.9% SD: 1604.9  Count: 8528
Digit: 7  Purity: 54.5% SD: 1435.2  Count: 9486
Digit: 8  Purity: 58.1% SD: 1614.7  Count: 7593
Digit: 9  Purity:  0.0% SD:    0.0  Count: 0
Our accuracy in predicting test data for k = 15 was 65.6265626563 %
Time spent testing :  35.8538880348
