10 means random 100
0 [  5143.   2561.   2490.   3451.   1579.   4788.  20216.   5024.   5751.
   8997.]
1 [  6730.   2744.   2499.   3471.   3205.   6703.  16955.   5154.   4482.
   8057.]
2 [  7808.   3218.   2508.   3375.   4749.   7790.  14286.   5380.   3450.
   7436.]
3 [  8024.   4088.   2736.   3276.   5439.   8348.  11898.   5615.   3023.
   7553.]
4 [  7854.   4443.   3173.   3159.   5834.   8121.  10770.   5969.   2812.
   7865.]
5 [  7838.   4234.   3626.   3093.   6135.   7945.  10242.   6063.   2710.
   8114.]
6 [ 7830.  3974.  4083.  3065.  6348.  7837.  9991.  5949.  2633.  8290.]
7 [ 7811.  3830.  4536.  3043.  6364.  7763.  9894.  5786.  2581.  8392.]
8 [ 7761.  3784.  4923.  3038.  6327.  7733.  9836.  5598.  2570.  8430.]
9 [ 7706.  3798.  5251.  3040.  6231.  7723.  9797.  5433.  2593.  8428.]
10 [ 7681.  3825.  5453.  3053.  6139.  7737.  9798.  5289.  2635.  8390.]
11 [ 7648.  3852.  5601.  3079.  6039.  7777.  9805.  5169.  2673.  8357.]
12 [ 7625.  3887.  5640.  3127.  5929.  7823.  9835.  5109.  2719.  8306.]
13 [ 7607.  3927.  5545.  3163.  5890.  7849.  9907.  5114.  2779.  8219.]
14 [  7594.   3953.   5366.   3190.   5893.   7860.  10000.   5187.   2834.
   8123.]
15 [  7584.   3989.   5172.   3214.   5919.   7821.  10093.   5297.   2887.
   8024.]
16 [  7586.   4024.   4988.   3239.   5976.   7767.  10172.   5420.   2930.
   7898.]
17 [  7607.   4060.   4836.   3266.   6035.   7681.  10235.   5527.   2962.
   7791.]
18 [  7642.   4074.   4783.   3260.   6075.   7605.  10260.   5601.   2985.
   7715.]
19 [  7679.   4089.   4777.   3253.   6125.   7522.  10268.   5632.   3005.
   7650.]
20 [  7693.   4110.   4768.   3231.   6194.   7452.  10276.   5648.   3026.
   7602.]
21 [  7692.   4151.   4764.   3216.   6274.   7385.  10272.   5651.   3042.
   7553.]
22 [  7683.   4183.   4759.   3197.   6317.   7339.  10279.   5656.   3058.
   7529.]
23 [  7676.   4213.   4758.   3191.   6343.   7303.  10285.   5653.   3068.
   7510.]
24 [  7662.   4256.   4760.   3187.   6372.   7253.  10287.   5651.   3075.
   7497.]
25 [  7660.   4286.   4756.   3185.   6386.   7215.  10291.   5651.   3082.
   7488.]
26 [  7632.   4367.   4754.   3181.   6401.   7154.  10298.   5651.   3085.
   7477.]
27 [  7577.   4472.   4754.   3176.   6425.   7093.  10304.   5651.   3087.
   7461.]
28 [  7516.   4574.   4757.   3172.   6431.   7048.  10311.   5649.   3087.
   7455.]
29 [  7442.   4711.   4757.   3169.   6440.   6974.  10320.   5648.   3086.
   7453.]
30 [  7380.   4851.   4755.   3166.   6448.   6900.  10314.   5647.   3086.
   7453.]
31 [  7287.   5050.   4755.   3161.   6440.   6814.  10302.   5649.   3084.
   7458.]
32 [  7172.   5300.   4756.   3159.   6433.   6698.  10290.   5648.   3083.
   7461.]
33 [  7028.   5565.   4758.   3160.   6436.   6582.  10276.   5647.   3079.
   7469.]
34 [  6888.   5816.   4760.   3158.   6434.   6497.  10256.   5644.   3077.
   7470.]
35 [  6728.   6073.   4761.   3151.   6442.   6415.  10238.   5635.   3076.
   7481.]
36 [  6573.   6300.   4759.   3147.   6431.   6365.  10231.   5628.   3075.
   7491.]
37 [  6449.   6474.   4757.   3145.   6428.   6329.  10228.   5624.   3072.
   7494.]
38 [  6348.   6598.   4754.   3146.   6419.   6313.  10227.   5621.   3071.
   7503.]
39 [  6262.   6704.   4750.   3145.   6409.   6300.  10230.   5617.   3070.
   7513.]
40 [  6180.   6784.   4747.   3146.   6406.   6303.  10232.   5611.   3068.
   7523.]
41 [  6089.   6857.   4745.   3145.   6404.   6314.  10240.   5608.   3068.
   7530.]
42 [  6010.   6930.   4742.   3140.   6400.   6320.  10246.   5608.   3068.
   7536.]
43 [  5947.   6995.   4739.   3137.   6398.   6317.  10253.   5605.   3067.
   7542.]
44 [  5872.   7048.   4738.   3135.   6398.   6332.  10261.   5603.   3066.
   7547.]
45 [  5814.   7075.   4736.   3134.   6394.   6357.  10273.   5603.   3063.
   7551.]
46 [  5762.   7106.   4737.   3133.   6390.   6378.  10278.   5602.   3059.
   7555.]
47 [  5717.   7118.   4738.   3130.   6384.   6404.  10288.   5601.   3058.
   7562.]
48 [  5680.   7138.   4735.   3131.   6375.   6414.  10301.   5599.   3059.
   7568.]
49 [  5645.   7149.   4737.   3131.   6374.   6431.  10302.   5597.   3062.
   7572.]
50 [  5619.   7152.   4735.   3130.   6369.   6454.  10304.   5593.   3063.
   7581.]
51 [  5588.   7159.   4732.   3128.   6373.   6467.  10307.   5595.   3065.
   7586.]
52 [  5565.   7160.   4733.   3126.   6378.   6484.  10310.   5591.   3064.
   7589.]
53 [  5552.   7156.   4734.   3125.   6389.   6495.  10307.   5584.   3064.
   7594.]
54 [  5542.   7162.   4737.   3124.   6384.   6504.  10311.   5576.   3064.
   7596.]
55 [  5536.   7150.   4739.   3122.   6378.   6516.  10318.   5571.   3063.
   7607.]
56 [  5526.   7147.   4740.   3119.   6376.   6517.  10325.   5568.   3063.
   7619.]
57 [  5520.   7146.   4743.   3115.   6371.   6512.  10338.   5565.   3065.
   7625.]
58 [  5510.   7148.   4744.   3114.   6369.   6509.  10346.   5568.   3065.
   7627.]
59 [  5498.   7151.   4742.   3115.   6369.   6515.  10346.   5570.   3065.
   7629.]
60 [  5488.   7149.   4742.   3116.   6369.   6520.  10348.   5570.   3064.
   7634.]
61 [  5475.   7154.   4743.   3117.   6369.   6524.  10351.   5567.   3064.
   7636.]
62 [  5458.   7166.   4743.   3118.   6369.   6526.  10355.   5565.   3066.
   7634.]
63 [  5448.   7168.   4744.   3119.   6369.   6533.  10355.   5561.   3068.
   7635.]
64 [  5438.   7172.   4744.   3120.   6367.   6540.  10354.   5559.   3068.
   7638.]
65 [  5433.   7172.   4744.   3119.   6368.   6545.  10356.   5557.   3068.
   7638.]
66 [  5430.   7175.   4745.   3117.   6367.   6548.  10358.   5554.   3067.
   7639.]
67 [  5428.   7177.   4745.   3114.   6369.   6551.  10358.   5552.   3066.
   7640.]
68 [  5427.   7178.   4745.   3113.   6369.   6551.  10360.   5552.   3064.
   7641.]
69 [  5424.   7181.   4745.   3113.   6368.   6555.  10360.   5549.   3064.
   7641.]
70 [  5430.   7173.   4745.   3113.   6370.   6563.  10360.   5543.   3063.
   7640.]
71 [  5435.   7164.   4745.   3113.   6369.   6571.  10360.   5538.   3063.
   7642.]
72 [  5432.   7164.   4745.   3113.   6371.   6575.  10358.   5536.   3063.
   7643.]
73 [  5441.   7158.   4743.   3112.   6368.   6582.  10362.   5527.   3063.
   7644.]
74 [  5446.   7157.   4742.   3112.   6369.   6585.  10361.   5520.   3062.
   7646.]
75 [  5451.   7160.   4743.   3112.   6367.   6588.  10361.   5515.   3059.
   7644.]
76 [  5458.   7161.   4741.   3112.   6367.   6590.  10364.   5505.   3058.
   7644.]
77 [  5463.   7163.   4740.   3112.   6366.   6593.  10363.   5499.   3057.
   7644.]
78 [  5463.   7168.   4739.   3112.   6365.   6596.  10363.   5494.   3057.
   7643.]
79 [  5464.   7170.   4740.   3111.   6365.   6598.  10363.   5489.   3057.
   7643.]
80 [  5469.   7168.   4740.   3110.   6365.   6601.  10363.   5484.   3057.
   7643.]
81 [  5472.   7170.   4739.   3110.   6365.   6603.  10363.   5478.   3057.
   7643.]
82 [  5474.   7175.   4738.   3110.   6365.   6605.  10363.   5472.   3055.
   7643.]
83 [  5471.   7186.   4736.   3108.   6367.   6606.  10362.   5469.   3054.
   7641.]
84 [  5469.   7194.   4736.   3107.   6368.   6611.  10360.   5462.   3053.
   7640.]
85 [  5469.   7196.   4736.   3106.   6367.   6615.  10361.   5462.   3053.
   7635.]
86 [  5474.   7199.   4736.   3104.   6367.   6617.  10358.   5456.   3053.
   7636.]
87 [  5471.   7207.   4736.   3101.   6368.   6618.  10357.   5453.   3052.
   7637.]
88 [  5470.   7211.   4736.   3099.   6368.   6619.  10359.   5451.   3051.
   7636.]
89 [  5466.   7213.   4736.   3098.   6368.   6622.  10360.   5450.   3050.
   7637.]
90 [  5464.   7215.   4735.   3097.   6368.   6625.  10359.   5448.   3050.
   7639.]
91 [  5458.   7218.   4735.   3096.   6368.   6627.  10361.   5448.   3049.
   7640.]
92 [  5449.   7225.   4735.   3096.   6368.   6628.  10364.   5448.   3048.
   7639.]
93 [  5442.   7232.   4733.   3096.   6368.   6633.  10363.   5447.   3047.
   7639.]
94 [  5441.   7231.   4731.   3096.   6368.   6639.  10363.   5445.   3045.
   7641.]
95 [  5443.   7224.   4732.   3096.   6368.   6644.  10364.   5443.   3043.
   7643.]
96 [  5443.   7223.   4732.   3096.   6368.   6643.  10369.   5441.   3042.
   7643.]
97 [  5440.   7224.   4732.   3096.   6367.   6646.  10370.   5441.   3042.
   7642.]
98 [  5442.   7222.   4730.   3096.   6367.   6649.  10370.   5441.   3042.
   7641.]
99 [  5440.   7223.   4730.   3096.   6366.   6652.  10369.   5441.   3042.
   7641.]
100 [  5440.   7221.   4730.   3096.   6366.   6653.  10370.   5441.   3042.
   7641.]
[  5440.   7221.   4730.   3096.   6366.   6653.  10370.   5441.   3042.
   7641.]
Time spent clustering :  6564.869596
means_random_cluster10
Digit: 0  Purity: 85.9% SD: 1694.7  Count: 6138
Digit: 1  Purity: 63.7% SD: 1346.7  Count: 10370
Digit: 2  Purity: 88.8% SD: 1789.3  Count: 4730
Digit: 3  Purity: 52.5% SD: 1713.0  Count: 7641
Digit: 4  Purity: 42.0% SD: 1718.7  Count: 5440
Digit: 5  Purity:  0.0% SD:    0.0  Count: 0
Digit: 6  Purity: 85.9% SD: 1627.5  Count: 5441
Digit: 7  Purity: 37.5% SD: 1503.3  Count: 13874
Digit: 8  Purity: 53.2% SD: 1663.1  Count: 6366
Digit: 9  Purity:  0.0% SD:    0.0  Count: 0
Our accuracy in predicting test data for k = 10 was 59.4659465947 %
Time spent testing :  22.1549830437
