45 means kplusplus 100
0 [ 1880.  1505.   682.  2059.   664.  1200.   712.  1590.  1194.  1414.
  1132.  1207.  2019.   807.  1877.  1182.  1678.  1254.   783.   711.
  1553.  1086.  2198.  2863.   943.  1302.   589.  1932.  1615.  1258.
  1808.   595.  1173.  1799.   690.  2244.  1291.   881.   924.  1596.
   935.  1280.  1610.  1019.  1266.]
1 [ 1841.  1322.   983.  1910.   724.  1154.   845.  1488.  1273.  1572.
  1090.  1037.  1537.   983.  1792.  1206.  1857.  1294.   919.   901.
  1539.  1197.  2020.  2822.  1009.  1342.   731.  2017.  1653.  1113.
  1691.   712.  1098.  1856.   798.  2107.   938.   840.   918.  1538.
  1111.  1279.  1453.  1127.  1363.]
2 [ 1784.  1216.  1095.  1842.   772.  1160.  1006.  1478.  1282.  1704.
  1102.   951.  1487.  1055.  1812.  1233.  2229.  1297.   971.   923.
  1563.  1245.  1945.  2601.   973.  1343.   794.  1884.  1563.  1061.
  1555.   794.  1060.  1830.   869.  1963.   888.   882.   889.  1506.
  1291.  1198.  1402.  1210.  1292.]
3 [ 1733.  1172.  1104.  1831.   799.  1133.  1155.  1517.  1311.  1770.
  1170.   897.  1470.  1077.  1843.  1303.  2398.  1288.   988.   909.
  1580.  1265.  1899.  2387.   914.  1354.   811.  1754.  1498.  1023.
  1451.   834.  1053.  1775.   937.  1837.   945.   982.   864.  1492.
  1391.  1174.  1359.  1284.  1269.]
4 [ 1669.  1157.  1064.  1850.   816.  1137.  1294.  1552.  1341.  1785.
  1302.   879.  1479.  1079.  1891.  1348.  2478.  1279.  1007.   887.
  1616.  1264.  1871.  2245.   885.  1349.   809.  1624.  1423.  1026.
  1376.   840.  1057.  1734.  1002.  1696.  1025.  1054.   848.  1449.
  1448.  1157.  1322.  1332.  1254.]
5 [ 1646.  1172.  1007.  1893.   830.  1150.  1347.  1566.  1365.  1764.
  1421.   885.  1486.  1051.  1925.  1354.  2475.  1286.  1015.   856.
  1650.  1268.  1878.  2167.   861.  1351.   805.  1541.  1349.  1053.
  1310.   847.  1041.  1709.  1032.  1609.  1098.  1103.   844.  1414.
  1483.  1148.  1321.  1361.  1263.]
6 [ 1603.  1174.   968.  1936.   831.  1179.  1364.  1560.  1392.  1749.
  1491.   891.  1508.  1004.  1950.  1342.  2430.  1298.  1018.   823.
  1667.  1297.  1903.  2110.   856.  1357.   801.  1480.  1318.  1083.
  1261.   859.  1036.  1701.  1078.  1556.  1143.  1143.   837.  1399.
  1500.  1138.  1319.  1344.  1303.]
7 [ 1566.  1170.   920.  1954.   834.  1202.  1357.  1534.  1410.  1755.
  1511.   912.  1512.   958.  1978.  1339.  2392.  1316.  1035.   804.
  1653.  1354.  1913.  2077.   853.  1358.   797.  1451.  1317.  1098.
  1227.   871.  1042.  1694.  1116.  1530.  1163.  1161.   837.  1404.
  1515.  1143.  1325.  1317.  1325.]
8 [ 1541.  1167.   878.  1960.   842.  1206.  1351.  1505.  1440.  1759.
  1501.   931.  1512.   924.  1996.  1338.  2348.  1339.  1054.   804.
  1639.  1412.  1889.  2065.   848.  1355.   802.  1454.  1316.  1102.
  1204.   890.  1038.  1700.  1137.  1497.  1176.  1161.   842.  1417.
  1524.  1160.  1314.  1295.  1367.]
9 [ 1533.  1178.   843.  1959.   850.  1211.  1337.  1474.  1449.  1755.
  1482.   943.  1512.   901.  2009.  1340.  2311.  1367.  1087.   806.
  1611.  1487.  1898.  2045.   847.  1361.   809.  1451.  1308.  1103.
  1192.   891.  1032.  1718.  1165.  1472.  1179.  1161.   847.  1426.
  1535.  1167.  1301.  1269.  1378.]
10 [ 1523.  1183.   819.  1956.   848.  1220.  1331.  1444.  1468.  1761.
  1481.   946.  1523.   882.  2020.  1329.  2274.  1382.  1127.   799.
  1586.  1557.  1887.  2048.   849.  1370.   816.  1448.  1283.  1110.
  1168.   896.  1019.  1744.  1178.  1460.  1183.  1156.   847.  1433.
  1541.  1177.  1315.  1240.  1373.]
11 [ 1525.  1195.   805.  1943.   852.  1223.  1336.  1416.  1461.  1762.
  1468.   943.  1529.   874.  2030.  1332.  2249.  1386.  1144.   792.
  1553.  1634.  1881.  2042.   874.  1382.   823.  1430.  1270.  1109.
  1152.   910.  1003.  1771.  1188.  1449.  1189.  1151.   845.  1467.
  1533.  1177.  1303.  1212.  1387.]
12 [ 1558.  1205.   797.  1931.   845.  1226.  1348.  1401.  1456.  1767.
  1443.   946.  1529.   870.  2043.  1343.  2213.  1398.  1167.   799.
  1537.  1683.  1884.  2036.   892.  1386.   827.  1407.  1263.  1114.
  1129.   910.   997.  1784.  1206.  1444.  1183.  1145.   849.  1476.
  1524.  1176.  1290.  1184.  1389.]
13 [ 1584.  1218.   795.  1914.   839.  1230.  1345.  1393.  1452.  1784.
  1399.   948.  1540.   899.  2058.  1358.  2181.  1404.  1182.   803.
  1517.  1708.  1878.  2031.   897.  1397.   827.  1394.  1264.  1124.
  1122.   920.   999.  1790.  1225.  1456.  1184.  1143.   845.  1479.
  1499.  1175.  1280.  1139.  1381.]
14 [ 1589.  1224.   793.  1915.   840.  1227.  1352.  1378.  1452.  1796.
  1381.   943.  1544.   902.  2065.  1368.  2159.  1413.  1188.   807.
  1518.  1714.  1877.  2022.   913.  1403.   832.  1388.  1261.  1128.
  1116.   932.   999.  1801.  1239.  1461.  1192.  1140.   841.  1466.
  1481.  1179.  1269.  1119.  1373.]
15 [ 1593.  1234.   789.  1910.   840.  1220.  1354.  1366.  1449.  1802.
  1361.   940.  1539.   930.  2081.  1385.  2132.  1416.  1195.   811.
  1475.  1722.  1895.  2032.   928.  1408.   833.  1384.  1257.  1137.
  1108.   938.   996.  1806.  1246.  1471.  1192.  1146.   839.  1459.
  1470.  1190.  1260.  1092.  1369.]
16 [ 1602.  1255.   789.  1908.   841.  1213.  1354.  1356.  1445.  1808.
  1352.   940.  1531.   945.  2087.  1405.  2116.  1424.  1210.   813.
  1454.  1721.  1898.  2038.   940.  1406.   832.  1374.  1250.  1149.
  1101.   942.   992.  1817.  1252.  1464.  1196.  1148.   841.  1441.
  1465.  1192.  1257.  1081.  1355.]
17 [ 1604.  1273.   790.  1913.   843.  1209.  1352.  1340.  1437.  1805.
  1352.   940.  1527.   959.  2095.  1425.  2102.  1430.  1229.   813.
  1422.  1735.  1909.  2044.   944.  1403.   834.  1364.  1234.  1162.
  1093.   949.   997.  1821.  1258.  1457.  1198.  1145.   844.  1425.
  1458.  1194.  1254.  1074.  1344.]
18 [ 1610.  1283.   790.  1921.   839.  1208.  1357.  1325.  1438.  1811.
  1353.   941.  1515.   971.  2100.  1432.  2095.  1439.  1257.   819.
  1421.  1742.  1911.  2044.   942.  1398.   833.  1349.  1225.  1169.
  1090.   952.   999.  1826.  1261.  1432.  1201.  1147.   845.  1398.
  1446.  1198.  1247.  1077.  1343.]
19 [ 1617.  1290.   786.  1923.   836.  1210.  1362.  1314.  1436.  1815.
  1352.   941.  1505.   979.  2102.  1439.  2090.  1444.  1281.   830.
  1422.  1753.  1912.  2045.   948.  1404.   835.  1324.  1221.  1173.
  1088.   953.  1002.  1830.  1264.  1410.  1195.  1150.   844.  1369.
  1441.  1208.  1238.  1075.  1344.]
20 [ 1622.  1289.   784.  1924.   833.  1209.  1356.  1307.  1435.  1817.
  1349.   947.  1499.   987.  2102.  1439.  2084.  1451.  1285.   834.
  1433.  1750.  1917.  2044.   954.  1409.   832.  1313.  1214.  1181.
  1090.   954.  1009.  1831.  1268.  1407.  1192.  1152.   847.  1359.
  1439.  1212.  1230.  1066.  1344.]
21 [ 1619.  1296.   782.  1925.   827.  1203.  1352.  1304.  1431.  1819.
  1350.   944.  1488.   993.  2103.  1437.  2077.  1455.  1294.   833.
  1415.  1750.  1918.  2046.   964.  1408.   834.  1304.  1209.  1190.
  1091.   956.  1017.  1833.  1270.  1422.  1186.  1153.   856.  1354.
  1442.  1215.  1227.  1063.  1345.]
22 [ 1613.  1300.   781.  1930.   828.  1192.  1348.  1298.  1430.  1816.
  1348.   942.  1482.   999.  2102.  1435.  2068.  1458.  1304.   833.
  1415.  1747.  1923.  2052.   966.  1407.   838.  1303.  1203.  1197.
  1090.   959.  1024.  1837.  1272.  1423.  1182.  1153.   856.  1352.
  1445.  1217.  1227.  1056.  1349.]
23 [ 1609.  1304.   777.  1930.   835.  1189.  1349.  1294.  1434.  1816.
  1352.   938.  1478.  1013.  2102.  1436.  2060.  1459.  1310.   833.
  1397.  1738.  1933.  2055.   969.  1404.   843.  1299.  1197.  1205.
  1088.   958.  1034.  1842.  1273.  1423.  1181.  1154.   857.  1351.
  1440.  1220.  1233.  1035.  1353.]
24 [ 1609.  1311.   773.  1926.   839.  1190.  1352.  1293.  1436.  1819.
  1351.   933.  1470.  1028.  2110.  1436.  2054.  1462.  1309.   830.
  1390.  1737.  1927.  2059.   973.  1407.   845.  1289.  1201.  1212.
  1087.   959.  1042.  1843.  1274.  1422.  1180.  1155.   855.  1347.
  1436.  1219.  1234.  1018.  1358.]
25 [ 1617.  1315.   768.  1924.   837.  1188.  1351.  1290.  1431.  1826.
  1349.   933.  1466.  1034.  2114.  1435.  2045.  1460.  1308.   830.
  1380.  1735.  1926.  2067.   977.  1411.   848.  1287.  1205.  1213.
  1085.   959.  1047.  1846.  1274.  1420.  1179.  1155.   858.  1348.
  1431.  1221.  1229.  1013.  1365.]
26 [ 1632.  1318.   767.  1927.   838.  1187.  1352.  1286.  1422.  1827.
  1341.   932.  1462.  1043.  2112.  1438.  2043.  1459.  1306.   829.
  1380.  1731.  1921.  2071.   979.  1415.   848.  1286.  1208.  1218.
  1085.   959.  1050.  1849.  1274.  1421.  1171.  1155.   860.  1348.
  1428.  1225.  1221.  1007.  1369.]
27 [ 1640.  1316.   771.  1926.   840.  1182.  1353.  1282.  1420.  1817.
  1339.   931.  1463.  1053.  2110.  1441.  2044.  1463.  1306.   831.
  1386.  1726.  1919.  2071.   977.  1418.   847.  1285.  1202.  1221.
  1081.   959.  1056.  1852.  1275.  1421.  1167.  1156.   864.  1344.
  1426.  1229.  1212.  1000.  1378.]
28 [ 1643.  1323.   768.  1925.   835.  1183.  1354.  1282.  1414.  1815.
  1340.   930.  1459.  1071.  2109.  1439.  2049.  1465.  1308.   829.
  1384.  1721.  1919.  2072.   977.  1423.   847.  1288.  1199.  1221.
  1081.   962.  1062.  1856.  1274.  1419.  1166.  1158.   872.  1338.
  1420.  1225.  1202.   986.  1387.]
29 [ 1647.  1327.   765.  1924.   832.  1181.  1357.  1282.  1407.  1815.
  1336.   928.  1455.  1093.  2105.  1444.  2051.  1468.  1313.   827.
  1378.  1721.  1919.  2070.   978.  1429.   847.  1288.  1196.  1219.
  1086.   964.  1067.  1860.  1276.  1419.  1166.  1161.   880.  1336.
  1419.  1224.  1206.   949.  1385.]
30 [ 1644.  1324.   767.  1923.   827.  1182.  1354.  1280.  1401.  1810.
  1337.   929.  1450.  1114.  2108.  1449.  2048.  1470.  1315.   825.
  1375.  1727.  1924.  2076.   976.  1436.   847.  1281.  1196.  1222.
  1084.   967.  1068.  1862.  1276.  1415.  1165.  1161.   883.  1335.
  1424.  1226.  1197.   929.  1391.]
31 [ 1642.  1325.   768.  1923.   823.  1177.  1353.  1278.  1395.  1810.
  1334.   930.  1446.  1133.  2107.  1453.  2045.  1475.  1325.   824.
  1380.  1729.  1920.  2081.   975.  1439.   847.  1284.  1194.  1221.
  1088.   965.  1075.  1865.  1277.  1406.  1165.  1159.   889.  1335.
  1427.  1229.  1188.   905.  1391.]
32 [ 1647.  1324.   771.  1923.   823.  1173.  1353.  1276.  1392.  1814.
  1334.   932.  1444.  1157.  2108.  1459.  2048.  1481.  1319.   823.
  1375.  1726.  1915.  2082.   974.  1433.   849.  1289.  1195.  1225.
  1092.   964.  1077.  1865.  1277.  1406.  1166.  1155.   892.  1331.
  1425.  1229.  1176.   882.  1399.]
33 [ 1648.  1322.   774.  1924.   826.  1170.  1351.  1276.  1386.  1824.
  1330.   931.  1442.  1174.  2109.  1455.  2048.  1480.  1317.   822.
  1367.  1727.  1910.  2082.   974.  1444.   850.  1291.  1200.  1229.
  1096.   963.  1080.  1866.  1277.  1405.  1166.  1151.   892.  1329.
  1429.  1231.  1172.   857.  1403.]
34 [ 1650.  1321.   775.  1925.   829.  1171.  1348.  1276.  1379.  1822.
  1323.   932.  1441.  1182.  2109.  1450.  2049.  1482.  1322.   821.
  1363.  1723.  1910.  2084.   975.  1456.   848.  1289.  1206.  1229.
  1098.   962.  1082.  1864.  1276.  1408.  1166.  1145.   894.  1328.
  1436.  1235.  1159.   847.  1410.]
35 [ 1655.  1320.   776.  1926.   833.  1169.  1346.  1275.  1373.  1821.
  1316.   932.  1445.  1193.  2108.  1447.  2053.  1487.  1325.   822.
  1361.  1717.  1910.  2082.   976.  1457.   848.  1287.  1209.  1230.
  1105.   961.  1082.  1864.  1276.  1407.  1169.  1143.   895.  1327.
  1436.  1239.  1150.   831.  1416.]
36 [ 1658.  1321.   776.  1926.   836.  1171.  1346.  1275.  1370.  1828.
  1313.   931.  1442.  1208.  2109.  1446.  2056.  1485.  1322.   821.
  1358.  1709.  1908.  2076.   977.  1465.   846.  1285.  1208.  1229.
  1113.   961.  1083.  1864.  1281.  1407.  1171.  1141.   895.  1330.
  1437.  1242.  1138.   814.  1422.]
37 [ 1657.  1321.   775.  1925.   837.  1171.  1350.  1275.  1370.  1824.
  1311.   931.  1443.  1228.  2110.  1447.  2060.  1484.  1320.   821.
  1356.  1704.  1901.  2075.   978.  1469.   846.  1284.  1205.  1234.
  1114.   961.  1086.  1865.  1282.  1408.  1172.  1141.   895.  1334.
  1436.  1242.  1134.   792.  1426.]
38 [ 1664.  1320.   773.  1925.   839.  1170.  1354.  1276.  1371.  1813.
  1307.   930.  1440.  1232.  2110.  1447.  2060.  1485.  1323.   821.
  1355.  1694.  1902.  2076.   978.  1477.   848.  1283.  1204.  1234.
  1118.   961.  1090.  1866.  1283.  1407.  1174.  1140.   895.  1334.
  1436.  1243.  1136.   777.  1429.]
39 [ 1668.  1319.   771.  1925.   842.  1171.  1360.  1276.  1369.  1804.
  1305.   930.  1440.  1235.  2110.  1448.  2061.  1486.  1325.   822.
  1356.  1688.  1903.  2076.   976.  1479.   847.  1282.  1203.  1235.
  1122.   962.  1095.  1866.  1284.  1406.  1173.  1139.   895.  1335.
  1436.  1244.  1137.   766.  1428.]
40 [ 1674.  1318.   770.  1926.   843.  1170.  1361.  1276.  1368.  1804.
  1299.   929.  1440.  1241.  2110.  1449.  2061.  1484.  1329.   823.
  1354.  1681.  1905.  2077.   975.  1478.   847.  1282.  1208.  1239.
  1125.   964.  1099.  1864.  1284.  1402.  1174.  1138.   895.  1338.
  1433.  1244.  1139.   753.  1427.]
41 [ 1681.  1317.   768.  1926.   846.  1170.  1361.  1276.  1368.  1800.
  1297.   931.  1441.  1249.  2110.  1449.  2061.  1479.  1330.   824.
  1351.  1680.  1901.  2077.   976.  1480.   847.  1280.  1213.  1242.
  1132.   964.  1099.  1864.  1284.  1401.  1174.  1137.   896.  1338.
  1432.  1244.  1138.   743.  1423.]
42 [ 1691.  1317.   767.  1926.   847.  1168.  1361.  1277.  1367.  1793.
  1300.   931.  1439.  1252.  2112.  1449.  2062.  1475.  1331.   825.
  1350.  1671.  1902.  2076.   975.  1483.   848.  1280.  1217.  1243.
  1132.   963.  1101.  1864.  1284.  1400.  1174.  1134.   896.  1339.
  1434.  1243.  1142.   744.  1415.]
43 [ 1702.  1318.   768.  1926.   848.  1166.  1360.  1277.  1367.  1790.
  1302.   930.  1439.  1254.  2112.  1450.  2065.  1476.  1332.   827.
  1347.  1669.  1897.  2077.   974.  1486.   850.  1274.  1220.  1241.
  1132.   963.  1101.  1864.  1285.  1401.  1176.  1133.   895.  1341.
  1432.  1242.  1143.   741.  1407.]
44 [ 1710.  1319.   769.  1926.   850.  1165.  1361.  1277.  1367.  1790.
  1290.   931.  1436.  1254.  2113.  1450.  2067.  1476.  1333.   828.
  1347.  1667.  1894.  2075.   972.  1488.   850.  1273.  1226.  1240.
  1135.   963.  1103.  1864.  1286.  1401.  1177.  1132.   895.  1341.
  1428.  1240.  1143.   740.  1408.]
45 [ 1718.  1317.   769.  1926.   851.  1164.  1365.  1277.  1367.  1788.
  1288.   931.  1435.  1253.  2113.  1447.  2069.  1476.  1333.   826.
  1346.  1670.  1891.  2075.   972.  1487.   851.  1273.  1224.  1239.
  1136.   963.  1104.  1865.  1286.  1404.  1176.  1133.   895.  1343.
  1424.  1239.  1140.   747.  1404.]
46 [ 1720.  1316.   769.  1926.   853.  1164.  1368.  1277.  1366.  1792.
  1287.   931.  1436.  1248.  2112.  1446.  2071.  1477.  1333.   824.
  1345.  1675.  1887.  2077.   972.  1486.   851.  1271.  1222.  1238.
  1140.   963.  1109.  1865.  1288.  1406.  1174.  1133.   895.  1344.
  1418.  1239.  1141.   751.  1394.]
47 [ 1720.  1316.   769.  1927.   855.  1159.  1369.  1277.  1366.  1792.
  1290.   931.  1437.  1249.  2112.  1444.  2072.  1477.  1332.   823.
  1348.  1675.  1885.  2079.   972.  1484.   851.  1272.  1221.  1238.
  1134.   962.  1114.  1866.  1287.  1405.  1175.  1132.   895.  1344.
  1417.  1238.  1142.   755.  1392.]
48 [ 1719.  1316.   769.  1927.   857.  1158.  1371.  1277.  1366.  1792.
  1289.   930.  1439.  1248.  2112.  1442.  2077.  1477.  1332.   825.
  1347.  1672.  1887.  2076.   972.  1482.   852.  1270.  1214.  1241.
  1132.   963.  1119.  1865.  1289.  1404.  1173.  1131.   896.  1346.
  1418.  1237.  1141.   759.  1391.]
49 [ 1720.  1317.   769.  1927.   857.  1157.  1371.  1276.  1365.  1793.
  1283.   931.  1438.  1247.  2113.  1443.  2077.  1473.  1332.   827.
  1349.  1671.  1885.  2079.   973.  1485.   853.  1266.  1211.  1243.
  1137.   967.  1119.  1865.  1289.  1404.  1173.  1130.   896.  1348.
  1417.  1239.  1142.   756.  1387.]
50 [ 1721.  1316.   769.  1927.   857.  1157.  1377.  1276.  1365.  1789.
  1279.   931.  1439.  1246.  2114.  1447.  2079.  1471.  1331.   828.
  1349.  1669.  1887.  2080.   975.  1489.   853.  1263.  1199.  1240.
  1142.   968.  1122.  1866.  1291.  1404.  1170.  1131.   896.  1352.
  1416.  1239.  1144.   752.  1384.]
51 [ 1722.  1316.   770.  1927.   857.  1157.  1377.  1277.  1365.  1787.
  1275.   931.  1440.  1246.  2114.  1448.  2083.  1469.  1331.   827.
  1350.  1665.  1890.  2082.   976.  1492.   853.  1261.  1194.  1240.
  1143.   968.  1128.  1866.  1291.  1400.  1169.  1131.   896.  1355.
  1416.  1239.  1146.   750.  1380.]
52 [ 1724.  1316.   770.  1927.   855.  1157.  1377.  1278.  1364.  1788.
  1270.   931.  1439.  1245.  2113.  1448.  2087.  1470.  1330.   828.
  1350.  1665.  1893.  2083.   974.  1495.   854.  1258.  1188.  1241.
  1145.   968.  1133.  1866.  1291.  1400.  1168.  1131.   897.  1353.
  1416.  1239.  1146.   749.  1380.]
53 [ 1722.  1316.   771.  1927.   855.  1157.  1378.  1279.  1362.  1786.
  1266.   930.  1439.  1245.  2113.  1448.  2087.  1469.  1329.   829.
  1350.  1660.  1891.  2086.   975.  1499.   854.  1257.  1191.  1241.
  1145.   968.  1139.  1866.  1291.  1399.  1167.  1131.   898.  1353.
  1417.  1239.  1146.   749.  1380.]
54 [ 1726.  1315.   771.  1928.   854.  1157.  1380.  1279.  1362.  1786.
  1263.   928.  1439.  1245.  2113.  1450.  2084.  1470.  1328.   829.
  1350.  1656.  1893.  2088.   976.  1495.   855.  1255.  1191.  1245.
  1147.   968.  1140.  1866.  1292.  1400.  1165.  1132.   899.  1350.
  1417.  1239.  1145.   749.  1380.]
55 [ 1727.  1315.   771.  1928.   854.  1157.  1380.  1279.  1362.  1789.
  1259.   927.  1436.  1245.  2112.  1451.  2081.  1471.  1326.   829.
  1348.  1654.  1893.  2091.   976.  1495.   857.  1255.  1194.  1246.
  1149.   967.  1140.  1866.  1294.  1401.  1165.  1131.   899.  1351.
  1417.  1239.  1145.   749.  1379.]
56 [ 1727.  1316.   771.  1928.   852.  1157.  1382.  1279.  1362.  1787.
  1262.   927.  1436.  1245.  2112.  1454.  2078.  1472.  1326.   829.
  1346.  1653.  1889.  2098.   977.  1490.   860.  1255.  1192.  1244.
  1152.   967.  1140.  1866.  1295.  1401.  1166.  1129.   899.  1352.
  1416.  1239.  1145.   749.  1378.]
57 [ 1727.  1316.   771.  1928.   850.  1157.  1383.  1280.  1361.  1788.
  1264.   932.  1435.  1244.  2113.  1451.  2078.  1474.  1325.   830.
  1346.  1652.  1884.  2099.   977.  1487.   864.  1254.  1188.  1244.
  1151.   967.  1141.  1867.  1300.  1403.  1166.  1123.   899.  1352.
  1416.  1239.  1146.   749.  1379.]
58 [ 1725.  1316.   771.  1928.   847.  1157.  1384.  1279.  1361.  1791.
  1268.   937.  1433.  1244.  2113.  1449.  2077.  1472.  1321.   830.
  1345.  1652.  1880.  2102.   977.  1489.   867.  1254.  1187.  1244.
  1150.   967.  1142.  1868.  1303.  1405.  1167.  1120.   899.  1351.
  1416.  1239.  1146.   749.  1378.]
59 [ 1724.  1317.   771.  1928.   846.  1157.  1384.  1279.  1361.  1793.
  1266.   938.  1434.  1244.  2113.  1450.  2081.  1471.  1320.   830.
  1344.  1651.  1882.  2101.   977.  1494.   869.  1254.  1182.  1239.
  1151.   965.  1143.  1869.  1305.  1406.  1167.  1116.   899.  1351.
  1416.  1239.  1146.   749.  1378.]
60 [ 1723.  1317.   773.  1928.   845.  1157.  1384.  1279.  1361.  1791.
  1261.   941.  1434.  1244.  2114.  1451.  2084.  1469.  1320.   830.
  1344.  1651.  1883.  2104.   977.  1498.   867.  1254.  1181.  1234.
  1151.   964.  1143.  1869.  1305.  1409.  1167.  1117.   898.  1350.
  1416.  1239.  1146.   750.  1377.]
61 [ 1724.  1317.   776.  1927.   844.  1157.  1385.  1279.  1360.  1787.
  1261.   938.  1434.  1245.  2114.  1449.  2090.  1469.  1317.   831.
  1343.  1651.  1884.  2103.   977.  1500.   871.  1254.  1180.  1230.
  1150.   965.  1141.  1869.  1306.  1415.  1167.  1114.   899.  1351.
  1416.  1239.  1146.   749.  1376.]
62 [ 1723.  1317.   776.  1927.   839.  1157.  1385.  1278.  1360.  1787.
  1261.   947.  1434.  1245.  2115.  1450.  2091.  1473.  1316.   831.
  1342.  1651.  1885.  2103.   977.  1498.   871.  1254.  1177.  1228.
  1150.   965.  1141.  1869.  1307.  1417.  1168.  1107.   901.  1352.
  1416.  1239.  1146.   750.  1374.]
63 [ 1723.  1317.   776.  1927.   842.  1157.  1385.  1279.  1360.  1781.
  1258.   951.  1434.  1245.  2115.  1455.  2093.  1474.  1315.   831.
  1341.  1651.  1884.  2101.   977.  1497.   873.  1254.  1180.  1225.
  1150.   967.  1140.  1869.  1307.  1416.  1168.  1103.   900.  1353.
  1416.  1239.  1146.   751.  1374.]
64 [ 1724.  1317.   776.  1927.   843.  1157.  1387.  1278.  1360.  1780.
  1254.   951.  1435.  1245.  2115.  1457.  2095.  1475.  1315.   831.
  1341.  1651.  1883.  2101.   976.  1497.   875.  1253.  1179.  1223.
  1150.   969.  1140.  1869.  1307.  1415.  1168.  1101.   899.  1355.
  1416.  1239.  1146.   751.  1374.]
65 [ 1724.  1318.   776.  1927.   841.  1157.  1386.  1278.  1360.  1785.
  1253.   950.  1435.  1245.  2115.  1458.  2095.  1476.  1314.   831.
  1343.  1651.  1885.  2101.   975.  1493.   876.  1252.  1176.  1222.
  1149.   970.  1140.  1869.  1307.  1415.  1169.  1100.   899.  1357.
  1416.  1240.  1146.   751.  1374.]
66 [ 1724.  1318.   779.  1927.   842.  1156.  1389.  1278.  1360.  1787.
  1253.   947.  1435.  1245.  2116.  1459.  2096.  1478.  1313.   831.
  1344.  1651.  1886.  2101.   975.  1491.   877.  1253.  1168.  1220.
  1148.   970.  1139.  1869.  1307.  1417.  1169.  1098.   898.  1360.
  1415.  1240.  1146.   751.  1374.]
67 [ 1723.  1318.   780.  1927.   842.  1154.  1389.  1278.  1361.  1790.
  1254.   946.  1434.  1245.  2116.  1459.  2095.  1478.  1311.   831.
  1344.  1651.  1890.  2101.   975.  1493.   878.  1255.  1169.  1216.
  1148.   970.  1138.  1868.  1307.  1414.  1169.  1097.   900.  1361.
  1415.  1239.  1146.   751.  1374.]
68 [ 1722.  1318.   782.  1927.   842.  1153.  1390.  1278.  1361.  1792.
  1255.   943.  1435.  1245.  2116.  1461.  2095.  1478.  1311.   831.
  1344.  1651.  1889.  2101.   976.  1494.   880.  1256.  1168.  1210.
  1148.   971.  1137.  1868.  1307.  1413.  1169.  1096.   900.  1364.
  1415.  1239.  1146.   751.  1372.]
69 [ 1722.  1318.   784.  1927.   844.  1153.  1390.  1278.  1361.  1792.
  1254.   938.  1435.  1245.  2116.  1461.  2095.  1475.  1311.   831.
  1344.  1652.  1887.  2101.   976.  1498.   881.  1256.  1168.  1210.
  1148.   971.  1137.  1868.  1307.  1413.  1169.  1096.   900.  1366.
  1415.  1239.  1146.   751.  1371.]
70 [ 1722.  1318.   786.  1927.   844.  1153.  1389.  1278.  1361.  1793.
  1253.   933.  1435.  1245.  2116.  1461.  2096.  1472.  1311.   831.
  1344.  1652.  1888.  2101.   976.  1502.   887.  1256.  1165.  1208.
  1148.   970.  1137.  1868.  1306.  1413.  1168.  1096.   900.  1369.
  1415.  1239.  1146.   751.  1371.]
71 [ 1722.  1318.   789.  1927.   844.  1153.  1389.  1278.  1361.  1794.
  1252.   926.  1435.  1245.  2116.  1461.  2096.  1470.  1311.   831.
  1345.  1652.  1887.  2101.   976.  1504.   893.  1255.  1166.  1208.
  1148.   970.  1137.  1868.  1306.  1411.  1168.  1095.   900.  1369.
  1416.  1239.  1146.   751.  1371.]
72 [ 1722.  1317.   789.  1927.   844.  1153.  1389.  1278.  1361.  1793.
  1254.   923.  1435.  1245.  2116.  1460.  2095.  1472.  1311.   831.
  1345.  1653.  1885.  2101.   976.  1505.   891.  1255.  1168.  1208.
  1148.   971.  1137.  1868.  1306.  1409.  1168.  1096.   901.  1368.
  1417.  1239.  1147.   751.  1372.]
73 [ 1722.  1316.   790.  1927.   843.  1153.  1390.  1278.  1362.  1792.
  1253.   921.  1435.  1245.  2116.  1460.  2095.  1472.  1311.   831.
  1344.  1653.  1885.  2101.   976.  1504.   892.  1255.  1168.  1209.
  1148.   971.  1137.  1869.  1306.  1409.  1168.  1098.   900.  1369.
  1417.  1239.  1147.   751.  1372.]
74 [ 1722.  1314.   792.  1927.   843.  1153.  1390.  1278.  1364.  1790.
  1254.   919.  1434.  1245.  2116.  1460.  2095.  1471.  1311.   831.
  1344.  1653.  1883.  2101.   975.  1508.   892.  1255.  1169.  1209.
  1148.   971.  1137.  1869.  1306.  1408.  1168.  1098.   902.  1369.
  1417.  1239.  1147.   751.  1372.]
75 [ 1722.  1314.   791.  1927.   841.  1153.  1390.  1279.  1365.  1790.
  1253.   918.  1433.  1245.  2116.  1459.  2095.  1471.  1311.   831.
  1344.  1653.  1883.  2101.   975.  1508.   889.  1256.  1170.  1209.
  1148.   971.  1137.  1869.  1306.  1410.  1168.  1101.   902.  1369.
  1417.  1239.  1148.   751.  1372.]
76 [ 1722.  1313.   792.  1927.   841.  1153.  1390.  1279.  1366.  1790.
  1253.   916.  1433.  1245.  2116.  1458.  2095.  1472.  1311.   831.
  1344.  1653.  1883.  2101.   975.  1508.   889.  1256.  1171.  1209.
  1148.   971.  1137.  1869.  1306.  1411.  1168.  1101.   902.  1369.
  1417.  1239.  1148.   751.  1371.]
77 [ 1722.  1313.   792.  1927.   841.  1153.  1390.  1279.  1367.  1790.
  1253.   915.  1432.  1245.  2116.  1458.  2095.  1473.  1311.   831.
  1344.  1653.  1883.  2101.   975.  1507.   888.  1256.  1172.  1209.
  1148.   971.  1137.  1869.  1306.  1411.  1168.  1103.   902.  1369.
  1416.  1239.  1147.   751.  1372.]
78 [ 1722.  1313.   792.  1927.   841.  1153.  1390.  1279.  1367.  1789.
  1254.   912.  1432.  1245.  2116.  1458.  2095.  1473.  1311.   831.
  1344.  1654.  1883.  2101.   975.  1507.   889.  1256.  1172.  1209.
  1148.   971.  1137.  1869.  1306.  1411.  1168.  1105.   902.  1369.
  1415.  1239.  1147.   751.  1372.]
79 [ 1723.  1313.   792.  1927.   842.  1153.  1390.  1279.  1367.  1788.
  1255.   910.  1432.  1245.  2116.  1458.  2095.  1473.  1311.   831.
  1344.  1654.  1883.  2101.   975.  1507.   889.  1256.  1172.  1209.
  1148.   971.  1137.  1869.  1306.  1411.  1168.  1105.   902.  1369.
  1415.  1239.  1147.   751.  1372.]
80 [ 1723.  1313.   792.  1927.   842.  1153.  1390.  1279.  1367.  1790.
  1255.   909.  1432.  1245.  2116.  1458.  2095.  1473.  1311.   831.
  1344.  1654.  1883.  2101.   975.  1506.   891.  1256.  1172.  1208.
  1148.   971.  1137.  1869.  1306.  1411.  1168.  1103.   902.  1369.
  1415.  1239.  1147.   752.  1372.]
81 [ 1723.  1313.   792.  1927.   842.  1153.  1390.  1279.  1367.  1791.
  1255.   907.  1432.  1245.  2116.  1458.  2095.  1473.  1311.   831.
  1344.  1654.  1883.  2101.   976.  1505.   893.  1256.  1172.  1207.
  1149.   971.  1137.  1869.  1306.  1411.  1168.  1102.   902.  1369.
  1415.  1239.  1147.   752.  1372.]
82 [ 1723.  1313.   794.  1927.   842.  1153.  1390.  1279.  1367.  1794.
  1255.   902.  1432.  1245.  2116.  1458.  2095.  1473.  1311.   831.
  1344.  1654.  1883.  2101.   976.  1505.   897.  1256.  1171.  1205.
  1149.   971.  1137.  1869.  1306.  1411.  1168.  1100.   903.  1369.
  1415.  1239.  1147.   752.  1372.]
83 [ 1723.  1313.   799.  1927.   838.  1153.  1389.  1279.  1367.  1793.
  1256.   898.  1432.  1245.  2116.  1458.  2096.  1473.  1311.   831.
  1344.  1654.  1883.  2102.   976.  1505.   902.  1256.  1170.  1204.
  1149.   971.  1137.  1869.  1306.  1411.  1168.  1097.   905.  1369.
  1415.  1239.  1147.   752.  1372.]
84 [ 1723.  1314.   801.  1927.   832.  1153.  1389.  1279.  1367.  1794.
  1257.   891.  1432.  1245.  2116.  1458.  2096.  1474.  1311.   831.
  1344.  1654.  1884.  2102.   976.  1505.   907.  1256.  1169.  1203.
  1149.   971.  1137.  1869.  1306.  1411.  1168.  1097.   908.  1369.
  1415.  1239.  1147.   752.  1372.]
85 [ 1723.  1313.   804.  1927.   833.  1153.  1389.  1279.  1368.  1795.
  1257.   882.  1432.  1245.  2116.  1458.  2095.  1476.  1311.   831.
  1344.  1654.  1884.  2102.   976.  1506.   915.  1256.  1169.  1202.
  1149.   970.  1138.  1869.  1306.  1411.  1168.  1093.   907.  1369.
  1415.  1239.  1147.   752.  1372.]
86 [ 1723.  1313.   809.  1927.   829.  1153.  1391.  1278.  1368.  1795.
  1256.   882.  1432.  1245.  2116.  1458.  2094.  1477.  1311.   831.
  1344.  1654.  1884.  2102.   976.  1506.   918.  1256.  1168.  1203.
  1149.   971.  1137.  1869.  1306.  1411.  1168.  1092.   907.  1367.
  1415.  1239.  1147.   752.  1371.]
87 [ 1723.  1313.   816.  1927.   827.  1153.  1391.  1278.  1368.  1795.
  1256.   888.  1432.  1245.  2116.  1456.  2091.  1477.  1311.   831.
  1344.  1654.  1886.  2102.   975.  1506.   914.  1256.  1168.  1205.
  1149.   971.  1137.  1869.  1306.  1411.  1168.  1088.   907.  1365.
  1415.  1239.  1148.   752.  1371.]
88 [ 1723.  1313.   826.  1926.   827.  1153.  1388.  1277.  1367.  1795.
  1255.   889.  1432.  1245.  2116.  1456.  2091.  1477.  1310.   831.
  1345.  1654.  1883.  2102.   972.  1505.   914.  1256.  1171.  1208.
  1148.   970.  1141.  1869.  1306.  1410.  1168.  1085.   906.  1363.
  1415.  1240.  1149.   752.  1371.]
89 [ 1723.  1313.   831.  1926.   828.  1152.  1386.  1278.  1366.  1794.
  1254.   886.  1431.  1246.  2116.  1456.  2092.  1479.  1310.   831.
  1347.  1655.  1884.  2102.   973.  1505.   913.  1255.  1173.  1208.
  1147.   970.  1141.  1869.  1306.  1409.  1168.  1084.   906.  1361.
  1415.  1240.  1149.   752.  1370.]
90 [ 1721.  1313.   833.  1926.   827.  1152.  1386.  1278.  1366.  1794.
  1255.   890.  1431.  1245.  2116.  1454.  2093.  1479.  1310.   831.
  1350.  1654.  1885.  2102.   973.  1503.   915.  1255.  1171.  1207.
  1147.   970.  1143.  1869.  1306.  1409.  1168.  1082.   904.  1360.
  1416.  1240.  1149.   752.  1370.]
91 [ 1719.  1313.   837.  1926.   824.  1152.  1385.  1278.  1366.  1792.
  1256.   891.  1430.  1245.  2116.  1453.  2094.  1481.  1310.   831.
  1350.  1653.  1887.  2103.   972.  1505.   915.  1255.  1169.  1206.
  1147.   970.  1146.  1869.  1306.  1410.  1168.  1080.   903.  1359.
  1417.  1240.  1149.   752.  1370.]
92 [ 1719.  1313.   837.  1926.   823.  1152.  1387.  1279.  1366.  1787.
  1255.   892.  1430.  1245.  2116.  1452.  2094.  1480.  1310.   831.
  1350.  1650.  1889.  2103.   971.  1508.   917.  1255.  1169.  1208.
  1147.   970.  1150.  1869.  1306.  1409.  1169.  1076.   904.  1358.
  1417.  1240.  1149.   752.  1370.]
93 [ 1720.  1314.   838.  1926.   822.  1152.  1389.  1280.  1366.  1784.
  1255.   891.  1428.  1245.  2116.  1451.  2094.  1479.  1310.   831.
  1349.  1650.  1892.  2104.   971.  1512.   920.  1255.  1169.  1211.
  1146.   970.  1149.  1869.  1306.  1407.  1169.  1071.   903.  1359.
  1416.  1240.  1149.   752.  1370.]
94 [ 1721.  1313.   839.  1926.   822.  1151.  1388.  1280.  1366.  1781.
  1253.   894.  1428.  1245.  2116.  1450.  2096.  1478.  1310.   831.
  1350.  1650.  1892.  2104.   971.  1514.   925.  1255.  1171.  1211.
  1146.   971.  1149.  1870.  1306.  1407.  1169.  1063.   903.  1359.
  1415.  1240.  1149.   752.  1370.]
95 [ 1723.  1313.   837.  1926.   822.  1151.  1389.  1280.  1366.  1783.
  1252.   891.  1428.  1245.  2116.  1448.  2096.  1479.  1310.   831.
  1350.  1648.  1891.  2104.   971.  1518.   930.  1256.  1171.  1210.
  1146.   971.  1149.  1870.  1305.  1406.  1169.  1062.   903.  1358.
  1415.  1240.  1149.   752.  1370.]
96 [ 1724.  1313.   838.  1926.   822.  1151.  1390.  1280.  1366.  1782.
  1252.   885.  1428.  1245.  2116.  1448.  2096.  1481.  1310.   831.
  1349.  1648.  1890.  2103.   971.  1518.   939.  1256.  1170.  1209.
  1146.   971.  1150.  1870.  1305.  1405.  1169.  1060.   902.  1359.
  1415.  1240.  1149.   752.  1370.]
97 [ 1724.  1315.   838.  1925.   820.  1151.  1391.  1280.  1366.  1779.
  1248.   878.  1427.  1245.  2116.  1447.  2096.  1484.  1310.   831.
  1349.  1648.  1891.  2103.   971.  1518.   948.  1257.  1173.  1208.
  1145.   971.  1150.  1870.  1305.  1405.  1169.  1060.   901.  1361.
  1415.  1240.  1149.   752.  1370.]
98 [ 1724.  1313.   840.  1925.   821.  1151.  1392.  1281.  1367.  1777.
  1245.   882.  1426.  1245.  2116.  1446.  2097.  1483.  1310.   831.
  1349.  1648.  1890.  2103.   971.  1523.   954.  1257.  1171.  1208.
  1144.   971.  1150.  1870.  1305.  1405.  1169.  1054.   897.  1362.
  1415.  1240.  1150.   752.  1370.]
99 [ 1724.  1313.   840.  1925.   816.  1151.  1394.  1281.  1368.  1778.
  1244.   883.  1424.  1246.  2116.  1444.  2098.  1484.  1309.   831.
  1349.  1648.  1889.  2102.   971.  1523.   957.  1257.  1173.  1210.
  1144.   971.  1150.  1870.  1305.  1403.  1169.  1054.   895.  1362.
  1415.  1240.  1151.   752.  1371.]
100 [ 1724.  1313.   838.  1924.   809.  1150.  1394.  1281.  1366.  1779.
  1243.   891.  1422.  1246.  2115.  1443.  2099.  1485.  1307.   831.
  1346.  1649.  1888.  2101.   971.  1524.   963.  1257.  1177.  1212.
  1144.   971.  1150.  1870.  1305.  1401.  1169.  1048.   898.  1363.
  1417.  1240.  1151.   752.  1373.]
101 [ 1725.  1312.   839.  1925.   803.  1150.  1397.  1280.  1365.  1775.
  1242.   898.  1423.  1246.  2115.  1440.  2099.  1487.  1307.   831.
  1344.  1650.  1888.  2101.   971.  1524.   969.  1257.  1179.  1209.
  1144.   970.  1150.  1870.  1305.  1401.  1169.  1044.   897.  1365.
  1418.  1239.  1152.   752.  1373.]
102 [ 1725.  1313.   838.  1926.   800.  1150.  1398.  1280.  1364.  1776.
  1232.   906.  1425.  1246.  2115.  1438.  2100.  1486.  1306.   831.
  1345.  1651.  1887.  2101.   971.  1524.   973.  1257.  1179.  1210.
  1147.   970.  1150.  1870.  1305.  1402.  1169.  1039.   896.  1367.
  1418.  1237.  1152.   752.  1373.]
103 [ 1726.  1312.   836.  1926.   799.  1150.  1395.  1280.  1365.  1775.
  1223.   904.  1425.  1246.  2114.  1438.  2098.  1486.  1305.   831.
  1344.  1651.  1890.  2103.   971.  1523.   982.  1257.  1179.  1208.
  1150.   971.  1149.  1870.  1305.  1401.  1169.  1036.   899.  1376.
  1418.  1237.  1152.   752.  1373.]
104 [ 1726.  1312.   835.  1928.   797.  1150.  1395.  1280.  1365.  1774.
  1218.   899.  1424.  1246.  2114.  1437.  2098.  1488.  1302.   831.
  1342.  1652.  1889.  2104.   971.  1522.   990.  1257.  1181.  1208.
  1154.   971.  1149.  1870.  1305.  1399.  1169.  1034.   903.  1377.
  1418.  1237.  1152.   752.  1375.]
105 [ 1728.  1312.   835.  1928.   796.  1150.  1401.  1280.  1365.  1776.
  1215.   897.  1423.  1246.  2114.  1434.  2099.  1488.  1302.   831.
  1341.  1652.  1887.  2104.   971.  1522.   996.  1257.  1180.  1206.
  1157.   971.  1150.  1870.  1305.  1397.  1169.  1027.   907.  1377.
  1418.  1237.  1152.   752.  1375.]
106 [ 1729.  1312.   835.  1928.   796.  1150.  1402.  1280.  1365.  1774.
  1212.   895.  1423.  1246.  2114.  1432.  2101.  1490.  1301.   831.
  1341.  1651.  1889.  2105.   971.  1522.   995.  1257.  1178.  1205.
  1162.   971.  1150.  1869.  1306.  1394.  1169.  1025.   911.  1380.
  1418.  1238.  1152.   752.  1373.]
107 [ 1729.  1312.   836.  1929.   796.  1150.  1398.  1280.  1365.  1778.
  1207.   894.  1423.  1246.  2114.  1425.  2100.  1493.  1299.   831.
  1338.  1652.  1890.  2106.   971.  1523.   994.  1256.  1187.  1206.
  1164.   971.  1151.  1869.  1306.  1393.  1169.  1023.   914.  1379.
  1418.  1238.  1152.   754.  1371.]
108 [ 1731.  1312.   836.  1929.   795.  1150.  1402.  1280.  1364.  1779.
  1198.   893.  1423.  1247.  2114.  1419.  2101.  1496.  1299.   831.
  1336.  1651.  1890.  2106.   972.  1522.   995.  1256.  1196.  1206.
  1166.   971.  1150.  1869.  1306.  1391.  1169.  1023.   916.  1378.
  1419.  1238.  1151.   755.  1369.]
109 [ 1730.  1312.   838.  1929.   796.  1150.  1407.  1279.  1364.  1777.
  1200.   889.  1422.  1251.  2114.  1415.  2104.  1495.  1295.   831.
  1336.  1651.  1893.  2107.   973.  1522.   998.  1256.  1198.  1204.
  1168.   971.  1149.  1869.  1306.  1390.  1169.  1022.   915.  1376.
  1420.  1238.  1151.   752.  1368.]
110 [ 1731.  1312.   839.  1929.   797.  1151.  1408.  1279.  1364.  1777.
  1200.   887.  1423.  1256.  2113.  1411.  2107.  1495.  1293.   831.
  1334.  1651.  1890.  2107.   974.  1520.   999.  1256.  1203.  1206.
  1168.   970.  1148.  1869.  1306.  1389.  1169.  1021.   914.  1377.
  1420.  1238.  1151.   748.  1369.]
111 [ 1731.  1311.   841.  1929.   800.  1151.  1411.  1279.  1365.  1776.
  1197.   884.  1423.  1257.  2113.  1409.  2109.  1495.  1292.   831.
  1333.  1651.  1889.  2107.   974.  1520.  1000.  1256.  1206.  1202.
  1167.   969.  1148.  1869.  1306.  1391.  1169.  1024.   910.  1377.
  1420.  1238.  1153.   748.  1369.]
112 [ 1732.  1311.   839.  1929.   804.  1151.  1412.  1279.  1365.  1774.
  1193.   887.  1423.  1257.  2113.  1410.  2109.  1496.  1292.   831.
  1328.  1651.  1888.  2107.   974.  1520.  1000.  1256.  1213.  1197.
  1168.   969.  1148.  1869.  1306.  1392.  1170.  1021.   908.  1379.
  1420.  1238.  1152.   750.  1369.]
113 [ 1732.  1311.   838.  1929.   802.  1151.  1416.  1279.  1365.  1774.
  1192.   888.  1422.  1258.  2113.  1411.  2110.  1497.  1292.   831.
  1326.  1651.  1882.  2107.   974.  1520.  1001.  1256.  1214.  1195.
  1169.   969.  1148.  1869.  1306.  1391.  1170.  1018.   911.  1383.
  1420.  1238.  1150.   752.  1369.]
114 [ 1734.  1311.   837.  1929.   802.  1151.  1421.  1279.  1365.  1776.
  1191.   893.  1422.  1261.  2113.  1414.  2111.  1497.  1291.   831.
  1320.  1651.  1876.  2108.   974.  1520.  1001.  1256.  1209.  1193.
  1169.   970.  1149.  1869.  1306.  1390.  1170.  1016.   911.  1385.
  1420.  1238.  1148.   755.  1367.]
115 [ 1734.  1311.   839.  1929.   802.  1151.  1426.  1279.  1365.  1770.
  1197.   892.  1422.  1262.  2113.  1410.  2112.  1499.  1291.   831.
  1320.  1651.  1870.  2109.   973.  1519.  1001.  1256.  1207.  1193.
  1166.   971.  1150.  1869.  1306.  1387.  1170.  1018.   911.  1386.
  1421.  1238.  1149.   757.  1367.]
116 [ 1735.  1311.   839.  1929.   799.  1151.  1429.  1279.  1364.  1765.
  1195.   893.  1423.  1264.  2113.  1407.  2112.  1501.  1291.   831.
  1316.  1651.  1870.  2109.   973.  1521.   999.  1256.  1214.  1192.
  1163.   971.  1151.  1869.  1306.  1386.  1170.  1018.   911.  1387.
  1421.  1238.  1150.   760.  1367.]
117 [ 1736.  1311.   839.  1929.   800.  1151.  1433.  1279.  1365.  1761.
  1184.   892.  1423.  1267.  2113.  1402.  2114.  1501.  1289.   831.
  1313.  1650.  1869.  2110.   973.  1519.  1001.  1256.  1225.  1194.
  1163.   971.  1151.  1869.  1306.  1390.  1170.  1018.   911.  1387.
  1421.  1237.  1151.   759.  1366.]
118 [ 1733.  1311.   839.  1929.   800.  1151.  1435.  1279.  1366.  1762.
  1181.   892.  1422.  1269.  2113.  1400.  2116.  1502.  1288.   830.
  1312.  1651.  1867.  2109.   974.  1517.  1003.  1256.  1230.  1190.
  1165.   971.  1153.  1869.  1306.  1388.  1170.  1019.   911.  1389.
  1421.  1237.  1150.   760.  1364.]
119 [ 1732.  1312.   839.  1928.   800.  1151.  1437.  1279.  1365.  1757.
  1181.   892.  1424.  1270.  2113.  1398.  2118.  1502.  1287.   830.
  1309.  1651.  1867.  2110.   974.  1513.  1005.  1256.  1236.  1194.
  1165.   971.  1154.  1869.  1306.  1389.  1170.  1019.   911.  1389.
  1419.  1236.  1150.   759.  1363.]
120 [ 1732.  1314.   839.  1928.   800.  1151.  1439.  1279.  1365.  1760.
  1181.   892.  1423.  1270.  2113.  1395.  2117.  1501.  1287.   830.
  1307.  1651.  1869.  2111.   974.  1510.  1005.  1257.  1233.  1194.
  1171.   971.  1155.  1869.  1306.  1388.  1170.  1019.   911.  1388.
  1416.  1236.  1150.   760.  1363.]
121 [ 1732.  1315.   839.  1927.   800.  1151.  1441.  1279.  1365.  1760.
  1170.   892.  1420.  1271.  2113.  1394.  2117.  1501.  1285.   830.
  1306.  1652.  1870.  2111.   974.  1510.  1005.  1258.  1244.  1193.
  1170.   971.  1156.  1869.  1306.  1390.  1170.  1020.   911.  1387.
  1416.  1236.  1150.   760.  1363.]
122 [ 1732.  1317.   839.  1926.   799.  1151.  1444.  1279.  1365.  1758.
  1161.   892.  1416.  1271.  2113.  1395.  2118.  1503.  1285.   830.
  1305.  1652.  1869.  2112.   974.  1507.  1005.  1258.  1256.  1190.
  1169.   971.  1157.  1869.  1306.  1389.  1170.  1022.   911.  1387.
  1417.  1236.  1151.   760.  1363.]
123 [ 1733.  1317.   839.  1926.   799.  1151.  1445.  1280.  1366.  1757.
  1153.   892.  1414.  1271.  2113.  1396.  2119.  1503.  1283.   830.
  1304.  1652.  1869.  2112.   974.  1504.  1004.  1257.  1269.  1187.
  1169.   971.  1158.  1869.  1306.  1390.  1170.  1022.   911.  1387.
  1418.  1236.  1151.   760.  1363.]
124 [ 1733.  1315.   839.  1926.   799.  1151.  1449.  1281.  1369.  1760.
  1144.   892.  1414.  1271.  2113.  1395.  2121.  1503.  1282.   830.
  1303.  1653.  1869.  2112.   974.  1501.  1004.  1257.  1272.  1191.
  1169.   971.  1157.  1869.  1306.  1392.  1170.  1022.   911.  1386.
  1416.  1235.  1151.   760.  1362.]
125 [ 1736.  1313.   839.  1927.   800.  1152.  1452.  1280.  1368.  1759.
  1142.   892.  1415.  1271.  2113.  1390.  2120.  1503.  1278.   830.
  1304.  1652.  1869.  2112.   974.  1498.  1004.  1257.  1276.  1191.
  1170.   971.  1157.  1869.  1306.  1395.  1170.  1023.   911.  1387.
  1417.  1234.  1151.   760.  1362.]
126 [ 1737.  1311.   839.  1926.   801.  1151.  1452.  1279.  1371.  1758.
  1140.   892.  1413.  1271.  2113.  1387.  2121.  1505.  1277.   830.
  1305.  1655.  1871.  2112.   974.  1497.  1004.  1257.  1286.  1185.
  1170.   970.  1157.  1869.  1306.  1391.  1171.  1023.   911.  1389.
  1417.  1233.  1151.   760.  1362.]
127 [ 1742.  1313.   840.  1928.   801.  1150.  1453.  1279.  1371.  1757.
  1128.   892.  1409.  1271.  2113.  1384.  2123.  1509.  1275.   830.
  1304.  1651.  1866.  2112.   974.  1495.  1003.  1258.  1294.  1183.
  1172.   971.  1155.  1870.  1306.  1396.  1173.  1024.   911.  1391.
  1418.  1232.  1151.   760.  1362.]
128 [ 1745.  1319.   841.  1928.   800.  1150.  1454.  1279.  1368.  1755.
  1120.   892.  1402.  1271.  2113.  1381.  2124.  1510.  1276.   832.
  1305.  1649.  1868.  2111.   974.  1493.  1004.  1260.  1298.  1180.
  1173.   972.  1155.  1870.  1306.  1400.  1172.  1023.   911.  1393.
  1418.  1232.  1152.   760.  1361.]
129 [ 1746.  1319.   843.  1929.   799.  1151.  1456.  1279.  1370.  1753.
  1111.   892.  1397.  1271.  2112.  1384.  2124.  1508.  1278.   832.
  1300.  1645.  1871.  2111.   974.  1500.  1004.  1259.  1306.  1174.
  1173.   974.  1154.  1869.  1306.  1398.  1173.  1023.   911.  1394.
  1421.  1232.  1153.   760.  1361.]
130 [ 1747.  1319.   843.  1930.   797.  1151.  1456.  1279.  1368.  1754.
  1107.   894.  1394.  1272.  2113.  1386.  2122.  1508.  1279.   832.
  1302.  1645.  1874.  2111.   975.  1503.  1004.  1259.  1310.  1169.
  1174.   974.  1157.  1868.  1306.  1395.  1173.  1022.   909.  1393.
  1423.  1230.  1153.   760.  1360.]
131 [ 1749.  1321.   843.  1930.   794.  1151.  1459.  1279.  1362.  1751.
  1105.   896.  1390.  1273.  2113.  1383.  2119.  1505.  1281.   831.
  1304.  1646.  1874.  2111.   975.  1503.  1004.  1260.  1318.  1171.
  1176.   974.  1162.  1868.  1307.  1390.  1173.  1022.   909.  1392.
  1424.  1230.  1152.   760.  1360.]
132 [ 1755.  1324.   843.  1929.   798.  1151.  1458.  1280.  1357.  1751.
  1106.   895.  1387.  1272.  2113.  1372.  2118.  1499.  1282.   832.
  1304.  1642.  1878.  2111.   976.  1505.  1005.  1261.  1319.  1178.
  1177.   973.  1164.  1869.  1307.  1392.  1171.  1021.   906.  1392.
  1427.  1228.  1153.   760.  1359.]
133 [ 1760.  1324.   842.  1929.   799.  1152.  1457.  1280.  1355.  1747.
  1107.   897.  1388.  1272.  2113.  1363.  2117.  1498.  1283.   833.
  1306.  1644.  1882.  2109.   978.  1507.  1004.  1260.  1319.  1183.
  1179.   972.  1163.  1868.  1307.  1396.  1170.  1022.   902.  1391.
  1424.  1226.  1153.   760.  1359.]
134 [ 1761.  1322.   841.  1929.   799.  1152.  1459.  1279.  1344.  1745.
  1113.   897.  1388.  1272.  2112.  1363.  2114.  1496.  1284.   833.
  1305.  1647.  1886.  2106.   978.  1512.  1005.  1263.  1320.  1180.
  1180.   973.  1165.  1868.  1307.  1394.  1170.  1021.   902.  1393.
  1424.  1227.  1153.   760.  1358.]
135 [ 1764.  1319.   839.  1929.   799.  1152.  1457.  1279.  1339.  1740.
  1126.   897.  1389.  1272.  2113.  1364.  2113.  1496.  1285.   833.
  1301.  1645.  1886.  2106.   978.  1518.  1004.  1263.  1322.  1179.
  1181.   974.  1163.  1868.  1308.  1387.  1172.  1020.   904.  1394.
  1425.  1226.  1153.   760.  1358.]
136 [ 1765.  1320.   840.  1930.   798.  1152.  1458.  1278.  1332.  1740.
  1134.   897.  1387.  1272.  2113.  1361.  2113.  1490.  1285.   833.
  1301.  1643.  1884.  2105.   980.  1524.  1006.  1263.  1330.  1177.
  1180.   976.  1162.  1867.  1308.  1382.  1173.  1020.   904.  1393.
  1424.  1226.  1154.   760.  1360.]
137 [ 1769.  1320.   840.  1932.   800.  1154.  1458.  1278.  1323.  1738.
  1142.   893.  1380.  1272.  2112.  1370.  2112.  1483.  1276.   833.
  1301.  1641.  1877.  2105.   981.  1534.  1009.  1264.  1337.  1174.
  1179.   978.  1161.  1867.  1307.  1379.  1176.  1020.   904.  1394.
  1425.  1227.  1155.   760.  1360.]
138 [ 1772.  1324.   839.  1933.   800.  1154.  1457.  1279.  1322.  1730.
  1143.   887.  1370.  1272.  2114.  1382.  2112.  1477.  1270.   833.
  1300.  1638.  1873.  2104.   983.  1547.  1016.  1265.  1342.  1170.
  1180.   975.  1163.  1866.  1307.  1380.  1179.  1020.   904.  1394.
  1422.  1228.  1154.   760.  1360.]
139 [ 1771.  1327.   838.  1933.   802.  1156.  1461.  1280.  1321.  1723.
  1149.   885.  1363.  1272.  2114.  1389.  2112.  1472.  1264.   833.
  1299.  1641.  1871.  2103.   985.  1559.  1018.  1261.  1343.  1169.
  1181.   975.  1163.  1866.  1307.  1378.  1181.  1020.   903.  1395.
  1416.  1227.  1154.   760.  1360.]
140 [ 1771.  1330.   838.  1934.   803.  1157.  1462.  1280.  1321.  1728.
  1157.   885.  1353.  1272.  2114.  1390.  2113.  1465.  1261.   833.
  1298.  1641.  1868.  2101.   987.  1559.  1018.  1263.  1343.  1178.
  1181.   973.  1163.  1867.  1307.  1375.  1181.  1020.   904.  1394.
  1415.  1223.  1154.   760.  1360.]
141 [ 1769.  1325.   837.  1935.   805.  1156.  1464.  1280.  1326.  1734.
  1165.   885.  1353.  1272.  2115.  1392.  2112.  1463.  1254.   833.
  1297.  1643.  1863.  2100.   986.  1559.  1018.  1265.  1345.  1179.
  1182.   974.  1166.  1867.  1307.  1369.  1182.  1020.   904.  1392.
  1413.  1220.  1154.   760.  1360.]
142 [ 1768.  1321.   836.  1935.   804.  1158.  1464.  1282.  1327.  1739.
  1165.   885.  1347.  1272.  2114.  1398.  2111.  1457.  1251.   833.
  1299.  1642.  1856.  2099.   986.  1566.  1018.  1265.  1347.  1180.
  1182.   976.  1173.  1866.  1307.  1365.  1184.  1020.   905.  1388.
  1414.  1221.  1154.   760.  1360.]
143 [ 1772.  1317.   836.  1936.   804.  1158.  1463.  1283.  1328.  1735.
  1170.   885.  1342.  1272.  2114.  1403.  2110.  1446.  1247.   833.
  1299.  1641.  1853.  2097.   988.  1572.  1017.  1269.  1355.  1182.
  1183.   977.  1177.  1866.  1307.  1359.  1183.  1020.   905.  1389.
  1414.  1218.  1155.   760.  1360.]
144 [ 1776.  1314.   836.  1938.   805.  1159.  1463.  1282.  1319.  1730.
  1164.   885.  1337.  1272.  2115.  1404.  2110.  1444.  1244.   833.
  1299.  1642.  1850.  2097.   994.  1570.  1018.  1273.  1364.  1192.
  1181.   977.  1180.  1866.  1307.  1355.  1186.  1020.   905.  1389.
  1415.  1215.  1157.   760.  1358.]
145 [ 1780.  1314.   836.  1941.   808.  1162.  1463.  1283.  1314.  1724.
  1163.   884.  1328.  1272.  2115.  1401.  2110.  1447.  1241.   834.
  1303.  1642.  1849.  2095.   998.  1571.  1019.  1270.  1367.  1198.
  1182.   978.  1183.  1866.  1307.  1350.  1186.  1020.   905.  1390.
  1417.  1211.  1156.   760.  1357.]
146 [ 1780.  1316.   836.  1941.   809.  1165.  1463.  1282.  1312.  1732.
  1161.   883.  1319.  1273.  2112.  1395.  2110.  1447.  1238.   833.
  1306.  1647.  1848.  2095.   998.  1566.  1020.  1272.  1373.  1201.
  1183.   980.  1185.  1867.  1307.  1345.  1188.  1021.   905.  1390.
  1415.  1209.  1155.   760.  1357.]
147 [ 1780.  1316.   835.  1940.   806.  1173.  1464.  1282.  1309.  1726.
  1161.   885.  1312.  1273.  2111.  1387.  2109.  1451.  1238.   834.
  1305.  1648.  1850.  2096.  1000.  1571.  1020.  1269.  1379.  1207.
  1182.   980.  1186.  1867.  1307.  1344.  1190.  1021.   905.  1388.
  1414.  1207.  1156.   760.  1356.]
148 [ 1781.  1313.   834.  1942.   802.  1176.  1464.  1282.  1310.  1722.
  1165.   885.  1309.  1273.  2111.  1379.  2109.  1452.  1235.   834.
  1304.  1649.  1851.  2096.  1000.  1576.  1021.  1266.  1387.  1213.
  1182.   980.  1187.  1866.  1307.  1344.  1192.  1021.   904.  1385.
  1413.  1206.  1155.   761.  1356.]
149 [ 1782.  1317.   834.  1941.   800.  1180.  1464.  1281.  1307.  1715.
  1172.   888.  1304.  1273.  2112.  1376.  2109.  1454.  1229.   835.
  1301.  1650.  1848.  2097.  1002.  1576.  1021.  1268.  1392.  1216.
  1183.   981.  1187.  1866.  1307.  1345.  1192.  1021.   904.  1388.
  1412.  1199.  1155.   761.  1355.]
150 [ 1786.  1315.   834.  1939.   800.  1181.  1466.  1282.  1307.  1719.
  1174.   885.  1300.  1273.  2115.  1372.  2110.  1453.  1227.   835.
  1298.  1650.  1847.  2097.  1002.  1577.  1021.  1261.  1393.  1218.
  1186.   982.  1187.  1866.  1308.  1342.  1196.  1021.   904.  1389.
  1412.  1198.  1155.   761.  1356.]
151 [ 1786.  1316.   834.  1939.   800.  1185.  1467.  1282.  1307.  1725.
  1176.   885.  1293.  1273.  2116.  1360.  2110.  1457.  1225.   835.
  1300.  1651.  1847.  2096.  1006.  1569.  1021.  1261.  1390.  1222.
  1189.   983.  1187.  1866.  1308.  1344.  1198.  1021.   904.  1388.
  1409.  1197.  1154.   760.  1358.]
152 [ 1786.  1317.   834.  1938.   799.  1185.  1468.  1280.  1307.  1725.
  1179.   885.  1287.  1273.  2117.  1357.  2110.  1457.  1220.   835.
  1301.  1650.  1849.  2096.  1005.  1564.  1021.  1264.  1383.  1235.
  1190.   984.  1187.  1866.  1308.  1346.  1199.  1021.   906.  1388.
  1408.  1197.  1155.   760.  1358.]
153 [ 1788.  1313.   834.  1937.   799.  1186.  1471.  1280.  1305.  1724.
  1179.   885.  1285.  1273.  2116.  1356.  2108.  1452.  1220.   835.
  1302.  1653.  1848.  2095.  1003.  1565.  1021.  1265.  1377.  1245.
  1192.   986.  1187.  1866.  1308.  1348.  1200.  1020.   908.  1388.
  1408.  1196.  1155.   760.  1358.]
154 [ 1792.  1312.   834.  1935.   799.  1186.  1475.  1280.  1302.  1719.
  1174.   886.  1287.  1273.  2114.  1362.  2107.  1449.  1219.   836.
  1303.  1653.  1845.  2093.  1001.  1570.  1021.  1266.  1374.  1251.
  1193.   989.  1187.  1866.  1308.  1350.  1203.  1021.   908.  1385.
  1404.  1195.  1155.   760.  1358.]
155 [ 1793.  1311.   834.  1936.   799.  1186.  1478.  1280.  1298.  1717.
  1169.   886.  1288.  1273.  2114.  1363.  2107.  1448.  1221.   836.
  1302.  1654.  1842.  2092.  1003.  1575.  1020.  1265.  1372.  1250.
  1194.   992.  1187.  1866.  1308.  1352.  1204.  1022.   908.  1385.
  1403.  1194.  1155.   760.  1358.]
156 [ 1794.  1310.   834.  1937.   801.  1186.  1483.  1280.  1293.  1721.
  1165.   887.  1289.  1273.  2113.  1360.  2107.  1451.  1222.   836.
  1302.  1651.  1840.  2092.  1002.  1574.  1021.  1262.  1370.  1249.
  1196.   994.  1187.  1866.  1308.  1349.  1205.  1022.   908.  1384.
  1409.  1194.  1155.   760.  1358.]
157 [ 1794.  1312.   834.  1937.   802.  1186.  1485.  1280.  1289.  1727.
  1168.   889.  1287.  1273.  2111.  1346.  2106.  1449.  1223.   836.
  1301.  1652.  1839.  2092.  1001.  1575.  1020.  1260.  1369.  1251.
  1197.   995.  1189.  1866.  1308.  1353.  1207.  1022.   908.  1383.
  1411.  1194.  1155.   760.  1358.]
158 [ 1794.  1312.   834.  1937.   802.  1188.  1488.  1280.  1288.  1731.
  1164.   891.  1284.  1273.  2111.  1342.  2106.  1449.  1221.   836.
  1303.  1654.  1839.  2091.  1000.  1573.  1019.  1258.  1369.  1259.
  1197.   996.  1189.  1866.  1308.  1353.  1208.  1022.   908.  1379.
  1413.  1192.  1155.   760.  1358.]
159 [ 1792.  1315.   833.  1935.   802.  1189.  1489.  1280.  1287.  1731.
  1159.   891.  1281.  1273.  2111.  1345.  2105.  1450.  1217.   836.
  1305.  1655.  1843.  2091.  1001.  1567.  1019.  1254.  1371.  1265.
  1198.   996.  1189.  1867.  1308.  1352.  1211.  1023.   908.  1379.
  1411.  1193.  1155.   760.  1358.]
160 [ 1793.  1318.   832.  1935.   801.  1190.  1488.  1281.  1285.  1732.
  1155.   892.  1277.  1273.  2111.  1342.  2105.  1445.  1214.   837.
  1306.  1655.  1850.  2091.  1001.  1564.  1019.  1255.  1375.  1270.
  1198.   997.  1190.  1867.  1308.  1351.  1210.  1023.   909.  1379.
  1412.  1190.  1155.   760.  1359.]
161 [ 1792.  1323.   831.  1935.   801.  1191.  1488.  1282.  1287.  1727.
  1149.   892.  1273.  1273.  2110.  1341.  2105.  1447.  1212.   838.
  1305.  1654.  1857.  2090.  1002.  1558.  1019.  1255.  1379.  1281.
  1197.   996.  1190.  1867.  1308.  1350.  1208.  1023.   909.  1381.
  1412.  1188.  1155.   760.  1359.]
162 [ 1793.  1326.   831.  1935.   802.  1191.  1487.  1284.  1289.  1731.
  1147.   892.  1266.  1273.  2110.  1333.  2104.  1450.  1209.   840.
  1302.  1656.  1857.  2090.  1001.  1545.  1019.  1255.  1384.  1288.
  1197.   997.  1191.  1867.  1308.  1355.  1206.  1024.   909.  1383.
  1411.  1188.  1155.   760.  1359.]
163 [ 1793.  1329.   831.  1933.   801.  1193.  1490.  1284.  1288.  1735.
  1149.   892.  1260.  1273.  2110.  1330.  2104.  1446.  1204.   842.
  1303.  1660.  1856.  2090.  1002.  1540.  1019.  1253.  1380.  1298.
  1197.   997.  1190.  1867.  1308.  1356.  1208.  1023.   910.  1380.
  1413.  1188.  1155.   761.  1359.]
164 [ 1794.  1333.   830.  1933.   800.  1194.  1492.  1284.  1288.  1738.
  1145.   892.  1253.  1273.  2111.  1335.  2103.  1446.  1201.   843.
  1299.  1662.  1861.  2090.  1002.  1538.  1019.  1251.  1382.  1297.
  1197.   998.  1192.  1868.  1308.  1353.  1209.  1023.   910.  1381.
  1414.  1183.  1155.   761.  1359.]
165 [ 1796.  1334.   830.  1933.   800.  1193.  1492.  1284.  1286.  1737.
  1146.   892.  1253.  1273.  2111.  1343.  2103.  1445.  1198.   843.
  1298.  1663.  1861.  2090.  1002.  1531.  1019.  1247.  1381.  1301.
  1197.   998.  1192.  1868.  1308.  1352.  1210.  1023.   910.  1383.
  1419.  1180.  1155.   761.  1359.]
166 [ 1797.  1335.   830.  1933.   799.  1193.  1493.  1284.  1287.  1737.
  1146.   892.  1256.  1273.  2111.  1340.  2102.  1446.  1200.   844.
  1295.  1663.  1863.  2090.  1001.  1521.  1019.  1244.  1381.  1313.
  1197.   999.  1191.  1867.  1308.  1348.  1212.  1023.   910.  1387.
  1417.  1178.  1155.   761.  1359.]
167 [ 1796.  1334.   831.  1933.   797.  1194.  1493.  1283.  1287.  1740.
  1148.   891.  1258.  1273.  2110.  1339.  2102.  1448.  1198.   846.
  1294.  1665.  1863.  2090.  1000.  1522.  1019.  1238.  1381.  1314.
  1198.   999.  1193.  1866.  1308.  1342.  1216.  1022.   910.  1390.
  1416.  1177.  1156.   761.  1359.]
168 [ 1794.  1334.   831.  1933.   796.  1193.  1493.  1281.  1285.  1737.
  1150.   891.  1261.  1273.  2110.  1340.  2105.  1449.  1194.   847.
  1296.  1667.  1863.  2088.  1000.  1526.  1019.  1234.  1380.  1316.
  1198.  1000.  1194.  1866.  1308.  1338.  1219.  1023.   909.  1391.
  1416.  1176.  1156.   761.  1359.]
169 [ 1796.  1333.   831.  1931.   797.  1192.  1493.  1280.  1283.  1729.
  1150.   891.  1260.  1273.  2110.  1343.  2106.  1450.  1191.   850.
  1296.  1666.  1863.  2088.  1000.  1530.  1019.  1237.  1380.  1319.
  1198.  1000.  1194.  1866.  1308.  1337.  1218.  1023.   908.  1391.
  1417.  1177.  1156.   761.  1359.]
170 [ 1797.  1332.   831.  1930.   797.  1193.  1493.  1279.  1279.  1728.
  1149.   891.  1260.  1273.  2108.  1341.  2106.  1452.  1191.   851.
  1295.  1663.  1861.  2089.  1000.  1535.  1020.  1236.  1378.  1321.
  1200.  1000.  1194.  1866.  1308.  1337.  1220.  1023.   908.  1391.
  1421.  1178.  1155.   761.  1359.]
171 [ 1798.  1330.   831.  1930.   797.  1193.  1493.  1279.  1275.  1726.
  1148.   891.  1262.  1273.  2108.  1337.  2106.  1452.  1193.   851.
  1292.  1666.  1861.  2089.  1000.  1540.  1020.  1233.  1379.  1321.
  1199.  1000.  1193.  1866.  1308.  1337.  1222.  1023.   908.  1392.
  1423.  1179.  1156.   761.  1359.]
172 [ 1799.  1331.   831.  1930.   797.  1194.  1494.  1279.  1271.  1723.
  1147.   891.  1261.  1273.  2107.  1340.  2106.  1453.  1192.   851.
  1290.  1668.  1860.  2089.  1001.  1544.  1020.  1228.  1378.  1320.
  1200.   999.  1193.  1866.  1308.  1338.  1224.  1023.   908.  1391.
  1426.  1180.  1156.   761.  1359.]
173 [ 1802.  1331.   831.  1930.   797.  1194.  1494.  1279.  1265.  1723.
  1146.   891.  1261.  1273.  2106.  1337.  2107.  1455.  1194.   854.
  1288.  1664.  1861.  2089.  1004.  1544.  1020.  1224.  1377.  1320.
  1200.   998.  1195.  1867.  1308.  1337.  1224.  1023.   909.  1391.
  1431.  1180.  1156.   761.  1359.]
174 [ 1805.  1330.   831.  1930.   797.  1195.  1494.  1279.  1260.  1725.
  1143.   891.  1261.  1273.  2105.  1337.  2107.  1455.  1194.   858.
  1289.  1662.  1860.  2089.  1004.  1548.  1020.  1223.  1377.  1316.
  1200.   998.  1196.  1868.  1308.  1337.  1223.  1023.   909.  1389.
  1434.  1181.  1156.   761.  1359.]
175 [ 1803.  1333.   831.  1929.   797.  1194.  1494.  1279.  1257.  1726.
  1143.   891.  1259.  1273.  2104.  1339.  2107.  1455.  1193.   864.
  1289.  1660.  1862.  2089.  1004.  1548.  1020.  1221.  1376.  1316.
  1200.   998.  1196.  1869.  1307.  1337.  1221.  1023.   909.  1389.
  1437.  1182.  1156.   761.  1359.]
176 [ 1802.  1334.   831.  1929.   797.  1193.  1494.  1279.  1256.  1728.
  1142.   891.  1257.  1273.  2104.  1338.  2107.  1455.  1194.   870.
  1289.  1660.  1862.  2089.  1004.  1548.  1020.  1220.  1376.  1314.
  1200.   998.  1197.  1869.  1307.  1337.  1218.  1023.   909.  1389.
  1437.  1184.  1156.   761.  1359.]
177 [ 1802.  1336.   831.  1929.   797.  1193.  1494.  1279.  1256.  1729.
  1143.   891.  1257.  1273.  2104.  1338.  2107.  1455.  1194.   875.
  1289.  1658.  1861.  2089.  1004.  1548.  1020.  1219.  1376.  1313.
  1200.   997.  1197.  1869.  1307.  1336.  1218.  1023.   909.  1389.
  1436.  1183.  1156.   761.  1359.]
178 [ 1801.  1336.   831.  1929.   797.  1191.  1493.  1279.  1252.  1732.
  1142.   891.  1257.  1273.  2104.  1339.  2108.  1455.  1193.   878.
  1289.  1662.  1864.  2089.  1004.  1548.  1020.  1216.  1376.  1313.
  1200.   997.  1197.  1869.  1307.  1334.  1219.  1023.   909.  1389.
  1433.  1185.  1156.   761.  1359.]
179 [ 1799.  1334.   832.  1929.   797.  1190.  1491.  1279.  1250.  1733.
  1143.   891.  1256.  1273.  2104.  1339.  2108.  1455.  1193.   880.
  1289.  1668.  1863.  2089.  1004.  1548.  1020.  1211.  1376.  1314.
  1200.   997.  1197.  1869.  1307.  1334.  1218.  1023.   909.  1389.
  1433.  1190.  1156.   761.  1359.]
180 [ 1800.  1335.   832.  1929.   797.  1190.  1490.  1279.  1249.  1734.
  1143.   891.  1258.  1273.  2104.  1338.  2108.  1455.  1193.   881.
  1289.  1670.  1864.  2089.  1002.  1548.  1020.  1206.  1376.  1314.
  1200.   997.  1197.  1869.  1307.  1334.  1218.  1023.   909.  1389.
  1434.  1190.  1156.   761.  1359.]
181 [ 1803.  1339.   831.  1928.   797.  1194.  1489.  1279.  1249.  1734.
  1143.   891.  1257.  1273.  2104.  1338.  2108.  1455.  1193.   884.
  1289.  1663.  1864.  2089.  1001.  1549.  1020.  1207.  1376.  1314.
  1200.   996.  1197.  1869.  1307.  1334.  1213.  1023.   909.  1389.
  1436.  1190.  1156.   761.  1359.]
182 [ 1809.  1341.   831.  1928.   797.  1196.  1489.  1279.  1248.  1734.
  1143.   891.  1258.  1273.  2104.  1338.  2108.  1455.  1193.   885.
  1289.  1659.  1863.  2089.  1000.  1548.  1020.  1208.  1376.  1314.
  1200.   996.  1197.  1869.  1307.  1334.  1210.  1023.   909.  1389.
  1435.  1189.  1156.   761.  1359.]
183 [ 1811.  1341.   831.  1928.   797.  1198.  1489.  1279.  1247.  1733.
  1143.   891.  1258.  1273.  2104.  1338.  2108.  1455.  1193.   885.
  1289.  1657.  1864.  2089.  1000.  1548.  1020.  1207.  1376.  1314.
  1200.   996.  1198.  1868.  1307.  1334.  1210.  1023.   909.  1389.
  1436.  1188.  1156.   761.  1359.]
184 [ 1811.  1341.   831.  1928.   796.  1201.  1490.  1279.  1246.  1732.
  1143.   891.  1259.  1273.  2104.  1338.  2108.  1455.  1193.   887.
  1289.  1659.  1864.  2089.  1000.  1548.  1020.  1205.  1376.  1314.
  1200.   996.  1199.  1868.  1307.  1334.  1205.  1023.   909.  1389.
  1436.  1188.  1156.   761.  1359.]
185 [ 1813.  1342.   831.  1928.   795.  1204.  1490.  1279.  1245.  1733.
  1143.   891.  1260.  1273.  2104.  1337.  2108.  1456.  1193.   888.
  1289.  1656.  1864.  2089.  1000.  1548.  1020.  1205.  1376.  1314.
  1200.   997.  1198.  1869.  1307.  1334.  1201.  1023.   909.  1389.
  1436.  1187.  1156.   761.  1359.]
186 [ 1814.  1342.   831.  1928.   796.  1204.  1490.  1279.  1244.  1730.
  1143.   891.  1261.  1273.  2104.  1339.  2108.  1456.  1191.   888.
  1289.  1659.  1865.  2089.  1000.  1549.  1020.  1205.  1377.  1314.
  1200.   997.  1198.  1869.  1307.  1334.  1201.  1023.   908.  1389.
  1434.  1185.  1156.   761.  1359.]
187 [ 1813.  1341.   831.  1928.   796.  1204.  1490.  1279.  1244.  1729.
  1143.   891.  1262.  1273.  2104.  1341.  2108.  1456.  1188.   888.
  1289.  1659.  1865.  2089.  1000.  1551.  1020.  1203.  1377.  1314.
  1200.   997.  1199.  1869.  1307.  1334.  1204.  1023.   908.  1389.
  1432.  1186.  1156.   761.  1359.]
188 [ 1815.  1340.   831.  1928.   796.  1205.  1490.  1279.  1244.  1725.
  1143.   891.  1262.  1273.  2103.  1342.  2108.  1456.  1188.   888.
  1289.  1660.  1864.  2089.  1000.  1552.  1020.  1203.  1377.  1315.
  1200.   998.  1199.  1869.  1307.  1332.  1204.  1023.   908.  1391.
  1431.  1186.  1156.   761.  1359.]
189 [ 1815.  1340.   831.  1928.   796.  1205.  1490.  1279.  1243.  1728.
  1143.   891.  1262.  1273.  2101.  1342.  2108.  1456.  1187.   888.
  1289.  1659.  1864.  2089.  1000.  1552.  1020.  1203.  1377.  1315.
  1200.   999.  1199.  1871.  1307.  1331.  1204.  1023.   908.  1390.
  1432.  1186.  1156.   761.  1359.]
190 [ 1816.  1340.   831.  1928.   796.  1205.  1490.  1279.  1241.  1728.
  1143.   891.  1262.  1273.  2100.  1344.  2108.  1456.  1187.   888.
  1289.  1657.  1865.  2089.  1000.  1553.  1020.  1203.  1378.  1314.
  1200.   998.  1199.  1872.  1307.  1329.  1204.  1023.   908.  1390.
  1434.  1186.  1156.   761.  1359.]
191 [ 1816.  1340.   831.  1928.   796.  1205.  1490.  1279.  1241.  1728.
  1145.   891.  1262.  1273.  2100.  1343.  2108.  1457.  1185.   888.
  1289.  1658.  1863.  2089.  1000.  1553.  1020.  1203.  1379.  1314.
  1200.   998.  1199.  1872.  1307.  1330.  1204.  1023.   908.  1390.
  1433.  1186.  1156.   761.  1359.]
192 [ 1816.  1340.   831.  1928.   796.  1205.  1490.  1279.  1241.  1729.
  1145.   891.  1262.  1273.  2100.  1343.  2108.  1457.  1184.   888.
  1289.  1659.  1862.  2089.   999.  1553.  1020.  1202.  1379.  1314.
  1200.   998.  1199.  1872.  1307.  1330.  1205.  1023.   908.  1390.
  1433.  1186.  1156.   761.  1360.]
193 [ 1814.  1340.   831.  1928.   796.  1206.  1490.  1279.  1241.  1730.
  1145.   891.  1262.  1273.  2100.  1344.  2108.  1457.  1185.   889.
  1288.  1660.  1859.  2089.   999.  1553.  1020.  1203.  1379.  1314.
  1200.   998.  1200.  1872.  1307.  1329.  1204.  1023.   908.  1390.
  1433.  1186.  1156.   761.  1360.]
194 [ 1813.  1340.   831.  1928.   796.  1206.  1490.  1279.  1241.  1731.
  1145.   891.  1262.  1273.  2100.  1344.  2108.  1457.  1188.   889.
  1288.  1658.  1859.  2089.   999.  1553.  1020.  1202.  1379.  1314.
  1200.   998.  1203.  1872.  1307.  1326.  1204.  1023.   908.  1390.
  1433.  1186.  1156.   761.  1360.]
195 [ 1815.  1339.   831.  1928.   796.  1206.  1490.  1279.  1241.  1732.
  1145.   891.  1262.  1273.  2100.  1344.  2108.  1457.  1192.   889.
  1288.  1656.  1857.  2089.   999.  1553.  1020.  1202.  1379.  1314.
  1200.   999.  1203.  1872.  1307.  1323.  1204.  1023.   908.  1390.
  1433.  1186.  1156.   761.  1360.]
196 [ 1813.  1339.   831.  1928.   796.  1206.  1490.  1279.  1241.  1731.
  1145.   891.  1261.  1273.  2100.  1345.  2108.  1457.  1193.   889.
  1288.  1654.  1857.  2089.   999.  1553.  1020.  1202.  1380.  1314.
  1200.   999.  1206.  1872.  1307.  1321.  1204.  1023.   908.  1390.
  1435.  1186.  1156.   761.  1360.]
197 [ 1814.  1339.   831.  1928.   796.  1206.  1490.  1279.  1240.  1730.
  1145.   891.  1260.  1273.  2100.  1348.  2108.  1457.  1193.   889.
  1288.  1651.  1858.  2089.   999.  1553.  1020.  1202.  1378.  1314.
  1200.   999.  1206.  1872.  1307.  1321.  1205.  1023.   908.  1391.
  1436.  1186.  1156.   761.  1360.]
198 [ 1814.  1338.   831.  1928.   796.  1206.  1490.  1279.  1240.  1732.
  1145.   891.  1261.  1272.  2100.  1348.  2108.  1457.  1197.   889.
  1286.  1649.  1859.  2090.   999.  1553.  1020.  1202.  1378.  1314.
  1200.   999.  1206.  1872.  1307.  1318.  1205.  1023.   908.  1391.
  1436.  1186.  1156.   761.  1360.]
199 [ 1815.  1338.   831.  1928.   796.  1206.  1490.  1279.  1240.  1732.
  1145.   891.  1262.  1272.  2100.  1348.  2108.  1457.  1200.   889.
  1287.  1647.  1860.  2090.   999.  1553.  1020.  1202.  1378.  1314.
  1200.   999.  1206.  1872.  1307.  1314.  1205.  1023.   908.  1391.
  1435.  1186.  1156.   761.  1360.]
200 [ 1814.  1338.   832.  1928.   796.  1206.  1490.  1279.  1240.  1732.
  1145.   891.  1261.  1272.  2100.  1348.  2108.  1457.  1201.   889.
  1287.  1648.  1861.  2090.   999.  1553.  1020.  1202.  1377.  1314.
  1200.   999.  1206.  1872.  1307.  1314.  1205.  1023.   908.  1391.
  1435.  1185.  1156.   761.  1360.]
201 [ 1814.  1338.   832.  1928.   796.  1206.  1490.  1279.  1240.  1732.
  1144.   891.  1261.  1272.  2100.  1347.  2108.  1457.  1201.   889.
  1286.  1648.  1862.  2090.   999.  1553.  1020.  1202.  1375.  1314.
  1200.   999.  1206.  1872.  1307.  1318.  1205.  1023.   908.  1391.
  1435.  1185.  1156.   761.  1360.]
202 [ 1814.  1338.   832.  1928.   796.  1206.  1490.  1279.  1240.  1732.
  1143.   891.  1261.  1272.  2100.  1349.  2108.  1457.  1202.   889.
  1286.  1648.  1862.  2090.   999.  1553.  1020.  1202.  1374.  1314.
  1200.   999.  1206.  1872.  1307.  1317.  1205.  1023.   908.  1391.
  1435.  1185.  1156.   761.  1360.]
203 [ 1814.  1338.   832.  1928.   796.  1206.  1490.  1279.  1240.  1732.
  1142.   891.  1261.  1272.  2100.  1350.  2108.  1457.  1206.   889.
  1286.  1648.  1861.  2090.   999.  1553.  1020.  1202.  1374.  1313.
  1200.   999.  1206.  1872.  1307.  1315.  1205.  1023.   908.  1391.
  1435.  1185.  1156.   761.  1360.]
204 [ 1814.  1338.   832.  1928.   796.  1206.  1490.  1279.  1240.  1731.
  1142.   891.  1261.  1272.  2100.  1353.  2108.  1457.  1205.   889.
  1286.  1648.  1861.  2091.   999.  1553.  1020.  1202.  1372.  1312.
  1200.   999.  1206.  1872.  1307.  1316.  1205.  1023.   908.  1391.
  1435.  1185.  1156.   761.  1360.]
205 [ 1814.  1338.   832.  1928.   796.  1206.  1490.  1279.  1240.  1730.
  1144.   891.  1261.  1272.  2100.  1353.  2108.  1457.  1206.   889.
  1286.  1648.  1861.  2091.   999.  1554.  1020.  1202.  1369.  1312.
  1200.   999.  1206.  1872.  1306.  1317.  1205.  1023.   908.  1391.
  1435.  1185.  1156.   761.  1360.]
206 [ 1814.  1338.   831.  1928.   796.  1206.  1490.  1279.  1240.  1731.
  1144.   891.  1261.  1272.  2100.  1355.  2108.  1457.  1207.   889.
  1285.  1648.  1861.  2091.   999.  1554.  1020.  1202.  1369.  1312.
  1200.   999.  1206.  1872.  1306.  1315.  1205.  1023.   908.  1391.
  1435.  1185.  1156.   761.  1360.]
207 [ 1814.  1338.   831.  1928.   796.  1206.  1490.  1279.  1240.  1731.
  1146.   891.  1261.  1272.  2100.  1354.  2108.  1457.  1204.   889.
  1285.  1648.  1861.  2091.   999.  1555.  1020.  1202.  1369.  1312.
  1200.  1000.  1206.  1872.  1307.  1314.  1205.  1023.   908.  1391.
  1435.  1185.  1156.   761.  1360.]
208 [ 1814.  1338.   831.  1928.   797.  1206.  1490.  1279.  1240.  1730.
  1147.   891.  1261.  1272.  2100.  1357.  2108.  1457.  1203.   889.
  1285.  1648.  1861.  2091.   999.  1555.  1020.  1202.  1369.  1311.
  1200.  1000.  1206.  1872.  1307.  1312.  1205.  1023.   908.  1391.
  1435.  1185.  1156.   761.  1360.]
209 [ 1814.  1338.   831.  1928.   797.  1206.  1490.  1279.  1240.  1731.
  1149.   891.  1261.  1272.  2100.  1357.  2108.  1457.  1202.   889.
  1286.  1648.  1860.  2091.   999.  1555.  1020.  1202.  1369.  1311.
  1200.  1000.  1206.  1872.  1307.  1311.  1205.  1023.   908.  1390.
  1435.  1185.  1156.   761.  1360.]
210 [ 1814.  1338.   831.  1928.   797.  1206.  1490.  1279.  1240.  1731.
  1151.   891.  1261.  1272.  2100.  1359.  2108.  1457.  1199.   889.
  1285.  1648.  1861.  2091.   999.  1556.  1020.  1202.  1368.  1311.
  1200.  1000.  1206.  1871.  1307.  1312.  1205.  1023.   908.  1390.
  1435.  1185.  1155.   761.  1360.]
211 [ 1814.  1338.   832.  1928.   797.  1206.  1490.  1279.  1240.  1731.
  1151.   891.  1261.  1272.  2100.  1361.  2108.  1457.  1200.   889.
  1283.  1648.  1860.  2091.   999.  1556.  1020.  1202.  1367.  1311.
  1200.   999.  1206.  1871.  1307.  1314.  1205.  1023.   908.  1389.
  1435.  1185.  1155.   761.  1360.]
212 [ 1814.  1338.   832.  1928.   797.  1206.  1490.  1279.  1240.  1732.
  1152.   891.  1261.  1273.  2100.  1361.  2108.  1457.  1201.   889.
  1282.  1648.  1859.  2091.   999.  1556.  1020.  1202.  1366.  1310.
  1200.   999.  1206.  1871.  1307.  1315.  1205.  1023.   907.  1389.
  1435.  1185.  1155.   761.  1360.]
213 [ 1814.  1338.   832.  1928.   797.  1206.  1490.  1279.  1240.  1734.
  1151.   891.  1261.  1273.  2100.  1363.  2108.  1457.  1201.   889.
  1282.  1648.  1858.  2091.   999.  1556.  1020.  1202.  1366.  1309.
  1200.   999.  1206.  1871.  1307.  1314.  1205.  1023.   907.  1389.
  1435.  1185.  1155.   761.  1360.]
214 [ 1814.  1338.   832.  1928.   797.  1206.  1490.  1279.  1240.  1736.
  1150.   891.  1261.  1273.  2100.  1365.  2108.  1457.  1201.   889.
  1283.  1648.  1857.  2091.   999.  1556.  1020.  1202.  1366.  1308.
  1200.   999.  1206.  1871.  1307.  1313.  1205.  1023.   907.  1388.
  1435.  1185.  1155.   761.  1360.]
215 [ 1814.  1338.   832.  1928.   797.  1206.  1490.  1279.  1240.  1732.
  1150.   891.  1261.  1273.  2100.  1368.  2108.  1457.  1200.   889.
  1283.  1648.  1857.  2091.   999.  1560.  1020.  1202.  1366.  1307.
  1200.   999.  1205.  1871.  1307.  1313.  1205.  1023.   907.  1388.
  1435.  1185.  1155.   761.  1360.]
216 [ 1814.  1338.   832.  1928.   797.  1206.  1490.  1279.  1240.  1732.
  1150.   891.  1261.  1273.  2100.  1369.  2108.  1457.  1199.   889.
  1283.  1648.  1856.  2091.   999.  1561.  1020.  1202.  1366.  1307.
  1200.   999.  1205.  1871.  1307.  1314.  1205.  1023.   907.  1387.
  1435.  1185.  1155.   761.  1360.]
217 [ 1814.  1338.   832.  1928.   797.  1206.  1490.  1279.  1240.  1731.
  1150.   891.  1261.  1273.  2100.  1369.  2108.  1458.  1198.   889.
  1283.  1648.  1857.  2091.   999.  1561.  1020.  1202.  1366.  1307.
  1200.   999.  1205.  1871.  1307.  1314.  1205.  1023.   907.  1387.
  1435.  1185.  1155.   761.  1360.]
218 [ 1814.  1338.   832.  1928.   797.  1206.  1490.  1279.  1240.  1730.
  1150.   891.  1261.  1273.  2100.  1370.  2107.  1459.  1197.   889.
  1283.  1648.  1857.  2091.   999.  1562.  1020.  1202.  1366.  1307.
  1200.   999.  1205.  1871.  1307.  1314.  1205.  1023.   907.  1387.
  1435.  1185.  1155.   761.  1360.]
219 [ 1814.  1338.   832.  1928.   797.  1206.  1490.  1279.  1240.  1729.
  1150.   891.  1261.  1273.  2100.  1371.  2107.  1461.  1196.   889.
  1283.  1648.  1858.  2091.   999.  1560.  1020.  1202.  1366.  1307.
  1200.   999.  1205.  1871.  1307.  1314.  1205.  1023.   907.  1387.
  1435.  1185.  1155.   761.  1360.]
220 [ 1814.  1338.   832.  1928.   797.  1206.  1490.  1279.  1240.  1729.
  1150.   891.  1261.  1273.  2100.  1372.  2106.  1463.  1196.   889.
  1283.  1648.  1859.  2091.   999.  1558.  1020.  1202.  1366.  1307.
  1200.   998.  1205.  1871.  1307.  1314.  1205.  1023.   907.  1387.
  1435.  1185.  1155.   761.  1360.]
221 [ 1814.  1338.   832.  1928.   797.  1206.  1490.  1279.  1240.  1728.
  1150.   891.  1261.  1273.  2100.  1372.  2106.  1463.  1196.   889.
  1283.  1648.  1859.  2091.   999.  1559.  1020.  1202.  1366.  1307.
  1200.   998.  1205.  1871.  1307.  1314.  1205.  1023.   907.  1387.
  1435.  1185.  1155.   761.  1360.]
222 [ 1814.  1338.   832.  1928.   797.  1206.  1490.  1279.  1240.  1727.
  1150.   891.  1261.  1273.  2100.  1372.  2106.  1463.  1196.   889.
  1283.  1648.  1860.  2091.   999.  1559.  1020.  1202.  1366.  1307.
  1200.   998.  1205.  1871.  1307.  1314.  1205.  1023.   907.  1387.
  1435.  1185.  1155.   761.  1360.]
223 [ 1814.  1338.   832.  1928.   797.  1206.  1490.  1279.  1240.  1726.
  1150.   891.  1261.  1273.  2100.  1372.  2106.  1463.  1196.   889.
  1283.  1648.  1860.  2091.   999.  1559.  1020.  1202.  1366.  1307.
  1200.   998.  1205.  1871.  1307.  1314.  1205.  1023.   907.  1388.
  1435.  1185.  1155.   761.  1360.]
224 [ 1814.  1338.   832.  1928.   797.  1206.  1490.  1279.  1240.  1727.
  1149.   891.  1261.  1273.  2100.  1372.  2106.  1463.  1196.   889.
  1283.  1648.  1860.  2091.   999.  1559.  1020.  1202.  1366.  1307.
  1200.   998.  1205.  1871.  1307.  1314.  1205.  1023.   907.  1388.
  1435.  1185.  1155.   761.  1360.]
225 [ 1814.  1338.   832.  1928.   797.  1206.  1490.  1279.  1240.  1726.
  1149.   891.  1261.  1273.  2100.  1372.  2106.  1463.  1196.   889.
  1283.  1648.  1861.  2091.   999.  1559.  1020.  1202.  1366.  1307.
  1200.   998.  1205.  1871.  1307.  1314.  1205.  1023.   907.  1388.
  1435.  1185.  1155.   761.  1360.]
226 [ 1814.  1338.   832.  1928.   797.  1206.  1490.  1279.  1240.  1727.
  1148.   891.  1261.  1273.  2100.  1372.  2106.  1463.  1196.   889.
  1283.  1648.  1861.  2091.   999.  1559.  1020.  1202.  1366.  1307.
  1200.   998.  1205.  1871.  1307.  1314.  1205.  1023.   907.  1388.
  1435.  1185.  1155.   761.  1360.]
[ 1814.  1338.   832.  1928.   797.  1206.  1490.  1279.  1240.  1727.
  1148.   891.  1261.  1273.  2100.  1372.  2106.  1463.  1196.   889.
  1283.  1648.  1861.  2091.   999.  1559.  1020.  1202.  1366.  1307.
  1200.   998.  1205.  1871.  1307.  1314.  1205.  1023.   907.  1388.
  1435.  1185.  1155.   761.  1360.]
Time spent clustering :  33317.708555
means_kplusplus_cluster45
Digit: 0  Purity: 94.3% SD: 1531.6  Count: 5749
Digit: 1  Purity: 91.9% SD:  919.6  Count: 7178
Digit: 2  Purity: 93.8% SD: 1610.3  Count: 5470
Digit: 3  Purity: 71.8% SD: 1505.0  Count: 6927
Digit: 4  Purity: 78.7% SD: 1504.5  Count: 4575
Digit: 5  Purity: 76.1% SD: 1559.8  Count: 5357
Digit: 6  Purity: 75.9% SD: 1489.0  Count: 7365
Digit: 7  Purity: 90.5% SD: 1321.5  Count: 5687
Digit: 8  Purity: 89.8% SD: 1522.9  Count: 4329
Digit: 9  Purity: 61.8% SD: 1309.6  Count: 7363
Our accuracy in predicting test data for k = 45 was 82.5282528253 %
Time spent testing :  39.2471609116
