12 means kplusplus 100
0 [  2453.   2971.   2907.   6594.   5673.   8195.  10077.   4676.   3016.
   5143.   3121.   5174.]
1 [ 2664.  3139.  3325.  6176.  5364.  8824.  9365.  4313.  2935.  4998.
  3270.  5627.]
2 [ 2794.  3185.  3544.  5938.  5287.  9073.  8937.  4210.  2900.  5012.
  3292.  5828.]
3 [ 2902.  3294.  3694.  5760.  5261.  9140.  8726.  4150.  2898.  5048.
  3279.  5848.]
4 [ 2972.  3416.  3835.  5633.  5292.  9112.  8628.  4120.  2915.  5057.
  3219.  5801.]
5 [ 3022.  3543.  3974.  5537.  5325.  9059.  8602.  4089.  2935.  5046.
  3143.  5725.]
6 [ 3055.  3729.  4105.  5483.  5375.  8975.  8581.  4061.  2936.  5013.
  3053.  5634.]
7 [ 3061.  3924.  4232.  5439.  5410.  8909.  8574.  4031.  2920.  4961.
  3002.  5537.]
8 [ 3065.  4092.  4325.  5413.  5438.  8856.  8576.  4010.  2908.  4895.
  2968.  5454.]
9 [ 3046.  4232.  4395.  5403.  5429.  8829.  8565.  3994.  2918.  4827.
  2974.  5388.]
10 [ 3031.  4377.  4427.  5389.  5428.  8812.  8564.  4001.  2901.  4781.
  2962.  5327.]
11 [ 3002.  4498.  4440.  5383.  5429.  8801.  8578.  4013.  2895.  4735.
  2955.  5271.]
12 [ 2981.  4594.  4452.  5388.  5423.  8808.  8585.  4016.  2879.  4694.
  2955.  5225.]
13 [ 2961.  4664.  4460.  5390.  5418.  8806.  8585.  4013.  2869.  4680.
  2955.  5199.]
14 [ 2935.  4740.  4464.  5388.  5409.  8813.  8587.  4024.  2859.  4662.
  2952.  5167.]
15 [ 2922.  4808.  4470.  5385.  5397.  8812.  8586.  4037.  2852.  4645.
  2951.  5135.]
16 [ 2901.  4879.  4472.  5386.  5391.  8816.  8587.  4039.  2849.  4617.
  2954.  5109.]
17 [ 2886.  4922.  4475.  5384.  5382.  8823.  8591.  4043.  2849.  4603.
  2963.  5079.]
18 [ 2886.  4966.  4484.  5387.  5368.  8818.  8593.  4037.  2842.  4595.
  2972.  5052.]
19 [ 2879.  5015.  4485.  5389.  5361.  8815.  8597.  4033.  2843.  4579.
  2978.  5026.]
20 [ 2873.  5068.  4482.  5384.  5360.  8819.  8598.  4027.  2842.  4558.
  2979.  5010.]
21 [ 2867.  5106.  4482.  5386.  5358.  8822.  8605.  4021.  2842.  4542.
  2985.  4984.]
22 [ 2867.  5148.  4482.  5389.  5355.  8818.  8612.  4019.  2843.  4511.
  2986.  4970.]
23 [ 2864.  5183.  4486.  5397.  5356.  8809.  8622.  4017.  2841.  4480.
  2986.  4959.]
24 [ 2858.  5200.  4487.  5397.  5355.  8807.  8626.  4017.  2840.  4476.
  2986.  4951.]
25 [ 2854.  5212.  4487.  5394.  5356.  8806.  8627.  4018.  2839.  4476.
  2984.  4947.]
26 [ 2849.  5217.  4487.  5394.  5359.  8806.  8628.  4016.  2837.  4475.
  2983.  4949.]
27 [ 2846.  5226.  4486.  5396.  5358.  8805.  8629.  4016.  2836.  4469.
  2981.  4952.]
28 [ 2846.  5236.  4486.  5398.  5359.  8808.  8629.  4014.  2836.  4458.
  2979.  4951.]
29 [ 2844.  5246.  4481.  5402.  5359.  8811.  8629.  4010.  2836.  4445.
  2985.  4952.]
30 [ 2840.  5253.  4481.  5405.  5358.  8814.  8628.  4009.  2836.  4440.
  2985.  4951.]
31 [ 2839.  5255.  4481.  5407.  5359.  8818.  8629.  4010.  2836.  4433.
  2984.  4949.]
32 [ 2839.  5263.  4481.  5406.  5359.  8819.  8629.  4010.  2835.  4428.
  2983.  4948.]
33 [ 2836.  5265.  4481.  5405.  5360.  8819.  8631.  4012.  2834.  4427.
  2983.  4947.]
34 [ 2836.  5264.  4480.  5404.  5360.  8820.  8632.  4011.  2834.  4428.
  2984.  4947.]
35 [ 2836.  5263.  4480.  5404.  5362.  8823.  8631.  4013.  2836.  4430.
  2981.  4941.]
36 [ 2836.  5263.  4481.  5404.  5362.  8828.  8631.  4012.  2836.  4430.
  2977.  4940.]
37 [ 2836.  5263.  4480.  5404.  5362.  8830.  8632.  4012.  2837.  4431.
  2974.  4939.]
38 [ 2836.  5263.  4480.  5405.  5362.  8829.  8634.  4010.  2837.  4431.
  2974.  4939.]
39 [ 2836.  5263.  4480.  5405.  5362.  8829.  8634.  4007.  2837.  4431.
  2977.  4939.]
40 [ 2836.  5263.  4480.  5405.  5362.  8830.  8634.  4004.  2837.  4431.
  2979.  4939.]
41 [ 2836.  5263.  4481.  5404.  5363.  8830.  8634.  4005.  2837.  4431.
  2977.  4939.]
42 [ 2836.  5263.  4481.  5404.  5363.  8832.  8634.  4005.  2837.  4431.
  2975.  4939.]
43 [ 2836.  5263.  4481.  5404.  5363.  8831.  8635.  4005.  2837.  4431.
  2975.  4939.]
44 [ 2836.  5263.  4481.  5404.  5363.  8829.  8637.  4005.  2837.  4431.
  2975.  4939.]
45 [ 2836.  5264.  4481.  5404.  5363.  8827.  8639.  4005.  2837.  4431.
  2974.  4939.]
46 [ 2836.  5264.  4481.  5406.  5363.  8821.  8643.  4005.  2837.  4431.
  2974.  4939.]
47 [ 2836.  5265.  4481.  5406.  5363.  8818.  8646.  4005.  2837.  4431.
  2974.  4938.]
48 [ 2836.  5265.  4481.  5406.  5364.  8816.  8647.  4005.  2837.  4431.
  2974.  4938.]
49 [ 2836.  5265.  4481.  5406.  5365.  8812.  8651.  4005.  2837.  4431.
  2974.  4937.]
50 [ 2836.  5265.  4481.  5405.  5366.  8809.  8655.  4005.  2837.  4432.
  2974.  4935.]
51 [ 2836.  5265.  4481.  5405.  5366.  8807.  8657.  4005.  2837.  4433.
  2974.  4934.]
52 [ 2836.  5265.  4481.  5404.  5366.  8807.  8658.  4005.  2837.  4433.
  2974.  4934.]
[ 2836.  5265.  4481.  5404.  5366.  8807.  8658.  4005.  2837.  4433.
  2974.  4934.]
Time spent clustering :  3756.15578699
means_kplusplus_cluster12
Digit: 0  Purity: 91.0% SD: 1674.3  Count: 5673
Digit: 1  Purity: 62.1% SD: 1263.4  Count: 10770
Digit: 2  Purity: 93.7% SD: 1783.9  Count: 4481
Digit: 3  Purity: 51.4% SD: 1673.4  Count: 9698
Digit: 4  Purity: 34.6% SD: 1622.5  Count: 8807
Digit: 5  Purity:  0.0% SD:    0.0  Count: 0
Digit: 6  Purity: 79.3% SD: 1603.4  Count: 6979
Digit: 7  Purity: 42.6% SD: 1517.6  Count: 8658
Digit: 8  Purity: 69.2% SD: 1642.6  Count: 4934
Digit: 9  Purity:  0.0% SD:    0.0  Count: 0
Our accuracy in predicting test data for k = 12 was 61.1461146115 %
Time spent testing :  39.9052779675
