11 means kplusplus 100
0 [  5780.   1706.   3888.   3187.   4507.   3073.  11964.   6885.  10408.
   4473.   4129.]
1 [  6501.   1774.   4670.   4004.   5327.   2943.  10832.   6908.   8247.
   4692.   4102.]
2 [  6745.   1876.   5037.   4480.   5962.   2905.  10204.   6509.   7465.
   4589.   4228.]
3 [ 6795.  1994.  5299.  4566.  6461.  2904.  9844.  6063.  7060.  4663.
  4351.]
4 [ 6626.  2135.  5579.  4553.  6765.  2879.  9568.  5750.  6853.  4852.
  4440.]
5 [ 6447.  2261.  5866.  4550.  6955.  2835.  9345.  5510.  6717.  5035.
  4479.]
6 [ 6270.  2404.  6119.  4571.  7082.  2811.  9186.  5322.  6635.  5112.
  4488.]
7 [ 6132.  2512.  6334.  4571.  7151.  2800.  9023.  5194.  6582.  5223.
  4478.]
8 [ 6036.  2608.  6525.  4591.  7199.  2789.  8857.  5109.  6516.  5314.
  4456.]
9 [ 5990.  2693.  6689.  4590.  7228.  2776.  8751.  5073.  6420.  5362.
  4428.]
10 [ 5916.  2748.  6846.  4581.  7223.  2785.  8663.  5038.  6389.  5423.
  4388.]
11 [ 5838.  2806.  6977.  4571.  7199.  2792.  8591.  5035.  6352.  5489.
  4350.]
12 [ 5773.  2852.  7080.  4566.  7178.  2807.  8553.  5036.  6311.  5535.
  4309.]
13 [ 5755.  2881.  7152.  4570.  7117.  2816.  8532.  5090.  6255.  5559.
  4273.]
14 [ 5744.  2904.  7212.  4570.  7031.  2823.  8536.  5157.  6232.  5547.
  4244.]
15 [ 5725.  2929.  7258.  4565.  6937.  2831.  8563.  5221.  6214.  5541.
  4216.]
16 [ 5720.  2943.  7300.  4558.  6827.  2838.  8584.  5320.  6198.  5529.
  4183.]
17 [ 5720.  2956.  7337.  4559.  6679.  2844.  8612.  5437.  6198.  5508.
  4150.]
18 [ 5705.  2959.  7356.  4558.  6509.  2843.  8648.  5551.  6240.  5505.
  4126.]
19 [ 5695.  2963.  7376.  4554.  6327.  2847.  8675.  5681.  6296.  5505.
  4081.]
20 [ 5694.  2970.  7380.  4547.  6117.  2849.  8701.  5782.  6401.  5515.
  4044.]
21 [ 5714.  2974.  7385.  4545.  5923.  2847.  8717.  5859.  6508.  5515.
  4013.]
22 [ 5706.  2975.  7403.  4554.  5749.  2848.  8732.  5917.  6621.  5519.
  3976.]
23 [ 5717.  2976.  7411.  4553.  5637.  2851.  8755.  5966.  6677.  5505.
  3952.]
24 [ 5722.  2976.  7416.  4559.  5541.  2854.  8777.  5996.  6732.  5502.
  3925.]
25 [ 5724.  2981.  7419.  4569.  5465.  2854.  8797.  6025.  6769.  5499.
  3898.]
26 [ 5731.  2979.  7423.  4571.  5413.  2855.  8815.  6052.  6796.  5493.
  3872.]
27 [ 5747.  2979.  7423.  4577.  5377.  2858.  8836.  6074.  6808.  5477.
  3844.]
28 [ 5750.  2982.  7428.  4583.  5348.  2857.  8847.  6090.  6827.  5468.
  3820.]
29 [ 5758.  2983.  7429.  4580.  5323.  2856.  8866.  6106.  6836.  5474.
  3789.]
30 [ 5766.  2984.  7426.  4582.  5302.  2856.  8884.  6117.  6848.  5472.
  3763.]
31 [ 5768.  2985.  7427.  4584.  5282.  2853.  8892.  6129.  6858.  5478.
  3744.]
32 [ 5771.  2986.  7430.  4582.  5266.  2851.  8898.  6135.  6871.  5483.
  3727.]
33 [ 5779.  2986.  7432.  4579.  5258.  2852.  8901.  6140.  6878.  5492.
  3703.]
34 [ 5782.  2989.  7433.  4579.  5251.  2847.  8903.  6149.  6881.  5500.
  3686.]
35 [ 5783.  2988.  7437.  4580.  5241.  2847.  8902.  6155.  6889.  5505.
  3673.]
36 [ 5787.  2988.  7437.  4581.  5232.  2849.  8905.  6158.  6897.  5510.
  3656.]
37 [ 5789.  2988.  7440.  4579.  5227.  2850.  8912.  6160.  6897.  5515.
  3643.]
38 [ 5789.  2989.  7442.  4578.  5224.  2850.  8917.  6162.  6900.  5510.
  3639.]
39 [ 5790.  2988.  7445.  4576.  5222.  2850.  8920.  6167.  6898.  5507.
  3637.]
40 [ 5787.  2988.  7449.  4575.  5221.  2850.  8923.  6171.  6897.  5504.
  3635.]
41 [ 5787.  2988.  7451.  4574.  5221.  2850.  8923.  6173.  6898.  5501.
  3634.]
42 [ 5784.  2987.  7455.  4576.  5221.  2850.  8923.  6175.  6896.  5501.
  3632.]
43 [ 5783.  2986.  7457.  4576.  5221.  2850.  8926.  6175.  6896.  5500.
  3630.]
44 [ 5781.  2985.  7459.  4576.  5221.  2850.  8926.  6175.  6897.  5502.
  3628.]
45 [ 5780.  2984.  7460.  4576.  5221.  2851.  8926.  6175.  6898.  5502.
  3627.]
46 [ 5780.  2983.  7460.  4576.  5221.  2852.  8925.  6175.  6899.  5503.
  3626.]
47 [ 5780.  2982.  7461.  4576.  5221.  2853.  8924.  6176.  6899.  5502.
  3626.]
48 [ 5779.  2981.  7462.  4576.  5221.  2854.  8923.  6176.  6900.  5502.
  3626.]
49 [ 5777.  2980.  7465.  4575.  5220.  2855.  8923.  6176.  6900.  5503.
  3626.]
50 [ 5775.  2979.  7467.  4575.  5219.  2856.  8923.  6176.  6900.  5504.
  3626.]
51 [ 5775.  2979.  7468.  4575.  5217.  2856.  8923.  6176.  6900.  5504.
  3627.]
52 [ 5774.  2979.  7469.  4576.  5216.  2856.  8923.  6176.  6900.  5507.
  3624.]
53 [ 5773.  2979.  7471.  4576.  5216.  2856.  8924.  6176.  6899.  5508.
  3622.]
54 [ 5774.  2979.  7471.  4576.  5216.  2856.  8927.  6175.  6899.  5506.
  3621.]
55 [ 5777.  2979.  7471.  4576.  5216.  2856.  8926.  6177.  6899.  5503.
  3620.]
56 [ 5776.  2979.  7472.  4576.  5216.  2856.  8925.  6177.  6899.  5504.
  3620.]
57 [ 5779.  2979.  7472.  4576.  5215.  2856.  8924.  6177.  6899.  5503.
  3620.]
58 [ 5780.  2979.  7472.  4576.  5215.  2856.  8924.  6177.  6899.  5502.
  3620.]
[ 5780.  2979.  7472.  4576.  5215.  2856.  8924.  6177.  6899.  5502.
  3620.]
Time spent clustering :  3792.08480597
means_kplusplus_cluster11
Digit: 0  Purity: 88.3% SD: 1683.7  Count: 5835
Digit: 1  Purity: 73.6% SD: 1290.0  Count: 8924
Digit: 2  Purity: 90.9% SD: 1784.7  Count: 4576
Digit: 3  Purity: 53.1% SD: 1710.0  Count: 7472
Digit: 4  Purity: 43.1% SD: 1681.3  Count: 5215
Digit: 5  Purity:  0.0% SD:    0.0  Count: 0
Digit: 6  Purity: 60.8% SD: 1620.3  Count: 9122
Digit: 7  Purity: 39.4% SD: 1489.9  Count: 13076
Digit: 8  Purity: 60.0% SD: 1656.3  Count: 5780
Digit: 9  Purity:  0.0% SD:    0.0  Count: 0
Our accuracy in predicting test data for k = 11 was 60.5260526053 %
Time spent testing :  33.1748659611
