35 means kplusplus 100
0 [  617.  2143.  1791.  1354.  1037.  3350.   564.  1464.  2097.  1653.
  1637.  2088.   835.   977.  6437.  1233.  1510.   485.  3193.  1302.
  1004.  2574.   960.  2524.   950.   638.  2166.   774.  2044.  2454.
  2368.  1487.  1428.  1081.  1781.]
1 [  638.  2248.  1679.  1329.  1286.  3348.   696.  1563.  2185.  1541.
  1790.  2156.  1074.  1035.  4872.  1400.  1453.   643.  2578.  1391.
  1008.  2148.  1218.  2359.  1110.   713.  2285.   810.  2213.  2566.
  2306.  1655.  1599.  1216.  1889.]
2 [  667.  2209.  1593.  1312.  1422.  3319.   774.  1646.  2249.  1516.
  2058.  2259.  1241.  1140.  3955.  1493.  1432.   792.  2283.  1355.
  1041.  2016.  1343.  2193.  1248.   836.  2276.   876.  2239.  2359.
  2267.  1786.  1616.  1329.  1860.]
3 [  726.  2127.  1543.  1309.  1499.  3231.   834.  1689.  2288.  1496.
  2231.  2226.  1353.  1287.  3518.  1485.  1436.   943.  2098.  1334.
  1075.  2064.  1425.  2071.  1371.  1036.  2221.   963.  2118.  2070.
  2285.  1904.  1550.  1384.  1810.]
4 [  817.  2054.  1507.  1335.  1561.  3196.   887.  1702.  2264.  1531.
  2370.  2134.  1389.  1378.  3250.  1440.  1466.  1069.  2011.  1324.
  1107.  2103.  1486.  1968.  1437.  1302.  2174.  1047.  1940.  1785.
  2231.  2026.  1492.  1408.  1809.]
5 [  912.  1977.  1467.  1360.  1609.  3164.   940.  1747.  2205.  1583.
  2446.  2038.  1408.  1452.  3023.  1434.  1453.  1171.  1946.  1310.
  1115.  2147.  1541.  1908.  1474.  1479.  2138.  1104.  1768.  1629.
  2154.  2176.  1469.  1429.  1824.]
6 [  976.  1928.  1399.  1353.  1633.  3119.   996.  1764.  2155.  1630.
  2485.  1951.  1436.  1496.  2815.  1425.  1404.  1256.  1886.  1284.
  1125.  2171.  1585.  1910.  1508.  1564.  2095.  1157.  1704.  1568.
  2083.  2288.  1483.  1454.  1914.]
7 [ 1035.  1895.  1354.  1351.  1662.  3052.  1038.  1807.  2136.  1671.
  2486.  1902.  1450.  1552.  2704.  1420.  1342.  1329.  1828.  1258.
  1117.  2246.  1616.  1902.  1522.  1609.  2044.  1185.  1670.  1522.
  2010.  2315.  1498.  1501.  1971.]
8 [ 1061.  1876.  1313.  1345.  1683.  2982.  1057.  1800.  2152.  1691.
  2438.  1864.  1459.  1596.  2663.  1450.  1292.  1377.  1770.  1236.
  1127.  2318.  1643.  1895.  1532.  1633.  1988.  1219.  1674.  1480.
  1974.  2303.  1521.  1534.  2054.]
9 [ 1069.  1852.  1283.  1342.  1691.  2928.  1073.  1807.  2151.  1711.
  2389.  1828.  1471.  1636.  2633.  1488.  1254.  1420.  1732.  1211.
  1128.  2391.  1673.  1895.  1535.  1649.  1940.  1247.  1715.  1451.
  1941.  2247.  1540.  1560.  2119.]
10 [ 1079.  1838.  1268.  1338.  1715.  2876.  1087.  1806.  2145.  1718.
  2364.  1790.  1471.  1673.  2642.  1517.  1213.  1464.  1704.  1189.
  1120.  2427.  1695.  1905.  1536.  1669.  1895.  1259.  1745.  1407.
  1912.  2207.  1562.  1584.  2180.]
11 [ 1087.  1840.  1251.  1329.  1723.  2836.  1104.  1817.  2130.  1710.
  2342.  1751.  1474.  1707.  2650.  1542.  1190.  1512.  1678.  1178.
  1124.  2446.  1723.  1907.  1534.  1678.  1858.  1265.  1776.  1358.
  1893.  2176.  1573.  1607.  2231.]
12 [ 1095.  1835.  1226.  1322.  1728.  2805.  1122.  1821.  2124.  1708.
  2324.  1715.  1488.  1746.  2660.  1563.  1166.  1561.  1652.  1163.
  1120.  2469.  1742.  1915.  1534.  1684.  1814.  1269.  1806.  1334.
  1875.  2144.  1582.  1638.  2250.]
13 [ 1103.  1839.  1199.  1319.  1731.  2771.  1127.  1818.  2112.  1703.
  2311.  1680.  1507.  1798.  2671.  1591.  1145.  1598.  1628.  1142.
  1110.  2485.  1756.  1924.  1536.  1690.  1776.  1278.  1833.  1330.
  1855.  2108.  1594.  1660.  2272.]
14 [ 1112.  1843.  1172.  1314.  1727.  2752.  1132.  1818.  2110.  1695.
  2310.  1643.  1512.  1841.  2680.  1612.  1143.  1636.  1613.  1132.
  1093.  2476.  1775.  1929.  1533.  1692.  1731.  1289.  1852.  1319.
  1841.  2092.  1611.  1669.  2301.]
15 [ 1117.  1835.  1156.  1303.  1725.  2726.  1151.  1824.  2113.  1681.
  2317.  1603.  1518.  1876.  2690.  1635.  1115.  1680.  1599.  1125.
  1075.  2460.  1796.  1943.  1531.  1691.  1716.  1293.  1874.  1318.
  1827.  2061.  1615.  1678.  2333.]
16 [ 1121.  1824.  1133.  1285.  1728.  2711.  1182.  1829.  2110.  1670.
  2329.  1578.  1518.  1915.  2687.  1664.  1073.  1706.  1581.  1120.
  1069.  2449.  1811.  1951.  1533.  1700.  1690.  1304.  1899.  1330.
  1808.  2034.  1624.  1691.  2343.]
17 [ 1124.  1819.  1118.  1268.  1741.  2702.  1220.  1825.  2114.  1666.
  2342.  1552.  1512.  1956.  2687.  1674.  1043.  1730.  1545.  1118.
  1058.  2456.  1821.  1952.  1536.  1701.  1661.  1307.  1915.  1351.
  1786.  2011.  1628.  1718.  2343.]
18 [ 1130.  1814.  1107.  1249.  1748.  2693.  1264.  1821.  2111.  1655.
  2352.  1534.  1516.  2015.  2688.  1665.   996.  1756.  1519.  1116.
  1071.  2445.  1833.  1943.  1527.  1705.  1648.  1302.  1926.  1368.
  1771.  1984.  1626.  1744.  2358.]
19 [ 1137.  1805.  1093.  1235.  1761.  2685.  1312.  1820.  2104.  1642.
  2359.  1515.  1527.  2093.  2684.  1658.   951.  1782.  1501.  1108.
  1076.  2437.  1844.  1924.  1514.  1708.  1629.  1301.  1933.  1397.
  1763.  1951.  1626.  1764.  2361.]
20 [ 1141.  1790.  1082.  1220.  1771.  2682.  1340.  1812.  2098.  1656.
  2360.  1500.  1531.  2149.  2677.  1648.   938.  1786.  1487.  1099.
  1091.  2421.  1852.  1926.  1517.  1719.  1615.  1301.  1941.  1409.
  1739.  1929.  1629.  1783.  2361.]
21 [ 1145.  1779.  1071.  1214.  1783.  2679.  1361.  1807.  2082.  1659.
  2364.  1485.  1531.  2179.  2664.  1644.   945.  1790.  1472.  1099.
  1095.  2395.  1859.  1923.  1527.  1726.  1600.  1299.  1951.  1431.
  1723.  1908.  1634.  1800.  2376.]
22 [ 1152.  1765.  1061.  1209.  1794.  2677.  1376.  1805.  2076.  1662.
  2350.  1472.  1525.  2206.  2658.  1646.   963.  1793.  1469.  1097.
  1093.  2367.  1867.  1925.  1538.  1729.  1580.  1296.  1956.  1457.
  1703.  1907.  1641.  1801.  2384.]
23 [ 1156.  1755.  1044.  1226.  1803.  2671.  1387.  1809.  2076.  1671.
  2357.  1463.  1502.  2219.  2654.  1654.   982.  1795.  1464.  1092.
  1089.  2353.  1888.  1923.  1540.  1738.  1562.  1289.  1967.  1473.
  1676.  1889.  1646.  1811.  2376.]
24 [ 1155.  1742.  1042.  1229.  1806.  2666.  1400.  1812.  2069.  1675.
  2346.  1457.  1488.  2222.  2648.  1655.   999.  1798.  1455.  1097.
  1085.  2350.  1905.  1935.  1544.  1742.  1542.  1286.  1979.  1491.
  1660.  1875.  1656.  1811.  2378.]
25 [ 1149.  1732.  1041.  1234.  1813.  2657.  1411.  1816.  2064.  1673.
  2339.  1457.  1477.  2224.  2648.  1650.  1016.  1795.  1444.  1100.
  1086.  2349.  1922.  1926.  1548.  1754.  1527.  1286.  1986.  1513.
  1653.  1855.  1654.  1837.  2364.]
26 [ 1149.  1718.  1040.  1234.  1832.  2657.  1421.  1819.  2052.  1674.
  2332.  1453.  1460.  2231.  2649.  1660.  1037.  1793.  1444.  1104.
  1089.  2337.  1936.  1917.  1555.  1762.  1501.  1287.  1991.  1521.
  1641.  1825.  1654.  1868.  2357.]
27 [ 1149.  1707.  1038.  1236.  1848.  2654.  1428.  1815.  2047.  1675.
  2329.  1447.  1460.  2249.  2654.  1667.  1042.  1796.  1441.  1108.
  1090.  2329.  1946.  1912.  1562.  1770.  1486.  1285.  1992.  1531.
  1624.  1803.  1652.  1885.  2343.]
28 [ 1150.  1689.  1035.  1236.  1870.  2652.  1431.  1809.  2047.  1681.
  2333.  1441.  1448.  2257.  2654.  1673.  1051.  1793.  1447.  1109.
  1087.  2326.  1953.  1920.  1570.  1775.  1469.  1285.  1996.  1535.
  1617.  1770.  1653.  1896.  2342.]
29 [ 1150.  1675.  1035.  1236.  1893.  2655.  1433.  1807.  2048.  1681.
  2338.  1436.  1435.  2260.  2655.  1659.  1056.  1786.  1453.  1110.
  1087.  2321.  1970.  1909.  1583.  1778.  1455.  1288.  1994.  1536.
  1608.  1757.  1655.  1921.  2337.]
30 [ 1147.  1666.  1036.  1239.  1904.  2654.  1435.  1801.  2049.  1681.
  2338.  1428.  1434.  2263.  2654.  1650.  1062.  1784.  1463.  1112.
  1085.  2317.  1976.  1894.  1596.  1779.  1435.  1289.  1994.  1539.
  1610.  1742.  1659.  1944.  2341.]
31 [ 1145.  1660.  1038.  1241.  1910.  2653.  1439.  1796.  2049.  1682.
  2343.  1422.  1431.  2263.  2657.  1644.  1069.  1784.  1470.  1114.
  1082.  2297.  1974.  1891.  1608.  1777.  1427.  1292.  1995.  1542.
  1611.  1728.  1657.  1967.  2342.]
32 [ 1142.  1664.  1039.  1245.  1915.  2650.  1446.  1791.  2043.  1679.
  2342.  1424.  1430.  2254.  2657.  1644.  1072.  1790.  1463.  1118.
  1081.  2283.  1979.  1889.  1615.  1780.  1433.  1295.  1995.  1539.
  1613.  1704.  1660.  1978.  2348.]
33 [ 1143.  1664.  1041.  1246.  1926.  2649.  1446.  1788.  2040.  1679.
  2345.  1424.  1423.  2257.  2659.  1638.  1073.  1789.  1462.  1123.
  1079.  2284.  1982.  1891.  1617.  1784.  1435.  1293.  1996.  1538.
  1614.  1686.  1662.  1992.  2332.]
34 [ 1142.  1663.  1041.  1247.  1938.  2646.  1447.  1785.  2039.  1676.
  2339.  1418.  1417.  2262.  2660.  1634.  1078.  1800.  1468.  1129.
  1077.  2285.  1989.  1887.  1622.  1792.  1426.  1292.  1996.  1536.
  1616.  1677.  1660.  1994.  2322.]
35 [ 1141.  1664.  1046.  1247.  1953.  2646.  1449.  1785.  2031.  1676.
  2338.  1412.  1414.  2272.  2659.  1637.  1082.  1807.  1469.  1132.
  1078.  2276.  1991.  1878.  1628.  1796.  1427.  1288.  1994.  1531.
  1616.  1665.  1661.  1994.  2317.]
36 [ 1140.  1668.  1047.  1247.  1975.  2647.  1453.  1787.  2025.  1673.
  2330.  1405.  1405.  2275.  2658.  1643.  1085.  1814.  1466.  1136.
  1079.  2279.  1991.  1873.  1636.  1795.  1428.  1289.  1990.  1528.
  1615.  1651.  1660.  1994.  2313.]
37 [ 1141.  1672.  1048.  1247.  1983.  2647.  1457.  1790.  2009.  1672.
  2325.  1411.  1395.  2276.  2657.  1649.  1089.  1803.  1476.  1138.
  1079.  2282.  1991.  1878.  1650.  1796.  1418.  1288.  1989.  1526.
  1615.  1640.  1660.  1997.  2306.]
38 [ 1140.  1679.  1051.  1247.  1995.  2646.  1460.  1793.  1996.  1666.
  2321.  1409.  1392.  2271.  2656.  1654.  1089.  1796.  1477.  1143.
  1080.  2285.  1993.  1869.  1664.  1802.  1417.  1287.  1990.  1524.
  1615.  1633.  1657.  1995.  2308.]
39 [ 1137.  1681.  1053.  1247.  2010.  2646.  1465.  1791.  1982.  1663.
  2317.  1415.  1388.  2266.  2655.  1662.  1090.  1787.  1478.  1145.
  1078.  2283.  1997.  1860.  1675.  1801.  1412.  1288.  1990.  1527.
  1613.  1635.  1659.  1994.  2310.]
40 [ 1135.  1683.  1054.  1246.  2020.  2648.  1470.  1788.  1974.  1659.
  2312.  1424.  1381.  2266.  2654.  1667.  1093.  1779.  1484.  1147.
  1079.  2281.  2001.  1852.  1683.  1802.  1402.  1289.  1990.  1528.
  1612.  1634.  1659.  1991.  2313.]
41 [ 1135.  1690.  1056.  1245.  2036.  2647.  1469.  1784.  1969.  1658.
  2313.  1423.  1376.  2265.  2654.  1664.  1099.  1778.  1481.  1148.
  1080.  2279.  2003.  1851.  1691.  1794.  1398.  1288.  1991.  1526.
  1609.  1633.  1662.  1996.  2309.]
42 [ 1135.  1693.  1056.  1245.  2043.  2649.  1472.  1780.  1964.  1656.
  2309.  1424.  1372.  2267.  2656.  1665.  1102.  1777.  1483.  1148.
  1080.  2275.  2006.  1853.  1697.  1793.  1387.  1288.  1991.  1527.
  1605.  1636.  1665.  1994.  2307.]
43 [ 1136.  1695.  1056.  1246.  2049.  2647.  1474.  1779.  1961.  1656.
  2316.  1423.  1369.  2268.  2658.  1659.  1108.  1772.  1479.  1146.
  1080.  2276.  2009.  1855.  1705.  1787.  1385.  1288.  1989.  1530.
  1602.  1636.  1666.  1993.  2302.]
44 [ 1137.  1696.  1056.  1247.  2058.  2646.  1476.  1774.  1950.  1656.
  2323.  1423.  1374.  2265.  2657.  1651.  1110.  1772.  1481.  1146.
  1079.  2275.  2014.  1852.  1713.  1785.  1384.  1288.  1985.  1530.
  1605.  1634.  1661.  1996.  2301.]
45 [ 1138.  1697.  1056.  1248.  2070.  2648.  1476.  1772.  1943.  1656.
  2324.  1428.  1370.  2268.  2657.  1647.  1120.  1768.  1477.  1147.
  1078.  2271.  2018.  1850.  1721.  1784.  1383.  1288.  1982.  1528.
  1605.  1629.  1658.  1998.  2297.]
46 [ 1138.  1701.  1056.  1248.  2082.  2646.  1477.  1769.  1941.  1657.
  2318.  1436.  1362.  2269.  2657.  1640.  1125.  1759.  1474.  1149.
  1078.  2271.  2018.  1852.  1731.  1780.  1382.  1288.  1984.  1526.
  1604.  1628.  1657.  1999.  2298.]
47 [ 1138.  1698.  1056.  1248.  2089.  2645.  1481.  1771.  1939.  1657.
  2314.  1442.  1360.  2270.  2657.  1633.  1128.  1754.  1475.  1151.
  1077.  2268.  2021.  1855.  1739.  1777.  1377.  1288.  1982.  1524.
  1606.  1627.  1654.  2003.  2296.]
48 [ 1138.  1696.  1056.  1247.  2097.  2644.  1483.  1768.  1933.  1656.
  2318.  1448.  1359.  2264.  2659.  1627.  1132.  1747.  1478.  1153.
  1077.  2260.  2023.  1859.  1745.  1775.  1380.  1288.  1982.  1524.
  1608.  1627.  1655.  2006.  2288.]
49 [ 1138.  1693.  1056.  1247.  2095.  2643.  1484.  1764.  1932.  1656.
  2320.  1448.  1374.  2264.  2659.  1625.  1134.  1745.  1481.  1153.
  1075.  2255.  2021.  1863.  1750.  1773.  1380.  1288.  1981.  1524.
  1608.  1623.  1658.  2007.  2283.]
50 [ 1138.  1691.  1056.  1247.  2090.  2643.  1484.  1764.  1927.  1657.
  2321.  1452.  1382.  2263.  2660.  1622.  1139.  1734.  1480.  1154.
  1075.  2253.  2017.  1869.  1757.  1772.  1376.  1288.  1981.  1525.
  1607.  1625.  1659.  2009.  2283.]
51 [ 1138.  1691.  1057.  1247.  2090.  2643.  1483.  1757.  1930.  1657.
  2318.  1452.  1385.  2264.  2660.  1622.  1145.  1730.  1482.  1155.
  1074.  2248.  2015.  1872.  1764.  1769.  1376.  1288.  1978.  1525.
  1611.  1627.  1658.  2004.  2285.]
52 [ 1138.  1691.  1057.  1246.  2090.  2643.  1483.  1754.  1932.  1656.
  2309.  1453.  1383.  2264.  2660.  1620.  1150.  1726.  1476.  1155.
  1075.  2244.  2018.  1876.  1770.  1771.  1377.  1288.  1977.  1526.
  1612.  1633.  1658.  2002.  2287.]
53 [ 1138.  1695.  1057.  1246.  2090.  2643.  1484.  1752.  1927.  1656.
  2310.  1451.  1375.  2266.  2660.  1613.  1157.  1722.  1469.  1155.
  1075.  2245.  2021.  1882.  1776.  1773.  1381.  1287.  1976.  1525.
  1612.  1634.  1656.  2002.  2289.]
54 [ 1137.  1696.  1057.  1247.  2096.  2644.  1486.  1746.  1923.  1656.
  2303.  1453.  1381.  2266.  2660.  1611.  1160.  1723.  1464.  1154.
  1074.  2249.  2017.  1883.  1776.  1773.  1381.  1288.  1976.  1525.
  1612.  1636.  1657.  2001.  2289.]
55 [ 1137.  1695.  1057.  1247.  2103.  2645.  1486.  1742.  1918.  1656.
  2298.  1453.  1391.  2266.  2660.  1611.  1165.  1721.  1460.  1154.
  1074.  2248.  2013.  1888.  1777.  1771.  1379.  1288.  1976.  1525.
  1613.  1638.  1657.  1997.  2291.]
56 [ 1137.  1693.  1057.  1247.  2106.  2646.  1486.  1740.  1919.  1656.
  2294.  1452.  1399.  2265.  2658.  1610.  1170.  1720.  1459.  1154.
  1074.  2241.  2008.  1888.  1778.  1771.  1378.  1288.  1977.  1525.
  1616.  1645.  1656.  1993.  2294.]
57 [ 1137.  1695.  1057.  1247.  2112.  2645.  1485.  1737.  1918.  1657.
  2292.  1452.  1409.  2266.  2657.  1606.  1175.  1716.  1459.  1154.
  1074.  2231.  2003.  1886.  1780.  1771.  1373.  1288.  1977.  1525.
  1618.  1655.  1655.  1991.  2297.]
58 [ 1137.  1696.  1057.  1247.  2120.  2645.  1485.  1736.  1918.  1657.
  2289.  1452.  1411.  2269.  2656.  1604.  1177.  1716.  1459.  1154.
  1074.  2228.  1995.  1887.  1780.  1771.  1369.  1288.  1977.  1526.
  1617.  1659.  1655.  1991.  2298.]
59 [ 1137.  1698.  1057.  1246.  2126.  2644.  1485.  1737.  1910.  1657.
  2291.  1452.  1416.  2267.  2656.  1604.  1181.  1714.  1460.  1154.
  1074.  2227.  1989.  1889.  1780.  1771.  1369.  1288.  1977.  1526.
  1617.  1660.  1654.  1990.  2297.]
60 [ 1137.  1699.  1057.  1245.  2128.  2643.  1485.  1736.  1909.  1657.
  2292.  1452.  1423.  2266.  2655.  1607.  1182.  1713.  1462.  1154.
  1073.  2226.  1986.  1890.  1779.  1771.  1366.  1288.  1976.  1526.
  1617.  1660.  1651.  1991.  2298.]
61 [ 1137.  1699.  1056.  1245.  2128.  2643.  1485.  1737.  1907.  1657.
  2289.  1452.  1429.  2266.  2654.  1608.  1183.  1713.  1463.  1154.
  1073.  2225.  1987.  1891.  1779.  1769.  1366.  1288.  1975.  1525.
  1618.  1660.  1652.  1990.  2297.]
62 [ 1137.  1698.  1056.  1245.  2125.  2641.  1484.  1736.  1904.  1657.
  2287.  1453.  1440.  2266.  2654.  1609.  1184.  1713.  1462.  1154.
  1073.  2225.  1986.  1894.  1779.  1770.  1367.  1288.  1975.  1525.
  1617.  1658.  1651.  1990.  2297.]
63 [ 1137.  1698.  1056.  1245.  2125.  2642.  1485.  1735.  1891.  1657.
  2285.  1453.  1452.  2266.  2653.  1609.  1184.  1714.  1462.  1154.
  1073.  2225.  1983.  1896.  1779.  1772.  1367.  1288.  1975.  1525.
  1617.  1659.  1651.  1990.  2297.]
64 [ 1137.  1699.  1056.  1245.  2126.  2643.  1485.  1732.  1885.  1657.
  2284.  1452.  1456.  2265.  2653.  1609.  1184.  1715.  1462.  1154.
  1074.  2225.  1982.  1897.  1779.  1774.  1367.  1288.  1976.  1525.
  1617.  1660.  1651.  1989.  2297.]
65 [ 1137.  1699.  1056.  1244.  2124.  2642.  1485.  1730.  1887.  1657.
  2284.  1451.  1456.  2265.  2652.  1609.  1184.  1716.  1463.  1154.
  1074.  2225.  1982.  1900.  1780.  1774.  1364.  1288.  1977.  1526.
  1617.  1660.  1651.  1990.  2297.]
66 [ 1137.  1697.  1056.  1244.  2126.  2642.  1485.  1731.  1885.  1657.
  2282.  1449.  1458.  2265.  2651.  1610.  1183.  1717.  1464.  1154.
  1074.  2224.  1979.  1904.  1781.  1774.  1363.  1288.  1978.  1526.
  1617.  1659.  1652.  1991.  2297.]
67 [ 1137.  1698.  1056.  1244.  2126.  2642.  1485.  1732.  1884.  1656.
  2283.  1448.  1460.  2265.  2650.  1610.  1183.  1717.  1463.  1154.
  1074.  2223.  1977.  1907.  1780.  1773.  1363.  1288.  1978.  1526.
  1617.  1662.  1651.  1991.  2297.]
68 [ 1137.  1699.  1056.  1244.  2127.  2643.  1486.  1731.  1883.  1656.
  2282.  1448.  1458.  2265.  2650.  1610.  1183.  1717.  1463.  1154.
  1075.  2222.  1977.  1908.  1779.  1774.  1361.  1288.  1979.  1526.
  1617.  1664.  1650.  1991.  2297.]
69 [ 1137.  1700.  1056.  1244.  2126.  2643.  1486.  1730.  1883.  1656.
  2282.  1448.  1458.  2265.  2651.  1610.  1183.  1717.  1463.  1154.
  1075.  2223.  1977.  1908.  1779.  1773.  1359.  1288.  1981.  1526.
  1617.  1665.  1650.  1991.  2296.]
70 [ 1137.  1701.  1056.  1244.  2125.  2643.  1486.  1729.  1883.  1656.
  2281.  1448.  1459.  2264.  2651.  1611.  1182.  1717.  1463.  1154.
  1075.  2224.  1977.  1908.  1779.  1772.  1360.  1288.  1982.  1526.
  1617.  1664.  1650.  1992.  2296.]
71 [ 1137.  1702.  1056.  1244.  2126.  2643.  1487.  1729.  1883.  1656.
  2281.  1448.  1458.  2263.  2651.  1611.  1182.  1717.  1463.  1154.
  1075.  2225.  1976.  1908.  1779.  1771.  1359.  1288.  1982.  1526.
  1617.  1665.  1650.  1991.  2297.]
72 [ 1137.  1702.  1056.  1244.  2126.  2643.  1487.  1729.  1882.  1656.
  2281.  1448.  1459.  2263.  2651.  1611.  1182.  1717.  1462.  1154.
  1075.  2225.  1976.  1908.  1779.  1771.  1360.  1288.  1982.  1526.
  1617.  1665.  1650.  1991.  2297.]
73 [ 1137.  1702.  1056.  1244.  2126.  2643.  1487.  1729.  1880.  1656.
  2280.  1448.  1461.  2263.  2651.  1611.  1182.  1717.  1460.  1154.
  1075.  2225.  1976.  1908.  1779.  1772.  1362.  1288.  1982.  1526.
  1617.  1665.  1650.  1991.  2297.]
74 [ 1137.  1702.  1056.  1244.  2126.  2643.  1487.  1729.  1882.  1656.
  2278.  1447.  1460.  2263.  2651.  1611.  1182.  1717.  1461.  1154.
  1075.  2224.  1976.  1908.  1779.  1774.  1361.  1288.  1982.  1526.
  1617.  1667.  1650.  1990.  2297.]
75 [ 1137.  1700.  1056.  1244.  2125.  2643.  1487.  1729.  1885.  1656.
  2279.  1447.  1460.  2263.  2651.  1611.  1182.  1717.  1460.  1153.
  1075.  2223.  1976.  1908.  1779.  1774.  1362.  1288.  1982.  1526.
  1617.  1668.  1650.  1990.  2297.]
76 [ 1137.  1699.  1056.  1244.  2125.  2643.  1487.  1729.  1885.  1656.
  2279.  1447.  1460.  2263.  2651.  1611.  1182.  1717.  1460.  1153.
  1075.  2222.  1975.  1908.  1779.  1775.  1361.  1288.  1982.  1526.
  1617.  1671.  1650.  1990.  2297.]
77 [ 1137.  1699.  1056.  1244.  2124.  2643.  1487.  1729.  1885.  1656.
  2279.  1447.  1460.  2263.  2651.  1611.  1182.  1717.  1460.  1153.
  1075.  2220.  1975.  1908.  1779.  1776.  1361.  1288.  1982.  1526.
  1617.  1673.  1650.  1990.  2297.]
78 [ 1137.  1699.  1056.  1244.  2123.  2643.  1487.  1729.  1885.  1656.
  2279.  1447.  1460.  2263.  2651.  1611.  1182.  1717.  1460.  1153.
  1075.  2219.  1975.  1908.  1779.  1777.  1359.  1288.  1982.  1526.
  1617.  1676.  1650.  1990.  2297.]
79 [ 1137.  1699.  1056.  1244.  2121.  2643.  1487.  1729.  1885.  1656.
  2279.  1447.  1460.  2263.  2651.  1611.  1182.  1717.  1461.  1153.
  1075.  2217.  1975.  1907.  1779.  1780.  1359.  1288.  1982.  1526.
  1617.  1677.  1650.  1990.  2297.]
80 [ 1137.  1698.  1056.  1244.  2121.  2643.  1487.  1729.  1885.  1656.
  2278.  1447.  1460.  2263.  2651.  1611.  1182.  1717.  1461.  1153.
  1075.  2217.  1975.  1906.  1779.  1782.  1358.  1288.  1982.  1526.
  1617.  1678.  1651.  1990.  2297.]
81 [ 1137.  1697.  1056.  1244.  2121.  2643.  1487.  1729.  1885.  1656.
  2278.  1447.  1460.  2263.  2651.  1611.  1182.  1717.  1461.  1153.
  1075.  2217.  1975.  1906.  1779.  1783.  1357.  1288.  1982.  1526.
  1617.  1679.  1651.  1990.  2297.]
82 [ 1137.  1697.  1056.  1244.  2121.  2643.  1487.  1729.  1885.  1656.
  2278.  1447.  1460.  2263.  2651.  1611.  1182.  1717.  1461.  1153.
  1075.  2217.  1975.  1906.  1779.  1783.  1357.  1288.  1983.  1526.
  1617.  1678.  1651.  1990.  2297.]
83 [ 1137.  1697.  1056.  1244.  2121.  2643.  1487.  1729.  1885.  1656.
  2278.  1447.  1460.  2263.  2651.  1611.  1182.  1717.  1461.  1153.
  1075.  2217.  1975.  1906.  1779.  1783.  1356.  1288.  1983.  1526.
  1617.  1679.  1651.  1990.  2297.]
84 [ 1137.  1697.  1056.  1244.  2121.  2643.  1487.  1729.  1885.  1656.
  2278.  1447.  1460.  2263.  2651.  1611.  1182.  1717.  1461.  1153.
  1075.  2217.  1975.  1906.  1779.  1783.  1355.  1288.  1983.  1526.
  1617.  1680.  1651.  1990.  2297.]
[ 1137.  1697.  1056.  1244.  2121.  2643.  1487.  1729.  1885.  1656.
  2278.  1447.  1460.  2263.  2651.  1611.  1182.  1717.  1461.  1153.
  1075.  2217.  1975.  1906.  1779.  1783.  1355.  1288.  1983.  1526.
  1617.  1680.  1651.  1990.  2297.]
Time spent clustering :  13682.2087078
means_kplusplus_cluster35
Digit: 0  Purity: 94.3% SD: 1523.6  Count: 5800
Digit: 1  Purity: 90.5% SD:  970.0  Count: 7277
Digit: 2  Purity: 73.4% SD: 1628.8  Count: 7221
Digit: 3  Purity: 65.0% SD: 1578.8  Count: 7699
Digit: 4  Purity: 61.2% SD: 1530.6  Count: 5088
Digit: 5  Purity: 85.8% SD: 1527.4  Count: 3434
Digit: 6  Purity: 91.3% SD: 1464.7  Count: 5952
Digit: 7  Purity: 85.7% SD: 1354.0  Count: 5678
Digit: 8  Purity: 83.5% SD: 1538.6  Count: 5074
Digit: 9  Purity: 50.7% SD: 1331.7  Count: 6777
Our accuracy in predicting test data for k = 35 was 78.5378537854 %
Time spent testing :  38.1203930378
