10 medians random 100
0 [  3863.   7226.  13356.   2973.   6665.   2956.   5758.   1626.  11892.
   3685.]
1 [ 4254.  7951.  8576.  4506.  7037.  3892.  7450.  2989.  8815.  4530.]
2 [ 4442.  7385.  6340.  5227.  7153.  4789.  8726.  3978.  7531.  4429.]
3 [ 4577.  7128.  5214.  5646.  7119.  5207.  8831.  4793.  7077.  4408.]
4 [ 4690.  7202.  4730.  6189.  7069.  5368.  8610.  4782.  6899.  4461.]
5 [ 4797.  7373.  4596.  6900.  7096.  5436.  8477.  3923.  6847.  4555.]
6 [ 4877.  7470.  4570.  7464.  7172.  5445.  8451.  3015.  6890.  4646.]
7 [ 4917.  7475.  4508.  7859.  7219.  5340.  8449.  2579.  6951.  4703.]
8 [ 4957.  7333.  4448.  8144.  7253.  5202.  8442.  2499.  6994.  4728.]
9 [ 4983.  7217.  4391.  8361.  7316.  5073.  8425.  2477.  7027.  4730.]
10 [ 5010.  7098.  4364.  8561.  7352.  4932.  8408.  2456.  7101.  4718.]
11 [ 5025.  6998.  4330.  8728.  7415.  4801.  8386.  2454.  7140.  4723.]
12 [ 5024.  6911.  4313.  8874.  7474.  4703.  8371.  2438.  7175.  4717.]
13 [ 5029.  6850.  4306.  8940.  7520.  4631.  8358.  2441.  7212.  4713.]
14 [ 5031.  6786.  4283.  9032.  7593.  4576.  8335.  2443.  7218.  4703.]
15 [ 5032.  6743.  4266.  9116.  7629.  4515.  8315.  2440.  7253.  4691.]
16 [ 5034.  6707.  4248.  9198.  7664.  4436.  8309.  2436.  7279.  4689.]
17 [ 5038.  6695.  4243.  9240.  7686.  4360.  8298.  2432.  7305.  4703.]
18 [ 5040.  6701.  4241.  9248.  7701.  4302.  8294.  2435.  7335.  4703.]
19 [ 5040.  6724.  4236.  9222.  7699.  4243.  8299.  2441.  7388.  4708.]
20 [ 5043.  6750.  4239.  9171.  7702.  4212.  8298.  2437.  7433.  4715.]
21 [ 5039.  6759.  4238.  9153.  7708.  4188.  8304.  2440.  7460.  4711.]
22 [ 5034.  6807.  4240.  9096.  7708.  4155.  8318.  2441.  7486.  4715.]
23 [ 5032.  6854.  4242.  9027.  7710.  4113.  8347.  2455.  7507.  4713.]
24 [ 5029.  6916.  4246.  8939.  7715.  4082.  8364.  2460.  7536.  4713.]
25 [ 5029.  6992.  4250.  8851.  7727.  4057.  8379.  2462.  7544.  4709.]
26 [ 5024.  7052.  4253.  8737.  7734.  4052.  8393.  2472.  7575.  4708.]
27 [ 5021.  7109.  4255.  8631.  7728.  4039.  8406.  2476.  7630.  4705.]
28 [ 5017.  7176.  4263.  8555.  7734.  4004.  8406.  2484.  7661.  4700.]
29 [ 5018.  7224.  4272.  8453.  7723.  3984.  8415.  2506.  7696.  4709.]
30 [ 5017.  7283.  4279.  8359.  7719.  3959.  8417.  2504.  7740.  4723.]
31 [ 5018.  7342.  4277.  8272.  7710.  3934.  8424.  2514.  7767.  4742.]
32 [ 5014.  7408.  4285.  8188.  7690.  3908.  8440.  2517.  7802.  4748.]
33 [ 5015.  7461.  4302.  8083.  7680.  3887.  8442.  2533.  7827.  4770.]
34 [ 5012.  7520.  4320.  7974.  7667.  3864.  8461.  2548.  7848.  4786.]
35 [ 5013.  7594.  4332.  7854.  7652.  3836.  8477.  2571.  7866.  4805.]
36 [ 5013.  7664.  4355.  7702.  7641.  3810.  8501.  2597.  7901.  4816.]
37 [ 5012.  7727.  4384.  7565.  7636.  3773.  8520.  2623.  7927.  4833.]
38 [ 5012.  7796.  4412.  7442.  7624.  3705.  8557.  2667.  7947.  4838.]
39 [ 5015.  7845.  4439.  7335.  7615.  3656.  8595.  2688.  7954.  4858.]
40 [ 5015.  7889.  4463.  7214.  7610.  3628.  8628.  2704.  7963.  4886.]
41 [ 5018.  7917.  4492.  7099.  7589.  3597.  8676.  2719.  7989.  4904.]
42 [ 5017.  7954.  4513.  6923.  7582.  3599.  8725.  2728.  8028.  4931.]
43 [ 5016.  7981.  4545.  6753.  7559.  3623.  8743.  2749.  8076.  4955.]
44 [ 5010.  7993.  4569.  6606.  7548.  3646.  8755.  2753.  8143.  4977.]
45 [ 5013.  7997.  4595.  6462.  7542.  3660.  8752.  2769.  8220.  4990.]
46 [ 5012.  8031.  4618.  6333.  7546.  3663.  8757.  2778.  8252.  5010.]
47 [ 5013.  8052.  4629.  6206.  7540.  3688.  8764.  2781.  8314.  5013.]
48 [ 5013.  8070.  4644.  6091.  7555.  3709.  8766.  2783.  8354.  5015.]
49 [ 5018.  8072.  4651.  5980.  7554.  3748.  8761.  2784.  8404.  5028.]
50 [ 5022.  8068.  4661.  5900.  7557.  3774.  8760.  2780.  8444.  5034.]
51 [ 5021.  8068.  4677.  5831.  7573.  3791.  8769.  2777.  8457.  5036.]
52 [ 5022.  8037.  4687.  5778.  7589.  3830.  8766.  2775.  8477.  5039.]
53 [ 5021.  8006.  4688.  5741.  7596.  3865.  8762.  2776.  8512.  5033.]
54 [ 5022.  7982.  4693.  5700.  7602.  3893.  8767.  2776.  8536.  5029.]
55 [ 5020.  7952.  4695.  5677.  7619.  3915.  8779.  2779.  8539.  5025.]
56 [ 5021.  7926.  4690.  5646.  7648.  3933.  8787.  2786.  8539.  5024.]
57 [ 5022.  7913.  4693.  5618.  7673.  3950.  8786.  2791.  8530.  5024.]
58 [ 5023.  7897.  4689.  5588.  7672.  3966.  8792.  2791.  8562.  5020.]
59 [ 5024.  7886.  4694.  5562.  7672.  3982.  8794.  2792.  8576.  5018.]
60 [ 5026.  7869.  4697.  5547.  7682.  3997.  8797.  2796.  8571.  5018.]
61 [ 5031.  7862.  4696.  5535.  7690.  4002.  8796.  2795.  8573.  5020.]
62 [ 5032.  7858.  4693.  5516.  7693.  4006.  8799.  2798.  8580.  5025.]
63 [ 5036.  7858.  4691.  5494.  7694.  4006.  8797.  2794.  8607.  5023.]
64 [ 5038.  7852.  4689.  5472.  7705.  4008.  8801.  2794.  8619.  5022.]
65 [ 5039.  7847.  4691.  5453.  7713.  4011.  8806.  2792.  8626.  5022.]
66 [ 5041.  7844.  4689.  5440.  7722.  4013.  8805.  2793.  8628.  5025.]
67 [ 5042.  7835.  4692.  5436.  7733.  4017.  8805.  2791.  8625.  5024.]
68 [ 5043.  7819.  4695.  5426.  7742.  4025.  8805.  2794.  8628.  5023.]
69 [ 5045.  7803.  4694.  5420.  7745.  4032.  8815.  2800.  8624.  5022.]
70 [ 5046.  7794.  4694.  5418.  7755.  4034.  8817.  2801.  8618.  5023.]
71 [ 5046.  7778.  4694.  5416.  7767.  4041.  8822.  2801.  8612.  5023.]
72 [ 5047.  7771.  4692.  5415.  7775.  4044.  8824.  2800.  8607.  5025.]
73 [ 5046.  7768.  4694.  5411.  7786.  4042.  8825.  2797.  8606.  5025.]
74 [ 5044.  7765.  4693.  5409.  7796.  4044.  8825.  2793.  8604.  5027.]
75 [ 5044.  7760.  4692.  5404.  7796.  4046.  8826.  2794.  8610.  5028.]
76 [ 5047.  7757.  4691.  5402.  7803.  4046.  8828.  2794.  8606.  5026.]
77 [ 5048.  7754.  4691.  5399.  7807.  4047.  8828.  2794.  8609.  5023.]
78 [ 5049.  7755.  4690.  5398.  7807.  4047.  8827.  2794.  8612.  5021.]
79 [ 5049.  7751.  4691.  5398.  7809.  4050.  8827.  2795.  8611.  5019.]
80 [ 5049.  7751.  4693.  5396.  7810.  4050.  8828.  2794.  8611.  5018.]
81 [ 5049.  7754.  4695.  5391.  7810.  4049.  8826.  2793.  8617.  5016.]
82 [ 5049.  7756.  4697.  5390.  7813.  4048.  8826.  2793.  8615.  5013.]
83 [ 5049.  7754.  4697.  5388.  7815.  4048.  8825.  2795.  8617.  5012.]
84 [ 5049.  7753.  4698.  5389.  7818.  4048.  8824.  2793.  8617.  5011.]
85 [ 5049.  7753.  4697.  5388.  7821.  4048.  8823.  2793.  8617.  5011.]
86 [ 5049.  7753.  4697.  5388.  7822.  4048.  8822.  2793.  8616.  5012.]
87 [ 5049.  7753.  4696.  5388.  7822.  4048.  8822.  2793.  8617.  5012.]
88 [ 5049.  7753.  4695.  5388.  7822.  4048.  8822.  2793.  8618.  5012.]
89 [ 5049.  7754.  4695.  5388.  7822.  4048.  8822.  2793.  8617.  5012.]
[ 5049.  7754.  4695.  5388.  7822.  4048.  8822.  2793.  8617.  5012.]
Time spent clustering :  8419.787714
medians_random_cluster10
Digit: 0  Purity: 90.7% SD: 2011.7  Count: 5049
Digit: 1  Purity: 67.0% SD: 1388.2  Count: 9707
Digit: 2  Purity:  0.0% SD:    0.0  Count: 0
Digit: 3  Purity: 51.2% SD: 1949.9  Count: 7822
Digit: 4  Purity: 57.1% SD: 1841.7  Count: 7754
Digit: 5  Purity: 25.0% SD: 1858.8  Count: 2793
Digit: 6  Purity: 51.4% SD: 2025.0  Count: 8822
Digit: 7  Purity: 56.8% SD: 1680.3  Count: 9436
Digit: 8  Purity: 39.7% SD: 1877.8  Count: 8617
Digit: 9  Purity:  0.0% SD:    0.0  Count: 0
Our accuracy in predicting test data for k = 10 was 55.9655965597 %
Time spent testing :  24.6254999638
