40 medians random 100
0 [  382.  2115.  1898.  2108.  1981.   695.   259.  2491.   322.   218.
  1734.  2630.  1494.   973.  2375.   799.   254.  1184.  1221.  1234.
  6347.  1438.   180.   344.  2364.   728.  1987.  1174.  2258.  2155.
  2422.   517.   865.   482.  1294.  4634.  1980.   659.  1273.   532.]
1 [  774.  1996.  2417.  2455.  1741.   918.   337.  1991.   753.   506.
  1696.  2780.  1088.  1357.  1765.  1041.   423.  1284.  1424.   987.
  3752.  2017.   842.   628.  1735.   943.  1861.  1210.  2293.  2173.
  2340.   599.   938.   874.  1518.  3524.  2128.   989.  1218.   685.]
2 [  949.  2114.  2531.  2177.  1679.  1064.   542.  1826.  1009.   737.
  1692.  2341.  1072.  1686.  1776.  1298.   570.  1359.  1293.  1027.
  3046.  2122.  1233.   793.  1341.  1099.  1856.  1238.  2197.  1783.
  2436.   616.   768.   844.  1570.  3073.  2079.  1114.  1251.   799.]
3 [  955.  2228.  2542.  1929.  1719.  1148.   689.  1686.  1248.   876.
  1694.  2007.  1062.  1946.  1826.  1471.   649.  1409.  1280.  1107.
  2735.  2033.  1382.   913.  1251.  1183.  1782.  1203.  2007.  1488.
  2558.   633.   689.   842.  1586.  2802.  2059.  1189.  1314.   880.]
4 [  958.  2286.  2303.  1790.  1766.  1218.   756.  1606.  1387.   994.
  1723.  1744.  1078.  2129.  1853.  1661.   683.  1436.  1311.  1231.
  2580.  1893.  1423.  1002.  1234.  1229.  1632.  1196.  1876.  1380.
  2617.   644.   669.   859.  1616.  2644.  1988.  1217.  1418.   970.]
5 [  980.  2289.  1993.  1768.  1770.  1286.   801.  1532.  1441.  1111.
  1772.  1543.  1089.  2206.  1883.  1848.   757.  1436.  1385.  1315.
  2466.  1792.  1422.  1064.  1202.  1237.  1508.  1198.  1847.  1339.
  2627.   671.   655.   868.  1685.  2524.  1960.  1209.  1490.  1031.]
6 [ 1000.  2316.  1701.  1761.  1755.  1378.   845.  1480.  1502.  1211.
  1799.  1419.  1092.  2233.  1930.  1903.   786.  1449.  1438.  1367.
  2375.  1717.  1432.  1129.  1169.  1228.  1442.  1189.  1879.  1337.
  2601.   687.   650.   886.  1801.  2392.  1931.  1201.  1499.  1090.]
7 [ 1046.  2304.  1505.  1786.  1724.  1478.   876.  1467.  1604.  1281.
  1850.  1386.  1090.  2235.  1974.  1881.   779.  1448.  1469.  1400.
  2288.  1674.  1446.  1158.  1132.  1222.  1441.  1188.  1897.  1330.
  2580.   701.   629.   884.  1893.  2242.  1923.  1194.  1468.  1127.]
8 [ 1085.  2261.  1373.  1815.  1699.  1570.   892.  1437.  1668.  1329.
  1903.  1331.  1093.  2243.  2011.  1842.   786.  1441.  1478.  1413.
  2210.  1664.  1449.  1186.  1166.  1215.  1440.  1224.  1905.  1302.
  2542.   718.   621.   878.  1964.  2150.  1913.  1191.  1436.  1156.]
9 [ 1143.  2218.  1297.  1827.  1655.  1654.   897.  1401.  1740.  1348.
  1934.  1354.  1098.  2220.  2048.  1801.   833.  1436.  1472.  1386.
  2103.  1658.  1483.  1216.  1209.  1216.  1454.  1252.  1910.  1256.
  2532.   731.   601.   881.  2023.  2060.  1906.  1182.  1401.  1164.]
10 [ 1192.  2171.  1252.  1842.  1619.  1705.   909.  1347.  1812.  1365.
  1969.  1373.  1102.  2206.  2068.  1777.   885.  1429.  1458.  1362.
  2006.  1654.  1504.  1221.  1248.  1215.  1478.  1301.  1918.  1223.
  2523.   721.   585.   880.  2040.  1986.  1900.  1195.  1385.  1174.]
11 [ 1241.  2130.  1177.  1848.  1581.  1758.   937.  1292.  1877.  1376.
  1982.  1379.  1098.  2190.  2081.  1796.   977.  1418.  1442.  1370.
  1919.  1659.  1492.  1226.  1297.  1224.  1483.  1347.  1932.  1200.
  2502.   711.   554.   869.  2057.  1908.  1896.  1203.  1371.  1200.]
12 [ 1292.  2118.  1110.  1831.  1551.  1802.   960.  1246.  1905.  1387.
  2003.  1406.  1092.  2173.  2081.  1788.  1032.  1415.  1433.  1371.
  1848.  1664.  1492.  1222.  1311.  1232.  1494.  1375.  1969.  1168.
  2500.   711.   530.   868.  2056.  1878.  1898.  1202.  1364.  1222.]
13 [ 1335.  2092.  1058.  1815.  1550.  1827.   986.  1223.  1901.  1402.
  2005.  1392.  1093.  2156.  2077.  1777.  1101.  1412.  1420.  1375.
  1810.  1665.  1491.  1222.  1327.  1239.  1508.  1424.  1991.  1142.
  2466.   711.   491.   874.  2066.  1874.  1906.  1196.  1363.  1237.]
14 [ 1362.  2051.  1006.  1822.  1548.  1853.  1025.  1212.  1903.  1422.
  1996.  1404.  1093.  2135.  2059.  1765.  1148.  1406.  1423.  1384.
  1820.  1666.  1505.  1209.  1331.  1252.  1515.  1452.  2021.  1103.
  2410.   711.   457.   869.  2075.  1870.  1912.  1188.  1374.  1243.]
15 [ 1393.  2027.   992.  1815.  1557.  1863.  1053.  1215.  1900.  1430.
  1998.  1404.  1093.  2121.  2038.  1761.  1210.  1401.  1427.  1375.
  1868.  1666.  1511.  1195.  1330.  1258.  1524.  1454.  2039.  1086.
  2331.   710.   413.   867.  2078.  1874.  1914.  1189.  1377.  1243.]
16 [ 1401.  1997.  1005.  1804.  1569.  1874.  1104.  1229.  1897.  1431.
  1994.  1419.  1090.  2108.  1998.  1774.  1272.  1398.  1422.  1354.
  1942.  1670.  1520.  1195.  1323.  1257.  1518.  1425.  2051.  1076.
  2241.   709.   364.   861.  2089.  1882.  1917.  1190.  1386.  1244.]
17 [ 1415.  1965.  1001.  1785.  1591.  1881.  1117.  1225.  1905.  1429.
  1988.  1429.  1096.  2107.  1946.  1779.  1330.  1404.  1418.  1335.
  2028.  1675.  1535.  1189.  1328.  1255.  1515.  1402.  2068.  1046.
  2177.   702.   332.   873.  2091.  1896.  1916.  1196.  1387.  1243.]
18 [ 1427.  1960.   928.  1759.  1616.  1893.  1131.  1222.  1904.  1433.
  1984.  1429.  1097.  2095.  1884.  1775.  1380.  1402.  1419.  1341.
  2083.  1685.  1556.  1191.  1325.  1256.  1513.  1384.  2081.  1028.
  2154.   703.   329.   879.  2103.  1913.  1918.  1197.  1386.  1237.]
19 [ 1440.  1940.   849.  1738.  1634.  1894.  1126.  1224.  1914.  1436.
  1977.  1434.  1097.  2085.  1823.  1777.  1421.  1402.  1419.  1342.
  2114.  1689.  1561.  1192.  1328.  1256.  1518.  1363.  2089.  1031.
  2150.   693.   350.   893.  2110.  1934.  1929.  1203.  1383.  1242.]
20 [ 1449.  1925.   801.  1721.  1634.  1891.  1123.  1243.  1938.  1425.
  1967.  1441.  1095.  2074.  1770.  1781.  1471.  1400.  1416.  1349.
  2135.  1691.  1567.  1190.  1346.  1257.  1520.  1376.  2076.  1024.
  2130.   690.   358.   902.  2118.  1939.  1930.  1211.  1383.  1243.]
21 [ 1460.  1920.   772.  1703.  1649.  1884.  1118.  1259.  1965.  1406.
  1962.  1444.  1099.  2070.  1731.  1781.  1526.  1400.  1412.  1351.
  2142.  1695.  1587.  1186.  1358.  1257.  1524.  1365.  2047.  1016.
  2108.   689.   364.   911.  2122.  1945.  1937.  1213.  1380.  1242.]
22 [ 1470.  1912.   761.  1691.  1660.  1883.  1114.  1266.  1976.  1396.
  1947.  1441.  1100.  2062.  1701.  1786.  1572.  1403.  1410.  1358.
  2137.  1701.  1592.  1182.  1381.  1256.  1523.  1383.  2019.  1013.
  2089.   682.   376.   914.  2124.  1941.  1935.  1213.  1382.  1248.]
23 [ 1482.  1900.   764.  1673.  1670.  1883.  1109.  1273.  1985.  1391.
  1934.  1441.  1098.  2056.  1670.  1794.  1616.  1407.  1404.  1348.
  2127.  1707.  1592.  1185.  1382.  1250.  1525.  1402.  2011.  1003.
  2082.   683.   380.   924.  2124.  1946.  1937.  1212.  1381.  1249.]
24 [ 1486.  1880.   759.  1662.  1675.  1885.  1095.  1275.  2001.  1392.
  1922.  1438.  1098.  2047.  1648.  1806.  1657.  1410.  1392.  1348.
  2108.  1707.  1592.  1189.  1392.  1251.  1529.  1418.  2006.   991.
  2073.   682.   380.   945.  2127.  1939.  1939.  1216.  1384.  1256.]
25 [ 1498.  1863.   764.  1644.  1681.  1874.  1074.  1272.  2027.  1396.
  1916.  1437.  1103.  2042.  1640.  1809.  1705.  1412.  1386.  1345.
  2088.  1708.  1599.  1186.  1394.  1260.  1534.  1430.  2009.   959.
  2053.   682.   376.   971.  2129.  1936.  1946.  1220.  1377.  1255.]
26 [ 1506.  1861.   759.  1623.  1696.  1868.  1063.  1262.  2057.  1391.
  1913.  1440.  1113.  2041.  1623.  1808.  1756.  1411.  1379.  1348.
  2064.  1710.  1611.  1183.  1397.  1262.  1535.  1432.  2012.   934.
  2042.   680.   371.   983.  2126.  1943.  1950.  1225.  1377.  1245.]
27 [ 1515.  1843.   749.  1601.  1705.  1859.  1058.  1252.  2090.  1392.
  1905.  1450.  1119.  2036.  1614.  1805.  1792.  1410.  1371.  1350.
  2038.  1712.  1615.  1181.  1394.  1262.  1541.  1442.  2021.   913.
  2028.   682.   362.   994.  2127.  1967.  1953.  1236.  1374.  1242.]
28 [ 1516.  1828.   743.  1558.  1701.  1852.  1066.  1250.  2123.  1390.
  1905.  1454.  1124.  2035.  1602.  1804.  1822.  1408.  1367.  1345.
  2023.  1716.  1615.  1185.  1395.  1267.  1546.  1442.  2028.   900.
  2015.   689.   357.   998.  2130.  1991.  1957.  1248.  1371.  1234.]
29 [ 1520.  1821.   728.  1519.  1701.  1842.  1061.  1236.  2160.  1388.
  1901.  1452.  1135.  2036.  1602.  1805.  1836.  1409.  1365.  1353.
  2028.  1717.  1618.  1187.  1398.  1267.  1551.  1457.  2045.   877.
  1998.   699.   353.  1008.  2130.  2002.  1957.  1255.  1368.  1215.]
30 [ 1523.  1803.   719.  1464.  1703.  1829.  1059.  1238.  2185.  1396.
  1898.  1453.  1153.  2038.  1597.  1803.  1848.  1411.  1360.  1347.
  2041.  1718.  1632.  1197.  1399.  1268.  1560.  1469.  2061.   820.
  1994.   704.   349.  1013.  2131.  2035.  1955.  1265.  1367.  1195.]
31 [ 1529.  1789.   713.  1411.  1710.  1819.  1062.  1235.  2211.  1410.
  1894.  1452.  1158.  2038.  1592.  1804.  1857.  1414.  1352.  1343.
  2042.  1718.  1645.  1208.  1401.  1271.  1566.  1465.  2065.   774.
  1996.   708.   346.  1016.  2129.  2078.  1953.  1272.  1361.  1193.]
32 [ 1533.  1781.   705.  1373.  1710.  1813.  1061.  1232.  2239.  1428.
  1891.  1455.  1170.  2038.  1587.  1804.  1870.  1416.  1349.  1336.
  2041.  1718.  1667.  1214.  1401.  1277.  1573.  1466.  2063.   725.
  2000.   710.   335.  1021.  2130.  2094.  1955.  1278.  1359.  1182.]
33 [ 1535.  1779.   701.  1359.  1710.  1808.  1050.  1232.  2266.  1435.
  1896.  1458.  1178.  2037.  1577.  1810.  1878.  1417.  1342.  1323.
  2049.  1721.  1673.  1219.  1400.  1282.  1571.  1454.  2072.   710.
  1993.   712.   319.  1036.  2134.  2094.  1956.  1281.  1361.  1172.]
34 [ 1541.  1779.   692.  1338.  1707.  1803.  1038.  1234.  2278.  1441.
  1896.  1463.  1185.  2035.  1571.  1809.  1891.  1419.  1331.  1301.
  2057.  1724.  1674.  1222.  1403.  1282.  1569.  1451.  2064.   716.
  1980.   708.   304.  1047.  2137.  2125.  1966.  1288.  1364.  1167.]
35 [ 1550.  1769.   690.  1328.  1702.  1801.  1032.  1230.  2276.  1466.
  1896.  1468.  1182.  2035.  1563.  1805.  1899.  1422.  1333.  1286.
  2058.  1728.  1686.  1219.  1403.  1285.  1554.  1460.  2060.   700.
  1979.   707.   302.  1052.  2134.  2143.  1965.  1300.  1369.  1163.]
36 [ 1554.  1766.   691.  1298.  1704.  1798.  1028.  1234.  2272.  1485.
  1898.  1471.  1188.  2032.  1558.  1801.  1906.  1425.  1333.  1275.
  2055.  1725.  1695.  1221.  1403.  1286.  1549.  1463.  2061.   689.
  1974.   706.   309.  1061.  2134.  2161.  1963.  1302.  1367.  1159.]
37 [ 1558.  1766.   703.  1274.  1705.  1795.  1031.  1234.  2280.  1497.
  1899.  1477.  1187.  2033.  1552.  1792.  1907.  1426.  1328.  1263.
  2057.  1730.  1695.  1223.  1404.  1287.  1545.  1482.  2066.   676.
  1970.   706.   305.  1061.  2136.  2159.  1960.  1310.  1365.  1156.]
38 [ 1558.  1766.   707.  1258.  1703.  1789.  1035.  1240.  2289.  1510.
  1900.  1477.  1190.  2030.  1551.  1788.  1907.  1428.  1329.  1247.
  2058.  1731.  1697.  1224.  1402.  1289.  1544.  1502.  2064.   672.
  1968.   705.   310.  1060.  2136.  2147.  1956.  1318.  1363.  1152.]
39 [ 1563.  1753.   723.  1247.  1702.  1787.  1034.  1246.  2292.  1521.
  1896.  1481.  1197.  2027.  1549.  1789.  1909.  1429.  1329.  1235.
  2061.  1729.  1698.  1223.  1397.  1292.  1543.  1501.  2060.   667.
  1963.   702.   321.  1064.  2136.  2145.  1954.  1324.  1361.  1150.]
40 [ 1574.  1736.   724.  1226.  1697.  1783.  1033.  1248.  2310.  1524.
  1893.  1483.  1200.  2026.  1549.  1786.  1909.  1434.  1330.  1224.
  2061.  1726.  1692.  1225.  1393.  1293.  1542.  1519.  2059.   671.
  1958.   700.   330.  1066.  2137.  2148.  1950.  1333.  1361.  1147.]
41 [ 1581.  1733.   727.  1206.  1695.  1776.  1029.  1251.  2311.  1533.
  1888.  1492.  1208.  2029.  1548.  1786.  1909.  1438.  1333.  1219.
  2057.  1726.  1691.  1221.  1389.  1292.  1539.  1529.  2051.   668.
  1959.   697.   339.  1066.  2137.  2166.  1948.  1335.  1362.  1136.]
42 [ 1584.  1729.   741.  1194.  1693.  1775.  1030.  1246.  2320.  1540.
  1885.  1495.  1213.  2028.  1548.  1782.  1909.  1443.  1336.  1208.
  2055.  1724.  1692.  1220.  1390.  1294.  1539.  1543.  2044.   675.
  1959.   694.   344.  1067.  2138.  2153.  1944.  1337.  1360.  1129.]
43 [ 1585.  1732.   757.  1177.  1695.  1774.  1026.  1243.  2329.  1544.
  1878.  1497.  1221.  2028.  1546.  1783.  1909.  1442.  1337.  1200.
  2055.  1723.  1697.  1217.  1388.  1296.  1537.  1556.  2027.   675.
  1959.   693.   347.  1073.  2139.  2162.  1939.  1333.  1360.  1121.]
44 [ 1584.  1728.   769.  1158.  1696.  1772.  1028.  1246.  2337.  1549.
  1873.  1499.  1228.  2026.  1546.  1778.  1908.  1442.  1337.  1200.
  2056.  1721.  1699.  1214.  1386.  1298.  1536.  1568.  2011.   668.
  1958.   696.   359.  1079.  2139.  2169.  1933.  1332.  1360.  1114.]
45 [ 1582.  1727.   779.  1141.  1695.  1768.  1035.  1248.  2340.  1551.
  1874.  1498.  1231.  2027.  1546.  1777.  1908.  1441.  1339.  1203.
  2054.  1720.  1701.  1214.  1387.  1298.  1540.  1577.  2002.   664.
  1957.   696.   362.  1078.  2138.  2173.  1929.  1330.  1360.  1110.]
46 [ 1584.  1714.   775.  1127.  1694.  1770.  1035.  1254.  2353.  1559.
  1865.  1499.  1231.  2027.  1546.  1769.  1910.  1441.  1342.  1197.
  2053.  1721.  1703.  1215.  1384.  1295.  1540.  1604.  2006.   668.
  1957.   693.   370.  1079.  2137.  2157.  1926.  1331.  1360.  1109.]
47 [ 1587.  1708.   775.  1121.  1693.  1767.  1028.  1257.  2369.  1567.
  1857.  1498.  1232.  2028.  1547.  1767.  1907.  1443.  1341.  1196.
  2053.  1722.  1704.  1214.  1381.  1294.  1537.  1625.  2001.   667.
  1957.   690.   373.  1080.  2138.  2150.  1922.  1335.  1360.  1109.]
48 [ 1588.  1704.   788.  1112.  1694.  1769.  1025.  1260.  2371.  1568.
  1858.  1495.  1233.  2027.  1549.  1772.  1906.  1444.  1337.  1197.
  2051.  1726.  1705.  1214.  1379.  1294.  1534.  1632.  1982.   660.
  1957.   689.   379.  1081.  2133.  2160.  1922.  1338.  1359.  1108.]
49 [ 1588.  1703.   798.  1111.  1695.  1769.  1020.  1263.  2384.  1570.
  1861.  1495.  1230.  2028.  1548.  1770.  1907.  1444.  1335.  1196.
  2047.  1726.  1701.  1215.  1378.  1294.  1533.  1629.  1976.   666.
  1958.   688.   377.  1083.  2131.  2152.  1919.  1341.  1357.  1114.]
50 [ 1598.  1698.   806.  1105.  1695.  1767.  1022.  1261.  2388.  1572.
  1859.  1495.  1233.  2030.  1546.  1773.  1905.  1446.  1332.  1196.
  2047.  1725.  1701.  1216.  1377.  1294.  1530.  1631.  1975.   664.
  1958.   687.   378.  1080.  2132.  2149.  1918.  1340.  1357.  1114.]
51 [ 1603.  1695.   805.  1104.  1696.  1769.  1022.  1264.  2391.  1577.
  1859.  1492.  1234.  2032.  1545.  1773.  1906.  1444.  1330.  1199.
  2044.  1727.  1700.  1215.  1373.  1294.  1529.  1632.  1968.   661.
  1958.   687.   383.  1075.  2132.  2152.  1917.  1340.  1358.  1115.]
52 [ 1604.  1694.   812.  1101.  1696.  1770.  1021.  1266.  2389.  1580.
  1860.  1490.  1236.  2033.  1545.  1774.  1906.  1444.  1327.  1199.
  2042.  1729.  1699.  1214.  1373.  1292.  1528.  1637.  1963.   660.
  1958.   685.   387.  1070.  2132.  2154.  1914.  1340.  1358.  1118.]
53 [ 1608.  1685.   810.  1100.  1698.  1770.  1022.  1268.  2390.  1583.
  1861.  1487.  1239.  2036.  1545.  1774.  1905.  1445.  1325.  1198.
  2041.  1731.  1700.  1214.  1374.  1293.  1526.  1639.  1958.   660.
  1958.   685.   393.  1065.  2132.  2155.  1912.  1339.  1358.  1118.]
54 [ 1608.  1679.   815.  1098.  1697.  1773.  1019.  1270.  2395.  1581.
  1862.  1489.  1240.  2037.  1546.  1776.  1904.  1446.  1323.  1200.
  2041.  1733.  1699.  1214.  1378.  1292.  1522.  1643.  1957.   657.
  1958.   683.   394.  1061.  2133.  2152.  1911.  1339.  1357.  1118.]
55 [ 1609.  1680.   815.  1095.  1698.  1773.  1020.  1273.  2396.  1584.
  1863.  1490.  1241.  2037.  1546.  1776.  1903.  1447.  1323.  1200.
  2040.  1732.  1701.  1213.  1379.  1292.  1521.  1644.  1950.   655.
  1961.   683.   391.  1059.  2135.  2153.  1911.  1338.  1357.  1116.]
56 [ 1609.  1682.   815.  1096.  1698.  1775.  1018.  1272.  2402.  1587.
  1864.  1489.  1241.  2036.  1546.  1776.  1904.  1448.  1323.  1199.
  2040.  1733.  1701.  1214.  1379.  1292.  1520.  1644.  1950.   649.
  1961.   684.   394.  1057.  2137.  2147.  1910.  1338.  1355.  1115.]
57 [ 1609.  1682.   816.  1094.  1697.  1775.  1019.  1273.  2404.  1587.
  1866.  1491.  1246.  2034.  1548.  1776.  1905.  1450.  1323.  1198.
  2038.  1735.  1701.  1214.  1380.  1293.  1517.  1648.  1949.   647.
  1963.   683.   394.  1054.  2135.  2141.  1910.  1338.  1355.  1112.]
58 [ 1609.  1678.   819.  1094.  1697.  1774.  1019.  1274.  2407.  1588.
  1865.  1492.  1248.  2034.  1547.  1776.  1904.  1450.  1324.  1197.
  2038.  1735.  1702.  1214.  1380.  1293.  1517.  1655.  1950.   640.
  1963.   683.   395.  1054.  2134.  2138.  1910.  1338.  1354.  1111.]
59 [ 1609.  1678.   821.  1095.  1696.  1776.  1021.  1274.  2405.  1588.
  1866.  1492.  1253.  2035.  1547.  1772.  1905.  1451.  1322.  1194.
  2038.  1738.  1701.  1213.  1381.  1294.  1516.  1654.  1949.   636.
  1964.   682.   399.  1049.  2133.  2139.  1911.  1338.  1355.  1110.]
60 [ 1608.  1681.   817.  1096.  1696.  1776.  1023.  1277.  2401.  1589.
  1865.  1492.  1254.  2036.  1547.  1772.  1905.  1452.  1322.  1194.
  2036.  1738.  1699.  1212.  1381.  1294.  1513.  1662.  1951.   632.
  1964.   681.   401.  1044.  2133.  2142.  1910.  1339.  1355.  1110.]
61 [ 1606.  1675.   816.  1092.  1696.  1780.  1024.  1282.  2400.  1588.
  1866.  1496.  1255.  2038.  1547.  1771.  1905.  1452.  1323.  1189.
  2033.  1741.  1699.  1212.  1381.  1294.  1510.  1657.  1952.   634.
  1965.   679.   402.  1043.  2133.  2150.  1909.  1339.  1355.  1111.]
62 [ 1606.  1671.   813.  1092.  1695.  1783.  1023.  1286.  2403.  1587.
  1867.  1497.  1254.  2040.  1547.  1772.  1906.  1453.  1322.  1188.
  2030.  1741.  1698.  1212.  1381.  1294.  1509.  1658.  1949.   634.
  1964.   679.   403.  1043.  2131.  2154.  1909.  1339.  1355.  1112.]
63 [ 1607.  1670.   812.  1092.  1696.  1785.  1024.  1284.  2403.  1589.
  1867.  1497.  1257.  2040.  1547.  1772.  1906.  1454.  1320.  1189.
  2032.  1740.  1697.  1212.  1381.  1294.  1506.  1658.  1950.   634.
  1962.   678.   403.  1040.  2131.  2155.  1909.  1338.  1355.  1114.]
64 [ 1607.  1669.   812.  1095.  1696.  1787.  1025.  1282.  2400.  1592.
  1867.  1497.  1259.  2039.  1547.  1773.  1906.  1454.  1320.  1190.
  2031.  1739.  1697.  1212.  1383.  1294.  1505.  1660.  1947.   632.
  1963.   678.   403.  1038.  2131.  2157.  1908.  1340.  1355.  1110.]
65 [ 1608.  1670.   811.  1095.  1696.  1790.  1024.  1281.  2401.  1593.
  1866.  1497.  1265.  2039.  1547.  1773.  1906.  1454.  1320.  1189.
  2031.  1739.  1696.  1212.  1385.  1294.  1504.  1667.  1947.   628.
  1963.   678.   401.  1036.  2131.  2157.  1906.  1340.  1355.  1105.]
66 [ 1609.  1669.   811.  1098.  1697.  1796.  1018.  1281.  2402.  1595.
  1865.  1498.  1269.  2037.  1547.  1772.  1907.  1452.  1319.  1188.
  2032.  1739.  1697.  1212.  1386.  1294.  1505.  1668.  1948.   622.
  1963.   676.   403.  1035.  2132.  2156.  1905.  1344.  1355.  1098.]
67 [ 1609.  1671.   805.  1099.  1697.  1796.  1018.  1281.  2403.  1596.
  1861.  1498.  1272.  2037.  1547.  1774.  1906.  1453.  1319.  1187.
  2031.  1739.  1698.  1212.  1386.  1294.  1507.  1684.  1948.   618.
  1963.   675.   402.  1033.  2132.  2154.  1905.  1345.  1354.  1091.]
68 [ 1610.  1673.   801.  1098.  1697.  1795.  1018.  1281.  2402.  1597.
  1858.  1498.  1276.  2037.  1548.  1774.  1904.  1453.  1319.  1189.
  2031.  1738.  1699.  1211.  1387.  1295.  1506.  1696.  1948.   619.
  1963.   673.   400.  1033.  2133.  2151.  1904.  1347.  1353.  1085.]
69 [ 1609.  1675.   803.  1098.  1699.  1796.  1017.  1279.  2403.  1598.
  1855.  1498.  1284.  2035.  1548.  1774.  1906.  1454.  1320.  1189.
  2029.  1737.  1699.  1210.  1387.  1295.  1507.  1708.  1947.   619.
  1963.   672.   395.  1033.  2133.  2149.  1904.  1344.  1351.  1078.]
70 [ 1609.  1677.   802.  1097.  1700.  1797.  1018.  1279.  2403.  1601.
  1852.  1497.  1286.  2035.  1548.  1772.  1905.  1452.  1321.  1187.
  2027.  1737.  1699.  1211.  1387.  1295.  1507.  1722.  1946.   617.
  1963.   676.   390.  1032.  2133.  2148.  1902.  1344.  1350.  1076.]
71 [ 1608.  1680.   798.  1095.  1701.  1797.  1020.  1277.  2403.  1602.
  1853.  1498.  1292.  2033.  1548.  1770.  1905.  1452.  1317.  1187.
  2026.  1735.  1699.  1212.  1386.  1295.  1504.  1741.  1948.   615.
  1963.   675.   389.  1032.  2132.  2141.  1900.  1344.  1351.  1076.]
72 [ 1608.  1679.   797.  1097.  1697.  1800.  1020.  1278.  2407.  1603.
  1850.  1502.  1294.  2033.  1548.  1768.  1904.  1452.  1317.  1183.
  2027.  1735.  1698.  1212.  1385.  1295.  1504.  1750.  1947.   609.
  1963.   675.   390.  1032.  2133.  2138.  1898.  1343.  1352.  1077.]
73 [ 1610.  1680.   799.  1096.  1697.  1803.  1022.  1278.  2410.  1606.
  1847.  1503.  1296.  2033.  1549.  1767.  1902.  1452.  1318.  1183.
  2027.  1736.  1697.  1214.  1385.  1294.  1504.  1753.  1946.   605.
  1965.   675.   390.  1032.  2132.  2128.  1897.  1340.  1352.  1077.]
74 [ 1614.  1679.   798.  1094.  1698.  1806.  1023.  1279.  2413.  1610.
  1845.  1509.  1299.  2035.  1549.  1765.  1902.  1452.  1318.  1183.
  2028.  1736.  1697.  1213.  1385.  1294.  1501.  1749.  1943.   602.
  1965.   674.   392.  1032.  2133.  2123.  1896.  1336.  1352.  1078.]
75 [ 1615.  1681.   795.  1090.  1700.  1808.  1026.  1282.  2417.  1612.
  1844.  1516.  1299.  2037.  1549.  1761.  1899.  1451.  1313.  1180.
  2028.  1735.  1694.  1213.  1386.  1294.  1499.  1759.  1943.   593.
  1965.   675.   394.  1031.  2135.  2117.  1896.  1337.  1352.  1079.]
76 [ 1616.  1682.   794.  1091.  1701.  1815.  1025.  1285.  2414.  1619.
  1847.  1521.  1297.  2038.  1550.  1762.  1899.  1451.  1316.  1180.
  2029.  1734.  1693.  1212.  1386.  1294.  1495.  1742.  1940.   583.
  1967.   675.   400.  1030.  2138.  2116.  1894.  1337.  1353.  1079.]
77 [ 1617.  1683.   787.  1094.  1702.  1820.  1027.  1285.  2413.  1625.
  1854.  1525.  1296.  2039.  1549.  1759.  1900.  1450.  1321.  1182.
  2028.  1735.  1693.  1211.  1384.  1296.  1496.  1725.  1938.   579.
  1968.   673.   403.  1030.  2139.  2111.  1895.  1337.  1351.  1080.]
78 [ 1615.  1682.   778.  1094.  1701.  1831.  1026.  1287.  2420.  1625.
  1852.  1531.  1298.  2041.  1546.  1755.  1902.  1448.  1322.  1190.
  2031.  1735.  1692.  1209.  1383.  1296.  1494.  1726.  1933.   577.
  1971.   673.   408.  1030.  2142.  2101.  1893.  1335.  1350.  1077.]
79 [ 1613.  1682.   773.  1099.  1705.  1841.  1028.  1286.  2424.  1632.
  1853.  1536.  1297.  2042.  1546.  1750.  1904.  1446.  1325.  1193.
  2029.  1736.  1690.  1206.  1384.  1295.  1493.  1719.  1924.   574.
  1972.   675.   405.  1030.  2144.  2098.  1892.  1333.  1348.  1078.]
80 [ 1613.  1676.   772.  1096.  1710.  1842.  1028.  1288.  2426.  1637.
  1865.  1543.  1302.  2043.  1547.  1746.  1902.  1446.  1325.  1199.
  2033.  1736.  1684.  1205.  1384.  1292.  1492.  1704.  1923.   572.
  1972.   675.   401.  1030.  2145.  2098.  1893.  1333.  1346.  1076.]
81 [ 1612.  1671.   767.  1090.  1715.  1846.  1030.  1292.  2431.  1644.
  1869.  1544.  1302.  2042.  1548.  1752.  1902.  1446.  1326.  1197.
  2034.  1737.  1684.  1207.  1382.  1291.  1493.  1694.  1923.   569.
  1974.   676.   396.  1030.  2147.  2097.  1891.  1334.  1344.  1071.]
82 [ 1612.  1667.   771.  1082.  1719.  1852.  1036.  1295.  2437.  1647.
  1869.  1547.  1304.  2039.  1548.  1756.  1899.  1446.  1326.  1201.
  2036.  1738.  1681.  1207.  1381.  1292.  1494.  1684.  1915.   570.
  1975.   677.   393.  1030.  2151.  2091.  1890.  1335.  1342.  1065.]
83 [ 1609.  1666.   772.  1078.  1717.  1856.  1038.  1302.  2437.  1654.
  1870.  1548.  1304.  2039.  1549.  1756.  1899.  1446.  1325.  1202.
  2036.  1739.  1678.  1207.  1379.  1289.  1496.  1685.  1914.   572.
  1977.   677.   390.  1030.  2152.  2085.  1887.  1338.  1338.  1064.]
84 [ 1608.  1667.   773.  1080.  1716.  1858.  1036.  1305.  2436.  1659.
  1871.  1546.  1304.  2039.  1549.  1753.  1899.  1446.  1325.  1204.
  2037.  1738.  1671.  1206.  1379.  1289.  1498.  1684.  1910.   574.
  1979.   678.   391.  1031.  2154.  2080.  1885.  1339.  1337.  1066.]
85 [ 1605.  1665.   769.  1089.  1718.  1857.  1032.  1307.  2443.  1662.
  1873.  1545.  1306.  2041.  1551.  1751.  1897.  1446.  1324.  1200.
  2034.  1738.  1670.  1205.  1379.  1289.  1496.  1691.  1911.   577.
  1979.   679.   391.  1032.  2153.  2067.  1885.  1344.  1336.  1063.]
86 [ 1601.  1666.   770.  1090.  1719.  1856.  1033.  1310.  2445.  1665.
  1875.  1550.  1307.  2045.  1552.  1750.  1898.  1446.  1324.  1193.
  2032.  1737.  1669.  1202.  1378.  1289.  1496.  1688.  1906.   578.
  1979.   680.   393.  1031.  2153.  2068.  1884.  1345.  1336.  1061.]
87 [ 1602.  1663.   780.  1083.  1723.  1857.  1034.  1311.  2447.  1669.
  1874.  1550.  1306.  2045.  1552.  1749.  1901.  1446.  1326.  1193.
  2031.  1736.  1669.  1202.  1377.  1288.  1494.  1681.  1903.   579.
  1980.   682.   392.  1029.  2152.  2070.  1884.  1345.  1336.  1059.]
88 [ 1606.  1662.   783.  1080.  1722.  1860.  1038.  1311.  2454.  1671.
  1877.  1550.  1308.  2043.  1552.  1751.  1899.  1445.  1325.  1191.
  2032.  1740.  1669.  1199.  1375.  1287.  1494.  1679.  1900.   577.
  1981.   683.   399.  1029.  2151.  2057.  1883.  1344.  1336.  1057.]
89 [ 1604.  1661.   783.  1080.  1723.  1863.  1038.  1313.  2456.  1671.
  1877.  1550.  1309.  2042.  1553.  1748.  1899.  1445.  1325.  1195.
  2030.  1740.  1664.  1196.  1376.  1285.  1495.  1684.  1900.   581.
  1980.   683.   400.  1030.  2151.  2050.  1883.  1344.  1336.  1057.]
90 [ 1602.  1658.   790.  1084.  1723.  1864.  1039.  1310.  2460.  1671.
  1877.  1549.  1311.  2042.  1553.  1743.  1900.  1445.  1325.  1193.
  2031.  1740.  1661.  1194.  1375.  1282.  1498.  1686.  1899.   583.
  1979.   683.   403.  1029.  2151.  2050.  1883.  1344.  1335.  1055.]
91 [ 1599.  1657.   795.  1079.  1722.  1866.  1042.  1310.  2470.  1671.
  1877.  1549.  1313.  2042.  1554.  1739.  1899.  1446.  1323.  1191.
  2033.  1740.  1659.  1191.  1374.  1281.  1498.  1681.  1896.   585.
  1979.   683.   408.  1029.  2152.  2050.  1883.  1345.  1333.  1056.]
92 [ 1600.  1656.   794.  1077.  1723.  1869.  1037.  1314.  2475.  1676.
  1878.  1551.  1314.  2042.  1555.  1739.  1901.  1447.  1324.  1187.
  2032.  1740.  1659.  1190.  1372.  1279.  1500.  1678.  1894.   580.
  1979.   683.   413.  1030.  2152.  2046.  1883.  1344.  1332.  1055.]
93 [ 1599.  1655.   788.  1072.  1722.  1872.  1042.  1318.  2477.  1679.
  1878.  1550.  1314.  2041.  1556.  1740.  1902.  1446.  1325.  1185.
  2031.  1741.  1659.  1191.  1373.  1276.  1502.  1673.  1895.   583.
  1978.   683.   415.  1031.  2153.  2040.  1884.  1343.  1332.  1056.]
94 [ 1597.  1656.   794.  1071.  1721.  1874.  1040.  1325.  2479.  1682.
  1878.  1551.  1314.  2040.  1557.  1739.  1905.  1446.  1324.  1182.
  2030.  1741.  1660.  1191.  1373.  1275.  1503.  1664.  1893.   581.
  1979.   683.   410.  1032.  2156.  2040.  1884.  1343.  1331.  1056.]
95 [ 1596.  1657.   793.  1067.  1720.  1877.  1042.  1332.  2480.  1684.
  1878.  1553.  1316.  2038.  1557.  1736.  1904.  1446.  1322.  1177.
  2032.  1740.  1661.  1195.  1374.  1271.  1505.  1664.  1890.   583.
  1978.   683.   408.  1033.  2156.  2038.  1883.  1343.  1332.  1056.]
96 [ 1594.  1655.   795.  1062.  1720.  1879.  1038.  1339.  2486.  1686.
  1879.  1552.  1317.  2036.  1557.  1734.  1904.  1444.  1321.  1174.
  2031.  1740.  1662.  1196.  1376.  1268.  1506.  1664.  1890.   587.
  1978.   683.   407.  1033.  2155.  2038.  1885.  1343.  1332.  1054.]
97 [ 1593.  1654.   792.  1061.  1720.  1880.  1035.  1343.  2488.  1688.
  1879.  1552.  1317.  2035.  1557.  1734.  1903.  1443.  1321.  1177.
  2030.  1740.  1664.  1197.  1376.  1268.  1506.  1662.  1891.   588.
  1978.   683.   406.  1036.  2156.  2035.  1885.  1343.  1332.  1052.]
98 [ 1591.  1652.   791.  1061.  1719.  1881.  1033.  1344.  2494.  1689.
  1879.  1552.  1319.  2036.  1557.  1734.  1902.  1444.  1321.  1178.
  2030.  1740.  1663.  1197.  1378.  1268.  1506.  1662.  1891.   588.
  1978.   682.   407.  1036.  2156.  2029.  1885.  1343.  1333.  1051.]
99 [ 1586.  1652.   788.  1063.  1719.  1881.  1033.  1350.  2493.  1693.
  1879.  1552.  1319.  2036.  1557.  1732.  1902.  1444.  1321.  1179.
  2029.  1740.  1663.  1197.  1378.  1268.  1507.  1665.  1888.   590.
  1978.   682.   407.  1036.  2156.  2024.  1886.  1343.  1332.  1052.]
100 [ 1582.  1651.   793.  1065.  1719.  1881.  1032.  1355.  2496.  1696.
  1879.  1552.  1319.  2036.  1557.  1732.  1903.  1443.  1321.  1181.
  2028.  1740.  1663.  1197.  1378.  1268.  1508.  1662.  1888.   589.
  1978.   682.   407.  1035.  2156.  2015.  1886.  1343.  1332.  1052.]
101 [ 1578.  1651.   791.  1072.  1720.  1881.  1033.  1358.  2499.  1697.
  1879.  1553.  1319.  2036.  1557.  1732.  1903.  1443.  1321.  1180.
  2027.  1740.  1663.  1196.  1378.  1268.  1507.  1660.  1885.   590.
  1978.   682.   406.  1034.  2156.  2013.  1886.  1343.  1332.  1053.]
102 [ 1577.  1648.   791.  1070.  1720.  1881.  1036.  1362.  2500.  1697.
  1879.  1554.  1319.  2036.  1557.  1730.  1903.  1443.  1321.  1179.
  2028.  1740.  1662.  1196.  1378.  1268.  1508.  1664.  1887.   590.
  1978.   682.   406.  1033.  2155.  2010.  1886.  1342.  1331.  1053.]
103 [ 1573.  1643.   791.  1066.  1720.  1881.  1043.  1364.  2505.  1698.
  1879.  1555.  1319.  2036.  1557.  1730.  1903.  1443.  1321.  1180.
  2028.  1740.  1661.  1195.  1379.  1267.  1510.  1664.  1885.   590.
  1977.   682.   406.  1033.  2155.  2010.  1886.  1342.  1330.  1053.]
104 [ 1564.  1643.   791.  1071.  1721.  1881.  1054.  1361.  2511.  1699.
  1879.  1556.  1319.  2036.  1557.  1730.  1903.  1443.  1321.  1169.
  2027.  1739.  1661.  1197.  1382.  1266.  1512.  1664.  1886.   590.
  1978.   682.   405.  1032.  2155.  2006.  1886.  1342.  1328.  1053.]
105 [ 1556.  1643.   790.  1074.  1721.  1881.  1065.  1361.  2516.  1699.
  1879.  1557.  1320.  2035.  1557.  1731.  1903.  1443.  1321.  1169.
  2026.  1740.  1659.  1196.  1383.  1266.  1509.  1665.  1884.   588.
  1980.   682.   405.  1031.  2155.  2003.  1886.  1342.  1325.  1054.]
106 [ 1549.  1640.   794.  1081.  1722.  1882.  1073.  1366.  2522.  1700.
  1880.  1557.  1321.  2035.  1557.  1731.  1902.  1444.  1321.  1155.
  2026.  1738.  1659.  1196.  1382.  1265.  1512.  1666.  1881.   586.
  1980.   682.   406.  1032.  2155.  1996.  1886.  1342.  1324.  1054.]
107 [ 1544.  1641.   795.  1090.  1722.  1883.  1083.  1368.  2526.  1700.
  1879.  1557.  1321.  2035.  1557.  1731.  1900.  1444.  1321.  1145.
  2028.  1737.  1659.  1196.  1382.  1265.  1509.  1666.  1876.   587.
  1980.   682.   406.  1034.  2155.  1988.  1886.  1342.  1326.  1054.]
108 [ 1536.  1642.   797.  1094.  1722.  1882.  1083.  1377.  2532.  1701.
  1879.  1557.  1321.  2034.  1556.  1732.  1900.  1444.  1321.  1136.
  2027.  1738.  1659.  1195.  1381.  1264.  1509.  1663.  1872.   587.
  1981.   682.   405.  1038.  2155.  1988.  1886.  1342.  1328.  1054.]
109 [ 1528.  1642.   799.  1094.  1722.  1881.  1089.  1381.  2535.  1701.
  1879.  1557.  1321.  2034.  1556.  1733.  1900.  1444.  1321.  1128.
  2025.  1741.  1658.  1196.  1381.  1262.  1508.  1658.  1873.   589.
  1981.   682.   405.  1041.  2155.  1990.  1887.  1342.  1327.  1054.]
110 [ 1520.  1644.   802.  1086.  1723.  1880.  1102.  1398.  2540.  1704.
  1879.  1556.  1321.  2033.  1556.  1733.  1899.  1444.  1321.  1114.
  2023.  1740.  1658.  1196.  1383.  1262.  1509.  1657.  1870.   588.
  1978.   681.   403.  1036.  2156.  1997.  1887.  1342.  1325.  1054.]
111 [ 1501.  1644.   799.  1077.  1724.  1878.  1115.  1407.  2547.  1705.
  1879.  1556.  1320.  2032.  1558.  1732.  1900.  1446.  1319.  1108.
  2021.  1740.  1657.  1196.  1387.  1261.  1512.  1653.  1868.   588.
  1979.   681.   400.  1037.  2156.  2013.  1887.  1342.  1321.  1054.]
112 [ 1490.  1641.   795.  1086.  1721.  1876.  1124.  1418.  2554.  1706.
  1878.  1556.  1320.  2030.  1557.  1732.  1899.  1444.  1319.  1107.
  2018.  1745.  1655.  1196.  1387.  1261.  1517.  1651.  1866.   585.
  1978.   680.   398.  1036.  2156.  2019.  1887.  1342.  1315.  1055.]
113 [ 1478.  1637.   794.  1081.  1721.  1874.  1136.  1422.  2560.  1708.
  1877.  1554.  1322.  2030.  1556.  1731.  1903.  1445.  1318.  1102.
  2017.  1751.  1655.  1194.  1388.  1261.  1515.  1648.  1869.   584.
  1979.   679.   396.  1038.  2157.  2028.  1886.  1341.  1309.  1056.]
114 [ 1460.  1636.   797.  1090.  1720.  1873.  1136.  1423.  2569.  1711.
  1877.  1553.  1324.  2029.  1556.  1731.  1903.  1447.  1318.  1091.
  2013.  1751.  1654.  1195.  1387.  1260.  1518.  1647.  1874.   580.
  1979.   679.   398.  1046.  2157.  2034.  1885.  1340.  1304.  1055.]
115 [ 1455.  1633.   793.  1098.  1719.  1873.  1136.  1425.  2579.  1714.
  1877.  1552.  1324.  2028.  1556.  1730.  1903.  1445.  1317.  1085.
  2009.  1756.  1654.  1197.  1386.  1260.  1511.  1646.  1878.   580.
  1979.   678.   401.  1050.  2156.  2033.  1884.  1340.  1304.  1056.]
116 [ 1449.  1632.   789.  1103.  1719.  1873.  1133.  1434.  2586.  1721.
  1876.  1552.  1324.  2027.  1555.  1731.  1905.  1444.  1317.  1078.
  2009.  1759.  1655.  1194.  1389.  1262.  1508.  1633.  1878.   578.
  1978.   678.   404.  1058.  2156.  2028.  1884.  1340.  1305.  1056.]
117 [ 1444.  1633.   788.  1105.  1717.  1872.  1129.  1441.  2588.  1726.
  1876.  1552.  1324.  2027.  1555.  1730.  1903.  1443.  1316.  1071.
  2010.  1760.  1656.  1192.  1390.  1262.  1505.  1630.  1877.   578.
  1978.   678.   404.  1063.  2156.  2036.  1883.  1340.  1306.  1056.]
118 [ 1436.  1631.   787.  1115.  1718.  1869.  1128.  1443.  2596.  1728.
  1876.  1552.  1325.  2028.  1555.  1732.  1904.  1445.  1316.  1066.
  2010.  1762.  1655.  1193.  1393.  1262.  1504.  1626.  1870.   577.
  1981.   678.   406.  1065.  2154.  2035.  1879.  1340.  1304.  1056.]
119 [ 1423.  1630.   784.  1132.  1719.  1868.  1131.  1444.  2594.  1735.
  1875.  1551.  1325.  2029.  1554.  1731.  1904.  1445.  1316.  1064.
  2011.  1767.  1655.  1195.  1394.  1262.  1501.  1625.  1867.   575.
  1981.   678.   410.  1065.  2155.  2028.  1876.  1340.  1305.  1056.]
120 [ 1411.  1631.   784.  1144.  1719.  1868.  1137.  1445.  2593.  1748.
  1875.  1551.  1325.  2029.  1554.  1730.  1905.  1445.  1317.  1058.
  2013.  1772.  1653.  1196.  1395.  1262.  1497.  1623.  1861.   577.
  1981.   678.   408.  1067.  2156.  2017.  1875.  1340.  1304.  1056.]
121 [ 1404.  1633.   784.  1148.  1719.  1868.  1141.  1450.  2595.  1756.
  1876.  1552.  1325.  2029.  1554.  1732.  1906.  1446.  1317.  1047.
  2013.  1774.  1654.  1196.  1395.  1262.  1497.  1617.  1853.   577.
  1981.   678.   408.  1068.  2155.  2017.  1875.  1340.  1302.  1056.]
122 [ 1398.  1633.   784.  1143.  1719.  1867.  1148.  1451.  2599.  1759.
  1873.  1553.  1326.  2029.  1552.  1731.  1906.  1446.  1317.  1045.
  2013.  1775.  1652.  1197.  1395.  1262.  1497.  1617.  1849.   573.
  1982.   678.   411.  1070.  2156.  2022.  1875.  1340.  1301.  1056.]
123 [ 1391.  1641.   781.  1145.  1720.  1867.  1145.  1456.  2610.  1760.
  1873.  1552.  1326.  2031.  1552.  1730.  1907.  1446.  1317.  1045.
  2014.  1774.  1649.  1197.  1393.  1261.  1500.  1614.  1849.   577.
  1982.   678.   411.  1074.  2156.  2003.  1876.  1340.  1301.  1056.]
124 [ 1385.  1642.   777.  1146.  1720.  1865.  1145.  1462.  2615.  1767.
  1872.  1553.  1326.  2032.  1551.  1730.  1907.  1446.  1317.  1043.
  2014.  1775.  1650.  1197.  1396.  1261.  1498.  1616.  1844.   580.
  1981.   678.   411.  1078.  2155.  1994.  1876.  1340.  1299.  1056.]
125 [ 1390.  1643.   779.  1143.  1720.  1864.  1143.  1464.  2618.  1770.
  1871.  1553.  1326.  2032.  1551.  1733.  1908.  1446.  1317.  1043.
  2016.  1776.  1650.  1197.  1393.  1261.  1499.  1617.  1843.   578.
  1981.   678.   413.  1083.  2155.  1980.  1874.  1340.  1297.  1055.]
126 [ 1388.  1646.   779.  1136.  1720.  1864.  1147.  1469.  2613.  1775.
  1872.  1553.  1326.  2033.  1551.  1733.  1908.  1446.  1317.  1044.
  2018.  1776.  1650.  1198.  1390.  1261.  1503.  1618.  1841.   575.
  1981.   678.   413.  1086.  2155.  1975.  1873.  1340.  1294.  1055.]
127 [ 1390.  1645.   781.  1138.  1720.  1862.  1146.  1472.  2614.  1783.
  1873.  1553.  1326.  2033.  1551.  1733.  1908.  1446.  1317.  1046.
  2018.  1776.  1650.  1198.  1389.  1261.  1504.  1618.  1841.   571.
  1981.   678.   415.  1088.  2155.  1961.  1873.  1340.  1291.  1055.]
128 [ 1391.  1640.   775.  1137.  1719.  1863.  1145.  1467.  2624.  1791.
  1871.  1553.  1326.  2033.  1551.  1733.  1907.  1446.  1317.  1048.
  2020.  1776.  1649.  1198.  1390.  1262.  1504.  1619.  1837.   572.
  1982.   678.   418.  1088.  2155.  1955.  1874.  1340.  1291.  1055.]
129 [ 1389.  1640.   774.  1140.  1719.  1863.  1145.  1469.  2618.  1802.
  1872.  1553.  1326.  2033.  1551.  1733.  1905.  1447.  1317.  1051.
  2022.  1776.  1649.  1198.  1390.  1262.  1504.  1618.  1825.   571.
  1982.   678.   420.  1089.  2155.  1954.  1874.  1340.  1291.  1055.]
130 [ 1389.  1637.   775.  1140.  1719.  1862.  1145.  1471.  2618.  1807.
  1872.  1553.  1326.  2032.  1550.  1733.  1905.  1447.  1317.  1050.
  2023.  1776.  1648.  1198.  1391.  1263.  1504.  1620.  1821.   570.
  1982.   678.   422.  1089.  2155.  1952.  1874.  1340.  1291.  1055.]
131 [ 1390.  1634.   773.  1141.  1719.  1862.  1147.  1474.  2619.  1810.
  1871.  1553.  1326.  2032.  1550.  1733.  1905.  1447.  1317.  1050.
  2023.  1776.  1648.  1198.  1390.  1264.  1503.  1622.  1815.   570.
  1982.   678.   422.  1088.  2155.  1953.  1874.  1340.  1291.  1055.]
132 [ 1393.  1632.   772.  1140.  1719.  1863.  1144.  1476.  2625.  1815.
  1871.  1553.  1326.  2032.  1549.  1733.  1905.  1447.  1317.  1050.
  2025.  1776.  1648.  1199.  1392.  1264.  1503.  1622.  1810.   570.
  1982.   678.   422.  1089.  2155.  1943.  1874.  1340.  1291.  1055.]
133 [ 1391.  1631.   772.  1147.  1719.  1862.  1140.  1475.  2622.  1818.
  1871.  1553.  1326.  2032.  1548.  1734.  1906.  1448.  1317.  1051.
  2026.  1776.  1648.  1198.  1395.  1265.  1503.  1622.  1808.   570.
  1982.   678.   423.  1091.  2155.  1937.  1874.  1340.  1291.  1055.]
134 [ 1387.  1624.   771.  1166.  1719.  1862.  1138.  1471.  2623.  1824.
  1871.  1553.  1326.  2032.  1548.  1734.  1905.  1448.  1317.  1053.
  2024.  1776.  1648.  1199.  1396.  1264.  1503.  1621.  1805.   571.
  1984.   678.   425.  1091.  2155.  1928.  1874.  1340.  1291.  1055.]
135 [ 1386.  1622.   771.  1177.  1720.  1864.  1132.  1468.  2622.  1827.
  1871.  1553.  1326.  2032.  1548.  1734.  1905.  1448.  1317.  1055.
  2023.  1776.  1648.  1200.  1396.  1265.  1503.  1622.  1804.   571.
  1985.   678.   427.  1091.  2155.  1920.  1873.  1340.  1290.  1055.]
136 [ 1384.  1620.   772.  1188.  1720.  1865.  1130.  1467.  2625.  1829.
  1871.  1553.  1326.  2033.  1548.  1732.  1906.  1448.  1317.  1056.
  2023.  1776.  1648.  1201.  1391.  1265.  1502.  1621.  1799.   571.
  1987.   678.   427.  1091.  2155.  1916.  1873.  1340.  1290.  1056.]
137 [ 1385.  1612.   776.  1191.  1720.  1866.  1137.  1463.  2631.  1832.
  1871.  1553.  1326.  2034.  1550.  1733.  1906.  1450.  1317.  1058.
  2023.  1776.  1649.  1201.  1389.  1264.  1502.  1620.  1788.   571.
  1989.   678.   425.  1088.  2155.  1913.  1873.  1340.  1289.  1056.]
138 [ 1386.  1609.   775.  1200.  1720.  1865.  1138.  1458.  2637.  1835.
  1871.  1553.  1326.  2034.  1550.  1733.  1907.  1450.  1317.  1060.
  2023.  1776.  1649.  1201.  1391.  1264.  1502.  1621.  1778.   570.
  1989.   678.   424.  1088.  2155.  1909.  1873.  1340.  1289.  1056.]
139 [ 1390.  1610.   778.  1202.  1720.  1865.  1137.  1454.  2639.  1835.
  1873.  1553.  1326.  2035.  1549.  1734.  1907.  1450.  1317.  1059.
  2023.  1776.  1649.  1201.  1392.  1264.  1503.  1620.  1775.   569.
  1989.   678.   425.  1090.  2155.  1900.  1873.  1340.  1289.  1056.]
140 [ 1388.  1607.   779.  1203.  1720.  1864.  1137.  1452.  2640.  1840.
  1873.  1553.  1326.  2035.  1549.  1736.  1908.  1450.  1317.  1057.
  2023.  1776.  1650.  1201.  1390.  1264.  1503.  1619.  1772.   568.
  1989.   678.   424.  1092.  2155.  1904.  1873.  1340.  1289.  1056.]
141 [ 1386.  1606.   777.  1204.  1720.  1864.  1137.  1452.  2639.  1844.
  1873.  1553.  1326.  2035.  1548.  1735.  1908.  1449.  1317.  1056.
  2023.  1776.  1650.  1201.  1388.  1264.  1503.  1619.  1775.   568.
  1989.   678.   425.  1094.  2156.  1903.  1874.  1340.  1289.  1056.]
142 [ 1387.  1605.   776.  1206.  1720.  1865.  1137.  1450.  2639.  1846.
  1873.  1553.  1326.  2036.  1548.  1734.  1908.  1449.  1317.  1057.
  2023.  1776.  1650.  1201.  1386.  1264.  1503.  1619.  1771.   567.
  1989.   678.   425.  1097.  2156.  1903.  1875.  1340.  1289.  1056.]
143 [ 1387.  1605.   774.  1206.  1720.  1865.  1138.  1452.  2638.  1850.
  1873.  1553.  1326.  2036.  1548.  1734.  1908.  1449.  1317.  1054.
  2023.  1776.  1650.  1201.  1384.  1264.  1503.  1619.  1773.   568.
  1989.   678.   425.  1098.  2155.  1901.  1875.  1340.  1289.  1056.]
144 [ 1386.  1604.   774.  1206.  1720.  1865.  1138.  1453.  2633.  1853.
  1873.  1553.  1326.  2036.  1548.  1734.  1908.  1449.  1317.  1053.
  2023.  1776.  1650.  1201.  1382.  1264.  1503.  1619.  1776.   569.
  1989.   678.   425.  1099.  2155.  1902.  1875.  1340.  1289.  1056.]
145 [ 1387.  1606.   773.  1208.  1720.  1866.  1137.  1452.  2624.  1861.
  1873.  1553.  1326.  2036.  1548.  1734.  1908.  1449.  1317.  1053.
  2023.  1776.  1650.  1201.  1382.  1264.  1503.  1619.  1777.   569.
  1989.   678.   426.  1098.  2155.  1900.  1875.  1340.  1288.  1056.]
146 [ 1388.  1606.   772.  1208.  1720.  1865.  1138.  1452.  2624.  1857.
  1873.  1553.  1326.  2037.  1547.  1733.  1908.  1450.  1317.  1058.
  2023.  1776.  1649.  1201.  1383.  1264.  1503.  1619.  1776.   569.
  1989.   678.   426.  1098.  2155.  1900.  1875.  1340.  1288.  1056.]
147 [ 1389.  1607.   772.  1209.  1720.  1865.  1138.  1451.  2625.  1852.
  1874.  1553.  1326.  2037.  1547.  1732.  1908.  1451.  1317.  1060.
  2023.  1776.  1649.  1202.  1381.  1264.  1503.  1619.  1775.   570.
  1989.   678.   426.  1100.  2155.  1898.  1875.  1340.  1288.  1056.]
148 [ 1390.  1606.   772.  1211.  1720.  1866.  1138.  1450.  2629.  1851.
  1874.  1553.  1326.  2037.  1547.  1732.  1910.  1451.  1317.  1060.
  2023.  1776.  1648.  1202.  1380.  1264.  1503.  1620.  1774.   570.
  1989.   678.   426.  1100.  2155.  1893.  1875.  1340.  1288.  1056.]
149 [ 1388.  1608.   772.  1211.  1720.  1866.  1139.  1450.  2633.  1851.
  1874.  1553.  1326.  2037.  1547.  1732.  1910.  1451.  1317.  1059.
  2023.  1776.  1648.  1202.  1381.  1264.  1503.  1620.  1769.   570.
  1989.   678.   427.  1100.  2155.  1891.  1876.  1340.  1288.  1056.]
150 [ 1387.  1608.   772.  1213.  1720.  1866.  1140.  1450.  2635.  1851.
  1874.  1553.  1326.  2037.  1547.  1732.  1910.  1451.  1317.  1059.
  2023.  1776.  1648.  1202.  1381.  1264.  1503.  1620.  1766.   571.
  1989.   678.   427.  1100.  2155.  1890.  1876.  1340.  1287.  1056.]
151 [ 1386.  1608.   773.  1217.  1720.  1866.  1141.  1450.  2636.  1851.
  1874.  1553.  1326.  2037.  1547.  1732.  1910.  1451.  1317.  1058.
  2023.  1776.  1648.  1202.  1381.  1264.  1503.  1619.  1765.   571.
  1989.   678.   427.  1100.  2155.  1887.  1876.  1340.  1287.  1056.]
152 [ 1386.  1609.   772.  1218.  1720.  1866.  1142.  1450.  2636.  1852.
  1874.  1553.  1326.  2037.  1547.  1732.  1910.  1451.  1317.  1058.
  2023.  1776.  1648.  1202.  1381.  1264.  1503.  1620.  1762.   571.
  1989.   678.   427.  1100.  2155.  1887.  1875.  1340.  1287.  1056.]
153 [ 1386.  1609.   772.  1219.  1720.  1866.  1142.  1451.  2635.  1856.
  1873.  1553.  1326.  2037.  1547.  1732.  1910.  1451.  1317.  1058.
  2023.  1776.  1648.  1202.  1381.  1264.  1503.  1621.  1761.   571.
  1989.   678.   427.  1100.  2155.  1883.  1875.  1340.  1287.  1056.]
154 [ 1386.  1609.   772.  1220.  1720.  1866.  1142.  1450.  2638.  1857.
  1873.  1553.  1326.  2037.  1547.  1732.  1910.  1451.  1317.  1057.
  2023.  1776.  1648.  1202.  1382.  1264.  1503.  1621.  1763.   571.
  1989.   678.   428.  1100.  2155.  1877.  1875.  1340.  1286.  1056.]
155 [ 1386.  1610.   773.  1221.  1720.  1867.  1142.  1450.  2635.  1857.
  1873.  1553.  1326.  2038.  1547.  1732.  1910.  1451.  1317.  1059.
  2023.  1776.  1648.  1202.  1383.  1264.  1502.  1622.  1763.   571.
  1989.   678.   428.  1100.  2155.  1872.  1875.  1340.  1286.  1056.]
156 [ 1386.  1610.   774.  1223.  1720.  1866.  1142.  1450.  2635.  1857.
  1873.  1553.  1326.  2039.  1547.  1732.  1910.  1451.  1317.  1059.
  2023.  1776.  1648.  1202.  1383.  1264.  1502.  1621.  1762.   571.
  1989.   678.   428.  1100.  2155.  1871.  1875.  1340.  1286.  1056.]
157 [ 1386.  1610.   774.  1223.  1720.  1866.  1142.  1449.  2636.  1857.
  1873.  1553.  1326.  2039.  1547.  1732.  1911.  1451.  1317.  1060.
  2023.  1776.  1648.  1202.  1383.  1264.  1502.  1620.  1763.   571.
  1989.   678.   428.  1100.  2155.  1869.  1875.  1340.  1286.  1056.]
158 [ 1386.  1610.   774.  1223.  1720.  1866.  1141.  1448.  2637.  1857.
  1873.  1553.  1326.  2039.  1547.  1732.  1911.  1451.  1317.  1060.
  2023.  1776.  1648.  1202.  1383.  1264.  1502.  1620.  1763.   571.
  1989.   678.   428.  1100.  2156.  1869.  1875.  1340.  1286.  1056.]
159 [ 1386.  1610.   774.  1228.  1720.  1866.  1140.  1448.  2638.  1857.
  1873.  1553.  1326.  2039.  1547.  1732.  1911.  1451.  1317.  1059.
  2023.  1776.  1648.  1202.  1383.  1264.  1502.  1619.  1763.   571.
  1989.   678.   428.  1100.  2156.  1866.  1875.  1340.  1286.  1056.]
160 [ 1385.  1610.   776.  1230.  1720.  1866.  1142.  1448.  2638.  1856.
  1873.  1553.  1326.  2039.  1547.  1732.  1911.  1451.  1317.  1058.
  2023.  1776.  1648.  1202.  1383.  1264.  1502.  1619.  1762.   571.
  1989.   678.   428.  1099.  2156.  1865.  1875.  1340.  1286.  1056.]
161 [ 1385.  1610.   777.  1230.  1720.  1866.  1141.  1448.  2639.  1855.
  1873.  1553.  1326.  2039.  1547.  1732.  1911.  1451.  1317.  1058.
  2023.  1776.  1648.  1202.  1383.  1264.  1503.  1619.  1762.   571.
  1989.   678.   428.  1098.  2156.  1865.  1875.  1340.  1286.  1056.]
162 [ 1385.  1610.   774.  1230.  1720.  1866.  1141.  1448.  2642.  1854.
  1873.  1553.  1326.  2039.  1547.  1731.  1911.  1451.  1317.  1060.
  2023.  1776.  1648.  1202.  1383.  1264.  1503.  1620.  1762.   571.
  1989.   678.   429.  1097.  2156.  1864.  1875.  1340.  1286.  1056.]
163 [ 1385.  1610.   775.  1230.  1720.  1866.  1141.  1448.  2644.  1853.
  1873.  1553.  1326.  2039.  1547.  1731.  1911.  1451.  1317.  1060.
  2023.  1776.  1649.  1202.  1383.  1264.  1503.  1619.  1763.   571.
  1989.   678.   429.  1095.  2156.  1862.  1876.  1340.  1286.  1056.]
164 [ 1385.  1611.   774.  1231.  1720.  1866.  1139.  1447.  2647.  1851.
  1873.  1553.  1326.  2039.  1547.  1731.  1911.  1451.  1317.  1060.
  2023.  1776.  1649.  1202.  1383.  1264.  1503.  1618.  1763.   572.
  1989.   678.   430.  1095.  2156.  1861.  1876.  1340.  1286.  1057.]
165 [ 1385.  1610.   776.  1232.  1720.  1866.  1138.  1447.  2649.  1852.
  1873.  1553.  1326.  2039.  1548.  1731.  1911.  1451.  1317.  1059.
  2023.  1776.  1649.  1202.  1383.  1264.  1503.  1619.  1762.   569.
  1989.   678.   430.  1095.  2156.  1860.  1876.  1340.  1286.  1057.]
166 [ 1384.  1609.   777.  1231.  1719.  1866.  1140.  1447.  2652.  1852.
  1873.  1553.  1326.  2039.  1548.  1731.  1911.  1451.  1317.  1061.
  2023.  1776.  1649.  1202.  1383.  1264.  1503.  1620.  1762.   567.
  1989.   678.   430.  1094.  2156.  1858.  1876.  1340.  1286.  1057.]
167 [ 1383.  1609.   777.  1230.  1719.  1866.  1141.  1447.  2652.  1853.
  1873.  1553.  1326.  2039.  1548.  1731.  1911.  1451.  1317.  1061.
  2023.  1776.  1650.  1202.  1383.  1264.  1503.  1620.  1762.   569.
  1989.   678.   429.  1093.  2156.  1857.  1876.  1340.  1286.  1057.]
168 [ 1381.  1609.   778.  1229.  1719.  1867.  1140.  1447.  2648.  1856.
  1873.  1553.  1326.  2039.  1548.  1731.  1911.  1451.  1317.  1063.
  2024.  1776.  1649.  1202.  1383.  1264.  1503.  1618.  1762.   570.
  1989.   678.   428.  1094.  2156.  1859.  1876.  1340.  1286.  1057.]
169 [ 1381.  1610.   779.  1229.  1719.  1867.  1141.  1446.  2646.  1854.
  1873.  1553.  1326.  2039.  1548.  1730.  1911.  1451.  1317.  1064.
  2024.  1777.  1649.  1202.  1383.  1264.  1503.  1619.  1762.   571.
  1989.   678.   428.  1095.  2155.  1858.  1876.  1340.  1286.  1057.]
170 [ 1380.  1609.   779.  1229.  1719.  1867.  1143.  1446.  2644.  1857.
  1873.  1553.  1326.  2039.  1548.  1730.  1912.  1451.  1317.  1063.
  2024.  1777.  1649.  1202.  1383.  1264.  1503.  1619.  1762.   571.
  1989.   678.   428.  1095.  2155.  1857.  1876.  1340.  1286.  1057.]
171 [ 1379.  1609.   779.  1231.  1719.  1867.  1143.  1446.  2641.  1861.
  1873.  1553.  1326.  2039.  1548.  1730.  1912.  1451.  1317.  1064.
  2024.  1777.  1648.  1202.  1383.  1264.  1503.  1619.  1762.   571.
  1989.   678.   428.  1095.  2155.  1855.  1876.  1340.  1286.  1057.]
172 [ 1378.  1608.   779.  1233.  1719.  1867.  1141.  1446.  2640.  1864.
  1874.  1553.  1326.  2039.  1548.  1730.  1912.  1451.  1317.  1064.
  2024.  1777.  1648.  1202.  1383.  1264.  1503.  1619.  1762.   571.
  1989.   678.   428.  1095.  2155.  1854.  1876.  1340.  1286.  1057.]
173 [ 1378.  1608.   780.  1234.  1719.  1868.  1142.  1446.  2639.  1864.
  1874.  1553.  1326.  2039.  1548.  1730.  1912.  1451.  1317.  1064.
  2024.  1777.  1648.  1202.  1383.  1264.  1503.  1619.  1762.   571.
  1989.   678.   428.  1095.  2155.  1851.  1876.  1340.  1286.  1057.]
174 [ 1377.  1610.   781.  1234.  1719.  1869.  1144.  1444.  2638.  1864.
  1874.  1553.  1326.  2039.  1548.  1730.  1912.  1450.  1317.  1064.
  2024.  1777.  1648.  1202.  1383.  1264.  1504.  1619.  1762.   571.
  1989.   678.   428.  1095.  2155.  1849.  1876.  1340.  1286.  1057.]
175 [ 1378.  1609.   780.  1234.  1719.  1869.  1145.  1443.  2638.  1865.
  1874.  1553.  1326.  2039.  1548.  1730.  1912.  1450.  1317.  1064.
  2024.  1777.  1648.  1202.  1383.  1264.  1505.  1619.  1762.   571.
  1989.   678.   428.  1095.  2155.  1848.  1876.  1340.  1286.  1057.]
176 [ 1378.  1608.   781.  1234.  1719.  1869.  1145.  1441.  2638.  1865.
  1874.  1553.  1326.  2039.  1548.  1730.  1912.  1450.  1317.  1064.
  2024.  1777.  1648.  1202.  1383.  1264.  1505.  1619.  1762.   570.
  1989.   678.   428.  1095.  2155.  1851.  1876.  1340.  1286.  1057.]
177 [ 1377.  1608.   781.  1234.  1719.  1869.  1145.  1441.  2639.  1865.
  1874.  1553.  1326.  2039.  1548.  1730.  1912.  1450.  1317.  1064.
  2024.  1777.  1648.  1202.  1383.  1264.  1505.  1619.  1761.   570.
  1989.   678.   428.  1095.  2155.  1852.  1876.  1340.  1286.  1057.]
178 [ 1377.  1608.   781.  1235.  1719.  1869.  1145.  1441.  2636.  1867.
  1874.  1553.  1326.  2039.  1548.  1730.  1912.  1450.  1317.  1064.
  2024.  1777.  1648.  1202.  1383.  1264.  1505.  1619.  1761.   570.
  1989.   678.   428.  1095.  2156.  1851.  1876.  1340.  1286.  1057.]
179 [ 1377.  1608.   781.  1236.  1719.  1868.  1145.  1441.  2635.  1869.
  1874.  1553.  1326.  2039.  1548.  1730.  1912.  1450.  1317.  1064.
  2024.  1777.  1648.  1202.  1383.  1264.  1505.  1620.  1761.   570.
  1989.   678.   428.  1095.  2156.  1849.  1876.  1340.  1286.  1057.]
180 [ 1377.  1607.   781.  1237.  1719.  1868.  1145.  1441.  2638.  1869.
  1874.  1553.  1326.  2039.  1548.  1730.  1912.  1450.  1317.  1064.
  2024.  1777.  1648.  1202.  1383.  1264.  1505.  1620.  1758.   570.
  1989.   678.   428.  1095.  2156.  1849.  1876.  1340.  1286.  1057.]
181 [ 1377.  1607.   780.  1237.  1719.  1868.  1144.  1443.  2642.  1869.
  1874.  1553.  1326.  2039.  1548.  1730.  1912.  1450.  1317.  1064.
  2024.  1777.  1648.  1202.  1383.  1264.  1505.  1620.  1757.   570.
  1989.   678.   428.  1095.  2156.  1846.  1876.  1340.  1286.  1057.]
182 [ 1377.  1608.   781.  1239.  1719.  1868.  1145.  1443.  2643.  1870.
  1874.  1553.  1326.  2039.  1548.  1729.  1912.  1450.  1317.  1064.
  2024.  1777.  1648.  1202.  1383.  1264.  1505.  1620.  1757.   570.
  1989.   678.   428.  1094.  2156.  1841.  1876.  1340.  1286.  1057.]
183 [ 1376.  1608.   780.  1239.  1719.  1868.  1144.  1443.  2643.  1871.
  1874.  1553.  1326.  2039.  1548.  1729.  1912.  1450.  1317.  1065.
  2024.  1777.  1648.  1202.  1383.  1264.  1505.  1620.  1756.   570.
  1990.   678.   428.  1094.  2156.  1842.  1876.  1340.  1286.  1057.]
184 [ 1376.  1609.   781.  1238.  1719.  1868.  1145.  1443.  2642.  1871.
  1874.  1553.  1326.  2039.  1549.  1729.  1912.  1450.  1317.  1064.
  2024.  1777.  1648.  1202.  1383.  1264.  1505.  1620.  1755.   570.
  1990.   678.   428.  1094.  2156.  1842.  1876.  1340.  1286.  1057.]
185 [ 1376.  1610.   779.  1237.  1719.  1868.  1145.  1445.  2642.  1871.
  1874.  1553.  1326.  2039.  1549.  1729.  1912.  1450.  1317.  1064.
  2024.  1777.  1648.  1202.  1383.  1264.  1505.  1621.  1756.   570.
  1989.   678.   429.  1094.  2156.  1840.  1876.  1340.  1286.  1057.]
186 [ 1377.  1612.   781.  1239.  1719.  1868.  1145.  1446.  2641.  1871.
  1874.  1553.  1326.  2039.  1549.  1729.  1912.  1450.  1317.  1064.
  2024.  1777.  1647.  1202.  1382.  1264.  1505.  1621.  1755.   569.
  1988.   678.   429.  1094.  2156.  1838.  1876.  1340.  1286.  1057.]
187 [ 1377.  1612.   780.  1240.  1719.  1868.  1146.  1447.  2640.  1871.
  1873.  1553.  1326.  2039.  1549.  1729.  1912.  1450.  1317.  1065.
  2024.  1777.  1647.  1202.  1381.  1264.  1505.  1623.  1754.   568.
  1988.   678.   429.  1094.  2156.  1838.  1876.  1340.  1286.  1057.]
188 [ 1377.  1612.   778.  1241.  1720.  1868.  1147.  1446.  2640.  1871.
  1871.  1553.  1326.  2039.  1549.  1729.  1912.  1450.  1317.  1067.
  2024.  1777.  1647.  1202.  1381.  1264.  1505.  1625.  1753.   566.
  1988.   678.   429.  1094.  2157.  1838.  1876.  1340.  1286.  1057.]
189 [ 1377.  1611.   777.  1241.  1721.  1868.  1147.  1448.  2641.  1871.
  1867.  1553.  1326.  2038.  1549.  1729.  1912.  1450.  1317.  1071.
  2024.  1777.  1647.  1202.  1381.  1264.  1504.  1628.  1751.   567.
  1988.   678.   428.  1094.  2157.  1837.  1876.  1340.  1286.  1057.]
190 [ 1377.  1611.   774.  1244.  1721.  1868.  1147.  1449.  2641.  1871.
  1865.  1553.  1326.  2038.  1549.  1729.  1911.  1451.  1317.  1073.
  2025.  1777.  1647.  1202.  1381.  1264.  1504.  1630.  1751.   567.
  1987.   678.   428.  1093.  2157.  1835.  1876.  1340.  1286.  1057.]
191 [ 1377.  1611.   773.  1247.  1721.  1868.  1146.  1447.  2642.  1871.
  1863.  1553.  1326.  2038.  1549.  1729.  1911.  1452.  1317.  1071.
  2025.  1777.  1647.  1203.  1380.  1263.  1504.  1631.  1755.   569.
  1987.   678.   427.  1092.  2158.  1833.  1876.  1340.  1286.  1057.]
192 [ 1377.  1612.   772.  1249.  1722.  1868.  1145.  1446.  2641.  1871.
  1861.  1553.  1326.  2038.  1549.  1729.  1911.  1452.  1317.  1071.
  2025.  1777.  1647.  1203.  1380.  1263.  1503.  1631.  1755.   570.
  1987.   678.   428.  1092.  2158.  1833.  1877.  1340.  1286.  1057.]
193 [ 1377.  1612.   771.  1249.  1722.  1868.  1143.  1446.  2642.  1871.
  1861.  1553.  1326.  2038.  1549.  1729.  1911.  1452.  1317.  1072.
  2025.  1777.  1647.  1203.  1380.  1263.  1504.  1630.  1756.   571.
  1986.   678.   427.  1092.  2158.  1834.  1877.  1340.  1286.  1057.]
194 [ 1377.  1613.   770.  1249.  1721.  1867.  1143.  1446.  2643.  1871.
  1860.  1554.  1326.  2038.  1549.  1728.  1911.  1452.  1317.  1072.
  2025.  1777.  1647.  1203.  1380.  1263.  1504.  1633.  1758.   570.
  1986.   678.   427.  1092.  2158.  1832.  1877.  1340.  1286.  1057.]
195 [ 1378.  1615.   770.  1249.  1720.  1867.  1143.  1444.  2643.  1871.
  1859.  1554.  1326.  2038.  1549.  1729.  1911.  1452.  1317.  1070.
  2025.  1777.  1646.  1203.  1381.  1264.  1504.  1634.  1758.   570.
  1987.   678.   427.  1092.  2158.  1830.  1878.  1340.  1286.  1057.]
196 [ 1379.  1617.   770.  1249.  1720.  1867.  1143.  1442.  2643.  1871.
  1859.  1554.  1326.  2039.  1549.  1729.  1911.  1452.  1317.  1071.
  2025.  1777.  1646.  1203.  1381.  1264.  1504.  1634.  1756.   568.
  1987.   678.   427.  1092.  2158.  1831.  1878.  1340.  1286.  1057.]
197 [ 1380.  1620.   770.  1249.  1720.  1867.  1143.  1440.  2643.  1871.
  1858.  1554.  1326.  2039.  1549.  1729.  1911.  1451.  1317.  1069.
  2025.  1777.  1646.  1203.  1381.  1265.  1503.  1636.  1755.   569.
  1987.   678.   426.  1092.  2158.  1832.  1878.  1340.  1286.  1057.]
198 [ 1380.  1619.   769.  1249.  1720.  1867.  1143.  1439.  2644.  1872.
  1858.  1554.  1326.  2039.  1549.  1729.  1912.  1451.  1317.  1069.
  2025.  1777.  1646.  1203.  1381.  1265.  1503.  1635.  1757.   570.
  1987.   678.   426.  1092.  2158.  1831.  1878.  1340.  1285.  1057.]
199 [ 1380.  1619.   768.  1249.  1720.  1868.  1143.  1437.  2645.  1872.
  1858.  1554.  1326.  2039.  1549.  1729.  1912.  1451.  1317.  1068.
  2025.  1777.  1646.  1203.  1381.  1265.  1503.  1635.  1760.   570.
  1987.   678.   426.  1092.  2158.  1830.  1878.  1340.  1285.  1057.]
200 [ 1380.  1619.   769.  1249.  1720.  1868.  1143.  1438.  2645.  1872.
  1858.  1554.  1326.  2039.  1549.  1729.  1912.  1451.  1317.  1066.
  2025.  1777.  1646.  1203.  1381.  1265.  1503.  1634.  1759.   570.
  1987.   678.   426.  1092.  2158.  1832.  1878.  1340.  1285.  1057.]
201 [ 1380.  1619.   769.  1249.  1720.  1868.  1143.  1438.  2645.  1872.
  1858.  1554.  1326.  2039.  1549.  1729.  1912.  1451.  1317.  1067.
  2025.  1777.  1646.  1203.  1381.  1265.  1503.  1634.  1759.   570.
  1987.   678.   425.  1092.  2158.  1832.  1878.  1340.  1285.  1057.]
202 [ 1380.  1619.   769.  1249.  1720.  1868.  1143.  1438.  2645.  1871.
  1858.  1554.  1326.  2039.  1550.  1729.  1911.  1451.  1317.  1066.
  2025.  1777.  1646.  1203.  1381.  1265.  1503.  1634.  1760.   570.
  1987.   678.   426.  1092.  2158.  1832.  1878.  1340.  1285.  1057.]
203 [ 1380.  1619.   769.  1249.  1720.  1868.  1143.  1438.  2645.  1871.
  1858.  1554.  1326.  2039.  1552.  1729.  1911.  1451.  1317.  1062.
  2025.  1777.  1646.  1203.  1381.  1265.  1504.  1634.  1759.   570.
  1987.   678.   427.  1092.  2158.  1833.  1878.  1340.  1285.  1057.]
204 [ 1380.  1619.   767.  1249.  1720.  1868.  1143.  1438.  2645.  1869.
  1858.  1554.  1326.  2039.  1553.  1729.  1911.  1451.  1317.  1065.
  2025.  1777.  1646.  1203.  1381.  1265.  1505.  1634.  1759.   569.
  1987.   678.   427.  1092.  2158.  1833.  1878.  1340.  1285.  1057.]
205 [ 1380.  1618.   765.  1249.  1720.  1868.  1143.  1438.  2645.  1868.
  1858.  1554.  1326.  2039.  1553.  1729.  1911.  1451.  1317.  1069.
  2025.  1777.  1646.  1203.  1381.  1265.  1504.  1634.  1760.   569.
  1987.   678.   427.  1092.  2158.  1833.  1878.  1340.  1285.  1057.]
206 [ 1380.  1618.   766.  1249.  1720.  1868.  1143.  1438.  2644.  1868.
  1858.  1554.  1326.  2039.  1553.  1729.  1911.  1451.  1317.  1068.
  2025.  1777.  1646.  1203.  1381.  1265.  1504.  1635.  1760.   569.
  1987.   678.   427.  1092.  2158.  1833.  1878.  1340.  1285.  1057.]
207 [ 1380.  1618.   766.  1249.  1720.  1868.  1143.  1438.  2643.  1869.
  1858.  1554.  1326.  2039.  1553.  1729.  1911.  1451.  1317.  1069.
  2025.  1777.  1646.  1203.  1381.  1265.  1504.  1635.  1760.   569.
  1987.   678.   427.  1092.  2158.  1833.  1877.  1340.  1285.  1057.]
208 [ 1380.  1618.   765.  1249.  1720.  1868.  1143.  1438.  2640.  1872.
  1858.  1554.  1326.  2039.  1553.  1729.  1911.  1451.  1317.  1070.
  2025.  1777.  1646.  1203.  1381.  1265.  1504.  1635.  1760.   569.
  1987.   678.   427.  1092.  2158.  1833.  1877.  1340.  1285.  1057.]
209 [ 1380.  1618.   764.  1248.  1720.  1868.  1143.  1438.  2641.  1871.
  1858.  1554.  1326.  2039.  1553.  1729.  1911.  1451.  1317.  1072.
  2025.  1777.  1647.  1203.  1381.  1264.  1504.  1635.  1760.   570.
  1987.   678.   426.  1092.  2158.  1833.  1877.  1340.  1285.  1057.]
210 [ 1380.  1618.   765.  1248.  1720.  1868.  1143.  1438.  2640.  1871.
  1858.  1554.  1326.  2039.  1553.  1729.  1911.  1451.  1317.  1073.
  2025.  1777.  1647.  1203.  1381.  1264.  1504.  1635.  1760.   569.
  1987.   678.   427.  1092.  2158.  1833.  1876.  1340.  1285.  1057.]
211 [ 1380.  1619.   764.  1248.  1720.  1868.  1143.  1438.  2640.  1870.
  1858.  1554.  1326.  2039.  1553.  1729.  1911.  1450.  1317.  1074.
  2025.  1777.  1647.  1203.  1381.  1264.  1504.  1635.  1760.   570.
  1987.   678.   427.  1092.  2158.  1833.  1876.  1340.  1285.  1057.]
[ 1380.  1619.   764.  1248.  1720.  1868.  1143.  1438.  2640.  1870.
  1858.  1554.  1326.  2039.  1553.  1729.  1911.  1450.  1317.  1074.
  2025.  1777.  1647.  1203.  1381.  1264.  1504.  1635.  1760.   570.
  1987.   678.   427.  1092.  2158.  1833.  1876.  1340.  1285.  1057.]
Time spent clustering :  25247.1543591
medians_random_cluster40
Digit: 0  Purity: 92.3% SD: 1716.3  Count: 5718
Digit: 1  Purity: 87.2% SD: 1066.7  Count: 7476
Digit: 2  Purity: 77.5% SD: 1828.7  Count: 6181
Digit: 3  Purity: 66.1% SD: 1693.9  Count: 6767
Digit: 4  Purity: 64.8% SD: 1690.4  Count: 5249
Digit: 5  Purity: 62.4% SD: 1788.0  Count: 6531
Digit: 6  Purity: 88.3% SD: 1640.0  Count: 6016
Digit: 7  Purity: 71.0% SD: 1481.4  Count: 7682
Digit: 8  Purity: 89.6% SD: 1711.8  Count: 3907
Digit: 9  Purity: 60.1% SD: 1502.1  Count: 4473
Our accuracy in predicting test data for k = 40 was 77.2177217722 %
Time spent testing :  34.4597840309
