18 medians kplusplus 100
0 [ 1723.  4843.  4877.  4141.  2797.  3119.  3628.  1908.  4736.  2911.
  5706.  3252.  4869.  2511.  1216.  1832.  2182.  3749.]
1 [ 1614.  5064.  4414.  4341.  2773.  3019.  4374.  1986.  4840.  3053.
  4774.  3386.  4514.  2445.  1365.  2179.  2088.  3771.]
2 [ 1521.  5172.  4371.  4426.  2725.  2811.  4400.  1966.  5027.  3178.
  4236.  3444.  4440.  2394.  1449.  2454.  2149.  3837.]
3 [ 1460.  5256.  4438.  4464.  2741.  2663.  4389.  1936.  5049.  3259.
  3950.  3482.  4469.  2330.  1495.  2616.  2210.  3793.]
4 [ 1503.  5237.  4460.  4514.  2779.  2554.  4428.  1903.  4965.  3325.
  3841.  3501.  4545.  2269.  1527.  2737.  2237.  3675.]
5 [ 1563.  5177.  4451.  4566.  2847.  2478.  4507.  1869.  4671.  3374.
  3844.  3540.  4629.  2223.  1548.  2845.  2259.  3609.]
6 [ 1604.  5095.  4432.  4603.  2922.  2445.  4583.  1852.  4115.  3445.
  3910.  3634.  4809.  2191.  1568.  2957.  2287.  3548.]
7 [ 1635.  4997.  4450.  4627.  2972.  2427.  4642.  1840.  3610.  3523.
  3964.  3702.  4987.  2158.  1578.  3067.  2285.  3536.]
8 [ 1656.  4856.  4479.  4646.  3018.  2413.  4690.  1843.  3173.  3568.
  4014.  3780.  5131.  2130.  1589.  3228.  2285.  3501.]
9 [ 1678.  4738.  4542.  4676.  3054.  2409.  4702.  1842.  2734.  3609.
  4053.  3855.  5253.  2110.  1577.  3396.  2287.  3485.]
10 [ 1697.  4579.  4599.  4677.  3055.  2417.  4698.  1842.  2379.  3636.
  4066.  3907.  5391.  2097.  1577.  3607.  2277.  3499.]
11 [ 1708.  4413.  4635.  4641.  3033.  2412.  4699.  1843.  2172.  3644.
  4083.  3940.  5516.  2091.  1583.  3833.  2255.  3499.]
12 [ 1719.  4214.  4633.  4596.  3016.  2412.  4683.  1856.  2060.  3646.
  4086.  3966.  5587.  2087.  1581.  4107.  2238.  3513.]
13 [ 1723.  4028.  4636.  4515.  3000.  2412.  4660.  1861.  1976.  3648.
  4068.  3986.  5660.  2090.  1578.  4431.  2222.  3506.]
14 [ 1731.  3884.  4647.  4477.  2975.  2410.  4618.  1871.  1920.  3642.
  4053.  3994.  5695.  2092.  1576.  4697.  2198.  3520.]
15 [ 1741.  3751.  4645.  4454.  2952.  2408.  4576.  1880.  1859.  3642.
  4019.  4011.  5705.  2097.  1574.  4952.  2180.  3554.]
16 [ 1754.  3670.  4644.  4435.  2921.  2402.  4566.  1874.  1793.  3644.
  4001.  4033.  5701.  2102.  1585.  5142.  2163.  3570.]
17 [ 1762.  3572.  4648.  4420.  2897.  2401.  4559.  1878.  1731.  3642.
  3993.  4054.  5699.  2108.  1585.  5282.  2133.  3636.]
18 [ 1775.  3523.  4627.  4409.  2878.  2395.  4553.  1873.  1670.  3644.
  3969.  4065.  5703.  2117.  1576.  5375.  2112.  3736.]
19 [ 1785.  3444.  4614.  4388.  2861.  2391.  4557.  1879.  1587.  3648.
  3946.  4088.  5698.  2128.  1583.  5479.  2087.  3837.]
20 [ 1785.  3364.  4577.  4396.  2843.  2388.  4563.  1879.  1495.  3666.
  3910.  4103.  5668.  2139.  1588.  5552.  2079.  4005.]
21 [ 1779.  3304.  4541.  4384.  2820.  2378.  4580.  1884.  1375.  3677.
  3888.  4135.  5652.  2146.  1597.  5621.  2093.  4146.]
22 [ 1771.  3256.  4507.  4379.  2796.  2363.  4602.  1888.  1238.  3692.
  3860.  4167.  5600.  2149.  1633.  5667.  2108.  4324.]
23 [ 1778.  3238.  4464.  4375.  2775.  2352.  4633.  1891.  1090.  3693.
  3850.  4199.  5567.  2147.  1672.  5652.  2139.  4485.]
24 [ 1786.  3220.  4424.  4388.  2756.  2348.  4660.  1891.   947.  3693.
  3886.  4247.  5542.  2141.  1717.  5661.  2187.  4506.]
25 [ 1794.  3176.  4394.  4388.  2738.  2344.  4694.  1889.   813.  3674.
  3923.  4299.  5540.  2140.  1785.  5689.  2229.  4491.]
26 [ 1801.  3142.  4360.  4399.  2732.  2347.  4725.  1885.   692.  3653.
  3989.  4345.  5554.  2138.  1856.  5705.  2246.  4431.]
27 [ 1802.  3133.  4359.  4414.  2738.  2349.  4775.  1882.   592.  3638.
  4077.  4406.  5596.  2131.  1943.  5706.  2267.  4192.]
28 [ 1794.  3141.  4372.  4411.  2739.  2352.  4809.  1877.   532.  3635.
  4152.  4464.  5665.  2129.  2041.  5714.  2297.  3876.]
29 [ 1786.  3145.  4393.  4419.  2742.  2358.  4835.  1873.   562.  3626.
  4242.  4524.  5756.  2128.  2169.  5725.  2320.  3397.]
30 [ 1779.  3157.  4411.  4407.  2740.  2365.  4852.  1869.   743.  3621.
  4291.  4557.  5852.  2124.  2268.  5724.  2353.  2887.]
31 [ 1780.  3152.  4411.  4405.  2733.  2356.  4861.  1867.   930.  3597.
  4285.  4571.  5902.  2120.  2398.  5708.  2368.  2556.]
32 [ 1779.  3143.  4404.  4402.  2732.  2352.  4859.  1866.  1005.  3575.
  4257.  4574.  5923.  2118.  2572.  5695.  2351.  2393.]
33 [ 1783.  3136.  4402.  4393.  2724.  2340.  4855.  1864.  1029.  3556.
  4219.  4554.  5914.  2114.  2778.  5670.  2349.  2320.]
34 [ 1788.  3130.  4390.  4387.  2714.  2321.  4847.  1868.  1036.  3554.
  4177.  4534.  5895.  2112.  2966.  5659.  2360.  2262.]
35 [ 1794.  3131.  4373.  4376.  2710.  2304.  4844.  1874.  1018.  3548.
  4154.  4517.  5848.  2109.  3165.  5653.  2386.  2196.]
36 [ 1805.  3104.  4343.  4367.  2704.  2294.  4840.  1869.   989.  3560.
  4124.  4505.  5797.  2106.  3389.  5638.  2412.  2154.]
37 [ 1813.  3079.  4322.  4353.  2699.  2294.  4816.  1870.   968.  3582.
  4095.  4497.  5742.  2104.  3598.  5617.  2478.  2073.]
38 [ 1822.  3061.  4309.  4347.  2694.  2293.  4808.  1883.   948.  3606.
  4068.  4496.  5691.  2108.  3650.  5599.  2599.  2018.]
39 [ 1823.  3044.  4309.  4342.  2689.  2298.  4794.  1887.   921.  3629.
  4067.  4495.  5658.  2119.  3619.  5597.  2704.  2005.]
40 [ 1827.  3038.  4304.  4332.  2682.  2318.  4786.  1893.   903.  3634.
  4064.  4500.  5623.  2128.  3557.  5606.  2799.  2006.]
41 [ 1832.  3033.  4298.  4316.  2676.  2335.  4776.  1890.   889.  3642.
  4057.  4499.  5601.  2135.  3544.  5607.  2865.  2005.]
42 [ 1828.  3035.  4289.  4316.  2675.  2365.  4771.  1895.   871.  3645.
  4048.  4497.  5570.  2142.  3525.  5615.  2912.  2001.]
43 [ 1822.  3023.  4288.  4322.  2674.  2387.  4775.  1897.   854.  3657.
  4048.  4491.  5556.  2148.  3509.  5617.  2930.  2002.]
44 [ 1822.  3017.  4293.  4323.  2675.  2405.  4773.  1900.   846.  3660.
  4048.  4480.  5540.  2155.  3497.  5625.  2923.  2018.]
45 [ 1819.  3015.  4293.  4318.  2671.  2431.  4776.  1897.   843.  3657.
  4047.  4470.  5529.  2157.  3483.  5626.  2928.  2040.]
46 [ 1819.  3008.  4290.  4319.  2670.  2446.  4775.  1898.   839.  3658.
  4049.  4466.  5520.  2161.  3482.  5630.  2924.  2046.]
47 [ 1816.  3002.  4288.  4319.  2673.  2462.  4774.  1900.   839.  3663.
  4046.  4463.  5501.  2166.  3478.  5630.  2923.  2057.]
48 [ 1816.  3003.  4284.  4314.  2672.  2470.  4772.  1898.   830.  3661.
  4044.  4456.  5474.  2169.  3491.  5631.  2928.  2087.]
49 [ 1814.  3004.  4281.  4308.  2673.  2479.  4769.  1897.   820.  3658.
  4041.  4457.  5461.  2170.  3493.  5633.  2935.  2107.]
50 [ 1814.  3007.  4278.  4304.  2676.  2493.  4767.  1899.   818.  3653.
  4041.  4459.  5448.  2169.  3482.  5637.  2932.  2123.]
51 [ 1814.  3011.  4272.  4309.  2676.  2511.  4764.  1895.   807.  3655.
  4040.  4458.  5432.  2169.  3496.  5640.  2926.  2125.]
52 [ 1813.  3014.  4270.  4305.  2677.  2525.  4761.  1896.   808.  3653.
  4040.  4452.  5424.  2170.  3486.  5640.  2922.  2144.]
53 [ 1811.  3015.  4272.  4303.  2678.  2538.  4763.  1896.   806.  3648.
  4039.  4447.  5407.  2171.  3500.  5642.  2923.  2141.]
54 [ 1813.  3020.  4270.  4299.  2680.  2556.  4765.  1895.   807.  3642.
  4030.  4445.  5380.  2170.  3526.  5644.  2912.  2146.]
55 [ 1813.  3021.  4251.  4299.  2675.  2564.  4767.  1895.   802.  3639.
  4023.  4443.  5354.  2171.  3541.  5639.  2905.  2198.]
56 [ 1813.  3022.  4234.  4297.  2673.  2570.  4768.  1897.   811.  3634.
  4025.  4438.  5326.  2171.  3549.  5641.  2907.  2224.]
57 [ 1808.  3025.  4229.  4294.  2677.  2571.  4769.  1898.   826.  3632.
  4021.  4431.  5298.  2171.  3560.  5643.  2914.  2233.]
58 [ 1806.  3028.  4209.  4294.  2678.  2569.  4775.  1901.   863.  3624.
  4014.  4422.  5277.  2171.  3567.  5642.  2913.  2247.]
59 [ 1807.  3027.  4180.  4286.  2674.  2573.  4779.  1900.   900.  3621.
  4001.  4405.  5252.  2170.  3579.  5642.  2917.  2287.]
60 [ 1808.  3029.  4157.  4280.  2671.  2579.  4787.  1897.   946.  3607.
  3989.  4383.  5231.  2168.  3608.  5644.  2920.  2296.]
61 [ 1808.  3036.  4129.  4280.  2673.  2578.  4791.  1897.   964.  3592.
  3976.  4360.  5198.  2168.  3644.  5642.  2929.  2335.]
62 [ 1809.  3038.  4110.  4289.  2666.  2582.  4803.  1897.   975.  3573.
  3962.  4336.  5170.  2169.  3655.  5647.  2933.  2386.]
63 [ 1810.  3035.  4092.  4295.  2662.  2584.  4817.  1898.   968.  3563.
  3949.  4322.  5158.  2169.  3681.  5647.  2948.  2402.]
64 [ 1812.  3038.  4077.  4298.  2659.  2585.  4831.  1904.   965.  3549.
  3936.  4303.  5156.  2170.  3720.  5647.  2954.  2396.]
65 [ 1815.  3047.  4065.  4304.  2655.  2586.  4840.  1904.   950.  3545.
  3929.  4299.  5151.  2173.  3716.  5651.  2972.  2398.]
66 [ 1817.  3055.  4048.  4309.  2654.  2583.  4845.  1907.   926.  3546.
  3924.  4292.  5152.  2175.  3736.  5648.  2992.  2391.]
67 [ 1819.  3058.  4037.  4321.  2653.  2581.  4844.  1910.   909.  3545.
  3926.  4298.  5158.  2176.  3724.  5647.  3019.  2375.]
68 [ 1820.  3064.  4026.  4324.  2654.  2587.  4843.  1907.   903.  3538.
  3932.  4300.  5169.  2178.  3689.  5659.  3041.  2366.]
69 [ 1820.  3068.  4011.  4329.  2659.  2591.  4841.  1904.   890.  3537.
  3940.  4295.  5179.  2179.  3646.  5657.  3082.  2372.]
70 [ 1821.  3072.  4002.  4331.  2666.  2596.  4838.  1904.   882.  3536.
  3949.  4288.  5185.  2180.  3591.  5656.  3108.  2395.]
71 [ 1821.  3069.  3994.  4337.  2674.  2599.  4838.  1905.   875.  3532.
  3953.  4280.  5187.  2180.  3557.  5658.  3139.  2402.]
72 [ 1820.  3072.  3998.  4340.  2678.  2610.  4843.  1906.   867.  3529.
  3955.  4276.  5192.  2181.  3507.  5659.  3157.  2410.]
73 [ 1818.  3078.  4001.  4351.  2682.  2618.  4842.  1907.   853.  3523.
  3960.  4274.  5196.  2181.  3477.  5658.  3171.  2410.]
74 [ 1817.  3086.  4005.  4356.  2678.  2621.  4847.  1906.   835.  3519.
  3965.  4271.  5209.  2181.  3451.  5651.  3187.  2415.]
75 [ 1816.  3089.  4006.  4364.  2673.  2627.  4860.  1904.   817.  3510.
  3972.  4266.  5213.  2181.  3417.  5645.  3195.  2445.]
76 [ 1816.  3092.  4015.  4369.  2673.  2629.  4868.  1903.   796.  3502.
  3978.  4254.  5219.  2182.  3382.  5648.  3209.  2465.]
77 [ 1815.  3100.  4022.  4372.  2674.  2632.  4871.  1902.   786.  3494.
  3982.  4250.  5218.  2183.  3336.  5645.  3225.  2493.]
78 [ 1812.  3111.  4023.  4375.  2679.  2633.  4874.  1901.   785.  3488.
  3988.  4244.  5241.  2183.  3252.  5645.  3253.  2513.]
79 [ 1807.  3111.  4031.  4367.  2677.  2634.  4875.  1900.   773.  3482.
  3985.  4240.  5258.  2183.  3211.  5648.  3284.  2534.]
80 [ 1805.  3110.  4041.  4365.  2677.  2639.  4875.  1901.   770.  3474.
  3990.  4237.  5278.  2181.  3132.  5646.  3317.  2562.]
81 [ 1806.  3105.  4055.  4364.  2678.  2645.  4882.  1905.   774.  3468.
  3988.  4239.  5281.  2180.  3073.  5640.  3339.  2578.]
82 [ 1808.  3108.  4068.  4367.  2677.  2652.  4887.  1908.   785.  3466.
  3986.  4229.  5284.  2178.  3012.  5638.  3353.  2594.]
83 [ 1809.  3109.  4083.  4366.  2677.  2661.  4888.  1906.   790.  3467.
  3985.  4228.  5287.  2178.  2966.  5642.  3362.  2596.]
84 [ 1808.  3109.  4099.  4359.  2678.  2669.  4886.  1906.   796.  3468.
  3985.  4219.  5294.  2177.  2924.  5645.  3371.  2607.]
85 [ 1809.  3108.  4106.  4358.  2675.  2671.  4881.  1906.   802.  3470.
  3990.  4212.  5306.  2176.  2876.  5647.  3383.  2624.]
86 [ 1809.  3104.  4111.  4357.  2673.  2676.  4882.  1907.   808.  3469.
  3992.  4218.  5319.  2176.  2822.  5648.  3399.  2630.]
87 [ 1809.  3101.  4119.  4355.  2672.  2676.  4880.  1908.   806.  3470.
  3986.  4221.  5320.  2177.  2796.  5647.  3414.  2643.]
88 [ 1808.  3100.  4126.  4349.  2669.  2681.  4882.  1907.   805.  3469.
  3983.  4221.  5335.  2177.  2747.  5647.  3436.  2658.]
89 [ 1808.  3106.  4129.  4349.  2668.  2685.  4885.  1905.   811.  3471.
  3979.  4219.  5357.  2177.  2671.  5644.  3462.  2674.]
90 [ 1806.  3109.  4137.  4347.  2668.  2692.  4888.  1907.   813.  3469.
  3978.  4222.  5369.  2177.  2613.  5647.  3478.  2680.]
91 [ 1808.  3112.  4147.  4347.  2668.  2695.  4895.  1907.   827.  3467.
  3976.  4222.  5381.  2175.  2527.  5647.  3503.  2696.]
92 [ 1808.  3116.  4156.  4349.  2670.  2698.  4898.  1907.   841.  3467.
  3974.  4222.  5386.  2175.  2433.  5651.  3530.  2719.]
93 [ 1808.  3118.  4165.  4343.  2670.  2702.  4900.  1907.   854.  3466.
  3974.  4232.  5396.  2175.  2345.  5657.  3554.  2734.]
94 [ 1807.  3124.  4171.  4341.  2671.  2711.  4909.  1909.   863.  3468.
  3978.  4241.  5410.  2174.  2264.  5661.  3564.  2734.]
95 [ 1806.  3130.  4176.  4346.  2670.  2715.  4915.  1910.   865.  3468.
  3979.  4249.  5412.  2175.  2207.  5664.  3581.  2732.]
96 [ 1806.  3137.  4186.  4344.  2669.  2721.  4915.  1910.   867.  3467.
  3981.  4255.  5417.  2175.  2163.  5659.  3589.  2739.]
97 [ 1806.  3141.  4189.  4349.  2670.  2723.  4913.  1910.   877.  3466.
  3983.  4261.  5420.  2175.  2110.  5660.  3599.  2748.]
98 [ 1805.  3145.  4190.  4349.  2673.  2723.  4909.  1909.   887.  3467.
  3983.  4267.  5426.  2175.  2072.  5658.  3612.  2750.]
99 [ 1805.  3145.  4193.  4345.  2674.  2726.  4908.  1910.   892.  3468.
  3981.  4269.  5439.  2175.  2053.  5656.  3618.  2743.]
100 [ 1805.  3142.  4195.  4349.  2676.  2729.  4908.  1910.   894.  3468.
  3984.  4268.  5442.  2174.  2041.  5656.  3627.  2732.]
101 [ 1805.  3141.  4194.  4350.  2677.  2732.  4908.  1911.   893.  3469.
  3986.  4268.  5438.  2174.  2030.  5656.  3635.  2733.]
102 [ 1806.  3141.  4194.  4352.  2677.  2736.  4909.  1911.   893.  3469.
  3987.  4270.  5437.  2174.  2020.  5656.  3637.  2731.]
103 [ 1805.  3140.  4197.  4352.  2679.  2739.  4909.  1910.   892.  3468.
  3987.  4270.  5434.  2174.  2016.  5654.  3647.  2727.]
104 [ 1805.  3140.  4195.  4353.  2679.  2742.  4909.  1910.   893.  3469.
  3988.  4270.  5432.  2174.  2013.  5654.  3649.  2725.]
105 [ 1805.  3141.  4194.  4354.  2679.  2743.  4909.  1910.   892.  3472.
  3985.  4271.  5434.  2174.  2013.  5654.  3650.  2720.]
106 [ 1805.  3142.  4194.  4355.  2679.  2745.  4908.  1910.   891.  3472.
  3984.  4270.  5431.  2174.  2009.  5653.  3651.  2727.]
107 [ 1805.  3141.  4195.  4355.  2679.  2746.  4908.  1910.   891.  3472.
  3985.  4271.  5432.  2174.  2004.  5653.  3651.  2728.]
108 [ 1805.  3139.  4197.  4355.  2679.  2746.  4908.  1909.   891.  3472.
  3985.  4270.  5438.  2174.  2000.  5653.  3654.  2725.]
109 [ 1805.  3141.  4201.  4356.  2679.  2746.  4908.  1909.   891.  3472.
  3984.  4270.  5441.  2174.  1998.  5651.  3655.  2719.]
110 [ 1805.  3143.  4202.  4355.  2679.  2746.  4909.  1909.   890.  3472.
  3984.  4268.  5445.  2174.  1996.  5647.  3655.  2721.]
111 [ 1805.  3143.  4202.  4354.  2680.  2746.  4910.  1909.   891.  3472.
  3984.  4266.  5446.  2174.  1993.  5646.  3655.  2724.]
112 [ 1805.  3143.  4202.  4356.  2679.  2745.  4912.  1910.   893.  3472.
  3984.  4267.  5444.  2174.  1988.  5646.  3654.  2726.]
113 [ 1805.  3143.  4203.  4360.  2678.  2745.  4912.  1910.   892.  3472.
  3984.  4267.  5444.  2174.  1987.  5646.  3653.  2725.]
114 [ 1805.  3143.  4203.  4364.  2677.  2745.  4912.  1910.   889.  3472.
  3984.  4267.  5445.  2174.  1987.  5646.  3652.  2725.]
115 [ 1805.  3143.  4203.  4366.  2675.  2746.  4912.  1910.   889.  3472.
  3984.  4266.  5445.  2174.  1987.  5646.  3651.  2726.]
116 [ 1805.  3143.  4203.  4367.  2675.  2746.  4912.  1910.   889.  3472.
  3984.  4266.  5445.  2174.  1987.  5646.  3651.  2725.]
117 [ 1805.  3143.  4203.  4367.  2675.  2746.  4912.  1910.   889.  3472.
  3984.  4266.  5445.  2174.  1987.  5646.  3651.  2725.]
118 [ 1805.  3143.  4203.  4368.  2675.  2746.  4912.  1910.   889.  3472.
  3984.  4266.  5444.  2174.  1987.  5646.  3651.  2725.]
119 [ 1805.  3143.  4203.  4366.  2673.  2746.  4912.  1910.   889.  3472.
  3984.  4266.  5448.  2174.  1987.  5646.  3651.  2725.]
120 [ 1805.  3143.  4203.  4365.  2673.  2746.  4912.  1910.   889.  3472.
  3984.  4266.  5449.  2174.  1987.  5646.  3651.  2725.]
[ 1805.  3143.  4203.  4365.  2673.  2746.  4912.  1910.   889.  3472.
  3984.  4266.  5449.  2174.  1987.  5646.  3651.  2725.]
Time spent clustering :  8601.54710793
medians_kplusplus_cluster18
Digit: 0  Purity: 89.0% SD: 1814.3  Count: 5889
Digit: 1  Purity: 77.8% SD: 1286.9  Count: 8187
Digit: 2  Purity: 92.6% SD: 1976.9  Count: 3472
Digit: 3  Purity: 55.0% SD: 1861.2  Count: 8789
Digit: 4  Purity: 57.3% SD: 1847.6  Count: 4365
Digit: 5  Purity: 35.6% SD: 1802.6  Count: 2876
Digit: 6  Purity: 80.2% SD: 1758.5  Count: 6397
Digit: 7  Purity: 54.7% SD: 1648.1  Count: 9664
Digit: 8  Purity: 71.4% SD: 1816.9  Count: 4912
Digit: 9  Purity: 46.8% SD: 1648.5  Count: 5449
Our accuracy in predicting test data for k = 18 was 66.1866186619 %
Time spent testing :  17.7847819328
