10 medoids kplusplus 100
0 [ 15267.   4983.   3140.   4385.   4095.   3253.   6450.   4284.  10231.
   3912.]
1 [ 14406.   7201.   3040.   4109.   3809.   3630.   6022.   4222.   9025.
   4536.]
2 [ 14561.   7328.   3035.   4117.   3793.   3658.   6095.   4227.   9029.
   4157.]
[ 14561.   7328.   3035.   4117.   3793.   3658.   6095.   4227.   9029.
   4157.]
Time spent clustering :  1159.850245
medoids_kplusplus_cluster10
Digit: 0  Purity: 66.2% SD: 2106.4  Count: 7950
Digit: 1  Purity: 44.7% SD: 1800.3  Count: 14561
Digit: 2  Purity: 87.8% SD: 2155.5  Count: 3658
Digit: 3  Purity: 48.1% SD: 2077.0  Count: 7328
Digit: 4  Purity: 29.8% SD: 2040.3  Count: 9029
Digit: 5  Purity:  0.0% SD:    0.0  Count: 0
Digit: 6  Purity:  0.0% SD:    0.0  Count: 0
Digit: 7  Purity: 62.5% SD: 1733.5  Count: 7262
Digit: 8  Purity: 25.5% SD: 1937.9  Count: 6095
Digit: 9  Purity: 30.1% SD: 1990.0  Count: 4117
Our accuracy in predicting test data for k = 10 was 48.3648364836 %
Time spent testing :  65.4371600151
