19 medoids kplusplus 100
0 [ 3152.  3702.  2844.  1592.  3842.  1911.   721.  4515.  5066.  2958.
  3303.  7995.  1833.  2564.  2271.  1685.  2817.  2899.  4330.]
1 [ 3263.  3602.  2686.  1371.  4618.  1959.   878.  4486.  5557.  2886.
  2993.  7385.  2377.  2390.  2308.  1462.  3028.  2581.  4170.]
2 [ 3186.  3602.  2787.  1356.  4510.  1961.  1068.  4554.  5554.  2810.
  2988.  7384.  2371.  2396.  2304.  1465.  3035.  2595.  4074.]
[ 3186.  3602.  2787.  1356.  4510.  1961.  1068.  4554.  5554.  2810.
  2988.  7384.  2371.  2396.  2304.  1465.  3035.  2595.  4074.]
Time spent clustering :  2533.12596703
medoids_kplusplus_cluster19
Digit: 0  Purity: 75.4% SD: 2012.4  Count: 6715
Digit: 1  Purity: 56.0% SD: 1541.6  Count: 11938
Digit: 2  Purity: 86.3% SD: 2104.2  Count: 4357
Digit: 3  Purity: 64.0% SD: 2020.5  Count: 5554
Digit: 4  Purity: 51.8% SD: 2069.8  Count: 3186
Digit: 5  Purity: 58.1% SD: 1978.9  Count: 2595
Digit: 6  Purity: 83.5% SD: 1875.8  Count: 5906
Digit: 7  Purity: 65.0% SD: 1709.8  Count: 5597
Digit: 8  Purity: 66.9% SD: 1918.2  Count: 4500
Digit: 9  Purity: 39.2% SD: 1795.1  Count: 9652
Our accuracy in predicting test data for k = 19 was 63.7863786379 %
Time spent testing :  84.7154769897
