35 medoids kplusplus 100
0 [  898.  1137.   747.   923.   888.  3305.  4338.  6300.  3151.  1962.
  1111.  1627.   732.  1158.  1476.  2050.  2805.   542.  1061.  2139.
  2034.   814.   584.  1577.  1023.  1998.   470.  1886.  1695.   937.
   559.  1533.  1714.  2042.  2784.]
1 [  887.  2181.   754.   912.   982.  3018.  3579.  5690.  3636.  2439.
  1092.  1613.   700.  1169.  1397.  1697.  2685.   551.  1022.  1818.
  1814.   787.   616.  1404.  1941.  1950.   662.  2433.  1422.   925.
   564.  1526.  1693.  1851.  2590.]
2 [  873.  3142.   720.   906.  1259.  2991.  3037.  5639.  3626.  2402.
  1084.  1595.   690.  1150.  1395.  1522.  2538.   536.  1071.  1723.
  1641.   804.   664.  1368.  2146.  1950.   851.  2426.  1375.   938.
   560.  1401.  1692.  1701.  2584.]
3 [  872.  3115.   729.   905.  1259.  2976.  3038.  5299.  3643.  2413.
  1091.  1606.   697.  1148.  1395.  1525.  2538.   535.  1047.  1664.
  1542.   808.   657.  1407.  2241.  1950.  1166.  2427.  1430.   941.
   560.  1403.  1694.  1695.  2584.]
4 [  872.  3115.   737.   905.  1259.  2978.  3035.  5291.  3490.  2412.
  1093.  1607.   698.  1149.  1395.  1522.  2539.   535.  1047.  1660.
  1542.   808.   669.  1397.  2240.  1950.  1316.  2427.  1430.   944.
   560.  1403.  1694.  1697.  2584.]
5 [  873.  3113.   734.   904.  1259.  2973.  3035.  5280.  3264.  2413.
  1093.  1616.   697.  1149.  1398.  1524.  2537.   535.  1039.  1652.
  1542.   808.   671.  1403.  2240.  1950.  1565.  2427.  1430.   945.
   560.  1403.  1694.  1690.  2584.]
6 [  872.  3110.   738.   904.  1259.  2970.  3028.  4990.  3532.  2410.
  1094.  1599.   695.  1149.  1389.  1522.  2534.   532.  1037.  1586.
  1542.   808.   674.  1393.  2240.  1949.  1725.  2426.  1430.   946.
   560.  1402.  1694.  1681.  2580.]
7 [  873.  3108.   729.   902.  1259.  2970.  3021.  4953.  3292.  2408.
  1091.  1590.   695.  1149.  1388.  1522.  2524.   530.  1025.  1565.
  1542.   807.   683.  1390.  2239.  1949.  2077.  2426.  1430.   945.
   560.  1402.  1695.  1681.  2580.]
[  873.  3108.   729.   902.  1259.  2970.  3021.  4953.  3292.  2408.
  1091.  1590.   695.  1149.  1388.  1522.  2524.   530.  1025.  1565.
  1542.   807.   683.  1390.  2239.  1949.  2077.  2426.  1430.   945.
   560.  1402.  1695.  1681.  2580.]
Time spent clustering :  6593.60423899
medoids_kplusplus_cluster35
Digit: 0  Purity: 81.0% SD: 1943.0  Count: 6236
Digit: 1  Purity: 64.3% SD: 1386.8  Count: 10322
Digit: 2  Purity: 87.3% SD: 1995.4  Count: 4078
Digit: 3  Purity: 56.6% SD: 1942.7  Count: 7876
Digit: 4  Purity: 57.3% SD: 1834.2  Count: 7488
Digit: 5  Purity: 45.5% SD: 1888.9  Count: 3021
Digit: 6  Purity: 83.1% SD: 1842.5  Count: 5631
Digit: 7  Purity: 82.6% SD: 1639.0  Count: 5765
Digit: 8  Purity: 76.1% SD: 1881.4  Count: 3091
Digit: 9  Purity: 54.3% SD: 1718.9  Count: 6492
Our accuracy in predicting test data for k = 35 was 68.5168516852 %
Time spent testing :  108.30328083
