40 medoids random 100
0 [  712.   467.  2901.  1522.   588.   431.  2449.  1287.   631.  1852.
    68.  2622.   664.  1890.   768.  1709.   386.   395.   109.   835.
  1093.   849.  1312.  1077.  3878.   804.   784.  1642.  1071.   336.
  2535.  3311.   426.  3294.  4532.  3705.  1005.   735.   794.  4531.]
1 [ 1147.   445.  2954.  1158.  1415.   589.  1661.   636.  1052.  1277.
   376.  2651.   540.  2169.   820.  1497.   742.   548.   188.   658.
  1397.  1879.  1330.   943.  2508.  1485.   941.  1435.   904.  1315.
  2781.  2010.   208.  2603.  4025.  4128.  1520.  1630.   694.  3741.]
2 [ 1373.   630.  2849.   977.  1419.   590.  1448.   608.   970.  1255.
   921.  2252.   500.  2240.   829.  1382.   697.   534.   232.   644.
  1300.  1848.  1194.  1008.  2640.  1359.  1029.  1395.   884.  1784.
  2926.  1688.   417.  2495.  3733.  3755.  1593.  2217.   948.  3437.]
3 [ 1371.   637.  2849.   891.  1307.   592.  1449.   606.   965.  1264.
  1102.  2274.   499.  2115.  1459.  1380.   701.   546.   232.   644.
  1300.  1848.  1194.   920.  2644.  1358.  1029.  1377.   887.  1783.
  2926.  1703.   416.  2534.  3729.  3600.  1394.  2213.   944.  3318.]
[ 1371.   637.  2849.   891.  1307.   592.  1449.   606.   965.  1264.
  1102.  2274.   499.  2115.  1459.  1380.   701.   546.   232.   644.
  1300.  1848.  1194.   920.  2644.  1358.  1029.  1377.   887.  1783.
  2926.  1703.   416.  2534.  3729.  3600.  1394.  2213.   944.  3318.]
Time spent clustering :  450.943001986
medoids_random_cluster40
Digit: 0  Purity: 79.3% SD: 1888.0  Count: 6479
Digit: 1  Purity: 73.0% SD: 1290.1  Count: 8647
Digit: 2  Purity: 68.8% SD: 1940.3  Count: 6528
Digit: 3  Purity: 71.0% SD: 1948.7  Count: 4207
Digit: 4  Purity: 62.5% SD: 1860.5  Count: 5696
Digit: 5  Purity: 45.0% SD: 1852.4  Count: 7567
Digit: 6  Purity: 88.6% SD: 1775.0  Count: 4774
Digit: 7  Purity: 73.7% SD: 1619.7  Count: 5727
Digit: 8  Purity: 81.1% SD: 1885.5  Count: 3769
Digit: 9  Purity: 47.1% SD: 1710.5  Count: 6606
Our accuracy in predicting test data for k = 40 was 68.4568456846 %
Time spent testing :  34.9196279049
