35 medoids random 100
0 [  445.  1720.  1688.  1084.   713.   610.  1126.   530.  1480.   715.
   740.  4948.   571.  1282.  1825.  1427.  1128.   231.  1314.  2184.
   547.  2553.  1268.  2259.   589.  2994.  2291.  1845.   687.   508.
  8560.  2003.  4739.  2496.   900.]
1 [  522.  1689.  2709.  1201.  1082.   669.  1085.   779.  2130.   545.
   778.  3416.  1071.  1274.  1839.  1373.  1076.   252.  2032.  1145.
   808.  3214.  1464.  1856.   649.  2157.  1821.  1636.   731.   482.
  7730.  2620.  4999.  2330.   836.]
2 [  575.  1750.  2327.  1157.  1293.   808.  1083.   817.  2943.   505.
   763.  3114.  1119.  1460.  1821.  1389.  1055.   329.  2134.  1205.
   747.  3208.  1406.  1835.   665.  1643.  1745.  1624.   726.   551.
  7681.  2600.  4992.  2132.   798.]
3 [  575.  1750.  2340.  1160.  1365.   809.  1081.   817.  2957.   505.
   753.  3187.  1121.  1460.  1833.  1385.  1053.   330.  2132.  1150.
   751.  3205.  1396.  1840.   665.  2109.  1744.  1626.   727.   552.
  7390.  2588.  4713.  2137.   794.]
4 [  575.  1750.  2324.  1159.  1363.   809.  1083.   815.  2950.   505.
   756.  3133.  1128.  1460.  1871.  1383.  1057.   331.  2129.  1104.
   751.  3203.  1717.  1841.   662.  2490.  1744.  1617.   729.   550.
  6975.  2530.  4580.  2143.   783.]
5 [  590.  1746.  2171.  1370.  1345.   902.  1078.   821.  2895.   514.
   757.  3061.  1123.  1468.  1878.  1387.  1055.   331.  2084.  1090.
   792.  3168.  1685.  1839.   664.  2821.  1714.  1624.   731.   555.
  6810.  2528.  4544.  2080.   779.]
6 [  690.  1745.  2144.  1346.  1337.   893.  1078.   794.  2898.   492.
   761.  2615.  1178.  1460.  1969.  1380.  1056.   332.  2087.  1049.
   824.  3170.  1593.  1814.   661.  4199.  1705.  1592.   728.   552.
  5606.  2559.  4888.  2026.   779.]
7 [  823.  1748.  2154.  1325.  1323.   860.  1091.   790.  2873.   472.
   767.  2671.  1187.  1466.  2478.  1383.  1030.   337.  2087.  1070.
   782.  3183.  1438.  1753.   663.  3715.  1710.  1630.   734.   553.
  5695.  2552.  4848.  2023.   786.]
[  823.  1748.  2154.  1325.  1323.   860.  1091.   790.  2873.   472.
   767.  2671.  1187.  1466.  2478.  1383.  1030.   337.  2087.  1070.
   782.  3183.  1438.  1753.   663.  3715.  1710.  1630.   734.   553.
  5695.  2552.  4848.  2023.   786.]
Time spent clustering :  1035.98826194
medoids_random_cluster35
Digit: 0  Purity: 81.2% SD: 1890.5  Count: 6622
Digit: 1  Purity: 68.2% SD: 1403.5  Count: 9410
Digit: 2  Purity: 84.6% SD: 1984.1  Count: 5156
Digit: 3  Purity: 64.8% SD: 1870.2  Count: 6928
Digit: 4  Purity: 57.8% SD: 1850.9  Count: 5147
Digit: 5  Purity: 37.0% SD: 1879.3  Count: 5592
Digit: 6  Purity: 94.2% SD: 1803.3  Count: 4339
Digit: 7  Purity: 67.0% SD: 1682.5  Count: 4848
Digit: 8  Purity: 69.9% SD: 1925.1  Count: 5206
Digit: 9  Purity: 47.6% SD: 1765.9  Count: 6752
Our accuracy in predicting test data for k = 35 was 68.0468046805 %
Time spent testing :  30.7402260303
