30 means kplusplus 100
0 [ 1636.  2982.   516.  1454.  2034.  4961.  4121.   488.  2423.   459.
  3079.  1896.  1724.  1349.  3354.  1214.  3970.  2201.  1157.  1503.
   165.  4306.  1906.  2599.  2189.   397.   671.   529.  1963.  2754.]
1 [ 2305.  2807.   448.  1534.  1944.  4341.  3598.   872.  2065.   523.
  3085.  1874.  1596.  1390.  3345.  1388.  3628.  2159.  1184.  1672.
   312.  3923.  1848.  2448.  2368.   530.   808.   795.  2246.  2964.]
2 [ 2545.  2681.   504.  1579.  1925.  3807.  3154.  1243.  1967.   573.
  3099.  1832.  1538.  1382.  3408.  1592.  3429.  2160.  1144.  1781.
   481.  3634.  1874.  2329.  2665.   619.   905.  1036.  2425.  2689.]
3 [ 2654.  2590.   594.  1607.  1932.  3351.  2851.  1469.  1939.   611.
  3153.  1834.  1579.  1383.  3411.  1707.  3346.  2170.  1104.  1822.
   672.  3299.  1865.  2212.  2938.   732.   966.  1186.  2556.  2467.]
4 [ 2707.  2495.   627.  1587.  1912.  2979.  2696.  1602.  1991.   672.
  3211.  1843.  1662.  1373.  3365.  1784.  3204.  2183.  1096.  1897.
   905.  2989.  1859.  2187.  3114.   840.  1026.  1289.  2645.  2260.]
5 [ 2752.  2410.   646.  1560.  1909.  2649.  2647.  1661.  2138.   724.
  3264.  1861.  1773.  1377.  3297.  1840.  3025.  2206.  1091.  1976.
  1069.  2743.  1851.  2179.  3169.   925.  1070.  1359.  2682.  2147.]
6 [ 2804.  2336.   669.  1547.  1901.  2432.  2629.  1686.  2305.   761.
  3266.  1891.  1888.  1375.  3249.  1873.  2852.  2211.  1082.  2026.
  1186.  2583.  1846.  2218.  3170.   985.  1095.  1423.  2642.  2069.]
7 [ 2826.  2279.   693.  1527.  1912.  2315.  2627.  1700.  2419.   787.
  3260.  1921.  1970.  1372.  3214.  1892.  2730.  2213.  1076.  2055.
  1263.  2479.  1840.  2281.  3130.  1033.  1114.  1478.  2578.  2016.]
8 [ 2851.  2212.   710.  1519.  1924.  2259.  2633.  1688.  2486.   813.
  3230.  1954.  2020.  1358.  3187.  1900.  2641.  2201.  1080.  2067.
  1309.  2410.  1845.  2339.  3119.  1076.  1121.  1518.  2532.  1998.]
9 [ 2847.  2161.   715.  1511.  1937.  2217.  2644.  1681.  2533.   838.
  3209.  2003.  2063.  1343.  3181.  1905.  2551.  2180.  1096.  2078.
  1333.  2349.  1852.  2387.  3099.  1122.  1131.  1549.  2501.  1984.]
10 [ 2828.  2117.   723.  1504.  1953.  2174.  2640.  1678.  2567.   857.
  3186.  2088.  2096.  1340.  3176.  1914.  2474.  2144.  1103.  2076.
  1352.  2307.  1857.  2434.  3069.  1153.  1139.  1590.  2493.  1968.]
11 [ 2795.  2083.   733.  1497.  1967.  2146.  2635.  1670.  2617.   877.
  3154.  2197.  2115.  1335.  3180.  1920.  2383.  2114.  1105.  2081.
  1373.  2276.  1850.  2466.  3056.  1184.  1148.  1618.  2469.  1956.]
12 [ 2746.  2047.   739.  1498.  1988.  2130.  2624.  1655.  2630.   895.
  3099.  2308.  2132.  1340.  3201.  1910.  2305.  2081.  1101.  2077.
  1389.  2251.  1837.  2500.  3056.  1224.  1156.  1671.  2455.  1955.]
13 [ 2693.  2016.   738.  1498.  2007.  2123.  2612.  1647.  2634.   911.
  3054.  2416.  2135.  1341.  3205.  1915.  2213.  2057.  1103.  2084.
  1403.  2229.  1819.  2529.  3032.  1274.  1163.  1747.  2452.  1950.]
14 [ 2645.  1966.   740.  1491.  2023.  2146.  2623.  1636.  2630.   928.
  3001.  2500.  2147.  1340.  3218.  1927.  2114.  2036.  1108.  2091.
  1426.  2194.  1822.  2553.  3045.  1303.  1176.  1791.  2447.  1933.]
15 [ 2575.  1926.   744.  1481.  2034.  2139.  2632.  1629.  2636.   942.
  2960.  2583.  2156.  1334.  3238.  1928.  2058.  2021.  1118.  2098.
  1448.  2165.  1843.  2575.  3010.  1322.  1183.  1848.  2445.  1929.]
16 [ 2518.  1900.   747.  1468.  2038.  2141.  2641.  1629.  2633.   947.
  2939.  2648.  2158.  1337.  3239.  1936.  1980.  2018.  1128.  2101.
  1461.  2143.  1848.  2601.  2998.  1350.  1191.  1901.  2434.  1927.]
17 [ 2456.  1892.   750.  1457.  2054.  2145.  2650.  1631.  2648.   950.
  2942.  2676.  2155.  1330.  3235.  1943.  1924.  2005.  1138.  2113.
  1467.  2122.  1849.  2628.  2985.  1382.  1196.  1940.  2412.  1925.]
18 [ 2395.  1887.   753.  1448.  2053.  2144.  2663.  1643.  2659.   961.
  2940.  2706.  2164.  1324.  3242.  1940.  1884.  2008.  1148.  2124.
  1474.  2111.  1851.  2648.  2929.  1413.  1196.  1971.  2400.  1921.]
19 [ 2372.  1884.   755.  1446.  2048.  2142.  2686.  1656.  2652.   981.
  2951.  2713.  2167.  1325.  3252.  1946.  1857.  2004.  1147.  2131.
  1479.  2100.  1847.  2666.  2840.  1432.  1206.  1983.  2401.  1931.]
20 [ 2333.  1889.   758.  1438.  2048.  2144.  2704.  1674.  2651.  1010.
  2944.  2733.  2170.  1322.  3249.  1943.  1852.  2002.  1144.  2141.
  1481.  2093.  1838.  2681.  2751.  1438.  1217.  2028.  2391.  1933.]
21 [ 2301.  1909.   763.  1437.  2043.  2139.  2719.  1690.  2650.  1036.
  2952.  2740.  2182.  1315.  3254.  1932.  1872.  2007.  1142.  2150.
  1497.  2083.  1814.  2686.  2634.  1451.  1226.  2045.  2397.  1934.]
22 [ 2285.  1918.   763.  1434.  2031.  2138.  2734.  1702.  2649.  1057.
  2958.  2742.  2194.  1309.  3260.  1925.  1887.  2011.  1147.  2158.
  1507.  2079.  1790.  2690.  2536.  1470.  1236.  2061.  2401.  1928.]
23 [ 2254.  1917.   767.  1423.  2030.  2133.  2748.  1712.  2644.  1074.
  2973.  2744.  2206.  1308.  3263.  1921.  1912.  2004.  1154.  2168.
  1521.  2067.  1779.  2688.  2454.  1479.  1246.  2076.  2409.  1926.]
24 [ 2231.  1923.   769.  1411.  2030.  2127.  2758.  1727.  2641.  1088.
  2980.  2734.  2218.  1305.  3264.  1916.  1927.  1999.  1164.  2183.
  1515.  2061.  1748.  2689.  2410.  1501.  1254.  2094.  2410.  1923.]
25 [ 2212.  1949.   770.  1406.  2031.  2126.  2759.  1745.  2632.  1101.
  2990.  2721.  2228.  1305.  3268.  1911.  1942.  1993.  1158.  2200.
  1524.  2051.  1696.  2686.  2361.  1538.  1267.  2106.  2411.  1913.]
26 [ 2185.  1971.   767.  1405.  2028.  2127.  2754.  1769.  2630.  1113.
  2995.  2702.  2233.  1297.  3268.  1909.  1966.  1987.  1168.  2215.
  1530.  2044.  1649.  2690.  2319.  1573.  1268.  2127.  2403.  1908.]
27 [ 2165.  2002.   766.  1409.  2027.  2122.  2752.  1789.  2630.  1132.
  3006.  2693.  2233.  1294.  3262.  1900.  1983.  1989.  1170.  2221.
  1534.  2037.  1591.  2690.  2290.  1596.  1270.  2139.  2400.  1908.]
28 [ 2143.  2026.   766.  1411.  2029.  2116.  2758.  1813.  2620.  1156.
  3011.  2685.  2232.  1287.  3260.  1893.  2003.  1986.  1174.  2225.
  1529.  2029.  1529.  2690.  2271.  1615.  1272.  2155.  2403.  1913.]
29 [ 2135.  2044.   765.  1414.  2027.  2111.  2758.  1837.  2607.  1189.
  3025.  2687.  2239.  1281.  3264.  1889.  2018.  1977.  1175.  2229.
  1508.  2023.  1487.  2691.  2257.  1617.  1272.  2168.  2392.  1914.]
30 [ 2125.  2055.   762.  1412.  2026.  2110.  2760.  1865.  2585.  1208.
  3033.  2686.  2242.  1278.  3264.  1886.  2039.  1963.  1175.  2237.
  1491.  2020.  1454.  2691.  2247.  1625.  1273.  2167.  2406.  1915.]
31 [ 2113.  2067.   759.  1412.  2028.  2105.  2768.  1886.  2567.  1228.
  3034.  2681.  2244.  1277.  3271.  1886.  2061.  1961.  1175.  2230.
  1465.  2014.  1421.  2691.  2237.  1626.  1279.  2178.  2415.  1921.]
32 [ 2106.  2084.   758.  1408.  2028.  2102.  2773.  1915.  2542.  1246.
  3038.  2671.  2246.  1274.  3273.  1888.  2079.  1960.  1173.  2230.
  1440.  2010.  1392.  2693.  2223.  1627.  1283.  2186.  2434.  1918.]
33 [ 2098.  2078.   758.  1407.  2025.  2096.  2772.  1940.  2514.  1260.
  3044.  2662.  2252.  1270.  3279.  1884.  2093.  1960.  1177.  2231.
  1423.  2011.  1372.  2694.  2219.  1641.  1285.  2200.  2438.  1917.]
34 [ 2085.  2076.   757.  1404.  2025.  2091.  2767.  1966.  2501.  1269.
  3052.  2657.  2257.  1272.  3281.  1887.  2106.  1961.  1177.  2233.
  1414.  2014.  1353.  2698.  2201.  1656.  1286.  2214.  2440.  1900.]
35 [ 2081.  2066.   757.  1404.  2020.  2090.  2764.  1993.  2485.  1280.
  3068.  2653.  2254.  1268.  3278.  1880.  2114.  1966.  1182.  2232.
  1405.  2017.  1343.  2702.  2191.  1671.  1286.  2223.  2440.  1887.]
36 [ 2073.  2058.   757.  1405.  2019.  2093.  2761.  2019.  2477.  1287.
  3079.  2654.  2254.  1261.  3279.  1876.  2122.  1964.  1185.  2231.
  1401.  2020.  1331.  2705.  2178.  1683.  1288.  2229.  2438.  1873.]
37 [ 2071.  2041.   758.  1406.  2011.  2091.  2760.  2047.  2476.  1297.
  3084.  2655.  2253.  1256.  3272.  1872.  2125.  1969.  1182.  2229.
  1388.  2021.  1324.  2708.  2171.  1693.  1291.  2240.  2444.  1865.]
38 [ 2068.  2030.   757.  1404.  2010.  2086.  2760.  2069.  2469.  1308.
  3088.  2656.  2257.  1253.  3266.  1873.  2126.  1966.  1184.  2230.
  1376.  2023.  1319.  2711.  2165.  1702.  1289.  2241.  2457.  1857.]
39 [ 2066.  2021.   757.  1405.  2010.  2082.  2765.  2094.  2465.  1313.
  3093.  2652.  2257.  1251.  3257.  1871.  2131.  1967.  1183.  2230.
  1379.  2025.  1314.  2713.  2157.  1710.  1290.  2252.  2457.  1833.]
40 [ 2065.  2016.   758.  1407.  2006.  2078.  2767.  2105.  2475.  1318.
  3099.  2653.  2256.  1252.  3250.  1872.  2130.  1969.  1182.  2231.
  1383.  2023.  1311.  2715.  2152.  1716.  1288.  2264.  2438.  1821.]
41 [ 2067.  2009.   760.  1407.  2000.  2071.  2767.  2121.  2467.  1326.
  3109.  2649.  2256.  1252.  3249.  1869.  2131.  1968.  1180.  2235.
  1378.  2026.  1309.  2717.  2147.  1722.  1288.  2270.  2441.  1809.]
42 [ 2067.  2004.   760.  1407.  2000.  2070.  2768.  2134.  2466.  1331.
  3109.  2647.  2251.  1251.  3238.  1870.  2139.  1968.  1181.  2237.
  1376.  2028.  1308.  2718.  2138.  1721.  1287.  2290.  2440.  1796.]
43 [ 2071.  1999.   760.  1407.  1998.  2065.  2768.  2141.  2473.  1334.
  3126.  2648.  2248.  1252.  3230.  1870.  2136.  1964.  1181.  2238.
  1378.  2032.  1306.  2718.  2135.  1724.  1287.  2293.  2438.  1780.]
44 [ 2071.  1996.   761.  1407.  1997.  2061.  2767.  2148.  2484.  1334.
  3126.  2650.  2242.  1254.  3224.  1871.  2136.  1962.  1181.  2238.
  1372.  2032.  1305.  2719.  2128.  1724.  1288.  2303.  2435.  1784.]
45 [ 2073.  1990.   760.  1407.  1996.  2052.  2767.  2155.  2493.  1336.
  3130.  2651.  2238.  1251.  3223.  1871.  2136.  1960.  1184.  2242.
  1358.  2034.  1304.  2719.  2126.  1728.  1288.  2320.  2421.  1787.]
46 [ 2076.  1989.   760.  1408.  1995.  2041.  2766.  2158.  2497.  1339.
  3137.  2651.  2234.  1252.  3220.  1871.  2135.  1961.  1184.  2244.
  1356.  2032.  1302.  2720.  2125.  1727.  1288.  2332.  2416.  1784.]
47 [ 2077.  1992.   760.  1407.  1991.  2033.  2769.  2162.  2492.  1342.
  3147.  2649.  2233.  1252.  3218.  1872.  2135.  1964.  1184.  2243.
  1345.  2031.  1302.  2721.  2124.  1723.  1289.  2342.  2409.  1792.]
48 [ 2078.  1995.   760.  1407.  1990.  2027.  2769.  2159.  2488.  1343.
  3156.  2647.  2230.  1253.  3216.  1873.  2132.  1966.  1184.  2243.
  1335.  2031.  1302.  2721.  2125.  1722.  1289.  2350.  2406.  1803.]
49 [ 2078.  1993.   760.  1407.  1988.  2021.  2768.  2160.  2491.  1346.
  3163.  2647.  2226.  1253.  3216.  1873.  2132.  1969.  1184.  2243.
  1332.  2033.  1301.  2721.  2117.  1722.  1289.  2369.  2388.  1810.]
50 [ 2079.  1991.   760.  1407.  1988.  2023.  2769.  2155.  2479.  1349.
  3167.  2646.  2222.  1253.  3216.  1873.  2131.  1969.  1184.  2242.
  1332.  2035.  1303.  2720.  2108.  1721.  1289.  2378.  2393.  1818.]
51 [ 2078.  1993.   760.  1407.  1986.  2026.  2768.  2153.  2478.  1351.
  3174.  2645.  2220.  1253.  3213.  1873.  2128.  1973.  1184.  2241.
  1335.  2036.  1304.  2719.  2098.  1719.  1289.  2383.  2394.  1819.]
52 [ 2079.  1993.   760.  1407.  1985.  2026.  2766.  2157.  2470.  1351.
  3177.  2646.  2217.  1252.  3213.  1871.  2129.  1974.  1184.  2241.
  1334.  2036.  1305.  2718.  2089.  1719.  1289.  2389.  2404.  1819.]
53 [ 2080.  1996.   760.  1406.  1985.  2024.  2764.  2159.  2467.  1349.
  3180.  2647.  2220.  1251.  3212.  1871.  2128.  1975.  1184.  2241.
  1329.  2036.  1306.  2718.  2082.  1719.  1289.  2393.  2405.  1824.]
54 [ 2081.  1996.   760.  1406.  1984.  2017.  2763.  2159.  2462.  1351.
  3182.  2647.  2221.  1251.  3208.  1871.  2129.  1977.  1184.  2241.
  1329.  2037.  1307.  2720.  2078.  1717.  1288.  2398.  2409.  1827.]
55 [ 2081.  1996.   760.  1406.  1984.  2013.  2762.  2158.  2462.  1353.
  3186.  2647.  2222.  1251.  3209.  1871.  2128.  1977.  1184.  2241.
  1329.  2038.  1308.  2721.  2075.  1715.  1288.  2398.  2408.  1829.]
56 [ 2081.  1993.   760.  1406.  1985.  2007.  2762.  2156.  2465.  1354.
  3190.  2648.  2224.  1250.  3209.  1871.  2128.  1977.  1184.  2241.
  1327.  2037.  1308.  2721.  2074.  1716.  1288.  2400.  2406.  1832.]
57 [ 2081.  1990.   760.  1406.  1985.  2001.  2764.  2156.  2467.  1356.
  3188.  2649.  2224.  1250.  3206.  1872.  2127.  1977.  1184.  2241.
  1325.  2037.  1308.  2721.  2070.  1717.  1288.  2408.  2409.  1833.]
58 [ 2081.  1990.   760.  1406.  1985.  1996.  2763.  2157.  2472.  1359.
  3189.  2650.  2223.  1250.  3208.  1873.  2127.  1976.  1184.  2241.
  1324.  2038.  1307.  2722.  2065.  1716.  1288.  2408.  2408.  1834.]
59 [ 2081.  1988.   760.  1406.  1985.  1992.  2764.  2157.  2476.  1361.
  3195.  2650.  2220.  1250.  3211.  1873.  2128.  1977.  1184.  2242.
  1324.  2040.  1306.  2722.  2060.  1716.  1288.  2404.  2407.  1833.]
60 [ 2081.  1986.   760.  1406.  1985.  1990.  2766.  2158.  2478.  1362.
  3197.  2650.  2217.  1251.  3209.  1873.  2129.  1976.  1184.  2244.
  1324.  2038.  1306.  2722.  2055.  1717.  1288.  2402.  2413.  1833.]
61 [ 2081.  1985.   760.  1405.  1985.  1992.  2767.  2158.  2476.  1362.
  3197.  2650.  2215.  1251.  3209.  1873.  2129.  1976.  1184.  2244.
  1324.  2038.  1305.  2722.  2051.  1720.  1288.  2404.  2415.  1834.]
62 [ 2081.  1986.   760.  1404.  1985.  1991.  2767.  2158.  2476.  1362.
  3196.  2650.  2217.  1250.  3210.  1873.  2129.  1976.  1184.  2243.
  1324.  2038.  1305.  2722.  2051.  1721.  1288.  2407.  2411.  1835.]
63 [ 2080.  1986.   760.  1404.  1985.  1989.  2767.  2158.  2475.  1362.
  3197.  2650.  2217.  1250.  3210.  1873.  2129.  1976.  1184.  2243.
  1324.  2038.  1305.  2722.  2050.  1721.  1288.  2408.  2414.  1835.]
64 [ 2080.  1986.   760.  1404.  1985.  1990.  2767.  2158.  2471.  1362.
  3196.  2650.  2216.  1250.  3208.  1874.  2130.  1976.  1184.  2243.
  1324.  2038.  1305.  2722.  2051.  1721.  1288.  2409.  2417.  1835.]
65 [ 2080.  1986.   760.  1404.  1985.  1989.  2767.  2158.  2469.  1362.
  3196.  2650.  2216.  1250.  3207.  1874.  2130.  1976.  1184.  2243.
  1324.  2038.  1305.  2722.  2051.  1721.  1288.  2409.  2421.  1835.]
66 [ 2080.  1986.   760.  1404.  1985.  1989.  2767.  2158.  2467.  1362.
  3196.  2650.  2216.  1250.  3207.  1874.  2130.  1976.  1184.  2243.
  1324.  2038.  1305.  2722.  2051.  1721.  1288.  2409.  2423.  1835.]
67 [ 2080.  1986.   760.  1404.  1985.  1988.  2767.  2158.  2467.  1362.
  3196.  2650.  2216.  1250.  3207.  1874.  2130.  1976.  1184.  2243.
  1324.  2038.  1305.  2722.  2052.  1721.  1288.  2411.  2421.  1835.]
68 [ 2080.  1986.   760.  1404.  1985.  1986.  2767.  2158.  2469.  1362.
  3196.  2650.  2216.  1250.  3207.  1874.  2129.  1976.  1184.  2243.
  1324.  2038.  1305.  2722.  2052.  1721.  1288.  2412.  2421.  1835.]
69 [ 2080.  1986.   760.  1404.  1985.  1986.  2767.  2158.  2471.  1362.
  3195.  2650.  2216.  1250.  3207.  1874.  2129.  1976.  1184.  2243.
  1324.  2038.  1305.  2722.  2052.  1721.  1288.  2412.  2420.  1835.]
70 [ 2080.  1986.   760.  1404.  1985.  1985.  2767.  2158.  2473.  1362.
  3195.  2650.  2215.  1250.  3207.  1874.  2129.  1976.  1184.  2243.
  1324.  2038.  1305.  2722.  2052.  1721.  1288.  2412.  2420.  1835.]
71 [ 2080.  1986.   760.  1404.  1985.  1984.  2767.  2158.  2475.  1362.
  3195.  2650.  2215.  1250.  3207.  1874.  2129.  1976.  1184.  2243.
  1324.  2038.  1305.  2722.  2052.  1721.  1288.  2411.  2420.  1835.]
72 [ 2080.  1986.   760.  1404.  1985.  1983.  2767.  2158.  2477.  1362.
  3195.  2650.  2215.  1250.  3207.  1874.  2129.  1976.  1184.  2243.
  1324.  2038.  1305.  2722.  2052.  1721.  1288.  2411.  2419.  1835.]
73 [ 2080.  1986.   760.  1404.  1985.  1983.  2768.  2158.  2476.  1362.
  3195.  2650.  2215.  1250.  3207.  1874.  2129.  1976.  1184.  2243.
  1324.  2038.  1305.  2722.  2052.  1721.  1288.  2412.  2418.  1835.]
[ 2080.  1986.   760.  1404.  1985.  1983.  2768.  2158.  2476.  1362.
  3195.  2650.  2215.  1250.  3207.  1874.  2129.  1976.  1184.  2243.
  1324.  2038.  1305.  2722.  2052.  1721.  1288.  2412.  2418.  1835.]
Time spent clustering :  11709.9020221
means_kplusplus_cluster30
Digit: 0  Purity: 93.0% SD: 1540.8  Count: 5886
Digit: 1  Purity: 87.9% SD:  993.5  Count: 7528
Digit: 2  Purity: 94.5% SD: 1672.8  Count: 5317
Digit: 3  Purity: 60.4% SD: 1586.9  Count: 8854
Digit: 4  Purity: 51.7% SD: 1527.2  Count: 7045
Digit: 5  Purity: 78.7% SD: 1547.8  Count: 3926
Digit: 6  Purity: 88.1% SD: 1470.5  Count: 6374
Digit: 7  Purity: 92.7% SD: 1397.2  Count: 4459
Digit: 8  Purity: 88.2% SD: 1550.7  Count: 4209
Digit: 9  Purity: 43.7% SD: 1359.0  Count: 6402
Our accuracy in predicting test data for k = 30 was 76.2376237624 %
Time spent testing :  42.2815470695
