19 means random 100
0 [  1468.   1485.  13852.    474.   1665.   1079.   4016.    112.   2471.
   1166.   2307.   2125.   2027.   5028.   6236.   5088.   1895.   1489.
   6017.]
1 [  1371.   2341.  10454.    926.   1908.   1521.   3946.    570.   2582.
   1562.   1811.   2487.   2015.   5311.   5645.   5869.   3023.   2349.
   4309.]
2 [ 1489.  2729.  8090.  1156.  2062.  1732.  3671.  1122.  2684.  1819.
  1811.  2619.  1963.  5719.  4968.  5951.  3398.  2963.  4054.]
3 [ 1655.  2874.  6662.  1394.  2236.  1875.  3577.  1624.  2897.  1961.
  1789.  2736.  1921.  5787.  4423.  5786.  3495.  3336.  3972.]
4 [ 1858.  2899.  5872.  1642.  2371.  1981.  3632.  2045.  3028.  2020.
  1768.  2751.  1910.  5589.  4140.  5633.  3500.  3533.  3828.]
5 [ 2024.  2869.  5381.  1869.  2521.  2072.  3723.  2402.  3080.  2054.
  1745.  2742.  1893.  5361.  3999.  5532.  3493.  3571.  3669.]
6 [ 2134.  2840.  5103.  2006.  2618.  2176.  3813.  2705.  3100.  2072.
  1730.  2727.  1895.  5133.  3918.  5440.  3465.  3564.  3561.]
7 [ 2223.  2838.  4922.  2147.  2692.  2273.  3894.  2962.  3092.  2075.
  1734.  2678.  1892.  4906.  3839.  5372.  3418.  3561.  3482.]
8 [ 2278.  2815.  4795.  2306.  2740.  2345.  3923.  3159.  3109.  2070.
  1746.  2622.  1897.  4750.  3774.  5309.  3392.  3546.  3424.]
9 [ 2319.  2790.  4720.  2445.  2764.  2412.  3923.  3316.  3123.  2071.
  1766.  2573.  1890.  4609.  3729.  5257.  3365.  3555.  3373.]
10 [ 2341.  2784.  4657.  2561.  2814.  2455.  3912.  3449.  3133.  2071.
  1768.  2526.  1891.  4491.  3687.  5215.  3348.  3564.  3333.]
11 [ 2356.  2763.  4624.  2645.  2879.  2496.  3880.  3555.  3143.  2067.
  1774.  2468.  1890.  4398.  3662.  5195.  3337.  3599.  3269.]
12 [ 2366.  2739.  4600.  2723.  2961.  2521.  3841.  3626.  3128.  2071.
  1772.  2426.  1890.  4319.  3646.  5208.  3323.  3632.  3208.]
13 [ 2384.  2711.  4575.  2801.  3027.  2552.  3826.  3674.  3112.  2078.
  1763.  2384.  1891.  4245.  3630.  5207.  3317.  3669.  3154.]
14 [ 2398.  2687.  4546.  2870.  3073.  2576.  3801.  3715.  3102.  2083.
  1760.  2357.  1889.  4189.  3618.  5194.  3314.  3714.  3114.]
15 [ 2404.  2675.  4517.  2969.  3126.  2599.  3774.  3742.  3091.  2086.
  1757.  2328.  1889.  4133.  3607.  5180.  3308.  3747.  3068.]
16 [ 2407.  2667.  4484.  3061.  3183.  2623.  3745.  3763.  3079.  2088.
  1754.  2302.  1887.  4097.  3591.  5160.  3307.  3779.  3023.]
17 [ 2418.  2657.  4452.  3122.  3216.  2661.  3720.  3788.  3070.  2090.
  1752.  2290.  1888.  4063.  3576.  5142.  3299.  3818.  2978.]
18 [ 2425.  2647.  4423.  3194.  3240.  2704.  3707.  3805.  3048.  2095.
  1749.  2283.  1882.  4036.  3562.  5118.  3297.  3847.  2938.]
19 [ 2429.  2647.  4399.  3243.  3283.  2733.  3686.  3819.  3024.  2094.
  1751.  2276.  1881.  4018.  3552.  5100.  3298.  3869.  2898.]
20 [ 2437.  2643.  4372.  3286.  3313.  2769.  3686.  3827.  3010.  2088.
  1755.  2260.  1878.  3990.  3548.  5088.  3300.  3888.  2862.]
21 [ 2448.  2636.  4356.  3312.  3350.  2799.  3681.  3837.  2996.  2083.
  1757.  2265.  1876.  3968.  3540.  5075.  3300.  3897.  2824.]
22 [ 2450.  2635.  4334.  3359.  3372.  2826.  3668.  3845.  2986.  2081.
  1755.  2278.  1878.  3948.  3525.  5072.  3293.  3905.  2790.]
23 [ 2453.  2637.  4307.  3411.  3411.  2840.  3665.  3855.  2972.  2080.
  1751.  2284.  1883.  3923.  3516.  5059.  3292.  3903.  2758.]
24 [ 2455.  2636.  4292.  3445.  3419.  2856.  3667.  3861.  2967.  2080.
  1749.  2283.  1885.  3899.  3510.  5049.  3297.  3909.  2741.]
25 [ 2459.  2638.  4283.  3473.  3442.  2869.  3663.  3866.  2949.  2077.
  1745.  2295.  1888.  3887.  3502.  5036.  3295.  3912.  2721.]
26 [ 2463.  2637.  4276.  3494.  3469.  2880.  3660.  3868.  2932.  2072.
  1746.  2295.  1893.  3877.  3499.  5027.  3295.  3912.  2705.]
27 [ 2465.  2633.  4267.  3512.  3487.  2897.  3656.  3872.  2911.  2073.
  1746.  2301.  1898.  3867.  3497.  5021.  3293.  3912.  2692.]
28 [ 2466.  2635.  4262.  3532.  3491.  2913.  3657.  3870.  2894.  2073.
  1746.  2299.  1901.  3864.  3495.  5013.  3294.  3912.  2683.]
29 [ 2469.  2635.  4259.  3548.  3487.  2929.  3654.  3881.  2885.  2074.
  1744.  2291.  1903.  3862.  3491.  5002.  3296.  3915.  2675.]
30 [ 2471.  2638.  4257.  3558.  3488.  2944.  3648.  3891.  2854.  2074.
  1744.  2297.  1901.  3863.  3492.  4996.  3296.  3918.  2670.]
31 [ 2475.  2640.  4256.  3569.  3499.  2958.  3639.  3894.  2828.  2073.
  1747.  2300.  1900.  3862.  3490.  4995.  3301.  3914.  2660.]
32 [ 2481.  2640.  4254.  3571.  3516.  2974.  3639.  3895.  2802.  2073.
  1748.  2294.  1902.  3861.  3490.  4992.  3302.  3915.  2651.]
33 [ 2485.  2639.  4251.  3569.  3530.  2994.  3638.  3894.  2770.  2072.
  1749.  2296.  1904.  3860.  3492.  4992.  3306.  3913.  2646.]
34 [ 2487.  2638.  4249.  3575.  3531.  3006.  3637.  3896.  2750.  2067.
  1754.  2297.  1904.  3862.  3492.  4992.  3307.  3916.  2640.]
35 [ 2489.  2642.  4248.  3576.  3532.  3020.  3631.  3901.  2713.  2065.
  1757.  2308.  1904.  3863.  3492.  4998.  3308.  3923.  2630.]
36 [ 2489.  2640.  4249.  3595.  3527.  3031.  3624.  3903.  2700.  2063.
  1760.  2300.  1907.  3869.  3488.  4995.  3312.  3925.  2623.]
37 [ 2489.  2641.  4248.  3604.  3517.  3042.  3630.  3903.  2676.  2063.
  1763.  2301.  1910.  3871.  3487.  4989.  3320.  3921.  2625.]
38 [ 2490.  2641.  4252.  3603.  3520.  3052.  3636.  3907.  2644.  2068.
  1759.  2285.  1915.  3876.  3489.  4988.  3329.  3925.  2621.]
39 [ 2492.  2634.  4250.  3609.  3530.  3067.  3636.  3913.  2614.  2074.
  1753.  2269.  1924.  3876.  3490.  4997.  3342.  3916.  2614.]
40 [ 2495.  2627.  4256.  3637.  3534.  3072.  3632.  3912.  2588.  2072.
  1751.  2251.  1934.  3877.  3488.  5002.  3348.  3915.  2609.]
41 [ 2498.  2622.  4269.  3647.  3526.  3085.  3622.  3916.  2566.  2075.
  1745.  2234.  1947.  3878.  3488.  5005.  3358.  3913.  2606.]
42 [ 2501.  2618.  4279.  3644.  3522.  3093.  3617.  3920.  2549.  2077.
  1747.  2212.  1956.  3881.  3491.  5011.  3370.  3908.  2604.]
43 [ 2505.  2620.  4288.  3634.  3525.  3097.  3622.  3919.  2529.  2081.
  1741.  2197.  1966.  3881.  3492.  5015.  3384.  3908.  2596.]
44 [ 2506.  2619.  4295.  3648.  3529.  3098.  3613.  3920.  2507.  2090.
  1739.  2181.  1963.  3876.  3490.  5019.  3393.  3914.  2600.]
45 [ 2510.  2615.  4303.  3649.  3517.  3100.  3610.  3924.  2496.  2099.
  1735.  2176.  1966.  3877.  3491.  5018.  3403.  3913.  2598.]
46 [ 2515.  2614.  4315.  3643.  3518.  3103.  3609.  3932.  2475.  2102.
  1737.  2159.  1968.  3878.  3495.  5017.  3410.  3920.  2590.]
47 [ 2523.  2609.  4324.  3647.  3514.  3104.  3608.  3938.  2456.  2105.
  1735.  2154.  1968.  3874.  3496.  5020.  3414.  3922.  2589.]
48 [ 2529.  2611.  4330.  3643.  3513.  3109.  3604.  3949.  2445.  2107.
  1737.  2145.  1969.  3875.  3497.  5019.  3416.  3920.  2582.]
49 [ 2538.  2606.  4338.  3642.  3509.  3112.  3607.  3959.  2437.  2105.
  1740.  2134.  1971.  3876.  3497.  5013.  3417.  3916.  2583.]
50 [ 2546.  2608.  4339.  3641.  3505.  3110.  3604.  3962.  2444.  2104.
  1740.  2119.  1976.  3875.  3497.  5016.  3420.  3917.  2577.]
51 [ 2554.  2605.  4337.  3655.  3499.  3106.  3615.  3967.  2444.  2105.
  1743.  2106.  1976.  3871.  3500.  5014.  3417.  3918.  2568.]
52 [ 2557.  2599.  4335.  3658.  3496.  3105.  3624.  3973.  2445.  2107.
  1742.  2096.  1976.  3867.  3504.  5009.  3419.  3915.  2573.]
53 [ 2562.  2595.  4337.  3650.  3494.  3100.  3640.  3981.  2446.  2107.
  1741.  2094.  1974.  3863.  3507.  5002.  3419.  3915.  2573.]
54 [ 2564.  2593.  4342.  3640.  3486.  3099.  3658.  3982.  2445.  2107.
  1741.  2091.  1974.  3850.  3515.  5000.  3421.  3918.  2574.]
55 [ 2567.  2587.  4346.  3645.  3481.  3099.  3665.  3983.  2446.  2107.
  1741.  2075.  1973.  3847.  3528.  4995.  3422.  3919.  2574.]
56 [ 2570.  2586.  4352.  3645.  3479.  3097.  3684.  3986.  2441.  2105.
  1740.  2060.  1973.  3835.  3536.  4992.  3424.  3918.  2577.]
57 [ 2573.  2585.  4359.  3638.  3485.  3088.  3694.  3989.  2437.  2105.
  1741.  2057.  1971.  3826.  3537.  4991.  3426.  3922.  2576.]
58 [ 2572.  2586.  4367.  3628.  3483.  3077.  3700.  3999.  2435.  2105.
  1741.  2066.  1969.  3824.  3538.  4978.  3430.  3926.  2576.]
59 [ 2573.  2585.  4367.  3625.  3490.  3075.  3708.  4002.  2432.  2105.
  1740.  2057.  1968.  3822.  3538.  4979.  3431.  3927.  2576.]
60 [ 2573.  2584.  4369.  3623.  3491.  3072.  3712.  4007.  2433.  2105.
  1740.  2056.  1967.  3826.  3538.  4969.  3432.  3927.  2576.]
61 [ 2573.  2582.  4373.  3616.  3492.  3071.  3715.  4011.  2436.  2104.
  1738.  2056.  1965.  3828.  3538.  4968.  3431.  3929.  2574.]
62 [ 2573.  2582.  4374.  3612.  3490.  3071.  3719.  4009.  2443.  2104.
  1738.  2051.  1964.  3834.  3539.  4962.  3434.  3930.  2571.]
63 [ 2573.  2581.  4375.  3607.  3488.  3070.  3722.  4003.  2446.  2104.
  1738.  2050.  1964.  3840.  3541.  4962.  3436.  3930.  2570.]
64 [ 2573.  2580.  4377.  3604.  3488.  3069.  3724.  4000.  2446.  2104.
  1738.  2049.  1964.  3846.  3543.  4959.  3437.  3929.  2570.]
65 [ 2574.  2575.  4377.  3603.  3490.  3068.  3731.  3992.  2445.  2104.
  1738.  2049.  1964.  3843.  3544.  4965.  3437.  3930.  2571.]
66 [ 2574.  2574.  4379.  3600.  3489.  3064.  3737.  3986.  2445.  2104.
  1738.  2052.  1963.  3842.  3545.  4967.  3438.  3931.  2572.]
67 [ 2574.  2571.  4382.  3601.  3489.  3064.  3738.  3984.  2445.  2103.
  1738.  2051.  1963.  3842.  3547.  4968.  3438.  3930.  2572.]
68 [ 2575.  2571.  4382.  3602.  3488.  3064.  3746.  3981.  2447.  2102.
  1738.  2051.  1962.  3838.  3547.  4968.  3438.  3929.  2571.]
69 [ 2576.  2571.  4381.  3602.  3489.  3064.  3760.  3978.  2449.  2102.
  1738.  2049.  1961.  3831.  3547.  4963.  3440.  3927.  2572.]
70 [ 2577.  2571.  4383.  3599.  3490.  3064.  3770.  3977.  2447.  2102.
  1738.  2048.  1959.  3834.  3549.  4952.  3440.  3928.  2572.]
71 [ 2578.  2573.  4384.  3598.  3492.  3064.  3787.  3978.  2447.  2101.
  1738.  2048.  1959.  3820.  3553.  4943.  3439.  3925.  2573.]
72 [ 2579.  2574.  4386.  3591.  3494.  3063.  3790.  3983.  2447.  2101.
  1738.  2048.  1959.  3827.  3555.  4930.  3437.  3925.  2573.]
73 [ 2580.  2574.  4388.  3587.  3498.  3062.  3785.  3987.  2448.  2101.
  1738.  2049.  1959.  3829.  3556.  4924.  3437.  3925.  2573.]
74 [ 2580.  2572.  4390.  3588.  3502.  3062.  3796.  3990.  2449.  2101.
  1737.  2049.  1958.  3822.  3557.  4914.  3436.  3924.  2573.]
75 [ 2579.  2570.  4390.  3587.  3504.  3062.  3808.  3998.  2449.  2101.
  1736.  2050.  1958.  3819.  3557.  4899.  3436.  3922.  2575.]
76 [ 2580.  2569.  4389.  3578.  3509.  3061.  3810.  4006.  2449.  2101.
  1736.  2052.  1958.  3817.  3561.  4891.  3436.  3922.  2575.]
77 [ 2580.  2567.  4389.  3577.  3510.  3062.  3811.  4016.  2450.  2101.
  1736.  2054.  1958.  3807.  3562.  4887.  3436.  3922.  2575.]
78 [ 2580.  2564.  4389.  3574.  3515.  3062.  3814.  4018.  2450.  2100.
  1736.  2057.  1958.  3802.  3562.  4887.  3435.  3922.  2575.]
79 [ 2579.  2564.  4388.  3569.  3516.  3062.  3817.  4018.  2449.  2100.
  1735.  2058.  1957.  3802.  3561.  4890.  3436.  3922.  2577.]
80 [ 2577.  2564.  4390.  3562.  3516.  3061.  3822.  4023.  2449.  2100.
  1735.  2057.  1956.  3804.  3561.  4885.  3436.  3922.  2580.]
81 [ 2577.  2564.  4389.  3560.  3516.  3062.  3822.  4029.  2449.  2100.
  1735.  2057.  1954.  3807.  3561.  4879.  3436.  3923.  2580.]
82 [ 2577.  2564.  4389.  3558.  3518.  3061.  3822.  4031.  2448.  2100.
  1734.  2056.  1954.  3810.  3562.  4876.  3437.  3923.  2580.]
83 [ 2577.  2565.  4388.  3556.  3518.  3061.  3822.  4032.  2447.  2100.
  1733.  2055.  1955.  3810.  3562.  4876.  3438.  3925.  2580.]
84 [ 2577.  2565.  4388.  3555.  3517.  3061.  3823.  4032.  2447.  2100.
  1732.  2056.  1955.  3810.  3562.  4876.  3438.  3925.  2581.]
85 [ 2577.  2565.  4388.  3555.  3518.  3061.  3824.  4032.  2447.  2100.
  1732.  2056.  1954.  3810.  3562.  4876.  3438.  3925.  2580.]
86 [ 2577.  2565.  4388.  3554.  3516.  3061.  3827.  4032.  2449.  2100.
  1732.  2056.  1953.  3809.  3562.  4876.  3438.  3925.  2580.]
87 [ 2577.  2565.  4386.  3554.  3518.  3061.  3828.  4032.  2449.  2099.
  1732.  2056.  1954.  3808.  3562.  4876.  3438.  3925.  2580.]
88 [ 2578.  2565.  4386.  3554.  3519.  3061.  3828.  4032.  2449.  2098.
  1732.  2056.  1954.  3808.  3561.  4876.  3438.  3925.  2580.]
89 [ 2578.  2564.  4386.  3549.  3520.  3061.  3833.  4034.  2449.  2097.
  1732.  2056.  1955.  3806.  3561.  4876.  3438.  3925.  2580.]
90 [ 2578.  2564.  4386.  3549.  3519.  3062.  3835.  4035.  2449.  2097.
  1732.  2056.  1954.  3804.  3561.  4876.  3438.  3925.  2580.]
91 [ 2577.  2564.  4386.  3547.  3519.  3063.  3837.  4035.  2449.  2097.
  1732.  2056.  1954.  3804.  3561.  4876.  3438.  3925.  2580.]
92 [ 2576.  2564.  4386.  3545.  3519.  3063.  3839.  4035.  2449.  2097.
  1732.  2057.  1954.  3804.  3561.  4876.  3438.  3925.  2580.]
93 [ 2576.  2564.  4386.  3543.  3519.  3063.  3842.  4035.  2449.  2097.
  1732.  2057.  1954.  3803.  3561.  4876.  3438.  3925.  2580.]
94 [ 2576.  2564.  4386.  3541.  3519.  3063.  3845.  4035.  2449.  2097.
  1732.  2057.  1954.  3803.  3561.  4876.  3437.  3925.  2580.]
95 [ 2576.  2565.  4386.  3536.  3519.  3063.  3847.  4035.  2449.  2097.
  1732.  2057.  1954.  3804.  3561.  4877.  3437.  3925.  2580.]
96 [ 2576.  2564.  4387.  3532.  3519.  3063.  3852.  4035.  2449.  2097.
  1732.  2057.  1954.  3802.  3562.  4877.  3437.  3925.  2580.]
97 [ 2576.  2564.  4387.  3527.  3519.  3063.  3856.  4036.  2450.  2097.
  1732.  2057.  1954.  3799.  3563.  4878.  3437.  3925.  2580.]
98 [ 2576.  2564.  4387.  3523.  3519.  3063.  3857.  4038.  2450.  2097.
  1732.  2057.  1954.  3798.  3563.  4880.  3437.  3925.  2580.]
99 [ 2576.  2564.  4388.  3521.  3519.  3063.  3858.  4038.  2450.  2097.
  1732.  2057.  1954.  3796.  3563.  4882.  3437.  3925.  2580.]
100 [ 2576.  2564.  4388.  3519.  3519.  3063.  3861.  4038.  2450.  2097.
  1732.  2057.  1954.  3795.  3563.  4882.  3437.  3925.  2580.]
101 [ 2576.  2563.  4388.  3520.  3519.  3063.  3863.  4038.  2450.  2097.
  1732.  2057.  1954.  3794.  3562.  4882.  3437.  3925.  2580.]
102 [ 2576.  2562.  4388.  3520.  3519.  3063.  3864.  4038.  2450.  2097.
  1732.  2057.  1954.  3794.  3562.  4882.  3437.  3925.  2580.]
103 [ 2576.  2563.  4388.  3519.  3519.  3063.  3863.  4039.  2450.  2097.
  1732.  2057.  1954.  3794.  3562.  4883.  3437.  3925.  2579.]
104 [ 2576.  2565.  4388.  3518.  3519.  3063.  3864.  4040.  2450.  2097.
  1732.  2057.  1954.  3793.  3562.  4883.  3437.  3926.  2576.]
105 [ 2576.  2564.  4388.  3516.  3519.  3063.  3866.  4041.  2451.  2097.
  1732.  2057.  1954.  3791.  3562.  4883.  3437.  3927.  2576.]
106 [ 2576.  2565.  4388.  3511.  3519.  3063.  3872.  4042.  2451.  2097.
  1732.  2057.  1954.  3787.  3563.  4884.  3437.  3927.  2575.]
107 [ 2576.  2564.  4388.  3510.  3519.  3063.  3876.  4044.  2451.  2097.
  1732.  2057.  1953.  3784.  3562.  4885.  3437.  3927.  2575.]
108 [ 2576.  2564.  4388.  3504.  3519.  3063.  3881.  4049.  2451.  2097.
  1732.  2057.  1953.  3782.  3563.  4882.  3437.  3927.  2575.]
109 [ 2576.  2562.  4388.  3503.  3520.  3063.  3886.  4052.  2452.  2097.
  1733.  2057.  1951.  3778.  3563.  4879.  3437.  3928.  2575.]
110 [ 2575.  2561.  4389.  3498.  3519.  3063.  3890.  4054.  2452.  2097.
  1733.  2057.  1950.  3777.  3563.  4882.  3438.  3928.  2574.]
111 [ 2575.  2559.  4390.  3493.  3519.  3063.  3895.  4056.  2452.  2097.
  1733.  2057.  1950.  3773.  3563.  4884.  3438.  3930.  2573.]
112 [ 2574.  2558.  4391.  3494.  3519.  3063.  3897.  4058.  2452.  2097.
  1733.  2057.  1950.  3770.  3564.  4883.  3438.  3930.  2572.]
113 [ 2574.  2558.  4391.  3494.  3519.  3063.  3904.  4058.  2452.  2097.
  1733.  2057.  1950.  3766.  3564.  4882.  3437.  3930.  2571.]
114 [ 2574.  2559.  4392.  3494.  3519.  3063.  3904.  4058.  2452.  2097.
  1733.  2057.  1950.  3768.  3564.  4879.  3437.  3930.  2570.]
115 [ 2574.  2560.  4392.  3494.  3519.  3063.  3903.  4057.  2452.  2097.
  1733.  2057.  1950.  3768.  3564.  4880.  3437.  3930.  2570.]
116 [ 2574.  2560.  4392.  3495.  3519.  3063.  3901.  4057.  2452.  2097.
  1733.  2057.  1950.  3768.  3564.  4881.  3437.  3930.  2570.]
117 [ 2574.  2560.  4392.  3495.  3519.  3063.  3899.  4057.  2452.  2097.
  1733.  2057.  1950.  3769.  3564.  4882.  3437.  3930.  2570.]
118 [ 2574.  2560.  4392.  3495.  3519.  3063.  3898.  4057.  2452.  2097.
  1733.  2057.  1950.  3769.  3564.  4883.  3437.  3930.  2570.]
119 [ 2574.  2560.  4392.  3495.  3519.  3063.  3899.  4057.  2452.  2097.
  1733.  2057.  1950.  3770.  3564.  4881.  3437.  3930.  2570.]
120 [ 2574.  2560.  4392.  3495.  3519.  3063.  3900.  4057.  2452.  2097.
  1733.  2057.  1950.  3769.  3564.  4881.  3437.  3930.  2570.]
121 [ 2574.  2560.  4392.  3495.  3519.  3063.  3901.  4057.  2451.  2097.
  1733.  2057.  1950.  3770.  3564.  4880.  3437.  3930.  2570.]
122 [ 2574.  2560.  4392.  3495.  3519.  3063.  3900.  4057.  2450.  2097.
  1733.  2058.  1950.  3771.  3564.  4880.  3437.  3930.  2570.]
123 [ 2574.  2560.  4392.  3495.  3519.  3063.  3903.  4055.  2450.  2097.
  1733.  2057.  1950.  3769.  3564.  4882.  3437.  3930.  2570.]
124 [ 2574.  2560.  4392.  3496.  3519.  3063.  3904.  4055.  2450.  2097.
  1733.  2056.  1950.  3769.  3564.  4882.  3437.  3929.  2570.]
125 [ 2574.  2559.  4392.  3496.  3519.  3063.  3904.  4055.  2450.  2097.
  1733.  2055.  1950.  3769.  3564.  4882.  3439.  3929.  2570.]
126 [ 2574.  2556.  4392.  3499.  3519.  3063.  3904.  4055.  2450.  2097.
  1733.  2055.  1949.  3769.  3564.  4882.  3440.  3929.  2570.]
127 [ 2574.  2554.  4393.  3500.  3519.  3063.  3905.  4056.  2450.  2097.
  1733.  2055.  1949.  3769.  3564.  4882.  3440.  3928.  2569.]
128 [ 2574.  2557.  4394.  3499.  3519.  3063.  3906.  4056.  2447.  2097.
  1733.  2054.  1949.  3769.  3565.  4882.  3440.  3928.  2568.]
129 [ 2574.  2557.  4394.  3498.  3518.  3063.  3906.  4057.  2448.  2097.
  1733.  2054.  1948.  3769.  3567.  4882.  3440.  3928.  2567.]
130 [ 2574.  2557.  4394.  3496.  3518.  3063.  3908.  4058.  2448.  2097.
  1733.  2054.  1947.  3769.  3567.  4882.  3440.  3928.  2567.]
131 [ 2574.  2556.  4394.  3495.  3518.  3063.  3909.  4058.  2448.  2097.
  1733.  2054.  1945.  3769.  3567.  4882.  3442.  3929.  2567.]
132 [ 2574.  2556.  4394.  3493.  3518.  3063.  3911.  4058.  2448.  2097.
  1733.  2054.  1944.  3769.  3567.  4882.  3443.  3929.  2567.]
133 [ 2574.  2556.  4395.  3492.  3518.  3063.  3911.  4058.  2448.  2097.
  1733.  2054.  1944.  3769.  3567.  4882.  3443.  3929.  2567.]
134 [ 2574.  2556.  4395.  3491.  3518.  3063.  3911.  4058.  2448.  2097.
  1733.  2054.  1944.  3769.  3567.  4882.  3444.  3929.  2567.]
135 [ 2574.  2555.  4395.  3490.  3519.  3063.  3912.  4058.  2448.  2097.
  1733.  2054.  1944.  3769.  3567.  4882.  3444.  3929.  2567.]
[ 2574.  2555.  4395.  3490.  3519.  3063.  3912.  4058.  2448.  2097.
  1733.  2054.  1944.  3769.  3567.  4882.  3444.  3929.  2567.]
Time spent clustering :  11869.2741349
means_random_cluster19
Digit: 0  Purity: 92.5% SD: 1602.6  Count: 5774
Digit: 1  Purity: 82.5% SD: 1093.3  Count: 7962
Digit: 2  Purity: 96.5% SD: 1768.2  Count: 3929
Digit: 3  Purity: 56.7% SD: 1617.1  Count: 9149
Digit: 4  Purity: 47.5% SD: 1574.3  Count: 7970
Digit: 5  Purity: 57.3% SD: 1573.8  Count: 5544
Digit: 6  Purity: 88.9% SD: 1557.7  Count: 6018
Digit: 7  Purity: 90.3% SD: 1417.1  Count: 3769
Digit: 8  Purity: 78.0% SD: 1592.9  Count: 5003
Digit: 9  Purity: 39.7% SD: 1425.4  Count: 4882
Our accuracy in predicting test data for k = 19 was 71.4071407141 %
Time spent testing :  21.8626749516
