25 means kplusplus 100
0 [ 1260.  5715.  1633.  4211.  2136.  1698.  2377.  7152.  2341.  2798.
   921.  1399.   980.  4845.  1530.  2243.  1970.  1517.   771.  1565.
  2925.  2385.  1356.  1851.  2421.]
1 [ 1351.  5177.  1804.  4296.  2250.  1484.  2618.  5501.  2325.  2838.
  1039.  1424.  1067.  4573.  1621.  2380.  2063.  1904.  1094.  1710.
  3558.  2438.  1581.  1714.  2190.]
2 [ 1418.  4833.  1961.  4226.  2218.  1352.  2581.  4612.  2249.  2828.
  1137.  1473.  1101.  4522.  1692.  2413.  2157.  2246.  1406.  1881.
  3808.  2377.  1684.  1681.  2144.]
3 [ 1408.  4663.  2057.  4141.  2271.  1243.  2508.  4109.  2129.  2758.
  1286.  1503.  1128.  4511.  1780.  2449.  2187.  2413.  1661.  2008.
  3935.  2225.  1718.  1795.  2114.]
4 [ 1329.  4606.  2121.  4102.  2396.  1216.  2428.  3817.  2009.  2734.
  1423.  1520.  1184.  4468.  1869.  2446.  2193.  2475.  1891.  2077.
  3935.  2132.  1737.  1860.  2032.]
5 [ 1249.  4542.  2172.  4091.  2475.  1177.  2375.  3649.  1918.  2734.
  1516.  1534.  1223.  4430.  1912.  2487.  2199.  2499.  2061.  2185.
  3919.  2046.  1734.  1929.  1944.]
6 [ 1227.  4472.  2215.  4114.  2539.  1171.  2339.  3529.  1855.  2711.
  1562.  1530.  1233.  4398.  1945.  2558.  2228.  2530.  2203.  2249.
  3846.  2009.  1729.  1953.  1855.]
7 [ 1221.  4381.  2242.  4130.  2623.  1181.  2318.  3445.  1812.  2666.
  1577.  1522.  1250.  4394.  1964.  2648.  2279.  2553.  2306.  2290.
  3739.  1959.  1745.  1963.  1792.]
8 [ 1229.  4307.  2270.  4129.  2686.  1183.  2308.  3401.  1777.  2621.
  1593.  1520.  1270.  4416.  1972.  2708.  2319.  2565.  2378.  2299.
  3644.  1919.  1764.  1975.  1747.]
9 [ 1237.  4255.  2312.  4136.  2732.  1189.  2304.  3362.  1743.  2577.
  1603.  1516.  1282.  4413.  1966.  2779.  2359.  2568.  2422.  2301.
  3556.  1900.  1784.  1981.  1723.]
10 [ 1258.  4225.  2336.  4131.  2777.  1194.  2301.  3347.  1705.  2512.
  1611.  1510.  1295.  4401.  1960.  2850.  2401.  2573.  2476.  2305.
  3480.  1876.  1797.  1984.  1695.]
11 [ 1277.  4195.  2374.  4115.  2806.  1206.  2288.  3353.  1685.  2440.
  1604.  1495.  1305.  4392.  1957.  2907.  2419.  2575.  2523.  2325.
  3414.  1854.  1813.  1975.  1703.]
12 [ 1277.  4161.  2400.  4093.  2827.  1208.  2279.  3365.  1671.  2397.
  1608.  1479.  1313.  4376.  1962.  2982.  2442.  2581.  2559.  2333.
  3368.  1839.  1820.  1975.  1685.]
13 [ 1284.  4130.  2425.  4086.  2838.  1199.  2274.  3383.  1662.  2349.
  1612.  1470.  1318.  4372.  1962.  3039.  2483.  2587.  2600.  2333.
  3320.  1823.  1813.  1980.  1658.]
14 [ 1289.  4111.  2445.  4086.  2823.  1203.  2276.  3409.  1645.  2278.
  1619.  1459.  1318.  4340.  1978.  3118.  2483.  2594.  2639.  2334.
  3267.  1844.  1809.  1979.  1654.]
15 [ 1299.  4086.  2460.  4098.  2811.  1200.  2277.  3434.  1647.  2233.
  1609.  1452.  1317.  4327.  1991.  3175.  2473.  2596.  2691.  2346.
  3223.  1849.  1821.  1972.  1613.]
16 [ 1320.  4060.  2459.  4116.  2798.  1201.  2278.  3448.  1630.  2166.
  1612.  1450.  1319.  4330.  2000.  3215.  2460.  2605.  2739.  2354.
  3200.  1840.  1828.  1966.  1606.]
17 [ 1328.  4037.  2459.  4138.  2778.  1206.  2279.  3461.  1618.  2112.
  1614.  1455.  1320.  4332.  2003.  3242.  2424.  2603.  2779.  2380.
  3174.  1828.  1851.  1965.  1614.]
18 [ 1328.  4015.  2476.  4156.  2739.  1204.  2282.  3473.  1616.  2092.
  1619.  1457.  1319.  4326.  2013.  3269.  2388.  2594.  2806.  2412.
  3138.  1841.  1852.  1961.  1624.]
19 [ 1334.  4008.  2488.  4180.  2683.  1204.  2284.  3479.  1612.  2091.
  1619.  1460.  1322.  4316.  2009.  3300.  2377.  2580.  2815.  2446.
  3082.  1867.  1864.  1957.  1623.]
20 [ 1362.  3989.  2505.  4212.  2646.  1192.  2279.  3480.  1612.  2055.
  1614.  1463.  1321.  4307.  2008.  3326.  2386.  2579.  2827.  2484.
  3011.  1856.  1881.  1956.  1649.]
21 [ 1372.  3974.  2522.  4236.  2610.  1186.  2282.  3478.  1612.  2052.
  1613.  1467.  1320.  4304.  1995.  3357.  2379.  2576.  2832.  2488.
  2946.  1892.  1900.  1949.  1658.]
22 [ 1380.  3960.  2537.  4258.  2580.  1185.  2283.  3478.  1616.  2032.
  1615.  1471.  1319.  4305.  1998.  3362.  2382.  2572.  2838.  2476.
  2904.  1917.  1914.  1947.  1671.]
23 [ 1383.  3954.  2543.  4275.  2548.  1185.  2288.  3478.  1617.  2020.
  1617.  1468.  1319.  4310.  2001.  3366.  2385.  2569.  2829.  2474.
  2880.  1939.  1911.  1948.  1693.]
24 [ 1384.  3952.  2537.  4288.  2537.  1185.  2292.  3479.  1618.  1993.
  1617.  1468.  1319.  4318.  1999.  3356.  2377.  2571.  2832.  2468.
  2870.  1946.  1924.  1948.  1722.]
25 [ 1385.  3942.  2536.  4302.  2511.  1184.  2294.  3477.  1619.  1995.
  1613.  1465.  1321.  4324.  1993.  3357.  2375.  2569.  2832.  2457.
  2869.  1947.  1941.  1943.  1749.]
26 [ 1381.  3927.  2548.  4315.  2494.  1182.  2295.  3475.  1627.  1998.
  1605.  1463.  1320.  4319.  1996.  3361.  2373.  2567.  2829.  2448.
  2860.  1949.  1960.  1944.  1764.]
27 [ 1379.  3909.  2559.  4327.  2498.  1186.  2298.  3470.  1633.  1998.
  1603.  1461.  1321.  4317.  1998.  3374.  2365.  2561.  2818.  2430.
  2853.  1944.  1978.  1941.  1779.]
28 [ 1378.  3892.  2576.  4337.  2484.  1188.  2300.  3468.  1635.  2009.
  1605.  1463.  1317.  4309.  1999.  3391.  2353.  2560.  2805.  2410.
  2856.  1941.  1992.  1938.  1794.]
29 [ 1380.  3862.  2597.  4341.  2474.  1187.  2297.  3468.  1635.  2007.
  1602.  1466.  1317.  4297.  2000.  3406.  2362.  2560.  2803.  2387.
  2858.  1940.  2000.  1935.  1819.]
30 [ 1379.  3838.  2626.  4345.  2465.  1182.  2297.  3469.  1638.  2018.
  1600.  1469.  1315.  4285.  2001.  3423.  2363.  2557.  2790.  2365.
  2856.  1941.  2015.  1930.  1833.]
31 [ 1377.  3813.  2655.  4358.  2470.  1181.  2299.  3465.  1641.  2020.
  1598.  1469.  1311.  4272.  2006.  3435.  2359.  2559.  2771.  2348.
  2849.  1942.  2026.  1929.  1847.]
32 [ 1382.  3806.  2678.  4365.  2470.  1180.  2299.  3464.  1646.  2026.
  1588.  1469.  1309.  4247.  2013.  3448.  2355.  2559.  2771.  2328.
  2841.  1941.  2037.  1922.  1856.]
33 [ 1381.  3785.  2707.  4372.  2465.  1184.  2298.  3465.  1648.  2036.
  1581.  1470.  1309.  4229.  2017.  3445.  2348.  2559.  2784.  2318.
  2831.  1934.  2043.  1921.  1870.]
34 [ 1380.  3759.  2738.  4387.  2470.  1187.  2299.  3461.  1649.  2047.
  1575.  1470.  1311.  4196.  2020.  3447.  2333.  2559.  2798.  2301.
  2833.  1929.  2049.  1920.  1882.]
35 [ 1379.  3722.  2758.  4397.  2476.  1188.  2300.  3458.  1650.  2049.
  1573.  1470.  1316.  4196.  2021.  3471.  2317.  2561.  2784.  2290.
  2832.  1923.  2055.  1923.  1891.]
36 [ 1376.  3682.  2775.  4404.  2481.  1188.  2301.  3457.  1649.  2058.
  1576.  1470.  1320.  4205.  2021.  3490.  2312.  2560.  2774.  2269.
  2827.  1924.  2059.  1922.  1900.]
37 [ 1373.  3655.  2790.  4413.  2488.  1189.  2306.  3454.  1649.  2055.
  1577.  1469.  1325.  4180.  2020.  3515.  2306.  2560.  2783.  2262.
  2815.  1924.  2062.  1922.  1908.]
38 [ 1372.  3622.  2808.  4414.  2490.  1191.  2307.  3452.  1649.  2056.
  1579.  1468.  1330.  4166.  2020.  3539.  2305.  2562.  2790.  2253.
  2805.  1926.  2064.  1919.  1913.]
39 [ 1372.  3598.  2812.  4421.  2493.  1192.  2309.  3450.  1650.  2060.
  1579.  1467.  1331.  4137.  2025.  3589.  2304.  2561.  2792.  2239.
  2792.  1924.  2065.  1919.  1919.]
40 [ 1373.  3573.  2816.  4428.  2494.  1190.  2310.  3448.  1651.  2051.
  1578.  1467.  1333.  4097.  2032.  3631.  2304.  2561.  2806.  2228.
  2785.  1928.  2069.  1918.  1929.]
41 [ 1372.  3552.  2821.  4432.  2511.  1191.  2312.  3448.  1655.  2029.
  1576.  1467.  1334.  4041.  2027.  3673.  2304.  2560.  2829.  2219.
  2784.  1934.  2072.  1916.  1941.]
42 [ 1371.  3523.  2819.  4444.  2519.  1190.  2312.  3449.  1656.  2015.
  1576.  1466.  1336.  4000.  2023.  3707.  2305.  2555.  2854.  2215.
  2784.  1937.  2073.  1917.  1954.]
43 [ 1370.  3506.  2821.  4447.  2529.  1188.  2314.  3446.  1655.  2001.
  1578.  1466.  1338.  3969.  2015.  3746.  2302.  2552.  2867.  2209.
  2778.  1937.  2075.  1918.  1973.]
44 [ 1370.  3490.  2816.  4449.  2531.  1187.  2315.  3445.  1655.  1989.
  1578.  1465.  1342.  3944.  2009.  3775.  2298.  2553.  2884.  2204.
  2782.  1938.  2078.  1917.  1986.]
45 [ 1371.  3481.  2813.  4448.  2539.  1188.  2314.  3445.  1655.  1986.
  1579.  1464.  1344.  3924.  2004.  3789.  2298.  2551.  2901.  2201.
  2784.  1936.  2080.  1914.  1991.]
46 [ 1370.  3469.  2807.  4446.  2542.  1189.  2316.  3443.  1655.  1987.
  1579.  1463.  1346.  3912.  1999.  3808.  2303.  2552.  2912.  2198.
  2786.  1937.  2079.  1914.  1988.]
47 [ 1371.  3453.  2808.  4445.  2545.  1190.  2316.  3442.  1655.  1974.
  1578.  1463.  1349.  3905.  1999.  3814.  2305.  2551.  2924.  2203.
  2790.  1934.  2079.  1913.  1994.]
48 [ 1370.  3449.  2811.  4446.  2552.  1190.  2316.  3440.  1657.  1966.
  1576.  1462.  1351.  3879.  1997.  3820.  2303.  2551.  2941.  2204.
  2797.  1930.  2080.  1913.  1999.]
49 [ 1371.  3444.  2807.  4440.  2557.  1190.  2316.  3442.  1659.  1961.
  1574.  1459.  1351.  3860.  1993.  3838.  2297.  2551.  2953.  2205.
  2798.  1930.  2083.  1915.  2006.]
50 [ 1371.  3438.  2800.  4440.  2560.  1191.  2318.  3441.  1658.  1958.
  1575.  1454.  1348.  3847.  1993.  3849.  2295.  2549.  2967.  2210.
  2801.  1931.  2083.  1916.  2007.]
51 [ 1369.  3436.  2795.  4435.  2564.  1192.  2318.  3441.  1657.  1956.
  1575.  1454.  1349.  3831.  1993.  3853.  2291.  2549.  2987.  2213.
  2800.  1932.  2086.  1917.  2007.]
52 [ 1368.  3439.  2794.  4430.  2570.  1192.  2317.  3440.  1658.  1955.
  1575.  1454.  1347.  3814.  1992.  3854.  2289.  2547.  3005.  2215.
  2798.  1932.  2089.  1918.  2008.]
53 [ 1367.  3442.  2786.  4422.  2571.  1192.  2317.  3440.  1658.  1955.
  1574.  1452.  1348.  3807.  1993.  3851.  2290.  2546.  3031.  2215.
  2797.  1932.  2091.  1916.  2007.]
54 [ 1368.  3449.  2775.  4417.  2578.  1192.  2318.  3439.  1657.  1956.
  1574.  1452.  1349.  3785.  1993.  3861.  2290.  2546.  3048.  2210.
  2795.  1932.  2094.  1913.  2009.]
55 [ 1368.  3463.  2761.  4412.  2588.  1191.  2318.  3437.  1657.  1962.
  1574.  1451.  1349.  3765.  1992.  3869.  2284.  2545.  3065.  2204.
  2794.  1930.  2100.  1912.  2009.]
56 [ 1368.  3473.  2746.  4406.  2599.  1190.  2318.  3435.  1656.  1964.
  1574.  1451.  1348.  3751.  1994.  3881.  2276.  2547.  3082.  2196.
  2790.  1929.  2103.  1911.  2012.]
57 [ 1368.  3475.  2736.  4402.  2598.  1189.  2318.  3436.  1656.  1963.
  1574.  1452.  1347.  3737.  1995.  3890.  2270.  2547.  3100.  2195.
  2788.  1928.  2106.  1911.  2019.]
58 [ 1368.  3481.  2728.  4396.  2594.  1188.  2317.  3435.  1656.  1956.
  1574.  1451.  1347.  3719.  1995.  3899.  2270.  2548.  3118.  2194.
  2788.  1927.  2108.  1913.  2030.]
59 [ 1368.  3483.  2720.  4388.  2593.  1189.  2317.  3435.  1656.  1955.
  1573.  1453.  1352.  3704.  1996.  3903.  2270.  2546.  3142.  2188.
  2787.  1925.  2112.  1910.  2035.]
60 [ 1368.  3492.  2712.  4378.  2596.  1189.  2317.  3434.  1656.  1956.
  1573.  1452.  1353.  3684.  1995.  3904.  2271.  2546.  3166.  2185.
  2786.  1925.  2116.  1910.  2036.]
61 [ 1368.  3506.  2707.  4368.  2593.  1189.  2318.  3433.  1655.  1960.
  1573.  1452.  1352.  3666.  1995.  3908.  2270.  2545.  3191.  2178.
  2780.  1926.  2118.  1912.  2037.]
62 [ 1368.  3525.  2694.  4359.  2595.  1189.  2319.  3432.  1655.  1956.
  1573.  1452.  1352.  3639.  1996.  3917.  2266.  2545.  3217.  2178.
  2776.  1927.  2120.  1912.  2038.]
63 [ 1368.  3537.  2687.  4353.  2596.  1189.  2319.  3431.  1656.  1956.
  1573.  1454.  1350.  3614.  1998.  3911.  2263.  2546.  3249.  2179.
  2775.  1926.  2121.  1912.  2037.]
64 [ 1368.  3549.  2680.  4343.  2597.  1188.  2320.  3428.  1657.  1958.
  1573.  1454.  1349.  3591.  1999.  3916.  2262.  2545.  3279.  2177.
  2771.  1925.  2122.  1915.  2034.]
65 [ 1368.  3568.  2666.  4337.  2607.  1188.  2321.  3428.  1657.  1953.
  1573.  1452.  1349.  3564.  1999.  3913.  2261.  2545.  3311.  2174.
  2767.  1924.  2124.  1917.  2034.]
66 [ 1367.  3575.  2657.  4327.  2611.  1187.  2322.  3431.  1657.  1952.
  1573.  1451.  1349.  3534.  2002.  3929.  2259.  2544.  3337.  2173.
  2764.  1924.  2126.  1915.  2034.]
67 [ 1367.  3597.  2637.  4317.  2612.  1186.  2324.  3433.  1657.  1951.
  1573.  1454.  1348.  3504.  2005.  3952.  2259.  2543.  3352.  2172.
  2758.  1925.  2126.  1912.  2036.]
68 [ 1367.  3608.  2624.  4308.  2614.  1186.  2326.  3431.  1657.  1949.
  1573.  1456.  1348.  3481.  2007.  3954.  2260.  2541.  3386.  2172.
  2755.  1926.  2127.  1908.  2036.]
69 [ 1367.  3617.  2617.  4295.  2612.  1186.  2326.  3430.  1657.  1949.
  1573.  1458.  1348.  3454.  2011.  3968.  2258.  2540.  3413.  2173.
  2755.  1925.  2128.  1904.  2036.]
70 [ 1367.  3629.  2603.  4281.  2606.  1186.  2326.  3430.  1657.  1950.
  1574.  1459.  1351.  3421.  2012.  4006.  2255.  2540.  3430.  2175.
  2753.  1923.  2129.  1903.  2034.]
71 [ 1368.  3634.  2592.  4267.  2606.  1187.  2328.  3431.  1656.  1950.
  1574.  1459.  1354.  3395.  2011.  4035.  2253.  2541.  3454.  2177.
  2746.  1920.  2128.  1901.  2033.]
72 [ 1366.  3645.  2576.  4259.  2603.  1187.  2330.  3430.  1657.  1951.
  1574.  1461.  1357.  3364.  2008.  4066.  2251.  2540.  3474.  2179.
  2742.  1919.  2128.  1900.  2033.]
73 [ 1365.  3660.  2562.  4251.  2599.  1187.  2332.  3430.  1659.  1951.
  1573.  1462.  1358.  3327.  2006.  4095.  2250.  2539.  3494.  2182.
  2737.  1919.  2130.  1899.  2033.]
74 [ 1365.  3680.  2553.  4240.  2594.  1187.  2332.  3431.  1659.  1951.
  1573.  1461.  1359.  3291.  2001.  4111.  2252.  2538.  3522.  2182.
  2734.  1921.  2131.  1898.  2034.]
75 [ 1365.  3698.  2545.  4234.  2595.  1187.  2331.  3430.  1660.  1951.
  1573.  1461.  1360.  3273.  1999.  4113.  2249.  2537.  3540.  2183.
  2731.  1923.  2133.  1895.  2034.]
76 [ 1365.  3713.  2540.  4230.  2594.  1187.  2330.  3430.  1660.  1951.
  1573.  1463.  1358.  3257.  1998.  4107.  2249.  2538.  3560.  2183.
  2730.  1921.  2135.  1894.  2034.]
77 [ 1365.  3729.  2530.  4225.  2594.  1187.  2330.  3430.  1660.  1951.
  1572.  1464.  1357.  3235.  1997.  4122.  2249.  2538.  3571.  2184.
  2727.  1923.  2134.  1892.  2034.]
78 [ 1365.  3741.  2514.  4220.  2598.  1187.  2330.  3430.  1660.  1951.
  1573.  1465.  1354.  3214.  1995.  4144.  2249.  2539.  3577.  2184.
  2726.  1924.  2133.  1893.  2034.]
79 [ 1365.  3748.  2504.  4217.  2600.  1187.  2331.  3429.  1660.  1951.
  1573.  1466.  1352.  3194.  1995.  4160.  2250.  2541.  3582.  2183.
  2727.  1924.  2133.  1894.  2034.]
80 [ 1365.  3755.  2495.  4216.  2600.  1187.  2332.  3430.  1660.  1951.
  1573.  1466.  1347.  3176.  1997.  4169.  2250.  2541.  3591.  2183.
  2727.  1924.  2132.  1899.  2034.]
81 [ 1365.  3755.  2493.  4211.  2599.  1187.  2332.  3431.  1660.  1952.
  1573.  1467.  1347.  3162.  1998.  4181.  2250.  2541.  3598.  2183.
  2725.  1923.  2134.  1900.  2033.]
82 [ 1365.  3761.  2490.  4208.  2598.  1187.  2331.  3432.  1660.  1952.
  1572.  1467.  1350.  3154.  1999.  4176.  2249.  2541.  3610.  2182.
  2723.  1923.  2137.  1900.  2033.]
83 [ 1365.  3762.  2487.  4207.  2598.  1187.  2331.  3434.  1660.  1953.
  1572.  1467.  1350.  3147.  2002.  4172.  2249.  2542.  3618.  2180.
  2723.  1924.  2137.  1900.  2033.]
84 [ 1365.  3763.  2488.  4206.  2597.  1187.  2331.  3435.  1660.  1955.
  1572.  1469.  1349.  3147.  2006.  4169.  2249.  2542.  3619.  2179.
  2720.  1924.  2137.  1898.  2033.]
85 [ 1365.  3762.  2483.  4205.  2596.  1188.  2332.  3436.  1660.  1959.
  1571.  1471.  1350.  3147.  2004.  4174.  2248.  2542.  3621.  2177.
  2718.  1924.  2137.  1897.  2033.]
86 [ 1365.  3759.  2478.  4204.  2595.  1188.  2332.  3437.  1660.  1959.
  1570.  1474.  1353.  3146.  2005.  4177.  2247.  2541.  3626.  2177.
  2715.  1924.  2137.  1896.  2035.]
87 [ 1365.  3758.  2469.  4204.  2595.  1188.  2332.  3438.  1660.  1963.
  1570.  1475.  1354.  3145.  2008.  4183.  2248.  2541.  3629.  2172.
  2714.  1924.  2137.  1892.  2036.]
88 [ 1365.  3755.  2462.  4202.  2600.  1188.  2333.  3439.  1660.  1963.
  1570.  1475.  1352.  3141.  2011.  4194.  2250.  2541.  3631.  2171.
  2710.  1924.  2137.  1889.  2037.]
89 [ 1365.  3754.  2455.  4198.  2601.  1188.  2334.  3440.  1660.  1963.
  1570.  1475.  1351.  3142.  2009.  4202.  2250.  2540.  3637.  2170.
  2709.  1924.  2138.  1887.  2038.]
90 [ 1365.  3753.  2451.  4195.  2601.  1188.  2334.  3441.  1660.  1970.
  1570.  1475.  1349.  3143.  2010.  4202.  2249.  2541.  3645.  2163.
  2707.  1924.  2140.  1886.  2038.]
91 [ 1365.  3751.  2449.  4195.  2601.  1188.  2334.  3440.  1660.  1972.
  1570.  1475.  1348.  3141.  2012.  4199.  2248.  2543.  3652.  2163.
  2707.  1924.  2140.  1885.  2038.]
92 [ 1365.  3749.  2449.  4195.  2602.  1188.  2334.  3439.  1660.  1971.
  1570.  1475.  1347.  3138.  2015.  4198.  2248.  2543.  3660.  2160.
  2706.  1925.  2140.  1883.  2040.]
93 [ 1365.  3748.  2448.  4193.  2604.  1188.  2334.  3439.  1660.  1970.
  1569.  1474.  1346.  3136.  2019.  4200.  2248.  2543.  3665.  2159.
  2706.  1924.  2140.  1881.  2041.]
94 [ 1365.  3748.  2448.  4194.  2604.  1188.  2335.  3439.  1660.  1970.
  1569.  1474.  1344.  3136.  2017.  4198.  2248.  2543.  3667.  2159.
  2707.  1926.  2139.  1881.  2041.]
95 [ 1365.  3749.  2446.  4194.  2604.  1188.  2335.  3439.  1660.  1970.
  1569.  1475.  1343.  3135.  2013.  4199.  2248.  2543.  3670.  2159.
  2708.  1926.  2139.  1882.  2041.]
96 [ 1365.  3750.  2446.  4193.  2604.  1188.  2335.  3439.  1660.  1970.
  1568.  1475.  1344.  3136.  2014.  4200.  2248.  2543.  3668.  2159.
  2708.  1926.  2139.  1881.  2041.]
97 [ 1365.  3749.  2446.  4193.  2604.  1188.  2335.  3439.  1660.  1970.
  1567.  1476.  1345.  3137.  2014.  4201.  2248.  2543.  3667.  2159.
  2707.  1926.  2140.  1880.  2041.]
98 [ 1365.  3750.  2446.  4193.  2604.  1188.  2335.  3439.  1660.  1970.
  1566.  1479.  1346.  3137.  2010.  4200.  2248.  2543.  3667.  2159.
  2708.  1926.  2140.  1880.  2041.]
99 [ 1365.  3751.  2446.  4193.  2604.  1188.  2335.  3439.  1660.  1970.
  1565.  1480.  1347.  3139.  2010.  4200.  2248.  2543.  3665.  2159.
  2706.  1926.  2140.  1880.  2041.]
100 [ 1365.  3751.  2446.  4193.  2604.  1188.  2335.  3439.  1659.  1970.
  1565.  1480.  1348.  3140.  2010.  4200.  2248.  2543.  3664.  2159.
  2706.  1926.  2140.  1880.  2041.]
101 [ 1365.  3751.  2446.  4193.  2604.  1188.  2335.  3439.  1659.  1970.
  1565.  1480.  1348.  3139.  2010.  4201.  2248.  2543.  3664.  2159.
  2706.  1926.  2140.  1880.  2041.]
102 [ 1365.  3751.  2446.  4193.  2604.  1188.  2335.  3439.  1659.  1970.
  1565.  1480.  1348.  3138.  2010.  4202.  2248.  2543.  3664.  2159.
  2706.  1926.  2140.  1880.  2041.]
[ 1365.  3751.  2446.  4193.  2604.  1188.  2335.  3439.  1659.  1970.
  1565.  1480.  1348.  3138.  2010.  4202.  2248.  2543.  3664.  2159.
  2706.  1926.  2140.  1880.  2041.]
Time spent clustering :  12702.7325201
means_kplusplus_cluster25
Digit: 0  Purity: 94.4% SD: 1553.5  Count: 5777
Digit: 1  Purity: 86.0% SD: 1067.6  Count: 7632
Digit: 2  Purity: 95.3% SD: 1702.5  Count: 4878
Digit: 3  Purity: 61.0% SD: 1592.4  Count: 8774
Digit: 4  Purity: 53.1% SD: 1573.4  Count: 6802
Digit: 5  Purity: 66.9% SD: 1564.9  Count: 4632
Digit: 6  Purity: 84.1% SD: 1494.9  Count: 6718
Digit: 7  Purity: 75.6% SD: 1399.7  Count: 6197
Digit: 8  Purity: 86.1% SD: 1556.4  Count: 4388
Digit: 9  Purity: 46.7% SD: 1380.7  Count: 4202
Our accuracy in predicting test data for k = 25 was 75.697569757 %
Time spent testing :  22.5013811588
