17 means kplusplus 100
0 [ 3996.  2043.  5084.  2087.  6383.  4003.  2322.  2386.  2520.  2614.
  3189.  3850.  5425.  3694.  4010.  3104.  3290.]
1 [ 3175.  2153.  4137.  2424.  5346.  3761.  2921.  2297.  3227.  3015.
  3271.  3673.  4893.  4079.  4604.  3071.  3953.]
2 [ 3064.  2249.  3796.  2772.  4748.  3737.  3008.  2212.  3540.  3357.
  3154.  3606.  4503.  4238.  4859.  2847.  4310.]
3 [ 2988.  2308.  3757.  3100.  4348.  3736.  3009.  2151.  3601.  3572.
  3128.  3559.  4357.  4303.  4944.  2677.  4462.]
4 [ 2951.  2321.  3854.  3373.  4094.  3688.  2965.  2106.  3583.  3743.
  3135.  3525.  4325.  4329.  4895.  2572.  4541.]
5 [ 2922.  2335.  4005.  3580.  3947.  3624.  2860.  2076.  3562.  3901.
  3149.  3506.  4389.  4337.  4693.  2549.  4565.]
6 [ 2912.  2382.  4157.  3685.  3853.  3561.  2777.  2038.  3537.  4101.
  3127.  3480.  4463.  4342.  4483.  2528.  4574.]
7 [ 2904.  2443.  4274.  3708.  3798.  3489.  2718.  2011.  3502.  4326.
  3050.  3455.  4532.  4353.  4312.  2547.  4578.]
8 [ 2887.  2476.  4415.  3706.  3758.  3458.  2690.  1984.  3474.  4488.
  2965.  3393.  4600.  4344.  4215.  2560.  4587.]
9 [ 2859.  2531.  4516.  3694.  3737.  3457.  2658.  1956.  3470.  4583.
  2870.  3321.  4651.  4326.  4179.  2581.  4611.]
10 [ 2843.  2553.  4627.  3674.  3727.  3461.  2631.  1930.  3457.  4638.
  2781.  3254.  4690.  4317.  4157.  2611.  4649.]
11 [ 2814.  2564.  4711.  3653.  3726.  3441.  2632.  1907.  3478.  4692.
  2706.  3226.  4702.  4314.  4134.  2630.  4670.]
12 [ 2779.  2600.  4781.  3621.  3722.  3437.  2638.  1876.  3480.  4745.
  2654.  3199.  4710.  4314.  4116.  2652.  4676.]
13 [ 2761.  2607.  4829.  3585.  3724.  3464.  2638.  1843.  3482.  4779.
  2594.  3191.  4708.  4312.  4118.  2671.  4694.]
14 [ 2758.  2644.  4859.  3560.  3731.  3482.  2640.  1815.  3497.  4821.
  2530.  3153.  4710.  4312.  4114.  2688.  4686.]
15 [ 2756.  2663.  4890.  3551.  3735.  3498.  2632.  1791.  3489.  4849.
  2493.  3145.  4701.  4313.  4113.  2700.  4681.]
16 [ 2744.  2687.  4888.  3543.  3742.  3524.  2632.  1767.  3493.  4871.
  2474.  3138.  4695.  4314.  4111.  2706.  4671.]
17 [ 2728.  2697.  4878.  3546.  3741.  3561.  2632.  1743.  3492.  4879.
  2478.  3133.  4686.  4319.  4118.  2715.  4654.]
18 [ 2719.  2718.  4879.  3540.  3744.  3574.  2635.  1735.  3485.  4891.
  2478.  3136.  4679.  4316.  4116.  2716.  4639.]
19 [ 2702.  2742.  4884.  3538.  3740.  3604.  2635.  1722.  3477.  4898.
  2487.  3115.  4677.  4315.  4123.  2720.  4621.]
20 [ 2695.  2782.  4884.  3542.  3732.  3640.  2638.  1709.  3471.  4910.
  2500.  3065.  4662.  4316.  4117.  2723.  4614.]
21 [ 2687.  2828.  4852.  3559.  3724.  3673.  2638.  1703.  3465.  4924.
  2502.  3038.  4648.  4319.  4126.  2721.  4593.]
22 [ 2682.  2876.  4827.  3565.  3714.  3705.  2638.  1692.  3454.  4935.
  2507.  3008.  4636.  4320.  4134.  2721.  4586.]
23 [ 2675.  2912.  4812.  3567.  3707.  3718.  2637.  1685.  3448.  4940.
  2512.  2995.  4627.  4325.  4147.  2724.  4569.]
24 [ 2676.  2949.  4778.  3583.  3698.  3751.  2641.  1675.  3434.  4938.
  2514.  2970.  4624.  4324.  4161.  2722.  4562.]
25 [ 2677.  2981.  4767.  3589.  3690.  3797.  2646.  1668.  3423.  4939.
  2521.  2927.  4615.  4323.  4163.  2720.  4554.]
26 [ 2671.  3010.  4777.  3593.  3679.  3835.  2648.  1663.  3416.  4944.
  2528.  2877.  4614.  4324.  4162.  2719.  4540.]
27 [ 2665.  3048.  4789.  3600.  3674.  3846.  2647.  1659.  3402.  4954.
  2531.  2841.  4613.  4323.  4162.  2719.  4527.]
28 [ 2659.  3072.  4802.  3611.  3670.  3861.  2645.  1655.  3384.  4960.
  2533.  2802.  4618.  4321.  4176.  2718.  4513.]
29 [ 2657.  3090.  4812.  3621.  3665.  3882.  2645.  1650.  3364.  4970.
  2538.  2775.  4615.  4319.  4185.  2718.  4494.]
30 [ 2656.  3118.  4821.  3629.  3666.  3887.  2643.  1648.  3343.  4977.
  2537.  2746.  4612.  4320.  4196.  2717.  4484.]
31 [ 2649.  3149.  4835.  3642.  3669.  3898.  2639.  1648.  3321.  4975.
  2533.  2715.  4603.  4321.  4216.  2717.  4470.]
32 [ 2647.  3184.  4851.  3651.  3667.  3881.  2639.  1645.  3300.  4974.
  2527.  2698.  4602.  4326.  4229.  2716.  4463.]
33 [ 2642.  3204.  4874.  3659.  3668.  3883.  2639.  1647.  3289.  4969.
  2525.  2675.  4603.  4329.  4231.  2714.  4449.]
34 [ 2637.  3232.  4872.  3666.  3670.  3880.  2637.  1646.  3286.  4968.
  2520.  2663.  4603.  4330.  4239.  2714.  4437.]
35 [ 2629.  3255.  4881.  3672.  3677.  3877.  2639.  1645.  3277.  4968.
  2521.  2643.  4604.  4329.  4235.  2714.  4434.]
36 [ 2624.  3279.  4901.  3672.  3682.  3857.  2637.  1642.  3280.  4965.
  2521.  2641.  4596.  4328.  4235.  2712.  4428.]
37 [ 2624.  3315.  4906.  3674.  3683.  3865.  2637.  1640.  3283.  4956.
  2517.  2607.  4598.  4327.  4235.  2712.  4421.]
38 [ 2625.  3328.  4923.  3674.  3684.  3885.  2632.  1639.  3290.  4951.
  2516.  2577.  4587.  4330.  4233.  2713.  4413.]
39 [ 2622.  3346.  4946.  3678.  3688.  3874.  2632.  1638.  3295.  4940.
  2515.  2563.  4578.  4329.  4231.  2712.  4413.]
40 [ 2621.  3368.  4951.  3673.  3693.  3862.  2633.  1636.  3308.  4933.
  2512.  2568.  4570.  4329.  4227.  2711.  4405.]
41 [ 2616.  3382.  4964.  3670.  3696.  3848.  2634.  1635.  3312.  4934.
  2516.  2569.  4566.  4326.  4226.  2711.  4395.]
42 [ 2614.  3399.  4986.  3668.  3697.  3829.  2635.  1634.  3329.  4932.
  2516.  2554.  4562.  4326.  4232.  2710.  4377.]
43 [ 2612.  3409.  5000.  3670.  3694.  3815.  2634.  1632.  3343.  4931.
  2517.  2550.  4556.  4325.  4234.  2708.  4370.]
44 [ 2612.  3414.  5000.  3679.  3693.  3814.  2635.  1631.  3348.  4928.
  2516.  2544.  4551.  4326.  4237.  2708.  4364.]
45 [ 2612.  3421.  4997.  3681.  3694.  3803.  2635.  1631.  3352.  4925.
  2516.  2547.  4551.  4327.  4239.  2707.  4362.]
46 [ 2613.  3422.  4996.  3683.  3692.  3796.  2635.  1631.  3356.  4924.
  2516.  2554.  4550.  4327.  4237.  2707.  4361.]
47 [ 2614.  3425.  5000.  3682.  3693.  3790.  2635.  1631.  3358.  4922.
  2516.  2551.  4550.  4327.  4240.  2707.  4359.]
48 [ 2615.  3423.  5005.  3680.  3692.  3791.  2635.  1630.  3360.  4922.
  2519.  2546.  4551.  4327.  4241.  2707.  4356.]
49 [ 2616.  3425.  5004.  3679.  3693.  3789.  2635.  1629.  3361.  4921.
  2520.  2546.  4551.  4326.  4241.  2707.  4357.]
50 [ 2616.  3426.  5001.  3682.  3693.  3792.  2635.  1629.  3360.  4919.
  2520.  2544.  4551.  4325.  4242.  2707.  4358.]
51 [ 2616.  3426.  5002.  3683.  3693.  3798.  2635.  1629.  3360.  4918.
  2520.  2539.  4550.  4324.  4244.  2707.  4356.]
52 [ 2616.  3426.  5004.  3684.  3693.  3799.  2635.  1629.  3361.  4917.
  2520.  2535.  4550.  4324.  4244.  2707.  4356.]
53 [ 2616.  3426.  5004.  3685.  3692.  3798.  2635.  1629.  3363.  4917.
  2520.  2534.  4550.  4324.  4244.  2707.  4356.]
54 [ 2616.  3426.  5003.  3686.  3692.  3798.  2635.  1629.  3363.  4917.
  2520.  2534.  4550.  4324.  4244.  2707.  4356.]
[ 2616.  3426.  5003.  3686.  3692.  3798.  2635.  1629.  3363.  4917.
  2520.  2534.  4550.  4324.  4244.  2707.  4356.]
Time spent clustering :  5810.91155887
means_kplusplus_cluster17
Digit: 0  Purity: 92.7% SD: 1656.6  Count: 5342
Digit: 1  Purity: 80.2% SD: 1121.5  Count: 8242
Digit: 2  Purity: 95.3% SD: 1775.5  Count: 4324
Digit: 3  Purity: 53.7% SD: 1666.6  Count: 9161
Digit: 4  Purity: 52.4% SD: 1580.6  Count: 7112
Digit: 5  Purity: 49.6% SD: 1608.4  Count: 3363
Digit: 6  Purity: 83.0% SD: 1537.5  Count: 6765
Digit: 7  Purity: 75.0% SD: 1403.0  Count: 6332
Digit: 8  Purity: 75.5% SD: 1623.2  Count: 4356
Digit: 9  Purity: 38.6% SD: 1438.4  Count: 5003
Our accuracy in predicting test data for k = 17 was 69.0469046905 %
Time spent testing :  45.5945949554
