40 means kplusplus 100
0 [ 1667.  1670.   768.  1527.   794.  1626.  1311.  1743.  1126.  1426.
  1324.   546.   927.  1338.  1067.  2247.  1638.  1351.  1255.  2580.
  1407.  2376.   963.  1920.  1565.  1369.  1528.  1120.   887.  2802.
  1160.  1220.  1566.  2276.  1423.   596.  3235.  1509.  1766.  1381.]
1 [ 1740.  1654.   863.  1518.  1013.  1755.  1504.  1593.  1180.  1659.
  1305.   687.  1036.  1350.  1230.  1969.  1728.  1420.  1235.  1986.
  1311.  2691.  1060.  1721.  1538.  1455.  1491.  1221.  1095.  2522.
  1243.  1177.  1559.  2149.  1286.   965.  2700.  1532.  1676.  1183.]
2 [ 1778.  1598.  1049.  1451.  1130.  1815.  1540.  1502.  1155.  1714.
  1274.   794.  1074.  1377.  1419.  1893.  1911.  1356.  1283.  1668.
  1333.  2762.  1150.  1573.  1591.  1585.  1617.  1204.  1236.  2365.
  1150.  1138.  1465.  2081.  1181.  1166.  2242.  1597.  1666.  1117.]
3 [ 1764.  1581.  1141.  1432.  1146.  1817.  1569.  1502.  1119.  1703.
  1234.   842.  1067.  1369.  1520.  1921.  2029.  1303.  1310.  1479.
  1410.  2668.  1226.  1456.  1657.  1716.  1743.  1187.  1363.  2282.
  1060.  1126.  1388.  2008.  1142.  1276.  1964.  1662.  1717.  1101.]
4 [ 1764.  1524.  1179.  1439.  1182.  1770.  1607.  1511.  1108.  1692.
  1276.   875.  1074.  1345.  1593.  1985.  2014.  1298.  1328.  1391.
  1438.  2472.  1289.  1371.  1695.  1777.  1816.  1225.  1482.  2192.
   990.  1093.  1318.  1913.  1202.  1351.  1795.  1711.  1782.  1133.]
5 [ 1772.  1498.  1192.  1451.  1235.  1707.  1640.  1521.  1107.  1670.
  1317.   907.  1068.  1339.  1641.  2036.  1984.  1274.  1368.  1344.
  1461.  2315.  1318.  1313.  1692.  1857.  1854.  1276.  1545.  2128.
   918.  1072.  1293.  1814.  1273.  1397.  1703.  1745.  1829.  1126.]
6 [ 1788.  1486.  1197.  1474.  1254.  1645.  1672.  1545.  1111.  1643.
  1382.   908.  1105.  1315.  1672.  2058.  1969.  1250.  1399.  1338.
  1463.  2166.  1332.  1282.  1678.  1891.  1875.  1324.  1579.  2083.
   864.  1071.  1279.  1738.  1367.  1427.  1630.  1761.  1855.  1124.]
7 [ 1782.  1486.  1196.  1476.  1250.  1587.  1692.  1565.  1107.  1625.
  1430.   913.  1141.  1292.  1668.  2081.  1948.  1226.  1438.  1344.
  1450.  2065.  1341.  1263.  1659.  1923.  1889.  1358.  1605.  2031.
   842.  1074.  1272.  1680.  1469.  1440.  1597.  1781.  1891.  1123.]
8 [ 1782.  1485.  1215.  1468.  1260.  1544.  1715.  1585.  1111.  1619.
  1453.   930.  1173.  1268.  1659.  2092.  1953.  1220.  1480.  1356.
  1448.  1991.  1344.  1256.  1636.  1917.  1861.  1377.  1624.  2001.
   836.  1087.  1259.  1640.  1533.  1446.  1573.  1790.  1910.  1103.]
9 [ 1774.  1486.  1239.  1468.  1261.  1518.  1734.  1568.  1116.  1621.
  1446.   948.  1214.  1257.  1659.  2096.  1956.  1204.  1494.  1364.
  1436.  1948.  1337.  1251.  1610.  1896.  1852.  1399.  1638.  1972.
   838.  1097.  1256.  1609.  1581.  1459.  1557.  1800.  1931.  1110.]
10 [ 1757.  1492.  1248.  1471.  1270.  1504.  1762.  1576.  1116.  1618.
  1435.   956.  1241.  1231.  1668.  2106.  1966.  1192.  1508.  1361.
  1432.  1927.  1327.  1255.  1570.  1880.  1833.  1425.  1638.  1953.
   857.  1104.  1253.  1592.  1614.  1466.  1548.  1812.  1935.  1101.]
11 [ 1752.  1499.  1253.  1462.  1283.  1493.  1788.  1582.  1128.  1608.
  1434.   968.  1272.  1218.  1666.  2111.  1980.  1171.  1510.  1379.
  1421.  1907.  1320.  1259.  1528.  1865.  1817.  1452.  1638.  1940.
   886.  1109.  1246.  1572.  1630.  1459.  1537.  1812.  1935.  1110.]
12 [ 1733.  1509.  1252.  1479.  1287.  1487.  1820.  1581.  1133.  1601.
  1431.   987.  1292.  1212.  1663.  2114.  1997.  1158.  1499.  1381.
  1404.  1895.  1319.  1260.  1483.  1840.  1796.  1490.  1639.  1926.
   899.  1120.  1253.  1554.  1648.  1458.  1528.  1815.  1935.  1122.]
13 [ 1717.  1518.  1251.  1472.  1289.  1473.  1840.  1559.  1133.  1597.
  1431.   995.  1308.  1214.  1670.  2110.  2003.  1148.  1502.  1385.
  1393.  1889.  1317.  1262.  1431.  1830.  1779.  1517.  1645.  1923.
   916.  1134.  1255.  1555.  1665.  1454.  1525.  1815.  1935.  1145.]
14 [ 1711.  1525.  1253.  1476.  1284.  1468.  1858.  1551.  1133.  1604.
  1429.  1022.  1315.  1207.  1666.  2114.  2012.  1136.  1511.  1381.
  1380.  1887.  1295.  1266.  1400.  1826.  1758.  1525.  1642.  1916.
   927.  1155.  1257.  1550.  1681.  1447.  1521.  1818.  1937.  1156.]
15 [ 1710.  1531.  1256.  1478.  1281.  1471.  1867.  1546.  1138.  1607.
  1422.  1038.  1328.  1210.  1667.  2117.  2013.  1125.  1511.  1386.
  1364.  1888.  1284.  1264.  1365.  1816.  1745.  1543.  1647.  1909.
   928.  1169.  1256.  1529.  1702.  1441.  1516.  1819.  1941.  1172.]
16 [ 1697.  1535.  1262.  1474.  1273.  1466.  1887.  1547.  1141.  1602.
  1416.  1048.  1342.  1207.  1659.  2122.  2021.  1122.  1512.  1387.
  1355.  1897.  1284.  1266.  1331.  1812.  1740.  1549.  1649.  1904.
   934.  1188.  1254.  1518.  1706.  1432.  1511.  1805.  1938.  1207.]
17 [ 1691.  1536.  1260.  1479.  1268.  1464.  1905.  1546.  1139.  1596.
  1411.  1072.  1347.  1194.  1651.  2126.  2018.  1120.  1516.  1387.
  1345.  1911.  1284.  1267.  1293.  1806.  1730.  1561.  1654.  1903.
   954.  1199.  1248.  1506.  1703.  1423.  1515.  1799.  1937.  1236.]
18 [ 1695.  1539.  1258.  1474.  1274.  1459.  1912.  1544.  1142.  1603.
  1411.  1079.  1349.  1187.  1648.  2129.  2017.  1117.  1508.  1383.
  1337.  1919.  1278.  1265.  1265.  1803.  1706.  1568.  1657.  1902.
   977.  1216.  1246.  1507.  1687.  1427.  1517.  1789.  1936.  1270.]
19 [ 1689.  1541.  1255.  1473.  1270.  1455.  1908.  1555.  1147.  1604.
  1408.  1078.  1353.  1188.  1647.  2131.  2023.  1114.  1501.  1381.
  1334.  1933.  1273.  1264.  1248.  1799.  1676.  1581.  1664.  1900.
   992.  1228.  1252.  1507.  1687.  1419.  1520.  1777.  1934.  1291.]
20 [ 1687.  1539.  1249.  1475.  1259.  1451.  1914.  1560.  1152.  1602.
  1414.  1078.  1357.  1186.  1646.  2130.  2025.  1111.  1502.  1379.
  1324.  1953.  1265.  1264.  1234.  1798.  1658.  1586.  1664.  1899.
  1018.  1237.  1251.  1512.  1680.  1410.  1521.  1768.  1936.  1306.]
21 [ 1680.  1536.  1249.  1475.  1257.  1448.  1916.  1556.  1161.  1604.
  1417.  1071.  1359.  1187.  1648.  2134.  2025.  1109.  1499.  1380.
  1324.  1967.  1260.  1265.  1223.  1795.  1643.  1593.  1665.  1895.
  1038.  1240.  1250.  1515.  1680.  1408.  1521.  1756.  1932.  1319.]
22 [ 1674.  1537.  1247.  1474.  1252.  1445.  1912.  1557.  1170.  1607.
  1418.  1067.  1363.  1184.  1653.  2135.  2018.  1107.  1500.  1378.
  1321.  1975.  1261.  1265.  1211.  1794.  1624.  1605.  1664.  1895.
  1055.  1247.  1252.  1516.  1682.  1403.  1523.  1747.  1930.  1332.]
23 [ 1675.  1535.  1246.  1468.  1246.  1444.  1909.  1562.  1176.  1617.
  1415.  1072.  1363.  1175.  1653.  2135.  2020.  1106.  1497.  1374.
  1320.  1978.  1254.  1267.  1209.  1795.  1604.  1612.  1666.  1895.
  1071.  1253.  1252.  1518.  1685.  1399.  1525.  1738.  1929.  1342.]
24 [ 1671.  1537.  1243.  1472.  1235.  1443.  1910.  1565.  1178.  1614.
  1414.  1076.  1363.  1168.  1653.  2137.  2017.  1106.  1492.  1369.
  1317.  1985.  1251.  1268.  1207.  1804.  1578.  1612.  1665.  1898.
  1093.  1256.  1258.  1518.  1686.  1398.  1527.  1738.  1929.  1349.]
25 [ 1668.  1537.  1239.  1472.  1235.  1444.  1907.  1562.  1181.  1615.
  1416.  1076.  1363.  1164.  1649.  2139.  2022.  1104.  1492.  1363.
  1319.  1993.  1242.  1268.  1206.  1804.  1573.  1617.  1667.  1898.
  1106.  1252.  1261.  1523.  1680.  1394.  1529.  1738.  1929.  1353.]
26 [ 1673.  1538.  1237.  1467.  1238.  1443.  1905.  1559.  1181.  1617.
  1418.  1076.  1361.  1170.  1646.  2140.  2023.  1102.  1495.  1360.
  1323.  2002.  1231.  1268.  1206.  1803.  1551.  1622.  1671.  1897.
  1125.  1251.  1261.  1524.  1675.  1387.  1530.  1735.  1929.  1360.]
27 [ 1673.  1540.  1233.  1463.  1241.  1443.  1904.  1557.  1181.  1625.
  1422.  1078.  1361.  1172.  1643.  2141.  2021.  1099.  1495.  1359.
  1323.  2015.  1233.  1269.  1205.  1806.  1540.  1622.  1672.  1898.
  1131.  1253.  1265.  1530.  1658.  1377.  1531.  1735.  1928.  1358.]
28 [ 1673.  1540.  1230.  1459.  1240.  1445.  1903.  1553.  1182.  1625.
  1423.  1076.  1363.  1171.  1644.  2143.  2021.  1100.  1497.  1357.
  1324.  2023.  1237.  1269.  1204.  1809.  1528.  1624.  1672.  1900.
  1136.  1254.  1267.  1532.  1651.  1375.  1530.  1732.  1928.  1360.]
29 [ 1673.  1539.  1230.  1455.  1237.  1446.  1900.  1551.  1187.  1622.
  1423.  1079.  1363.  1168.  1645.  2144.  2020.  1098.  1498.  1359.
  1323.  2028.  1226.  1269.  1203.  1810.  1523.  1624.  1676.  1901.
  1159.  1259.  1269.  1534.  1645.  1363.  1530.  1728.  1928.  1365.]
30 [ 1673.  1539.  1232.  1452.  1236.  1447.  1900.  1542.  1188.  1623.
  1424.  1078.  1362.  1166.  1649.  2145.  2017.  1098.  1495.  1357.
  1324.  2031.  1222.  1269.  1198.  1810.  1524.  1623.  1680.  1901.
  1174.  1261.  1271.  1535.  1642.  1359.  1528.  1730.  1927.  1368.]
31 [ 1673.  1539.  1232.  1448.  1243.  1448.  1899.  1535.  1190.  1613.
  1427.  1083.  1361.  1162.  1650.  2145.  2013.  1099.  1498.  1356.
  1325.  2036.  1216.  1268.  1197.  1811.  1516.  1625.  1685.  1900.
  1189.  1261.  1273.  1548.  1633.  1347.  1527.  1730.  1928.  1371.]
32 [ 1675.  1542.  1228.  1449.  1249.  1450.  1898.  1525.  1195.  1603.
  1427.  1087.  1365.  1161.  1648.  2141.  2011.  1099.  1493.  1356.
  1324.  2037.  1215.  1268.  1198.  1812.  1511.  1627.  1690.  1901.
  1203.  1260.  1276.  1553.  1623.  1342.  1528.  1728.  1927.  1375.]
33 [ 1679.  1544.  1223.  1449.  1248.  1453.  1898.  1523.  1199.  1602.
  1426.  1097.  1366.  1155.  1647.  2141.  2008.  1101.  1489.  1361.
  1324.  2050.  1215.  1268.  1197.  1814.  1506.  1626.  1687.  1903.
  1203.  1258.  1274.  1553.  1612.  1341.  1530.  1727.  1926.  1377.]
34 [ 1678.  1543.  1223.  1447.  1253.  1453.  1896.  1524.  1201.  1603.
  1423.  1104.  1369.  1164.  1642.  2141.  2001.  1103.  1487.  1364.
  1325.  2055.  1216.  1268.  1194.  1830.  1494.  1625.  1688.  1903.
  1199.  1259.  1275.  1556.  1594.  1337.  1530.  1728.  1925.  1380.]
35 [ 1672.  1544.  1225.  1449.  1255.  1455.  1895.  1521.  1201.  1599.
  1422.  1099.  1370.  1172.  1639.  2141.  1999.  1105.  1483.  1365.
  1328.  2058.  1216.  1268.  1191.  1836.  1484.  1622.  1687.  1903.
  1197.  1262.  1278.  1562.  1592.  1339.  1528.  1731.  1925.  1382.]
36 [ 1670.  1546.  1227.  1449.  1261.  1456.  1891.  1522.  1201.  1595.
  1422.  1093.  1371.  1167.  1643.  2141.  1999.  1107.  1475.  1365.
  1329.  2057.  1214.  1268.  1191.  1849.  1493.  1619.  1680.  1903.
  1184.  1264.  1285.  1568.  1587.  1345.  1526.  1727.  1925.  1385.]
37 [ 1668.  1549.  1225.  1450.  1262.  1456.  1890.  1526.  1200.  1599.
  1421.  1094.  1373.  1161.  1640.  2141.  1997.  1107.  1471.  1367.
  1328.  2056.  1214.  1268.  1192.  1849.  1492.  1623.  1679.  1903.
  1171.  1266.  1290.  1569.  1584.  1351.  1526.  1726.  1926.  1390.]
38 [ 1665.  1549.  1226.  1448.  1266.  1456.  1891.  1531.  1200.  1603.
  1419.  1093.  1370.  1140.  1640.  2141.  1996.  1110.  1464.  1366.
  1330.  2054.  1215.  1269.  1192.  1853.  1507.  1621.  1679.  1903.
  1166.  1270.  1296.  1574.  1578.  1349.  1526.  1725.  1926.  1393.]
39 [ 1659.  1550.  1226.  1448.  1266.  1457.  1892.  1537.  1197.  1606.
  1419.  1094.  1370.  1132.  1644.  2142.  2000.  1113.  1457.  1366.
  1335.  2055.  1219.  1270.  1192.  1854.  1516.  1615.  1679.  1901.
  1156.  1274.  1297.  1572.  1572.  1349.  1525.  1725.  1926.  1393.]
40 [ 1659.  1551.  1225.  1448.  1269.  1457.  1892.  1539.  1196.  1609.
  1418.  1095.  1371.  1123.  1643.  2140.  1999.  1114.  1450.  1367.
  1336.  2052.  1220.  1270.  1191.  1857.  1519.  1615.  1679.  1901.
  1159.  1275.  1295.  1570.  1571.  1348.  1526.  1727.  1927.  1397.]
41 [ 1658.  1551.  1224.  1447.  1274.  1457.  1891.  1541.  1196.  1614.
  1417.  1092.  1373.  1114.  1645.  2139.  1999.  1116.  1448.  1365.
  1340.  2050.  1219.  1270.  1188.  1856.  1519.  1618.  1682.  1901.
  1158.  1276.  1293.  1570.  1571.  1349.  1527.  1728.  1929.  1395.]
42 [ 1656.  1551.  1224.  1446.  1282.  1457.  1890.  1541.  1196.  1615.
  1416.  1090.  1373.  1111.  1645.  2140.  1997.  1115.  1448.  1363.
  1344.  2047.  1223.  1270.  1190.  1858.  1517.  1615.  1681.  1902.
  1156.  1279.  1290.  1573.  1567.  1352.  1527.  1729.  1929.  1395.]
43 [ 1653.  1549.  1224.  1443.  1287.  1457.  1889.  1541.  1197.  1616.
  1417.  1088.  1373.  1105.  1648.  2140.  2000.  1117.  1443.  1358.
  1350.  2043.  1223.  1270.  1193.  1860.  1516.  1613.  1683.  1903.
  1160.  1281.  1292.  1575.  1563.  1351.  1526.  1729.  1929.  1395.]
44 [ 1651.  1550.  1224.  1441.  1292.  1458.  1887.  1542.  1197.  1617.
  1417.  1086.  1373.  1102.  1653.  2140.  2000.  1117.  1440.  1351.
  1348.  2040.  1223.  1271.  1192.  1860.  1514.  1614.  1684.  1904.
  1162.  1282.  1300.  1577.  1558.  1353.  1526.  1728.  1930.  1396.]
45 [ 1653.  1550.  1224.  1439.  1292.  1458.  1883.  1542.  1196.  1621.
  1417.  1086.  1373.  1102.  1660.  2139.  1996.  1116.  1438.  1348.
  1349.  2040.  1220.  1272.  1190.  1857.  1515.  1617.  1685.  1907.
  1159.  1282.  1305.  1579.  1556.  1354.  1526.  1728.  1930.  1396.]
46 [ 1653.  1550.  1223.  1434.  1295.  1458.  1878.  1542.  1196.  1620.
  1417.  1084.  1374.  1099.  1664.  2139.  1994.  1117.  1440.  1348.
  1349.  2042.  1222.  1272.  1188.  1854.  1516.  1622.  1686.  1907.
  1160.  1286.  1302.  1579.  1554.  1354.  1526.  1728.  1930.  1398.]
47 [ 1655.  1551.  1223.  1433.  1299.  1458.  1873.  1546.  1196.  1621.
  1417.  1082.  1374.  1097.  1669.  2139.  1994.  1119.  1437.  1347.
  1346.  2045.  1221.  1272.  1185.  1851.  1515.  1626.  1685.  1907.
  1161.  1292.  1303.  1581.  1546.  1353.  1527.  1726.  1930.  1398.]
48 [ 1655.  1552.  1224.  1430.  1302.  1458.  1870.  1544.  1196.  1624.
  1416.  1083.  1374.  1098.  1682.  2140.  1991.  1118.  1430.  1346.
  1345.  2044.  1217.  1272.  1181.  1851.  1513.  1634.  1686.  1907.
  1162.  1292.  1306.  1581.  1544.  1353.  1527.  1728.  1929.  1395.]
49 [ 1658.  1552.  1224.  1432.  1305.  1458.  1863.  1544.  1196.  1627.
  1416.  1083.  1376.  1096.  1682.  2140.  1987.  1118.  1428.  1353.
  1345.  2043.  1214.  1272.  1180.  1852.  1515.  1643.  1685.  1907.
  1162.  1291.  1304.  1577.  1539.  1354.  1527.  1728.  1929.  1395.]
50 [ 1663.  1552.  1223.  1432.  1313.  1458.  1860.  1543.  1196.  1629.
  1416.  1082.  1376.  1095.  1680.  2141.  1984.  1118.  1427.  1356.
  1345.  2045.  1213.  1272.  1176.  1853.  1515.  1648.  1686.  1904.
  1164.  1292.  1305.  1576.  1530.  1354.  1527.  1726.  1928.  1397.]
51 [ 1665.  1552.  1223.  1431.  1318.  1458.  1860.  1543.  1196.  1630.
  1416.  1082.  1374.  1093.  1680.  2141.  1980.  1118.  1425.  1356.
  1346.  2043.  1208.  1272.  1173.  1856.  1517.  1649.  1686.  1904.
  1162.  1293.  1308.  1579.  1528.  1354.  1527.  1723.  1928.  1403.]
52 [ 1666.  1551.  1224.  1430.  1328.  1458.  1861.  1544.  1196.  1630.
  1415.  1081.  1375.  1092.  1687.  2141.  1976.  1119.  1422.  1355.
  1348.  2039.  1209.  1272.  1170.  1857.  1515.  1651.  1687.  1904.
  1162.  1293.  1309.  1578.  1521.  1354.  1527.  1721.  1927.  1405.]
53 [ 1669.  1551.  1225.  1431.  1339.  1458.  1860.  1545.  1196.  1631.
  1414.  1081.  1373.  1091.  1683.  2143.  1972.  1120.  1421.  1354.
  1349.  2034.  1210.  1272.  1170.  1861.  1514.  1654.  1687.  1904.
  1164.  1292.  1310.  1577.  1511.  1354.  1527.  1718.  1927.  1408.]
54 [ 1670.  1551.  1225.  1429.  1349.  1458.  1862.  1545.  1195.  1631.
  1414.  1081.  1373.  1090.  1690.  2143.  1969.  1120.  1417.  1353.
  1350.  2030.  1211.  1272.  1168.  1862.  1511.  1654.  1687.  1904.
  1166.  1292.  1310.  1576.  1504.  1355.  1528.  1717.  1927.  1411.]
55 [ 1669.  1552.  1224.  1428.  1352.  1458.  1862.  1546.  1195.  1633.
  1414.  1081.  1373.  1088.  1688.  2143.  1970.  1120.  1414.  1352.
  1352.  2029.  1209.  1271.  1167.  1867.  1508.  1655.  1688.  1904.
  1167.  1295.  1312.  1577.  1500.  1355.  1528.  1715.  1926.  1413.]
56 [ 1670.  1552.  1224.  1427.  1357.  1459.  1862.  1546.  1195.  1632.
  1414.  1081.  1373.  1088.  1691.  2142.  1968.  1120.  1413.  1349.
  1351.  2028.  1210.  1271.  1165.  1869.  1507.  1657.  1688.  1904.
  1166.  1295.  1313.  1578.  1496.  1356.  1528.  1715.  1926.  1414.]
57 [ 1670.  1553.  1224.  1426.  1364.  1459.  1863.  1547.  1195.  1632.
  1413.  1080.  1373.  1088.  1691.  2142.  1966.  1120.  1414.  1349.
  1351.  2026.  1210.  1271.  1162.  1872.  1507.  1658.  1688.  1904.
  1167.  1295.  1314.  1577.  1489.  1357.  1528.  1715.  1925.  1415.]
58 [ 1670.  1553.  1224.  1425.  1370.  1460.  1864.  1547.  1196.  1634.
  1413.  1079.  1373.  1087.  1689.  2142.  1966.  1120.  1416.  1344.
  1351.  2024.  1210.  1270.  1162.  1875.  1506.  1656.  1689.  1904.
  1169.  1295.  1320.  1575.  1483.  1357.  1528.  1713.  1926.  1415.]
59 [ 1672.  1554.  1224.  1427.  1374.  1461.  1865.  1546.  1196.  1633.
  1413.  1078.  1373.  1086.  1689.  2141.  1966.  1119.  1415.  1340.
  1352.  2021.  1211.  1270.  1159.  1876.  1507.  1656.  1688.  1904.
  1170.  1294.  1324.  1575.  1483.  1356.  1528.  1713.  1926.  1415.]
60 [ 1674.  1554.  1223.  1427.  1380.  1461.  1862.  1544.  1196.  1631.
  1413.  1078.  1373.  1087.  1688.  2141.  1964.  1118.  1415.  1341.
  1355.  2019.  1211.  1270.  1160.  1878.  1507.  1656.  1688.  1904.
  1172.  1296.  1322.  1576.  1476.  1357.  1529.  1713.  1926.  1415.]
61 [ 1675.  1554.  1223.  1427.  1384.  1461.  1856.  1543.  1196.  1631.
  1413.  1078.  1372.  1088.  1687.  2141.  1963.  1116.  1415.  1342.
  1356.  2020.  1211.  1270.  1160.  1876.  1507.  1661.  1686.  1904.
  1174.  1296.  1323.  1576.  1474.  1359.  1529.  1713.  1925.  1415.]
62 [ 1674.  1553.  1223.  1427.  1387.  1461.  1853.  1542.  1196.  1634.
  1413.  1077.  1371.  1090.  1685.  2141.  1963.  1114.  1415.  1344.
  1357.  2019.  1209.  1271.  1157.  1878.  1506.  1665.  1685.  1904.
  1175.  1297.  1324.  1576.  1473.  1359.  1529.  1713.  1925.  1415.]
63 [ 1675.  1552.  1223.  1427.  1390.  1461.  1850.  1542.  1196.  1634.
  1413.  1077.  1372.  1089.  1683.  2140.  1963.  1113.  1415.  1344.
  1357.  2018.  1209.  1272.  1156.  1877.  1506.  1668.  1685.  1904.
  1177.  1297.  1327.  1575.  1472.  1359.  1529.  1713.  1925.  1415.]
64 [ 1677.  1552.  1223.  1426.  1393.  1461.  1845.  1542.  1196.  1632.
  1413.  1077.  1372.  1091.  1682.  2140.  1963.  1112.  1415.  1340.
  1360.  2019.  1209.  1272.  1158.  1874.  1505.  1672.  1685.  1904.
  1177.  1298.  1331.  1575.  1467.  1360.  1529.  1713.  1925.  1415.]
65 [ 1677.  1552.  1223.  1425.  1396.  1461.  1842.  1541.  1197.  1631.
  1413.  1076.  1372.  1093.  1682.  2140.  1963.  1111.  1414.  1338.
  1362.  2018.  1209.  1272.  1158.  1875.  1506.  1673.  1684.  1904.
  1178.  1298.  1334.  1575.  1464.  1360.  1529.  1714.  1925.  1415.]
66 [ 1676.  1552.  1222.  1425.  1397.  1462.  1841.  1542.  1197.  1630.
  1413.  1076.  1372.  1095.  1683.  2140.  1963.  1107.  1413.  1337.
  1362.  2018.  1209.  1272.  1157.  1875.  1506.  1675.  1683.  1904.
  1176.  1299.  1340.  1575.  1463.  1361.  1529.  1713.  1925.  1415.]
67 [ 1678.  1552.  1222.  1426.  1398.  1462.  1838.  1542.  1197.  1631.
  1413.  1076.  1372.  1095.  1681.  2140.  1963.  1105.  1413.  1336.
  1362.  2018.  1208.  1272.  1156.  1873.  1507.  1680.  1683.  1904.
  1176.  1300.  1344.  1575.  1461.  1360.  1529.  1712.  1925.  1415.]
68 [ 1678.  1551.  1222.  1425.  1396.  1462.  1838.  1540.  1197.  1630.
  1413.  1076.  1372.  1094.  1682.  2139.  1963.  1103.  1413.  1335.
  1363.  2016.  1208.  1272.  1154.  1875.  1508.  1684.  1683.  1904.
  1180.  1301.  1346.  1576.  1460.  1360.  1529.  1712.  1925.  1415.]
69 [ 1678.  1552.  1222.  1424.  1399.  1462.  1838.  1539.  1197.  1632.
  1413.  1076.  1372.  1094.  1681.  2139.  1964.  1102.  1413.  1333.
  1365.  2015.  1208.  1272.  1155.  1875.  1508.  1683.  1683.  1903.
  1180.  1302.  1348.  1576.  1456.  1360.  1529.  1712.  1925.  1415.]
70 [ 1680.  1552.  1222.  1425.  1399.  1462.  1836.  1540.  1197.  1633.
  1413.  1076.  1372.  1094.  1682.  2139.  1964.  1102.  1414.  1332.
  1365.  2015.  1207.  1272.  1155.  1873.  1509.  1685.  1681.  1903.
  1181.  1303.  1345.  1576.  1456.  1359.  1529.  1712.  1925.  1415.]
71 [ 1681.  1552.  1222.  1425.  1403.  1462.  1836.  1538.  1197.  1635.
  1413.  1076.  1372.  1094.  1684.  2139.  1965.  1102.  1412.  1330.
  1365.  2015.  1205.  1272.  1155.  1871.  1509.  1685.  1679.  1903.
  1183.  1303.  1345.  1577.  1455.  1359.  1529.  1712.  1924.  1416.]
72 [ 1681.  1552.  1222.  1425.  1404.  1462.  1836.  1537.  1197.  1637.
  1413.  1076.  1373.  1094.  1687.  2138.  1963.  1102.  1410.  1330.
  1365.  2015.  1205.  1273.  1156.  1873.  1509.  1684.  1675.  1903.
  1185.  1303.  1345.  1578.  1452.  1359.  1529.  1712.  1924.  1416.]
73 [ 1681.  1552.  1222.  1425.  1401.  1462.  1836.  1536.  1197.  1638.
  1413.  1077.  1373.  1094.  1688.  2137.  1963.  1102.  1409.  1330.
  1365.  2015.  1205.  1273.  1157.  1873.  1510.  1680.  1673.  1903.
  1185.  1306.  1345.  1579.  1454.  1360.  1529.  1712.  1924.  1416.]
74 [ 1681.  1553.  1222.  1425.  1399.  1463.  1840.  1536.  1197.  1638.
  1413.  1077.  1373.  1094.  1689.  2136.  1963.  1102.  1408.  1330.
  1365.  2017.  1205.  1273.  1153.  1874.  1510.  1678.  1672.  1903.
  1185.  1307.  1345.  1580.  1452.  1360.  1529.  1712.  1925.  1416.]
75 [ 1681.  1553.  1222.  1424.  1398.  1464.  1842.  1536.  1197.  1639.
  1413.  1078.  1373.  1094.  1690.  2135.  1962.  1102.  1408.  1330.
  1365.  2017.  1205.  1273.  1153.  1875.  1510.  1677.  1672.  1903.
  1185.  1308.  1345.  1580.  1450.  1360.  1528.  1712.  1925.  1416.]
76 [ 1682.  1553.  1222.  1423.  1397.  1464.  1844.  1536.  1197.  1638.
  1413.  1078.  1373.  1094.  1690.  2135.  1963.  1102.  1408.  1330.
  1365.  2013.  1205.  1273.  1151.  1875.  1510.  1678.  1672.  1903.
  1185.  1309.  1345.  1580.  1453.  1361.  1528.  1711.  1925.  1416.]
77 [ 1682.  1553.  1222.  1422.  1397.  1464.  1847.  1536.  1197.  1641.
  1413.  1078.  1374.  1095.  1691.  2135.  1962.  1102.  1409.  1330.
  1366.  2010.  1205.  1273.  1151.  1873.  1510.  1676.  1671.  1903.
  1185.  1308.  1345.  1580.  1453.  1360.  1528.  1712.  1925.  1416.]
78 [ 1682.  1553.  1221.  1422.  1405.  1464.  1850.  1537.  1197.  1641.
  1413.  1078.  1374.  1095.  1693.  2135.  1963.  1102.  1408.  1328.
  1367.  2009.  1205.  1273.  1151.  1872.  1510.  1673.  1671.  1903.
  1185.  1307.  1344.  1580.  1448.  1360.  1528.  1712.  1925.  1416.]
79 [ 1682.  1552.  1222.  1421.  1408.  1464.  1852.  1539.  1198.  1642.
  1412.  1078.  1374.  1096.  1694.  2135.  1963.  1102.  1408.  1328.
  1368.  2006.  1207.  1273.  1151.  1874.  1510.  1671.  1671.  1903.
  1184.  1306.  1344.  1580.  1442.  1360.  1528.  1712.  1925.  1415.]
80 [ 1682.  1553.  1221.  1422.  1415.  1464.  1857.  1539.  1197.  1639.
  1412.  1078.  1373.  1098.  1694.  2135.  1963.  1103.  1408.  1329.
  1368.  2004.  1206.  1273.  1147.  1869.  1511.  1670.  1673.  1903.
  1185.  1306.  1344.  1581.  1439.  1360.  1527.  1712.  1925.  1415.]
81 [ 1682.  1552.  1221.  1422.  1425.  1464.  1859.  1539.  1198.  1642.
  1412.  1079.  1373.  1100.  1693.  2135.  1964.  1105.  1408.  1329.
  1368.  2000.  1205.  1273.  1145.  1866.  1512.  1672.  1672.  1902.
  1183.  1307.  1344.  1582.  1430.  1360.  1526.  1711.  1925.  1415.]
82 [ 1681.  1553.  1221.  1422.  1432.  1464.  1859.  1539.  1198.  1645.
  1413.  1080.  1374.  1100.  1692.  2135.  1964.  1104.  1408.  1330.
  1368.  2001.  1205.  1273.  1145.  1864.  1512.  1671.  1670.  1902.
  1182.  1307.  1346.  1585.  1420.  1358.  1526.  1711.  1925.  1415.]
83 [ 1680.  1553.  1220.  1422.  1441.  1464.  1861.  1539.  1199.  1644.
  1414.  1081.  1374.  1101.  1691.  2135.  1964.  1104.  1408.  1331.
  1368.  2001.  1205.  1274.  1142.  1865.  1510.  1672.  1670.  1902.
  1185.  1307.  1347.  1585.  1407.  1357.  1526.  1711.  1925.  1415.]
84 [ 1680.  1552.  1220.  1422.  1449.  1464.  1864.  1541.  1199.  1644.
  1414.  1083.  1373.  1101.  1690.  2135.  1964.  1105.  1408.  1331.
  1368.  1998.  1202.  1274.  1141.  1862.  1508.  1671.  1670.  1902.
  1188.  1307.  1348.  1586.  1402.  1356.  1526.  1711.  1925.  1416.]
85 [ 1678.  1551.  1221.  1422.  1450.  1464.  1865.  1542.  1200.  1646.
  1414.  1085.  1372.  1102.  1691.  2135.  1964.  1105.  1407.  1332.
  1368.  1994.  1201.  1274.  1140.  1855.  1504.  1670.  1670.  1901.
  1194.  1309.  1349.  1586.  1403.  1357.  1527.  1711.  1925.  1416.]
86 [ 1677.  1552.  1221.  1422.  1453.  1464.  1863.  1542.  1201.  1647.
  1414.  1085.  1371.  1101.  1691.  2134.  1964.  1107.  1407.  1328.
  1369.  1993.  1201.  1274.  1141.  1849.  1504.  1670.  1670.  1900.
  1196.  1309.  1352.  1587.  1404.  1357.  1527.  1711.  1925.  1417.]
87 [ 1678.  1551.  1221.  1422.  1455.  1464.  1860.  1538.  1201.  1652.
  1414.  1084.  1371.  1100.  1693.  2134.  1964.  1109.  1405.  1326.
  1370.  1994.  1200.  1275.  1142.  1849.  1503.  1669.  1670.  1899.
  1201.  1309.  1351.  1588.  1401.  1357.  1527.  1711.  1925.  1417.]
88 [ 1679.  1551.  1221.  1422.  1453.  1464.  1860.  1539.  1203.  1651.
  1414.  1085.  1371.  1099.  1693.  2134.  1964.  1110.  1404.  1325.
  1369.  1995.  1203.  1276.  1143.  1845.  1499.  1670.  1672.  1898.
  1205.  1309.  1352.  1588.  1395.  1358.  1527.  1712.  1925.  1417.]
89 [ 1679.  1550.  1221.  1422.  1458.  1464.  1860.  1540.  1204.  1654.
  1414.  1085.  1371.  1097.  1695.  2134.  1964.  1112.  1402.  1324.
  1369.  1994.  1203.  1276.  1143.  1840.  1493.  1670.  1674.  1898.
  1211.  1310.  1352.  1588.  1390.  1358.  1527.  1712.  1925.  1417.]
90 [ 1678.  1550.  1221.  1422.  1464.  1465.  1859.  1539.  1204.  1662.
  1414.  1084.  1371.  1102.  1694.  2133.  1965.  1112.  1403.  1324.
  1368.  1988.  1201.  1277.  1144.  1839.  1490.  1668.  1673.  1898.
  1211.  1311.  1352.  1589.  1386.  1358.  1527.  1713.  1925.  1416.]
91 [ 1678.  1550.  1221.  1421.  1469.  1463.  1859.  1541.  1204.  1661.
  1413.  1085.  1371.  1104.  1694.  2132.  1965.  1113.  1402.  1324.
  1367.  1986.  1200.  1277.  1144.  1839.  1490.  1668.  1674.  1898.
  1213.  1311.  1352.  1589.  1382.  1360.  1526.  1713.  1925.  1416.]
92 [ 1678.  1551.  1221.  1421.  1477.  1463.  1860.  1542.  1205.  1664.
  1413.  1086.  1371.  1105.  1694.  2131.  1965.  1113.  1400.  1324.
  1366.  1977.  1198.  1278.  1143.  1839.  1491.  1668.  1672.  1897.
  1213.  1311.  1352.  1589.  1379.  1363.  1526.  1713.  1925.  1416.]
93 [ 1678.  1551.  1221.  1421.  1482.  1463.  1860.  1542.  1204.  1666.
  1413.  1085.  1372.  1108.  1692.  2131.  1964.  1113.  1400.  1327.
  1366.  1972.  1198.  1279.  1142.  1841.  1488.  1668.  1671.  1897.
  1212.  1311.  1352.  1589.  1378.  1363.  1526.  1713.  1925.  1416.]
94 [ 1679.  1549.  1221.  1421.  1483.  1463.  1861.  1545.  1204.  1666.
  1413.  1084.  1371.  1107.  1692.  2131.  1964.  1113.  1399.  1327.
  1366.  1970.  1199.  1279.  1142.  1840.  1487.  1667.  1670.  1897.
  1213.  1312.  1353.  1589.  1380.  1364.  1526.  1713.  1925.  1415.]
95 [ 1679.  1548.  1221.  1421.  1490.  1463.  1861.  1542.  1203.  1669.
  1414.  1085.  1371.  1108.  1692.  2131.  1964.  1113.  1398.  1330.
  1365.  1963.  1198.  1279.  1142.  1840.  1487.  1666.  1670.  1897.
  1212.  1312.  1353.  1588.  1379.  1367.  1526.  1713.  1925.  1415.]
96 [ 1679.  1546.  1221.  1421.  1499.  1463.  1861.  1541.  1203.  1670.
  1414.  1084.  1371.  1107.  1690.  2131.  1964.  1114.  1398.  1327.
  1365.  1958.  1201.  1279.  1143.  1841.  1485.  1664.  1669.  1897.
  1215.  1311.  1356.  1589.  1377.  1368.  1525.  1714.  1925.  1414.]
97 [ 1678.  1546.  1221.  1420.  1501.  1463.  1864.  1542.  1204.  1670.
  1414.  1084.  1371.  1107.  1691.  2131.  1965.  1114.  1397.  1327.
  1366.  1952.  1202.  1279.  1146.  1839.  1481.  1662.  1668.  1897.
  1218.  1309.  1357.  1588.  1379.  1369.  1525.  1714.  1925.  1414.]
98 [ 1679.  1547.  1220.  1420.  1511.  1463.  1865.  1543.  1204.  1670.
  1414.  1084.  1373.  1107.  1689.  2131.  1965.  1114.  1394.  1327.
  1367.  1947.  1200.  1279.  1147.  1839.  1479.  1658.  1669.  1896.
  1220.  1309.  1359.  1590.  1374.  1368.  1525.  1715.  1925.  1414.]
99 [ 1679.  1548.  1220.  1419.  1517.  1463.  1866.  1544.  1204.  1668.
  1414.  1084.  1373.  1106.  1690.  2131.  1967.  1114.  1393.  1327.
  1368.  1940.  1199.  1279.  1148.  1835.  1479.  1656.  1667.  1898.
  1221.  1310.  1358.  1591.  1375.  1369.  1525.  1715.  1925.  1415.]
100 [ 1680.  1549.  1221.  1419.  1523.  1463.  1866.  1542.  1204.  1669.
  1414.  1085.  1371.  1108.  1691.  2130.  1968.  1114.  1391.  1328.
  1367.  1935.  1195.  1279.  1148.  1834.  1480.  1657.  1666.  1899.
  1218.  1310.  1358.  1593.  1376.  1370.  1525.  1714.  1925.  1415.]
101 [ 1682.  1549.  1221.  1419.  1525.  1463.  1868.  1541.  1204.  1667.
  1415.  1087.  1371.  1108.  1690.  2130.  1969.  1114.  1391.  1329.
  1364.  1932.  1194.  1279.  1146.  1835.  1480.  1656.  1666.  1899.
  1220.  1310.  1358.  1594.  1374.  1371.  1525.  1714.  1925.  1415.]
102 [ 1680.  1549.  1221.  1419.  1530.  1463.  1869.  1540.  1204.  1668.
  1415.  1086.  1371.  1108.  1692.  2130.  1971.  1114.  1391.  1328.
  1366.  1926.  1195.  1279.  1145.  1833.  1481.  1656.  1666.  1899.
  1221.  1310.  1357.  1593.  1375.  1371.  1525.  1714.  1924.  1415.]
103 [ 1680.  1549.  1221.  1420.  1535.  1463.  1871.  1540.  1204.  1668.
  1414.  1087.  1370.  1109.  1693.  2130.  1971.  1114.  1390.  1329.
  1365.  1918.  1193.  1279.  1146.  1833.  1482.  1653.  1666.  1899.
  1222.  1310.  1357.  1593.  1377.  1371.  1525.  1714.  1924.  1415.]
104 [ 1680.  1549.  1221.  1420.  1535.  1463.  1875.  1539.  1204.  1671.
  1414.  1085.  1369.  1107.  1694.  2130.  1970.  1114.  1389.  1330.
  1366.  1915.  1193.  1279.  1148.  1834.  1483.  1650.  1665.  1899.
  1225.  1308.  1356.  1595.  1377.  1370.  1525.  1714.  1924.  1415.]
105 [ 1678.  1549.  1221.  1420.  1535.  1463.  1877.  1539.  1204.  1672.
  1414.  1081.  1369.  1107.  1695.  2130.  1970.  1114.  1388.  1332.
  1367.  1912.  1196.  1279.  1155.  1835.  1483.  1645.  1666.  1899.
  1225.  1305.  1356.  1594.  1376.  1371.  1525.  1714.  1924.  1415.]
106 [ 1678.  1549.  1222.  1420.  1536.  1463.  1881.  1539.  1204.  1675.
  1415.  1079.  1369.  1107.  1696.  2130.  1971.  1114.  1387.  1332.
  1367.  1907.  1198.  1279.  1159.  1832.  1483.  1641.  1666.  1899.
  1225.  1302.  1356.  1593.  1376.  1372.  1525.  1714.  1924.  1415.]
107 [ 1678.  1548.  1222.  1420.  1539.  1463.  1880.  1540.  1203.  1675.
  1415.  1078.  1369.  1107.  1697.  2130.  1971.  1114.  1387.  1331.
  1367.  1902.  1199.  1279.  1162.  1829.  1483.  1645.  1666.  1898.
  1226.  1298.  1356.  1594.  1377.  1373.  1525.  1714.  1924.  1416.]
108 [ 1679.  1548.  1222.  1419.  1543.  1463.  1881.  1540.  1201.  1675.
  1415.  1077.  1369.  1107.  1698.  2129.  1971.  1114.  1387.  1331.
  1367.  1895.  1199.  1279.  1166.  1825.  1483.  1644.  1666.  1898.
  1227.  1297.  1356.  1596.  1377.  1374.  1525.  1715.  1924.  1418.]
109 [ 1679.  1549.  1222.  1419.  1545.  1463.  1883.  1540.  1201.  1678.
  1415.  1076.  1369.  1107.  1699.  2128.  1971.  1114.  1387.  1331.
  1367.  1892.  1200.  1279.  1165.  1817.  1483.  1646.  1666.  1898.
  1227.  1295.  1357.  1596.  1379.  1372.  1525.  1715.  1924.  1421.]
110 [ 1679.  1548.  1224.  1417.  1545.  1463.  1882.  1540.  1201.  1679.
  1415.  1076.  1368.  1107.  1700.  2128.  1970.  1114.  1387.  1332.
  1367.  1890.  1198.  1279.  1174.  1819.  1483.  1638.  1666.  1897.
  1228.  1297.  1357.  1595.  1381.  1372.  1525.  1713.  1924.  1422.]
111 [ 1679.  1548.  1224.  1418.  1546.  1463.  1876.  1540.  1200.  1675.
  1416.  1077.  1368.  1107.  1700.  2129.  1969.  1114.  1387.  1331.
  1366.  1888.  1198.  1279.  1179.  1822.  1484.  1635.  1666.  1897.
  1230.  1301.  1357.  1596.  1379.  1372.  1525.  1713.  1924.  1422.]
112 [ 1679.  1548.  1223.  1419.  1548.  1463.  1872.  1540.  1199.  1674.
  1418.  1077.  1367.  1107.  1700.  2128.  1969.  1114.  1387.  1331.
  1367.  1883.  1198.  1280.  1185.  1823.  1484.  1633.  1666.  1897.
  1232.  1303.  1355.  1596.  1380.  1371.  1525.  1712.  1924.  1423.]
113 [ 1679.  1548.  1223.  1418.  1551.  1463.  1869.  1539.  1199.  1676.
  1421.  1078.  1367.  1107.  1699.  2128.  1969.  1113.  1387.  1331.
  1368.  1877.  1198.  1281.  1187.  1818.  1484.  1636.  1666.  1897.
  1235.  1304.  1355.  1596.  1380.  1369.  1525.  1712.  1924.  1423.]
114 [ 1679.  1548.  1224.  1417.  1557.  1463.  1868.  1539.  1200.  1676.
  1420.  1078.  1367.  1107.  1699.  2128.  1968.  1113.  1387.  1331.
  1368.  1868.  1197.  1281.  1185.  1822.  1485.  1636.  1666.  1897.
  1235.  1305.  1355.  1598.  1381.  1369.  1525.  1712.  1923.  1423.]
115 [ 1679.  1547.  1225.  1417.  1570.  1463.  1869.  1540.  1200.  1674.
  1419.  1078.  1367.  1107.  1699.  2128.  1968.  1114.  1387.  1331.
  1368.  1856.  1197.  1281.  1185.  1822.  1486.  1635.  1666.  1897.
  1236.  1306.  1355.  1599.  1379.  1368.  1525.  1712.  1922.  1423.]
116 [ 1679.  1548.  1224.  1417.  1578.  1462.  1866.  1540.  1200.  1673.
  1419.  1078.  1367.  1107.  1699.  2128.  1968.  1114.  1387.  1331.
  1368.  1849.  1197.  1281.  1185.  1824.  1485.  1637.  1667.  1898.
  1236.  1306.  1355.  1599.  1378.  1368.  1525.  1712.  1922.  1423.]
117 [ 1679.  1548.  1223.  1417.  1586.  1462.  1868.  1540.  1200.  1672.
  1419.  1078.  1367.  1108.  1699.  2128.  1968.  1113.  1387.  1331.
  1368.  1841.  1197.  1281.  1183.  1824.  1485.  1638.  1668.  1898.
  1236.  1306.  1355.  1600.  1378.  1368.  1524.  1712.  1922.  1423.]
118 [ 1679.  1548.  1222.  1417.  1586.  1461.  1866.  1540.  1199.  1671.
  1420.  1078.  1367.  1108.  1699.  2127.  1968.  1113.  1387.  1330.
  1368.  1840.  1197.  1281.  1184.  1826.  1485.  1638.  1670.  1898.
  1236.  1307.  1355.  1601.  1379.  1368.  1524.  1712.  1922.  1423.]
119 [ 1679.  1548.  1222.  1417.  1589.  1461.  1865.  1540.  1199.  1671.
  1420.  1078.  1367.  1108.  1700.  2127.  1968.  1113.  1387.  1331.
  1368.  1837.  1197.  1281.  1187.  1823.  1486.  1636.  1670.  1898.
  1236.  1307.  1355.  1601.  1379.  1368.  1524.  1712.  1922.  1423.]
120 [ 1679.  1548.  1222.  1417.  1591.  1461.  1863.  1540.  1199.  1671.
  1420.  1078.  1367.  1108.  1700.  2127.  1968.  1113.  1387.  1331.
  1368.  1836.  1197.  1281.  1190.  1823.  1486.  1634.  1670.  1898.
  1236.  1307.  1355.  1601.  1379.  1368.  1524.  1712.  1922.  1423.]
121 [ 1679.  1548.  1222.  1417.  1592.  1461.  1861.  1540.  1199.  1672.
  1420.  1078.  1367.  1108.  1700.  2127.  1968.  1113.  1387.  1331.
  1368.  1835.  1197.  1281.  1192.  1823.  1486.  1633.  1670.  1898.
  1236.  1308.  1355.  1601.  1378.  1368.  1524.  1712.  1922.  1423.]
122 [ 1679.  1548.  1222.  1417.  1593.  1461.  1860.  1540.  1199.  1672.
  1419.  1078.  1367.  1108.  1700.  2127.  1968.  1113.  1387.  1331.
  1368.  1834.  1197.  1281.  1195.  1823.  1486.  1629.  1670.  1898.
  1236.  1311.  1355.  1601.  1379.  1367.  1524.  1712.  1922.  1423.]
123 [ 1679.  1548.  1222.  1417.  1593.  1461.  1859.  1540.  1199.  1672.
  1419.  1078.  1367.  1108.  1700.  2127.  1968.  1113.  1387.  1331.
  1368.  1834.  1197.  1281.  1196.  1822.  1486.  1628.  1670.  1898.
  1236.  1312.  1355.  1601.  1380.  1367.  1524.  1712.  1922.  1423.]
124 [ 1679.  1548.  1222.  1417.  1594.  1461.  1857.  1540.  1199.  1672.
  1419.  1078.  1367.  1108.  1700.  2127.  1968.  1113.  1387.  1331.
  1368.  1834.  1197.  1280.  1195.  1823.  1486.  1631.  1670.  1898.
  1236.  1312.  1355.  1601.  1379.  1367.  1524.  1712.  1922.  1423.]
125 [ 1679.  1548.  1222.  1417.  1595.  1461.  1856.  1540.  1199.  1672.
  1419.  1078.  1367.  1108.  1700.  2127.  1968.  1113.  1387.  1331.
  1368.  1833.  1197.  1279.  1194.  1824.  1486.  1633.  1670.  1898.
  1236.  1312.  1355.  1601.  1379.  1367.  1524.  1712.  1922.  1423.]
126 [ 1679.  1549.  1222.  1417.  1596.  1461.  1857.  1540.  1199.  1673.
  1419.  1078.  1367.  1108.  1700.  2127.  1968.  1113.  1387.  1331.
  1368.  1832.  1197.  1279.  1194.  1822.  1486.  1631.  1670.  1898.
  1236.  1313.  1355.  1601.  1379.  1367.  1524.  1712.  1922.  1423.]
127 [ 1679.  1548.  1222.  1417.  1595.  1461.  1858.  1540.  1199.  1674.
  1419.  1078.  1367.  1108.  1700.  2127.  1968.  1113.  1387.  1331.
  1368.  1832.  1197.  1279.  1194.  1822.  1486.  1630.  1669.  1898.
  1236.  1314.  1355.  1601.  1380.  1367.  1524.  1712.  1922.  1423.]
128 [ 1679.  1549.  1222.  1417.  1596.  1461.  1857.  1540.  1199.  1674.
  1419.  1078.  1367.  1108.  1700.  2127.  1968.  1113.  1387.  1331.
  1368.  1831.  1197.  1279.  1196.  1822.  1486.  1630.  1668.  1898.
  1236.  1313.  1355.  1601.  1380.  1367.  1524.  1712.  1922.  1423.]
129 [ 1679.  1549.  1222.  1417.  1595.  1461.  1858.  1540.  1199.  1674.
  1419.  1078.  1367.  1108.  1700.  2127.  1968.  1113.  1387.  1331.
  1368.  1831.  1197.  1279.  1196.  1822.  1486.  1630.  1668.  1898.
  1236.  1312.  1355.  1601.  1381.  1367.  1524.  1712.  1922.  1423.]
130 [ 1679.  1549.  1222.  1417.  1595.  1461.  1861.  1540.  1199.  1674.
  1419.  1078.  1367.  1108.  1700.  2127.  1968.  1113.  1387.  1331.
  1368.  1831.  1197.  1280.  1194.  1822.  1486.  1629.  1668.  1898.
  1236.  1312.  1355.  1601.  1380.  1367.  1524.  1712.  1922.  1423.]
131 [ 1679.  1549.  1221.  1417.  1595.  1461.  1863.  1540.  1199.  1674.
  1419.  1078.  1367.  1108.  1700.  2127.  1968.  1113.  1387.  1331.
  1368.  1831.  1197.  1280.  1196.  1822.  1486.  1629.  1668.  1898.
  1236.  1309.  1355.  1601.  1380.  1367.  1524.  1712.  1922.  1423.]
132 [ 1679.  1549.  1221.  1417.  1595.  1461.  1863.  1540.  1199.  1674.
  1419.  1078.  1367.  1108.  1700.  2127.  1968.  1113.  1387.  1331.
  1368.  1831.  1197.  1280.  1195.  1823.  1486.  1629.  1668.  1898.
  1236.  1309.  1355.  1601.  1380.  1367.  1524.  1712.  1922.  1423.]
133 [ 1679.  1549.  1221.  1417.  1595.  1461.  1862.  1540.  1199.  1674.
  1419.  1078.  1367.  1108.  1700.  2128.  1968.  1113.  1387.  1331.
  1368.  1831.  1197.  1280.  1195.  1823.  1486.  1629.  1668.  1898.
  1236.  1309.  1355.  1601.  1380.  1367.  1524.  1712.  1922.  1423.]
[ 1679.  1549.  1221.  1417.  1595.  1461.  1862.  1540.  1199.  1674.
  1419.  1078.  1367.  1108.  1700.  2128.  1968.  1113.  1387.  1331.
  1368.  1831.  1197.  1280.  1195.  1823.  1486.  1629.  1668.  1898.
  1236.  1309.  1355.  1601.  1380.  1367.  1524.  1712.  1922.  1423.]
Time spent clustering :  21045.0409601
means_kplusplus_cluster40
Digit: 0  Purity: 95.3% SD: 1545.0  Count: 5625
Digit: 1  Purity: 91.4% SD:  924.9  Count: 7228
Digit: 2  Purity: 79.0% SD: 1640.2  Count: 6629
Digit: 3  Purity: 67.2% SD: 1518.6  Count: 7303
Digit: 4  Purity: 73.3% SD: 1533.8  Count: 4039
Digit: 5  Purity: 75.2% SD: 1575.6  Count: 4325
Digit: 6  Purity: 91.5% SD: 1459.1  Count: 5995
Digit: 7  Purity: 80.0% SD: 1323.8  Count: 6846
Digit: 8  Purity: 85.1% SD: 1522.2  Count: 5243
Digit: 9  Purity: 56.6% SD: 1335.6  Count: 6767
Our accuracy in predicting test data for k = 40 was 80.1080108011 %
Time spent testing :  57.1808810234
