13 means random 100
0 [  1762.   1970.   2937.   1943.   2157.    664.  10443.   3328.   3905.
   1409.  20745.   6090.   2647.]
1 [  2746.   1905.   2862.   2698.   2069.   2572.  10897.   4613.   4675.
   1692.  13798.   6328.   3145.]
2 [  3401.   2080.   2617.   3111.   2100.   3816.  10775.   5272.   4842.
   1952.  10277.   6319.   3438.]
3 [  3881.   2387.   2481.   3382.   2071.   4446.  10534.   5698.   4910.
   2149.   8270.   6160.   3631.]
4 [  4078.   2865.   2388.   3460.   1984.   4847.  10190.   6364.   4940.
   2216.   7054.   5859.   3755.]
5 [ 4244.  3221.  2343.  3393.  1874.  5135.  9838.  6980.  4930.  2217.
  6339.  5556.  3930.]
6 [ 4415.  3428.  2310.  3294.  1794.  5307.  9576.  7438.  4883.  2176.
  5954.  5312.  4113.]
7 [ 4481.  3585.  2267.  3198.  1767.  5374.  9335.  7796.  4851.  2160.
  5709.  5178.  4299.]
8 [ 4493.  3672.  2250.  3120.  1766.  5420.  9111.  8084.  4818.  2147.
  5560.  5084.  4475.]
9 [ 4499.  3748.  2209.  3049.  1769.  5451.  8958.  8269.  4787.  2144.
  5456.  5040.  4621.]
10 [ 4502.  3797.  2166.  3004.  1774.  5467.  8837.  8399.  4760.  2143.
  5386.  5014.  4751.]
11 [ 4498.  3825.  2138.  2961.  1777.  5471.  8758.  8467.  4766.  2145.
  5355.  5002.  4837.]
12 [ 4498.  3829.  2118.  2935.  1780.  5485.  8702.  8517.  4761.  2147.
  5338.  4994.  4896.]
13 [ 4498.  3844.  2107.  2902.  1783.  5505.  8655.  8562.  4742.  2150.
  5324.  4983.  4945.]
14 [ 4500.  3841.  2101.  2888.  1783.  5523.  8617.  8600.  4722.  2150.
  5319.  4970.  4986.]
15 [ 4494.  3841.  2097.  2884.  1780.  5538.  8593.  8615.  4711.  2154.
  5312.  4966.  5015.]
16 [ 4492.  3839.  2098.  2876.  1780.  5564.  8580.  8622.  4688.  2153.
  5309.  4966.  5033.]
17 [ 4493.  3838.  2095.  2869.  1781.  5585.  8575.  8627.  4667.  2152.
  5310.  4964.  5044.]
18 [ 4494.  3837.  2093.  2869.  1781.  5611.  8573.  8621.  4643.  2152.
  5313.  4958.  5055.]
19 [ 4495.  3833.  2095.  2872.  1781.  5635.  8571.  8616.  4619.  2152.
  5322.  4953.  5056.]
20 [ 4496.  3833.  2094.  2867.  1781.  5659.  8570.  8612.  4601.  2151.
  5325.  4949.  5062.]
21 [ 4493.  3834.  2093.  2862.  1783.  5676.  8567.  8611.  4590.  2150.
  5333.  4946.  5062.]
22 [ 4491.  3832.  2092.  2857.  1785.  5698.  8563.  8610.  4571.  2150.
  5344.  4936.  5071.]
23 [ 4492.  3831.  2089.  2852.  1784.  5718.  8560.  8607.  4563.  2150.
  5355.  4924.  5075.]
24 [ 4493.  3834.  2087.  2846.  1786.  5735.  8563.  8605.  4551.  2150.
  5367.  4915.  5068.]
25 [ 4490.  3837.  2084.  2843.  1788.  5756.  8567.  8603.  4537.  2149.
  5376.  4907.  5063.]
26 [ 4491.  3840.  2082.  2841.  1791.  5777.  8571.  8596.  4518.  2147.
  5386.  4904.  5056.]
27 [ 4488.  3841.  2079.  2843.  1798.  5799.  8572.  8591.  4499.  2147.
  5398.  4903.  5042.]
28 [ 4486.  3841.  2078.  2845.  1796.  5821.  8573.  8585.  4485.  2148.
  5408.  4900.  5034.]
29 [ 4482.  3838.  2079.  2846.  1796.  5837.  8573.  8577.  4487.  2148.
  5416.  4898.  5023.]
30 [ 4480.  3837.  2076.  2846.  1798.  5850.  8580.  8575.  4481.  2148.
  5425.  4894.  5010.]
31 [ 4479.  3831.  2072.  2847.  1802.  5868.  8583.  8574.  4474.  2148.
  5434.  4883.  5005.]
32 [ 4478.  3827.  2072.  2849.  1804.  5885.  8581.  8573.  4480.  2148.
  5436.  4874.  4993.]
33 [ 4477.  3823.  2071.  2851.  1806.  5908.  8581.  8576.  4474.  2148.
  5445.  4854.  4986.]
34 [ 4476.  3822.  2070.  2854.  1806.  5932.  8577.  8578.  4462.  2149.
  5453.  4835.  4986.]
35 [ 4474.  3819.  2068.  2857.  1807.  5946.  8579.  8578.  4456.  2150.
  5461.  4809.  4996.]
36 [ 4473.  3812.  2066.  2858.  1806.  5970.  8587.  8580.  4441.  2151.
  5470.  4789.  4997.]
37 [ 4474.  3807.  2064.  2860.  1804.  6000.  8598.  8577.  4425.  2149.
  5478.  4770.  4994.]
38 [ 4476.  3803.  2059.  2860.  1807.  6028.  8604.  8569.  4418.  2148.
  5484.  4761.  4983.]
39 [ 4481.  3803.  2050.  2861.  1815.  6055.  8607.  8561.  4414.  2146.
  5490.  4749.  4968.]
40 [ 4481.  3803.  2048.  2860.  1820.  6083.  8610.  8553.  4421.  2141.
  5492.  4733.  4955.]
41 [ 4485.  3807.  2045.  2857.  1819.  6110.  8619.  8537.  4430.  2140.
  5493.  4718.  4940.]
42 [ 4486.  3803.  2042.  2852.  1818.  6137.  8626.  8525.  4443.  2139.
  5496.  4700.  4933.]
43 [ 4489.  3796.  2039.  2850.  1822.  6154.  8631.  8512.  4467.  2140.
  5501.  4677.  4922.]
44 [ 4488.  3782.  2038.  2847.  1820.  6173.  8634.  8502.  4495.  2146.
  5503.  4654.  4918.]
45 [ 4486.  3775.  2039.  2845.  1819.  6193.  8644.  8485.  4520.  2146.
  5506.  4631.  4911.]
46 [ 4482.  3773.  2039.  2842.  1820.  6214.  8654.  8465.  4548.  2146.
  5511.  4601.  4905.]
47 [ 4477.  3768.  2039.  2839.  1816.  6228.  8661.  8445.  4576.  2147.
  5517.  4566.  4921.]
48 [ 4478.  3767.  2038.  2835.  1817.  6247.  8667.  8421.  4596.  2147.
  5524.  4520.  4943.]
49 [ 4469.  3769.  2038.  2836.  1818.  6265.  8666.  8404.  4636.  2147.
  5529.  4478.  4945.]
50 [ 4460.  3765.  2041.  2837.  1818.  6290.  8664.  8395.  4668.  2148.
  5529.  4449.  4936.]
51 [ 4458.  3764.  2030.  2837.  1815.  6308.  8667.  8381.  4715.  2149.
  5532.  4421.  4923.]
52 [ 4459.  3757.  2025.  2835.  1818.  6346.  8671.  8364.  4747.  2147.
  5534.  4384.  4913.]
53 [ 4457.  3755.  2024.  2831.  1820.  6384.  8679.  8344.  4787.  2143.
  5534.  4344.  4898.]
54 [ 4459.  3747.  2027.  2833.  1821.  6426.  8688.  8316.  4836.  2142.
  5534.  4297.  4874.]
55 [ 4463.  3741.  2028.  2833.  1822.  6455.  8692.  8273.  4903.  2141.
  5536.  4247.  4866.]
56 [ 4466.  3736.  2030.  2831.  1821.  6500.  8694.  8236.  4958.  2140.
  5533.  4186.  4869.]
57 [ 4467.  3733.  2035.  2829.  1817.  6537.  8689.  8195.  5054.  2141.
  5536.  4113.  4854.]
58 [ 4472.  3733.  2039.  2829.  1820.  6588.  8684.  8158.  5124.  2143.
  5540.  4046.  4824.]
59 [ 4472.  3724.  2041.  2833.  1826.  6638.  8670.  8110.  5191.  2144.
  5546.  3985.  4820.]
60 [ 4474.  3718.  2046.  2837.  1828.  6675.  8659.  8051.  5281.  2143.
  5554.  3945.  4789.]
61 [ 4483.  3725.  2057.  2837.  1836.  6694.  8642.  7992.  5374.  2145.
  5551.  3907.  4757.]
62 [ 4500.  3726.  2065.  2843.  1838.  6718.  8613.  7924.  5452.  2146.
  5545.  3874.  4756.]
63 [ 4508.  3732.  2078.  2843.  1836.  6745.  8581.  7876.  5496.  2150.
  5547.  3863.  4745.]
64 [ 4512.  3733.  2090.  2844.  1837.  6757.  8561.  7811.  5563.  2151.
  5537.  3856.  4748.]
65 [ 4516.  3743.  2098.  2843.  1837.  6765.  8543.  7730.  5634.  2154.
  5531.  3847.  4759.]
66 [ 4527.  3747.  2103.  2846.  1841.  6773.  8516.  7640.  5703.  2158.
  5521.  3835.  4790.]
67 [ 4528.  3749.  2109.  2850.  1843.  6775.  8487.  7575.  5757.  2160.
  5518.  3831.  4818.]
68 [ 4524.  3755.  2119.  2847.  1838.  6776.  8453.  7514.  5813.  2163.
  5517.  3821.  4860.]
69 [ 4523.  3761.  2122.  2850.  1839.  6786.  8415.  7451.  5843.  2167.
  5518.  3812.  4913.]
70 [ 4530.  3767.  2125.  2850.  1838.  6796.  8380.  7382.  5870.  2170.
  5521.  3811.  4960.]
71 [ 4532.  3782.  2125.  2848.  1841.  6816.  8342.  7317.  5880.  2172.
  5524.  3813.  5008.]
72 [ 4530.  3787.  2129.  2850.  1842.  6835.  8297.  7289.  5888.  2174.
  5522.  3814.  5043.]
73 [ 4528.  3800.  2132.  2848.  1844.  6850.  8248.  7266.  5897.  2174.
  5524.  3812.  5077.]
74 [ 4530.  3813.  2134.  2846.  1841.  6861.  8207.  7219.  5917.  2175.
  5533.  3812.  5112.]
75 [ 4530.  3818.  2136.  2849.  1842.  6876.  8169.  7161.  5918.  2177.
  5547.  3818.  5159.]
76 [ 4533.  3821.  2143.  2848.  1835.  6884.  8146.  7119.  5924.  2180.
  5545.  3819.  5203.]
77 [ 4538.  3828.  2147.  2847.  1831.  6893.  8115.  7057.  5934.  2182.
  5543.  3821.  5264.]
78 [ 4536.  3832.  2157.  2844.  1833.  6903.  8075.  7011.  5949.  2182.
  5547.  3826.  5305.]
79 [ 4540.  3835.  2166.  2846.  1831.  6905.  8028.  6969.  5972.  2182.
  5548.  3831.  5347.]
80 [ 4545.  3841.  2168.  2848.  1829.  6914.  7982.  6909.  5987.  2182.
  5553.  3833.  5409.]
81 [ 4544.  3850.  2170.  2852.  1830.  6923.  7928.  6863.  5993.  2181.
  5551.  3834.  5481.]
82 [ 4546.  3860.  2174.  2851.  1828.  6927.  7871.  6834.  6001.  2182.
  5542.  3835.  5549.]
83 [ 4545.  3864.  2179.  2845.  1826.  6933.  7818.  6788.  6011.  2183.
  5532.  3842.  5634.]
84 [ 4546.  3869.  2184.  2842.  1824.  6934.  7756.  6744.  6015.  2183.
  5526.  3853.  5724.]
85 [ 4547.  3882.  2190.  2836.  1824.  6931.  7674.  6743.  6019.  2183.
  5521.  3861.  5789.]
86 [ 4555.  3883.  2195.  2835.  1826.  6923.  7602.  6732.  6027.  2182.
  5524.  3874.  5842.]
87 [ 4563.  3891.  2199.  2822.  1827.  6921.  7524.  6729.  6037.  2188.
  5525.  3882.  5892.]
88 [ 4564.  3891.  2201.  2817.  1826.  6925.  7449.  6733.  6046.  2189.
  5520.  3887.  5952.]
89 [ 4565.  3888.  2202.  2820.  1827.  6930.  7369.  6752.  6054.  2192.
  5518.  3892.  5991.]
90 [ 4566.  3897.  2204.  2823.  1825.  6933.  7286.  6789.  6064.  2192.
  5506.  3897.  6018.]
91 [ 4568.  3904.  2208.  2823.  1824.  6940.  7222.  6811.  6062.  2193.
  5491.  3908.  6046.]
92 [ 4573.  3910.  2209.  2824.  1824.  6951.  7151.  6829.  6061.  2192.
  5486.  3911.  6079.]
93 [ 4575.  3917.  2208.  2823.  1827.  6961.  7076.  6848.  6064.  2192.
  5476.  3923.  6110.]
94 [ 4577.  3925.  2212.  2819.  1824.  6969.  7004.  6866.  6069.  2190.
  5469.  3931.  6145.]
95 [ 4579.  3934.  2217.  2815.  1821.  6975.  6948.  6872.  6074.  2189.
  5462.  3940.  6174.]
96 [ 4577.  3945.  2220.  2810.  1816.  6984.  6899.  6865.  6083.  2189.
  5456.  3950.  6206.]
97 [ 4579.  3952.  2219.  2812.  1815.  6991.  6854.  6853.  6085.  2191.
  5446.  3958.  6245.]
98 [ 4578.  3951.  2221.  2814.  1815.  6992.  6796.  6861.  6091.  2193.
  5437.  3968.  6283.]
99 [ 4575.  3953.  2226.  2818.  1815.  6997.  6749.  6849.  6098.  2193.
  5434.  3979.  6314.]
100 [ 4577.  3961.  2226.  2818.  1816.  6999.  6712.  6833.  6108.  2196.
  5435.  3992.  6327.]
101 [ 4577.  3969.  2227.  2824.  1817.  7003.  6679.  6818.  6117.  2195.
  5437.  4012.  6325.]
102 [ 4578.  3977.  2232.  2828.  1815.  7010.  6654.  6810.  6123.  2194.
  5435.  4032.  6312.]
103 [ 4582.  3982.  2236.  2830.  1814.  7020.  6623.  6815.  6123.  2194.
  5433.  4052.  6296.]
104 [ 4581.  3987.  2240.  2829.  1814.  7032.  6592.  6803.  6124.  2194.
  5431.  4074.  6299.]
105 [ 4577.  3990.  2245.  2830.  1815.  7043.  6555.  6790.  6124.  2194.
  5429.  4093.  6315.]
106 [ 4576.  3995.  2247.  2829.  1818.  7056.  6508.  6789.  6126.  2191.
  5427.  4113.  6325.]
107 [ 4578.  4002.  2247.  2830.  1820.  7060.  6456.  6798.  6130.  2189.
  5420.  4133.  6337.]
108 [ 4579.  4004.  2246.  2827.  1822.  7067.  6402.  6815.  6130.  2190.
  5419.  4155.  6344.]
109 [ 4578.  4001.  2247.  2828.  1824.  7071.  6345.  6817.  6129.  2190.
  5418.  4182.  6370.]
110 [ 4578.  4012.  2249.  2825.  1827.  7074.  6299.  6813.  6137.  2187.
  5417.  4201.  6381.]
111 [ 4580.  4025.  2251.  2821.  1825.  7076.  6260.  6799.  6136.  2186.
  5416.  4225.  6400.]
112 [ 4577.  4035.  2253.  2819.  1825.  7074.  6225.  6783.  6138.  2186.
  5419.  4248.  6418.]
113 [ 4583.  4044.  2255.  2819.  1825.  7075.  6180.  6771.  6140.  2186.
  5420.  4276.  6426.]
114 [ 4586.  4055.  2257.  2822.  1824.  7079.  6136.  6770.  6141.  2185.
  5417.  4307.  6421.]
115 [ 4590.  4067.  2258.  2823.  1825.  7082.  6089.  6780.  6139.  2186.
  5416.  4326.  6419.]
116 [ 4589.  4077.  2260.  2828.  1823.  7087.  6054.  6775.  6138.  2186.
  5405.  4350.  6428.]
117 [ 4588.  4088.  2264.  2833.  1823.  7098.  6020.  6760.  6133.  2187.
  5396.  4375.  6435.]
118 [ 4585.  4093.  2266.  2840.  1824.  7102.  5987.  6760.  6129.  2187.
  5380.  4394.  6453.]
119 [ 4583.  4094.  2269.  2847.  1825.  7108.  5951.  6765.  6127.  2187.
  5379.  4410.  6455.]
120 [ 4584.  4099.  2273.  2851.  1826.  7115.  5923.  6758.  6125.  2187.
  5383.  4415.  6461.]
121 [ 4584.  4100.  2277.  2852.  1824.  7121.  5891.  6766.  6127.  2187.
  5387.  4427.  6457.]
122 [ 4584.  4099.  2280.  2854.  1823.  7126.  5853.  6778.  6134.  2187.
  5385.  4441.  6456.]
123 [ 4581.  4100.  2280.  2852.  1824.  7133.  5821.  6798.  6131.  2187.
  5381.  4454.  6458.]
124 [ 4579.  4105.  2279.  2851.  1824.  7138.  5799.  6809.  6133.  2187.
  5370.  4464.  6462.]
125 [ 4579.  4110.  2279.  2851.  1824.  7142.  5782.  6818.  6132.  2187.
  5360.  4474.  6462.]
126 [ 4579.  4114.  2279.  2850.  1825.  7146.  5765.  6820.  6128.  2187.
  5354.  4481.  6472.]
127 [ 4579.  4117.  2279.  2851.  1825.  7151.  5745.  6832.  6128.  2186.
  5343.  4491.  6473.]
128 [ 4577.  4120.  2281.  2850.  1825.  7154.  5722.  6851.  6123.  2186.
  5335.  4504.  6472.]
129 [ 4577.  4121.  2281.  2851.  1826.  7156.  5697.  6862.  6120.  2186.
  5329.  4513.  6481.]
130 [ 4575.  4125.  2282.  2852.  1826.  7157.  5669.  6878.  6121.  2186.
  5325.  4526.  6478.]
131 [ 4574.  4128.  2281.  2852.  1827.  7160.  5646.  6890.  6119.  2186.
  5323.  4533.  6481.]
132 [ 4570.  4136.  2277.  2853.  1827.  7162.  5629.  6898.  6120.  2186.
  5317.  4548.  6477.]
133 [ 4568.  4141.  2275.  2853.  1827.  7166.  5613.  6908.  6115.  2186.
  5314.  4564.  6470.]
134 [ 4565.  4152.  2274.  2856.  1827.  7167.  5600.  6915.  6110.  2186.
  5309.  4580.  6459.]
135 [ 4561.  4156.  2273.  2858.  1827.  7170.  5589.  6923.  6111.  2187.
  5304.  4593.  6448.]
136 [ 4558.  4160.  2272.  2858.  1827.  7171.  5578.  6932.  6114.  2187.
  5294.  4614.  6435.]
137 [ 4553.  4170.  2269.  2861.  1827.  7175.  5564.  6934.  6115.  2187.
  5288.  4628.  6429.]
138 [ 4552.  4178.  2267.  2863.  1827.  7177.  5543.  6942.  6115.  2187.
  5284.  4648.  6417.]
139 [ 4552.  4186.  2264.  2865.  1828.  7180.  5532.  6934.  6115.  2187.
  5279.  4660.  6418.]
140 [ 4551.  4189.  2264.  2866.  1828.  7183.  5519.  6925.  6111.  2187.
  5277.  4675.  6425.]
141 [ 4547.  4192.  2265.  2868.  1828.  7184.  5510.  6918.  6112.  2187.
  5272.  4687.  6430.]
142 [ 4547.  4196.  2265.  2867.  1828.  7188.  5502.  6915.  6112.  2187.
  5264.  4696.  6433.]
143 [ 4547.  4194.  2265.  2868.  1828.  7190.  5487.  6920.  6112.  2187.
  5263.  4704.  6435.]
144 [ 4546.  4197.  2265.  2865.  1828.  7192.  5474.  6921.  6114.  2187.
  5261.  4712.  6438.]
145 [ 4545.  4201.  2265.  2862.  1830.  7194.  5457.  6932.  6112.  2187.
  5253.  4724.  6438.]
146 [ 4545.  4203.  2264.  2861.  1831.  7196.  5449.  6937.  6110.  2187.
  5248.  4735.  6434.]
147 [ 4544.  4203.  2264.  2861.  1831.  7198.  5441.  6938.  6111.  2187.
  5242.  4742.  6438.]
148 [ 4542.  4206.  2264.  2861.  1831.  7199.  5434.  6935.  6111.  2187.
  5239.  4749.  6442.]
149 [ 4541.  4208.  2264.  2860.  1831.  7202.  5423.  6937.  6111.  2187.
  5236.  4755.  6445.]
150 [ 4539.  4209.  2264.  2860.  1831.  7205.  5411.  6938.  6111.  2187.
  5235.  4759.  6451.]
151 [ 4538.  4207.  2264.  2860.  1831.  7204.  5405.  6936.  6112.  2187.
  5236.  4764.  6456.]
152 [ 4539.  4205.  2264.  2861.  1831.  7203.  5397.  6931.  6112.  2187.
  5236.  4773.  6461.]
153 [ 4539.  4206.  2264.  2859.  1831.  7201.  5389.  6938.  6111.  2186.
  5235.  4780.  6461.]
154 [ 4539.  4205.  2264.  2857.  1831.  7200.  5376.  6946.  6110.  2186.
  5236.  4786.  6464.]
155 [ 4539.  4205.  2263.  2856.  1831.  7202.  5366.  6953.  6111.  2186.
  5235.  4792.  6461.]
156 [ 4539.  4205.  2263.  2855.  1831.  7204.  5354.  6958.  6112.  2186.
  5235.  4796.  6462.]
157 [ 4538.  4205.  2263.  2855.  1831.  7207.  5347.  6960.  6110.  2186.
  5235.  4797.  6466.]
158 [ 4537.  4206.  2263.  2855.  1831.  7208.  5345.  6956.  6107.  2186.
  5234.  4797.  6475.]
159 [ 4537.  4208.  2263.  2855.  1831.  7210.  5342.  6950.  6105.  2186.
  5233.  4799.  6481.]
160 [ 4535.  4208.  2263.  2855.  1831.  7210.  5340.  6953.  6106.  2186.
  5229.  4806.  6478.]
161 [ 4535.  4207.  2264.  2855.  1831.  7211.  5338.  6949.  6104.  2186.
  5227.  4815.  6478.]
162 [ 4535.  4206.  2265.  2855.  1831.  7211.  5337.  6947.  6105.  2186.
  5224.  4823.  6475.]
163 [ 4536.  4207.  2264.  2855.  1831.  7211.  5337.  6940.  6104.  2186.
  5221.  4828.  6480.]
164 [ 4536.  4208.  2264.  2855.  1831.  7210.  5338.  6932.  6103.  2186.
  5218.  4833.  6486.]
165 [ 4537.  4207.  2265.  2855.  1831.  7211.  5334.  6930.  6102.  2186.
  5216.  4838.  6488.]
166 [ 4537.  4207.  2265.  2855.  1831.  7211.  5326.  6932.  6102.  2186.
  5215.  4840.  6493.]
167 [ 4540.  4207.  2265.  2855.  1831.  7212.  5321.  6926.  6099.  2186.
  5213.  4843.  6502.]
168 [ 4541.  4208.  2264.  2855.  1831.  7212.  5314.  6926.  6099.  2186.
  5210.  4848.  6506.]
169 [ 4541.  4210.  2264.  2855.  1831.  7213.  5309.  6922.  6102.  2186.
  5210.  4853.  6504.]
170 [ 4541.  4211.  2264.  2855.  1831.  7214.  5303.  6918.  6104.  2186.
  5208.  4857.  6508.]
171 [ 4540.  4210.  2264.  2854.  1831.  7216.  5297.  6917.  6102.  2186.
  5207.  4861.  6515.]
172 [ 4539.  4210.  2264.  2853.  1831.  7217.  5294.  6915.  6098.  2186.
  5206.  4865.  6522.]
173 [ 4539.  4210.  2264.  2853.  1831.  7217.  5290.  6915.  6095.  2186.
  5205.  4869.  6526.]
174 [ 4539.  4209.  2264.  2853.  1831.  7219.  5287.  6910.  6093.  2186.
  5204.  4872.  6533.]
175 [ 4539.  4209.  2264.  2853.  1831.  7222.  5285.  6907.  6091.  2186.
  5203.  4876.  6534.]
176 [ 4538.  4209.  2264.  2853.  1831.  7223.  5283.  6905.  6089.  2186.
  5201.  4880.  6538.]
177 [ 4538.  4211.  2264.  2853.  1831.  7226.  5278.  6904.  6088.  2186.
  5198.  4881.  6542.]
178 [ 4538.  4212.  2264.  2853.  1831.  7228.  5271.  6909.  6086.  2186.
  5196.  4882.  6544.]
179 [ 4539.  4212.  2264.  2853.  1831.  7229.  5267.  6909.  6085.  2186.
  5193.  4884.  6548.]
180 [ 4538.  4213.  2264.  2853.  1831.  7230.  5266.  6902.  6086.  2186.
  5190.  4887.  6554.]
181 [ 4538.  4214.  2264.  2853.  1831.  7231.  5265.  6899.  6087.  2186.
  5186.  4890.  6556.]
182 [ 4538.  4214.  2264.  2853.  1831.  7231.  5264.  6898.  6087.  2186.
  5184.  4893.  6557.]
183 [ 4537.  4215.  2264.  2853.  1831.  7231.  5263.  6898.  6087.  2186.
  5184.  4896.  6555.]
184 [ 4537.  4215.  2264.  2853.  1831.  7231.  5261.  6900.  6087.  2186.
  5184.  4899.  6552.]
185 [ 4537.  4214.  2264.  2853.  1831.  7231.  5260.  6899.  6087.  2186.
  5183.  4903.  6552.]
186 [ 4537.  4214.  2264.  2853.  1831.  7232.  5260.  6899.  6088.  2186.
  5183.  4904.  6549.]
187 [ 4537.  4214.  2264.  2853.  1831.  7232.  5260.  6899.  6088.  2186.
  5183.  4907.  6546.]
188 [ 4537.  4214.  2264.  2853.  1831.  7232.  5260.  6899.  6088.  2186.
  5183.  4907.  6546.]
189 [ 4537.  4214.  2264.  2853.  1831.  7232.  5260.  6900.  6088.  2186.
  5181.  4909.  6545.]
190 [ 4537.  4215.  2264.  2853.  1831.  7232.  5260.  6899.  6088.  2186.
  5179.  4912.  6544.]
191 [ 4537.  4216.  2264.  2853.  1831.  7232.  5260.  6899.  6087.  2186.
  5177.  4914.  6544.]
192 [ 4537.  4215.  2265.  2853.  1831.  7233.  5260.  6899.  6087.  2186.
  5176.  4914.  6544.]
193 [ 4537.  4215.  2265.  2853.  1832.  7234.  5260.  6898.  6086.  2186.
  5176.  4914.  6544.]
[ 4537.  4215.  2265.  2853.  1832.  7234.  5260.  6898.  6086.  2186.
  5176.  4914.  6544.]
Time spent clustering :  11932.8749862
means_random_cluster13
Digit: 0  Purity: 87.1% SD: 1634.6  Count: 6283
Digit: 1  Purity: 66.2% SD: 1234.3  Count: 10090
Digit: 2  Purity: 92.1% SD: 1781.8  Count: 4537
Digit: 3  Purity: 54.3% SD: 1710.7  Count: 7234
Digit: 4  Purity: 41.9% SD: 1674.8  Count: 5260
Digit: 5  Purity:  0.0% SD:    0.0  Count: 0
Digit: 6  Purity: 78.3% SD: 1590.0  Count: 7068
Digit: 7  Purity: 37.8% SD: 1500.2  Count: 13442
Digit: 8  Purity: 56.6% SD: 1658.4  Count: 6086
Digit: 9  Purity:  0.0% SD:    0.0  Count: 0
Our accuracy in predicting test data for k = 13 was 61.4261426143 %
Time spent testing :  12.8332579136
