13 means kplusplus 100
0 [  1854.   7956.   3655.   3122.   4433.   4164.   2991.   5026.   4116.
  11077.   3183.   3337.   5086.]
1 [ 2253.  7254.  4511.  3226.  4408.  4593.  3237.  4899.  4179.  9909.
  3672.  3101.  4758.]
2 [ 2569.  6929.  5227.  3039.  4414.  4893.  3483.  4567.  4248.  9253.
  3804.  3169.  4405.]
3 [ 2773.  6751.  5655.  2963.  4400.  4995.  3724.  4254.  4385.  8754.
  3817.  3311.  4218.]
4 [ 2870.  6544.  5840.  2959.  4373.  5032.  3907.  4058.  4539.  8420.
  3864.  3454.  4140.]
5 [ 2920.  6277.  5999.  2935.  4358.  4999.  4018.  3928.  4614.  8173.
  3954.  3624.  4201.]
6 [ 2915.  6069.  6114.  2938.  4349.  4880.  4129.  3880.  4638.  7993.
  4040.  3750.  4305.]
7 [ 2920.  5909.  6247.  2941.  4330.  4784.  4229.  3850.  4662.  7858.
  4059.  3834.  4377.]
8 [ 2937.  5844.  6348.  2953.  4322.  4685.  4311.  3819.  4687.  7729.
  4045.  3878.  4442.]
9 [ 2935.  5824.  6437.  2950.  4331.  4610.  4390.  3794.  4743.  7542.
  4037.  3919.  4488.]
10 [ 2936.  5846.  6492.  2952.  4336.  4553.  4465.  3781.  4832.  7314.
  4009.  3948.  4536.]
11 [ 2937.  5899.  6531.  2954.  4351.  4499.  4531.  3770.  5007.  7003.
  3983.  3971.  4564.]
12 [ 2942.  5995.  6566.  2955.  4359.  4479.  4594.  3800.  5079.  6673.
  3963.  3986.  4609.]
13 [ 2934.  6099.  6608.  2971.  4367.  4468.  4622.  3864.  5127.  6350.
  3965.  3981.  4644.]
14 [ 2954.  6201.  6639.  2977.  4377.  4465.  4639.  3911.  5182.  6022.
  3966.  4001.  4666.]
15 [ 2979.  6313.  6659.  2995.  4387.  4457.  4664.  3943.  5207.  5721.
  3955.  4036.  4684.]
16 [ 2998.  6394.  6676.  3001.  4395.  4462.  4704.  3983.  5218.  5476.
  3939.  4072.  4682.]
17 [ 3017.  6434.  6707.  2997.  4400.  4460.  4721.  4009.  5237.  5300.
  3922.  4117.  4679.]
18 [ 3014.  6491.  6714.  3025.  4419.  4428.  4726.  4050.  5227.  5169.
  3906.  4148.  4683.]
19 [ 3021.  6531.  6729.  3045.  4431.  4379.  4732.  4088.  5211.  5070.
  3890.  4200.  4673.]
20 [ 3019.  6566.  6742.  3095.  4434.  4321.  4762.  4139.  5165.  5012.
  3862.  4221.  4662.]
21 [ 3007.  6581.  6751.  3148.  4444.  4265.  4788.  4181.  5119.  4988.
  3835.  4241.  4652.]
22 [ 2992.  6581.  6750.  3232.  4460.  4208.  4818.  4222.  5085.  4978.
  3806.  4238.  4630.]
23 [ 2970.  6569.  6757.  3325.  4464.  4130.  4847.  4288.  5049.  4975.
  3784.  4234.  4608.]
24 [ 2943.  6560.  6758.  3400.  4466.  4043.  4867.  4343.  5035.  4984.
  3752.  4251.  4598.]
25 [ 2923.  6531.  6742.  3531.  4469.  3945.  4884.  4412.  5020.  4997.
  3724.  4240.  4582.]
26 [ 2900.  6507.  6745.  3664.  4470.  3834.  4898.  4465.  5005.  5012.
  3699.  4244.  4557.]
27 [ 2888.  6479.  6740.  3755.  4464.  3752.  4908.  4511.  4990.  5017.
  3673.  4278.  4545.]
28 [ 2897.  6460.  6738.  3860.  4459.  3673.  4918.  4540.  4994.  5013.
  3636.  4275.  4537.]
29 [ 2916.  6444.  6723.  3993.  4450.  3594.  4933.  4581.  4991.  5008.
  3603.  4244.  4520.]
30 [ 2926.  6423.  6708.  4122.  4425.  3541.  4934.  4606.  4985.  4996.
  3583.  4238.  4513.]
31 [ 2949.  6405.  6690.  4244.  4413.  3512.  4935.  4598.  4971.  4984.
  3565.  4229.  4505.]
32 [ 2984.  6393.  6678.  4352.  4396.  3488.  4937.  4583.  4960.  4975.
  3540.  4226.  4488.]
33 [ 2995.  6393.  6668.  4429.  4374.  3465.  4941.  4584.  4945.  4963.
  3536.  4249.  4458.]
34 [ 3020.  6395.  6654.  4501.  4349.  3439.  4952.  4584.  4934.  4957.
  3520.  4266.  4429.]
35 [ 3062.  6373.  6662.  4582.  4309.  3407.  4958.  4587.  4931.  4948.
  3477.  4298.  4406.]
36 [ 3091.  6369.  6657.  4640.  4286.  3395.  4969.  4579.  4932.  4943.
  3447.  4336.  4356.]
37 [ 3122.  6356.  6660.  4725.  4253.  3388.  4963.  4578.  4928.  4927.
  3424.  4367.  4309.]
38 [ 3180.  6344.  6669.  4792.  4224.  3387.  4954.  4544.  4928.  4924.
  3397.  4394.  4263.]
39 [ 3232.  6337.  6678.  4869.  4198.  3376.  4957.  4509.  4927.  4912.
  3373.  4412.  4220.]
40 [ 3302.  6332.  6683.  4946.  4172.  3360.  4964.  4476.  4911.  4912.
  3336.  4432.  4174.]
41 [ 3396.  6324.  6684.  5016.  4138.  3371.  4963.  4455.  4904.  4901.
  3275.  4451.  4122.]
42 [ 3496.  6308.  6687.  5074.  4106.  3391.  4954.  4408.  4902.  4892.
  3256.  4465.  4061.]
43 [ 3622.  6300.  6695.  5121.  4072.  3418.  4958.  4359.  4905.  4879.
  3183.  4470.  4018.]
44 [ 3750.  6291.  6701.  5177.  4045.  3443.  4967.  4309.  4913.  4880.
  3083.  4481.  3960.]
45 [ 3901.  6287.  6703.  5248.  4023.  3466.  4963.  4256.  4920.  4875.
  2962.  4493.  3903.]
46 [ 4050.  6277.  6704.  5307.  3985.  3490.  4976.  4223.  4914.  4868.
  2848.  4494.  3864.]
47 [ 4182.  6266.  6706.  5365.  3958.  3516.  4997.  4157.  4898.  4859.
  2752.  4502.  3842.]
48 [ 4276.  6250.  6694.  5424.  3925.  3531.  5022.  4134.  4888.  4858.
  2693.  4489.  3816.]
49 [ 4348.  6230.  6701.  5492.  3879.  3553.  5038.  4105.  4871.  4848.
  2668.  4472.  3795.]
50 [ 4381.  6213.  6719.  5536.  3818.  3571.  5062.  4096.  4860.  4837.
  2654.  4457.  3796.]
51 [ 4392.  6209.  6732.  5596.  3760.  3593.  5082.  4066.  4860.  4831.
  2656.  4436.  3787.]
52 [ 4395.  6209.  6751.  5624.  3710.  3631.  5098.  4026.  4871.  4830.
  2657.  4425.  3773.]
53 [ 4410.  6204.  6767.  5630.  3668.  3666.  5115.  3984.  4886.  4826.
  2660.  4421.  3763.]
54 [ 4412.  6207.  6786.  5647.  3625.  3713.  5134.  3930.  4907.  4820.
  2672.  4404.  3743.]
55 [ 4417.  6207.  6814.  5676.  3585.  3753.  5148.  3867.  4923.  4817.
  2681.  4376.  3736.]
56 [ 4419.  6206.  6839.  5686.  3549.  3804.  5159.  3802.  4951.  4817.
  2697.  4344.  3727.]
57 [ 4421.  6206.  6859.  5693.  3510.  3865.  5171.  3742.  4973.  4813.
  2706.  4316.  3725.]
58 [ 4421.  6214.  6871.  5669.  3480.  3924.  5171.  3689.  4994.  4818.
  2716.  4313.  3720.]
59 [ 4420.  6224.  6874.  5626.  3452.  3963.  5175.  3651.  5024.  4828.
  2718.  4327.  3718.]
60 [ 4419.  6229.  6882.  5568.  3409.  4009.  5178.  3618.  5046.  4839.
  2730.  4349.  3724.]
61 [ 4418.  6248.  6886.  5515.  3378.  4066.  5175.  3571.  5064.  4855.
  2736.  4367.  3721.]
62 [ 4411.  6260.  6899.  5494.  3346.  4112.  5175.  3517.  5078.  4873.
  2742.  4376.  3717.]
63 [ 4410.  6277.  6909.  5470.  3306.  4178.  5171.  3457.  5094.  4881.
  2749.  4386.  3712.]
64 [ 4413.  6299.  6907.  5433.  3278.  4237.  5162.  3373.  5112.  4894.
  2754.  4419.  3719.]
65 [ 4413.  6318.  6899.  5375.  3243.  4302.  5163.  3305.  5129.  4907.
  2758.  4462.  3726.]
66 [ 4425.  6335.  6895.  5294.  3207.  4358.  5160.  3238.  5143.  4923.
  2758.  4526.  3738.]
67 [ 4435.  6359.  6897.  5237.  3172.  4406.  5150.  3177.  5153.  4935.
  2761.  4569.  3749.]
68 [ 4441.  6376.  6901.  5200.  3124.  4458.  5143.  3112.  5168.  4946.
  2761.  4602.  3768.]
69 [ 4446.  6393.  6898.  5179.  3078.  4504.  5136.  3062.  5172.  4953.
  2762.  4626.  3791.]
70 [ 4452.  6405.  6889.  5139.  3039.  4533.  5135.  3014.  5172.  4961.
  2764.  4683.  3814.]
71 [ 4458.  6417.  6894.  5082.  2999.  4564.  5128.  2960.  5176.  4967.
  2770.  4752.  3833.]
72 [ 4460.  6420.  6899.  5019.  2959.  4591.  5124.  2939.  5179.  4981.
  2771.  4802.  3856.]
73 [ 4459.  6426.  6897.  4967.  2928.  4620.  5118.  2907.  5170.  4987.
  2778.  4859.  3884.]
74 [ 4456.  6428.  6898.  4922.  2898.  4647.  5112.  2892.  5162.  4986.
  2787.  4911.  3901.]
75 [ 4457.  6438.  6897.  4876.  2881.  4661.  5107.  2873.  5155.  4998.
  2796.  4941.  3920.]
76 [ 4457.  6444.  6897.  4831.  2860.  4674.  5101.  2868.  5146.  5006.
  2807.  4986.  3923.]
77 [ 4455.  6452.  6902.  4785.  2851.  4683.  5097.  2856.  5137.  5015.
  2811.  5028.  3928.]
78 [ 4455.  6457.  6912.  4731.  2844.  4691.  5094.  2848.  5126.  5020.
  2818.  5074.  3930.]
79 [ 4454.  6464.  6913.  4681.  2840.  4700.  5093.  2841.  5108.  5022.
  2822.  5127.  3935.]
80 [ 4455.  6469.  6912.  4631.  2838.  4714.  5094.  2835.  5093.  5020.
  2830.  5176.  3933.]
81 [ 4454.  6473.  6916.  4589.  2840.  4722.  5089.  2830.  5084.  5022.
  2835.  5214.  3932.]
82 [ 4452.  6474.  6917.  4567.  2838.  4725.  5089.  2825.  5083.  5021.
  2838.  5242.  3929.]
83 [ 4452.  6473.  6917.  4539.  2835.  4732.  5090.  2823.  5083.  5022.
  2841.  5261.  3932.]
84 [ 4450.  6475.  6916.  4515.  2838.  4736.  5090.  2820.  5083.  5023.
  2846.  5275.  3933.]
85 [ 4449.  6476.  6916.  4501.  2838.  4737.  5090.  2821.  5082.  5021.
  2846.  5288.  3935.]
86 [ 4450.  6479.  6915.  4490.  2837.  4738.  5088.  2821.  5082.  5021.
  2847.  5298.  3934.]
87 [ 4450.  6482.  6916.  4483.  2837.  4737.  5088.  2821.  5081.  5021.
  2848.  5303.  3933.]
88 [ 4449.  6486.  6915.  4476.  2838.  4735.  5087.  2821.  5080.  5021.
  2850.  5308.  3934.]
89 [ 4449.  6490.  6915.  4471.  2838.  4733.  5087.  2822.  5077.  5020.
  2851.  5312.  3935.]
90 [ 4449.  6492.  6917.  4465.  2837.  4731.  5086.  2823.  5077.  5019.
  2852.  5319.  3933.]
91 [ 4449.  6492.  6919.  4459.  2836.  4733.  5086.  2824.  5076.  5019.
  2853.  5322.  3932.]
92 [ 4449.  6492.  6919.  4450.  2835.  4737.  5086.  2825.  5076.  5020.
  2854.  5325.  3932.]
93 [ 4449.  6490.  6921.  4445.  2835.  4739.  5086.  2825.  5076.  5021.
  2854.  5327.  3932.]
94 [ 4449.  6487.  6924.  4446.  2835.  4739.  5086.  2825.  5076.  5021.
  2854.  5327.  3931.]
95 [ 4449.  6487.  6925.  4446.  2835.  4739.  5086.  2825.  5076.  5021.
  2854.  5327.  3930.]
[ 4449.  6487.  6925.  4446.  2835.  4739.  5086.  2825.  5076.  5021.
  2854.  5327.  3930.]
Time spent clustering :  7320.06180716
means_kplusplus_cluster13
Digit: 0  Purity: 91.2% SD: 1673.7  Count: 5660
Digit: 1  Purity: 66.1% SD: 1235.9  Count: 10097
Digit: 2  Purity: 94.2% SD: 1782.3  Count: 4449
Digit: 3  Purity: 51.4% SD: 1673.2  Count: 9773
Digit: 4  Purity: 43.1% SD: 1664.8  Count: 5086
Digit: 5  Purity:  0.0% SD:    0.0  Count: 0
Digit: 6  Purity: 81.5% SD: 1583.6  Count: 6784
Digit: 7  Purity: 37.8% SD: 1498.4  Count: 13412
Digit: 8  Purity: 71.5% SD: 1636.6  Count: 4739
Digit: 9  Purity:  0.0% SD:    0.0  Count: 0
Our accuracy in predicting test data for k = 13 was 61.8461846185 %
Time spent testing :  29.1476318836
