14 medians random 100
0 [  1981.   5807.   2143.   1402.   2100.  11247.   3481.   3615.  13054.
   4123.   1986.   2378.   2033.   4650.]
1 [ 2566.  5200.  3083.  1970.  2549.  9654.  3134.  4555.  9422.  5101.
  1851.  3558.  3047.  4310.]
2 [ 3273.  5469.  3051.  2314.  3045.  8432.  3015.  5092.  7109.  5162.
  2084.  4378.  3365.  4211.]
3 [ 3910.  4936.  2804.  2486.  3307.  7469.  2987.  5680.  5909.  5083.
  2407.  4979.  3467.  4576.]
4 [ 4406.  4353.  2632.  2567.  3541.  6741.  3067.  6054.  5150.  5024.
  2792.  5603.  3551.  4519.]
5 [ 4842.  4102.  2520.  2594.  3789.  5913.  3220.  6375.  4681.  4900.
  3186.  6192.  3627.  4059.]
6 [ 5267.  4019.  2554.  2621.  4029.  4612.  3337.  6546.  4631.  4708.
  3482.  6572.  3734.  3888.]
7 [ 5359.  4090.  2566.  2632.  4194.  3455.  3517.  6543.  4807.  4503.
  3798.  6691.  3862.  3983.]
8 [ 5282.  4240.  2625.  2619.  4308.  2822.  3664.  6555.  4857.  4348.
  4033.  6671.  4006.  3970.]
9 [ 5138.  4394.  2707.  2629.  4387.  2508.  3745.  6641.  4844.  4235.
  4012.  6642.  4148.  3970.]
10 [ 5033.  4495.  2769.  2639.  4462.  2397.  3828.  6752.  4789.  4105.
  3839.  6602.  4281.  4009.]
11 [ 4932.  4572.  2837.  2650.  4528.  2392.  3909.  6815.  4731.  3982.
  3671.  6586.  4356.  4039.]
12 [ 4830.  4647.  2883.  2658.  4588.  2355.  3904.  6870.  4699.  3895.
  3668.  6549.  4381.  4073.]
13 [ 4711.  4694.  2916.  2670.  4639.  2315.  3925.  6888.  4665.  3813.
  3773.  6498.  4389.  4104.]
14 [ 4616.  4729.  2974.  2691.  4664.  2342.  3913.  6897.  4600.  3733.
  3871.  6478.  4385.  4107.]
15 [ 4614.  4753.  3019.  2709.  4699.  2372.  3907.  6896.  4537.  3660.
  3916.  6415.  4385.  4118.]
16 [ 4620.  4759.  3058.  2720.  4713.  2389.  3918.  6893.  4492.  3611.
  3954.  6371.  4382.  4120.]
17 [ 4663.  4764.  3107.  2723.  4739.  2394.  3887.  6881.  4446.  3575.
  3986.  6352.  4373.  4110.]
18 [ 4722.  4764.  3140.  2688.  4769.  2410.  3870.  6882.  4416.  3559.
  4009.  6311.  4363.  4097.]
19 [ 4784.  4762.  3167.  2658.  4792.  2411.  3863.  6875.  4388.  3547.
  4035.  6279.  4355.  4084.]
20 [ 4854.  4761.  3196.  2636.  4826.  2402.  3870.  6874.  4361.  3527.
  4040.  6228.  4352.  4073.]
21 [ 4939.  4754.  3229.  2613.  4852.  2390.  3859.  6868.  4330.  3506.
  4047.  6199.  4349.  4065.]
22 [ 5027.  4744.  3257.  2573.  4884.  2378.  3846.  6865.  4308.  3496.
  4051.  6170.  4349.  4052.]
23 [ 5078.  4737.  3283.  2547.  4910.  2373.  3836.  6857.  4284.  3496.
  4062.  6147.  4345.  4045.]
24 [ 5099.  4734.  3308.  2527.  4960.  2351.  3819.  6862.  4258.  3498.
  4084.  6124.  4343.  4033.]
25 [ 5120.  4728.  3332.  2502.  4987.  2338.  3813.  6867.  4245.  3501.
  4099.  6094.  4348.  4026.]
26 [ 5154.  4727.  3355.  2482.  5016.  2318.  3808.  6870.  4225.  3502.
  4106.  6070.  4347.  4020.]
27 [ 5173.  4718.  3390.  2467.  5032.  2308.  3809.  6870.  4206.  3501.
  4114.  6055.  4347.  4010.]
28 [ 5190.  4711.  3432.  2453.  5043.  2303.  3801.  6868.  4190.  3500.
  4116.  6034.  4347.  4012.]
29 [ 5193.  4711.  3461.  2436.  5035.  2283.  3813.  6865.  4180.  3502.
  4135.  6023.  4351.  4012.]
30 [ 5201.  4702.  3509.  2420.  5035.  2261.  3825.  6862.  4170.  3499.
  4149.  6015.  4350.  4002.]
31 [ 5212.  4700.  3545.  2421.  5028.  2234.  3825.  6849.  4157.  3489.
  4177.  6013.  4351.  3999.]
32 [ 5223.  4689.  3570.  2428.  5054.  2209.  3821.  6844.  4147.  3477.
  4193.  6002.  4350.  3993.]
33 [ 5204.  4683.  3606.  2429.  5059.  2192.  3826.  6847.  4143.  3467.
  4215.  5989.  4353.  3987.]
34 [ 5183.  4676.  3651.  2428.  5051.  2178.  3828.  6846.  4130.  3466.
  4244.  5987.  4354.  3978.]
35 [ 5152.  4660.  3702.  2425.  5028.  2171.  3840.  6839.  4128.  3464.
  4267.  5988.  4360.  3976.]
36 [ 5125.  4649.  3763.  2428.  4991.  2163.  3850.  6837.  4115.  3463.
  4284.  5992.  4366.  3974.]
37 [ 5099.  4639.  3811.  2427.  4957.  2157.  3873.  6833.  4110.  3452.
  4314.  5990.  4367.  3971.]
38 [ 5084.  4630.  3862.  2424.  4906.  2151.  3882.  6821.  4104.  3457.
  4341.  5996.  4371.  3971.]
39 [ 5084.  4625.  3901.  2421.  4858.  2147.  3873.  6815.  4103.  3467.
  4364.  6008.  4376.  3958.]
40 [ 5061.  4625.  3943.  2419.  4823.  2139.  3879.  6818.  4097.  3460.
  4388.  6012.  4377.  3959.]
41 [ 5035.  4616.  3973.  2409.  4807.  2136.  3886.  6814.  4090.  3456.
  4424.  6016.  4376.  3962.]
42 [ 5001.  4603.  3998.  2402.  4784.  2118.  3910.  6812.  4094.  3455.
  4455.  6022.  4383.  3963.]
43 [ 4947.  4593.  4020.  2403.  4759.  2117.  3941.  6819.  4089.  3443.
  4481.  6035.  4387.  3966.]
44 [ 4904.  4591.  4037.  2401.  4743.  2110.  3952.  6829.  4086.  3443.
  4509.  6033.  4390.  3972.]
45 [ 4826.  4590.  4051.  2403.  4726.  2110.  3972.  6835.  4084.  3456.
  4533.  6044.  4395.  3975.]
46 [ 4785.  4577.  4069.  2407.  4704.  2101.  3987.  6837.  4080.  3450.
  4577.  6054.  4396.  3976.]
47 [ 4694.  4571.  4083.  2410.  4698.  2099.  4003.  6832.  4078.  3463.
  4623.  6069.  4399.  3978.]
48 [ 4623.  4568.  4092.  2423.  4697.  2094.  4011.  6822.  4077.  3463.
  4666.  6083.  4403.  3978.]
49 [ 4514.  4567.  4103.  2436.  4695.  2093.  4043.  6821.  4071.  3473.
  4715.  6091.  4402.  3976.]
50 [ 4402.  4564.  4107.  2444.  4690.  2087.  4099.  6819.  4068.  3479.
  4753.  6107.  4403.  3978.]
51 [ 4265.  4558.  4112.  2456.  4687.  2084.  4149.  6820.  4067.  3486.
  4810.  6120.  4402.  3984.]
52 [ 4144.  4560.  4114.  2478.  4689.  2088.  4201.  6808.  4061.  3493.
  4847.  6129.  4402.  3986.]
53 [ 4030.  4560.  4115.  2489.  4688.  2089.  4248.  6801.  4062.  3494.
  4898.  6137.  4402.  3987.]
54 [ 3949.  4555.  4121.  2492.  4686.  2094.  4289.  6797.  4056.  3489.
  4927.  6151.  4402.  3992.]
55 [ 3889.  4560.  4128.  2489.  4676.  2090.  4317.  6781.  4055.  3494.
  4955.  6173.  4400.  3993.]
56 [ 3835.  4559.  4131.  2486.  4672.  2087.  4337.  6761.  4053.  3502.
  4985.  6196.  4399.  3997.]
57 [ 3798.  4560.  4134.  2488.  4672.  2085.  4347.  6743.  4051.  3510.
  5009.  6203.  4398.  4002.]
58 [ 3772.  4562.  4135.  2491.  4665.  2083.  4364.  6727.  4051.  3515.
  5021.  6215.  4396.  4003.]
59 [ 3754.  4561.  4131.  2490.  4667.  2076.  4388.  6722.  4051.  3518.
  5029.  6215.  4396.  4002.]
60 [ 3732.  4560.  4132.  2493.  4668.  2071.  4415.  6718.  4052.  3519.
  5031.  6217.  4396.  3996.]
61 [ 3718.  4560.  4132.  2495.  4669.  2070.  4437.  6708.  4052.  3521.
  5033.  6218.  4396.  3991.]
62 [ 3703.  4561.  4130.  2495.  4667.  2069.  4468.  6699.  4048.  3524.
  5032.  6219.  4396.  3989.]
63 [ 3689.  4562.  4130.  2492.  4664.  2069.  4504.  6693.  4046.  3526.
  5026.  6217.  4396.  3986.]
64 [ 3697.  4556.  4129.  2488.  4665.  2064.  4530.  6681.  4042.  3527.
  5015.  6224.  4397.  3985.]
65 [ 3697.  4554.  4128.  2483.  4663.  2066.  4548.  6676.  4037.  3530.
  5012.  6226.  4398.  3982.]
66 [ 3701.  4553.  4125.  2483.  4663.  2066.  4563.  6667.  4036.  3532.
  5006.  6226.  4398.  3981.]
67 [ 3697.  4553.  4124.  2483.  4661.  2066.  4587.  6663.  4036.  3530.
  5001.  6223.  4398.  3978.]
68 [ 3696.  4552.  4123.  2488.  4660.  2065.  4599.  6662.  4036.  3528.
  4994.  6223.  4398.  3976.]
69 [ 3689.  4552.  4123.  2491.  4658.  2058.  4619.  6660.  4039.  3526.
  4992.  6220.  4398.  3975.]
70 [ 3687.  4550.  4121.  2495.  4658.  2056.  4635.  6657.  4037.  3528.
  4987.  6216.  4398.  3975.]
71 [ 3687.  4548.  4121.  2499.  4660.  2051.  4640.  6654.  4036.  3534.
  4980.  6216.  4398.  3976.]
72 [ 3693.  4546.  4121.  2504.  4661.  2044.  4641.  6650.  4034.  3541.
  4980.  6213.  4398.  3974.]
73 [ 3698.  4543.  4118.  2504.  4664.  2040.  4656.  6643.  4032.  3544.
  4973.  6219.  4397.  3969.]
74 [ 3690.  4539.  4117.  2512.  4665.  2045.  4671.  6640.  4032.  3546.
  4959.  6219.  4396.  3969.]
75 [ 3691.  4538.  4115.  2514.  4664.  2049.  4679.  6634.  4030.  3546.
  4949.  6225.  4396.  3970.]
76 [ 3694.  4537.  4115.  2514.  4665.  2048.  4682.  6630.  4029.  3548.
  4947.  6226.  4396.  3969.]
77 [ 3698.  4536.  4115.  2513.  4667.  2048.  4684.  6628.  4028.  3547.
  4946.  6227.  4396.  3967.]
78 [ 3698.  4536.  4115.  2512.  4666.  2047.  4683.  6625.  4030.  3548.
  4947.  6230.  4396.  3967.]
79 [ 3698.  4534.  4115.  2512.  4665.  2044.  4687.  6625.  4030.  3549.
  4945.  6232.  4396.  3968.]
80 [ 3703.  4533.  4115.  2514.  4665.  2041.  4689.  6624.  4031.  3547.
  4944.  6233.  4396.  3965.]
81 [ 3694.  4531.  4115.  2519.  4667.  2040.  4688.  6623.  4031.  3549.
  4947.  6235.  4396.  3965.]
82 [ 3687.  4531.  4115.  2521.  4667.  2040.  4685.  6625.  4031.  3553.
  4949.  6235.  4396.  3965.]
83 [ 3682.  4531.  4116.  2522.  4667.  2041.  4682.  6624.  4031.  3556.
  4952.  6235.  4396.  3965.]
84 [ 3681.  4531.  4116.  2523.  4666.  2041.  4680.  6623.  4030.  3559.
  4953.  6236.  4396.  3965.]
85 [ 3681.  4531.  4116.  2524.  4666.  2041.  4681.  6623.  4030.  3561.
  4950.  6235.  4396.  3965.]
86 [ 3681.  4531.  4116.  2523.  4666.  2040.  4682.  6622.  4030.  3561.
  4950.  6237.  4396.  3965.]
87 [ 3682.  4531.  4116.  2523.  4666.  2040.  4682.  6620.  4030.  3561.
  4950.  6238.  4396.  3965.]
88 [ 3682.  4531.  4116.  2523.  4666.  2040.  4682.  6618.  4030.  3561.
  4950.  6240.  4396.  3965.]
89 [ 3682.  4532.  4116.  2523.  4666.  2040.  4683.  6618.  4030.  3561.
  4950.  6238.  4396.  3965.]
90 [ 3682.  4532.  4117.  2523.  4666.  2040.  4683.  6618.  4030.  3561.
  4949.  6238.  4396.  3965.]
[ 3682.  4532.  4117.  2523.  4666.  2040.  4683.  6618.  4030.  3561.
  4949.  6238.  4396.  3965.]
Time spent clustering :  10056.7933381
medians_random_cluster14
Digit: 0  Purity: 93.8% SD: 1972.0  Count: 4396
Digit: 1  Purity: 75.2% SD: 1314.1  Count: 8562
Digit: 2  Purity: 86.6% SD: 2002.7  Count: 3965
Digit: 3  Purity: 54.7% SD: 1912.8  Count: 6618
Digit: 4  Purity: 47.2% SD: 1770.5  Count: 9632
Digit: 5  Purity: 30.3% SD: 1848.6  Count: 6706
Digit: 6  Purity: 84.7% SD: 1805.2  Count: 4117
Digit: 7  Purity: 55.2% SD: 1628.9  Count: 9766
Digit: 8  Purity: 57.2% SD: 1853.6  Count: 6238
Digit: 9  Purity:  0.0% SD:    0.0  Count: 0
Our accuracy in predicting test data for k = 14 was 61.6261626163 %
Time spent testing :  33.7753510475
