40 medians kplusplus 100
0 [ 1822.  3300.  1446.   634.  1089.   847.   805.  1063.  1775.   722.
   939.  1975.  2554.  2376.   734.   853.  1585.   380.  2336.  1925.
  1190.   864.   763.  2534.  2463.  2285.   868.  1430.   593.  2290.
  1284.   749.   636.  1785.  1218.  1432.  1900.  3485.  1712.  1359.]
1 [ 1588.  3124.  1538.   695.  1422.   941.   984.  1106.  1821.   888.
  1014.  1893.  2230.  2438.   787.   823.  1542.   526.  2217.  1857.
  1200.   962.   881.  2584.  2159.  2093.  1040.  1387.   537.  2132.
  1141.  1103.   798.  1646.  1139.  1468.  1966.  2824.  1994.  1512.]
2 [ 1491.  2961.  1613.   739.  1678.  1022.  1076.  1121.  1776.  1004.
  1080.  1761.  2069.  2399.   825.   797.  1463.   698.  2193.  1772.
  1189.  1056.   988.  2585.  1987.  1955.  1122.  1348.   530.  2059.
  1103.  1288.   925.  1518.  1169.  1483.  2059.  2349.  2134.  1615.]
3 [ 1444.  2782.  1614.   775.  1856.  1107.  1187.  1074.  1740.  1073.
  1140.  1644.  1973.  2334.   842.   794.  1416.   922.  2161.  1678.
  1163.  1115.  1067.  2569.  1885.  1851.  1155.  1337.   498.  1974.
  1109.  1406.  1020.  1430.  1231.  1526.  2172.  2027.  2174.  1735.]
4 [ 1457.  2660.  1564.   789.  1989.  1176.  1281.  1004.  1688.  1243.
  1166.  1568.  1884.  2231.   881.   825.  1390.  1157.  2131.  1599.
  1136.  1149.  1135.  2586.  1788.  1733.  1177.  1367.   490.  1867.
  1111.  1475.  1056.  1399.  1278.  1579.  2220.  1849.  2159.  1763.]
5 [ 1432.  2587.  1511.   814.  1961.  1205.  1379.   934.  1637.  1392.
  1202.  1496.  1815.  2173.   945.   816.  1378.  1353.  2124.  1573.
  1131.  1185.  1161.  2592.  1720.  1623.  1190.  1394.   498.  1759.
  1112.  1554.  1104.  1404.  1342.  1664.  2168.  1798.  2120.  1754.]
6 [ 1408.  2597.  1467.   831.  1898.  1250.  1451.   863.  1589.  1508.
  1227.  1446.  1758.  2117.  1006.   779.  1390.  1518.  2114.  1559.
  1141.  1183.  1208.  2577.  1679.  1575.  1203.  1419.   541.  1647.
  1150.  1645.  1123.  1395.  1420.  1643.  2062.  1800.  2076.  1737.]
7 [ 1394.  2603.  1439.   836.  1827.  1292.  1516.   822.  1555.  1568.
  1265.  1385.  1727.  2068.  1056.   767.  1403.  1619.  2079.  1539.
  1150.  1200.  1255.  2592.  1647.  1520.  1222.  1440.   601.  1541.
  1179.  1723.  1141.  1420.  1475.  1644.  1922.  1810.  2050.  1708.]
8 [ 1376.  2613.  1422.   843.  1718.  1323.  1575.   779.  1526.  1624.
  1288.  1345.  1714.  2022.  1089.   764.  1420.  1693.  2057.  1520.
  1165.  1241.  1288.  2596.  1639.  1462.  1230.  1467.   675.  1441.
  1226.  1788.  1165.  1462.  1521.  1641.  1728.  1831.  2034.  1689.]
9 [ 1340.  2598.  1402.   851.  1664.  1349.  1627.   740.  1488.  1672.
  1304.  1308.  1712.  1979.  1086.   773.  1434.  1746.  2060.  1502.
  1169.  1279.  1337.  2624.  1629.  1450.  1251.  1492.   739.  1363.
  1258.  1841.  1242.  1515.  1565.  1637.  1453.  1848.  2012.  1661.]
10 [ 1300.  2576.  1396.   881.  1677.  1375.  1660.   705.  1455.  1676.
  1316.  1282.  1735.  1949.  1091.   774.  1441.  1797.  2065.  1467.
  1178.  1315.  1363.  2652.  1613.  1435.  1274.  1487.   803.  1289.
  1341.  1885.  1318.  1557.  1576.  1649.  1129.  1870.  1995.  1653.]
11 [ 1268.  2564.  1385.   895.  1679.  1404.  1697.   683.  1447.  1676.
  1343.  1281.  1744.  1925.  1088.   772.  1433.  1828.  2060.  1444.
  1196.  1339.  1396.  2696.  1601.  1433.  1276.  1485.   791.  1218.
  1404.  1917.  1388.  1590.  1584.  1656.   870.  1895.  1983.  1666.]
12 [ 1255.  2570.  1372.   915.  1678.  1419.  1715.   675.  1440.  1681.
  1358.  1294.  1730.  1902.  1108.   767.  1418.  1864.  2057.  1436.
  1210.  1342.  1412.  2718.  1583.  1424.  1278.  1496.   798.  1146.
  1476.  1912.  1413.  1581.  1575.  1662.   777.  1894.  1975.  1674.]
13 [ 1250.  2573.  1362.   902.  1640.  1434.  1720.   681.  1410.  1685.
  1368.  1310.  1731.  1875.  1148.   764.  1400.  1898.  2053.  1430.
  1237.  1353.  1421.  2727.  1575.  1425.  1269.  1506.   821.  1082.
  1565.  1901.  1416.  1547.  1568.  1675.   736.  1898.  1961.  1683.]
14 [ 1246.  2590.  1364.   902.  1602.  1450.  1722.   684.  1350.  1671.
  1378.  1310.  1724.  1859.  1173.   765.  1381.  1910.  2052.  1423.
  1250.  1344.  1423.  2738.  1566.  1426.  1263.  1506.   869.  1071.
  1639.  1885.  1425.  1538.  1565.  1683.   709.  1899.  1959.  1686.]
15 [ 1248.  2599.  1359.   905.  1558.  1462.  1720.   697.  1310.  1668.
  1383.  1310.  1731.  1844.  1188.   765.  1380.  1924.  2048.  1418.
  1259.  1346.  1422.  2731.  1558.  1423.  1259.  1507.   909.  1065.
  1702.  1875.  1429.  1526.  1555.  1683.   691.  1905.  1958.  1680.]
16 [ 1238.  2619.  1357.   909.  1542.  1471.  1721.   704.  1283.  1661.
  1381.  1305.  1727.  1829.  1197.   762.  1373.  1935.  2050.  1415.
  1272.  1345.  1421.  2724.  1554.  1415.  1262.  1522.   942.  1061.
  1763.  1864.  1415.  1524.  1559.  1685.   654.  1908.  1956.  1675.]
17 [ 1235.  2635.  1353.   906.  1519.  1476.  1719.   706.  1258.  1661.
  1383.  1306.  1734.  1815.  1194.   763.  1373.  1945.  2054.  1411.
  1284.  1337.  1421.  2718.  1548.  1417.  1263.  1531.   957.  1069.
  1815.  1856.  1414.  1511.  1550.  1690.   637.  1907.  1953.  1676.]
18 [ 1233.  2647.  1346.   886.  1500.  1479.  1716.   725.  1234.  1657.
  1387.  1304.  1735.  1802.  1197.   760.  1370.  1958.  2053.  1422.
  1292.  1337.  1421.  2710.  1545.  1423.  1266.  1536.   968.  1077.
  1850.  1851.  1416.  1496.  1544.  1695.   631.  1904.  1949.  1678.]
19 [ 1226.  2655.  1345.   880.  1472.  1484.  1723.   733.  1222.  1653.
  1387.  1302.  1736.  1793.  1199.   761.  1367.  1967.  2056.  1420.
  1302.  1331.  1425.  2692.  1541.  1421.  1270.  1542.   970.  1092.
  1899.  1846.  1417.  1474.  1540.  1698.   626.  1903.  1953.  1677.]
20 [ 1222.  2654.  1343.   876.  1449.  1487.  1725.   741.  1207.  1650.
  1381.  1300.  1738.  1782.  1201.   763.  1367.  1977.  2054.  1421.
  1317.  1329.  1426.  2692.  1538.  1426.  1270.  1537.   975.  1102.
  1933.  1840.  1422.  1469.  1543.  1702.   610.  1904.  1956.  1671.]
21 [ 1225.  2657.  1340.   877.  1435.  1489.  1729.   742.  1196.  1647.
  1371.  1299.  1735.  1772.  1203.   767.  1372.  1986.  2051.  1422.
  1332.  1330.  1424.  2685.  1536.  1426.  1266.  1541.   980.  1108.
  1973.  1830.  1425.  1468.  1533.  1705.   591.  1901.  1957.  1674.]
22 [ 1224.  2651.  1337.   885.  1423.  1490.  1726.   744.  1184.  1644.
  1360.  1295.  1736.  1752.  1207.   772.  1378.  1998.  2047.  1422.
  1348.  1334.  1423.  2675.  1534.  1433.  1263.  1544.   992.  1109.
  2004.  1830.  1423.  1468.  1528.  1705.   580.  1901.  1956.  1675.]
23 [ 1226.  2650.  1336.   887.  1409.  1499.  1723.   748.  1177.  1643.
  1359.  1293.  1737.  1739.  1207.   773.  1380.  2012.  2043.  1412.
  1361.  1331.  1422.  2652.  1530.  1439.  1266.  1557.   991.  1113.
  2031.  1829.  1424.  1468.  1527.  1704.   567.  1899.  1962.  1674.]
24 [ 1220.  2651.  1334.   903.  1399.  1507.  1720.   750.  1170.  1641.
  1358.  1293.  1733.  1733.  1206.   771.  1389.  2020.  2039.  1411.
  1366.  1327.  1424.  2635.  1529.  1441.  1268.  1567.   989.  1122.
  2039.  1833.  1424.  1473.  1521.  1703.   558.  1897.  1964.  1672.]
25 [ 1215.  2640.  1334.   899.  1386.  1520.  1716.   753.  1162.  1637.
  1349.  1293.  1729.  1727.  1202.   775.  1392.  2025.  2037.  1398.
  1381.  1314.  1425.  2627.  1529.  1447.  1277.  1577.   994.  1134.
  2056.  1842.  1429.  1476.  1516.  1704.   549.  1898.  1968.  1668.]
26 [ 1210.  2641.  1333.   906.  1370.  1519.  1715.   753.  1157.  1632.
  1342.  1291.  1719.  1726.  1199.   773.  1391.  2025.  2034.  1401.
  1390.  1308.  1425.  2625.  1528.  1449.  1279.  1595.  1007.  1137.
  2058.  1846.  1435.  1486.  1508.  1704.   542.  1898.  1976.  1667.]
27 [ 1209.  2637.  1333.   908.  1355.  1519.  1719.   760.  1155.  1630.
  1333.  1287.  1715.  1729.  1199.   777.  1397.  2026.  2036.  1404.
  1399.  1304.  1424.  2619.  1529.  1447.  1279.  1607.  1006.  1139.
  2054.  1859.  1440.  1485.  1508.  1700.   534.  1896.  1975.  1668.]
28 [ 1205.  2636.  1336.   912.  1344.  1523.  1718.   760.  1153.  1628.
  1339.  1285.  1723.  1726.  1197.   782.  1397.  2027.  2036.  1410.
  1401.  1302.  1425.  2610.  1528.  1444.  1283.  1624.  1011.  1141.
  2026.  1871.  1448.  1485.  1502.  1700.   519.  1898.  1972.  1673.]
29 [ 1201.  2633.  1336.   922.  1326.  1526.  1718.   761.  1150.  1626.
  1337.  1281.  1718.  1727.  1197.   784.  1403.  2029.  2038.  1418.
  1405.  1304.  1425.  2602.  1527.  1445.  1283.  1638.  1014.  1142.
  2004.  1872.  1450.  1499.  1500.  1699.   510.  1905.  1971.  1674.]
30 [ 1198.  2631.  1337.   930.  1304.  1530.  1720.   762.  1146.  1622.
  1337.  1279.  1724.  1729.  1196.   785.  1406.  2024.  2040.  1437.
  1404.  1316.  1420.  2590.  1524.  1443.  1282.  1656.  1018.  1143.
  1972.  1875.  1456.  1505.  1501.  1701.   499.  1907.  1971.  1680.]
31 [ 1194.  2629.  1339.   949.  1288.  1532.  1719.   761.  1141.  1616.
  1334.  1277.  1719.  1732.  1195.   788.  1409.  2021.  2041.  1445.
  1407.  1320.  1417.  2580.  1523.  1439.  1287.  1681.  1022.  1148.
  1940.  1879.  1460.  1524.  1501.  1700.   484.  1909.  1972.  1678.]
32 [ 1197.  2625.  1342.   956.  1262.  1539.  1717.   759.  1134.  1615.
  1336.  1275.  1719.  1731.  1193.   790.  1418.  2019.  2049.  1443.
  1408.  1333.  1414.  2571.  1524.  1440.  1295.  1708.  1026.  1152.
  1902.  1885.  1465.  1540.  1500.  1705.   454.  1908.  1976.  1675.]
33 [ 1200.  2621.  1340.   963.  1250.  1544.  1715.   758.  1127.  1611.
  1337.  1274.  1719.  1730.  1191.   790.  1426.  2017.  2054.  1468.
  1407.  1335.  1412.  2572.  1522.  1432.  1299.  1739.  1032.  1157.
  1854.  1903.  1465.  1551.  1506.  1709.   408.  1910.  1979.  1673.]
34 [ 1200.  2621.  1338.   961.  1228.  1548.  1719.   762.  1121.  1609.
  1336.  1277.  1721.  1727.  1191.   790.  1431.  2015.  2057.  1496.
  1406.  1352.  1412.  2568.  1521.  1424.  1309.  1772.  1035.  1162.
  1788.  1930.  1468.  1558.  1506.  1710.   374.  1915.  1977.  1665.]
35 [ 1199.  2620.  1336.   957.  1214.  1556.  1722.   762.  1115.  1609.
  1335.  1278.  1727.  1726.  1195.   789.  1434.  2017.  2061.  1523.
  1408.  1362.  1410.  2583.  1522.  1419.  1316.  1813.  1037.  1168.
  1648.  1948.  1465.  1576.  1518.  1715.   349.  1928.  1978.  1662.]
36 [ 1204.  2613.  1330.   957.  1233.  1563.  1723.   766.  1108.  1608.
  1337.  1275.  1731.  1723.  1196.   790.  1427.  2019.  2070.  1567.
  1408.  1368.  1407.  2598.  1522.  1420.  1321.  1855.  1038.  1171.
  1487.  1966.  1461.  1585.  1526.  1721.   330.  1936.  1974.  1666.]
37 [ 1205.  2604.  1329.   959.  1274.  1575.  1724.   765.  1105.  1608.
  1338.  1273.  1735.  1719.  1196.   790.  1414.  2023.  2065.  1594.
  1406.  1368.  1402.  2614.  1520.  1423.  1337.  1884.  1036.  1170.
  1318.  1997.  1463.  1577.  1531.  1737.   325.  1951.  1971.  1675.]
38 [ 1203.  2601.  1330.   968.  1319.  1583.  1727.   763.  1099.  1606.
  1338.  1272.  1739.  1716.  1202.   789.  1388.  2025.  2069.  1623.
  1408.  1350.  1403.  2634.  1520.  1421.  1350.  1917.  1036.  1177.
  1145.  2021.  1457.  1578.  1535.  1741.   335.  1957.  1970.  1685.]
39 [ 1199.  2603.  1329.   972.  1329.  1596.  1732.   763.  1097.  1605.
  1335.  1270.  1742.  1717.  1206.   793.  1374.  2025.  2074.  1634.
  1410.  1333.  1403.  2643.  1519.  1417.  1363.  1956.  1038.  1178.
  1015.  2036.  1454.  1571.  1536.  1742.   381.  1957.  1966.  1687.]
40 [ 1196.  2615.  1330.   977.  1328.  1597.  1732.   763.  1098.  1605.
  1332.  1273.  1745.  1715.  1204.   797.  1368.  2021.  2075.  1651.
  1411.  1327.  1404.  2650.  1520.  1413.  1368.  1970.  1034.  1183.
   931.  2039.  1456.  1568.  1533.  1744.   417.  1956.  1964.  1690.]
41 [ 1195.  2616.  1325.   979.  1327.  1602.  1733.   761.  1087.  1609.
  1334.  1270.  1743.  1714.  1203.   803.  1358.  2019.  2075.  1657.
  1410.  1320.  1403.  2651.  1523.  1415.  1385.  1976.  1035.  1196.
   901.  2039.  1454.  1567.  1528.  1745.   438.  1950.  1965.  1689.]
42 [ 1194.  2617.  1315.   979.  1320.  1616.  1731.   756.  1076.  1611.
  1337.  1266.  1745.  1712.  1202.   803.  1350.  2018.  2075.  1668.
  1414.  1319.  1403.  2654.  1522.  1414.  1391.  1984.  1032.  1210.
   828.  2035.  1453.  1563.  1531.  1745.   499.  1946.  1966.  1700.]
43 [ 1189.  2622.  1307.   989.  1295.  1636.  1729.   754.  1069.  1613.
  1336.  1259.  1734.  1709.  1202.   809.  1340.  2020.  2070.  1684.
  1413.  1313.  1402.  2652.  1521.  1414.  1391.  1989.  1031.  1215.
   775.  2042.  1452.  1557.  1536.  1746.   566.  1943.  1965.  1711.]
44 [ 1186.  2620.  1305.  1000.  1283.  1645.  1729.   751.  1065.  1612.
  1338.  1255.  1728.  1707.  1204.   812.  1328.  2021.  2067.  1703.
  1413.  1315.  1402.  2644.  1521.  1417.  1391.  1979.  1034.  1214.
   775.  2046.  1456.  1551.  1537.  1747.   575.  1942.  1961.  1721.]
45 [ 1187.  2619.  1301.  1013.  1277.  1659.  1729.   757.  1056.  1609.
  1340.  1250.  1720.  1708.  1203.   815.  1311.  2021.  2063.  1711.
  1412.  1301.  1400.  2644.  1525.  1413.  1401.  1984.  1033.  1223.
   777.  2052.  1454.  1540.  1544.  1749.   578.  1939.  1956.  1726.]
46 [ 1185.  2623.  1298.  1031.  1258.  1665.  1728.   754.  1060.  1607.
  1345.  1248.  1720.  1706.  1205.   816.  1307.  2021.  2060.  1722.
  1412.  1292.  1400.  2640.  1526.  1413.  1404.  1980.  1029.  1223.
   774.  2057.  1454.  1529.  1548.  1751.   588.  1937.  1956.  1728.]
47 [ 1184.  2621.  1297.  1055.  1254.  1673.  1727.   760.  1059.  1607.
  1351.  1245.  1717.  1704.  1206.   818.  1310.  2016.  2060.  1738.
  1412.  1292.  1397.  2623.  1525.  1413.  1401.  1973.  1028.  1224.
   779.  2057.  1452.  1521.  1547.  1756.   583.  1936.  1952.  1727.]
48 [ 1183.  2621.  1295.  1079.  1245.  1683.  1724.   760.  1059.  1607.
  1352.  1243.  1713.  1705.  1203.   818.  1321.  2012.  2063.  1754.
  1414.  1294.  1398.  2610.  1525.  1409.  1399.  1961.  1026.  1229.
   777.  2056.  1448.  1516.  1549.  1756.   581.  1932.  1952.  1728.]
49 [ 1182.  2616.  1295.  1102.  1235.  1691.  1721.   764.  1055.  1606.
  1351.  1241.  1715.  1704.  1204.   819.  1330.  2009.  2062.  1772.
  1415.  1295.  1398.  2602.  1524.  1409.  1396.  1953.  1028.  1233.
   775.  2050.  1444.  1508.  1546.  1757.   577.  1933.  1951.  1732.]
50 [ 1179.  2612.  1294.  1122.  1233.  1696.  1718.   773.  1050.  1607.
  1357.  1242.  1712.  1704.  1204.   822.  1338.  2001.  2058.  1782.
  1419.  1295.  1397.  2598.  1522.  1410.  1395.  1947.  1028.  1239.
   769.  2044.  1443.  1497.  1546.  1756.   569.  1933.  1951.  1738.]
51 [ 1181.  2606.  1294.  1142.  1204.  1705.  1720.   782.  1045.  1604.
  1360.  1243.  1711.  1704.  1206.   824.  1342.  1992.  2057.  1804.
  1427.  1292.  1398.  2588.  1523.  1408.  1389.  1942.  1028.  1243.
   771.  2036.  1437.  1493.  1546.  1757.   570.  1932.  1951.  1743.]
52 [ 1175.  2604.  1295.  1192.  1161.  1709.  1721.   794.  1045.  1600.
  1366.  1241.  1703.  1704.  1204.   829.  1349.  1984.  2056.  1819.
  1429.  1296.  1396.  2576.  1521.  1409.  1393.  1938.  1029.  1249.
   767.  2030.  1427.  1489.  1546.  1758.   572.  1932.  1951.  1741.]
53 [ 1172.  2599.  1298.  1256.  1102.  1714.  1714.   806.  1040.  1594.
  1363.  1247.  1694.  1705.  1202.   839.  1356.  1982.  2054.  1829.
  1437.  1295.  1398.  2561.  1521.  1405.  1393.  1928.  1032.  1254.
   770.  2024.  1422.  1489.  1551.  1759.   567.  1934.  1948.  1746.]
54 [ 1171.  2583.  1296.  1325.  1046.  1724.  1711.   820.  1032.  1594.
  1361.  1247.  1680.  1699.  1200.   848.  1370.  1971.  2056.  1840.
  1448.  1296.  1399.  2550.  1521.  1404.  1389.  1932.  1036.  1262.
   771.  2019.  1412.  1483.  1551.  1758.   565.  1931.  1948.  1751.]
55 [ 1169.  2564.  1297.  1398.   989.  1734.  1698.   828.  1031.  1591.
  1372.  1250.  1679.  1698.  1203.   860.  1383.  1960.  2060.  1841.
  1455.  1296.  1402.  2534.  1521.  1401.  1387.  1930.  1033.  1265.
   775.  2015.  1405.  1475.  1548.  1758.   566.  1932.  1946.  1751.]
56 [ 1166.  2546.  1296.  1420.   961.  1748.  1693.   850.  1027.  1584.
  1383.  1259.  1678.  1692.  1204.   870.  1384.  1959.  2058.  1855.
  1461.  1297.  1405.  2530.  1521.  1399.  1384.  1930.  1035.  1267.
   769.  2011.  1399.  1466.  1548.  1763.   550.  1932.  1949.  1751.]
57 [ 1165.  2544.  1294.  1431.   929.  1770.  1693.   872.  1027.  1577.
  1385.  1265.  1679.  1687.  1205.   894.  1398.  1946.  2061.  1851.
  1468.  1296.  1402.  2522.  1526.  1403.  1378.  1920.  1035.  1271.
   770.  2007.  1395.  1458.  1555.  1760.   529.  1930.  1951.  1751.]
58 [ 1162.  2538.  1295.  1457.   909.  1801.  1691.   869.  1024.  1568.
  1390.  1261.  1679.  1684.  1203.   922.  1420.  1934.  2057.  1837.
  1468.  1292.  1401.  2528.  1523.  1408.  1377.  1900.  1039.  1281.
   753.  1998.  1395.  1457.  1564.  1762.   516.  1926.  1958.  1753.]
59 [ 1163.  2519.  1298.  1487.   848.  1838.  1695.   878.  1024.  1564.
  1394.  1257.  1685.  1679.  1198.   938.  1454.  1930.  2055.  1823.
  1465.  1284.  1403.  2522.  1528.  1414.  1370.  1894.  1044.  1284.
   768.  1987.  1389.  1449.  1565.  1765.   504.  1925.  1962.  1751.]
60 [ 1160.  2519.  1302.  1522.   817.  1875.  1692.   892.  1024.  1559.
  1401.  1255.  1681.  1682.  1198.   942.  1510.  1926.  2060.  1776.
  1465.  1278.  1404.  2511.  1528.  1407.  1363.  1896.  1046.  1285.
   763.  1976.  1383.  1446.  1561.  1767.   486.  1922.  1966.  1754.]
61 [ 1161.  2505.  1302.  1549.   800.  1902.  1693.   903.  1022.  1553.
  1404.  1258.  1696.  1687.  1197.   949.  1559.  1925.  2065.  1730.
  1466.  1274.  1405.  2500.  1530.  1408.  1364.  1878.  1046.  1289.
   780.  1974.  1385.  1434.  1548.  1772.   448.  1914.  1965.  1760.]
62 [ 1163.  2494.  1301.  1583.   784.  1924.  1693.   910.  1022.  1552.
  1397.  1254.  1703.  1692.  1196.   956.  1609.  1929.  2070.  1657.
  1464.  1273.  1407.  2487.  1533.  1410.  1361.  1886.  1042.  1291.
   793.  1968.  1382.  1428.  1548.  1773.   424.  1914.  1962.  1765.]
63 [ 1165.  2481.  1299.  1609.   770.  1949.  1692.   920.  1021.  1552.
  1394.  1258.  1701.  1700.  1194.   964.  1649.  1931.  2072.  1600.
  1459.  1272.  1410.  2473.  1536.  1418.  1358.  1887.  1040.  1296.
   825.  1959.  1379.  1426.  1546.  1775.   383.  1916.  1959.  1762.]
64 [ 1163.  2458.  1299.  1630.   765.  1952.  1700.   920.  1019.  1548.
  1386.  1257.  1708.  1710.  1195.   967.  1683.  1933.  2076.  1534.
  1460.  1277.  1414.  2462.  1535.  1428.  1363.  1900.  1041.  1297.
   839.  1949.  1387.  1427.  1547.  1773.   361.  1913.  1964.  1760.]
65 [ 1160.  2441.  1296.  1647.   758.  1960.  1708.   921.  1016.  1545.
  1384.  1256.  1698.  1719.  1194.   969.  1712.  1935.  2074.  1510.
  1463.  1283.  1419.  2453.  1537.  1438.  1362.  1906.  1043.  1299.
   845.  1940.  1391.  1428.  1540.  1775.   346.  1907.  1965.  1757.]
66 [ 1158.  2410.  1296.  1672.   744.  1969.  1718.   922.  1017.  1540.
  1385.  1253.  1697.  1727.  1188.   973.  1727.  1936.  2075.  1497.
  1462.  1284.  1422.  2451.  1538.  1446.  1361.  1916.  1045.  1302.
   834.  1933.  1400.  1427.  1533.  1778.   334.  1908.  1966.  1756.]
67 [ 1158.  2396.  1295.  1695.   711.  1974.  1726.   921.  1019.  1539.
  1383.  1254.  1698.  1728.  1187.   982.  1735.  1932.  2075.  1500.
  1463.  1287.  1426.  2450.  1539.  1453.  1361.  1922.  1045.  1302.
   842.  1929.  1401.  1424.  1522.  1780.   316.  1904.  1968.  1758.]
68 [ 1156.  2377.  1296.  1732.   696.  1972.  1734.   919.  1021.  1537.
  1379.  1253.  1702.  1733.  1187.   992.  1748.  1927.  2074.  1508.
  1463.  1285.  1429.  2454.  1542.  1454.  1355.  1925.  1045.  1303.
   834.  1923.  1410.  1420.  1514.  1778.   306.  1896.  1966.  1755.]
69 [ 1154.  2350.  1296.  1761.   688.  1973.  1750.   916.  1023.  1533.
  1381.  1251.  1706.  1735.  1187.   998.  1758.  1927.  2072.  1514.
  1462.  1287.  1432.  2444.  1543.  1451.  1350.  1921.  1048.  1303.
   834.  1913.  1419.  1420.  1511.  1777.   299.  1895.  1965.  1753.]
70 [ 1152.  2328.  1293.  1791.   665.  1980.  1755.   917.  1022.  1533.
  1385.  1250.  1702.  1734.  1185.  1001.  1763.  1933.  2070.  1524.
  1461.  1285.  1432.  2441.  1541.  1455.  1349.  1925.  1049.  1305.
   827.  1908.  1419.  1420.  1513.  1778.   300.  1895.  1966.  1748.]
71 [ 1152.  2312.  1286.  1808.   659.  1986.  1762.   922.  1022.  1533.
  1388.  1249.  1691.  1735.  1186.  1002.  1769.  1941.  2068.  1551.
  1464.  1285.  1433.  2438.  1539.  1456.  1347.  1923.  1051.  1304.
   816.  1900.  1414.  1421.  1516.  1777.   287.  1894.  1966.  1747.]
72 [ 1151.  2298.  1281.  1834.   652.  1986.  1761.   920.  1022.  1525.
  1387.  1248.  1688.  1735.  1185.  1006.  1782.  1949.  2066.  1568.
  1465.  1283.  1432.  2440.  1537.  1459.  1344.  1930.  1052.  1304.
   809.  1896.  1411.  1421.  1511.  1778.   284.  1892.  1967.  1741.]
73 [ 1151.  2283.  1275.  1849.   648.  1985.  1767.   920.  1022.  1524.
  1386.  1247.  1683.  1735.  1182.  1009.  1785.  1948.  2064.  1579.
  1467.  1281.  1432.  2442.  1539.  1459.  1346.  1934.  1052.  1305.
   802.  1894.  1411.  1424.  1508.  1776.   289.  1892.  1966.  1739.]
74 [ 1151.  2269.  1271.  1868.   648.  1985.  1775.   919.  1022.  1519.
  1386.  1248.  1680.  1735.  1181.  1015.  1786.  1948.  2061.  1592.
  1467.  1280.  1431.  2445.  1538.  1458.  1344.  1927.  1052.  1305.
   796.  1894.  1414.  1424.  1502.  1776.   292.  1893.  1968.  1735.]
75 [ 1152.  2258.  1270.  1870.   642.  1986.  1775.   921.  1022.  1517.
  1386.  1247.  1675.  1736.  1181.  1019.  1790.  1944.  2059.  1611.
  1466.  1280.  1431.  2454.  1537.  1455.  1343.  1921.  1052.  1305.
   791.  1893.  1414.  1422.  1499.  1777.   298.  1895.  1971.  1735.]
76 [ 1152.  2247.  1268.  1883.   640.  1987.  1776.   922.  1023.  1512.
  1388.  1246.  1670.  1739.  1180.  1022.  1795.  1944.  2055.  1611.
  1466.  1286.  1432.  2455.  1536.  1450.  1342.  1928.  1053.  1305.
   789.  1893.  1407.  1415.  1497.  1778.   302.  1898.  1971.  1737.]
77 [ 1152.  2235.  1264.  1892.   643.  1986.  1779.   916.  1023.  1510.
  1390.  1246.  1669.  1738.  1180.  1025.  1797.  1938.  2056.  1616.
  1465.  1287.  1431.  2462.  1535.  1452.  1340.  1926.  1053.  1305.
   796.  1898.  1411.  1412.  1491.  1779.   296.  1897.  1973.  1736.]
78 [ 1150.  2224.  1261.  1894.   647.  1986.  1776.   910.  1022.  1510.
  1394.  1247.  1666.  1738.  1180.  1029.  1802.  1937.  2055.  1620.
  1463.  1287.  1431.  2473.  1535.  1451.  1339.  1921.  1053.  1305.
   802.  1899.  1412.  1409.  1491.  1779.   293.  1899.  1975.  1735.]
79 [ 1150.  2209.  1261.  1897.   645.  1984.  1773.   910.  1022.  1505.
  1395.  1250.  1668.  1740.  1180.  1028.  1808.  1939.  2056.  1629.
  1466.  1289.  1429.  2473.  1535.  1450.  1340.  1917.  1053.  1305.
   798.  1903.  1412.  1408.  1492.  1778.   296.  1899.  1975.  1733.]
80 [ 1148.  2186.  1258.  1903.   643.  1983.  1774.   909.  1024.  1503.
  1398.  1250.  1669.  1746.  1180.  1030.  1814.  1941.  2055.  1632.
  1464.  1293.  1428.  2474.  1534.  1452.  1338.  1913.  1053.  1305.
   804.  1906.  1412.  1405.  1488.  1779.   297.  1899.  1975.  1735.]
81 [ 1148.  2175.  1260.  1902.   642.  1980.  1774.   910.  1026.  1501.
  1399.  1249.  1667.  1753.  1180.  1030.  1820.  1933.  2054.  1644.
  1465.  1293.  1427.  2476.  1535.  1450.  1337.  1911.  1052.  1305.
   810.  1904.  1413.  1406.  1485.  1780.   296.  1898.  1975.  1735.]
82 [ 1148.  2168.  1262.  1907.   643.  1977.  1777.   909.  1025.  1498.
  1399.  1249.  1665.  1756.  1180.  1029.  1822.  1928.  2054.  1656.
  1466.  1288.  1428.  2476.  1534.  1448.  1338.  1907.  1052.  1306.
   814.  1906.  1414.  1407.  1483.  1780.   295.  1897.  1976.  1733.]
83 [ 1148.  2161.  1262.  1911.   641.  1978.  1784.   909.  1024.  1494.
  1399.  1249.  1664.  1758.  1180.  1029.  1819.  1926.  2054.  1666.
  1465.  1285.  1430.  2476.  1534.  1447.  1337.  1907.  1051.  1307.
   808.  1909.  1417.  1406.  1482.  1778.   299.  1896.  1976.  1734.]
84 [ 1148.  2153.  1261.  1914.   639.  1976.  1791.   909.  1024.  1493.
  1399.  1249.  1666.  1757.  1181.  1029.  1818.  1921.  2054.  1676.
  1465.  1285.  1431.  2478.  1534.  1447.  1338.  1903.  1051.  1306.
   808.  1906.  1418.  1409.  1481.  1777.   304.  1894.  1974.  1733.]
85 [ 1148.  2145.  1261.  1918.   634.  1976.  1799.   909.  1024.  1493.
  1399.  1250.  1663.  1756.  1183.  1029.  1818.  1919.  2054.  1686.
  1464.  1285.  1430.  2478.  1534.  1446.  1337.  1901.  1051.  1304.
   808.  1907.  1419.  1408.  1482.  1777.   307.  1894.  1973.  1731.]
86 [ 1148.  2149.  1261.  1919.   633.  1975.  1802.   909.  1023.  1492.
  1400.  1250.  1661.  1758.  1185.  1029.  1818.  1915.  2054.  1688.
  1463.  1286.  1431.  2478.  1534.  1445.  1335.  1903.  1050.  1304.
   801.  1908.  1420.  1407.  1483.  1776.   314.  1893.  1974.  1726.]
87 [ 1148.  2144.  1260.  1915.   632.  1975.  1808.   909.  1022.  1487.
  1400.  1252.  1660.  1758.  1184.  1029.  1817.  1914.  2054.  1697.
  1463.  1288.  1431.  2476.  1534.  1444.  1334.  1902.  1051.  1306.
   799.  1910.  1421.  1407.  1484.  1776.   322.  1892.  1974.  1721.]
88 [ 1148.  2138.  1257.  1913.   629.  1975.  1810.   908.  1023.  1486.
  1399.  1253.  1659.  1762.  1184.  1029.  1818.  1914.  2054.  1704.
  1463.  1290.  1431.  2473.  1534.  1446.  1335.  1899.  1050.  1306.
   794.  1914.  1420.  1407.  1486.  1776.   330.  1891.  1974.  1718.]
89 [ 1148.  2134.  1255.  1909.   627.  1974.  1811.   908.  1023.  1486.
  1399.  1252.  1658.  1762.  1184.  1029.  1819.  1916.  2053.  1711.
  1462.  1288.  1431.  2473.  1534.  1445.  1335.  1901.  1051.  1306.
   792.  1917.  1420.  1405.  1483.  1777.   333.  1892.  1975.  1722.]
90 [ 1148.  2130.  1253.  1909.   634.  1972.  1815.   908.  1023.  1485.
  1399.  1252.  1659.  1763.  1184.  1028.  1821.  1914.  2053.  1708.
  1462.  1287.  1432.  2471.  1534.  1445.  1335.  1905.  1050.  1307.
   792.  1918.  1416.  1405.  1480.  1778.   333.  1895.  1975.  1722.]
91 [ 1148.  2121.  1253.  1909.   632.  1969.  1822.   909.  1023.  1484.
  1399.  1252.  1659.  1764.  1185.  1028.  1824.  1915.  2050.  1713.
  1462.  1286.  1432.  2469.  1534.  1445.  1335.  1908.  1051.  1306.
   779.  1921.  1416.  1404.  1479.  1779.   339.  1899.  1975.  1722.]
92 [ 1148.  2117.  1253.  1909.   642.  1967.  1825.   910.  1023.  1484.
  1398.  1252.  1658.  1764.  1186.  1028.  1827.  1913.  2048.  1705.
  1462.  1282.  1431.  2469.  1534.  1445.  1336.  1908.  1050.  1306.
   775.  1925.  1420.  1405.  1480.  1780.   337.  1904.  1973.  1721.]
93 [ 1148.  2118.  1253.  1906.   644.  1967.  1823.   911.  1023.  1484.
  1398.  1253.  1652.  1764.  1188.  1029.  1828.  1916.  2047.  1705.
  1463.  1279.  1429.  2471.  1533.  1445.  1336.  1903.  1051.  1306.
   776.  1927.  1419.  1405.  1481.  1780.   344.  1903.  1972.  1720.]
94 [ 1148.  2120.  1254.  1912.   648.  1965.  1817.   911.  1024.  1482.
  1397.  1253.  1646.  1763.  1189.  1029.  1830.  1919.  2045.  1710.
  1465.  1278.  1429.  2469.  1532.  1445.  1338.  1892.  1050.  1305.
   773.  1931.  1420.  1408.  1480.  1780.   347.  1905.  1971.  1720.]
95 [ 1149.  2118.  1254.  1910.   653.  1964.  1817.   911.  1024.  1482.
  1397.  1252.  1643.  1762.  1190.  1030.  1833.  1920.  2045.  1715.
  1465.  1280.  1429.  2466.  1532.  1446.  1337.  1888.  1050.  1304.
   769.  1930.  1420.  1409.  1479.  1780.   351.  1904.  1972.  1720.]
96 [ 1149.  2117.  1254.  1911.   653.  1964.  1815.   912.  1024.  1482.
  1397.  1252.  1640.  1762.  1191.  1031.  1835.  1919.  2045.  1716.
  1465.  1278.  1429.  2467.  1532.  1447.  1337.  1888.  1051.  1303.
   769.  1932.  1420.  1410.  1480.  1780.   350.  1900.  1972.  1721.]
97 [ 1149.  2115.  1253.  1915.   663.  1964.  1811.   910.  1024.  1481.
  1397.  1252.  1638.  1761.  1191.  1033.  1840.  1918.  2044.  1708.
  1465.  1275.  1430.  2467.  1532.  1445.  1335.  1887.  1052.  1303.
   771.  1937.  1421.  1411.  1482.  1779.   348.  1899.  1973.  1721.]
98 [ 1149.  2115.  1253.  1912.   668.  1964.  1804.   908.  1024.  1480.
  1398.  1252.  1637.  1761.  1191.  1036.  1842.  1920.  2044.  1706.
  1465.  1272.  1429.  2471.  1531.  1445.  1333.  1887.  1052.  1303.
   774.  1940.  1422.  1412.  1482.  1779.   344.  1899.  1974.  1722.]
99 [ 1149.  2115.  1256.  1912.   670.  1964.  1802.   908.  1024.  1480.
  1398.  1252.  1634.  1761.  1191.  1037.  1849.  1924.  2046.  1701.
  1466.  1271.  1429.  2470.  1531.  1444.  1330.  1882.  1052.  1303.
   775.  1940.  1422.  1414.  1479.  1779.   343.  1899.  1977.  1721.]
100 [ 1150.  2114.  1256.  1909.   665.  1965.  1802.   907.  1023.  1483.
  1398.  1252.  1633.  1761.  1191.  1038.  1850.  1925.  2046.  1711.
  1466.  1270.  1429.  2467.  1532.  1444.  1329.  1880.  1052.  1303.
   776.  1942.  1421.  1415.  1476.  1779.   343.  1900.  1977.  1720.]
101 [ 1150.  2115.  1257.  1907.   664.  1965.  1802.   906.  1023.  1485.
  1399.  1252.  1629.  1761.  1191.  1038.  1852.  1927.  2046.  1714.
  1466.  1268.  1429.  2468.  1532.  1445.  1330.  1879.  1052.  1303.
   775.  1941.  1424.  1417.  1473.  1779.   341.  1901.  1977.  1717.]
102 [ 1150.  2116.  1257.  1906.   665.  1964.  1802.   906.  1023.  1485.
  1401.  1252.  1630.  1761.  1191.  1038.  1855.  1927.  2047.  1716.
  1466.  1268.  1429.  2468.  1532.  1444.  1328.  1876.  1052.  1303.
   773.  1942.  1426.  1418.  1471.  1779.   336.  1902.  1978.  1717.]
103 [ 1150.  2116.  1259.  1906.   670.  1964.  1801.   906.  1023.  1485.
  1401.  1252.  1632.  1761.  1191.  1037.  1857.  1928.  2047.  1711.
  1466.  1268.  1429.  2465.  1532.  1443.  1327.  1870.  1052.  1303.
   770.  1943.  1431.  1421.  1469.  1779.   337.  1902.  1980.  1716.]
104 [ 1149.  2116.  1259.  1904.   672.  1966.  1801.   906.  1023.  1484.
  1401.  1252.  1637.  1761.  1191.  1037.  1856.  1929.  2046.  1707.
  1466.  1267.  1429.  2466.  1531.  1444.  1326.  1871.  1052.  1303.
   769.  1943.  1431.  1423.  1466.  1779.   337.  1904.  1980.  1716.]
105 [ 1149.  2116.  1258.  1900.   669.  1968.  1801.   906.  1023.  1484.
  1401.  1252.  1637.  1761.  1191.  1035.  1855.  1930.  2046.  1710.
  1466.  1264.  1429.  2466.  1531.  1445.  1325.  1870.  1052.  1303.
   764.  1946.  1439.  1424.  1467.  1778.   338.  1905.  1980.  1716.]
106 [ 1149.  2116.  1258.  1900.   665.  1970.  1801.   905.  1023.  1484.
  1400.  1251.  1638.  1761.  1191.  1036.  1854.  1930.  2047.  1708.
  1466.  1264.  1429.  2467.  1531.  1442.  1323.  1871.  1052.  1303.
   764.  1949.  1443.  1426.  1470.  1777.   336.  1903.  1981.  1716.]
107 [ 1148.  2117.  1259.  1899.   666.  1971.  1801.   905.  1023.  1484.
  1401.  1251.  1640.  1762.  1191.  1034.  1854.  1930.  2048.  1703.
  1466.  1266.  1429.  2467.  1531.  1441.  1322.  1871.  1052.  1303.
   760.  1949.  1447.  1431.  1471.  1774.   333.  1903.  1982.  1715.]
108 [ 1148.  2117.  1259.  1901.   659.  1970.  1801.   905.  1023.  1485.
  1399.  1252.  1640.  1763.  1191.  1035.  1854.  1930.  2047.  1702.
  1466.  1268.  1429.  2467.  1532.  1440.  1319.  1874.  1052.  1303.
   757.  1951.  1452.  1433.  1469.  1773.   334.  1902.  1983.  1715.]
109 [ 1148.  2119.  1259.  1898.   662.  1971.  1801.   905.  1023.  1484.
  1398.  1251.  1640.  1763.  1191.  1036.  1852.  1930.  2047.  1700.
  1466.  1267.  1428.  2466.  1532.  1440.  1318.  1875.  1052.  1303.
   758.  1950.  1455.  1434.  1473.  1773.   332.  1902.  1983.  1715.]
110 [ 1148.  2120.  1260.  1899.   660.  1972.  1801.   905.  1023.  1483.
  1398.  1252.  1641.  1763.  1191.  1037.  1850.  1930.  2046.  1696.
  1466.  1268.  1428.  2463.  1532.  1440.  1318.  1877.  1051.  1303.
   754.  1951.  1461.  1435.  1474.  1773.   331.  1902.  1983.  1715.]
111 [ 1148.  2123.  1261.  1897.   659.  1973.  1801.   905.  1023.  1482.
  1398.  1252.  1641.  1763.  1190.  1038.  1852.  1931.  2046.  1693.
  1466.  1269.  1428.  2460.  1532.  1440.  1318.  1877.  1051.  1303.
   755.  1952.  1460.  1436.  1473.  1773.   332.  1901.  1983.  1715.]
112 [ 1148.  2122.  1258.  1899.   661.  1973.  1801.   905.  1023.  1482.
  1398.  1252.  1641.  1763.  1190.  1038.  1852.  1932.  2045.  1686.
  1466.  1268.  1428.  2461.  1530.  1440.  1317.  1879.  1051.  1303.
   758.  1953.  1463.  1438.  1474.  1772.   332.  1900.  1984.  1714.]
113 [ 1148.  2121.  1257.  1898.   658.  1974.  1802.   906.  1023.  1482.
  1399.  1252.  1643.  1763.  1190.  1038.  1851.  1933.  2045.  1683.
  1466.  1266.  1429.  2461.  1530.  1439.  1317.  1881.  1051.  1303.
   758.  1954.  1466.  1440.  1475.  1772.   330.  1899.  1984.  1713.]
114 [ 1148.  2121.  1257.  1900.   653.  1974.  1802.   906.  1024.  1483.
  1399.  1252.  1642.  1764.  1190.  1038.  1851.  1933.  2045.  1683.
  1466.  1264.  1428.  2462.  1531.  1439.  1317.  1881.  1050.  1303.
   757.  1954.  1470.  1442.  1475.  1772.   330.  1898.  1983.  1713.]
115 [ 1149.  2121.  1257.  1902.   649.  1973.  1802.   906.  1024.  1483.
  1400.  1251.  1643.  1764.  1190.  1038.  1853.  1933.  2045.  1676.
  1466.  1264.  1428.  2463.  1532.  1438.  1316.  1884.  1050.  1303.
   755.  1953.  1474.  1443.  1475.  1772.   332.  1899.  1981.  1713.]
116 [ 1149.  2121.  1257.  1905.   646.  1972.  1801.   906.  1024.  1483.
  1400.  1251.  1642.  1761.  1190.  1038.  1852.  1933.  2047.  1672.
  1466.  1266.  1428.  2463.  1532.  1438.  1314.  1887.  1050.  1303.
   753.  1953.  1477.  1447.  1475.  1772.   333.  1900.  1981.  1712.]
117 [ 1149.  2120.  1257.  1903.   647.  1973.  1801.   907.  1024.  1483.
  1400.  1251.  1643.  1758.  1190.  1038.  1852.  1933.  2047.  1667.
  1467.  1265.  1428.  2462.  1533.  1438.  1312.  1888.  1050.  1303.
   753.  1955.  1477.  1451.  1477.  1772.   333.  1900.  1982.  1711.]
118 [ 1149.  2117.  1257.  1906.   645.  1975.  1802.   907.  1024.  1484.
  1399.  1251.  1643.  1756.  1190.  1037.  1853.  1933.  2047.  1668.
  1467.  1265.  1428.  2462.  1535.  1439.  1310.  1889.  1050.  1303.
   752.  1958.  1479.  1449.  1481.  1772.   329.  1898.  1981.  1710.]
119 [ 1148.  2115.  1257.  1904.   647.  1974.  1802.   908.  1024.  1484.
  1398.  1251.  1643.  1756.  1189.  1038.  1853.  1932.  2047.  1666.
  1467.  1265.  1428.  2463.  1535.  1437.  1309.  1892.  1051.  1303.
   753.  1962.  1479.  1447.  1482.  1772.   331.  1897.  1980.  1711.]
120 [ 1148.  2113.  1257.  1907.   653.  1974.  1801.   907.  1024.  1484.
  1397.  1251.  1643.  1755.  1189.  1039.  1853.  1932.  2047.  1668.
  1468.  1263.  1428.  2463.  1535.  1438.  1308.  1889.  1052.  1303.
   754.  1963.  1479.  1447.  1484.  1772.   328.  1897.  1980.  1707.]
121 [ 1148.  2110.  1257.  1912.   649.  1975.  1800.   907.  1024.  1485.
  1397.  1251.  1642.  1752.  1189.  1039.  1853.  1932.  2048.  1671.
  1468.  1263.  1428.  2462.  1535.  1438.  1309.  1888.  1052.  1303.
   755.  1967.  1480.  1445.  1484.  1773.   327.  1897.  1978.  1707.]
122 [ 1149.  2109.  1257.  1912.   650.  1975.  1798.   908.  1024.  1485.
  1397.  1251.  1644.  1751.  1189.  1038.  1853.  1930.  2047.  1671.
  1468.  1264.  1428.  2461.  1535.  1438.  1308.  1890.  1052.  1303.
   758.  1966.  1479.  1445.  1483.  1775.   327.  1897.  1978.  1707.]
123 [ 1149.  2109.  1258.  1909.   651.  1975.  1799.   910.  1024.  1485.
  1397.  1251.  1645.  1750.  1189.  1038.  1854.  1930.  2047.  1672.
  1468.  1264.  1428.  2460.  1535.  1438.  1308.  1889.  1051.  1303.
   756.  1967.  1479.  1447.  1483.  1775.   327.  1897.  1978.  1705.]
124 [ 1148.  2107.  1259.  1910.   654.  1975.  1798.   910.  1024.  1485.
  1396.  1251.  1645.  1750.  1189.  1038.  1856.  1934.  2047.  1670.
  1468.  1264.  1428.  2459.  1535.  1436.  1308.  1890.  1050.  1303.
   756.  1967.  1479.  1448.  1483.  1775.   327.  1897.  1977.  1704.]
125 [ 1148.  2103.  1261.  1913.   656.  1975.  1798.   910.  1024.  1484.
  1396.  1251.  1648.  1749.  1189.  1038.  1856.  1934.  2047.  1670.
  1468.  1264.  1428.  2458.  1535.  1437.  1308.  1890.  1050.  1303.
   752.  1967.  1479.  1448.  1483.  1775.   328.  1897.  1977.  1703.]
126 [ 1148.  2103.  1260.  1915.   658.  1975.  1798.   911.  1024.  1484.
  1395.  1251.  1649.  1750.  1189.  1038.  1856.  1933.  2048.  1670.
  1468.  1264.  1428.  2458.  1535.  1435.  1308.  1890.  1050.  1303.
   749.  1967.  1479.  1448.  1483.  1775.   328.  1897.  1977.  1703.]
127 [ 1148.  2103.  1260.  1915.   658.  1975.  1797.   912.  1024.  1484.
  1395.  1251.  1649.  1749.  1189.  1038.  1856.  1933.  2048.  1669.
  1468.  1264.  1428.  2459.  1535.  1436.  1308.  1891.  1050.  1303.
   746.  1966.  1479.  1449.  1483.  1775.   330.  1897.  1977.  1703.]
128 [ 1148.  2103.  1260.  1915.   657.  1975.  1797.   912.  1024.  1484.
  1396.  1251.  1648.  1749.  1189.  1038.  1856.  1933.  2049.  1668.
  1468.  1263.  1428.  2459.  1535.  1436.  1308.  1891.  1050.  1303.
   745.  1966.  1478.  1451.  1483.  1775.   332.  1897.  1977.  1703.]
129 [ 1148.  2103.  1260.  1915.   657.  1975.  1797.   912.  1024.  1484.
  1396.  1251.  1648.  1749.  1189.  1038.  1856.  1933.  2049.  1667.
  1468.  1263.  1428.  2459.  1535.  1436.  1308.  1891.  1050.  1303.
   745.  1966.  1480.  1450.  1483.  1775.   332.  1897.  1977.  1703.]
130 [ 1148.  2103.  1260.  1915.   657.  1975.  1797.   912.  1024.  1484.
  1396.  1251.  1648.  1749.  1189.  1038.  1856.  1933.  2049.  1667.
  1468.  1263.  1428.  2459.  1535.  1436.  1309.  1891.  1050.  1303.
   745.  1966.  1480.  1450.  1483.  1775.   331.  1897.  1977.  1703.]
[ 1148.  2103.  1260.  1915.   657.  1975.  1797.   912.  1024.  1484.
  1396.  1251.  1648.  1749.  1189.  1038.  1856.  1933.  2049.  1667.
  1468.  1263.  1428.  2459.  1535.  1436.  1309.  1891.  1050.  1303.
   745.  1966.  1480.  1450.  1483.  1775.   331.  1897.  1977.  1703.]
Time spent clustering :  14345.1780181
medians_kplusplus_cluster40
Digit: 0  Purity: 89.3% SD: 1704.9  Count: 6045
Digit: 1  Purity: 87.4% SD: 1061.9  Count: 7458
Digit: 2  Purity: 93.6% SD: 1833.3  Count: 4814
Digit: 3  Purity: 68.7% SD: 1682.3  Count: 6488
Digit: 4  Purity: 63.2% SD: 1722.9  Count: 5645
Digit: 5  Purity: 63.2% SD: 1764.8  Count: 6898
Digit: 6  Purity: 89.0% SD: 1634.1  Count: 5937
Digit: 7  Purity: 68.2% SD: 1521.8  Count: 8322
Digit: 8  Purity: 90.1% SD: 1707.0  Count: 3831
Digit: 9  Purity: 61.5% SD: 1508.4  Count: 4562
Our accuracy in predicting test data for k = 40 was 76.9076907691 %
Time spent testing :  34.7792918682
