11 medians random 100
0 [ 17275.   2091.   6707.   2540.   2099.   9652.   9066.   2564.   3351.
   3158.   1497.]
1 [ 10720.   4011.   5782.   2517.   3440.   9072.   9919.   3391.   3335.
   4633.   3180.]
2 [ 7545.  5422.  5615.  2556.  4581.  7765.  9637.  4096.  3392.  5173.
  4218.]
3 [ 6362.  6158.  5025.  2643.  5261.  7163.  9093.  4519.  3417.  5402.
  4957.]
4 [ 5850.  6569.  4472.  2752.  5652.  6934.  8722.  4739.  3408.  5460.
  5442.]
5 [ 5639.  6848.  4140.  2837.  5899.  6660.  8412.  4901.  3378.  5539.
  5747.]
6 [ 5486.  7034.  4015.  2910.  6121.  6313.  8202.  5021.  3341.  5591.
  5966.]
7 [ 5341.  7179.  3998.  2954.  6232.  6013.  8092.  5104.  3325.  5650.
  6112.]
8 [ 5237.  7313.  4022.  2995.  6347.  5598.  8017.  5206.  3315.  5706.
  6244.]
9 [ 5183.  7481.  4078.  3017.  6490.  5041.  7946.  5303.  3341.  5778.
  6342.]
10 [ 5154.  7646.  4158.  3035.  6733.  4400.  7895.  5350.  3370.  5843.
  6416.]
11 [ 5166.  7818.  4257.  3053.  6962.  3732.  7859.  5418.  3406.  5887.
  6442.]
12 [ 5162.  7972.  4351.  3075.  7203.  3163.  7832.  5489.  3433.  5888.
  6432.]
13 [ 5165.  8094.  4406.  3093.  7404.  2817.  7809.  5540.  3443.  5838.
  6391.]
14 [ 5164.  8179.  4426.  3103.  7553.  2638.  7794.  5579.  3458.  5759.
  6347.]
15 [ 5147.  8232.  4430.  3107.  7660.  2596.  7779.  5597.  3468.  5682.
  6302.]
16 [ 5133.  8258.  4420.  3113.  7755.  2568.  7774.  5605.  3471.  5634.
  6269.]
17 [ 5120.  8272.  4406.  3114.  7847.  2546.  7774.  5614.  3471.  5594.
  6242.]
18 [ 5110.  8282.  4404.  3115.  7912.  2539.  7792.  5592.  3476.  5569.
  6209.]
19 [ 5105.  8286.  4406.  3116.  7906.  2561.  7813.  5569.  3483.  5565.
  6190.]
20 [ 5095.  8315.  4410.  3120.  7818.  2572.  7841.  5564.  3493.  5574.
  6198.]
21 [ 5089.  8317.  4418.  3125.  7663.  2569.  7870.  5623.  3508.  5598.
  6220.]
22 [ 5086.  8316.  4435.  3131.  7454.  2573.  7888.  5714.  3521.  5636.
  6246.]
23 [ 5084.  8318.  4444.  3136.  7210.  2590.  7900.  5805.  3549.  5669.
  6295.]
24 [ 5080.  8342.  4453.  3139.  6946.  2610.  7893.  5918.  3584.  5703.
  6332.]
25 [ 5072.  8351.  4468.  3140.  6695.  2640.  7881.  6027.  3619.  5730.
  6377.]
26 [ 5060.  8342.  4477.  3142.  6507.  2653.  7863.  6105.  3675.  5740.
  6436.]
27 [ 5046.  8328.  4482.  3153.  6351.  2667.  7852.  6189.  3717.  5748.
  6467.]
28 [ 5041.  8299.  4490.  3160.  6230.  2670.  7840.  6266.  3768.  5747.
  6489.]
29 [ 5033.  8281.  4492.  3168.  6126.  2682.  7824.  6312.  3827.  5755.
  6500.]
30 [ 5033.  8262.  4494.  3183.  6039.  2687.  7796.  6364.  3872.  5760.
  6510.]
31 [ 5036.  8254.  4491.  3195.  5967.  2691.  7766.  6409.  3906.  5760.
  6525.]
32 [ 5033.  8234.  4491.  3208.  5893.  2698.  7739.  6453.  3942.  5762.
  6547.]
33 [ 5030.  8216.  4498.  3225.  5815.  2699.  7714.  6496.  3973.  5770.
  6564.]
34 [ 5028.  8206.  4506.  3234.  5731.  2699.  7688.  6538.  4015.  5787.
  6568.]
35 [ 5026.  8186.  4510.  3239.  5666.  2704.  7659.  6582.  4050.  5800.
  6578.]
36 [ 5025.  8173.  4513.  3249.  5580.  2699.  7646.  6641.  4082.  5810.
  6582.]
37 [ 5024.  8160.  4511.  3263.  5522.  2699.  7626.  6685.  4104.  5820.
  6586.]
38 [ 5021.  8131.  4517.  3284.  5478.  2700.  7611.  6728.  4120.  5817.
  6593.]
39 [ 5014.  8107.  4523.  3304.  5445.  2701.  7595.  6761.  4140.  5813.
  6597.]
40 [ 5013.  8096.  4527.  3318.  5420.  2703.  7590.  6782.  4158.  5805.
  6588.]
41 [ 5013.  8084.  4530.  3336.  5405.  2702.  7584.  6806.  4173.  5789.
  6578.]
42 [ 5006.  8077.  4528.  3348.  5390.  2703.  7572.  6821.  4211.  5781.
  6563.]
43 [ 5007.  8069.  4531.  3372.  5391.  2709.  7559.  6819.  4230.  5765.
  6548.]
44 [ 5007.  8061.  4531.  3393.  5377.  2705.  7556.  6828.  4258.  5758.
  6526.]
45 [ 5002.  8052.  4527.  3430.  5368.  2705.  7547.  6832.  4273.  5745.
  6519.]
46 [ 4999.  8040.  4524.  3462.  5370.  2706.  7546.  6832.  4301.  5729.
  6491.]
47 [ 4999.  8014.  4522.  3494.  5368.  2699.  7545.  6841.  4333.  5708.
  6477.]
48 [ 4997.  7995.  4512.  3546.  5365.  2701.  7545.  6843.  4356.  5685.
  6455.]
49 [ 4991.  7980.  4511.  3589.  5364.  2698.  7543.  6847.  4389.  5664.
  6424.]
50 [ 4992.  7965.  4511.  3619.  5366.  2686.  7536.  6844.  4445.  5653.
  6383.]
51 [ 4993.  7963.  4498.  3649.  5368.  2673.  7549.  6844.  4488.  5643.
  6332.]
52 [ 4988.  7949.  4492.  3674.  5367.  2668.  7549.  6843.  4550.  5628.
  6292.]
53 [ 4981.  7938.  4484.  3716.  5364.  2669.  7552.  6845.  4585.  5615.
  6251.]
54 [ 4977.  7933.  4473.  3738.  5361.  2660.  7562.  6841.  4643.  5611.
  6201.]
55 [ 4983.  7925.  4468.  3771.  5363.  2650.  7585.  6839.  4672.  5608.
  6136.]
56 [ 4985.  7920.  4450.  3802.  5372.  2639.  7606.  6844.  4721.  5599.
  6062.]
57 [ 4986.  7902.  4436.  3836.  5373.  2624.  7629.  6845.  4751.  5586.
  6032.]
58 [ 5001.  7912.  4423.  3874.  5372.  2614.  7651.  6844.  4753.  5582.
  5974.]
59 [ 5010.  7925.  4405.  3904.  5365.  2616.  7656.  6849.  4752.  5578.
  5940.]
60 [ 5016.  7924.  4396.  3927.  5357.  2614.  7679.  6848.  4762.  5562.
  5915.]
61 [ 5022.  7915.  4387.  3948.  5339.  2607.  7687.  6857.  4781.  5553.
  5904.]
62 [ 5026.  7900.  4377.  3978.  5325.  2609.  7683.  6858.  4790.  5554.
  5900.]
63 [ 5028.  7887.  4370.  4003.  5312.  2601.  7692.  6862.  4805.  5551.
  5889.]
64 [ 5031.  7883.  4363.  4023.  5304.  2608.  7698.  6861.  4800.  5549.
  5880.]
65 [ 5030.  7881.  4352.  4049.  5296.  2611.  7702.  6862.  4789.  5544.
  5884.]
66 [ 5039.  7873.  4343.  4062.  5286.  2601.  7702.  6862.  4813.  5544.
  5875.]
67 [ 5041.  7878.  4332.  4072.  5275.  2596.  7701.  6864.  4823.  5539.
  5879.]
68 [ 5044.  7873.  4326.  4089.  5267.  2588.  7709.  6868.  4819.  5534.
  5883.]
69 [ 5053.  7866.  4311.  4102.  5261.  2588.  7710.  6867.  4829.  5531.
  5882.]
70 [ 5064.  7864.  4297.  4114.  5256.  2587.  7710.  6875.  4830.  5528.
  5875.]
71 [ 5073.  7861.  4290.  4128.  5249.  2584.  7711.  6882.  4829.  5522.
  5871.]
72 [ 5083.  7857.  4275.  4138.  5248.  2586.  7709.  6891.  4828.  5516.
  5869.]
73 [ 5091.  7854.  4269.  4143.  5248.  2586.  7708.  6893.  4827.  5511.
  5870.]
74 [ 5092.  7852.  4266.  4151.  5240.  2587.  7713.  6898.  4830.  5509.
  5862.]
75 [ 5093.  7852.  4262.  4162.  5238.  2582.  7719.  6900.  4827.  5504.
  5861.]
76 [ 5094.  7852.  4259.  4166.  5237.  2579.  7729.  6904.  4832.  5497.
  5851.]
77 [ 5091.  7849.  4257.  4175.  5236.  2576.  7733.  6906.  4833.  5494.
  5850.]
78 [ 5086.  7846.  4254.  4184.  5235.  2575.  7743.  6910.  4826.  5493.
  5848.]
79 [ 5082.  7845.  4250.  4198.  5230.  2567.  7753.  6917.  4826.  5491.
  5841.]
80 [ 5078.  7832.  4252.  4212.  5222.  2567.  7764.  6920.  4826.  5491.
  5836.]
81 [ 5071.  7816.  4249.  4213.  5218.  2562.  7773.  6923.  4856.  5486.
  5833.]
82 [ 5068.  7797.  4250.  4220.  5215.  2555.  7780.  6927.  4871.  5482.
  5835.]
83 [ 5065.  7771.  4247.  4229.  5210.  2549.  7784.  6939.  4895.  5473.
  5838.]
84 [ 5059.  7760.  4241.  4232.  5207.  2544.  7792.  6942.  4911.  5474.
  5838.]
85 [ 5056.  7751.  4239.  4241.  5205.  2541.  7796.  6945.  4919.  5473.
  5834.]
86 [ 5056.  7739.  4238.  4249.  5199.  2535.  7804.  6948.  4932.  5474.
  5826.]
87 [ 5056.  7718.  4234.  4260.  5200.  2533.  7806.  6948.  4951.  5468.
  5826.]
88 [ 5053.  7695.  4234.  4272.  5201.  2533.  7811.  6945.  4965.  5464.
  5827.]
89 [ 5053.  7669.  4229.  4275.  5203.  2533.  7814.  6950.  4982.  5464.
  5828.]
90 [ 5051.  7645.  4225.  4278.  5206.  2530.  7811.  6956.  5009.  5459.
  5830.]
91 [ 5052.  7623.  4223.  4286.  5207.  2531.  7807.  6961.  5024.  5455.
  5831.]
92 [ 5051.  7610.  4225.  4298.  5212.  2530.  7804.  6964.  5021.  5451.
  5834.]
93 [ 5054.  7595.  4223.  4307.  5215.  2531.  7801.  6964.  5021.  5451.
  5838.]
94 [ 5056.  7580.  4221.  4318.  5216.  2526.  7797.  6966.  5029.  5449.
  5842.]
95 [ 5060.  7559.  4216.  4321.  5214.  2523.  7801.  6968.  5041.  5450.
  5847.]
96 [ 5063.  7543.  4210.  4327.  5214.  2520.  7805.  6966.  5048.  5449.
  5855.]
97 [ 5060.  7531.  4206.  4336.  5211.  2515.  7809.  6965.  5058.  5451.
  5858.]
98 [ 5057.  7513.  4202.  4345.  5207.  2513.  7817.  6967.  5064.  5452.
  5863.]
99 [ 5057.  7494.  4201.  4357.  5202.  2504.  7811.  6967.  5093.  5449.
  5865.]
100 [ 5054.  7476.  4195.  4367.  5198.  2500.  7806.  6965.  5124.  5448.
  5867.]
101 [ 5052.  7449.  4191.  4373.  5197.  2492.  7808.  6965.  5154.  5445.
  5874.]
102 [ 5051.  7432.  4185.  4384.  5188.  2485.  7805.  6971.  5180.  5443.
  5876.]
103 [ 5046.  7415.  4179.  4394.  5181.  2482.  7803.  6978.  5203.  5440.
  5879.]
104 [ 5037.  7399.  4171.  4399.  5183.  2484.  7805.  6978.  5234.  5431.
  5879.]
105 [ 5034.  7394.  4166.  4403.  5179.  2481.  7807.  6973.  5261.  5428.
  5874.]
106 [ 5034.  7376.  4163.  4409.  5173.  2480.  7810.  6973.  5287.  5425.
  5870.]
107 [ 5035.  7362.  4161.  4416.  5162.  2476.  7807.  6976.  5308.  5425.
  5872.]
108 [ 5033.  7349.  4159.  4428.  5148.  2474.  7807.  6983.  5321.  5425.
  5873.]
109 [ 5027.  7335.  4156.  4434.  5138.  2473.  7809.  6991.  5343.  5423.
  5871.]
110 [ 5025.  7326.  4149.  4445.  5124.  2474.  7804.  6994.  5362.  5424.
  5873.]
111 [ 5024.  7319.  4149.  4457.  5114.  2470.  7808.  6989.  5371.  5427.
  5872.]
112 [ 5023.  7314.  4145.  4466.  5113.  2470.  7808.  6984.  5377.  5426.
  5874.]
113 [ 5022.  7298.  4146.  4477.  5113.  2464.  7810.  6985.  5380.  5423.
  5882.]
114 [ 5021.  7284.  4143.  4487.  5110.  2461.  7808.  6990.  5386.  5422.
  5888.]
115 [ 5021.  7264.  4140.  4492.  5109.  2454.  7809.  6998.  5403.  5417.
  5893.]
116 [ 5020.  7252.  4139.  4497.  5107.  2443.  7807.  7001.  5420.  5413.
  5901.]
117 [ 5018.  7246.  4136.  4509.  5103.  2439.  7807.  7000.  5428.  5413.
  5901.]
118 [ 5020.  7230.  4134.  4511.  5097.  2431.  7809.  6999.  5457.  5411.
  5901.]
119 [ 5019.  7212.  4130.  4522.  5093.  2426.  7807.  6995.  5482.  5410.
  5904.]
120 [ 5017.  7209.  4127.  4529.  5085.  2424.  7808.  6995.  5499.  5409.
  5898.]
121 [ 5017.  7192.  4122.  4537.  5084.  2417.  7809.  6993.  5522.  5410.
  5897.]
122 [ 5016.  7181.  4123.  4541.  5082.  2413.  7805.  6986.  5547.  5408.
  5898.]
123 [ 5016.  7169.  4121.  4545.  5075.  2406.  7803.  6989.  5569.  5408.
  5899.]
124 [ 5017.  7168.  4121.  4545.  5068.  2404.  7803.  6990.  5579.  5407.
  5898.]
125 [ 5016.  7158.  4121.  4546.  5062.  2404.  7803.  6998.  5589.  5407.
  5896.]
126 [ 5014.  7157.  4122.  4547.  5049.  2402.  7800.  7012.  5594.  5406.
  5897.]
127 [ 5015.  7154.  4121.  4547.  5041.  2403.  7799.  7017.  5594.  5406.
  5903.]
128 [ 5018.  7153.  4123.  4547.  5037.  2403.  7796.  7015.  5601.  5408.
  5899.]
129 [ 5018.  7150.  4125.  4547.  5032.  2402.  7795.  7018.  5606.  5407.
  5900.]
130 [ 5017.  7149.  4124.  4547.  5031.  2400.  7795.  7017.  5613.  5405.
  5902.]
131 [ 5018.  7146.  4122.  4547.  5028.  2398.  7794.  7020.  5617.  5405.
  5905.]
132 [ 5020.  7145.  4123.  4548.  5024.  2395.  7792.  7024.  5618.  5404.
  5907.]
133 [ 5022.  7145.  4124.  4548.  5016.  2395.  7794.  7029.  5617.  5404.
  5906.]
134 [ 5021.  7146.  4125.  4548.  5012.  2396.  7794.  7031.  5618.  5403.
  5906.]
135 [ 5021.  7144.  4127.  4548.  4999.  2397.  7794.  7038.  5620.  5406.
  5906.]
136 [ 5021.  7144.  4126.  4548.  4991.  2395.  7795.  7045.  5625.  5404.
  5906.]
137 [ 5020.  7145.  4128.  4549.  4982.  2393.  7797.  7053.  5626.  5400.
  5907.]
138 [ 5020.  7146.  4128.  4550.  4978.  2393.  7799.  7056.  5623.  5399.
  5908.]
139 [ 5020.  7145.  4126.  4554.  4976.  2395.  7799.  7057.  5621.  5398.
  5909.]
140 [ 5019.  7149.  4126.  4555.  4973.  2394.  7799.  7058.  5625.  5393.
  5909.]
141 [ 5018.  7151.  4126.  4557.  4975.  2391.  7797.  7062.  5627.  5386.
  5910.]
142 [ 5016.  7149.  4129.  4558.  4970.  2390.  7800.  7062.  5629.  5387.
  5910.]
143 [ 5014.  7145.  4128.  4556.  4964.  2388.  7800.  7066.  5641.  5386.
  5912.]
144 [ 5009.  7142.  4128.  4559.  4963.  2390.  7797.  7064.  5645.  5386.
  5917.]
145 [ 5009.  7138.  4129.  4563.  4962.  2388.  7798.  7066.  5646.  5383.
  5918.]
146 [ 5009.  7136.  4129.  4565.  4959.  2385.  7798.  7068.  5649.  5383.
  5919.]
147 [ 5010.  7133.  4130.  4565.  4957.  2385.  7797.  7069.  5650.  5382.
  5922.]
148 [ 5010.  7132.  4130.  4567.  4955.  2386.  7794.  7069.  5653.  5381.
  5923.]
149 [ 5009.  7132.  4129.  4567.  4955.  2385.  7794.  7067.  5658.  5381.
  5923.]
150 [ 5009.  7132.  4128.  4567.  4955.  2380.  7794.  7067.  5666.  5381.
  5921.]
151 [ 5009.  7132.  4127.  4567.  4956.  2380.  7794.  7067.  5667.  5381.
  5920.]
152 [ 5009.  7133.  4127.  4567.  4956.  2380.  7794.  7067.  5666.  5381.
  5920.]
[ 5009.  7133.  4127.  4567.  4956.  2380.  7794.  7067.  5666.  5381.
  5920.]
Time spent clustering :  12017.0444849
medians_random_cluster11
Digit: 0  Purity: 92.0% SD: 1988.6  Count: 4567
Digit: 1  Purity: 71.0% SD: 1347.6  Count: 9136
Digit: 2  Purity:  0.0% SD:    0.0  Count: 0
Digit: 3  Purity: 51.3% SD: 1922.8  Count: 7794
Digit: 4  Purity: 58.1% SD: 1854.5  Count: 7067
Digit: 5  Purity: 32.2% SD: 1866.2  Count: 8046
Digit: 6  Purity: 51.0% SD: 2033.3  Count: 7133
Digit: 7  Purity: 50.9% SD: 1662.1  Count: 10337
Digit: 8  Purity: 59.8% SD: 1889.9  Count: 5920
Digit: 9  Purity:  0.0% SD:    0.0  Count: 0
Our accuracy in predicting test data for k = 11 was 57.0157015702 %
Time spent testing :  17.6624808311
