15 medians random 100
0 [ 1679.  1973.  2514.  3703.  6266.  6650.  2673.  3618.  2833.  5689.
  6843.  5587.  3793.   779.  5400.]
1 [ 2066.  2441.  3625.  3052.  5035.  5139.  4227.  4100.  3824.  4791.
  5741.  5392.  4370.  1507.  4690.]
2 [ 2691.  3107.  4330.  2531.  4461.  4448.  4219.  4184.  3836.  4467.
  5245.  4839.  4965.  1745.  4932.]
3 [ 3176.  3627.  4769.  2521.  4160.  3868.  4367.  4253.  3436.  4325.
  5014.  4354.  5461.  1916.  4753.]
4 [ 3568.  3986.  4925.  2688.  4016.  3684.  4589.  4285.  3112.  4271.
  4862.  4029.  5593.  2038.  4354.]
5 [ 3907.  4161.  4996.  2836.  3949.  3783.  4750.  4303.  2939.  4324.
  4759.  3874.  5236.  2117.  4066.]
6 [ 4155.  4195.  5115.  2950.  3963.  4002.  4848.  4363.  2866.  4421.
  4739.  3830.  4482.  2209.  3862.]
7 [ 4372.  4212.  5258.  3111.  4005.  4212.  4918.  4399.  2844.  4527.
  4799.  3808.  3552.  2258.  3725.]
8 [ 4492.  4214.  5341.  3273.  4041.  4356.  4964.  4432.  2843.  4607.
  4855.  3807.  2887.  2292.  3596.]
9 [ 4531.  4214.  5385.  3429.  4042.  4406.  5020.  4451.  2847.  4636.
  4909.  3791.  2544.  2323.  3472.]
10 [ 4529.  4187.  5389.  3573.  4042.  4411.  5092.  4457.  2848.  4618.
  4938.  3797.  2413.  2356.  3350.]
11 [ 4560.  4162.  5361.  3787.  4012.  4396.  5159.  4459.  2852.  4594.
  4934.  3797.  2337.  2371.  3219.]
12 [ 4607.  4136.  5330.  3998.  3954.  4345.  5243.  4485.  2852.  4562.
  4937.  3782.  2270.  2391.  3108.]
13 [ 4624.  4097.  5284.  4221.  3915.  4300.  5297.  4502.  2855.  4514.
  4936.  3786.  2207.  2405.  3057.]
14 [ 4623.  4076.  5253.  4479.  3869.  4241.  5381.  4527.  2859.  4427.
  4910.  3806.  2139.  2427.  2983.]
15 [ 4631.  4056.  5219.  4723.  3826.  4170.  5457.  4551.  2861.  4334.
  4892.  3799.  2061.  2461.  2959.]
16 [ 4623.  4039.  5183.  4927.  3783.  4110.  5569.  4612.  2871.  4223.
  4856.  3793.  1982.  2492.  2937.]
17 [ 4593.  4028.  5149.  5044.  3743.  4060.  5656.  4665.  2865.  4144.
  4828.  3791.  1927.  2545.  2962.]
18 [ 4574.  4022.  5110.  5200.  3708.  4012.  5736.  4702.  2861.  4090.
  4794.  3783.  1854.  2576.  2978.]
19 [ 4574.  4016.  5083.  5295.  3660.  3974.  5792.  4737.  2857.  4063.
  4769.  3772.  1804.  2600.  3004.]
20 [ 4557.  4019.  5075.  5421.  3610.  3952.  5821.  4769.  2847.  4061.
  4723.  3775.  1725.  2626.  3019.]
21 [ 4585.  4025.  5062.  5474.  3538.  3967.  5842.  4816.  2843.  4081.
  4666.  3766.  1639.  2650.  3046.]
22 [ 4626.  4034.  5071.  5495.  3470.  3997.  5849.  4856.  2841.  4104.
  4608.  3753.  1567.  2664.  3065.]
23 [ 4690.  4024.  5055.  5509.  3414.  4028.  5853.  4905.  2840.  4135.
  4550.  3730.  1502.  2678.  3087.]
24 [ 4748.  4014.  5051.  5494.  3365.  4036.  5855.  4952.  2840.  4180.
  4507.  3721.  1455.  2689.  3093.]
25 [ 4831.  4001.  5050.  5472.  3318.  4056.  5858.  4995.  2841.  4228.
  4458.  3698.  1391.  2703.  3100.]
26 [ 4935.  4002.  5031.  5483.  3268.  4059.  5850.  5021.  2843.  4275.
  4416.  3684.  1330.  2700.  3103.]
27 [ 5018.  4002.  5019.  5524.  3212.  4066.  5843.  5041.  2848.  4302.
  4391.  3686.  1242.  2700.  3106.]
28 [ 5099.  4000.  5003.  5574.  3161.  4079.  5829.  5046.  2853.  4333.
  4360.  3692.  1161.  2696.  3114.]
29 [ 5159.  3991.  4990.  5600.  3128.  4088.  5817.  5049.  2856.  4373.
  4344.  3709.  1081.  2695.  3120.]
30 [ 5195.  3989.  4978.  5613.  3093.  4101.  5818.  5044.  2857.  4408.
  4328.  3728.  1018.  2693.  3137.]
31 [ 5270.  3984.  4956.  5570.  3064.  4116.  5820.  5045.  2864.  4443.
  4315.  3767.   953.  2690.  3143.]
32 [ 5340.  3971.  4932.  5519.  3042.  4139.  5812.  5058.  2868.  4478.
  4309.  3813.   879.  2685.  3155.]
33 [ 5402.  3962.  4905.  5423.  3017.  4171.  5813.  5068.  2873.  4527.
  4305.  3863.   818.  2684.  3169.]
34 [ 5463.  3953.  4894.  5307.  3007.  4206.  5808.  5072.  2875.  4574.
  4307.  3911.   752.  2685.  3186.]
35 [ 5538.  3943.  4871.  5156.  3006.  4242.  5812.  5078.  2876.  4610.
  4316.  3966.   697.  2684.  3205.]
36 [ 5607.  3940.  4861.  4957.  2993.  4277.  5817.  5093.  2882.  4646.
  4334.  4037.   649.  2684.  3223.]
37 [ 5688.  3934.  4847.  4758.  2970.  4298.  5821.  5109.  2884.  4690.
  4351.  4100.   626.  2677.  3247.]
38 [ 5784.  3925.  4831.  4469.  2955.  4320.  5823.  5126.  2885.  4741.
  4381.  4147.   656.  2672.  3285.]
39 [ 5859.  3916.  4801.  4198.  2923.  4328.  5800.  5128.  2883.  4778.
  4396.  4191.   820.  2665.  3314.]
40 [ 5893.  3911.  4761.  4009.  2886.  4319.  5770.  5122.  2877.  4803.
  4418.  4225.  1013.  2661.  3332.]
41 [ 5918.  3894.  4686.  3833.  2856.  4308.  5735.  5119.  2860.  4806.
  4416.  4256.  1316.  2653.  3344.]
42 [ 5954.  3876.  4643.  3735.  2841.  4292.  5712.  5105.  2845.  4803.
  4418.  4278.  1497.  2645.  3356.]
43 [ 5973.  3858.  4606.  3625.  2819.  4301.  5697.  5103.  2836.  4805.
  4419.  4304.  1648.  2641.  3365.]
44 [ 5999.  3851.  4599.  3550.  2807.  4294.  5694.  5085.  2825.  4809.
  4423.  4328.  1729.  2632.  3375.]
45 [ 6016.  3845.  4589.  3483.  2790.  4291.  5690.  5068.  2820.  4816.
  4427.  4355.  1793.  2623.  3394.]
46 [ 6015.  3844.  4582.  3458.  2772.  4282.  5666.  5053.  2822.  4825.
  4428.  4375.  1843.  2618.  3417.]
47 [ 6015.  3841.  4587.  3438.  2757.  4275.  5648.  5052.  2826.  4827.
  4425.  4400.  1863.  2618.  3428.]
48 [ 5982.  3834.  4590.  3406.  2742.  4280.  5632.  5048.  2825.  4840.
  4425.  4429.  1908.  2620.  3439.]
49 [ 5978.  3836.  4590.  3354.  2728.  4289.  5622.  5043.  2825.  4840.
  4424.  4448.  1951.  2622.  3450.]
50 [ 5968.  3837.  4597.  3294.  2725.  4290.  5619.  5036.  2825.  4843.
  4434.  4468.  1985.  2625.  3454.]
51 [ 5951.  3837.  4599.  3211.  2714.  4301.  5610.  5029.  2824.  4859.
  4447.  4496.  2031.  2626.  3465.]
52 [ 5948.  3837.  4604.  3152.  2705.  4305.  5613.  5021.  2824.  4862.
  4461.  4521.  2049.  2624.  3474.]
53 [ 5946.  3837.  4612.  3087.  2702.  4315.  5615.  5018.  2824.  4870.
  4471.  4539.  2060.  2623.  3481.]
54 [ 5953.  3835.  4616.  2997.  2701.  4322.  5616.  5014.  2825.  4879.
  4487.  4560.  2087.  2624.  3484.]
55 [ 5962.  3829.  4622.  2894.  2704.  4332.  5618.  5009.  2825.  4894.
  4506.  4572.  2114.  2626.  3493.]
56 [ 5966.  3828.  4634.  2794.  2706.  4331.  5623.  5004.  2827.  4910.
  4521.  4591.  2139.  2629.  3497.]
57 [ 5974.  3829.  4652.  2690.  2707.  4330.  5627.  5004.  2830.  4926.
  4538.  4601.  2159.  2630.  3503.]
58 [ 5980.  3825.  4662.  2630.  2708.  4330.  5628.  5007.  2833.  4930.
  4558.  4609.  2169.  2629.  3502.]
59 [ 5986.  3821.  4667.  2567.  2710.  4328.  5632.  5007.  2832.  4938.
  4574.  4619.  2189.  2628.  3502.]
60 [ 6004.  3812.  4675.  2525.  2712.  4318.  5632.  5009.  2835.  4944.
  4585.  4625.  2192.  2629.  3503.]
61 [ 6018.  3807.  4686.  2503.  2719.  4307.  5632.  5006.  2839.  4946.
  4596.  4624.  2182.  2629.  3506.]
62 [ 6032.  3799.  4700.  2489.  2725.  4301.  5633.  5006.  2843.  4951.
  4599.  4621.  2157.  2632.  3512.]
63 [ 6045.  3797.  4713.  2485.  2727.  4292.  5641.  5008.  2850.  4956.
  4599.  4618.  2120.  2632.  3517.]
64 [ 6067.  3792.  4727.  2493.  2729.  4280.  5645.  5007.  2855.  4966.
  4596.  4621.  2069.  2635.  3518.]
65 [ 6077.  3790.  4744.  2516.  2738.  4276.  5656.  5008.  2862.  4981.
  4593.  4624.  1979.  2636.  3520.]
66 [ 6103.  3787.  4753.  2532.  2736.  4275.  5663.  5012.  2866.  4992.
  4593.  4614.  1911.  2640.  3523.]
67 [ 6115.  3778.  4760.  2584.  2746.  4263.  5677.  5015.  2875.  5004.
  4593.  4606.  1812.  2643.  3529.]
68 [ 6134.  3775.  4767.  2619.  2738.  4260.  5697.  5015.  2886.  5016.
  4598.  4611.  1708.  2645.  3531.]
69 [ 6158.  3772.  4774.  2615.  2745.  4261.  5724.  5016.  2891.  5037.
  4602.  4614.  1610.  2649.  3532.]
70 [ 6175.  3771.  4782.  2625.  2738.  4261.  5735.  5019.  2892.  5045.
  4604.  4615.  1551.  2651.  3536.]
71 [ 6182.  3770.  4787.  2645.  2741.  4256.  5744.  5024.  2894.  5050.
  4605.  4611.  1507.  2650.  3534.]
72 [ 6185.  3769.  4791.  2651.  2739.  4249.  5743.  5030.  2895.  5053.
  4602.  4606.  1502.  2651.  3534.]
73 [ 6189.  3768.  4795.  2664.  2737.  4242.  5744.  5033.  2897.  5054.
  4599.  4602.  1489.  2651.  3536.]
74 [ 6185.  3768.  4795.  2676.  2739.  4237.  5744.  5035.  2897.  5052.
  4595.  4602.  1486.  2652.  3537.]
75 [ 6192.  3768.  4799.  2681.  2736.  4237.  5745.  5038.  2899.  5053.
  4591.  4599.  1473.  2653.  3536.]
76 [ 6196.  3768.  4805.  2686.  2734.  4239.  5746.  5040.  2900.  5055.
  4589.  4594.  1460.  2654.  3534.]
77 [ 6195.  3768.  4806.  2691.  2731.  4245.  5747.  5040.  2901.  5056.
  4588.  4592.  1450.  2654.  3536.]
78 [ 6198.  3768.  4807.  2680.  2729.  4246.  5745.  5043.  2901.  5058.
  4590.  4589.  1454.  2654.  3538.]
79 [ 6197.  3769.  4809.  2677.  2730.  4245.  5745.  5044.  2901.  5063.
  4595.  4590.  1444.  2655.  3536.]
80 [ 6195.  3769.  4809.  2675.  2731.  4243.  5745.  5045.  2902.  5065.
  4597.  4596.  1439.  2655.  3534.]
81 [ 6196.  3768.  4810.  2675.  2729.  4244.  5745.  5046.  2905.  5069.
  4600.  4597.  1427.  2655.  3534.]
82 [ 6197.  3768.  4812.  2677.  2729.  4243.  5744.  5048.  2905.  5070.
  4599.  4598.  1425.  2655.  3530.]
83 [ 6197.  3768.  4814.  2674.  2728.  4242.  5745.  5049.  2905.  5073.
  4600.  4599.  1419.  2656.  3531.]
84 [ 6196.  3768.  4821.  2672.  2729.  4241.  5747.  5047.  2905.  5075.
  4602.  4600.  1407.  2656.  3534.]
85 [ 6193.  3768.  4824.  2680.  2731.  4241.  5749.  5047.  2905.  5077.
  4602.  4600.  1392.  2656.  3535.]
86 [ 6191.  3768.  4831.  2682.  2732.  4241.  5752.  5045.  2905.  5079.
  4602.  4600.  1379.  2656.  3537.]
87 [ 6186.  3768.  4836.  2682.  2734.  4242.  5755.  5045.  2905.  5082.
  4602.  4603.  1368.  2656.  3536.]
88 [ 6184.  3768.  4840.  2683.  2733.  4243.  5756.  5047.  2906.  5087.
  4601.  4603.  1356.  2656.  3537.]
89 [ 6176.  3769.  4844.  2702.  2732.  4243.  5760.  5047.  2906.  5094.
  4600.  4603.  1332.  2656.  3536.]
90 [ 6177.  3769.  4848.  2711.  2733.  4244.  5760.  5048.  2906.  5101.
  4599.  4605.  1310.  2655.  3534.]
91 [ 6176.  3770.  4855.  2702.  2734.  4247.  5767.  5046.  2906.  5108.
  4602.  4607.  1292.  2656.  3532.]
92 [ 6177.  3770.  4857.  2695.  2736.  4251.  5773.  5045.  2906.  5111.
  4605.  4609.  1277.  2656.  3532.]
93 [ 6180.  3769.  4857.  2689.  2738.  4256.  5775.  5046.  2907.  5113.
  4606.  4612.  1265.  2655.  3532.]
94 [ 6177.  3769.  4861.  2691.  2739.  4261.  5776.  5046.  2907.  5118.
  4607.  4615.  1247.  2654.  3532.]
95 [ 6178.  3769.  4864.  2686.  2739.  4261.  5777.  5046.  2908.  5121.
  4607.  4620.  1236.  2655.  3533.]
96 [ 6180.  3769.  4868.  2696.  2739.  4265.  5777.  5047.  2908.  5121.
  4608.  4619.  1214.  2656.  3533.]
97 [ 6180.  3770.  4872.  2707.  2744.  4273.  5777.  5047.  2911.  5120.
  4610.  4620.  1182.  2655.  3532.]
98 [ 6183.  3771.  4873.  2712.  2743.  4274.  5779.  5047.  2912.  5121.
  4612.  4623.  1164.  2654.  3532.]
99 [ 6189.  3771.  4874.  2721.  2740.  4277.  5780.  5047.  2914.  5123.
  4614.  4622.  1143.  2652.  3533.]
100 [ 6193.  3772.  4875.  2728.  2740.  4280.  5782.  5046.  2915.  5123.
  4613.  4623.  1125.  2652.  3533.]
101 [ 6187.  3773.  4878.  2730.  2739.  4283.  5781.  5045.  2917.  5124.
  4612.  4630.  1118.  2650.  3533.]
102 [ 6187.  3773.  4878.  2725.  2738.  4287.  5782.  5044.  2917.  5127.
  4613.  4633.  1113.  2650.  3533.]
103 [ 6190.  3773.  4877.  2722.  2737.  4289.  5782.  5045.  2918.  5126.
  4612.  4634.  1112.  2650.  3533.]
104 [ 6190.  3774.  4877.  2708.  2735.  4292.  5783.  5044.  2918.  5128.
  4613.  4637.  1118.  2650.  3533.]
105 [ 6190.  3774.  4877.  2700.  2735.  4295.  5783.  5044.  2919.  5129.
  4612.  4640.  1119.  2650.  3533.]
106 [ 6190.  3775.  4877.  2698.  2735.  4298.  5782.  5044.  2919.  5128.
  4612.  4642.  1117.  2650.  3533.]
107 [ 6190.  3775.  4878.  2695.  2735.  4298.  5782.  5044.  2919.  5129.
  4612.  4642.  1118.  2650.  3533.]
108 [ 6191.  3775.  4878.  2696.  2735.  4298.  5782.  5045.  2919.  5128.
  4612.  4642.  1117.  2650.  3532.]
109 [ 6189.  3776.  4879.  2694.  2735.  4299.  5783.  5045.  2919.  5129.
  4610.  4642.  1120.  2650.  3530.]
110 [ 6189.  3777.  4879.  2692.  2735.  4297.  5783.  5045.  2919.  5130.
  4611.  4642.  1121.  2650.  3530.]
111 [ 6190.  3777.  4879.  2694.  2734.  4295.  5784.  5045.  2919.  5130.
  4614.  4642.  1117.  2650.  3530.]
112 [ 6194.  3777.  4877.  2692.  2734.  4293.  5785.  5045.  2919.  5130.
  4615.  4642.  1117.  2650.  3530.]
113 [ 6195.  3777.  4876.  2691.  2733.  4293.  5788.  5042.  2919.  5130.
  4615.  4643.  1118.  2650.  3530.]
114 [ 6196.  3777.  4876.  2687.  2732.  4295.  5789.  5040.  2919.  5131.
  4615.  4645.  1118.  2650.  3530.]
115 [ 6198.  3778.  4876.  2682.  2730.  4296.  5790.  5040.  2919.  5131.
  4616.  4647.  1117.  2650.  3530.]
116 [ 6200.  3778.  4876.  2678.  2729.  4295.  5790.  5040.  2920.  5132.
  4616.  4649.  1117.  2650.  3530.]
117 [ 6201.  3777.  4876.  2676.  2729.  4297.  5790.  5040.  2920.  5135.
  4616.  4649.  1114.  2650.  3530.]
118 [ 6203.  3777.  4875.  2680.  2729.  4297.  5789.  5040.  2920.  5135.
  4616.  4649.  1110.  2650.  3530.]
119 [ 6204.  3777.  4874.  2681.  2729.  4298.  5789.  5040.  2920.  5135.
  4616.  4649.  1108.  2650.  3530.]
120 [ 6204.  3777.  4874.  2679.  2729.  4302.  5789.  5040.  2920.  5135.
  4616.  4648.  1107.  2650.  3530.]
121 [ 6202.  3777.  4874.  2682.  2729.  4303.  5789.  5040.  2920.  5135.
  4616.  4648.  1105.  2650.  3530.]
122 [ 6202.  3777.  4874.  2680.  2729.  4304.  5789.  5040.  2920.  5136.
  4616.  4648.  1105.  2650.  3530.]
123 [ 6202.  3777.  4873.  2680.  2729.  4304.  5789.  5040.  2920.  5138.
  4616.  4648.  1104.  2650.  3530.]
124 [ 6202.  3777.  4872.  2680.  2729.  4304.  5789.  5040.  2920.  5140.
  4615.  4648.  1104.  2650.  3530.]
125 [ 6202.  3777.  4872.  2679.  2729.  4304.  5789.  5040.  2920.  5141.
  4615.  4648.  1104.  2650.  3530.]
[ 6202.  3777.  4872.  2679.  2729.  4304.  5789.  5040.  2920.  5141.
  4615.  4648.  1104.  2650.  3530.]
Time spent clustering :  12788.7422278
medians_random_cluster15
Digit: 0  Purity: 89.0% SD: 1890.0  Count: 5570
Digit: 1  Purity: 71.8% SD: 1339.5  Count: 8919
Digit: 2  Purity: 90.4% SD: 1986.2  Count: 3777
Digit: 3  Purity: 53.0% SD: 1867.6  Count: 9319
Digit: 4  Purity: 51.4% SD: 1905.3  Count: 4872
Digit: 5  Purity: 24.1% SD: 1784.7  Count: 3783
Digit: 6  Purity: 81.4% SD: 1796.9  Count: 5141
Digit: 7  Purity: 65.7% SD: 1642.0  Count: 7377
Digit: 8  Purity: 69.7% SD: 1823.8  Count: 5040
Digit: 9  Purity: 42.3% SD: 1656.7  Count: 6202
Our accuracy in predicting test data for k = 15 was 63.4763476348 %
Time spent testing :  28.2453129292
