19 medians kplusplus 100
0 [ 5878.  2894.  3035.   989.  6258.  1745.  4842.  1215.  3190.  1384.
  2762.  2658.  4811.  4496.  3634.  1809.  3704.  1847.  2849.]
1 [ 5920.  3284.  3261.  1313.  4200.  2130.  4597.  1373.  3498.  1471.
  2734.  2827.  4516.  4210.  3355.  2712.  3385.  2248.  2966.]
2 [ 5861.  3719.  3404.  1512.  3465.  2337.  4389.  1592.  3660.  1689.
  2342.  2937.  4508.  3721.  3154.  3103.  3189.  2403.  3015.]
3 [ 5734.  3964.  3609.  1583.  3215.  2422.  4164.  1871.  3704.  1908.
  2232.  3007.  4349.  3377.  2985.  3148.  3154.  2455.  3119.]
4 [ 5493.  4075.  3781.  1656.  3064.  2420.  4040.  2137.  3720.  2132.
  2263.  3046.  4001.  3178.  2895.  3144.  3168.  2484.  3303.]
5 [ 5164.  4143.  3881.  1741.  2974.  2409.  3910.  2393.  3723.  2357.
  2304.  3081.  3663.  3013.  2826.  3173.  3170.  2534.  3541.]
6 [ 4893.  4182.  3925.  1813.  2960.  2393.  3769.  2652.  3709.  2571.
  2369.  3082.  3365.  2882.  2755.  3197.  3161.  2607.  3715.]
7 [ 4734.  4198.  3931.  1907.  2985.  2412.  3625.  2835.  3683.  2759.
  2447.  3067.  3034.  2798.  2692.  3223.  3098.  2702.  3870.]
8 [ 4537.  4190.  3916.  1995.  3010.  2447.  3478.  3078.  3659.  2898.
  2509.  3076.  2805.  2727.  2651.  3233.  3026.  2779.  3986.]
9 [ 4394.  4138.  3874.  2041.  3022.  2470.  3312.  3363.  3670.  3008.
  2555.  3062.  2703.  2671.  2623.  3266.  2966.  2850.  4012.]
10 [ 4308.  4077.  3832.  2074.  3034.  2496.  3167.  3589.  3684.  3113.
  2592.  3038.  2631.  2626.  2599.  3312.  2911.  2902.  4015.]
11 [ 4270.  4024.  3818.  2081.  3054.  2526.  3047.  3721.  3718.  3206.
  2649.  3022.  2477.  2580.  2576.  3347.  2863.  2962.  4059.]
12 [ 4255.  3978.  3825.  2078.  3077.  2555.  2945.  3830.  3747.  3291.
  2691.  3023.  2270.  2538.  2568.  3372.  2832.  3013.  4112.]
13 [ 4260.  3951.  3831.  2077.  3082.  2580.  2882.  3913.  3742.  3345.
  2727.  3039.  2053.  2510.  2576.  3401.  2827.  3040.  4164.]
14 [ 4271.  3926.  3857.  2065.  3093.  2602.  2842.  3980.  3737.  3389.
  2759.  3053.  1868.  2487.  2581.  3416.  2803.  3075.  4196.]
15 [ 4273.  3916.  3875.  2063.  3095.  2624.  2812.  4035.  3733.  3407.
  2777.  3062.  1736.  2469.  2577.  3424.  2780.  3108.  4234.]
16 [ 4243.  3929.  3894.  2050.  3100.  2642.  2789.  4110.  3723.  3422.
  2776.  3065.  1659.  2448.  2566.  3420.  2762.  3135.  4267.]
17 [ 4208.  3955.  3900.  2026.  3098.  2653.  2777.  4195.  3699.  3429.
  2776.  3082.  1602.  2425.  2552.  3418.  2754.  3140.  4311.]
18 [ 4103.  3997.  3910.  2011.  3101.  2660.  2770.  4278.  3683.  3435.
  2782.  3100.  1549.  2405.  2548.  3413.  2748.  3160.  4347.]
19 [ 3971.  4053.  3917.  2004.  3098.  2666.  2782.  4358.  3662.  3432.
  2787.  3120.  1518.  2391.  2543.  3402.  2737.  3179.  4380.]
20 [ 3721.  4122.  3926.  1996.  3103.  2661.  2812.  4479.  3644.  3446.
  2792.  3140.  1476.  2383.  2549.  3383.  2731.  3206.  4430.]
21 [ 3347.  4190.  3951.  1990.  3110.  2668.  2834.  4655.  3620.  3450.
  2800.  3167.  1490.  2371.  2544.  3370.  2730.  3229.  4484.]
22 [ 2770.  4250.  3962.  1997.  3110.  2672.  2852.  4865.  3613.  3457.
  2782.  3189.  1636.  2365.  2558.  3357.  2750.  3255.  4560.]
23 [ 2409.  4286.  3964.  1989.  3105.  2677.  2858.  5006.  3595.  3452.
  2774.  3207.  1757.  2365.  2560.  3363.  2762.  3253.  4618.]
24 [ 2242.  4299.  3946.  1988.  3099.  2680.  2860.  5067.  3576.  3442.
  2769.  3225.  1875.  2367.  2551.  3359.  2760.  3249.  4646.]
25 [ 2176.  4311.  3938.  1979.  3097.  2676.  2854.  5107.  3558.  3445.
  2765.  3235.  1948.  2366.  2546.  3357.  2757.  3246.  4639.]
26 [ 2116.  4323.  3926.  1979.  3082.  2672.  2849.  5131.  3541.  3454.
  2764.  3240.  1997.  2368.  2546.  3364.  2757.  3247.  4644.]
27 [ 2073.  4329.  3928.  1973.  3088.  2666.  2842.  5137.  3527.  3478.
  2771.  3241.  2024.  2370.  2546.  3365.  2760.  3246.  4636.]
28 [ 2028.  4330.  3929.  1968.  3092.  2663.  2830.  5140.  3512.  3491.
  2771.  3242.  2055.  2364.  2550.  3371.  2766.  3252.  4646.]
29 [ 1999.  4324.  3934.  1967.  3092.  2662.  2809.  5141.  3503.  3504.
  2778.  3244.  2068.  2363.  2552.  3383.  2771.  3261.  4645.]
30 [ 1980.  4317.  3937.  1967.  3097.  2667.  2787.  5135.  3490.  3528.
  2779.  3248.  2060.  2368.  2552.  3389.  2773.  3263.  4663.]
31 [ 1949.  4313.  3937.  1962.  3103.  2670.  2765.  5133.  3473.  3546.
  2785.  3258.  2023.  2371.  2559.  3399.  2781.  3274.  4699.]
32 [ 1956.  4315.  3941.  1961.  3107.  2672.  2763.  5112.  3459.  3566.
  2782.  3257.  1991.  2372.  2564.  3407.  2790.  3280.  4705.]
33 [ 1969.  4315.  3950.  1956.  3113.  2675.  2758.  5092.  3451.  3589.
  2781.  3262.  1937.  2369.  2565.  3411.  2795.  3291.  4721.]
34 [ 1981.  4316.  3965.  1954.  3118.  2676.  2756.  5078.  3444.  3599.
  2783.  3267.  1876.  2369.  2569.  3413.  2799.  3298.  4739.]
35 [ 1988.  4321.  3974.  1953.  3117.  2682.  2751.  5070.  3438.  3610.
  2785.  3267.  1828.  2362.  2578.  3418.  2804.  3296.  4758.]
36 [ 1989.  4326.  3985.  1945.  3116.  2683.  2751.  5064.  3438.  3629.
  2790.  3266.  1792.  2355.  2579.  3420.  2807.  3300.  4765.]
37 [ 1976.  4330.  3993.  1942.  3110.  2685.  2753.  5053.  3438.  3633.
  2798.  3269.  1781.  2348.  2578.  3413.  2814.  3299.  4787.]
38 [ 1986.  4336.  3993.  1936.  3107.  2687.  2754.  5041.  3436.  3642.
  2798.  3268.  1757.  2346.  2576.  3402.  2818.  3300.  4817.]
39 [ 1981.  4341.  3995.  1932.  3104.  2686.  2754.  5039.  3434.  3647.
  2797.  3270.  1744.  2346.  2576.  3387.  2824.  3305.  4838.]
40 [ 1983.  4346.  4003.  1928.  3100.  2688.  2753.  5038.  3433.  3663.
  2796.  3266.  1730.  2347.  2579.  3377.  2829.  3303.  4838.]
41 [ 1973.  4349.  4006.  1924.  3101.  2689.  2755.  5043.  3435.  3671.
  2795.  3263.  1722.  2343.  2578.  3373.  2836.  3301.  4843.]
42 [ 1969.  4354.  4022.  1923.  3100.  2687.  2755.  5041.  3435.  3684.
  2794.  3262.  1725.  2336.  2578.  3374.  2840.  3303.  4818.]
43 [ 1967.  4358.  4036.  1922.  3101.  2689.  2758.  5039.  3436.  3698.
  2794.  3262.  1724.  2341.  2579.  3373.  2844.  3306.  4773.]
44 [ 1966.  4364.  4046.  1922.  3102.  2691.  2760.  5037.  3438.  3708.
  2792.  3259.  1720.  2337.  2580.  3368.  2847.  3305.  4758.]
45 [ 1968.  4363.  4064.  1922.  3102.  2693.  2757.  5040.  3440.  3719.
  2793.  3254.  1722.  2327.  2581.  3365.  2849.  3307.  4734.]
46 [ 1971.  4373.  4078.  1921.  3100.  2694.  2761.  5035.  3440.  3737.
  2793.  3251.  1727.  2322.  2579.  3355.  2854.  3312.  4697.]
47 [ 1970.  4378.  4096.  1921.  3096.  2694.  2765.  5032.  3442.  3757.
  2794.  3255.  1726.  2319.  2576.  3347.  2858.  3313.  4661.]
48 [ 1967.  4385.  4107.  1919.  3094.  2695.  2770.  5030.  3443.  3785.
  2792.  3257.  1717.  2322.  2573.  3340.  2861.  3312.  4631.]
49 [ 1969.  4393.  4126.  1917.  3093.  2694.  2769.  5030.  3444.  3820.
  2793.  3259.  1709.  2327.  2572.  3342.  2861.  3313.  4569.]
50 [ 1969.  4399.  4152.  1914.  3093.  2696.  2770.  5033.  3444.  3833.
  2794.  3261.  1706.  2326.  2571.  3349.  2864.  3314.  4512.]
51 [ 1970.  4400.  4167.  1912.  3093.  2697.  2772.  5035.  3446.  3853.
  2797.  3260.  1703.  2330.  2572.  3362.  2868.  3312.  4451.]
52 [ 1972.  4408.  4197.  1909.  3090.  2697.  2770.  5035.  3446.  3858.
  2801.  3260.  1697.  2330.  2571.  3372.  2870.  3316.  4401.]
53 [ 1973.  4416.  4220.  1904.  3093.  2701.  2769.  5035.  3446.  3885.
  2800.  3260.  1695.  2335.  2570.  3373.  2871.  3322.  4332.]
54 [ 1969.  4424.  4254.  1904.  3090.  2703.  2767.  5036.  3446.  3899.
  2801.  3263.  1692.  2340.  2568.  3392.  2871.  3324.  4257.]
55 [ 1973.  4427.  4301.  1903.  3088.  2707.  2763.  5038.  3446.  3914.
  2804.  3261.  1700.  2349.  2572.  3404.  2875.  3325.  4150.]
56 [ 1977.  4437.  4344.  1903.  3087.  2709.  2761.  5040.  3446.  3931.
  2806.  3262.  1701.  2358.  2571.  3415.  2877.  3329.  4046.]
57 [ 1985.  4441.  4383.  1904.  3086.  2709.  2761.  5043.  3445.  3960.
  2808.  3266.  1709.  2364.  2571.  3411.  2879.  3330.  3945.]
58 [ 1986.  4440.  4413.  1904.  3090.  2710.  2762.  5047.  3445.  3978.
  2810.  3266.  1720.  2369.  2574.  3413.  2880.  3331.  3862.]
59 [ 1988.  4441.  4442.  1904.  3091.  2710.  2762.  5055.  3445.  4003.
  2812.  3267.  1721.  2367.  2575.  3406.  2882.  3330.  3799.]
60 [ 1989.  4443.  4456.  1905.  3091.  2712.  2760.  5061.  3445.  4018.
  2813.  3266.  1725.  2365.  2575.  3404.  2881.  3331.  3760.]
61 [ 1990.  4444.  4465.  1905.  3092.  2712.  2758.  5065.  3446.  4031.
  2814.  3263.  1723.  2368.  2575.  3405.  2881.  3330.  3733.]
62 [ 1995.  4445.  4473.  1905.  3092.  2713.  2759.  5066.  3446.  4047.
  2813.  3262.  1721.  2366.  2576.  3407.  2882.  3330.  3702.]
63 [ 1995.  4446.  4486.  1905.  3091.  2713.  2759.  5066.  3447.  4063.
  2813.  3262.  1721.  2368.  2576.  3407.  2883.  3330.  3669.]
64 [ 1993.  4447.  4501.  1904.  3091.  2714.  2760.  5066.  3446.  4067.
  2814.  3263.  1719.  2372.  2577.  3410.  2882.  3330.  3644.]
65 [ 1992.  4446.  4514.  1903.  3091.  2715.  2759.  5066.  3446.  4066.
  2815.  3265.  1719.  2374.  2577.  3412.  2883.  3331.  3626.]
66 [ 1993.  4446.  4523.  1903.  3090.  2715.  2758.  5067.  3446.  4077.
  2814.  3265.  1717.  2373.  2577.  3411.  2883.  3331.  3611.]
67 [ 1994.  4447.  4529.  1903.  3090.  2715.  2757.  5067.  3446.  4083.
  2814.  3265.  1716.  2373.  2577.  3407.  2883.  3332.  3602.]
68 [ 1995.  4447.  4533.  1904.  3090.  2715.  2756.  5067.  3446.  4089.
  2814.  3265.  1715.  2372.  2576.  3406.  2882.  3332.  3596.]
69 [ 1995.  4448.  4537.  1903.  3090.  2716.  2757.  5068.  3446.  4086.
  2814.  3265.  1715.  2372.  2575.  3408.  2882.  3332.  3591.]
70 [ 2000.  4447.  4541.  1903.  3089.  2716.  2757.  5069.  3446.  4087.
  2814.  3265.  1712.  2371.  2575.  3408.  2882.  3332.  3586.]
71 [ 1999.  4447.  4547.  1903.  3089.  2717.  2756.  5071.  3446.  4087.
  2814.  3266.  1711.  2371.  2575.  3407.  2882.  3332.  3580.]
72 [ 1999.  4450.  4548.  1903.  3089.  2717.  2754.  5073.  3446.  4086.
  2814.  3265.  1711.  2372.  2575.  3407.  2882.  3332.  3577.]
73 [ 1997.  4449.  4551.  1903.  3089.  2717.  2754.  5074.  3446.  4086.
  2814.  3265.  1711.  2372.  2575.  3407.  2882.  3332.  3576.]
74 [ 1994.  4451.  4554.  1903.  3089.  2717.  2754.  5075.  3446.  4086.
  2814.  3264.  1710.  2372.  2575.  3407.  2882.  3332.  3575.]
75 [ 1994.  4450.  4554.  1903.  3089.  2717.  2754.  5076.  3446.  4087.
  2814.  3263.  1712.  2372.  2575.  3407.  2882.  3332.  3573.]
76 [ 1994.  4450.  4555.  1903.  3089.  2717.  2754.  5076.  3446.  4087.
  2814.  3263.  1712.  2372.  2575.  3407.  2882.  3332.  3572.]
[ 1994.  4450.  4555.  1903.  3089.  2717.  2754.  5076.  3446.  4087.
  2814.  3263.  1712.  2372.  2575.  3407.  2882.  3332.  3572.]
Time spent clustering :  6762.01201296
medians_kplusplus_cluster19
Digit: 0  Purity: 69.6% SD: 1898.0  Count: 5440
Digit: 1  Purity: 77.2% SD: 1223.1  Count: 8478
Digit: 2  Purity: 89.5% SD: 1930.3  Count: 4620
Digit: 3  Purity: 57.6% SD: 1854.7  Count: 7830
Digit: 4  Purity: 52.1% SD: 1732.8  Count: 8642
Digit: 5  Purity: 40.5% SD: 1860.1  Count: 4975
Digit: 6  Purity: 83.0% SD: 1751.1  Count: 6214
Digit: 7  Purity: 73.5% SD: 1605.7  Count: 5779
Digit: 8  Purity: 76.9% SD: 1791.5  Count: 4450
Digit: 9  Purity: 32.4% SD: 1586.5  Count: 3572
Our accuracy in predicting test data for k = 19 was 65.9065906591 %
Time spent testing :  27.6912209988
