17 medians kplusplus 100
0 [ 1170.  1980.  4883.  4405.  2560.  3858.  1872.  2394.  5352.  4986.
  1809.  5337.  2177.  2646.  7766.  2203.  4602.]
1 [ 1405.  2007.  4891.  4302.  3211.  4410.  1655.  2233.  5666.  4958.
  1590.  4750.  2115.  3031.  6510.  2650.  4616.]
2 [ 1555.  1868.  4874.  4336.  3727.  4612.  1588.  2181.  5638.  4640.
  1671.  4511.  2005.  3284.  5562.  3169.  4779.]
3 [ 1694.  1707.  4812.  4497.  4134.  4700.  1604.  2106.  5389.  4288.
  1798.  4348.  1950.  3480.  4876.  3692.  4925.]
4 [ 1783.  1607.  4688.  4884.  4551.  4761.  1652.  2045.  4735.  4080.
  1920.  4239.  2007.  3637.  4498.  3908.  5005.]
5 [ 1867.  1565.  4497.  5256.  4964.  4899.  1700.  2014.  3658.  4004.
  2025.  4231.  2082.  3752.  4442.  4003.  5041.]
6 [ 1926.  1575.  4145.  5502.  5284.  5039.  1754.  1994.  2620.  3995.
  2114.  4393.  2126.  3844.  4539.  4031.  5119.]
7 [ 1976.  1608.  3875.  5702.  5517.  5087.  1771.  1990.  1901.  4064.
  2186.  4544.  2127.  3864.  4538.  4049.  5201.]
8 [ 2003.  1630.  3634.  5887.  5633.  5024.  1789.  1995.  1746.  4120.
  2242.  4670.  2086.  3835.  4436.  4072.  5198.]
9 [ 2029.  1655.  3443.  6022.  5734.  4885.  1784.  1991.  1671.  4176.
  2299.  4775.  2035.  3834.  4351.  4120.  5196.]
10 [ 2042.  1682.  3296.  6095.  5837.  4786.  1781.  1991.  1586.  4247.
  2333.  4861.  2007.  3835.  4263.  4180.  5178.]
11 [ 2050.  1710.  3160.  6173.  5911.  4730.  1792.  1991.  1488.  4294.
  2344.  4941.  1981.  3839.  4196.  4243.  5157.]
12 [ 2063.  1748.  3062.  6238.  6007.  4699.  1797.  1994.  1396.  4314.
  2329.  4977.  2003.  3859.  4155.  4237.  5122.]
13 [ 2071.  1778.  2978.  6293.  6073.  4702.  1802.  1994.  1292.  4327.
  2309.  4989.  2022.  3890.  4119.  4284.  5077.]
14 [ 2086.  1806.  2894.  6307.  6112.  4778.  1798.  1996.  1175.  4320.
  2293.  5032.  2079.  3922.  4107.  4297.  4998.]
15 [ 2092.  1833.  2838.  6299.  6188.  4892.  1799.  1999.  1043.  4317.
  2284.  5053.  2170.  3932.  4114.  4228.  4919.]
16 [ 2096.  1855.  2760.  6288.  6234.  5070.  1795.  2000.   929.  4312.
  2273.  5081.  2296.  3936.  4131.  4085.  4859.]
17 [ 2100.  1873.  2706.  6294.  6261.  5219.  1786.  1993.   823.  4316.
  2279.  5111.  2435.  3946.  4178.  3881.  4799.]
18 [ 2100.  1894.  2636.  6290.  6291.  5410.  1784.  1992.   751.  4332.
  2288.  5149.  2601.  3946.  4228.  3559.  4749.]
19 [ 2097.  1913.  2592.  6307.  6308.  5597.  1780.  1991.   714.  4352.
  2284.  5162.  2795.  3945.  4269.  3172.  4722.]
20 [ 2094.  1925.  2558.  6299.  6340.  5748.  1784.  1984.   757.  4375.
  2310.  5169.  2944.  3950.  4305.  2756.  4702.]
21 [ 2094.  1935.  2552.  6270.  6367.  5869.  1781.  1982.   848.  4407.
  2323.  5121.  3104.  3952.  4309.  2413.  4673.]
22 [ 2092.  1950.  2557.  6238.  6371.  5954.  1777.  1979.   927.  4434.
  2335.  5039.  3263.  3955.  4282.  2186.  4661.]
23 [ 2090.  1963.  2555.  6209.  6376.  5963.  1777.  1972.   994.  4449.
  2368.  4989.  3406.  3957.  4252.  2041.  4639.]
24 [ 2089.  1987.  2559.  6155.  6385.  5957.  1782.  1970.  1045.  4461.
  2397.  4940.  3546.  3963.  4219.  1914.  4631.]
25 [ 2090.  2014.  2566.  6118.  6381.  5959.  1783.  1964.  1072.  4463.
  2452.  4890.  3702.  3954.  4180.  1788.  4624.]
26 [ 2092.  2044.  2562.  6066.  6375.  5954.  1785.  1968.  1075.  4472.
  2525.  4851.  3791.  3954.  4161.  1692.  4633.]
27 [ 2095.  2088.  2557.  6062.  6369.  5933.  1791.  1972.  1082.  4480.
  2612.  4836.  3799.  3946.  4141.  1611.  4626.]
28 [ 2098.  2138.  2555.  6030.  6356.  5923.  1801.  1980.  1092.  4485.
  2712.  4818.  3783.  3937.  4125.  1535.  4632.]
29 [ 2109.  2199.  2562.  6016.  6357.  5900.  1810.  1974.  1082.  4481.
  2788.  4785.  3756.  3936.  4115.  1484.  4646.]
30 [ 2114.  2253.  2561.  6018.  6356.  5894.  1813.  1982.  1080.  4470.
  2841.  4765.  3724.  3931.  4107.  1446.  4645.]
31 [ 2117.  2296.  2568.  6016.  6358.  5909.  1822.  1990.  1085.  4462.
  2880.  4741.  3689.  3927.  4101.  1388.  4651.]
32 [ 2123.  2327.  2574.  6008.  6369.  5898.  1826.  1990.  1120.  4456.
  2911.  4732.  3662.  3920.  4100.  1327.  4657.]
33 [ 2126.  2365.  2589.  6009.  6363.  5880.  1826.  1991.  1150.  4450.
  2932.  4723.  3649.  3916.  4088.  1288.  4655.]
34 [ 2130.  2392.  2587.  6005.  6370.  5884.  1826.  1990.  1173.  4443.
  2952.  4710.  3633.  3913.  4081.  1258.  4653.]
35 [ 2133.  2404.  2597.  5999.  6376.  5878.  1828.  1996.  1190.  4435.
  2967.  4703.  3591.  3913.  4083.  1256.  4651.]
36 [ 2137.  2420.  2599.  5989.  6390.  5873.  1826.  1997.  1184.  4425.
  2962.  4701.  3571.  3915.  4085.  1276.  4650.]
37 [ 2140.  2446.  2594.  5980.  6407.  5879.  1823.  1996.  1182.  4407.
  2955.  4692.  3546.  3909.  4080.  1319.  4645.]
38 [ 2142.  2452.  2593.  5975.  6409.  5868.  1823.  2000.  1175.  4386.
  2960.  4684.  3529.  3912.  4074.  1370.  4648.]
39 [ 2144.  2473.  2592.  5972.  6411.  5862.  1822.  2003.  1153.  4349.
  2962.  4686.  3505.  3912.  4062.  1449.  4643.]
40 [ 2149.  2484.  2592.  5973.  6415.  5840.  1822.  2005.  1142.  4320.
  2968.  4685.  3508.  3911.  4055.  1495.  4636.]
41 [ 2151.  2487.  2596.  5973.  6416.  5822.  1822.  2008.  1108.  4296.
  2984.  4686.  3501.  3910.  4046.  1553.  4641.]
42 [ 2154.  2500.  2596.  5979.  6424.  5805.  1821.  2010.  1072.  4275.
  2979.  4691.  3508.  3911.  4036.  1602.  4637.]
43 [ 2156.  2506.  2598.  5983.  6426.  5788.  1820.  2010.  1016.  4254.
  2983.  4695.  3506.  3907.  4020.  1684.  4648.]
44 [ 2158.  2521.  2602.  5987.  6420.  5765.  1820.  2008.   969.  4239.
  2978.  4693.  3518.  3907.  4013.  1751.  4651.]
45 [ 2159.  2530.  2601.  5990.  6418.  5749.  1818.  2009.   932.  4222.
  2982.  4693.  3517.  3904.  4006.  1822.  4648.]
46 [ 2160.  2536.  2605.  5995.  6424.  5731.  1817.  2007.   905.  4217.
  2986.  4688.  3505.  3900.  4006.  1876.  4642.]
47 [ 2160.  2539.  2609.  5996.  6432.  5702.  1815.  2007.   893.  4215.
  2991.  4694.  3496.  3896.  4009.  1916.  4630.]
48 [ 2160.  2548.  2618.  5989.  6432.  5685.  1816.  2007.   872.  4220.
  2986.  4699.  3479.  3894.  4013.  1974.  4608.]
49 [ 2159.  2553.  2622.  5989.  6434.  5663.  1816.  2008.   849.  4232.
  2988.  4697.  3470.  3890.  4019.  2024.  4587.]
50 [ 2159.  2555.  2619.  5987.  6446.  5657.  1817.  2007.   836.  4244.
  2990.  4695.  3455.  3890.  4022.  2047.  4574.]
51 [ 2159.  2553.  2618.  5986.  6453.  5659.  1816.  2006.   844.  4248.
  2995.  4695.  3452.  3890.  4026.  2040.  4560.]
52 [ 2160.  2557.  2616.  5985.  6457.  5654.  1815.  2006.   832.  4256.
  2995.  4686.  3451.  3890.  4029.  2056.  4555.]
53 [ 2161.  2558.  2610.  5983.  6457.  5654.  1815.  2006.   838.  4270.
  2995.  4677.  3449.  3889.  4033.  2068.  4537.]
54 [ 2161.  2553.  2611.  5985.  6465.  5653.  1814.  2005.   840.  4279.
  2996.  4672.  3446.  3883.  4039.  2077.  4521.]
55 [ 2161.  2550.  2618.  5994.  6460.  5644.  1814.  2005.   827.  4286.
  2999.  4667.  3437.  3883.  4041.  2109.  4505.]
56 [ 2160.  2550.  2617.  5996.  6459.  5639.  1815.  2006.   830.  4292.
  2999.  4663.  3437.  3882.  4039.  2122.  4494.]
57 [ 2159.  2548.  2620.  6006.  6456.  5633.  1814.  2006.   841.  4295.
  3002.  4663.  3434.  3879.  4038.  2123.  4483.]
58 [ 2159.  2547.  2619.  6008.  6450.  5628.  1813.  2006.   845.  4295.
  3009.  4664.  3425.  3878.  4036.  2145.  4473.]
59 [ 2158.  2547.  2617.  6013.  6449.  5615.  1813.  2006.   850.  4298.
  3015.  4659.  3413.  3875.  4037.  2170.  4465.]
60 [ 2158.  2548.  2627.  6009.  6448.  5601.  1813.  2006.   853.  4305.
  3015.  4655.  3406.  3875.  4038.  2180.  4463.]
61 [ 2158.  2550.  2636.  6005.  6448.  5587.  1813.  2006.   859.  4310.
  3016.  4649.  3402.  3873.  4041.  2182.  4465.]
62 [ 2158.  2551.  2643.  6009.  6446.  5576.  1813.  2005.   865.  4311.
  3017.  4646.  3399.  3871.  4042.  2185.  4463.]
63 [ 2158.  2553.  2649.  6009.  6446.  5565.  1813.  2005.   871.  4313.
  3018.  4640.  3397.  3871.  4043.  2189.  4460.]
64 [ 2157.  2555.  2651.  6011.  6441.  5563.  1812.  2006.   874.  4314.
  3017.  4634.  3398.  3871.  4044.  2193.  4459.]
65 [ 2157.  2555.  2654.  6014.  6438.  5557.  1812.  2006.   875.  4314.
  3017.  4632.  3396.  3872.  4046.  2195.  4460.]
66 [ 2158.  2555.  2654.  6018.  6434.  5555.  1811.  2006.   875.  4312.
  3017.  4628.  3397.  3873.  4045.  2205.  4457.]
67 [ 2158.  2555.  2656.  6017.  6433.  5553.  1811.  2006.   877.  4313.
  3017.  4624.  3398.  3872.  4048.  2204.  4458.]
68 [ 2158.  2556.  2655.  6014.  6429.  5556.  1812.  2006.   879.  4313.
  3017.  4623.  3396.  3870.  4048.  2211.  4457.]
69 [ 2158.  2556.  2655.  6015.  6427.  5553.  1812.  2006.   883.  4314.
  3017.  4623.  3395.  3872.  4047.  2211.  4456.]
70 [ 2157.  2555.  2655.  6019.  6422.  5551.  1813.  2006.   885.  4316.
  3017.  4624.  3393.  3874.  4048.  2214.  4451.]
71 [ 2157.  2556.  2656.  6028.  6418.  5549.  1811.  2006.   885.  4317.
  3016.  4623.  3387.  3876.  4049.  2221.  4445.]
72 [ 2157.  2556.  2653.  6029.  6416.  5548.  1811.  2006.   882.  4317.
  3015.  4617.  3387.  3878.  4050.  2234.  4444.]
73 [ 2157.  2558.  2653.  6030.  6416.  5545.  1810.  2006.   885.  4317.
  3014.  4617.  3386.  3876.  4052.  2238.  4440.]
74 [ 2156.  2559.  2652.  6037.  6411.  5541.  1810.  2005.   886.  4316.
  3016.  4619.  3386.  3875.  4051.  2242.  4438.]
75 [ 2156.  2560.  2653.  6037.  6410.  5543.  1810.  2005.   887.  4314.
  3020.  4621.  3379.  3875.  4052.  2245.  4433.]
76 [ 2156.  2560.  2654.  6038.  6410.  5545.  1810.  2005.   887.  4314.
  3023.  4619.  3378.  3875.  4052.  2245.  4429.]
77 [ 2156.  2560.  2654.  6040.  6411.  5545.  1810.  2005.   887.  4314.
  3027.  4617.  3373.  3874.  4051.  2248.  4428.]
78 [ 2156.  2561.  2654.  6039.  6410.  5545.  1810.  2004.   886.  4315.
  3030.  4616.  3373.  3873.  4051.  2248.  4429.]
79 [ 2156.  2563.  2655.  6040.  6408.  5542.  1810.  2002.   886.  4315.
  3033.  4613.  3374.  3874.  4051.  2251.  4427.]
80 [ 2156.  2565.  2658.  6042.  6408.  5539.  1810.  2002.   886.  4314.
  3038.  4613.  3371.  3874.  4051.  2253.  4420.]
81 [ 2156.  2569.  2667.  6046.  6409.  5531.  1810.  2002.   884.  4315.
  3044.  4609.  3364.  3873.  4052.  2257.  4412.]
82 [ 2156.  2573.  2670.  6048.  6408.  5532.  1810.  2001.   883.  4313.
  3044.  4606.  3365.  3872.  4053.  2260.  4406.]
83 [ 2156.  2572.  2671.  6047.  6409.  5535.  1810.  2000.   884.  4312.
  3050.  4604.  3358.  3871.  4054.  2266.  4401.]
84 [ 2156.  2573.  2672.  6046.  6409.  5537.  1810.  2000.   886.  4312.
  3052.  4598.  3351.  3870.  4057.  2269.  4402.]
85 [ 2155.  2573.  2678.  6046.  6410.  5528.  1810.  1998.   891.  4313.
  3052.  4595.  3346.  3869.  4058.  2272.  4406.]
86 [ 2155.  2573.  2683.  6045.  6412.  5513.  1810.  1997.   888.  4315.
  3054.  4593.  3338.  3869.  4057.  2289.  4409.]
87 [ 2155.  2573.  2685.  6042.  6414.  5511.  1810.  1996.   884.  4317.
  3054.  4590.  3334.  3868.  4060.  2296.  4411.]
88 [ 2155.  2575.  2689.  6038.  6416.  5513.  1810.  1995.   882.  4317.
  3052.  4584.  3324.  3867.  4060.  2319.  4404.]
89 [ 2155.  2576.  2694.  6037.  6417.  5503.  1810.  1995.   884.  4319.
  3054.  4582.  3318.  3868.  4063.  2323.  4402.]
90 [ 2155.  2576.  2695.  6037.  6417.  5500.  1810.  1995.   889.  4319.
  3053.  4578.  3318.  3869.  4066.  2326.  4397.]
91 [ 2155.  2578.  2693.  6036.  6419.  5494.  1812.  1994.   892.  4319.
  3050.  4576.  3313.  3869.  4064.  2332.  4404.]
92 [ 2155.  2578.  2695.  6035.  6421.  5489.  1812.  1994.   892.  4319.
  3050.  4574.  3309.  3868.  4065.  2334.  4410.]
93 [ 2155.  2580.  2696.  6034.  6421.  5493.  1813.  1994.   892.  4319.
  3051.  4573.  3308.  3869.  4065.  2335.  4402.]
94 [ 2155.  2583.  2697.  6034.  6421.  5498.  1813.  1994.   893.  4319.
  3051.  4570.  3306.  3869.  4065.  2335.  4397.]
95 [ 2155.  2584.  2698.  6034.  6421.  5502.  1813.  1995.   895.  4319.
  3052.  4568.  3305.  3868.  4064.  2335.  4392.]
96 [ 2155.  2585.  2698.  6034.  6422.  5505.  1813.  1995.   896.  4320.
  3051.  4566.  3302.  3868.  4064.  2335.  4391.]
97 [ 2155.  2585.  2698.  6034.  6422.  5504.  1814.  1995.   898.  4320.
  3051.  4566.  3302.  3868.  4064.  2334.  4390.]
98 [ 2155.  2585.  2698.  6034.  6422.  5502.  1814.  1995.   897.  4320.
  3052.  4566.  3301.  3868.  4064.  2335.  4392.]
99 [ 2155.  2586.  2698.  6034.  6422.  5502.  1814.  1995.   897.  4320.
  3052.  4566.  3300.  3868.  4064.  2336.  4391.]
100 [ 2155.  2587.  2698.  6034.  6422.  5502.  1814.  1995.   898.  4320.
  3052.  4567.  3299.  3868.  4064.  2337.  4388.]
101 [ 2155.  2589.  2698.  6034.  6422.  5503.  1814.  1995.   898.  4320.
  3052.  4566.  3298.  3866.  4064.  2339.  4387.]
102 [ 2155.  2589.  2698.  6034.  6422.  5505.  1814.  1995.   896.  4320.
  3053.  4564.  3297.  3866.  4067.  2338.  4387.]
103 [ 2155.  2589.  2698.  6034.  6423.  5506.  1814.  1995.   895.  4320.
  3054.  4563.  3295.  3866.  4068.  2338.  4387.]
104 [ 2155.  2589.  2698.  6034.  6423.  5506.  1814.  1995.   894.  4321.
  3054.  4563.  3294.  3866.  4068.  2339.  4387.]
105 [ 2155.  2589.  2698.  6033.  6423.  5506.  1814.  1995.   894.  4322.
  3053.  4563.  3295.  3866.  4068.  2339.  4387.]
106 [ 2155.  2589.  2698.  6033.  6423.  5506.  1814.  1995.   894.  4321.
  3054.  4563.  3296.  3866.  4068.  2338.  4387.]
107 [ 2155.  2589.  2699.  6033.  6423.  5506.  1814.  1995.   895.  4320.
  3054.  4563.  3295.  3866.  4068.  2338.  4387.]
108 [ 2155.  2589.  2700.  6033.  6423.  5506.  1814.  1995.   895.  4320.
  3053.  4563.  3295.  3866.  4068.  2338.  4387.]
109 [ 2155.  2589.  2701.  6033.  6423.  5506.  1814.  1996.   895.  4320.
  3053.  4564.  3291.  3866.  4068.  2339.  4387.]
110 [ 2155.  2589.  2701.  6034.  6423.  5509.  1814.  1996.   895.  4319.
  3053.  4562.  3291.  3866.  4068.  2338.  4387.]
111 [ 2155.  2589.  2702.  6033.  6422.  5511.  1814.  1996.   896.  4319.
  3054.  4559.  3290.  3866.  4068.  2339.  4387.]
112 [ 2155.  2589.  2702.  6033.  6422.  5514.  1814.  1996.   896.  4318.
  3054.  4557.  3290.  3866.  4068.  2339.  4387.]
113 [ 2155.  2589.  2702.  6034.  6422.  5516.  1814.  1996.   896.  4318.
  3054.  4556.  3288.  3866.  4068.  2339.  4387.]
114 [ 2155.  2589.  2702.  6035.  6422.  5518.  1814.  1996.   897.  4318.
  3054.  4554.  3287.  3866.  4068.  2338.  4387.]
115 [ 2155.  2589.  2702.  6037.  6421.  5520.  1814.  1996.   896.  4318.
  3054.  4551.  3285.  3866.  4068.  2341.  4387.]
116 [ 2155.  2589.  2702.  6037.  6421.  5520.  1814.  1996.   896.  4318.
  3054.  4551.  3284.  3866.  4070.  2341.  4386.]
117 [ 2155.  2589.  2702.  6037.  6421.  5522.  1814.  1996.   896.  4318.
  3054.  4550.  3283.  3866.  4070.  2340.  4387.]
118 [ 2155.  2590.  2702.  6037.  6421.  5524.  1814.  1996.   894.  4318.
  3054.  4548.  3282.  3866.  4070.  2343.  4386.]
119 [ 2155.  2591.  2702.  6037.  6421.  5525.  1814.  1996.   892.  4318.
  3054.  4548.  3282.  3866.  4069.  2344.  4386.]
120 [ 2155.  2591.  2702.  6037.  6421.  5525.  1814.  1996.   893.  4319.
  3054.  4548.  3282.  3867.  4069.  2341.  4386.]
121 [ 2155.  2591.  2702.  6037.  6421.  5524.  1814.  1996.   893.  4319.
  3054.  4548.  3282.  3867.  4069.  2342.  4386.]
122 [ 2155.  2591.  2703.  6037.  6421.  5523.  1814.  1996.   893.  4319.
  3054.  4548.  3282.  3867.  4069.  2342.  4386.]
[ 2155.  2591.  2703.  6037.  6421.  5523.  1814.  1996.   893.  4319.
  3054.  4548.  3282.  3867.  4069.  2342.  4386.]
Time spent clustering :  8103.76429701
medians_kplusplus_cluster17
Digit: 0  Purity: 87.4% SD: 1821.5  Count: 5965
Digit: 1  Purity: 76.0% SD: 1297.1  Count: 8388
Digit: 2  Purity: 89.6% SD: 1986.0  Count: 3867
Digit: 3  Purity: 56.5% SD: 1898.9  Count: 6421
Digit: 4  Purity: 43.9% SD: 1805.0  Count: 6728
Digit: 5  Purity: 42.2% SD: 1814.5  Count: 4175
Digit: 6  Purity: 86.0% SD: 1746.8  Count: 5645
Digit: 7  Purity: 66.5% SD: 1636.9  Count: 7251
Digit: 8  Purity: 57.1% SD: 1845.6  Count: 6037
Digit: 9  Purity: 45.8% SD: 1634.2  Count: 5523
Our accuracy in predicting test data for k = 17 was 65.5065506551 %
Time spent testing :  22.565915823
