25 medians kplusplus 100
0 [ 3321.  1232.  1542.  1975.  1657.  2110.  2134.  2049.   846.  2829.
  2708.  1549.  1375.  1954.  4105.  3499.   520.  2988.  2487.  4169.
  1747.  3108.  4975.  1602.  3519.]
1 [ 2474.  1410.  1474.  1809.  1948.  2010.  2077.  2484.  1195.  3633.
  2746.  1650.  1582.  2007.  3629.  2745.   770.  3184.  2326.  4032.
  2103.  3256.  4265.  1959.  3232.]
2 [ 2014.  1506.  1389.  1854.  2276.  1956.  2308.  2650.  1384.  3681.
  2706.  1716.  1714.  2015.  3252.  2408.   930.  3396.  2216.  3898.
  2334.  3277.  4101.  1973.  3046.]
3 [ 1839.  1578.  1363.  1894.  2347.  1929.  2614.  2824.  1515.  3619.
  2703.  1736.  1794.  1983.  2921.  2197.  1043.  3490.  2194.  3782.
  2497.  3186.  4022.  2004.  2926.]
4 [ 1816.  1625.  1374.  1849.  2326.  1919.  2878.  2972.  1615.  3533.
  2686.  1721.  1851.  1983.  2732.  2086.  1158.  3505.  2202.  3689.
  2652.  3104.  3968.  2041.  2715.]
5 [ 1825.  1647.  1379.  1786.  2287.  1901.  3026.  3019.  1718.  3430.
  2670.  1704.  1880.  2017.  2626.  2051.  1261.  3516.  2212.  3602.
  2811.  3073.  3905.  2075.  2579.]
6 [ 1864.  1667.  1382.  1752.  2231.  1880.  3069.  3040.  1805.  3373.
  2679.  1683.  1907.  2032.  2545.  2060.  1362.  3516.  2218.  3530.
  2963.  3053.  3848.  2068.  2473.]
7 [ 1899.  1691.  1389.  1713.  2184.  1855.  2972.  3055.  1896.  3398.
  2701.  1656.  1910.  2033.  2545.  2091.  1463.  3534.  2225.  3488.
  3075.  3046.  3790.  2010.  2381.]
8 [ 1926.  1713.  1390.  1698.  2164.  1838.  2819.  3048.  1983.  3442.
  2715.  1617.  1925.  2024.  2540.  2112.  1564.  3580.  2236.  3451.
  3178.  3033.  3767.  1910.  2327.]
9 [ 1946.  1729.  1464.  1686.  2158.  1819.  2681.  3065.  2054.  3491.
  2750.  1552.  1937.  2021.  2543.  2107.  1654.  3635.  2248.  3418.
  3267.  3041.  3763.  1743.  2228.]
10 [ 1977.  1724.  1562.  1667.  2153.  1786.  2539.  3057.  2125.  3571.
  2781.  1473.  1967.  1991.  2543.  2118.  1759.  3676.  2258.  3381.
  3331.  3047.  3762.  1584.  2168.]
11 [ 1985.  1695.  1589.  1674.  2151.  1748.  2449.  3031.  2218.  3660.
  2823.  1404.  1998.  1957.  2550.  2133.  1864.  3693.  2267.  3337.
  3392.  3052.  3766.  1450.  2114.]
12 [ 1994.  1659.  1519.  1678.  2148.  1707.  2401.  3026.  2304.  3699.
  2852.  1395.  2019.  1975.  2592.  2145.  1940.  3706.  2306.  3311.
  3425.  3066.  3780.  1271.  2082.]
13 [ 1994.  1639.  1470.  1675.  2155.  1675.  2364.  3019.  2345.  3723.
  2885.  1385.  2020.  2030.  2656.  2162.  2003.  3712.  2343.  3301.
  3435.  3084.  3786.  1073.  2066.]
14 [ 2000.  1615.  1468.  1692.  2152.  1644.  2272.  3006.  2368.  3720.
  2878.  1391.  2019.  2094.  2752.  2181.  2046.  3715.  2369.  3301.
  3431.  3109.  3791.   913.  2073.]
15 [ 2013.  1595.  1475.  1727.  2160.  1625.  2006.  3019.  2385.  3738.
  2889.  1387.  1998.  2164.  2865.  2208.  2080.  3704.  2388.  3308.
  3438.  3125.  3776.   852.  2075.]
16 [ 2031.  1590.  1502.  1758.  2158.  1600.  1709.  3028.  2389.  3748.
  2912.  1388.  1985.  2223.  2952.  2224.  2099.  3665.  2403.  3274.
  3452.  3133.  3756.   946.  2075.]
17 [ 2040.  1584.  1516.  1776.  2161.  1593.  1447.  3043.  2379.  3746.
  2915.  1391.  1986.  2249.  3025.  2239.  2088.  3618.  2410.  3248.
  3455.  3133.  3721.  1156.  2081.]
18 [ 2054.  1572.  1521.  1794.  2155.  1600.  1325.  3038.  2381.  3728.
  2922.  1382.  1983.  2244.  3068.  2241.  2086.  3576.  2418.  3227.
  3454.  3139.  3686.  1318.  2088.]
19 [ 2063.  1560.  1519.  1803.  2155.  1608.  1249.  3041.  2385.  3724.
  2920.  1390.  1973.  2251.  3098.  2248.  2078.  3529.  2429.  3219.
  3455.  3139.  3653.  1421.  2090.]
20 [ 2058.  1556.  1518.  1815.  2145.  1608.  1165.  3036.  2397.  3717.
  2937.  1394.  1967.  2277.  3127.  2238.  2073.  3499.  2445.  3215.
  3452.  3143.  3632.  1490.  2096.]
21 [ 2062.  1562.  1511.  1829.  2142.  1607.  1111.  3039.  2403.  3727.
  2937.  1389.  1962.  2301.  3144.  2234.  2071.  3464.  2457.  3206.
  3451.  3142.  3618.  1525.  2106.]
22 [ 2067.  1568.  1508.  1842.  2144.  1610.  1042.  3041.  2410.  3722.
  2950.  1392.  1948.  2329.  3144.  2232.  2066.  3433.  2472.  3200.
  3446.  3135.  3605.  1580.  2114.]
23 [ 2082.  1570.  1511.  1847.  2145.  1610.  1011.  3036.  2414.  3707.
  2952.  1393.  1937.  2346.  3149.  2227.  2074.  3412.  2477.  3201.
  3443.  3131.  3598.  1598.  2129.]
24 [ 2095.  1573.  1514.  1856.  2146.  1602.   988.  3036.  2417.  3688.
  2954.  1396.  1929.  2359.  3162.  2216.  2078.  3396.  2478.  3209.
  3445.  3127.  3589.  1611.  2136.]
25 [ 2104.  1571.  1517.  1860.  2143.  1609.   983.  3034.  2418.  3672.
  2954.  1379.  1928.  2368.  3172.  2215.  2082.  3380.  2486.  3208.
  3445.  3125.  3584.  1624.  2139.]
26 [ 2106.  1581.  1512.  1862.  2148.  1612.   980.  3036.  2417.  3647.
  2953.  1373.  1919.  2386.  3180.  2213.  2082.  3365.  2488.  3215.
  3440.  3122.  3581.  1636.  2146.]
27 [ 2117.  1591.  1512.  1865.  2148.  1626.   980.  3035.  2420.  3623.
  2960.  1355.  1916.  2392.  3190.  2210.  2087.  3355.  2488.  3212.
  3442.  3120.  3570.  1636.  2150.]
28 [ 2121.  1596.  1519.  1864.  2150.  1628.   981.  3035.  2423.  3599.
  2960.  1345.  1911.  2408.  3196.  2209.  2094.  3342.  2493.  3202.
  3447.  3118.  3570.  1641.  2148.]
29 [ 2110.  1603.  1531.  1866.  2157.  1630.   979.  3035.  2431.  3581.
  2959.  1332.  1906.  2424.  3200.  2211.  2103.  3339.  2486.  3193.
  3449.  3116.  3567.  1644.  2148.]
30 [ 2111.  1602.  1534.  1869.  2160.  1645.   985.  3034.  2432.  3548.
  2963.  1315.  1905.  2438.  3213.  2214.  2107.  3332.  2486.  3176.
  3454.  3113.  3567.  1644.  2153.]
31 [ 2114.  1606.  1538.  1874.  2165.  1642.   992.  3039.  2432.  3506.
  2971.  1310.  1901.  2451.  3237.  2207.  2120.  3325.  2486.  3160.
  3453.  3103.  3566.  1647.  2155.]
32 [ 2115.  1610.  1536.  1873.  2167.  1642.   988.  3040.  2432.  3480.
  2975.  1308.  1889.  2472.  3259.  2203.  2148.  3311.  2484.  3141.
  3458.  3102.  3568.  1643.  2156.]
33 [ 2116.  1610.  1526.  1879.  2166.  1648.   994.  3041.  2428.  3465.
  2987.  1303.  1881.  2490.  3276.  2197.  2191.  3307.  2483.  3101.
  3459.  3099.  3567.  1629.  2157.]
34 [ 2123.  1613.  1524.  1878.  2167.  1655.  1004.  3041.  2431.  3434.
  3003.  1300.  1871.  2486.  3301.  2194.  2247.  3303.  2482.  3045.
  3458.  3097.  3567.  1618.  2158.]
35 [ 2136.  1613.  1521.  1874.  2174.  1655.  1012.  3041.  2433.  3377.
  3016.  1304.  1859.  2462.  3337.  2194.  2325.  3294.  2485.  2980.
  3459.  3094.  3574.  1618.  2163.]
36 [ 2144.  1616.  1512.  1875.  2180.  1654.  1013.  3046.  2439.  3338.
  3053.  1300.  1849.  2439.  3377.  2199.  2413.  3284.  2484.  2868.
  3461.  3096.  3574.  1624.  2162.]
37 [ 2152.  1613.  1505.  1881.  2180.  1659.  1027.  3051.  2440.  3274.
  3106.  1297.  1847.  2368.  3419.  2207.  2523.  3269.  2483.  2773.
  3469.  3095.  3573.  1633.  2156.]
38 [ 2166.  1617.  1497.  1891.  2196.  1658.  1033.  3045.  2439.  3218.
  3120.  1291.  1844.  2286.  3451.  2212.  2629.  3254.  2480.  2719.
  3482.  3094.  3578.  1649.  2151.]
39 [ 2174.  1622.  1485.  1891.  2201.  1658.  1043.  3039.  2436.  3167.
  3119.  1277.  1849.  2237.  3465.  2221.  2730.  3234.  2482.  2709.
  3484.  3089.  3580.  1660.  2148.]
40 [ 2180.  1627.  1477.  1892.  2201.  1656.  1051.  3036.  2434.  3102.
  3115.  1271.  1855.  2216.  3465.  2223.  2795.  3213.  2486.  2739.
  3477.  3086.  3577.  1677.  2149.]
41 [ 2174.  1631.  1480.  1885.  2204.  1658.  1066.  3037.  2428.  3047.
  3120.  1260.  1863.  2204.  3466.  2219.  2840.  3198.  2487.  2769.
  3476.  3087.  3579.  1671.  2151.]
42 [ 2169.  1637.  1485.  1881.  2208.  1656.  1062.  3031.  2429.  3005.
  3116.  1253.  1856.  2209.  3477.  2220.  2857.  3160.  2487.  2790.
  3472.  3083.  3580.  1716.  2161.]
43 [ 2169.  1649.  1485.  1885.  2204.  1652.  1086.  3035.  2426.  2963.
  3110.  1248.  1852.  2216.  3485.  2218.  2876.  3148.  2490.  2813.
  3467.  3083.  3578.  1693.  2169.]
44 [ 2163.  1654.  1487.  1882.  2202.  1649.  1114.  3046.  2424.  2951.
  3112.  1245.  1845.  2227.  3492.  2225.  2887.  3106.  2489.  2823.
  3460.  3079.  3575.  1696.  2167.]
45 [ 2155.  1657.  1490.  1881.  2200.  1648.  1147.  3050.  2423.  2942.
  3105.  1242.  1827.  2250.  3494.  2235.  2901.  3033.  2488.  2828.
  3452.  3077.  3546.  1760.  2169.]
46 [ 2151.  1659.  1491.  1876.  2197.  1648.  1164.  3065.  2416.  2973.
  3103.  1238.  1808.  2286.  3502.  2247.  2920.  2898.  2487.  2824.
  3450.  3074.  3501.  1851.  2171.]
47 [ 2144.  1661.  1491.  1873.  2195.  1645.  1148.  3086.  2412.  3046.
  3098.  1234.  1793.  2327.  3517.  2255.  2938.  2757.  2480.  2825.
  3453.  3077.  3404.  1965.  2176.]
48 [ 2141.  1663.  1492.  1872.  2192.  1642.  1138.  3097.  2425.  3117.
  3094.  1237.  1800.  2360.  3524.  2262.  2969.  2706.  2483.  2830.
  3451.  3083.  3274.  1970.  2178.]
49 [ 2157.  1663.  1495.  1872.  2187.  1645.  1083.  3112.  2437.  3211.
  3093.  1242.  1812.  2388.  3523.  2265.  2982.  2722.  2485.  2823.
  3467.  3082.  3124.  1952.  2178.]
50 [ 2161.  1664.  1496.  1869.  2185.  1646.  1014.  3114.  2450.  3303.
  3100.  1245.  1828.  2407.  3506.  2261.  2983.  2799.  2486.  2829.
  3473.  3078.  2963.  1963.  2177.]
51 [ 2169.  1665.  1496.  1870.  2188.  1647.   945.  3106.  2452.  3380.
  3106.  1249.  1839.  2424.  3496.  2252.  2983.  2866.  2484.  2840.
  3473.  3080.  2806.  2006.  2178.]
52 [ 2174.  1667.  1499.  1870.  2189.  1650.   877.  3098.  2453.  3415.
  3113.  1249.  1849.  2438.  3493.  2246.  2981.  2892.  2482.  2858.
  3476.  3078.  2710.  2062.  2181.]
53 [ 2188.  1668.  1499.  1871.  2195.  1651.   806.  3097.  2445.  3412.
  3117.  1254.  1859.  2444.  3480.  2242.  2982.  2894.  2489.  2890.
  3477.  3075.  2654.  2121.  2190.]
54 [ 2208.  1668.  1500.  1872.  2196.  1651.   750.  3096.  2446.  3331.
  3131.  1258.  1869.  2455.  3475.  2245.  2980.  2884.  2493.  2925.
  3481.  3074.  2626.  2176.  2210.]
55 [ 2228.  1669.  1499.  1872.  2200.  1651.   706.  3108.  2445.  3238.
  3143.  1263.  1871.  2462.  3470.  2244.  2979.  2891.  2502.  2960.
  3479.  3071.  2589.  2235.  2225.]
56 [ 2251.  1669.  1501.  1879.  2206.  1652.   663.  3122.  2444.  3104.
  3154.  1266.  1871.  2465.  3476.  2250.  2978.  2879.  2503.  2981.
  3479.  3072.  2595.  2296.  2244.]
57 [ 2268.  1670.  1499.  1879.  2218.  1652.   650.  3138.  2446.  2955.
  3159.  1265.  1871.  2468.  3488.  2257.  2974.  2882.  2506.  3013.
  3480.  3071.  2594.  2338.  2259.]
58 [ 2294.  1670.  1499.  1883.  2234.  1651.   641.  3153.  2447.  2804.
  3160.  1265.  1867.  2469.  3495.  2269.  2970.  2889.  2508.  3040.
  3479.  3075.  2579.  2374.  2285.]
59 [ 2317.  1669.  1498.  1882.  2256.  1651.   655.  3166.  2447.  2625.
  3160.  1268.  1864.  2475.  3505.  2277.  2971.  2891.  2512.  3057.
  3477.  3073.  2576.  2405.  2323.]
60 [ 2349.  1669.  1497.  1888.  2278.  1650.   698.  3192.  2452.  2404.
  3158.  1267.  1856.  2478.  3510.  2283.  2969.  2894.  2510.  3077.
  3480.  3080.  2583.  2423.  2355.]
61 [ 2377.  1668.  1498.  1899.  2299.  1651.   759.  3218.  2449.  2216.
  3149.  1266.  1851.  2487.  3520.  2288.  2972.  2881.  2513.  3089.
  3484.  3081.  2586.  2440.  2359.]
62 [ 2405.  1667.  1497.  1901.  2317.  1651.   796.  3238.  2442.  2106.
  3144.  1266.  1850.  2493.  3521.  2293.  2974.  2879.  2515.  3095.
  3476.  3086.  2577.  2437.  2374.]
63 [ 2421.  1667.  1499.  1901.  2339.  1650.   835.  3249.  2428.  2020.
  3136.  1265.  1843.  2496.  3526.  2298.  2980.  2881.  2518.  3098.
  3478.  3080.  2567.  2443.  2382.]
64 [ 2408.  1668.  1498.  1904.  2362.  1648.   854.  3257.  2416.  1992.
  3133.  1266.  1836.  2500.  3527.  2298.  2983.  2877.  2514.  3094.
  3488.  3080.  2562.  2448.  2387.]
65 [ 2383.  1669.  1499.  1905.  2401.  1646.   866.  3264.  2410.  1986.
  3125.  1264.  1827.  2506.  3532.  2299.  2984.  2876.  2513.  3085.
  3494.  3081.  2549.  2452.  2384.]
66 [ 2354.  1669.  1498.  1906.  2450.  1648.   862.  3270.  2404.  1975.
  3127.  1264.  1822.  2505.  3533.  2305.  2985.  2871.  2509.  3079.
  3500.  3082.  2540.  2458.  2384.]
67 [ 2321.  1668.  1498.  1905.  2500.  1648.   863.  3275.  2398.  1970.
  3129.  1261.  1815.  2502.  3543.  2308.  2984.  2867.  2505.  3071.
  3508.  3085.  2533.  2453.  2390.]
68 [ 2257.  1668.  1498.  1913.  2547.  1647.   861.  3290.  2394.  1976.
  3135.  1257.  1808.  2500.  3550.  2315.  2985.  2867.  2504.  3063.
  3511.  3087.  2526.  2450.  2391.]
69 [ 2173.  1669.  1497.  1927.  2581.  1647.   858.  3306.  2392.  1993.
  3138.  1258.  1807.  2499.  3558.  2326.  2980.  2861.  2499.  3052.
  3520.  3087.  2527.  2455.  2390.]
70 [ 2090.  1668.  1498.  1938.  2629.  1648.   845.  3319.  2394.  2016.
  3134.  1255.  1810.  2496.  3569.  2336.  2976.  2856.  2494.  3045.
  3529.  3085.  2527.  2461.  2382.]
71 [ 2026.  1668.  1499.  1946.  2665.  1648.   832.  3330.  2401.  2039.
  3140.  1254.  1810.  2494.  3569.  2347.  2974.  2851.  2488.  3037.
  3527.  3084.  2528.  2465.  2378.]
72 [ 1963.  1668.  1498.  1961.  2691.  1647.   829.  3335.  2407.  2044.
  3142.  1255.  1812.  2489.  3577.  2361.  2976.  2843.  2484.  3034.
  3526.  3086.  2529.  2468.  2375.]
73 [ 1930.  1668.  1498.  1966.  2721.  1646.   819.  3338.  2414.  2045.
  3127.  1254.  1816.  2483.  3589.  2367.  2980.  2840.  2480.  3034.
  3525.  3086.  2531.  2473.  2370.]
74 [ 1908.  1668.  1498.  1976.  2752.  1646.   818.  3342.  2420.  2041.
  3112.  1254.  1814.  2474.  3598.  2375.  2976.  2843.  2481.  3034.
  3520.  3087.  2530.  2470.  2363.]
75 [ 1890.  1668.  1499.  1978.  2776.  1646.   814.  3345.  2418.  2032.
  3111.  1253.  1815.  2468.  3603.  2383.  2976.  2837.  2479.  3036.
  3519.  3089.  2528.  2474.  2363.]
76 [ 1872.  1668.  1499.  1979.  2786.  1643.   808.  3345.  2416.  2032.
  3110.  1251.  1817.  2467.  3615.  2396.  2976.  2834.  2484.  3035.
  3519.  3090.  2524.  2476.  2358.]
77 [ 1880.  1668.  1499.  1986.  2787.  1643.   804.  3343.  2412.  2036.
  3110.  1251.  1822.  2465.  3622.  2393.  2974.  2832.  2484.  3035.
  3520.  3088.  2524.  2475.  2347.]
78 [ 1892.  1668.  1500.  1998.  2785.  1643.   800.  3341.  2411.  2036.
  3105.  1252.  1824.  2462.  3631.  2390.  2971.  2824.  2483.  3033.
  3522.  3088.  2525.  2479.  2337.]
79 [ 1874.  1668.  1501.  2004.  2789.  1643.   799.  3345.  2415.  2027.
  3108.  1252.  1829.  2462.  3643.  2397.  2963.  2820.  2482.  3031.
  3523.  3089.  2519.  2487.  2330.]
80 [ 1878.  1669.  1500.  2007.  2793.  1643.   788.  3351.  2415.  2022.
  3116.  1251.  1835.  2460.  3648.  2394.  2961.  2816.  2483.  3029.
  3522.  3090.  2515.  2487.  2327.]
81 [ 1914.  1669.  1500.  2014.  2801.  1642.   777.  3349.  2417.  2025.
  3118.  1251.  1835.  2458.  3643.  2390.  2963.  2808.  2484.  3025.
  3521.  3089.  2510.  2477.  2320.]
82 [ 1933.  1670.  1502.  2020.  2809.  1642.   773.  3350.  2419.  2032.
  3117.  1251.  1834.  2456.  3645.  2389.  2962.  2796.  2482.  3022.
  3517.  3087.  2510.  2472.  2310.]
83 [ 1937.  1670.  1504.  2023.  2815.  1642.   771.  3351.  2424.  2033.
  3123.  1251.  1836.  2453.  3640.  2387.  2970.  2790.  2481.  3020.
  3515.  3086.  2508.  2468.  2302.]
84 [ 1969.  1670.  1503.  2023.  2821.  1642.   762.  3353.  2420.  2041.
  3120.  1251.  1841.  2451.  3631.  2386.  2979.  2782.  2481.  3016.
  3508.  3084.  2505.  2465.  2296.]
85 [ 1973.  1670.  1503.  2023.  2832.  1643.   762.  3353.  2421.  2048.
  3123.  1248.  1841.  2449.  3626.  2382.  2979.  2779.  2481.  3014.
  3504.  3084.  2502.  2467.  2293.]
86 [ 1978.  1670.  1504.  2027.  2841.  1645.   766.  3351.  2420.  2046.
  3124.  1245.  1845.  2447.  3614.  2387.  2982.  2776.  2483.  3011.
  3500.  3085.  2500.  2464.  2289.]
87 [ 1979.  1670.  1505.  2028.  2845.  1645.   774.  3350.  2417.  2056.
  3123.  1243.  1848.  2450.  3610.  2396.  2981.  2773.  2486.  3007.
  3492.  3086.  2498.  2458.  2280.]
88 [ 1986.  1670.  1505.  2033.  2839.  1646.   784.  3348.  2416.  2069.
  3122.  1240.  1851.  2451.  3611.  2400.  2978.  2765.  2488.  3002.
  3487.  3090.  2499.  2457.  2263.]
89 [ 1980.  1669.  1505.  2035.  2839.  1648.   794.  3345.  2416.  2096.
  3122.  1239.  1854.  2450.  3618.  2402.  2977.  2765.  2487.  2993.
  3484.  3092.  2498.  2463.  2229.]
90 [ 1984.  1670.  1507.  2040.  2839.  1651.   790.  3344.  2416.  2127.
  3121.  1238.  1854.  2451.  3621.  2399.  2973.  2757.  2487.  2986.
  3484.  3092.  2497.  2467.  2205.]
91 [ 1976.  1670.  1508.  2042.  2841.  1651.   794.  3344.  2417.  2175.
  3123.  1236.  1854.  2449.  3625.  2395.  2972.  2751.  2489.  2970.
  3482.  3092.  2493.  2466.  2185.]
92 [ 1956.  1671.  1508.  2041.  2842.  1652.   805.  3341.  2416.  2220.
  3125.  1235.  1857.  2445.  3629.  2395.  2972.  2746.  2491.  2960.
  3480.  3094.  2491.  2463.  2165.]
93 [ 1947.  1672.  1507.  2045.  2841.  1652.   825.  3332.  2410.  2263.
  3119.  1235.  1860.  2436.  3627.  2399.  2978.  2741.  2494.  2948.
  3482.  3095.  2491.  2463.  2138.]
94 [ 1939.  1672.  1506.  2049.  2834.  1652.   839.  3331.  2406.  2313.
  3120.  1234.  1859.  2433.  3622.  2404.  2981.  2739.  2497.  2929.
  3481.  3093.  2491.  2457.  2119.]
95 [ 1943.  1673.  1507.  2057.  2822.  1652.   863.  3326.  2400.  2326.
  3110.  1232.  1856.  2428.  3620.  2414.  2979.  2737.  2495.  2917.
  3478.  3091.  2492.  2457.  2125.]
96 [ 1948.  1671.  1507.  2063.  2815.  1652.   877.  3311.  2397.  2348.
  3109.  1228.  1853.  2431.  3620.  2420.  2979.  2733.  2497.  2898.
  3482.  3095.  2492.  2456.  2118.]
97 [ 1956.  1671.  1508.  2066.  2810.  1651.   899.  3311.  2397.  2361.
  3104.  1226.  1853.  2430.  3621.  2423.  2977.  2731.  2492.  2879.
  3484.  3090.  2494.  2449.  2117.]
98 [ 1961.  1671.  1510.  2072.  2807.  1650.   918.  3301.  2396.  2372.
  3107.  1221.  1853.  2429.  3617.  2426.  2977.  2731.  2489.  2870.
  3487.  3091.  2492.  2448.  2104.]
99 [ 1970.  1670.  1507.  2080.  2799.  1649.   930.  3291.  2398.  2392.
  3104.  1218.  1853.  2425.  3611.  2430.  2979.  2734.  2487.  2857.
  3491.  3091.  2491.  2448.  2095.]
100 [ 1987.  1670.  1506.  2081.  2797.  1648.   938.  3283.  2399.  2408.
  3099.  1212.  1850.  2422.  3608.  2436.  2979.  2728.  2486.  2844.
  3489.  3092.  2494.  2447.  2097.]
101 [ 1999.  1670.  1506.  2084.  2793.  1647.   945.  3276.  2395.  2426.
  3101.  1203.  1848.  2418.  3606.  2441.  2978.  2729.  2484.  2833.
  3489.  3093.  2495.  2450.  2091.]
102 [ 2011.  1669.  1506.  2086.  2791.  1647.   948.  3264.  2393.  2452.
  3101.  1199.  1849.  2412.  3603.  2444.  2977.  2730.  2478.  2820.
  3490.  3090.  2498.  2450.  2092.]
103 [ 2015.  1669.  1503.  2091.  2793.  1647.   949.  3257.  2394.  2458.
  3101.  1198.  1850.  2406.  3603.  2436.  2979.  2731.  2472.  2816.
  3488.  3087.  2501.  2453.  2103.]
104 [ 2025.  1669.  1502.  2093.  2790.  1648.   952.  3242.  2396.  2464.
  3100.  1197.  1850.  2397.  3600.  2434.  2980.  2734.  2469.  2819.
  3488.  3085.  2499.  2452.  2115.]
105 [ 2030.  1669.  1502.  2092.  2788.  1648.   949.  3231.  2394.  2469.
  3101.  1199.  1848.  2398.  3599.  2439.  2983.  2731.  2469.  2821.
  3491.  3083.  2498.  2452.  2116.]
106 [ 2042.  1668.  1502.  2094.  2787.  1648.   950.  3226.  2394.  2476.
  3100.  1197.  1845.  2397.  3598.  2438.  2983.  2728.  2465.  2823.
  3491.  3080.  2495.  2452.  2121.]
107 [ 2046.  1668.  1502.  2095.  2790.  1648.   949.  3214.  2393.  2478.
  3100.  1197.  1851.  2395.  3601.  2432.  2982.  2730.  2462.  2826.
  3490.  3087.  2494.  2450.  2120.]
108 [ 2046.  1668.  1501.  2096.  2790.  1648.   947.  3193.  2393.  2481.
  3103.  1197.  1853.  2396.  3600.  2428.  2980.  2730.  2461.  2826.
  3491.  3097.  2494.  2453.  2128.]
109 [ 2046.  1668.  1501.  2096.  2790.  1647.   946.  3187.  2394.  2480.
  3104.  1197.  1855.  2397.  3598.  2425.  2980.  2730.  2464.  2828.
  3490.  3097.  2493.  2456.  2131.]
110 [ 2043.  1668.  1501.  2097.  2790.  1646.   946.  3182.  2393.  2479.
  3106.  1197.  1857.  2397.  3596.  2427.  2979.  2731.  2464.  2830.
  3490.  3093.  2493.  2456.  2139.]
111 [ 2045.  1667.  1501.  2098.  2790.  1646.   947.  3182.  2394.  2483.
  3107.  1197.  1857.  2399.  3595.  2426.  2978.  2730.  2463.  2830.
  3490.  3092.  2493.  2455.  2135.]
112 [ 2042.  1667.  1500.  2098.  2791.  1646.   948.  3182.  2395.  2488.
  3109.  1198.  1856.  2399.  3595.  2426.  2978.  2730.  2459.  2830.
  3488.  3091.  2493.  2457.  2134.]
113 [ 2044.  1666.  1501.  2098.  2791.  1645.   950.  3180.  2395.  2489.
  3110.  1198.  1855.  2399.  3595.  2426.  2977.  2730.  2459.  2829.
  3489.  3090.  2494.  2457.  2133.]
114 [ 2047.  1665.  1501.  2098.  2793.  1645.   949.  3175.  2395.  2487.
  3110.  1199.  1856.  2400.  3596.  2426.  2977.  2730.  2459.  2829.
  3487.  3090.  2494.  2457.  2135.]
115 [ 2048.  1665.  1501.  2098.  2793.  1645.   949.  3174.  2395.  2490.
  3110.  1198.  1857.  2400.  3596.  2427.  2978.  2729.  2457.  2828.
  3487.  3090.  2494.  2456.  2135.]
116 [ 2051.  1665.  1501.  2098.  2793.  1645.   947.  3174.  2394.  2495.
  3110.  1198.  1858.  2402.  3596.  2424.  2978.  2729.  2457.  2825.
  3486.  3089.  2494.  2456.  2135.]
117 [ 2053.  1665.  1501.  2098.  2793.  1645.   947.  3174.  2394.  2495.
  3110.  1198.  1859.  2402.  3596.  2423.  2978.  2727.  2457.  2825.
  3486.  3089.  2495.  2456.  2134.]
118 [ 2052.  1665.  1501.  2098.  2793.  1645.   947.  3174.  2394.  2496.
  3110.  1198.  1859.  2402.  3597.  2423.  2978.  2727.  2457.  2825.
  3486.  3089.  2495.  2456.  2133.]
119 [ 2050.  1665.  1501.  2098.  2793.  1645.   947.  3174.  2394.  2498.
  3110.  1198.  1859.  2402.  3596.  2425.  2979.  2726.  2457.  2825.
  3486.  3088.  2495.  2456.  2133.]
120 [ 2051.  1665.  1501.  2098.  2793.  1645.   947.  3173.  2394.  2499.
  3110.  1198.  1859.  2402.  3596.  2426.  2979.  2725.  2457.  2825.
  3486.  3088.  2495.  2456.  2132.]
121 [ 2052.  1665.  1501.  2098.  2793.  1645.   947.  3173.  2394.  2499.
  3110.  1198.  1859.  2402.  3596.  2426.  2979.  2725.  2458.  2825.
  3486.  3088.  2495.  2455.  2131.]
122 [ 2053.  1665.  1501.  2098.  2794.  1645.   947.  3174.  2394.  2499.
  3110.  1198.  1859.  2402.  3595.  2426.  2979.  2725.  2458.  2825.
  3486.  3088.  2495.  2455.  2129.]
123 [ 2053.  1665.  1501.  2098.  2794.  1645.   947.  3174.  2394.  2501.
  3110.  1198.  1859.  2402.  3594.  2426.  2980.  2725.  2458.  2825.
  3486.  3088.  2495.  2455.  2127.]
124 [ 2053.  1665.  1501.  2099.  2794.  1645.   947.  3174.  2394.  2501.
  3110.  1198.  1859.  2402.  3593.  2426.  2980.  2725.  2458.  2825.
  3486.  3088.  2495.  2455.  2127.]
125 [ 2053.  1665.  1501.  2099.  2794.  1645.   946.  3174.  2394.  2501.
  3110.  1198.  1859.  2402.  3594.  2426.  2980.  2725.  2458.  2825.
  3486.  3088.  2495.  2455.  2127.]
[ 2053.  1665.  1501.  2099.  2794.  1645.   946.  3174.  2394.  2501.
  3110.  1198.  1859.  2402.  3594.  2426.  2980.  2725.  2458.  2825.
  3486.  3088.  2495.  2455.  2127.]
Time spent clustering :  10461.2763309
medians_kplusplus_cluster25
Digit: 0  Purity: 89.2% SD: 1763.1  Count: 6009
Digit: 1  Purity: 84.5% SD: 1135.3  Count: 7675
Digit: 2  Purity: 72.2% SD: 1855.9  Count: 6306
Digit: 3  Purity: 57.6% SD: 1807.0  Count: 8720
Digit: 4  Purity: 57.7% SD: 1743.1  Count: 6090
Digit: 5  Purity: 57.2% SD: 1763.9  Count: 5574
Digit: 6  Purity: 90.1% SD: 1705.7  Count: 5227
Digit: 7  Purity: 69.5% SD: 1548.7  Count: 7319
Digit: 8  Purity: 84.2% SD: 1769.9  Count: 3486
Digit: 9  Purity: 50.3% SD: 1578.5  Count: 3594
Our accuracy in predicting test data for k = 25 was 71.897189719 %
Time spent testing :  22.1585440636
