25 medians random 100
0 [  1692.   2122.    581.  12474.   2137.   1392.   6711.    703.    548.
    794.    892.   2932.    239.   1640.  10415.   1696.   1521.    464.
    602.   2633.   2844.   1292.   1350.    852.   1474.]
1 [ 1920.  2364.   837.  9804.  2333.  1511.  4972.  1227.   747.  1906.
  1432.  4463.   839.  1614.  6729.  1806.  1515.   576.  1219.  3190.
  2708.  1324.  2286.   819.  1859.]
2 [ 2299.  2886.   996.  7415.  2297.  1480.  3808.  1862.   848.  2553.
  1641.  4990.  1218.  1648.  5411.  2084.  1469.   785.  1564.  2951.
  2522.  1391.  2723.   732.  2427.]
3 [ 2648.  3486.  1107.  5772.  2192.  1500.  3410.  2429.   923.  2863.
  1777.  4832.  1618.  1693.  4780.  2290.  1319.   892.  1836.  2625.
  2388.  1538.  2754.   687.  2641.]
4 [ 2843.  3855.  1178.  4733.  2116.  1509.  3227.  2771.   989.  3123.
  1856.  4584.  2039.  1715.  4370.  2321.  1311.   968.  2048.  2383.
  2297.  1670.  2646.   677.  2771.]
5 [ 2968.  4102.  1238.  4123.  2097.  1495.  3091.  2924.  1052.  3356.
  1857.  4416.  2377.  1718.  4066.  2392.  1254.  1042.  2188.  2226.
  2245.  1708.  2559.   676.  2830.]
6 [ 3036.  4203.  1303.  3803.  2135.  1463.  3007.  2903.  1116.  3564.
  1851.  4265.  2579.  1735.  3812.  2416.  1200.  1104.  2269.  2202.
  2235.  1712.  2526.   683.  2878.]
7 [ 3073.  4201.  1349.  3569.  2181.  1433.  2895.  2828.  1167.  3773.
  1915.  4167.  2724.  1751.  3595.  2445.  1152.  1144.  2375.  2210.
  2247.  1716.  2510.   698.  2882.]
8 [ 3133.  4118.  1372.  3386.  2220.  1398.  2844.  2687.  1220.  3958.
  2021.  4077.  2849.  1772.  3436.  2447.  1092.  1167.  2446.  2243.
  2273.  1754.  2501.   708.  2878.]
9 [ 3189.  3993.  1389.  3267.  2259.  1375.  2881.  2512.  1268.  4093.
  2150.  3957.  2968.  1796.  3293.  2444.  1029.  1180.  2515.  2249.
  2314.  1791.  2515.   712.  2861.]
10 [ 3233.  3886.  1399.  3215.  2293.  1367.  2938.  2431.  1309.  4152.
  2224.  3810.  3094.  1819.  3175.  2310.  1050.  1189.  2559.  2287.
  2342.  1837.  2520.   716.  2845.]
11 [ 3265.  3748.  1399.  3146.  2306.  1370.  3044.  2364.  1339.  4194.
  2294.  3708.  3227.  1846.  3019.  2259.  1096.  1197.  2606.  2316.
  2344.  1879.  2524.   713.  2797.]
12 [ 3307.  3621.  1402.  3052.  2332.  1372.  3131.  2328.  1359.  4244.
  2358.  3616.  3383.  1879.  2910.  2071.  1184.  1201.  2653.  2331.
  2349.  1947.  2519.   709.  2742.]
13 [ 3334.  3470.  1399.  2964.  2339.  1371.  3160.  2357.  1372.  4251.
  2412.  3531.  3661.  1906.  2830.  1882.  1223.  1209.  2683.  2344.
  2357.  2005.  2506.   715.  2719.]
14 [ 3346.  3329.  1396.  2814.  2349.  1369.  3154.  2407.  1379.  4231.
  2457.  3450.  4022.  1924.  2753.  1736.  1239.  1217.  2713.  2351.
  2365.  2063.  2493.   718.  2725.]
15 [ 3345.  3270.  1398.  2694.  2362.  1363.  3122.  2455.  1378.  4195.
  2474.  3350.  4249.  1942.  2700.  1634.  1241.  1234.  2737.  2360.
  2368.  2164.  2489.   718.  2758.]
16 [ 3341.  3251.  1400.  2609.  2379.  1356.  3074.  2502.  1379.  4166.
  2498.  3281.  4387.  1951.  2660.  1554.  1233.  1244.  2765.  2365.
  2377.  2236.  2471.   719.  2802.]
17 [ 3326.  3264.  1398.  2529.  2396.  1341.  3048.  2522.  1378.  4117.
  2526.  3242.  4493.  1974.  2631.  1454.  1222.  1257.  2783.  2398.
  2385.  2276.  2458.   719.  2863.]
18 [ 3307.  3277.  1398.  2477.  2417.  1335.  3029.  2546.  1377.  4091.
  2552.  3205.  4543.  1995.  2610.  1379.  1205.  1256.  2790.  2430.
  2382.  2305.  2448.   718.  2928.]
19 [ 3291.  3334.  1402.  2420.  2439.  1333.  3010.  2569.  1377.  4090.
  2571.  3195.  4475.  2020.  2595.  1333.  1189.  1258.  2794.  2454.
  2385.  2300.  2446.   721.  2999.]
20 [ 3284.  3401.  1407.  2373.  2458.  1330.  3005.  2585.  1376.  4132.
  2589.  3185.  4348.  2054.  2574.  1283.  1152.  1257.  2788.  2471.
  2388.  2300.  2445.   725.  3090.]
21 [ 3285.  3483.  1413.  2340.  2494.  1334.  2996.  2601.  1381.  4181.
  2613.  3180.  4188.  2071.  2557.  1247.  1115.  1259.  2784.  2496.
  2390.  2286.  2441.   725.  3140.]
22 [ 3290.  3574.  1415.  2310.  2517.  1329.  2989.  2608.  1385.  4231.
  2635.  3194.  3972.  2104.  2549.  1221.  1068.  1270.  2786.  2507.
  2392.  2281.  2434.   724.  3215.]
23 [ 3298.  3667.  1416.  2294.  2555.  1325.  2985.  2611.  1389.  4285.
  2634.  3206.  3750.  2128.  2535.  1212.  1026.  1273.  2789.  2516.
  2406.  2272.  2436.   725.  3267.]
24 [ 3299.  3714.  1419.  2289.  2585.  1324.  2985.  2617.  1388.  4345.
  2645.  3227.  3547.  2154.  2518.  1205.   971.  1277.  2801.  2530.
  2412.  2265.  2431.   726.  3326.]
25 [ 3306.  3746.  1423.  2284.  2613.  1326.  2988.  2632.  1390.  4388.
  2668.  3235.  3410.  2186.  2501.  1190.   948.  1280.  2800.  2542.
  2418.  2252.  2429.   726.  3319.]
26 [ 3304.  3762.  1424.  2277.  2643.  1323.  2992.  2643.  1392.  4409.
  2688.  3246.  3312.  2216.  2486.  1166.   914.  1284.  2799.  2563.
  2416.  2246.  2421.   726.  3348.]
27 [ 3305.  3774.  1425.  2279.  2683.  1321.  2999.  2645.  1393.  4396.
  2696.  3241.  3263.  2247.  2480.  1158.   881.  1291.  2808.  2566.
  2407.  2246.  2425.   727.  3344.]
28 [ 3304.  3786.  1424.  2270.  2719.  1324.  2992.  2643.  1395.  4388.
  2716.  3237.  3228.  2268.  2475.  1146.   854.  1291.  2808.  2571.
  2414.  2245.  2427.   727.  3348.]
29 [ 3302.  3790.  1424.  2251.  2761.  1321.  2990.  2641.  1400.  4384.
  2712.  3233.  3200.  2280.  2472.  1122.   852.  1291.  2808.  2573.
  2420.  2247.  2439.   728.  3359.]
30 [ 3298.  3792.  1426.  2232.  2771.  1323.  2984.  2638.  1400.  4372.
  2714.  3222.  3192.  2312.  2465.  1094.   860.  1294.  2803.  2577.
  2422.  2252.  2448.   727.  3382.]
31 [ 3291.  3788.  1429.  2215.  2792.  1325.  2984.  2635.  1400.  4361.
  2715.  3214.  3180.  2332.  2456.  1058.   883.  1296.  2803.  2576.
  2421.  2253.  2462.   727.  3404.]
32 [ 3288.  3785.  1433.  2195.  2802.  1322.  2981.  2631.  1400.  4343.
  2695.  3212.  3169.  2350.  2445.  1011.   945.  1297.  2804.  2588.
  2420.  2262.  2476.   725.  3421.]
33 [ 3285.  3777.  1433.  2165.  2818.  1320.  2984.  2625.  1400.  4319.
  2683.  3196.  3148.  2371.  2439.   954.  1046.  1300.  2811.  2599.
  2413.  2255.  2484.   723.  3452.]
34 [ 3283.  3768.  1429.  2125.  2825.  1321.  2985.  2629.  1401.  4279.
  2671.  3191.  3122.  2394.  2440.   897.  1197.  1303.  2813.  2603.
  2410.  2259.  2492.   722.  3441.]
35 [ 3275.  3756.  1423.  2066.  2814.  1320.  2991.  2628.  1402.  4221.
  2667.  3171.  3104.  2409.  2434.   845.  1392.  1306.  2825.  2610.
  2405.  2249.  2505.   724.  3458.]
36 [ 3274.  3732.  1418.  2046.  2819.  1322.  2994.  2626.  1405.  4128.
  2656.  3161.  3073.  2432.  2438.   794.  1564.  1309.  2830.  2610.
  2405.  2236.  2515.   723.  3490.]
37 [ 3267.  3716.  1417.  2013.  2823.  1327.  2995.  2632.  1409.  4047.
  2647.  3150.  3047.  2457.  2439.   753.  1697.  1317.  2839.  2606.
  2405.  2228.  2520.   720.  3529.]
38 [ 3257.  3697.  1417.  2013.  2834.  1333.  3004.  2631.  1411.  3978.
  2633.  3130.  3020.  2469.  2444.   724.  1778.  1319.  2845.  2606.
  2408.  2236.  2528.   719.  3566.]
39 [ 3249.  3679.  1418.  2011.  2866.  1338.  3005.  2630.  1413.  3937.
  2633.  3108.  2997.  2486.  2450.   703.  1816.  1318.  2851.  2600.
  2411.  2236.  2538.   717.  3590.]
40 [ 3252.  3666.  1421.  2019.  2880.  1340.  3002.  2631.  1413.  3913.
  2623.  3087.  2996.  2505.  2454.   692.  1824.  1320.  2862.  2604.
  2410.  2240.  2545.   721.  3580.]
41 [ 3246.  3668.  1423.  2012.  2907.  1341.  2996.  2640.  1415.  3899.
  2614.  3066.  3005.  2521.  2453.   651.  1813.  1323.  2870.  2606.
  2420.  2251.  2547.   723.  3590.]
42 [ 3247.  3682.  1426.  2011.  2919.  1346.  2991.  2644.  1416.  3904.
  2617.  3046.  3001.  2549.  2454.   623.  1759.  1330.  2876.  2605.
  2426.  2263.  2548.   721.  3596.]
43 [ 3237.  3681.  1433.  1996.  2957.  1345.  2989.  2649.  1418.  3919.
  2617.  3041.  3001.  2560.  2451.   584.  1707.  1334.  2877.  2609.
  2435.  2280.  2557.   722.  3601.]
44 [ 3231.  3688.  1439.  1992.  3002.  1355.  3002.  2662.  1421.  3948.
  2594.  3030.  3000.  2560.  2459.   543.  1620.  1334.  2876.  2625.
  2438.  2312.  2560.   726.  3583.]
45 [ 3221.  3696.  1446.  1992.  3046.  1355.  3014.  2679.  1422.  3999.
  2587.  3018.  3003.  2569.  2468.   502.  1553.  1339.  2877.  2635.
  2442.  2354.  2567.   727.  3489.]
46 [ 3221.  3700.  1445.  1997.  3098.  1359.  3036.  2687.  1422.  4035.
  2569.  3022.  3043.  2576.  2480.   496.  1488.  1347.  2873.  2651.
  2451.  2400.  2577.   725.  3302.]
47 [ 3220.  3701.  1446.  2030.  3147.  1352.  3060.  2700.  1423.  4076.
  2557.  3018.  3070.  2578.  2489.   528.  1424.  1354.  2873.  2669.
  2459.  2426.  2588.   723.  3089.]
48 [ 3214.  3715.  1441.  2038.  3174.  1355.  3075.  2707.  1425.  4086.
  2537.  3020.  3078.  2585.  2493.   693.  1415.  1357.  2872.  2678.
  2460.  2438.  2614.   726.  2804.]
49 [ 3205.  3705.  1437.  2034.  3186.  1347.  3076.  2708.  1433.  4075.
  2519.  3018.  3068.  2581.  2494.   846.  1403.  1360.  2866.  2683.
  2455.  2450.  2633.   723.  2695.]
50 [ 3196.  3697.  1436.  2041.  3191.  1346.  3071.  2706.  1439.  4058.
  2500.  3008.  3062.  2572.  2493.   919.  1395.  1359.  2863.  2689.
  2459.  2473.  2649.   721.  2657.]
51 [ 3194.  3703.  1435.  2063.  3198.  1343.  3088.  2700.  1442.  4046.
  2478.  2988.  3058.  2575.  2494.   944.  1386.  1366.  2857.  2715.
  2462.  2486.  2666.   716.  2597.]
52 [ 3187.  3717.  1431.  2066.  3212.  1337.  3107.  2706.  1442.  4032.
  2446.  2987.  3066.  2582.  2502.   991.  1385.  1370.  2856.  2750.
  2452.  2509.  2687.   719.  2461.]
53 [ 3183.  3728.  1428.  2084.  3228.  1332.  3120.  2714.  1444.  4037.
  2425.  2976.  3073.  2591.  2507.  1006.  1383.  1372.  2862.  2785.
  2439.  2525.  2705.   716.  2337.]
54 [ 3184.  3739.  1428.  2095.  3231.  1324.  3121.  2715.  1441.  4038.
  2398.  2961.  3083.  2600.  2517.  1032.  1388.  1371.  2857.  2828.
  2439.  2551.  2719.   716.  2224.]
55 [ 3181.  3740.  1428.  2103.  3236.  1323.  3128.  2727.  1438.  4044.
  2368.  2950.  3097.  2606.  2520.  1053.  1394.  1372.  2856.  2871.
  2444.  2570.  2734.   716.  2101.]
56 [ 3181.  3740.  1429.  2121.  3245.  1320.  3128.  2740.  1435.  4067.
  2342.  2924.  3096.  2615.  2522.  1063.  1400.  1373.  2866.  2908.
  2443.  2594.  2749.   717.  1982.]
57 [ 3173.  3724.  1427.  2139.  3250.  1319.  3133.  2742.  1435.  4104.
  2330.  2898.  3104.  2617.  2527.  1070.  1402.  1370.  2863.  2937.
  2441.  2630.  2771.   719.  1875.]
58 [ 3170.  3716.  1427.  2150.  3248.  1322.  3124.  2745.  1435.  4131.
  2309.  2870.  3111.  2620.  2527.  1083.  1411.  1370.  2864.  2968.
  2444.  2651.  2784.   719.  1801.]
59 [ 3165.  3713.  1428.  2159.  3248.  1319.  3121.  2743.  1434.  4154.
  2285.  2838.  3097.  2621.  2527.  1107.  1429.  1371.  2867.  3009.
  2445.  2668.  2799.   717.  1736.]
60 [ 3154.  3703.  1430.  2153.  3237.  1319.  3115.  2738.  1433.  4172.
  2270.  2819.  3078.  2626.  2528.  1127.  1444.  1371.  2865.  3052.
  2437.  2709.  2814.   717.  1689.]
61 [ 3138.  3695.  1434.  2162.  3226.  1319.  3100.  2734.  1432.  4169.
  2267.  2792.  3077.  2629.  2528.  1162.  1453.  1371.  2867.  3085.
  2444.  2723.  2826.   717.  1650.]
62 [ 3130.  3677.  1433.  2161.  3207.  1319.  3092.  2730.  1432.  4187.
  2247.  2773.  3073.  2629.  2526.  1182.  1462.  1370.  2872.  3132.
  2443.  2733.  2843.   718.  1629.]
63 [ 3119.  3661.  1434.  2166.  3202.  1309.  3080.  2728.  1433.  4191.
  2236.  2748.  3054.  2628.  2525.  1206.  1476.  1369.  2887.  3152.
  2446.  2760.  2866.   717.  1607.]
64 [ 3103.  3651.  1435.  2165.  3193.  1303.  3062.  2721.  1436.  4190.
  2216.  2737.  3039.  2630.  2528.  1219.  1497.  1369.  2906.  3170.
  2449.  2784.  2886.   717.  1594.]
65 [ 3083.  3634.  1436.  2165.  3189.  1296.  3045.  2718.  1439.  4194.
  2209.  2727.  3026.  2626.  2527.  1249.  1508.  1367.  2926.  3185.
  2453.  2791.  2909.   718.  1580.]
66 [ 3060.  3606.  1441.  2169.  3178.  1292.  3029.  2720.  1438.  4205.
  2192.  2727.  3011.  2622.  2519.  1297.  1511.  1366.  2947.  3213.
  2457.  2788.  2935.   718.  1559.]
67 [ 3043.  3587.  1448.  2173.  3156.  1290.  3020.  2713.  1439.  4208.
  2177.  2713.  2980.  2617.  2519.  1363.  1513.  1365.  2965.  3241.
  2459.  2797.  2966.   716.  1532.]
68 [ 3019.  3569.  1445.  2173.  3145.  1289.  3010.  2704.  1436.  4200.
  2163.  2700.  2945.  2614.  2520.  1471.  1504.  1370.  2996.  3247.
  2470.  2800.  2992.   714.  1504.]
69 [ 2990.  3537.  1444.  2174.  3135.  1287.  3000.  2690.  1434.  4183.
  2130.  2693.  2907.  2600.  2512.  1591.  1492.  1367.  3013.  3282.
  2469.  2803.  3051.   711.  1505.]
70 [ 2954.  3515.  1447.  2168.  3129.  1282.  2988.  2691.  1431.  4145.
  2094.  2687.  2867.  2586.  2505.  1711.  1485.  1366.  3036.  3315.
  2482.  2821.  3090.   710.  1495.]
71 [ 2925.  3485.  1445.  2163.  3119.  1278.  2967.  2683.  1430.  4087.
  2050.  2676.  2839.  2562.  2501.  1844.  1479.  1365.  3058.  3365.
  2505.  2841.  3139.   703.  1491.]
72 [ 2898.  3449.  1447.  2170.  3114.  1270.  2963.  2671.  1432.  4000.
  1923.  2665.  2824.  2527.  2494.  1976.  1476.  1363.  3071.  3478.
  2524.  2862.  3201.   701.  1501.]
73 [ 2841.  3407.  1455.  2174.  3105.  1261.  2947.  2663.  1429.  3945.
  1801.  2651.  2784.  2485.  2495.  2083.  1480.  1359.  3092.  3591.
  2546.  2906.  3294.   701.  1505.]
74 [ 2792.  3372.  1456.  2170.  3086.  1250.  2943.  2661.  1431.  3878.
  1751.  2631.  2741.  2445.  2502.  2200.  1492.  1351.  3117.  3661.
  2558.  2971.  3356.   706.  1479.]
75 [ 2727.  3335.  1463.  2179.  3063.  1239.  2930.  2650.  1433.  3778.
  1756.  2613.  2676.  2419.  2500.  2317.  1512.  1349.  3139.  3726.
  2574.  3054.  3410.   710.  1448.]
76 [ 2682.  3296.  1472.  2170.  3026.  1226.  2921.  2653.  1436.  3675.
  1751.  2595.  2639.  2410.  2497.  2433.  1541.  1348.  3163.  3756.
  2583.  3116.  3453.   714.  1444.]
77 [ 2653.  3280.  1478.  2173.  2991.  1211.  2910.  2653.  1437.  3605.
  1757.  2562.  2605.  2402.  2491.  2510.  1562.  1352.  3181.  3767.
  2597.  3158.  3500.   714.  1451.]
78 [ 2635.  3267.  1475.  2164.  2971.  1221.  2899.  2650.  1439.  3529.
  1768.  2533.  2586.  2396.  2493.  2589.  1578.  1349.  3199.  3788.
  2611.  3183.  3511.   715.  1451.]
79 [ 2605.  3247.  1479.  2155.  2944.  1219.  2877.  2646.  1439.  3454.
  1782.  2517.  2567.  2399.  2487.  2648.  1598.  1348.  3207.  3818.
  2627.  3236.  3539.   717.  1445.]
80 [ 2591.  3229.  1483.  2145.  2915.  1220.  2862.  2636.  1439.  3424.
  1802.  2508.  2544.  2400.  2483.  2669.  1606.  1348.  3228.  3823.
  2634.  3304.  3565.   717.  1425.]
81 [ 2586.  3224.  1485.  2140.  2888.  1230.  2849.  2629.  1437.  3389.
  1819.  2493.  2511.  2390.  2479.  2704.  1613.  1346.  3250.  3838.
  2631.  3387.  3580.   717.  1385.]
82 [ 2585.  3216.  1483.  2139.  2861.  1238.  2842.  2626.  1436.  3346.
  1825.  2488.  2496.  2384.  2470.  2746.  1618.  1343.  3274.  3850.
  2637.  3443.  3598.   718.  1338.]
83 [ 2581.  3225.  1483.  2136.  2833.  1243.  2831.  2622.  1435.  3297.
  1833.  2485.  2477.  2384.  2460.  2793.  1621.  1342.  3297.  3858.
  2637.  3505.  3620.   717.  1285.]
84 [ 2577.  3214.  1479.  2136.  2799.  1246.  2829.  2622.  1435.  3248.
  1838.  2480.  2459.  2382.  2452.  2854.  1612.  1343.  3325.  3853.
  2638.  3586.  3636.   717.  1240.]
85 [ 2573.  3223.  1483.  2123.  2767.  1256.  2837.  2627.  1433.  3213.
  1852.  2476.  2433.  2383.  2444.  2903.  1609.  1345.  3350.  3843.
  2650.  3630.  3644.   716.  1187.]
86 [ 2569.  3226.  1484.  2111.  2746.  1277.  2847.  2626.  1433.  3192.
  1855.  2475.  2431.  2389.  2434.  2937.  1603.  1344.  3372.  3841.
  2656.  3641.  3655.   715.  1141.]
87 [ 2572.  3221.  1483.  2113.  2734.  1292.  2848.  2626.  1434.  3167.
  1853.  2482.  2438.  2392.  2433.  2970.  1597.  1344.  3392.  3857.
  2669.  3629.  3658.   716.  1080.]
88 [ 2573.  3224.  1486.  2104.  2727.  1305.  2855.  2633.  1434.  3146.
  1859.  2483.  2440.  2392.  2436.  2998.  1598.  1345.  3408.  3868.
  2689.  3584.  3657.   717.  1039.]
89 [ 2570.  3227.  1486.  2096.  2734.  1317.  2856.  2632.  1435.  3141.
  1861.  2480.  2451.  2392.  2435.  3013.  1599.  1341.  3422.  3883.
  2697.  3565.  3653.   717.   997.]
90 [ 2569.  3235.  1487.  2087.  2747.  1327.  2853.  2630.  1436.  3146.
  1865.  2486.  2440.  2393.  2433.  3020.  1603.  1339.  3439.  3890.
  2695.  3546.  3646.   718.   970.]
91 [ 2569.  3238.  1486.  2078.  2757.  1338.  2850.  2632.  1437.  3146.
  1864.  2496.  2444.  2395.  2435.  3030.  1605.  1339.  3451.  3896.
  2696.  3522.  3634.   718.   944.]
92 [ 2566.  3246.  1487.  2071.  2775.  1350.  2851.  2631.  1437.  3145.
  1864.  2501.  2448.  2399.  2439.  3033.  1602.  1335.  3464.  3892.
  2697.  3492.  3631.   719.   925.]
93 [ 2566.  3243.  1484.  2063.  2790.  1362.  2854.  2629.  1437.  3150.
  1861.  2508.  2461.  2402.  2440.  3039.  1597.  1335.  3473.  3896.
  2696.  3450.  3634.   719.   911.]
94 [ 2566.  3257.  1483.  2061.  2805.  1369.  2855.  2631.  1437.  3154.
  1861.  2510.  2464.  2407.  2441.  3038.  1593.  1336.  3481.  3899.
  2695.  3402.  3636.   719.   900.]
95 [ 2567.  3269.  1481.  2069.  2832.  1374.  2856.  2632.  1437.  3153.
  1864.  2502.  2466.  2411.  2443.  3042.  1590.  1341.  3486.  3907.
  2692.  3338.  3640.   718.   890.]
96 [ 2566.  3275.  1481.  2070.  2848.  1384.  2858.  2636.  1437.  3160.
  1865.  2504.  2456.  2412.  2448.  3046.  1589.  1344.  3495.  3900.
  2694.  3292.  3639.   718.   883.]
97 [ 2567.  3280.  1483.  2063.  2864.  1384.  2862.  2634.  1437.  3161.
  1866.  2505.  2454.  2414.  2450.  3053.  1588.  1352.  3495.  3905.
  2697.  3270.  3632.   716.   868.]
98 [ 2567.  3282.  1483.  2060.  2873.  1392.  2864.  2633.  1438.  3164.
  1867.  2506.  2453.  2415.  2450.  3060.  1588.  1355.  3498.  3916.
  2696.  3249.  3620.   717.   854.]
99 [ 2562.  3281.  1479.  2056.  2884.  1396.  2867.  2633.  1438.  3165.
  1872.  2505.  2449.  2416.  2448.  3067.  1589.  1366.  3506.  3913.
  2700.  3238.  3617.   718.   835.]
100 [ 2564.  3283.  1479.  2054.  2890.  1407.  2868.  2635.  1438.  3163.
  1875.  2505.  2450.  2417.  2447.  3075.  1588.  1369.  3516.  3918.
  2693.  3217.  3609.   719.   821.]
101 [ 2563.  3286.  1478.  2052.  2885.  1425.  2872.  2635.  1439.  3154.
  1876.  2508.  2451.  2421.  2448.  3078.  1587.  1370.  3526.  3931.
  2692.  3189.  3600.   719.   815.]
102 [ 2560.  3293.  1477.  2048.  2890.  1449.  2874.  2638.  1439.  3159.
  1876.  2510.  2448.  2424.  2451.  3079.  1588.  1374.  3532.  3943.
  2692.  3146.  3585.   719.   806.]
103 [ 2558.  3294.  1474.  2045.  2893.  1473.  2879.  2638.  1441.  3170.
  1876.  2513.  2447.  2425.  2452.  3082.  1586.  1374.  3542.  3946.
  2688.  3099.  3583.   719.   803.]
104 [ 2554.  3297.  1476.  2045.  2891.  1509.  2877.  2637.  1442.  3170.
  1877.  2511.  2459.  2426.  2453.  3089.  1578.  1375.  3558.  3939.
  2680.  3059.  3586.   719.   793.]
105 [ 2551.  3296.  1472.  2045.  2890.  1547.  2877.  2635.  1444.  3171.
  1876.  2515.  2468.  2425.  2456.  3096.  1573.  1384.  3575.  3928.
  2668.  3022.  3583.   718.   785.]
106 [ 2553.  3294.  1472.  2052.  2889.  1578.  2876.  2637.  1445.  3166.
  1875.  2519.  2471.  2425.  2458.  3101.  1569.  1392.  3581.  3929.
  2667.  2976.  3572.   718.   785.]
107 [ 2552.  3294.  1474.  2051.  2883.  1631.  2875.  2639.  1446.  3166.
  1875.  2525.  2477.  2427.  2462.  3103.  1567.  1401.  3595.  3907.
  2666.  2921.  3565.   713.   785.]
108 [ 2555.  3288.  1480.  2046.  2872.  1685.  2876.  2640.  1444.  3169.
  1875.  2536.  2495.  2428.  2462.  3105.  1562.  1405.  3592.  3900.
  2669.  2865.  3552.   718.   781.]
109 [ 2553.  3277.  1481.  2049.  2880.  1763.  2880.  2638.  1442.  3170.
  1877.  2538.  2508.  2428.  2468.  3110.  1560.  1413.  3588.  3892.
  2655.  2788.  3546.   723.   773.]
110 [ 2558.  3272.  1493.  2050.  2872.  1864.  2886.  2634.  1440.  3174.
  1877.  2541.  2516.  2426.  2473.  3107.  1563.  1425.  3587.  3890.
  2632.  2694.  3531.   724.   771.]
111 [ 2565.  3264.  1506.  2052.  2847.  1967.  2884.  2636.  1443.  3180.
  1875.  2545.  2528.  2427.  2471.  3106.  1561.  1453.  3580.  3876.
  2630.  2614.  3501.   727.   762.]
112 [ 2572.  3261.  1524.  2054.  2824.  2098.  2886.  2634.  1452.  3188.
  1872.  2551.  2540.  2431.  2475.  3105.  1561.  1487.  3573.  3861.
  2619.  2482.  3469.   723.   758.]
113 [ 2571.  3252.  1549.  2054.  2834.  2186.  2884.  2630.  1470.  3193.
  1873.  2548.  2544.  2434.  2477.  3104.  1561.  1521.  3568.  3847.
  2611.  2356.  3449.   729.   755.]
114 [ 2572.  3250.  1586.  2053.  2847.  2315.  2886.  2635.  1494.  3197.
  1871.  2540.  2554.  2437.  2486.  3105.  1559.  1536.  3566.  3826.
  2597.  2183.  3422.   737.   746.]
115 [ 2573.  3241.  1609.  2054.  2894.  2389.  2888.  2640.  1517.  3200.
  1868.  2536.  2567.  2437.  2488.  3109.  1557.  1568.  3554.  3827.
  2594.  1995.  3406.   750.   739.]
116 [ 2580.  3237.  1637.  2054.  2950.  2393.  2897.  2649.  1538.  3200.
  1862.  2538.  2580.  2434.  2499.  3114.  1557.  1587.  3540.  3842.
  2605.  1799.  3385.   770.   753.]
117 [ 2579.  3220.  1647.  2054.  2997.  2417.  2904.  2643.  1563.  3204.
  1856.  2535.  2590.  2435.  2501.  3110.  1559.  1600.  3534.  3857.
  2608.  1640.  3378.   801.   768.]
118 [ 2590.  3210.  1646.  2058.  3013.  2465.  2903.  2636.  1592.  3205.
  1852.  2532.  2589.  2442.  2500.  3101.  1558.  1584.  3532.  3874.
  2611.  1536.  3372.   827.   772.]
119 [ 2590.  3205.  1652.  2059.  3024.  2500.  2903.  2630.  1602.  3211.
  1852.  2530.  2589.  2449.  2498.  3097.  1557.  1565.  3529.  3880.
  2621.  1450.  3368.   860.   779.]
120 [ 2587.  3207.  1657.  2061.  3024.  2511.  2901.  2625.  1604.  3210.
  1854.  2525.  2592.  2453.  2491.  3099.  1557.  1573.  3525.  3894.
  2622.  1388.  3365.   879.   796.]
121 [ 2582.  3211.  1653.  2062.  3027.  2521.  2898.  2620.  1600.  3209.
  1855.  2520.  2592.  2454.  2486.  3103.  1558.  1566.  3526.  3906.
  2618.  1341.  3368.   916.   808.]
122 [ 2580.  3209.  1653.  2061.  3029.  2540.  2891.  2615.  1587.  3212.
  1858.  2516.  2587.  2454.  2483.  3103.  1557.  1567.  3530.  3901.
  2610.  1290.  3379.   960.   828.]
123 [ 2578.  3205.  1649.  2058.  3034.  2555.  2885.  2612.  1574.  3212.
  1862.  2514.  2589.  2456.  2482.  3101.  1559.  1559.  3528.  3907.
  2606.  1265.  3387.   997.   826.]
124 [ 2578.  3200.  1645.  2057.  3035.  2571.  2880.  2610.  1558.  3216.
  1862.  2513.  2584.  2458.  2476.  3097.  1562.  1550.  3534.  3898.
  2597.  1252.  3396.  1038.   833.]
125 [ 2575.  3197.  1644.  2056.  3037.  2572.  2879.  2603.  1525.  3217.
  1859.  2514.  2584.  2458.  2467.  3095.  1562.  1534.  3542.  3890.
  2598.  1257.  3402.  1099.   834.]
126 [ 2571.  3197.  1647.  2056.  3040.  2583.  2881.  2602.  1500.  3221.
  1859.  2512.  2581.  2455.  2462.  3092.  1566.  1517.  3547.  3882.
  2596.  1250.  3408.  1152.   823.]
127 [ 2564.  3200.  1646.  2054.  3037.  2606.  2883.  2596.  1476.  3221.
  1859.  2512.  2579.  2449.  2460.  3091.  1568.  1506.  3545.  3877.
  2598.  1243.  3410.  1204.   816.]
128 [ 2562.  3201.  1646.  2052.  3027.  2630.  2879.  2593.  1444.  3220.
  1858.  2510.  2576.  2451.  2457.  3091.  1568.  1495.  3547.  3875.
  2598.  1247.  3415.  1253.   805.]
129 [ 2558.  3201.  1647.  2049.  3020.  2652.  2874.  2594.  1436.  3215.
  1856.  2506.  2575.  2453.  2457.  3091.  1571.  1489.  3550.  3878.
  2597.  1239.  3417.  1278.   797.]
130 [ 2553.  3200.  1643.  2048.  3018.  2671.  2878.  2592.  1435.  3210.
  1856.  2501.  2570.  2454.  2459.  3094.  1570.  1469.  3553.  3878.
  2595.  1225.  3418.  1314.   796.]
131 [ 2550.  3200.  1640.  2048.  3015.  2700.  2874.  2590.  1415.  3206.
  1855.  2498.  2568.  2454.  2459.  3092.  1571.  1444.  3553.  3869.
  2594.  1222.  3419.  1369.   795.]
132 [ 2551.  3199.  1633.  2048.  3004.  2728.  2872.  2588.  1400.  3201.
  1856.  2493.  2570.  2452.  2456.  3091.  1572.  1431.  3559.  3862.
  2592.  1218.  3421.  1407.   796.]
133 [ 2549.  3198.  1619.  2049.  2990.  2753.  2872.  2587.  1393.  3198.
  1856.  2491.  2564.  2453.  2455.  3094.  1571.  1434.  3561.  3860.
  2586.  1217.  3425.  1428.   797.]
134 [ 2548.  3195.  1618.  2048.  2977.  2771.  2871.  2588.  1389.  3196.
  1856.  2489.  2564.  2454.  2457.  3095.  1569.  1435.  3561.  3859.
  2587.  1215.  3429.  1436.   793.]
135 [ 2546.  3192.  1615.  2045.  2969.  2790.  2870.  2587.  1396.  3195.
  1856.  2485.  2563.  2455.  2457.  3094.  1567.  1434.  3559.  3857.
  2589.  1212.  3434.  1439.   794.]
136 [ 2545.  3190.  1611.  2045.  2966.  2795.  2868.  2586.  1395.  3194.
  1857.  2482.  2560.  2454.  2456.  3097.  1567.  1433.  3563.  3854.
  2589.  1209.  3441.  1449.   794.]
137 [ 2546.  3189.  1606.  2045.  2963.  2814.  2867.  2587.  1393.  3194.
  1856.  2481.  2561.  2452.  2456.  3097.  1568.  1438.  3567.  3848.
  2585.  1190.  3444.  1456.   797.]
138 [ 2547.  3188.  1605.  2044.  2956.  2838.  2864.  2586.  1394.  3194.
  1854.  2481.  2558.  2451.  2456.  3098.  1569.  1441.  3572.  3845.
  2579.  1182.  3446.  1455.   797.]
139 [ 2548.  3189.  1602.  2043.  2950.  2847.  2862.  2585.  1395.  3195.
  1855.  2482.  2558.  2447.  2456.  3098.  1568.  1439.  3577.  3846.
  2576.  1182.  3444.  1459.   797.]
140 [ 2547.  3188.  1600.  2041.  2944.  2856.  2858.  2582.  1397.  3196.
  1857.  2483.  2559.  2445.  2456.  3098.  1568.  1439.  3581.  3843.
  2574.  1186.  3444.  1462.   796.]
141 [ 2548.  3186.  1601.  2041.  2939.  2859.  2860.  2582.  1397.  3195.
  1857.  2484.  2558.  2442.  2458.  3097.  1569.  1424.  3582.  3846.
  2571.  1184.  3448.  1478.   794.]
142 [ 2547.  3188.  1600.  2041.  2933.  2858.  2859.  2582.  1404.  3194.
  1858.  2485.  2555.  2441.  2459.  3097.  1569.  1419.  3581.  3843.
  2570.  1184.  3451.  1483.   799.]
143 [ 2545.  3189.  1597.  2040.  2929.  2865.  2858.  2581.  1412.  3194.
  1858.  2486.  2551.  2442.  2458.  3098.  1569.  1416.  3579.  3837.
  2572.  1185.  3452.  1489.   798.]
144 [ 2544.  3188.  1597.  2040.  2923.  2873.  2856.  2579.  1415.  3192.
  1856.  2486.  2548.  2442.  2457.  3100.  1569.  1408.  3579.  3840.
  2569.  1187.  3449.  1503.   800.]
145 [ 2546.  3188.  1593.  2038.  2924.  2873.  2852.  2578.  1422.  3189.
  1857.  2485.  2550.  2442.  2458.  3100.  1568.  1407.  3578.  3839.
  2568.  1190.  3450.  1506.   799.]
146 [ 2546.  3185.  1587.  2036.  2923.  2881.  2849.  2576.  1431.  3191.
  1858.  2484.  2549.  2443.  2457.  3098.  1568.  1406.  3580.  3838.
  2566.  1193.  3449.  1509.   797.]
147 [ 2547.  3183.  1582.  2038.  2923.  2884.  2850.  2573.  1444.  3188.
  1861.  2483.  2547.  2443.  2454.  3097.  1567.  1393.  3577.  3845.
  2564.  1195.  3450.  1515.   797.]
148 [ 2544.  3183.  1578.  2037.  2918.  2888.  2849.  2572.  1449.  3186.
  1861.  2482.  2543.  2442.  2453.  3099.  1567.  1388.  3577.  3847.
  2563.  1192.  3449.  1537.   796.]
149 [ 2544.  3181.  1572.  2036.  2914.  2894.  2848.  2573.  1460.  3184.
  1860.  2479.  2537.  2438.  2451.  3099.  1567.  1386.  3578.  3850.
  2566.  1190.  3449.  1546.   798.]
150 [ 2543.  3180.  1565.  2036.  2904.  2904.  2844.  2571.  1474.  3183.
  1862.  2480.  2529.  2437.  2450.  3098.  1567.  1382.  3579.  3845.
  2568.  1200.  3449.  1554.   796.]
151 [ 2547.  3177.  1566.  2036.  2897.  2922.  2840.  2569.  1489.  3182.
  1865.  2476.  2524.  2436.  2447.  3095.  1567.  1378.  3580.  3846.
  2569.  1201.  3448.  1557.   786.]
152 [ 2545.  3177.  1562.  2033.  2890.  2941.  2832.  2565.  1501.  3182.
  1866.  2474.  2513.  2435.  2447.  3096.  1568.  1369.  3579.  3846.
  2571.  1204.  3453.  1567.   784.]
153 [ 2543.  3178.  1565.  2030.  2888.  2970.  2828.  2561.  1516.  3182.
  1867.  2469.  2505.  2431.  2446.  3093.  1567.  1367.  3576.  3847.
  2568.  1204.  3450.  1569.   780.]
154 [ 2544.  3177.  1561.  2031.  2878.  2985.  2825.  2563.  1523.  3185.
  1871.  2468.  2497.  2430.  2446.  3089.  1567.  1368.  3582.  3849.
  2565.  1193.  3446.  1576.   781.]
155 [ 2544.  3179.  1561.  2029.  2881.  2994.  2822.  2563.  1534.  3194.
  1873.  2466.  2490.  2425.  2446.  3081.  1569.  1358.  3584.  3850.
  2563.  1179.  3443.  1585.   787.]
156 [ 2544.  3178.  1557.  2023.  2882.  3000.  2821.  2560.  1546.  3203.
  1873.  2466.  2491.  2420.  2444.  3078.  1567.  1351.  3586.  3850.
  2566.  1173.  3443.  1586.   792.]
157 [ 2544.  3173.  1561.  2019.  2881.  3009.  2819.  2557.  1553.  3209.
  1872.  2463.  2495.  2422.  2442.  3076.  1566.  1334.  3590.  3846.
  2570.  1173.  3446.  1587.   793.]
158 [ 2543.  3169.  1550.  2018.  2881.  3005.  2821.  2558.  1561.  3212.
  1871.  2460.  2498.  2421.  2442.  3073.  1562.  1333.  3590.  3846.
  2575.  1185.  3447.  1593.   786.]
159 [ 2541.  3165.  1542.  2016.  2878.  3009.  2821.  2557.  1563.  3222.
  1870.  2459.  2489.  2423.  2443.  3068.  1561.  1333.  3596.  3843.
  2576.  1195.  3448.  1600.   782.]
160 [ 2542.  3163.  1539.  2012.  2873.  3018.  2822.  2555.  1569.  3226.
  1871.  2455.  2486.  2421.  2445.  3064.  1561.  1328.  3599.  3838.
  2579.  1206.  3445.  1606.   777.]
161 [ 2544.  3159.  1539.  2010.  2872.  3025.  2820.  2556.  1584.  3227.
  1873.  2454.  2490.  2420.  2445.  3059.  1564.  1320.  3603.  3839.
  2578.  1196.  3444.  1605.   774.]
162 [ 2545.  3158.  1542.  2011.  2866.  3046.  2818.  2555.  1590.  3230.
  1876.  2451.  2477.  2420.  2445.  3057.  1565.  1301.  3604.  3834.
  2578.  1197.  3444.  1616.   774.]
163 [ 2547.  3155.  1535.  2011.  2857.  3059.  2817.  2555.  1603.  3234.
  1877.  2446.  2473.  2419.  2442.  3055.  1564.  1295.  3605.  3834.
  2581.  1197.  3443.  1618.   778.]
164 [ 2548.  3147.  1533.  2009.  2855.  3071.  2812.  2558.  1609.  3239.
  1878.  2436.  2482.  2419.  2441.  3051.  1566.  1282.  3609.  3834.
  2583.  1193.  3442.  1629.   774.]
165 [ 2547.  3142.  1530.  2008.  2847.  3083.  2807.  2560.  1611.  3243.
  1880.  2432.  2485.  2419.  2441.  3050.  1568.  1275.  3609.  3827.
  2590.  1188.  3442.  1644.   772.]
166 [ 2545.  3141.  1536.  2009.  2840.  3089.  2806.  2558.  1615.  3248.
  1882.  2423.  2482.  2419.  2444.  3051.  1567.  1262.  3610.  3828.
  2595.  1186.  3444.  1650.   770.]
167 [ 2544.  3143.  1532.  2007.  2836.  3085.  2805.  2558.  1625.  3250.
  1884.  2418.  2479.  2418.  2444.  3051.  1566.  1264.  3612.  3829.
  2598.  1187.  3454.  1644.   767.]
168 [ 2543.  3146.  1535.  2005.  2833.  3077.  2805.  2558.  1630.  3253.
  1888.  2416.  2478.  2418.  2444.  3054.  1564.  1263.  3613.  3826.
  2603.  1186.  3461.  1639.   762.]
169 [ 2540.  3146.  1538.  2004.  2833.  3078.  2805.  2557.  1632.  3253.
  1895.  2415.  2473.  2416.  2444.  3056.  1564.  1265.  3615.  3824.
  2606.  1183.  3465.  1635.   758.]
170 [ 2535.  3148.  1538.  2005.  2830.  3086.  2804.  2552.  1631.  3253.
  1901.  2412.  2475.  2415.  2444.  3055.  1563.  1268.  3616.  3823.
  2607.  1181.  3469.  1632.   757.]
171 [ 2532.  3146.  1541.  2008.  2826.  3092.  2805.  2550.  1629.  3253.
  1904.  2411.  2473.  2417.  2443.  3053.  1563.  1267.  3618.  3822.
  2607.  1174.  3472.  1632.   762.]
172 [ 2531.  3145.  1539.  2010.  2824.  3105.  2808.  2549.  1631.  3253.
  1904.  2412.  2471.  2419.  2441.  3052.  1560.  1268.  3617.  3823.
  2608.  1167.  3469.  1631.   763.]
173 [ 2531.  3141.  1541.  2011.  2824.  3112.  2808.  2546.  1630.  3255.
  1907.  2411.  2468.  2420.  2441.  3052.  1562.  1265.  3619.  3825.
  2606.  1167.  3470.  1632.   756.]
174 [ 2532.  3138.  1538.  2007.  2822.  3121.  2810.  2544.  1631.  3257.
  1909.  2413.  2466.  2421.  2440.  3052.  1563.  1266.  3623.  3819.
  2607.  1164.  3467.  1633.   757.]
175 [ 2530.  3136.  1540.  2008.  2817.  3130.  2808.  2543.  1630.  3254.
  1911.  2415.  2465.  2422.  2437.  3052.  1562.  1270.  3624.  3823.
  2608.  1165.  3465.  1631.   754.]
176 [ 2529.  3132.  1540.  2009.  2816.  3136.  2805.  2543.  1629.  3253.
  1912.  2418.  2463.  2426.  2436.  3050.  1560.  1274.  3625.  3823.
  2610.  1175.  3461.  1629.   746.]
177 [ 2527.  3132.  1541.  2009.  2813.  3141.  2804.  2541.  1630.  3251.
  1911.  2419.  2459.  2426.  2440.  3052.  1560.  1272.  3627.  3816.
  2615.  1188.  3461.  1631.   734.]
178 [ 2527.  3128.  1542.  2008.  2809.  3144.  2802.  2538.  1633.  3250.
  1912.  2423.  2455.  2426.  2440.  3052.  1560.  1273.  3634.  3823.
  2614.  1187.  3458.  1629.   733.]
179 [ 2525.  3125.  1543.  2007.  2806.  3140.  2802.  2535.  1637.  3252.
  1912.  2422.  2449.  2425.  2440.  3053.  1560.  1276.  3637.  3833.
  2621.  1180.  3457.  1626.   737.]
180 [ 2527.  3130.  1543.  2005.  2801.  3135.  2802.  2533.  1641.  3250.
  1912.  2424.  2441.  2426.  2439.  3055.  1559.  1273.  3644.  3831.
  2628.  1188.  3457.  1628.   728.]
181 [ 2527.  3129.  1544.  2005.  2798.  3142.  2800.  2532.  1642.  3252.
  1912.  2424.  2436.  2428.  2438.  3055.  1561.  1269.  3649.  3829.
  2630.  1187.  3457.  1635.   719.]
182 [ 2528.  3132.  1544.  2006.  2795.  3133.  2799.  2531.  1645.  3252.
  1912.  2426.  2428.  2426.  2439.  3054.  1559.  1270.  3651.  3830.
  2629.  1205.  3456.  1639.   711.]
183 [ 2530.  3137.  1544.  2007.  2794.  3119.  2799.  2531.  1648.  3257.
  1912.  2427.  2424.  2425.  2440.  3051.  1559.  1269.  3656.  3828.
  2633.  1206.  3451.  1645.   708.]
184 [ 2530.  3133.  1547.  2009.  2792.  3110.  2797.  2532.  1651.  3260.
  1911.  2427.  2417.  2425.  2440.  3049.  1559.  1272.  3661.  3826.
  2640.  1223.  3446.  1647.   696.]
185 [ 2529.  3136.  1547.  2010.  2791.  3099.  2797.  2532.  1657.  3256.
  1912.  2428.  2406.  2423.  2440.  3043.  1559.  1277.  3669.  3832.
  2645.  1246.  3440.  1644.   682.]
186 [ 2529.  3133.  1548.  2012.  2785.  3097.  2793.  2528.  1657.  3258.
  1915.  2431.  2393.  2423.  2441.  3035.  1559.  1281.  3684.  3811.
  2644.  1278.  3434.  1646.   685.]
187 [ 2524.  3128.  1549.  2009.  2782.  3093.  2790.  2526.  1657.  3258.
  1915.  2429.  2385.  2423.  2439.  3024.  1560.  1279.  3694.  3796.
  2648.  1327.  3430.  1649.   686.]
188 [ 2522.  3128.  1547.  2007.  2779.  3085.  2786.  2529.  1657.  3254.
  1916.  2428.  2379.  2424.  2437.  3020.  1560.  1279.  3703.  3782.
  2654.  1370.  3426.  1650.   678.]
189 [ 2524.  3122.  1546.  2006.  2780.  3064.  2782.  2531.  1657.  3253.
  1916.  2430.  2362.  2421.  2437.  3012.  1560.  1279.  3710.  3779.
  2659.  1418.  3420.  1652.   680.]
190 [ 2521.  3120.  1542.  1996.  2780.  3041.  2787.  2535.  1662.  3244.
  1916.  2433.  2363.  2420.  2436.  3011.  1559.  1281.  3721.  3779.
  2665.  1441.  3412.  1650.   685.]
191 [ 2515.  3118.  1538.  1986.  2783.  3019.  2785.  2534.  1665.  3237.
  1916.  2438.  2356.  2417.  2437.  3007.  1558.  1284.  3736.  3778.
  2668.  1481.  3407.  1649.   688.]
192 [ 2507.  3111.  1540.  1977.  2781.  3005.  2781.  2531.  1666.  3231.
  1915.  2442.  2343.  2415.  2440.  3004.  1558.  1282.  3743.  3773.
  2670.  1526.  3404.  1650.   705.]
193 [ 2501.  3107.  1538.  1975.  2784.  2991.  2771.  2533.  1670.  3231.
  1917.  2445.  2328.  2416.  2443.  3000.  1558.  1278.  3752.  3762.
  2672.  1570.  3399.  1647.   712.]
194 [ 2494.  3106.  1537.  1968.  2786.  2980.  2767.  2532.  1670.  3224.
  1916.  2447.  2324.  2412.  2444.  2994.  1555.  1277.  3758.  3755.
  2671.  1633.  3394.  1645.   711.]
195 [ 2489.  3096.  1537.  1961.  2789.  2974.  2766.  2529.  1670.  3216.
  1915.  2449.  2319.  2413.  2444.  2990.  1555.  1277.  3771.  3738.
  2676.  1687.  3391.  1644.   704.]
196 [ 2484.  3089.  1539.  1956.  2791.  2959.  2764.  2528.  1670.  3221.
  1913.  2446.  2315.  2412.  2445.  2991.  1555.  1277.  3785.  3732.
  2674.  1723.  3389.  1644.   698.]
197 [ 2474.  3090.  1539.  1950.  2790.  2959.  2760.  2529.  1670.  3219.
  1915.  2438.  2312.  2410.  2448.  2987.  1557.  1276.  3800.  3722.
  2675.  1768.  3386.  1644.   682.]
198 [ 2467.  3087.  1540.  1940.  2791.  2946.  2762.  2529.  1671.  3218.
  1916.  2438.  2310.  2409.  2446.  2983.  1561.  1275.  3807.  3718.
  2681.  1809.  3385.  1643.   668.]
199 [ 2464.  3087.  1541.  1932.  2793.  2933.  2772.  2527.  1671.  3217.
  1916.  2436.  2307.  2407.  2446.  2982.  1558.  1275.  3818.  3705.
  2683.  1834.  3383.  1643.   670.]
200 [ 2460.  3086.  1541.  1923.  2796.  2931.  2780.  2528.  1671.  3211.
  1918.  2431.  2301.  2408.  2447.  2981.  1556.  1274.  3828.  3690.
  2692.  1851.  3377.  1643.   676.]
201 [ 2455.  3084.  1543.  1918.  2798.  2919.  2788.  2527.  1671.  3206.
  1919.  2426.  2309.  2406.  2450.  2979.  1557.  1275.  3835.  3677.
  2695.  1859.  3372.  1643.   689.]
202 [ 2451.  3075.  1543.  1915.  2801.  2919.  2789.  2524.  1671.  3211.
  1917.  2427.  2305.  2407.  2450.  2975.  1557.  1273.  3842.  3667.
  2696.  1875.  3369.  1643.   698.]
203 [ 2443.  3070.  1543.  1910.  2800.  2914.  2788.  2522.  1670.  3208.
  1919.  2429.  2312.  2409.  2451.  2976.  1554.  1270.  3857.  3661.
  2694.  1886.  3366.  1643.   705.]
204 [ 2436.  3072.  1542.  1911.  2799.  2916.  2783.  2518.  1671.  3210.
  1921.  2431.  2315.  2409.  2451.  2968.  1551.  1270.  3873.  3643.
  2694.  1903.  3364.  1644.   705.]
205 [ 2430.  3069.  1541.  1912.  2797.  2919.  2781.  2518.  1671.  3212.
  1919.  2435.  2314.  2408.  2451.  2960.  1550.  1269.  3892.  3631.
  2695.  1916.  3360.  1644.   706.]
206 [ 2430.  3062.  1540.  1911.  2799.  2915.  2782.  2517.  1671.  3209.
  1917.  2435.  2319.  2408.  2451.  2956.  1548.  1269.  3899.  3621.
  2697.  1933.  3361.  1644.   706.]
207 [ 2430.  3057.  1541.  1911.  2800.  2908.  2781.  2515.  1671.  3210.
  1917.  2434.  2320.  2407.  2451.  2957.  1548.  1268.  3906.  3611.
  2697.  1948.  3362.  1643.   707.]
208 [ 2429.  3058.  1540.  1912.  2802.  2909.  2778.  2515.  1671.  3210.
  1917.  2429.  2321.  2407.  2453.  2958.  1547.  1266.  3905.  3608.
  2697.  1951.  3366.  1643.   708.]
209 [ 2428.  3062.  1540.  1911.  2804.  2907.  2779.  2514.  1671.  3207.
  1918.  2424.  2325.  2407.  2452.  2959.  1548.  1264.  3904.  3607.
  2700.  1956.  3365.  1643.   705.]
210 [ 2427.  3060.  1540.  1914.  2803.  2914.  2779.  2514.  1671.  3209.
  1919.  2419.  2326.  2406.  2452.  2959.  1549.  1261.  3904.  3606.
  2700.  1956.  3364.  1643.   705.]
211 [ 2427.  3059.  1541.  1914.  2802.  2921.  2779.  2514.  1671.  3211.
  1919.  2421.  2325.  2406.  2452.  2959.  1549.  1256.  3905.  3604.
  2697.  1959.  3361.  1644.   704.]
212 [ 2427.  3060.  1541.  1913.  2799.  2920.  2779.  2514.  1671.  3211.
  1920.  2420.  2326.  2406.  2453.  2959.  1549.  1256.  3907.  3604.
  2698.  1962.  3356.  1644.   705.]
213 [ 2427.  3060.  1542.  1915.  2797.  2919.  2780.  2515.  1671.  3211.
  1920.  2418.  2324.  2406.  2456.  2959.  1549.  1254.  3906.  3606.
  2701.  1964.  3350.  1644.   706.]
214 [ 2427.  3059.  1543.  1918.  2795.  2918.  2781.  2515.  1671.  3214.
  1920.  2418.  2324.  2406.  2456.  2958.  1550.  1252.  3906.  3606.
  2703.  1967.  3344.  1644.   705.]
215 [ 2427.  3063.  1544.  1918.  2795.  2916.  2781.  2515.  1671.  3216.
  1920.  2418.  2324.  2405.  2456.  2956.  1551.  1247.  3908.  3603.
  2703.  1969.  3343.  1645.   706.]
216 [ 2427.  3063.  1545.  1919.  2796.  2915.  2780.  2515.  1671.  3215.
  1920.  2417.  2326.  2404.  2456.  2957.  1550.  1242.  3910.  3603.
  2703.  1971.  3343.  1646.   706.]
217 [ 2426.  3062.  1545.  1919.  2793.  2921.  2780.  2514.  1671.  3214.
  1920.  2416.  2325.  2404.  2457.  2957.  1551.  1242.  3911.  3600.
  2703.  1971.  3345.  1646.   707.]
218 [ 2426.  3062.  1545.  1919.  2793.  2921.  2780.  2513.  1671.  3214.
  1920.  2414.  2326.  2404.  2457.  2957.  1551.  1242.  3911.  3600.
  2703.  1972.  3345.  1646.   708.]
219 [ 2426.  3061.  1545.  1919.  2793.  2923.  2780.  2514.  1671.  3215.
  1920.  2414.  2325.  2404.  2457.  2957.  1551.  1242.  3910.  3603.
  2703.  1970.  3343.  1646.   708.]
220 [ 2426.  3059.  1545.  1919.  2793.  2927.  2781.  2514.  1671.  3217.
  1920.  2412.  2325.  2404.  2457.  2956.  1551.  1242.  3910.  3602.
  2703.  1969.  3343.  1646.   708.]
221 [ 2426.  3059.  1545.  1919.  2792.  2927.  2781.  2516.  1671.  3219.
  1920.  2412.  2325.  2404.  2457.  2956.  1551.  1242.  3911.  3599.
  2703.  1966.  3343.  1646.   710.]
222 [ 2426.  3059.  1545.  1919.  2792.  2926.  2783.  2517.  1671.  3219.
  1920.  2412.  2326.  2404.  2457.  2956.  1552.  1242.  3913.  3596.
  2703.  1963.  3343.  1646.   710.]
223 [ 2426.  3059.  1545.  1919.  2792.  2924.  2783.  2517.  1671.  3220.
  1920.  2412.  2326.  2404.  2457.  2956.  1552.  1242.  3913.  3595.
  2703.  1965.  3343.  1646.   710.]
224 [ 2426.  3059.  1545.  1919.  2792.  2925.  2784.  2517.  1671.  3219.
  1920.  2411.  2326.  2404.  2457.  2956.  1552.  1242.  3914.  3594.
  2703.  1965.  3343.  1646.   710.]
225 [ 2426.  3060.  1545.  1919.  2792.  2926.  2784.  2517.  1671.  3219.
  1920.  2411.  2325.  2404.  2457.  2956.  1552.  1242.  3913.  3594.
  2704.  1965.  3343.  1646.   709.]
226 [ 2426.  3060.  1545.  1919.  2792.  2926.  2784.  2517.  1671.  3219.
  1920.  2412.  2324.  2404.  2457.  2956.  1552.  1242.  3912.  3594.
  2705.  1965.  3343.  1646.   709.]
227 [ 2426.  3060.  1545.  1919.  2792.  2926.  2784.  2517.  1671.  3219.
  1920.  2412.  2324.  2404.  2457.  2956.  1552.  1242.  3911.  3594.
  2706.  1965.  3343.  1646.   709.]
228 [ 2426.  3060.  1545.  1919.  2792.  2926.  2784.  2517.  1671.  3219.
  1920.  2412.  2324.  2404.  2457.  2956.  1552.  1242.  3912.  3594.
  2706.  1965.  3342.  1646.   709.]
[ 2426.  3060.  1545.  1919.  2792.  2926.  2784.  2517.  1671.  3219.
  1920.  2412.  2324.  2404.  2457.  2956.  1552.  1242.  3912.  3594.
  2706.  1965.  3342.  1646.   709.]
Time spent clustering :  10573.051158
medians_random_cluster25
Digit: 0  Purity: 88.0% SD: 1770.5  Count: 6104
Digit: 1  Purity: 83.6% SD: 1148.8  Count: 7758
Digit: 2  Purity: 72.3% SD: 1861.7  Count: 6311
Digit: 3  Purity: 63.5% SD: 1842.6  Count: 6618
Digit: 4  Purity: 59.6% SD: 1739.2  Count: 6016
Digit: 5  Purity: 44.1% SD: 1782.1  Count: 7229
Digit: 6  Purity: 90.0% SD: 1706.4  Count: 5196
Digit: 7  Purity: 66.9% SD: 1535.7  Count: 8207
Digit: 8  Purity: 82.3% SD: 1774.0  Count: 3342
Digit: 9  Purity: 54.1% SD: 1584.4  Count: 3219
Our accuracy in predicting test data for k = 25 was 70.697069707 %
Time spent testing :  21.9737520218
