13 medoids random 100
0 [ 13854.   2533.   7047.   2168.   1211.   3235.   3263.   7043.   5286.
   2149.   5278.   2630.   4303.]
1 [ 14097.   2561.   6855.   2183.   1225.   3078.   3424.   7207.   5405.
   2189.   5000.   2427.   4349.]
2 [ 14026.   2540.   6840.   2180.   1223.   3078.   3432.   7208.   5743.
   2215.   4713.   2453.   4349.]
[ 14026.   2540.   6840.   2180.   1223.   3078.   3432.   7208.   5743.
   2215.   4713.   2453.   4349.]
Time spent clustering :  432.283147812
medoids_random_cluster13
Digit: 0  Purity: 90.4% SD: 2102.8  Count: 4349
Digit: 1  Purity: 49.4% SD: 1624.3  Count: 12951
Digit: 2  Purity: 60.9% SD: 2158.6  Count: 4633
Digit: 3  Purity: 50.7% SD: 2059.8  Count: 6840
Digit: 4  Purity: 32.5% SD: 2007.9  Count: 14026
Digit: 5  Purity: 54.5% SD: 2034.0  Count: 3432
Digit: 6  Purity: 54.6% SD: 2028.5  Count: 9056
Digit: 7  Purity: 29.2% SD: 1965.6  Count: 4713
Digit: 8  Purity:  0.0% SD:    0.0  Count: 0
Digit: 9  Purity:  0.0% SD:    0.0  Count: 0
Our accuracy in predicting test data for k = 13 was 49.2949294929 %
Time spent testing :  27.7128939629
