14 medoids kplusplus 100
0 [ 2674.  2693.  2608.  7575.  3886.  2271.  2635.  4345.  4030.  6104.
  4901.  2620.  3910.  9748.]
1 [ 2661.  2784.  2647.  6894.  3997.  2260.  2631.  4527.  3868.  6139.
  4784.  3133.  4070.  9605.]
2 [ 2666.  2849.  2644.  6780.  3927.  2287.  2635.  4960.  3814.  6123.
  4481.  3087.  4333.  9414.]
[ 2666.  2849.  2644.  6780.  3927.  2287.  2635.  4960.  3814.  6123.
  4481.  3087.  4333.  9414.]
Time spent clustering :  1805.20397615
medoids_kplusplus_cluster14
Digit: 0  Purity: 60.5% SD: 2115.8  Count: 8789
Digit: 1  Purity: 39.0% SD: 1727.9  Count: 17155
Digit: 2  Purity: 90.1% SD: 2177.4  Count: 2635
Digit: 3  Purity: 59.2% SD: 2041.4  Count: 6780
Digit: 4  Purity: 47.2% SD: 2052.5  Count: 6620
Digit: 5  Purity:  0.0% SD:    0.0  Count: 0
Digit: 6  Purity:  0.0% SD:    0.0  Count: 0
Digit: 7  Purity: 80.2% SD: 1718.7  Count: 5493
Digit: 8  Purity: 73.2% SD: 1987.6  Count: 3087
Digit: 9  Purity: 39.5% SD: 1816.1  Count: 9441
Our accuracy in predicting test data for k = 14 was 53.7553755376 %
Time spent testing :  84.1554019451
