12 medoids kplusplus 100
0 [ 9636.  3267.  5768.  6488.  4619.  3233.  5231.  9603.  1396.  2772.
  5115.  2872.]
1 [ 8599.  3531.  5856.  7033.  4683.  3415.  5490.  9285.  1428.  2470.
  5125.  3085.]
2 [ 7171.  3735.  5940.  8299.  4705.  3343.  5521.  9542.  1385.  2172.
  5119.  3068.]
[ 7171.  3735.  5940.  8299.  4705.  3343.  5521.  9542.  1385.  2172.
  5119.  3068.]
Time spent clustering :  1471.17604089
medoids_kplusplus_cluster12
Digit: 0  Purity: 78.3% SD: 2053.3  Count: 5907
Digit: 1  Purity: 43.4% SD: 1687.6  Count: 15470
Digit: 2  Purity:  0.0% SD:    0.0  Count: 0
Digit: 3  Purity: 59.8% SD: 2110.8  Count: 5119
Digit: 4  Purity:  0.0% SD:    0.0  Count: 0
Digit: 5  Purity:  0.0% SD:    0.0  Count: 0
Digit: 6  Purity: 40.6% SD: 2088.7  Count: 10645
Digit: 7  Purity: 45.2% SD: 1792.7  Count: 8589
Digit: 8  Purity: 53.0% SD: 2048.6  Count: 4728
Digit: 9  Purity: 27.9% SD: 1999.8  Count: 9542
Our accuracy in predicting test data for k = 12 was 46.5946594659 %
Time spent testing :  73.9987797737
