30 medoids kplusplus 100
0 [ 3074.  2111.   462.  2165.  2916.  1403.   887.  2199.  1455.  2194.
  1474.  2413.  1915.  2363.  1489.  1897.  2164.  2948.  2305.  3807.
  1883.   978.  2446.  2225.  2080.  2372.  1168.  1532.   466.  3209.]
1 [ 2900.  2120.   448.  2181.  2970.  1402.  1110.  2119.  1528.  2152.
  1610.  2306.  1867.  2361.  1839.  1901.  2057.  2893.  2365.  3915.
  1808.  1179.  2627.  2220.  1858.  2285.  1149.  1421.   466.  2943.]
2 [ 2875.  2078.   454.  2163.  2953.  1402.  1445.  1981.  1626.  2162.
  1938.  2312.  1839.  2240.  1812.  1882.  1838.  2782.  2214.  3778.
  2260.  1220.  2620.  2220.  1734.  2257.  1148.  1404.   463.  2900.]
[ 2875.  2078.   454.  2163.  2953.  1402.  1445.  1981.  1626.  2162.
  1938.  2312.  1839.  2240.  1812.  1882.  1838.  2782.  2214.  3778.
  2260.  1220.  2620.  2220.  1734.  2257.  1148.  1404.   463.  2900.]
Time spent clustering :  4383.14736199
medoids_kplusplus_cluster30
Digit: 0  Purity: 83.0% SD: 1919.3  Count: 6237
Digit: 1  Purity: 65.7% SD: 1376.3  Count: 9360
Digit: 2  Purity: 64.5% SD: 1995.4  Count: 2260
Digit: 3  Purity: 64.8% SD: 1957.7  Count: 7012
Digit: 4  Purity: 58.0% SD: 1801.1  Count: 5516
Digit: 5  Purity: 36.8% SD: 1843.4  Count: 5716
Digit: 6  Purity: 67.4% SD: 1931.4  Count: 7201
Digit: 7  Purity: 82.2% SD: 1674.4  Count: 5095
Digit: 8  Purity: 78.7% SD: 1914.8  Count: 3388
Digit: 9  Purity: 44.8% SD: 1765.6  Count: 8215
Our accuracy in predicting test data for k = 30 was 63.5363536354 %
Time spent testing :  127.423957109
