30 means random 100
0 [ 3877.  2070.   257.  1015.  2727.  3557.  3908.  1206.  2772.   932.
  1419.  1103.   559.  4292.  1122.  1686.  6498.  1083.  2937.   758.
   618.  1032.  1328.  1033.  6562.  2205.  1183.   925.   572.   764.]
1 [ 4462.  1833.   642.  1204.  2280.  3485.  4865.  1586.  2566.  1098.
  1941.  1213.  1011.  3362.  1737.  1699.  4049.  1431.  3161.   740.
   798.   905.  1648.  1053.  4935.  1826.  1214.  1387.   883.   986.]
2 [ 4272.  1873.   854.  1560.  1835.  3532.  5150.  1738.  2252.  1260.
  2383.  1304.  1311.  3085.  1835.  1640.  3060.  1429.  3008.   783.
   949.   869.  1837.   996.  4477.  1628.  1267.  1668.  1015.  1130.]
3 [ 4175.  1982.   947.  1706.  1800.  3505.  4971.  1721.  2053.  1366.
  2554.  1389.  1370.  2898.  1716.  1722.  2990.  1420.  2995.   825.
  1098.   854.  1944.  1016.  4088.  1458.  1304.  1834.  1099.  1200.]
4 [ 4143.  2039.   992.  1803.  1858.  3495.  4737.  1664.  1921.  1437.
  2692.  1431.  1323.  2751.  1643.  1755.  3150.  1410.  2982.   843.
  1200.   844.  1951.  1071.  3814.  1365.  1362.  1926.  1202.  1196.]
5 [ 4131.  2054.  1018.  1897.  1908.  3469.  4586.  1600.  1841.  1488.
  2768.  1451.  1276.  2600.  1615.  1754.  3270.  1408.  2968.   848.
  1272.   838.  1967.  1112.  3658.  1305.  1394.  1984.  1328.  1192.]
6 [ 4115.  2054.  1012.  1959.  2000.  3419.  4490.  1549.  1806.  1511.
  2776.  1486.  1253.  2488.  1660.  1761.  3314.  1415.  2923.   881.
  1305.   839.  1966.  1119.  3560.  1268.  1419.  2024.  1444.  1184.]
7 [ 4090.  2042.  1023.  2001.  2064.  3370.  4377.  1487.  1786.  1548.
  2764.  1516.  1256.  2445.  1759.  1750.  3323.  1422.  2892.   905.
  1356.   835.  1966.  1130.  3482.  1228.  1433.  2037.  1537.  1176.]
8 [ 4050.  2029.  1038.  2038.  2101.  3306.  4255.  1449.  1788.  1576.
  2742.  1534.  1272.  2422.  1880.  1747.  3325.  1415.  2844.   921.
  1388.   843.  1984.  1152.  3438.  1197.  1430.  2046.  1609.  1181.]
9 [ 4008.  2009.  1051.  2075.  2124.  3246.  4089.  1455.  1792.  1604.
  2718.  1550.  1287.  2387.  2092.  1754.  3249.  1415.  2786.   941.
  1417.   847.  2033.  1168.  3412.  1172.  1441.  2030.  1663.  1185.]
10 [ 3982.  1992.  1075.  2117.  2144.  3198.  3895.  1448.  1845.  1629.
  2672.  1555.  1301.  2345.  2332.  1765.  3163.  1432.  2724.   945.
  1437.   845.  2094.  1181.  3386.  1144.  1434.  2028.  1703.  1189.]
11 [ 3973.  1960.  1099.  2170.  2163.  3159.  3701.  1451.  1899.  1656.
  2604.  1568.  1309.  2307.  2587.  1771.  3074.  1442.  2667.   945.
  1463.   845.  2128.  1189.  3374.  1122.  1440.  2018.  1725.  1191.]
12 [ 4000.  1940.  1117.  2218.  2174.  3103.  3575.  1443.  1950.  1684.
  2516.  1569.  1317.  2279.  2789.  1779.  3014.  1453.  2603.   964.
  1473.   841.  2147.  1201.  3367.  1103.  1442.  2015.  1734.  1190.]
13 [ 4031.  1915.  1142.  2259.  2175.  3054.  3511.  1417.  2001.  1704.
  2440.  1578.  1323.  2239.  2948.  1780.  3009.  1461.  2539.   978.
  1475.   833.  2150.  1218.  3365.  1085.  1436.  2008.  1735.  1191.]
14 [ 4047.  1888.  1155.  2282.  2176.  3023.  3481.  1399.  2030.  1719.
  2370.  1599.  1327.  2206.  3045.  1797.  3041.  1471.  2487.   977.
  1469.   838.  2137.  1232.  3356.  1073.  1437.  2008.  1738.  1192.]
15 [ 4061.  1866.  1161.  2304.  2166.  3001.  3458.  1382.  2045.  1729.
  2322.  1607.  1334.  2179.  3116.  1800.  3110.  1481.  2432.   990.
  1468.   845.  2120.  1247.  3354.  1067.  1436.  2010.  1717.  1192.]
16 [ 4064.  1850.  1164.  2336.  2155.  2973.  3445.  1371.  2059.  1735.
  2292.  1620.  1347.  2132.  3173.  1796.  3158.  1489.  2391.   993.
  1480.   856.  2105.  1280.  3358.  1059.  1431.  1998.  1697.  1193.]
17 [ 4064.  1840.  1172.  2385.  2146.  2955.  3417.  1357.  2069.  1747.
  2265.  1635.  1360.  2083.  3218.  1788.  3197.  1484.  2367.  1007.
  1485.   856.  2099.  1310.  3358.  1046.  1431.  1990.  1671.  1198.]
18 [ 4068.  1824.  1190.  2407.  2141.  2939.  3402.  1353.  2076.  1755.
  2258.  1650.  1365.  2030.  3244.  1792.  3236.  1484.  2334.  1021.
  1477.   854.  2079.  1342.  3356.  1040.  1435.  1989.  1659.  1200.]
19 [ 4065.  1806.  1200.  2441.  2126.  2934.  3390.  1362.  2074.  1759.
  2253.  1670.  1365.  2002.  3274.  1793.  3233.  1482.  2322.  1037.
  1469.   857.  2053.  1352.  3362.  1036.  1445.  1984.  1650.  1204.]
20 [ 4057.  1786.  1217.  2472.  2117.  2933.  3387.  1366.  2073.  1768.
  2252.  1686.  1363.  1992.  3312.  1793.  3217.  1476.  2294.  1050.
  1463.   861.  2025.  1345.  3369.  1030.  1451.  1982.  1658.  1205.]
21 [ 4045.  1763.  1231.  2493.  2115.  2921.  3374.  1367.  2064.  1773.
  2253.  1704.  1362.  1969.  3333.  1802.  3220.  1480.  2282.  1062.
  1457.   866.  2016.  1340.  3369.  1030.  1471.  1974.  1657.  1207.]
22 [ 4033.  1737.  1250.  2504.  2110.  2924.  3385.  1376.  2050.  1778.
  2246.  1721.  1362.  1947.  3333.  1808.  3227.  1481.  2257.  1060.
  1460.   874.  1998.  1352.  3374.  1029.  1469.  1977.  1676.  1202.]
23 [ 4023.  1719.  1261.  2516.  2098.  2917.  3380.  1372.  2053.  1787.
  2250.  1730.  1361.  1934.  3349.  1812.  3217.  1486.  2239.  1072.
  1453.   889.  1990.  1344.  3381.  1029.  1469.  1974.  1692.  1203.]
24 [ 4015.  1709.  1281.  2534.  2091.  2915.  3369.  1381.  2053.  1795.
  2248.  1740.  1362.  1912.  3359.  1807.  3219.  1491.  2220.  1074.
  1452.   895.  1988.  1340.  3384.  1033.  1470.  1965.  1698.  1200.]
25 [ 4006.  1702.  1287.  2553.  2076.  2907.  3356.  1387.  2046.  1804.
  2251.  1738.  1365.  1894.  3369.  1806.  3210.  1497.  2219.  1088.
  1451.   898.  1991.  1340.  3383.  1042.  1472.  1962.  1703.  1197.]
26 [ 3997.  1692.  1300.  2566.  2057.  2901.  3364.  1383.  2036.  1811.
  2255.  1746.  1364.  1879.  3363.  1813.  3193.  1502.  2219.  1096.
  1454.   902.  1992.  1338.  3385.  1046.  1474.  1961.  1714.  1197.]
27 [ 3985.  1683.  1316.  2574.  2041.  2886.  3368.  1392.  2030.  1805.
  2265.  1755.  1363.  1858.  3364.  1819.  3169.  1508.  2231.  1100.
  1450.   909.  1984.  1344.  3388.  1050.  1478.  1963.  1720.  1202.]
28 [ 3977.  1673.  1327.  2577.  2018.  2871.  3376.  1394.  2035.  1806.
  2270.  1760.  1364.  1813.  3373.  1823.  3157.  1514.  2230.  1117.
  1450.   917.  1983.  1365.  3390.  1054.  1477.  1955.  1730.  1204.]
29 [ 3971.  1664.  1348.  2584.  1999.  2871.  3391.  1393.  2039.  1804.
  2273.  1760.  1364.  1786.  3365.  1830.  3152.  1526.  2227.  1119.
  1450.   933.  1983.  1357.  3388.  1053.  1480.  1947.  1739.  1204.]
30 [ 3965.  1660.  1373.  2593.  1990.  2864.  3396.  1395.  2040.  1800.
  2289.  1761.  1362.  1767.  3350.  1833.  3141.  1530.  2230.  1119.
  1450.   950.  1985.  1349.  3388.  1051.  1483.  1946.  1734.  1206.]
31 [ 3957.  1655.  1378.  2595.  1975.  2856.  3413.  1397.  2042.  1800.
  2294.  1764.  1360.  1759.  3348.  1833.  3118.  1537.  2230.  1114.
  1453.   968.  1979.  1352.  3394.  1061.  1478.  1947.  1735.  1208.]
32 [ 3953.  1645.  1374.  2600.  1965.  2857.  3424.  1399.  2036.  1802.
  2304.  1766.  1349.  1758.  3350.  1833.  3104.  1539.  2226.  1129.
  1456.   982.  1977.  1343.  3397.  1068.  1476.  1942.  1737.  1209.]
33 [ 3950.  1634.  1372.  2604.  1947.  2860.  3436.  1401.  2034.  1803.
  2313.  1769.  1345.  1753.  3342.  1832.  3093.  1548.  2221.  1130.
  1453.   994.  1976.  1347.  3398.  1073.  1478.  1942.  1736.  1216.]
34 [ 3950.  1620.  1369.  2603.  1938.  2863.  3435.  1402.  2030.  1806.
  2324.  1779.  1340.  1743.  3341.  1831.  3086.  1551.  2219.  1131.
  1454.  1015.  1975.  1351.  3400.  1075.  1474.  1947.  1738.  1210.]
35 [ 3953.  1604.  1358.  2603.  1928.  2860.  3430.  1403.  2029.  1809.
  2336.  1790.  1338.  1735.  3346.  1829.  3077.  1557.  2217.  1135.
  1457.  1032.  1972.  1359.  3400.  1080.  1471.  1947.  1736.  1209.]
36 [ 3953.  1591.  1349.  2606.  1925.  2853.  3432.  1403.  2026.  1810.
  2344.  1794.  1334.  1733.  3351.  1830.  3070.  1568.  2214.  1143.
  1459.  1047.  1970.  1353.  3399.  1079.  1472.  1940.  1737.  1215.]
37 [ 3953.  1582.  1347.  2607.  1919.  2853.  3436.  1403.  2023.  1814.
  2349.  1797.  1331.  1744.  3350.  1832.  3063.  1576.  2212.  1133.
  1460.  1065.  1970.  1356.  3399.  1078.  1471.  1935.  1736.  1206.]
38 [ 3952.  1576.  1343.  2607.  1915.  2852.  3432.  1402.  2022.  1813.
  2355.  1799.  1326.  1741.  3357.  1833.  3059.  1582.  2211.  1131.
  1461.  1079.  1970.  1365.  3399.  1078.  1471.  1933.  1734.  1202.]
39 [ 3953.  1570.  1348.  2605.  1914.  2848.  3429.  1401.  2023.  1813.
  2360.  1796.  1321.  1732.  3367.  1836.  3051.  1589.  2213.  1117.
  1462.  1089.  1968.  1376.  3401.  1073.  1471.  1933.  1734.  1207.]
40 [ 3954.  1564.  1342.  2600.  1906.  2847.  3430.  1399.  2025.  1812.
  2363.  1800.  1314.  1734.  3369.  1837.  3046.  1593.  2215.  1107.
  1462.  1098.  1970.  1384.  3402.  1077.  1470.  1931.  1732.  1217.]
41 [ 3956.  1560.  1337.  2594.  1902.  2846.  3431.  1397.  2025.  1812.
  2367.  1805.  1308.  1727.  3364.  1839.  3045.  1598.  2216.  1105.
  1462.  1102.  1971.  1395.  3402.  1080.  1470.  1932.  1729.  1223.]
42 [ 3956.  1551.  1338.  2594.  1895.  2849.  3426.  1396.  2027.  1812.
  2371.  1809.  1303.  1730.  3360.  1841.  3044.  1603.  2216.  1098.
  1462.  1103.  1970.  1407.  3401.  1081.  1472.  1931.  1729.  1225.]
43 [ 3957.  1548.  1336.  2596.  1891.  2850.  3428.  1396.  2024.  1812.
  2374.  1807.  1302.  1725.  3355.  1843.  3041.  1614.  2218.  1089.
  1462.  1103.  1969.  1416.  3399.  1083.  1473.  1931.  1728.  1230.]
44 [ 3958.  1543.  1334.  2597.  1878.  2851.  3426.  1395.  2023.  1813.
  2377.  1810.  1300.  1738.  3355.  1841.  3035.  1619.  2218.  1089.
  1462.  1104.  1967.  1424.  3398.  1084.  1472.  1929.  1729.  1231.]
45 [ 3958.  1540.  1327.  2597.  1864.  2853.  3429.  1394.  2022.  1813.
  2378.  1810.  1296.  1748.  3351.  1839.  3032.  1624.  2219.  1087.
  1462.  1107.  1967.  1430.  3399.  1089.  1473.  1929.  1729.  1234.]
46 [ 3959.  1532.  1325.  2596.  1844.  2852.  3431.  1396.  2022.  1813.
  2379.  1811.  1297.  1759.  3352.  1838.  3029.  1626.  2219.  1085.
  1460.  1109.  1970.  1436.  3400.  1088.  1476.  1931.  1729.  1236.]
47 [ 3960.  1531.  1322.  2596.  1826.  2852.  3433.  1396.  2022.  1813.
  2378.  1813.  1292.  1770.  3354.  1840.  3024.  1627.  2220.  1084.
  1459.  1110.  1971.  1440.  3401.  1087.  1477.  1933.  1730.  1239.]
48 [ 3961.  1532.  1320.  2597.  1814.  2850.  3436.  1396.  2021.  1813.
  2377.  1812.  1294.  1776.  3359.  1840.  3019.  1627.  2221.  1082.
  1459.  1111.  1971.  1445.  3401.  1088.  1479.  1933.  1730.  1236.]
49 [ 3964.  1531.  1319.  2598.  1808.  2852.  3434.  1396.  2021.  1812.
  2378.  1811.  1293.  1772.  3369.  1840.  3010.  1628.  2221.  1081.
  1459.  1111.  1971.  1455.  3400.  1089.  1479.  1934.  1730.  1234.]
50 [ 3964.  1531.  1323.  2597.  1811.  2850.  3437.  1396.  2021.  1812.
  2378.  1811.  1290.  1769.  3373.  1840.  3003.  1629.  2223.  1081.
  1459.  1108.  1972.  1455.  3400.  1088.  1479.  1935.  1730.  1235.]
51 [ 3968.  1531.  1324.  2597.  1811.  2847.  3439.  1396.  2020.  1812.
  2378.  1811.  1291.  1767.  3374.  1840.  2996.  1629.  2228.  1081.
  1459.  1105.  1973.  1459.  3398.  1089.  1479.  1935.  1730.  1233.]
52 [ 3970.  1531.  1324.  2595.  1810.  2849.  3434.  1396.  2021.  1812.
  2383.  1809.  1290.  1761.  3373.  1840.  2990.  1629.  2231.  1081.
  1459.  1105.  1974.  1469.  3398.  1090.  1478.  1936.  1730.  1232.]
53 [ 3972.  1529.  1323.  2592.  1809.  2848.  3434.  1396.  2021.  1812.
  2387.  1808.  1289.  1756.  3370.  1840.  2989.  1629.  2233.  1083.
  1459.  1106.  1976.  1474.  3398.  1090.  1478.  1937.  1730.  1232.]
54 [ 3973.  1529.  1323.  2591.  1806.  2848.  3432.  1396.  2020.  1813.
  2391.  1808.  1290.  1750.  3371.  1839.  2985.  1629.  2236.  1085.
  1459.  1106.  1977.  1479.  3398.  1089.  1478.  1937.  1730.  1232.]
55 [ 3973.  1529.  1321.  2589.  1802.  2848.  3438.  1397.  2020.  1813.
  2393.  1807.  1291.  1744.  3371.  1839.  2980.  1630.  2236.  1089.
  1459.  1106.  1976.  1484.  3398.  1089.  1478.  1941.  1730.  1229.]
56 [ 3974.  1531.  1319.  2589.  1799.  2849.  3444.  1398.  2019.  1813.
  2395.  1807.  1291.  1738.  3369.  1840.  2976.  1630.  2234.  1092.
  1460.  1108.  1976.  1485.  3398.  1089.  1478.  1940.  1730.  1229.]
57 [ 3975.  1531.  1318.  2590.  1796.  2850.  3446.  1398.  2018.  1814.
  2399.  1808.  1291.  1734.  3364.  1840.  2973.  1630.  2233.  1093.
  1461.  1108.  1976.  1491.  3398.  1089.  1478.  1939.  1730.  1229.]
58 [ 3979.  1529.  1318.  2589.  1791.  2853.  3445.  1399.  2019.  1814.
  2404.  1810.  1290.  1728.  3363.  1840.  2968.  1631.  2233.  1093.
  1461.  1107.  1976.  1496.  3398.  1089.  1478.  1939.  1730.  1230.]
59 [ 3981.  1529.  1313.  2589.  1787.  2853.  3446.  1399.  2020.  1814.
  2406.  1808.  1289.  1724.  3364.  1840.  2964.  1633.  2233.  1093.
  1461.  1107.  1976.  1503.  3398.  1090.  1478.  1939.  1730.  1233.]
60 [ 3982.  1530.  1312.  2588.  1781.  2856.  3444.  1399.  2020.  1814.
  2409.  1807.  1290.  1721.  3365.  1840.  2960.  1634.  2234.  1095.
  1461.  1107.  1976.  1508.  3398.  1090.  1478.  1939.  1729.  1233.]
61 [ 3981.  1531.  1311.  2587.  1777.  2857.  3439.  1399.  2022.  1814.
  2414.  1804.  1290.  1722.  3363.  1840.  2958.  1637.  2235.  1095.
  1461.  1108.  1977.  1513.  3397.  1090.  1477.  1940.  1729.  1232.]
62 [ 3981.  1531.  1310.  2587.  1772.  2865.  3435.  1399.  2019.  1814.
  2415.  1803.  1290.  1723.  3361.  1840.  2955.  1638.  2236.  1094.
  1464.  1109.  1977.  1518.  3396.  1089.  1477.  1940.  1729.  1233.]
63 [ 3981.  1531.  1308.  2587.  1770.  2866.  3434.  1399.  2016.  1814.
  2416.  1801.  1289.  1721.  3362.  1840.  2954.  1640.  2236.  1092.
  1465.  1111.  1980.  1523.  3395.  1087.  1477.  1939.  1729.  1237.]
64 [ 3982.  1532.  1306.  2588.  1769.  2866.  3435.  1399.  2014.  1814.
  2416.  1798.  1288.  1708.  3362.  1841.  2953.  1642.  2236.  1088.
  1466.  1115.  1980.  1535.  3393.  1088.  1478.  1941.  1730.  1237.]
65 [ 3985.  1533.  1306.  2589.  1765.  2867.  3438.  1399.  2013.  1815.
  2416.  1796.  1287.  1700.  3360.  1841.  2951.  1643.  2236.  1086.
  1467.  1116.  1978.  1544.  3393.  1088.  1478.  1940.  1732.  1238.]
66 [ 3985.  1535.  1307.  2588.  1765.  2866.  3441.  1399.  2010.  1816.
  2416.  1794.  1285.  1700.  3360.  1841.  2948.  1643.  2237.  1086.
  1469.  1115.  1980.  1546.  3392.  1088.  1478.  1940.  1732.  1238.]
67 [ 3986.  1537.  1307.  2588.  1766.  2865.  3443.  1399.  2008.  1817.
  2416.  1793.  1281.  1696.  3360.  1841.  2944.  1643.  2239.  1086.
  1472.  1115.  1980.  1551.  3392.  1088.  1477.  1939.  1733.  1238.]
68 [ 3985.  1538.  1307.  2586.  1767.  2867.  3443.  1400.  2008.  1816.
  2417.  1792.  1275.  1697.  3357.  1842.  2940.  1644.  2240.  1086.
  1476.  1115.  1979.  1557.  3393.  1088.  1477.  1937.  1733.  1238.]
69 [ 3984.  1539.  1306.  2586.  1764.  2868.  3445.  1401.  2009.  1818.
  2417.  1791.  1274.  1695.  3355.  1844.  2938.  1644.  2240.  1086.
  1478.  1115.  1977.  1562.  3394.  1088.  1477.  1934.  1733.  1238.]
70 [ 3983.  1545.  1305.  2586.  1761.  2868.  3446.  1401.  2008.  1818.
  2416.  1787.  1273.  1694.  3355.  1844.  2937.  1644.  2241.  1086.
  1480.  1115.  1978.  1564.  3394.  1089.  1477.  1934.  1733.  1238.]
71 [ 3983.  1547.  1305.  2586.  1756.  2868.  3446.  1401.  2008.  1818.
  2414.  1783.  1272.  1700.  3355.  1844.  2936.  1646.  2241.  1086.
  1482.  1115.  1981.  1563.  3394.  1089.  1477.  1933.  1733.  1238.]
72 [ 3984.  1550.  1305.  2586.  1750.  2867.  3446.  1400.  2009.  1818.
  2413.  1778.  1272.  1703.  3353.  1844.  2936.  1648.  2241.  1086.
  1483.  1115.  1982.  1566.  3394.  1089.  1477.  1934.  1733.  1238.]
73 [ 3984.  1552.  1305.  2587.  1745.  2867.  3446.  1400.  2008.  1819.
  2413.  1770.  1272.  1707.  3354.  1844.  2935.  1654.  2241.  1086.
  1484.  1115.  1981.  1567.  3394.  1089.  1477.  1933.  1734.  1237.]
74 [ 3984.  1553.  1305.  2586.  1744.  2867.  3445.  1401.  2008.  1819.
  2413.  1768.  1271.  1708.  3355.  1844.  2934.  1656.  2241.  1089.
  1484.  1115.  1979.  1567.  3394.  1089.  1478.  1934.  1735.  1234.]
75 [ 3984.  1551.  1305.  2584.  1742.  2866.  3444.  1402.  2006.  1819.
  2413.  1770.  1272.  1709.  3358.  1845.  2934.  1657.  2241.  1090.
  1485.  1115.  1978.  1566.  3394.  1089.  1478.  1936.  1735.  1232.]
76 [ 3983.  1549.  1305.  2584.  1740.  2866.  3444.  1402.  2007.  1819.
  2413.  1768.  1272.  1710.  3356.  1845.  2934.  1659.  2241.  1089.
  1486.  1115.  1981.  1567.  3395.  1089.  1478.  1936.  1735.  1232.]
77 [ 3982.  1551.  1305.  2584.  1740.  2866.  3444.  1401.  2008.  1818.
  2413.  1769.  1272.  1709.  3357.  1845.  2933.  1659.  2241.  1089.
  1486.  1115.  1981.  1566.  3396.  1089.  1478.  1936.  1735.  1232.]
78 [ 3982.  1551.  1305.  2584.  1740.  2867.  3444.  1401.  2008.  1819.
  2413.  1768.  1272.  1709.  3355.  1845.  2933.  1659.  2241.  1089.
  1486.  1115.  1981.  1566.  3396.  1089.  1479.  1936.  1735.  1232.]
79 [ 3981.  1552.  1305.  2583.  1740.  2867.  3444.  1401.  2008.  1819.
  2413.  1770.  1272.  1709.  3355.  1845.  2933.  1659.  2241.  1089.
  1485.  1115.  1980.  1566.  3396.  1089.  1480.  1936.  1735.  1232.]
80 [ 3981.  1550.  1305.  2582.  1740.  2867.  3444.  1401.  2008.  1818.
  2413.  1774.  1272.  1709.  3355.  1845.  2933.  1660.  2241.  1089.
  1486.  1115.  1980.  1566.  3395.  1089.  1480.  1936.  1734.  1232.]
81 [ 3981.  1546.  1305.  2582.  1740.  2867.  3443.  1401.  2008.  1817.
  2413.  1779.  1272.  1709.  3355.  1846.  2933.  1660.  2241.  1089.
  1486.  1115.  1980.  1566.  3395.  1089.  1481.  1935.  1734.  1232.]
82 [ 3981.  1544.  1305.  2582.  1740.  2867.  3440.  1402.  2008.  1818.
  2413.  1781.  1272.  1709.  3355.  1846.  2933.  1661.  2241.  1089.
  1486.  1115.  1980.  1566.  3395.  1089.  1482.  1934.  1734.  1232.]
83 [ 3981.  1543.  1305.  2582.  1740.  2867.  3439.  1404.  2007.  1818.
  2412.  1782.  1272.  1709.  3355.  1846.  2933.  1661.  2242.  1089.
  1486.  1115.  1979.  1566.  3395.  1089.  1482.  1935.  1734.  1232.]
84 [ 3982.  1540.  1305.  2582.  1740.  2867.  3439.  1405.  2006.  1818.
  2412.  1786.  1272.  1709.  3354.  1846.  2933.  1661.  2242.  1089.
  1486.  1115.  1978.  1566.  3395.  1089.  1482.  1935.  1734.  1232.]
85 [ 3981.  1538.  1305.  2581.  1740.  2867.  3439.  1407.  2006.  1818.
  2412.  1788.  1272.  1709.  3354.  1846.  2933.  1663.  2242.  1089.
  1486.  1115.  1976.  1565.  3395.  1089.  1483.  1935.  1734.  1232.]
86 [ 3980.  1537.  1305.  2580.  1740.  2867.  3439.  1409.  2006.  1818.
  2413.  1789.  1272.  1709.  3354.  1846.  2933.  1664.  2242.  1089.
  1485.  1115.  1971.  1565.  3396.  1089.  1484.  1936.  1735.  1232.]
87 [ 3980.  1538.  1305.  2580.  1740.  2867.  3438.  1408.  2006.  1818.
  2413.  1789.  1272.  1709.  3354.  1846.  2933.  1666.  2242.  1089.
  1485.  1115.  1971.  1565.  3395.  1089.  1484.  1936.  1735.  1232.]
88 [ 3980.  1538.  1305.  2580.  1740.  2867.  3438.  1407.  2006.  1818.
  2413.  1791.  1272.  1709.  3354.  1846.  2932.  1666.  2242.  1089.
  1485.  1115.  1971.  1565.  3396.  1089.  1483.  1936.  1735.  1232.]
89 [ 3980.  1537.  1305.  2580.  1740.  2867.  3438.  1407.  2006.  1818.
  2413.  1792.  1272.  1709.  3354.  1846.  2932.  1666.  2242.  1089.
  1485.  1115.  1971.  1565.  3396.  1089.  1483.  1936.  1735.  1232.]
90 [ 3980.  1539.  1305.  2580.  1740.  2867.  3438.  1407.  2005.  1818.
  2413.  1793.  1272.  1709.  3354.  1846.  2932.  1666.  2242.  1089.
  1485.  1115.  1969.  1565.  3396.  1089.  1483.  1936.  1735.  1232.]
91 [ 3980.  1537.  1305.  2579.  1740.  2867.  3438.  1407.  2005.  1818.
  2413.  1796.  1272.  1709.  3354.  1845.  2932.  1667.  2242.  1089.
  1485.  1115.  1969.  1565.  3397.  1089.  1483.  1935.  1735.  1232.]
92 [ 3980.  1532.  1305.  2579.  1740.  2867.  3438.  1406.  2004.  1818.
  2413.  1801.  1272.  1708.  3354.  1845.  2932.  1668.  2242.  1089.
  1485.  1115.  1970.  1565.  3398.  1089.  1483.  1934.  1736.  1232.]
93 [ 3980.  1528.  1305.  2579.  1740.  2867.  3438.  1406.  2004.  1818.
  2412.  1805.  1272.  1708.  3354.  1845.  2932.  1672.  2242.  1089.
  1486.  1115.  1964.  1565.  3397.  1089.  1483.  1936.  1737.  1232.]
94 [ 3980.  1525.  1305.  2578.  1740.  2867.  3438.  1406.  2005.  1818.
  2412.  1805.  1272.  1708.  3352.  1844.  2932.  1675.  2243.  1089.
  1486.  1115.  1962.  1565.  3398.  1089.  1483.  1936.  1740.  1232.]
95 [ 3979.  1522.  1305.  2578.  1740.  2866.  3438.  1407.  2005.  1819.
  2412.  1811.  1273.  1708.  3350.  1843.  2930.  1676.  2244.  1089.
  1486.  1115.  1963.  1565.  3397.  1090.  1481.  1936.  1740.  1232.]
96 [ 3979.  1519.  1305.  2578.  1740.  2866.  3437.  1407.  2004.  1819.
  2410.  1813.  1274.  1707.  3349.  1843.  2930.  1680.  2244.  1089.
  1486.  1115.  1965.  1564.  3397.  1090.  1480.  1939.  1739.  1232.]
97 [ 3980.  1520.  1305.  2577.  1740.  2867.  3436.  1407.  2005.  1819.
  2408.  1814.  1275.  1706.  3349.  1843.  2930.  1682.  2244.  1089.
  1486.  1115.  1965.  1564.  3396.  1090.  1478.  1938.  1740.  1232.]
98 [ 3980.  1516.  1305.  2578.  1741.  2866.  3435.  1408.  2005.  1819.
  2407.  1814.  1274.  1704.  3349.  1843.  2931.  1686.  2244.  1088.
  1486.  1115.  1968.  1564.  3397.  1090.  1478.  1937.  1740.  1232.]
99 [ 3979.  1518.  1305.  2577.  1741.  2866.  3432.  1407.  2004.  1818.
  2408.  1818.  1274.  1704.  3351.  1843.  2930.  1687.  2244.  1088.
  1485.  1115.  1967.  1564.  3397.  1090.  1479.  1937.  1740.  1232.]
100 [ 3979.  1521.  1305.  2577.  1741.  2864.  3432.  1405.  2003.  1818.
  2408.  1816.  1275.  1703.  3350.  1843.  2931.  1690.  2244.  1088.
  1485.  1115.  1969.  1564.  3396.  1090.  1479.  1937.  1740.  1232.]
101 [ 3979.  1515.  1305.  2577.  1741.  2861.  3431.  1404.  2000.  1818.
  2408.  1821.  1275.  1702.  3353.  1842.  2931.  1696.  2244.  1088.
  1485.  1115.  1972.  1564.  3395.  1090.  1480.  1935.  1741.  1232.]
102 [ 3979.  1516.  1305.  2578.  1741.  2857.  3432.  1405.  2000.  1818.
  2404.  1823.  1275.  1700.  3356.  1840.  2930.  1701.  2245.  1088.
  1486.  1115.  1972.  1563.  3393.  1090.  1481.  1935.  1741.  1231.]
103 [ 3980.  1522.  1305.  2576.  1741.  2857.  3432.  1405.  1997.  1818.
  2402.  1818.  1274.  1698.  3352.  1841.  2930.  1707.  2247.  1088.
  1487.  1115.  1972.  1562.  3394.  1090.  1481.  1937.  1741.  1231.]
104 [ 3980.  1525.  1305.  2575.  1741.  2857.  3432.  1406.  1995.  1817.
  2402.  1812.  1274.  1696.  3353.  1841.  2929.  1711.  2247.  1088.
  1487.  1115.  1973.  1564.  3394.  1090.  1480.  1939.  1741.  1231.]
105 [ 3980.  1530.  1305.  2576.  1741.  2858.  3432.  1407.  1992.  1817.
  2402.  1805.  1273.  1693.  3353.  1841.  2927.  1720.  2248.  1088.
  1487.  1115.  1971.  1564.  3392.  1090.  1480.  1940.  1742.  1231.]
106 [ 3980.  1525.  1305.  2575.  1741.  2859.  3431.  1406.  1991.  1817.
  2401.  1809.  1272.  1693.  3353.  1840.  2928.  1730.  2248.  1088.
  1487.  1115.  1971.  1562.  3391.  1090.  1477.  1941.  1743.  1231.]
107 [ 3979.  1519.  1305.  2576.  1741.  2860.  3431.  1406.  1991.  1817.
  2402.  1814.  1271.  1692.  3353.  1840.  2928.  1740.  2248.  1089.
  1487.  1115.  1969.  1560.  3389.  1090.  1475.  1940.  1742.  1231.]
108 [ 3978.  1517.  1305.  2575.  1741.  2859.  3431.  1407.  1991.  1817.
  2401.  1821.  1269.  1692.  3353.  1840.  2929.  1749.  2248.  1087.
  1489.  1116.  1964.  1559.  3385.  1090.  1472.  1942.  1742.  1231.]
109 [ 3976.  1510.  1306.  2577.  1742.  2859.  3431.  1408.  1992.  1817.
  2401.  1825.  1267.  1691.  3353.  1840.  2928.  1758.  2248.  1088.
  1488.  1115.  1962.  1558.  3384.  1090.  1470.  1943.  1742.  1231.]
110 [ 3975.  1500.  1307.  2578.  1742.  2859.  3429.  1405.  1991.  1817.
  2400.  1829.  1267.  1692.  3351.  1840.  2927.  1772.  2248.  1088.
  1487.  1114.  1961.  1558.  3384.  1090.  1470.  1941.  1746.  1232.]
111 [ 3973.  1491.  1307.  2576.  1741.  2859.  3430.  1402.  1990.  1814.
  2401.  1834.  1266.  1695.  3349.  1840.  2927.  1787.  2247.  1090.
  1487.  1114.  1961.  1558.  3383.  1090.  1468.  1941.  1747.  1232.]
112 [ 3973.  1484.  1307.  2573.  1740.  2859.  3429.  1401.  1992.  1814.
  2401.  1834.  1263.  1695.  3348.  1839.  2926.  1799.  2249.  1092.
  1487.  1114.  1959.  1558.  3382.  1090.  1471.  1941.  1748.  1232.]
113 [ 3975.  1470.  1307.  2573.  1740.  2860.  3429.  1399.  1993.  1814.
  2399.  1838.  1262.  1695.  3348.  1839.  2924.  1813.  2249.  1092.
  1488.  1114.  1959.  1558.  3379.  1090.  1474.  1940.  1747.  1232.]
114 [ 3975.  1456.  1307.  2572.  1740.  2860.  3429.  1398.  1994.  1813.
  2397.  1846.  1262.  1697.  3346.  1840.  2924.  1829.  2249.  1092.
  1490.  1114.  1955.  1557.  3377.  1090.  1472.  1941.  1746.  1232.]
115 [ 3976.  1446.  1307.  2571.  1740.  2860.  3426.  1396.  1993.  1812.
  2397.  1854.  1262.  1696.  3345.  1840.  2924.  1844.  2249.  1092.
  1492.  1114.  1952.  1557.  3375.  1090.  1472.  1939.  1746.  1233.]
116 [ 3976.  1438.  1307.  2573.  1740.  2859.  3425.  1399.  1998.  1811.
  2396.  1842.  1261.  1695.  3344.  1840.  2926.  1866.  2249.  1093.
  1491.  1115.  1945.  1557.  3375.  1090.  1471.  1939.  1746.  1233.]
117 [ 3978.  1424.  1307.  2573.  1740.  2857.  3425.  1399.  2000.  1810.
  2394.  1841.  1261.  1696.  3343.  1838.  2927.  1882.  2251.  1094.
  1491.  1115.  1944.  1557.  3373.  1090.  1469.  1942.  1746.  1233.]
118 [ 3979.  1412.  1307.  2574.  1740.  2855.  3424.  1401.  1998.  1811.
  2395.  1851.  1260.  1696.  3343.  1838.  2928.  1896.  2252.  1092.
  1491.  1117.  1938.  1556.  3370.  1089.  1468.  1941.  1745.  1233.]
119 [ 3978.  1401.  1307.  2573.  1740.  2855.  3425.  1401.  1996.  1813.
  2394.  1852.  1258.  1696.  3344.  1839.  2926.  1915.  2251.  1092.
  1490.  1117.  1937.  1556.  3369.  1088.  1467.  1941.  1745.  1234.]
120 [ 3979.  1391.  1307.  2572.  1741.  2855.  3425.  1403.  1998.  1813.
  2391.  1838.  1258.  1696.  3341.  1839.  2927.  1949.  2251.  1090.
  1487.  1117.  1932.  1556.  3365.  1087.  1468.  1943.  1746.  1235.]
121 [ 3979.  1382.  1307.  2571.  1740.  2855.  3423.  1404.  1999.  1814.
  2391.  1826.  1259.  1696.  3340.  1839.  2929.  1972.  2252.  1089.
  1486.  1118.  1934.  1555.  3362.  1087.  1468.  1943.  1746.  1234.]
122 [ 3976.  1363.  1307.  2567.  1739.  2852.  3424.  1403.  1996.  1813.
  2391.  1837.  1259.  1697.  3342.  1839.  2932.  1993.  2252.  1089.
  1486.  1118.  1933.  1554.  3363.  1087.  1468.  1940.  1746.  1234.]
123 [ 3978.  1350.  1307.  2563.  1739.  2849.  3425.  1402.  1996.  1813.
  2390.  1824.  1258.  1698.  3344.  1839.  2934.  2023.  2251.  1089.
  1486.  1118.  1933.  1555.  3363.  1087.  1467.  1939.  1746.  1234.]
124 [ 3979.  1347.  1307.  2563.  1739.  2847.  3424.  1403.  1998.  1813.
  2391.  1809.  1259.  1699.  3346.  1838.  2936.  2033.  2251.  1089.
  1486.  1118.  1930.  1554.  3363.  1087.  1469.  1941.  1746.  1235.]
125 [ 3978.  1354.  1307.  2564.  1740.  2846.  3424.  1405.  1999.  1811.
  2389.  1795.  1259.  1699.  3347.  1838.  2936.  2045.  2251.  1088.
  1487.  1119.  1927.  1555.  3363.  1087.  1469.  1938.  1745.  1235.]
126 [ 3979.  1355.  1307.  2568.  1742.  2845.  3423.  1404.  1996.  1811.
  2386.  1781.  1258.  1698.  3349.  1837.  2936.  2058.  2251.  1087.
  1487.  1121.  1927.  1555.  3362.  1087.  1472.  1938.  1745.  1235.]
127 [ 3980.  1359.  1308.  2567.  1744.  2845.  3423.  1406.  1995.  1811.
  2386.  1765.  1256.  1698.  3349.  1837.  2935.  2076.  2250.  1086.
  1487.  1120.  1924.  1555.  3363.  1087.  1473.  1934.  1745.  1236.]
128 [ 3980.  1358.  1308.  2567.  1743.  2845.  3424.  1407.  1995.  1811.
  2386.  1755.  1256.  1697.  3349.  1838.  2935.  2089.  2250.  1084.
  1488.  1121.  1923.  1555.  3362.  1087.  1474.  1933.  1744.  1236.]
129 [ 3982.  1354.  1308.  2564.  1743.  2845.  3425.  1408.  1994.  1811.
  2386.  1749.  1257.  1695.  3349.  1837.  2935.  2103.  2250.  1084.
  1488.  1122.  1922.  1555.  3361.  1087.  1473.  1933.  1744.  1236.]
130 [ 3981.  1352.  1309.  2562.  1743.  2845.  3425.  1409.  1995.  1811.
  2385.  1744.  1256.  1694.  3349.  1837.  2936.  2112.  2249.  1084.
  1488.  1122.  1922.  1555.  3362.  1087.  1473.  1932.  1745.  1236.]
131 [ 3981.  1347.  1309.  2557.  1743.  2845.  3424.  1408.  1994.  1811.
  2385.  1746.  1256.  1695.  3349.  1836.  2936.  2122.  2249.  1082.
  1489.  1122.  1922.  1555.  3363.  1087.  1472.  1933.  1746.  1236.]
132 [ 3982.  1341.  1309.  2555.  1741.  2844.  3424.  1409.  1991.  1813.
  2386.  1745.  1256.  1697.  3348.  1836.  2936.  2132.  2249.  1082.
  1489.  1122.  1923.  1554.  3362.  1087.  1472.  1931.  1748.  1236.]
133 [ 3981.  1338.  1309.  2551.  1739.  2844.  3425.  1410.  1990.  1815.
  2386.  1745.  1256.  1699.  3346.  1836.  2936.  2135.  2249.  1082.
  1489.  1122.  1926.  1554.  3362.  1087.  1472.  1932.  1748.  1236.]
134 [ 3982.  1330.  1309.  2545.  1739.  2844.  3425.  1410.  1989.  1815.
  2387.  1753.  1255.  1698.  3345.  1835.  2937.  2137.  2250.  1082.
  1489.  1122.  1930.  1555.  3363.  1087.  1472.  1931.  1748.  1236.]
135 [ 3983.  1335.  1309.  2534.  1739.  2844.  3423.  1410.  1990.  1815.
  2387.  1751.  1254.  1697.  3345.  1835.  2938.  2138.  2250.  1082.
  1489.  1122.  1932.  1556.  3367.  1087.  1472.  1931.  1749.  1236.]
136 [ 3984.  1329.  1309.  2531.  1739.  2845.  3423.  1410.  1991.  1815.
  2388.  1755.  1254.  1698.  3346.  1833.  2938.  2135.  2250.  1082.
  1489.  1122.  1933.  1556.  3368.  1087.  1473.  1931.  1749.  1237.]
137 [ 3985.  1324.  1309.  2525.  1739.  2845.  3424.  1410.  1991.  1815.
  2388.  1759.  1255.  1698.  3346.  1833.  2937.  2134.  2250.  1082.
  1490.  1122.  1935.  1556.  3369.  1087.  1473.  1933.  1749.  1237.]
138 [ 3985.  1325.  1309.  2521.  1739.  2845.  3424.  1411.  1990.  1815.
  2387.  1760.  1255.  1698.  3346.  1833.  2936.  2134.  2250.  1082.
  1490.  1122.  1935.  1556.  3371.  1087.  1473.  1935.  1749.  1237.]
139 [ 3985.  1325.  1309.  2521.  1739.  2845.  3424.  1412.  1990.  1815.
  2387.  1764.  1255.  1698.  3346.  1832.  2936.  2133.  2250.  1082.
  1490.  1121.  1934.  1555.  3371.  1087.  1473.  1935.  1749.  1237.]
140 [ 3985.  1323.  1309.  2518.  1739.  2846.  3423.  1413.  1990.  1815.
  2387.  1767.  1255.  1698.  3347.  1832.  2936.  2134.  2250.  1082.
  1490.  1121.  1933.  1555.  3371.  1087.  1473.  1935.  1749.  1237.]
141 [ 3985.  1322.  1309.  2512.  1739.  2850.  3422.  1413.  1990.  1815.
  2387.  1769.  1255.  1698.  3347.  1832.  2937.  2135.  2250.  1082.
  1490.  1121.  1933.  1555.  3372.  1087.  1473.  1934.  1749.  1237.]
142 [ 3984.  1320.  1309.  2508.  1738.  2851.  3422.  1413.  1990.  1815.
  2387.  1774.  1256.  1698.  3347.  1832.  2938.  2135.  2250.  1082.
  1490.  1121.  1933.  1555.  3372.  1087.  1473.  1934.  1749.  1237.]
143 [ 3984.  1320.  1309.  2504.  1738.  2851.  3422.  1413.  1991.  1815.
  2387.  1774.  1256.  1699.  3347.  1831.  2940.  2135.  2250.  1082.
  1490.  1121.  1933.  1555.  3373.  1087.  1473.  1934.  1749.  1237.]
144 [ 3984.  1319.  1309.  2508.  1738.  2851.  3422.  1413.  1992.  1814.
  2387.  1775.  1256.  1699.  3347.  1828.  2940.  2135.  2250.  1082.
  1490.  1121.  1933.  1554.  3373.  1087.  1473.  1934.  1749.  1237.]
145 [ 3984.  1320.  1309.  2508.  1738.  2851.  3422.  1413.  1992.  1814.
  2387.  1775.  1256.  1700.  3348.  1827.  2940.  2134.  2250.  1082.
  1489.  1121.  1933.  1554.  3374.  1087.  1473.  1934.  1748.  1237.]
146 [ 3984.  1323.  1309.  2507.  1738.  2851.  3422.  1413.  1992.  1814.
  2386.  1774.  1256.  1700.  3348.  1827.  2940.  2135.  2250.  1082.
  1489.  1119.  1933.  1555.  3374.  1087.  1473.  1934.  1748.  1237.]
147 [ 3984.  1322.  1309.  2502.  1738.  2851.  3422.  1413.  1992.  1814.
  2386.  1778.  1256.  1700.  3348.  1827.  2940.  2134.  2250.  1082.
  1489.  1119.  1933.  1555.  3376.  1087.  1473.  1934.  1749.  1237.]
148 [ 3984.  1322.  1309.  2498.  1738.  2851.  3422.  1413.  1992.  1814.
  2386.  1777.  1256.  1700.  3348.  1827.  2941.  2134.  2250.  1082.
  1489.  1118.  1934.  1555.  3379.  1087.  1473.  1934.  1750.  1237.]
149 [ 3984.  1323.  1309.  2494.  1738.  2851.  3422.  1413.  1992.  1814.
  2386.  1777.  1256.  1700.  3348.  1826.  2941.  2135.  2250.  1082.
  1489.  1118.  1935.  1555.  3380.  1087.  1473.  1933.  1752.  1237.]
150 [ 3985.  1319.  1309.  2494.  1738.  2852.  3422.  1414.  1992.  1814.
  2386.  1781.  1256.  1700.  3348.  1826.  2940.  2134.  2250.  1081.
  1489.  1118.  1936.  1555.  3379.  1087.  1473.  1932.  1753.  1237.]
151 [ 3986.  1315.  1309.  2493.  1738.  2852.  3422.  1415.  1991.  1814.
  2386.  1784.  1256.  1700.  3348.  1827.  2940.  2135.  2250.  1080.
  1488.  1118.  1935.  1556.  3379.  1087.  1472.  1934.  1753.  1237.]
152 [ 3986.  1314.  1309.  2493.  1738.  2852.  3422.  1417.  1990.  1814.
  2386.  1785.  1256.  1700.  3348.  1826.  2940.  2135.  2250.  1079.
  1487.  1118.  1934.  1556.  3379.  1087.  1473.  1936.  1753.  1237.]
153 [ 3986.  1313.  1309.  2493.  1738.  2852.  3422.  1417.  1990.  1814.
  2386.  1786.  1256.  1700.  3348.  1826.  2940.  2135.  2250.  1079.
  1487.  1118.  1934.  1556.  3379.  1087.  1473.  1936.  1753.  1237.]
154 [ 3986.  1313.  1309.  2493.  1738.  2852.  3422.  1418.  1991.  1814.
  2386.  1786.  1256.  1700.  3348.  1827.  2940.  2135.  2250.  1079.
  1487.  1118.  1932.  1556.  3379.  1087.  1474.  1934.  1753.  1237.]
155 [ 3986.  1313.  1309.  2493.  1738.  2852.  3422.  1419.  1990.  1814.
  2386.  1786.  1256.  1700.  3348.  1827.  2940.  2135.  2250.  1079.
  1487.  1118.  1931.  1556.  3379.  1087.  1474.  1935.  1753.  1237.]
[ 3986.  1313.  1309.  2493.  1738.  2852.  3422.  1419.  1990.  1814.
  2386.  1786.  1256.  1700.  3348.  1827.  2940.  2135.  2250.  1079.
  1487.  1118.  1931.  1556.  3379.  1087.  1474.  1935.  1753.  1237.]
Time spent clustering :  8180.92527103
means_random_cluster30
Digit: 0  Purity: 94.3% SD: 1526.1  Count: 5830
Digit: 1  Purity: 88.9% SD: 1046.6  Count: 7365
Digit: 2  Purity: 95.1% SD: 1670.1  Count: 5234
Digit: 3  Purity: 66.9% SD: 1536.3  Count: 6886
Digit: 4  Purity: 56.9% SD: 1582.4  Count: 5238
Digit: 5  Purity: 62.6% SD: 1598.8  Count: 6134
Digit: 6  Purity: 90.0% SD: 1471.8  Count: 6250
Digit: 7  Purity: 78.3% SD: 1407.6  Count: 5190
Digit: 8  Purity: 82.0% SD: 1536.1  Count: 5103
Digit: 9  Purity: 44.8% SD: 1355.5  Count: 6770
Our accuracy in predicting test data for k = 30 was 75.9675967597 %
Time spent testing :  29.2637608051
