40 means random 100
0 [ 2030.  1145.  1001.  2718.  2187.  1121.  4582.   702.  2359.   884.
  2281.   719.  4405.  1039.   745.  2566.   676.  1517.  1825.  2366.
  1423.  1141.   161.  2155.   725.   133.  1368.   759.  1287.  3134.
   870.  1505.  2831.   676.  1278.   440.   895.   381.   690.  1280.]
1 [ 1877.  1259.   738.  1975.  2178.  1334.  3092.   937.  1783.  1091.
  2243.   833.  3131.   940.   967.  1706.  1655.  1335.  1553.  2322.
  1454.  1434.   412.  1818.   926.   511.  1322.   809.  1649.  3017.
   937.  1829.  2933.   731.  1879.   697.  1633.  1004.   770.  1286.]
2 [ 1694.  1307.   728.  1664.  1989.  1556.  2506.   967.  1624.  1182.
  2210.   863.  2560.   952.   966.  1366.  1938.  1280.  1333.  2126.
  1590.  1634.   550.  1603.  1147.   781.  1188.   842.  1802.  2894.
  1046.  2084.  2953.   778.  2095.   820.  1880.  1369.   801.  1332.]
3 [ 1710.  1335.   742.  1539.  1827.  1691.  2406.   976.  1501.  1214.
  2121.   885.  2252.  1016.   996.  1239.  2030.  1213.  1263.  2016.
  1638.  1678.   645.  1525.  1201.   920.  1137.   883.  1789.  2689.
  1110.  2221.  2986.   868.  2185.   931.  1924.  1510.   815.  1373.]
4 [ 1786.  1330.   762.  1433.  1690.  1723.  2394.   979.  1461.  1205.
  2054.   912.  2092.  1048.  1037.  1201.  2037.  1180.  1241.  1955.
  1635.  1686.   708.  1503.  1227.   986.  1124.   961.  1781.  2560.
  1181.  2350.  2947.   945.  2221.   993.  1933.  1563.   807.  1369.]
5 [ 1872.  1348.   778.  1374.  1557.  1737.  2409.   956.  1440.  1167.
  2019.   969.  2011.  1055.  1070.  1206.  2026.  1132.  1235.  1935.
  1621.  1666.   751.  1495.  1234.  1041.  1132.  1069.  1770.  2493.
  1246.  2379.  2888.  1023.  2215.  1045.  1921.  1560.   799.  1356.]
6 [ 1894.  1347.   793.  1341.  1451.  1756.  2411.   947.  1432.  1141.
  2002.  1021.  1967.  1069.  1099.  1192.  2009.  1100.  1240.  1940.
  1586.  1647.   775.  1501.  1246.  1061.  1146.  1207.  1739.  2454.
  1285.  2380.  2839.  1086.  2204.  1094.  1904.  1538.   810.  1346.]
7 [ 1888.  1333.   816.  1315.  1385.  1775.  2401.   934.  1427.  1126.
  1984.  1072.  1959.  1079.  1143.  1197.  2019.  1079.  1248.  1939.
  1562.  1627.   771.  1496.  1254.  1063.  1159.  1323.  1740.  2432.
  1298.  2330.  2798.  1131.  2194.  1142.  1894.  1495.   828.  1344.]
8 [ 1881.  1304.   837.  1284.  1341.  1792.  2386.   938.  1427.  1108.
  1954.  1102.  1957.  1094.  1162.  1203.  2037.  1056.  1255.  1933.
  1534.  1612.   770.  1485.  1257.  1064.  1169.  1419.  1718.  2420.
  1319.  2299.  2761.  1183.  2182.  1193.  1892.  1455.   860.  1357.]
9 [ 1875.  1273.   854.  1255.  1305.  1811.  2373.   956.  1421.  1093.
  1917.  1110.  1966.  1099.  1170.  1225.  2066.  1052.  1257.  1909.
  1507.  1612.   775.  1474.  1260.  1061.  1177.  1502.  1703.  2404.
  1340.  2290.  2721.  1225.  2150.  1234.  1893.  1432.   888.  1365.]
10 [ 1863.  1248.   869.  1199.  1275.  1842.  2345.   979.  1420.  1075.
  1907.  1102.  1976.  1099.  1173.  1236.  2111.  1045.  1257.  1903.
  1478.  1607.   770.  1471.  1265.  1083.  1191.  1542.  1699.  2395.
  1342.  2291.  2692.  1257.  2111.  1277.  1900.  1416.   914.  1375.]
11 [ 1846.  1235.   881.  1160.  1256.  1859.  2323.  1003.  1410.  1076.
  1886.  1099.  1979.  1099.  1173.  1235.  2181.  1042.  1255.  1891.
  1462.  1624.   764.  1461.  1263.  1128.  1200.  1586.  1694.  2370.
  1346.  2300.  2662.  1266.  2073.  1307.  1893.  1401.   933.  1378.]
12 [ 1836.  1222.   891.  1100.  1242.  1881.  2295.  1022.  1403.  1068.
  1874.  1111.  1988.  1098.  1173.  1248.  2232.  1040.  1257.  1873.
  1440.  1638.   751.  1457.  1274.  1157.  1205.  1605.  1694.  2343.
  1358.  2310.  2643.  1267.  2039.  1333.  1900.  1394.   956.  1382.]
13 [ 1817.  1217.   896.  1074.  1232.  1888.  2248.  1026.  1416.  1076.
  1869.  1121.  1992.  1088.  1177.  1251.  2295.  1032.  1252.  1843.
  1431.  1650.   734.  1451.  1266.  1200.  1221.  1633.  1678.  2321.
  1389.  2331.  2627.  1266.  1983.  1334.  1916.  1386.   985.  1388.]
14 [ 1796.  1227.   896.  1068.  1238.  1876.  2226.  1027.  1421.  1085.
  1848.  1124.  1987.  1079.  1184.  1242.  2368.  1026.  1240.  1820.
  1418.  1653.   721.  1447.  1268.  1244.  1242.  1657.  1662.  2287.
  1418.  2333.  2632.  1267.  1927.  1336.  1925.  1382.  1012.  1391.]
15 [ 1771.  1227.   900.  1062.  1247.  1857.  2198.  1028.  1412.  1086.
  1849.  1121.  1994.  1074.  1185.  1251.  2406.  1022.  1238.  1803.
  1402.  1645.   716.  1450.  1277.  1285.  1253.  1667.  1649.  2259.
  1470.  2353.  2632.  1269.  1883.  1335.  1916.  1379.  1032.  1397.]
16 [ 1755.  1222.   904.  1093.  1248.  1843.  2188.  1033.  1418.  1081.
  1831.  1120.  1988.  1073.  1185.  1253.  2428.  1025.  1241.  1807.
  1391.  1650.   717.  1450.  1275.  1318.  1258.  1662.  1641.  2218.
  1510.  2358.  2634.  1268.  1837.  1333.  1919.  1374.  1054.  1397.]
17 [ 1745.  1221.   907.  1127.  1241.  1834.  2165.  1038.  1421.  1089.
  1829.  1118.  1983.  1071.  1190.  1251.  2448.  1029.  1242.  1817.
  1379.  1658.   721.  1453.  1270.  1344.  1263.  1667.  1634.  2180.
  1535.  2353.  2631.  1266.  1783.  1338.  1924.  1361.  1078.  1396.]
18 [ 1741.  1222.   912.  1157.  1241.  1810.  2137.  1040.  1427.  1087.
  1839.  1116.  1984.  1068.  1202.  1247.  2435.  1028.  1242.  1826.
  1372.  1658.   718.  1451.  1273.  1378.  1270.  1663.  1620.  2153.
  1584.  2362.  2630.  1268.  1725.  1337.  1931.  1345.  1102.  1399.]
19 [ 1736.  1223.   918.  1179.  1242.  1785.  2122.  1044.  1438.  1087.
  1850.  1117.  1980.  1066.  1208.  1244.  2422.  1032.  1247.  1831.
  1363.  1662.   731.  1456.  1277.  1406.  1271.  1658.  1603.  2125.
  1619.  2367.  2625.  1266.  1672.  1353.  1937.  1322.  1117.  1399.]
20 [ 1723.  1227.   923.  1201.  1248.  1775.  2119.  1045.  1460.  1085.
  1857.  1117.  1966.  1061.  1219.  1236.  2412.  1032.  1255.  1814.
  1357.  1660.   738.  1454.  1281.  1442.  1277.  1657.  1590.  2099.
  1632.  2363.  2617.  1268.  1643.  1363.  1965.  1290.  1130.  1399.]
21 [ 1708.  1226.   933.  1208.  1255.  1761.  2114.  1045.  1476.  1084.
  1882.  1118.  1955.  1059.  1224.  1238.  2405.  1033.  1267.  1822.
  1348.  1659.   766.  1458.  1285.  1460.  1273.  1658.  1573.  2063.
  1646.  2364.  2608.  1268.  1614.  1384.  1960.  1254.  1150.  1396.]
22 [ 1692.  1226.   937.  1215.  1257.  1759.  2111.  1047.  1500.  1082.
  1901.  1121.  1934.  1057.  1232.  1236.  2398.  1035.  1284.  1809.
  1349.  1660.   795.  1459.  1285.  1474.  1275.  1670.  1550.  2038.
  1676.  2362.  2601.  1267.  1593.  1407.  1933.  1211.  1162.  1400.]
23 [ 1666.  1224.   939.  1222.  1275.  1755.  2104.  1048.  1518.  1080.
  1918.  1119.  1918.  1056.  1235.  1227.  2386.  1035.  1299.  1800.
  1346.  1657.   839.  1462.  1298.  1480.  1279.  1676.  1526.  2019.
  1725.  2355.  2597.  1270.  1575.  1422.  1909.  1165.  1173.  1403.]
24 [ 1649.  1225.   942.  1232.  1286.  1753.  2107.  1048.  1527.  1082.
  1924.  1118.  1900.  1053.  1242.  1230.  2369.  1035.  1307.  1781.
  1346.  1653.   881.  1458.  1297.  1475.  1282.  1688.  1513.  2002.
  1774.  2348.  2589.  1272.  1559.  1428.  1902.  1139.  1183.  1401.]
25 [ 1643.  1225.   945.  1236.  1295.  1743.  2107.  1045.  1531.  1087.
  1935.  1120.  1877.  1053.  1238.  1228.  2352.  1036.  1313.  1763.
  1344.  1646.   929.  1456.  1301.  1477.  1281.  1723.  1493.  1989.
  1820.  2352.  2575.  1272.  1550.  1430.  1883.  1118.  1193.  1396.]
26 [ 1639.  1225.   946.  1244.  1296.  1740.  2115.  1044.  1553.  1089.
  1937.  1119.  1868.  1053.  1237.  1231.  2323.  1036.  1320.  1756.
  1342.  1640.   975.  1456.  1295.  1479.  1281.  1732.  1476.  1975.
  1873.  2356.  2557.  1274.  1543.  1413.  1866.  1104.  1201.  1391.]
27 [ 1641.  1224.   946.  1250.  1293.  1740.  2116.  1044.  1567.  1093.
  1943.  1121.  1854.  1051.  1236.  1233.  2311.  1036.  1321.  1752.
  1341.  1633.  1003.  1457.  1295.  1478.  1281.  1750.  1467.  1965.
  1895.  2362.  2541.  1274.  1548.  1401.  1849.  1094.  1206.  1388.]
28 [ 1647.  1224.   947.  1257.  1279.  1737.  2119.  1045.  1574.  1099.
  1943.  1120.  1841.  1051.  1229.  1239.  2306.  1037.  1319.  1758.
  1343.  1624.  1029.  1456.  1304.  1483.  1282.  1770.  1457.  1956.
  1915.  2352.  2529.  1275.  1553.  1388.  1823.  1082.  1219.  1389.]
29 [ 1643.  1224.   945.  1260.  1261.  1738.  2122.  1045.  1577.  1107.
  1944.  1121.  1827.  1052.  1219.  1244.  2300.  1036.  1321.  1752.
  1344.  1618.  1054.  1454.  1310.  1499.  1283.  1795.  1446.  1947.
  1938.  2350.  2514.  1275.  1556.  1377.  1806.  1078.  1232.  1386.]
30 [ 1642.  1224.   946.  1261.  1245.  1738.  2126.  1045.  1596.  1110.
  1941.  1122.  1817.  1051.  1208.  1252.  2291.  1037.  1329.  1757.
  1346.  1616.  1077.  1457.  1313.  1507.  1283.  1807.  1438.  1938.
  1956.  2349.  2500.  1275.  1555.  1363.  1775.  1083.  1237.  1387.]
31 [ 1637.  1222.   945.  1264.  1234.  1735.  2124.  1045.  1604.  1121.
  1942.  1123.  1808.  1052.  1200.  1255.  2292.  1038.  1335.  1769.
  1345.  1608.  1096.  1459.  1310.  1509.  1284.  1819.  1431.  1935.
  1968.  2353.  2480.  1275.  1555.  1352.  1752.  1090.  1245.  1389.]
32 [ 1636.  1221.   945.  1266.  1214.  1735.  2125.  1046.  1615.  1143.
  1943.  1124.  1805.  1054.  1199.  1257.  2289.  1038.  1343.  1760.
  1346.  1597.  1113.  1460.  1306.  1511.  1284.  1841.  1418.  1931.
  1977.  2350.  2465.  1274.  1556.  1346.  1729.  1091.  1257.  1390.]
33 [ 1641.  1220.   945.  1265.  1196.  1736.  2131.  1048.  1615.  1155.
  1942.  1125.  1802.  1053.  1195.  1261.  2284.  1037.  1351.  1750.
  1347.  1583.  1131.  1460.  1314.  1521.  1285.  1871.  1413.  1925.
  1980.  2344.  2458.  1275.  1559.  1335.  1706.  1086.  1267.  1388.]
34 [ 1644.  1220.   945.  1264.  1184.  1740.  2132.  1048.  1625.  1165.
  1941.  1124.  1801.  1053.  1192.  1263.  2282.  1037.  1363.  1743.
  1347.  1574.  1143.  1455.  1314.  1522.  1287.  1880.  1402.  1924.
  1989.  2340.  2458.  1276.  1552.  1324.  1692.  1098.  1272.  1385.]
35 [ 1646.  1219.   945.  1263.  1168.  1744.  2130.  1047.  1625.  1176.
  1939.  1123.  1797.  1053.  1191.  1269.  2280.  1037.  1371.  1741.
  1350.  1564.  1164.  1453.  1316.  1523.  1288.  1883.  1391.  1925.
  1994.  2339.  2461.  1274.  1552.  1314.  1682.  1108.  1273.  1382.]
36 [ 1648.  1219.   947.  1265.  1153.  1747.  2126.  1046.  1614.  1185.
  1942.  1125.  1791.  1053.  1189.  1273.  2284.  1037.  1374.  1734.
  1349.  1563.  1182.  1454.  1324.  1514.  1290.  1901.  1384.  1925.
  2001.  2338.  2448.  1274.  1552.  1311.  1677.  1102.  1280.  1379.]
37 [ 1656.  1220.   947.  1268.  1148.  1745.  2125.  1047.  1601.  1189.
  1942.  1127.  1784.  1052.  1184.  1279.  2285.  1038.  1374.  1728.
  1349.  1564.  1197.  1456.  1329.  1511.  1290.  1912.  1380.  1926.
  2003.  2336.  2440.  1274.  1551.  1312.  1672.  1092.  1290.  1377.]
38 [ 1658.  1220.   947.  1268.  1143.  1751.  2124.  1047.  1584.  1211.
  1944.  1127.  1777.  1051.  1184.  1289.  2284.  1039.  1376.  1718.
  1349.  1564.  1200.  1455.  1333.  1501.  1289.  1922.  1382.  1928.
  2013.  2343.  2422.  1274.  1545.  1310.  1669.  1092.  1294.  1373.]
39 [ 1659.  1219.   948.  1268.  1133.  1755.  2125.  1046.  1577.  1230.
  1945.  1127.  1767.  1050.  1178.  1289.  2289.  1039.  1384.  1709.
  1347.  1561.  1201.  1456.  1334.  1506.  1289.  1921.  1376.  1925.
  2015.  2356.  2414.  1274.  1545.  1306.  1670.  1096.  1299.  1372.]
40 [ 1662.  1218.   948.  1268.  1119.  1756.  2124.  1045.  1573.  1254.
  1946.  1127.  1757.  1051.  1175.  1288.  2292.  1039.  1388.  1707.
  1346.  1558.  1207.  1454.  1335.  1504.  1289.  1923.  1378.  1922.
  2016.  2360.  2408.  1274.  1549.  1300.  1665.  1094.  1306.  1375.]
41 [ 1662.  1220.   947.  1270.  1108.  1759.  2123.  1044.  1576.  1278.
  1946.  1126.  1751.  1051.  1174.  1288.  2296.  1039.  1392.  1701.
  1343.  1556.  1208.  1455.  1333.  1498.  1289.  1914.  1372.  1922.
  2012.  2363.  2403.  1274.  1554.  1297.  1668.  1102.  1303.  1383.]
42 [ 1660.  1221.   947.  1271.  1115.  1763.  2123.  1045.  1572.  1286.
  1944.  1126.  1749.  1051.  1175.  1287.  2293.  1039.  1395.  1700.
  1340.  1553.  1215.  1460.  1333.  1485.  1292.  1908.  1363.  1921.
  2016.  2361.  2405.  1274.  1558.  1296.  1663.  1104.  1302.  1389.]
43 [ 1662.  1221.   948.  1273.  1106.  1764.  2124.  1044.  1572.  1303.
  1943.  1126.  1746.  1051.  1174.  1288.  2295.  1037.  1400.  1700.
  1339.  1555.  1227.  1460.  1336.  1467.  1299.  1903.  1356.  1919.
  2014.  2357.  2402.  1274.  1561.  1295.  1661.  1102.  1304.  1392.]
44 [ 1663.  1220.   950.  1273.  1101.  1766.  2123.  1045.  1572.  1312.
  1942.  1126.  1746.  1051.  1169.  1286.  2299.  1037.  1406.  1700.
  1335.  1557.  1238.  1459.  1342.  1459.  1303.  1906.  1353.  1918.
  2016.  2355.  2395.  1274.  1555.  1293.  1660.  1096.  1306.  1393.]
45 [ 1667.  1218.   953.  1273.  1106.  1764.  2122.  1045.  1573.  1323.
  1941.  1126.  1747.  1052.  1173.  1282.  2304.  1037.  1410.  1706.
  1331.  1554.  1244.  1458.  1346.  1450.  1304.  1903.  1353.  1918.
  2015.  2356.  2390.  1274.  1554.  1288.  1657.  1092.  1297.  1394.]
46 [ 1667.  1218.   957.  1273.  1102.  1769.  2120.  1044.  1564.  1338.
  1941.  1127.  1745.  1051.  1178.  1274.  2307.  1036.  1413.  1710.
  1328.  1549.  1254.  1458.  1348.  1442.  1303.  1900.  1353.  1918.
  2013.  2358.  2390.  1274.  1556.  1287.  1657.  1089.  1298.  1391.]
47 [ 1665.  1219.   963.  1276.  1109.  1772.  2119.  1043.  1567.  1346.
  1941.  1126.  1742.  1050.  1172.  1267.  2309.  1035.  1416.  1704.
  1326.  1549.  1262.  1459.  1352.  1442.  1300.  1899.  1353.  1920.
  2016.  2359.  2382.  1275.  1555.  1282.  1656.  1088.  1298.  1386.]
48 [ 1667.  1219.   966.  1276.  1108.  1773.  2119.  1044.  1570.  1350.
  1942.  1127.  1736.  1052.  1170.  1265.  2310.  1036.  1418.  1700.
  1323.  1547.  1267.  1461.  1354.  1438.  1300.  1894.  1350.  1916.
  2018.  2355.  2379.  1275.  1560.  1286.  1656.  1092.  1300.  1381.]
49 [ 1667.  1219.   968.  1276.  1113.  1773.  2119.  1047.  1569.  1347.
  1941.  1127.  1732.  1052.  1175.  1262.  2307.  1035.  1423.  1701.
  1318.  1540.  1270.  1462.  1357.  1433.  1300.  1890.  1346.  1916.
  2025.  2362.  2378.  1275.  1559.  1283.  1654.  1100.  1302.  1377.]
50 [ 1668.  1219.   971.  1276.  1117.  1776.  2120.  1048.  1567.  1348.
  1941.  1127.  1729.  1054.  1176.  1256.  2303.  1035.  1429.  1700.
  1312.  1534.  1268.  1466.  1363.  1431.  1297.  1885.  1347.  1915.
  2029.  2366.  2377.  1275.  1558.  1285.  1655.  1107.  1295.  1375.]
51 [ 1669.  1219.   972.  1276.  1120.  1781.  2119.  1048.  1570.  1342.
  1941.  1127.  1722.  1054.  1174.  1257.  2306.  1035.  1432.  1698.
  1315.  1527.  1267.  1467.  1366.  1427.  1298.  1888.  1346.  1912.
  2030.  2369.  2375.  1275.  1558.  1284.  1655.  1116.  1293.  1370.]
52 [ 1666.  1219.   972.  1276.  1117.  1788.  2119.  1048.  1563.  1345.
  1941.  1127.  1714.  1052.  1170.  1257.  2307.  1035.  1434.  1694.
  1313.  1523.  1268.  1467.  1371.  1425.  1299.  1885.  1339.  1912.
  2031.  2376.  2376.  1275.  1559.  1284.  1653.  1126.  1304.  1370.]
53 [ 1667.  1219.   972.  1276.  1124.  1793.  2118.  1048.  1547.  1349.
  1941.  1127.  1708.  1053.  1174.  1262.  2308.  1035.  1435.  1691.
  1310.  1521.  1272.  1470.  1372.  1424.  1299.  1884.  1337.  1912.
  2037.  2381.  2367.  1275.  1555.  1284.  1651.  1127.  1306.  1369.]
54 [ 1669.  1219.   972.  1277.  1139.  1790.  2117.  1047.  1543.  1348.
  1942.  1127.  1704.  1051.  1174.  1261.  2313.  1035.  1439.  1692.
  1307.  1522.  1273.  1474.  1374.  1419.  1299.  1875.  1334.  1911.
  2045.  2384.  2365.  1275.  1544.  1281.  1646.  1131.  1313.  1369.]
55 [ 1669.  1218.   972.  1278.  1145.  1794.  2116.  1045.  1540.  1350.
  1942.  1127.  1699.  1052.  1175.  1255.  2318.  1034.  1445.  1693.
  1305.  1519.  1272.  1475.  1379.  1423.  1299.  1868.  1335.  1910.
  2044.  2384.  2364.  1275.  1537.  1275.  1642.  1137.  1322.  1368.]
56 [ 1670.  1218.   972.  1280.  1148.  1803.  2115.  1045.  1539.  1351.
  1941.  1125.  1691.  1053.  1175.  1255.  2319.  1034.  1452.  1695.
  1302.  1515.  1276.  1476.  1379.  1424.  1299.  1865.  1333.  1908.
  2045.  2385.  2368.  1275.  1532.  1271.  1638.  1140.  1322.  1366.]
57 [ 1670.  1219.   971.  1280.  1149.  1807.  2115.  1044.  1539.  1352.
  1941.  1125.  1689.  1054.  1177.  1251.  2325.  1034.  1453.  1697.
  1301.  1514.  1278.  1475.  1388.  1436.  1298.  1865.  1336.  1907.
  2045.  2382.  2368.  1275.  1521.  1266.  1634.  1138.  1317.  1364.]
58 [ 1671.  1219.   971.  1282.  1158.  1819.  2114.  1044.  1537.  1352.
  1942.  1126.  1680.  1055.  1173.  1247.  2328.  1034.  1452.  1701.
  1300.  1512.  1276.  1475.  1394.  1447.  1298.  1866.  1337.  1906.
  2038.  2382.  2367.  1275.  1520.  1262.  1627.  1138.  1314.  1361.]
59 [ 1670.  1219.   972.  1281.  1153.  1823.  2113.  1045.  1543.  1362.
  1942.  1126.  1669.  1056.  1174.  1242.  2332.  1035.  1453.  1697.
  1299.  1515.  1278.  1475.  1404.  1448.  1298.  1865.  1335.  1904.
  2029.  2383.  2367.  1275.  1525.  1265.  1625.  1138.  1304.  1361.]
60 [ 1672.  1219.   972.  1281.  1161.  1821.  2113.  1047.  1541.  1361.
  1942.  1126.  1659.  1056.  1173.  1245.  2334.  1035.  1455.  1697.
  1298.  1513.  1278.  1476.  1409.  1447.  1296.  1864.  1338.  1904.
  2030.  2382.  2371.  1275.  1524.  1270.  1621.  1135.  1299.  1360.]
61 [ 1670.  1218.   972.  1282.  1169.  1820.  2113.  1047.  1549.  1363.
  1943.  1126.  1650.  1056.  1180.  1248.  2332.  1035.  1455.  1695.
  1299.  1510.  1278.  1476.  1414.  1438.  1295.  1862.  1341.  1904.
  2027.  2387.  2376.  1275.  1525.  1274.  1617.  1131.  1288.  1360.]
62 [ 1673.  1217.   971.  1284.  1172.  1825.  2113.  1046.  1555.  1365.
  1944.  1126.  1648.  1056.  1184.  1254.  2331.  1035.  1455.  1695.
  1295.  1505.  1280.  1479.  1416.  1440.  1294.  1862.  1340.  1904.
  2016.  2385.  2382.  1275.  1522.  1274.  1613.  1130.  1279.  1360.]
63 [ 1672.  1216.   970.  1284.  1165.  1835.  2113.  1047.  1559.  1374.
  1946.  1125.  1646.  1055.  1187.  1255.  2333.  1036.  1453.  1697.
  1291.  1503.  1277.  1481.  1424.  1438.  1294.  1860.  1341.  1901.
  2010.  2386.  2386.  1275.  1515.  1276.  1610.  1131.  1273.  1360.]
64 [ 1675.  1217.   971.  1284.  1169.  1837.  2112.  1046.  1559.  1385.
  1947.  1125.  1636.  1053.  1190.  1253.  2335.  1036.  1453.  1699.
  1292.  1502.  1277.  1480.  1423.  1438.  1295.  1857.  1340.  1901.
  2008.  2389.  2387.  1274.  1513.  1274.  1603.  1132.  1274.  1359.]
65 [ 1683.  1217.   972.  1282.  1169.  1833.  2113.  1046.  1558.  1392.
  1947.  1125.  1624.  1052.  1189.  1250.  2330.  1037.  1454.  1698.
  1292.  1501.  1279.  1480.  1422.  1441.  1297.  1856.  1340.  1901.
  2014.  2388.  2386.  1274.  1513.  1276.  1597.  1134.  1280.  1358.]
66 [ 1694.  1217.   973.  1281.  1179.  1831.  2113.  1045.  1561.  1394.
  1946.  1125.  1609.  1050.  1192.  1255.  2329.  1037.  1453.  1699.
  1294.  1499.  1276.  1480.  1422.  1438.  1297.  1858.  1338.  1900.
  2012.  2386.  2385.  1274.  1515.  1275.  1593.  1136.  1280.  1359.]
67 [ 1704.  1216.   975.  1280.  1184.  1827.  2113.  1044.  1563.  1394.
  1944.  1125.  1599.  1053.  1199.  1250.  2334.  1037.  1450.  1698.
  1296.  1496.  1274.  1476.  1423.  1445.  1296.  1861.  1338.  1899.
  2016.  2384.  2385.  1274.  1506.  1274.  1592.  1137.  1280.  1359.]
68 [ 1712.  1216.   977.  1277.  1184.  1828.  2113.  1045.  1561.  1396.
  1943.  1125.  1590.  1054.  1205.  1248.  2331.  1037.  1451.  1699.
  1295.  1499.  1271.  1476.  1419.  1450.  1294.  1853.  1337.  1899.
  2024.  2383.  2386.  1274.  1500.  1276.  1593.  1137.  1281.  1361.]
69 [ 1721.  1216.   978.  1276.  1187.  1822.  2113.  1046.  1558.  1396.
  1942.  1124.  1585.  1056.  1205.  1246.  2325.  1037.  1454.  1695.
  1294.  1500.  1274.  1476.  1419.  1451.  1292.  1854.  1338.  1899.
  2036.  2379.  2386.  1274.  1498.  1277.  1593.  1133.  1283.  1362.]
70 [ 1729.  1216.   978.  1276.  1188.  1817.  2112.  1045.  1557.  1399.
  1942.  1124.  1577.  1055.  1205.  1245.  2323.  1037.  1452.  1695.
  1295.  1501.  1274.  1476.  1421.  1450.  1292.  1852.  1339.  1899.
  2045.  2376.  2389.  1274.  1500.  1278.  1588.  1130.  1287.  1362.]
71 [ 1728.  1216.   978.  1276.  1189.  1826.  2112.  1046.  1560.  1397.
  1941.  1124.  1570.  1055.  1207.  1241.  2321.  1037.  1449.  1696.
  1295.  1502.  1273.  1476.  1417.  1454.  1292.  1851.  1337.  1899.
  2044.  2377.  2387.  1274.  1505.  1276.  1588.  1131.  1291.  1362.]
72 [ 1724.  1216.   978.  1276.  1186.  1835.  2112.  1045.  1560.  1398.
  1941.  1124.  1567.  1055.  1210.  1242.  2316.  1037.  1449.  1696.
  1295.  1502.  1272.  1476.  1415.  1457.  1292.  1850.  1337.  1899.
  2041.  2378.  2386.  1274.  1510.  1277.  1587.  1131.  1292.  1362.]
73 [ 1727.  1216.   978.  1276.  1182.  1834.  2111.  1046.  1563.  1398.
  1940.  1123.  1563.  1055.  1213.  1242.  2307.  1037.  1448.  1693.
  1296.  1502.  1272.  1476.  1414.  1458.  1292.  1850.  1337.  1899.
  2042.  2383.  2385.  1274.  1516.  1278.  1588.  1131.  1293.  1362.]
74 [ 1725.  1216.   978.  1276.  1181.  1838.  2111.  1045.  1561.  1399.
  1941.  1122.  1557.  1055.  1214.  1245.  2302.  1037.  1450.  1693.
  1298.  1501.  1272.  1476.  1414.  1458.  1292.  1849.  1336.  1899.
  2049.  2389.  2385.  1274.  1512.  1281.  1584.  1131.  1292.  1362.]
75 [ 1723.  1215.   977.  1277.  1179.  1838.  2111.  1047.  1562.  1401.
  1941.  1121.  1552.  1055.  1214.  1246.  2298.  1037.  1450.  1695.
  1299.  1503.  1272.  1476.  1416.  1458.  1292.  1848.  1336.  1899.
  2046.  2392.  2383.  1274.  1520.  1281.  1583.  1131.  1290.  1362.]
76 [ 1727.  1215.   977.  1279.  1176.  1839.  2111.  1047.  1562.  1406.
  1941.  1121.  1546.  1055.  1214.  1245.  2291.  1037.  1450.  1694.
  1299.  1501.  1273.  1476.  1415.  1456.  1292.  1850.  1336.  1899.
  2042.  2391.  2381.  1274.  1533.  1285.  1582.  1131.  1289.  1362.]
77 [ 1723.  1215.   977.  1280.  1172.  1834.  2111.  1047.  1563.  1410.
  1941.  1121.  1543.  1055.  1214.  1245.  2292.  1037.  1451.  1692.
  1299.  1500.  1274.  1477.  1416.  1456.  1292.  1850.  1337.  1899.
  2044.  2395.  2383.  1274.  1534.  1284.  1581.  1131.  1289.  1362.]
78 [ 1722.  1215.   977.  1280.  1171.  1834.  2111.  1047.  1564.  1411.
  1940.  1121.  1539.  1055.  1213.  1245.  2298.  1037.  1451.  1693.
  1300.  1499.  1274.  1477.  1416.  1456.  1292.  1850.  1337.  1900.
  2040.  2397.  2382.  1274.  1535.  1285.  1580.  1131.  1289.  1362.]
79 [ 1722.  1215.   976.  1281.  1174.  1832.  2111.  1047.  1564.  1410.
  1942.  1121.  1536.  1055.  1211.  1246.  2302.  1037.  1451.  1691.
  1303.  1497.  1274.  1477.  1417.  1458.  1292.  1849.  1337.  1900.
  2037.  2398.  2385.  1274.  1534.  1285.  1578.  1132.  1287.  1362.]
80 [ 1723.  1215.   976.  1281.  1176.  1830.  2111.  1048.  1562.  1408.
  1943.  1121.  1529.  1055.  1212.  1246.  2304.  1037.  1451.  1692.
  1304.  1498.  1274.  1477.  1416.  1455.  1292.  1849.  1337.  1900.
  2041.  2398.  2387.  1274.  1535.  1286.  1575.  1132.  1288.  1362.]
81 [ 1727.  1215.   976.  1281.  1176.  1825.  2111.  1050.  1561.  1410.
  1943.  1120.  1524.  1055.  1212.  1248.  2309.  1037.  1451.  1692.
  1304.  1498.  1274.  1478.  1416.  1454.  1292.  1847.  1337.  1899.
  2043.  2394.  2389.  1274.  1535.  1288.  1572.  1132.  1289.  1362.]
82 [ 1732.  1215.   976.  1281.  1177.  1824.  2111.  1051.  1563.  1409.
  1943.  1119.  1517.  1055.  1212.  1249.  2313.  1037.  1452.  1692.
  1304.  1498.  1274.  1478.  1416.  1455.  1292.  1845.  1337.  1899.
  2043.  2391.  2390.  1274.  1534.  1291.  1569.  1132.  1288.  1362.]
83 [ 1728.  1215.   976.  1281.  1176.  1824.  2111.  1051.  1564.  1408.
  1944.  1119.  1506.  1055.  1211.  1250.  2315.  1037.  1452.  1692.
  1304.  1498.  1273.  1478.  1416.  1457.  1292.  1841.  1337.  1899.
  2038.  2395.  2391.  1274.  1549.  1293.  1565.  1132.  1291.  1362.]
84 [ 1726.  1215.   976.  1281.  1172.  1824.  2110.  1051.  1569.  1410.
  1943.  1119.  1499.  1055.  1210.  1250.  2317.  1037.  1451.  1688.
  1304.  1498.  1273.  1478.  1417.  1458.  1292.  1838.  1336.  1898.
  2033.  2397.  2391.  1274.  1563.  1295.  1563.  1132.  1295.  1362.]
85 [ 1722.  1215.   976.  1281.  1171.  1825.  2110.  1050.  1572.  1413.
  1943.  1119.  1496.  1055.  1209.  1249.  2324.  1037.  1450.  1684.
  1304.  1497.  1273.  1478.  1417.  1457.  1292.  1834.  1337.  1897.
  2035.  2400.  2389.  1274.  1565.  1295.  1562.  1133.  1298.  1362.]
86 [ 1723.  1215.   976.  1282.  1178.  1823.  2111.  1050.  1576.  1414.
  1943.  1119.  1495.  1054.  1209.  1249.  2322.  1037.  1450.  1681.
  1304.  1495.  1273.  1478.  1417.  1454.  1292.  1835.  1337.  1897.
  2033.  2400.  2389.  1274.  1569.  1293.  1562.  1133.  1296.  1362.]
87 [ 1728.  1215.   976.  1283.  1175.  1822.  2111.  1050.  1580.  1417.
  1943.  1119.  1487.  1054.  1207.  1250.  2319.  1037.  1450.  1677.
  1305.  1495.  1274.  1478.  1417.  1453.  1292.  1833.  1336.  1897.
  2026.  2402.  2390.  1274.  1583.  1292.  1562.  1132.  1297.  1362.]
88 [ 1732.  1215.   976.  1283.  1171.  1822.  2111.  1050.  1581.  1417.
  1943.  1119.  1483.  1054.  1208.  1249.  2316.  1037.  1450.  1678.
  1306.  1495.  1274.  1478.  1417.  1452.  1292.  1832.  1336.  1897.
  2020.  2404.  2394.  1274.  1588.  1294.  1561.  1132.  1297.  1362.]
89 [ 1729.  1215.   976.  1283.  1168.  1823.  2110.  1050.  1580.  1417.
  1944.  1119.  1482.  1054.  1208.  1250.  2325.  1037.  1450.  1676.
  1306.  1496.  1274.  1478.  1417.  1454.  1292.  1830.  1337.  1897.
  2012.  2408.  2395.  1274.  1587.  1294.  1561.  1132.  1298.  1362.]
90 [ 1733.  1215.   976.  1285.  1170.  1823.  2111.  1050.  1582.  1416.
  1944.  1119.  1478.  1054.  1207.  1250.  2325.  1037.  1449.  1675.
  1306.  1496.  1274.  1478.  1417.  1452.  1292.  1828.  1336.  1897.
  2002.  2413.  2396.  1274.  1592.  1295.  1558.  1132.  1300.  1363.]
91 [ 1735.  1215.   976.  1286.  1169.  1821.  2112.  1050.  1584.  1415.
  1944.  1119.  1476.  1054.  1207.  1250.  2330.  1037.  1450.  1676.
  1306.  1497.  1275.  1478.  1416.  1452.  1292.  1825.  1336.  1897.
  1992.  2413.  2398.  1274.  1596.  1295.  1556.  1133.  1300.  1363.]
92 [ 1732.  1215.   976.  1288.  1169.  1819.  2113.  1050.  1583.  1414.
  1943.  1119.  1474.  1054.  1207.  1250.  2332.  1037.  1451.  1676.
  1306.  1497.  1275.  1478.  1416.  1452.  1292.  1823.  1336.  1897.
  1987.  2418.  2403.  1274.  1600.  1294.  1555.  1132.  1300.  1363.]
93 [ 1724.  1215.   976.  1288.  1169.  1819.  2113.  1050.  1582.  1411.
  1943.  1119.  1465.  1054.  1207.  1250.  2331.  1037.  1452.  1678.
  1306.  1498.  1277.  1478.  1416.  1453.  1292.  1824.  1336.  1898.
  1981.  2427.  2409.  1274.  1606.  1293.  1554.  1130.  1302.  1363.]
94 [ 1725.  1215.   976.  1289.  1169.  1824.  2113.  1050.  1583.  1410.
  1944.  1119.  1461.  1053.  1207.  1250.  2334.  1037.  1452.  1678.
  1306.  1498.  1276.  1478.  1416.  1454.  1292.  1827.  1336.  1898.
  1971.  2423.  2412.  1274.  1612.  1293.  1550.  1130.  1303.  1362.]
95 [ 1725.  1215.   976.  1289.  1169.  1819.  2114.  1050.  1583.  1411.
  1944.  1119.  1453.  1053.  1208.  1250.  2336.  1037.  1451.  1675.
  1306.  1499.  1277.  1477.  1416.  1454.  1292.  1832.  1336.  1898.
  1962.  2422.  2420.  1274.  1620.  1292.  1549.  1132.  1303.  1362.]
96 [ 1729.  1215.   976.  1289.  1169.  1815.  2115.  1050.  1582.  1412.
  1944.  1119.  1446.  1053.  1208.  1250.  2331.  1037.  1452.  1675.
  1306.  1501.  1276.  1476.  1416.  1455.  1292.  1834.  1336.  1898.
  1962.  2422.  2426.  1274.  1622.  1291.  1546.  1132.  1306.  1362.]
97 [ 1730.  1215.   976.  1289.  1169.  1813.  2115.  1049.  1583.  1408.
  1944.  1119.  1442.  1053.  1208.  1252.  2326.  1037.  1454.  1676.
  1306.  1501.  1276.  1476.  1415.  1458.  1292.  1836.  1336.  1898.
  1958.  2421.  2429.  1274.  1631.  1291.  1542.  1132.  1308.  1362.]
98 [ 1736.  1216.   976.  1289.  1169.  1808.  2114.  1049.  1583.  1407.
  1945.  1119.  1433.  1053.  1211.  1253.  2322.  1037.  1454.  1676.
  1306.  1499.  1276.  1477.  1415.  1460.  1292.  1836.  1337.  1898.
  1950.  2426.  2438.  1274.  1638.  1291.  1538.  1132.  1306.  1361.]
99 [ 1740.  1216.   976.  1289.  1169.  1803.  2113.  1049.  1582.  1405.
  1944.  1119.  1428.  1053.  1213.  1253.  2310.  1037.  1454.  1676.
  1307.  1502.  1276.  1477.  1417.  1462.  1292.  1839.  1337.  1897.
  1949.  2428.  2442.  1274.  1646.  1292.  1536.  1132.  1305.  1361.]
100 [ 1742.  1216.   975.  1289.  1170.  1801.  2112.  1049.  1582.  1406.
  1943.  1119.  1423.  1053.  1216.  1252.  2308.  1037.  1454.  1677.
  1307.  1505.  1278.  1477.  1416.  1462.  1292.  1839.  1338.  1897.
  1945.  2432.  2446.  1274.  1650.  1291.  1535.  1132.  1299.  1361.]
101 [ 1742.  1216.   975.  1289.  1169.  1799.  2112.  1049.  1584.  1404.
  1944.  1119.  1419.  1053.  1220.  1251.  2301.  1037.  1454.  1678.
  1307.  1505.  1279.  1476.  1416.  1462.  1292.  1841.  1338.  1897.
  1942.  2439.  2445.  1274.  1656.  1292.  1534.  1132.  1297.  1361.]
102 [ 1749.  1216.   975.  1289.  1170.  1794.  2113.  1049.  1584.  1404.
  1944.  1119.  1419.  1053.  1224.  1251.  2302.  1037.  1454.  1681.
  1307.  1504.  1279.  1476.  1415.  1462.  1292.  1843.  1339.  1897.
  1936.  2437.  2446.  1274.  1658.  1292.  1530.  1132.  1293.  1361.]
103 [ 1752.  1216.   976.  1290.  1169.  1790.  2113.  1049.  1584.  1404.
  1944.  1119.  1419.  1053.  1225.  1251.  2302.  1037.  1454.  1683.
  1307.  1503.  1278.  1476.  1416.  1465.  1292.  1842.  1339.  1897.
  1928.  2441.  2445.  1274.  1662.  1292.  1527.  1133.  1292.  1361.]
104 [ 1759.  1216.   976.  1291.  1168.  1787.  2114.  1049.  1584.  1403.
  1944.  1119.  1420.  1053.  1226.  1250.  2296.  1037.  1455.  1685.
  1307.  1508.  1278.  1476.  1418.  1465.  1292.  1839.  1339.  1897.
  1922.  2441.  2443.  1274.  1664.  1291.  1524.  1134.  1295.  1361.]
105 [ 1770.  1216.   977.  1291.  1167.  1785.  2113.  1049.  1586.  1403.
  1944.  1118.  1417.  1053.  1226.  1250.  2289.  1037.  1454.  1686.
  1306.  1511.  1278.  1476.  1418.  1465.  1292.  1836.  1339.  1897.
  1916.  2444.  2443.  1274.  1670.  1292.  1522.  1134.  1295.  1361.]
106 [ 1777.  1216.   977.  1291.  1168.  1780.  2112.  1049.  1588.  1403.
  1943.  1117.  1415.  1053.  1227.  1250.  2288.  1037.  1453.  1686.
  1306.  1515.  1278.  1475.  1417.  1465.  1292.  1827.  1339.  1897.
  1913.  2447.  2449.  1274.  1675.  1291.  1520.  1134.  1295.  1361.]
107 [ 1786.  1216.   977.  1291.  1169.  1770.  2112.  1049.  1588.  1404.
  1941.  1117.  1412.  1053.  1227.  1250.  2293.  1037.  1451.  1687.
  1306.  1520.  1277.  1475.  1417.  1463.  1293.  1821.  1339.  1895.
  1908.  2449.  2458.  1274.  1676.  1291.  1518.  1134.  1295.  1361.]
108 [ 1807.  1216.   977.  1291.  1170.  1757.  2112.  1049.  1588.  1404.
  1941.  1117.  1403.  1053.  1227.  1250.  2287.  1037.  1449.  1687.
  1306.  1523.  1277.  1474.  1417.  1462.  1293.  1818.  1339.  1894.
  1903.  2453.  2463.  1274.  1683.  1291.  1518.  1134.  1295.  1361.]
109 [ 1828.  1216.   976.  1291.  1172.  1743.  2112.  1049.  1588.  1404.
  1942.  1117.  1395.  1053.  1227.  1249.  2284.  1037.  1448.  1686.
  1306.  1524.  1277.  1474.  1417.  1461.  1293.  1812.  1339.  1893.
  1893.  2453.  2476.  1274.  1691.  1291.  1519.  1133.  1296.  1361.]
110 [ 1841.  1216.   976.  1291.  1172.  1734.  2112.  1049.  1593.  1403.
  1942.  1117.  1390.  1053.  1227.  1249.  2280.  1037.  1447.  1686.
  1305.  1526.  1277.  1474.  1416.  1461.  1293.  1805.  1339.  1892.
  1886.  2451.  2491.  1274.  1696.  1290.  1519.  1133.  1296.  1361.]
111 [ 1837.  1216.   976.  1290.  1172.  1727.  2114.  1049.  1594.  1404.
  1941.  1117.  1386.  1052.  1228.  1248.  2279.  1037.  1446.  1683.
  1306.  1529.  1277.  1474.  1417.  1461.  1293.  1798.  1339.  1891.
  1882.  2456.  2504.  1274.  1700.  1290.  1521.  1133.  1298.  1361.]
112 [ 1842.  1216.   976.  1290.  1172.  1714.  2118.  1049.  1592.  1405.
  1941.  1117.  1379.  1051.  1229.  1248.  2277.  1037.  1445.  1682.
  1306.  1536.  1277.  1474.  1414.  1461.  1293.  1798.  1339.  1889.
  1885.  2461.  2511.  1274.  1697.  1290.  1522.  1133.  1299.  1361.]
113 [ 1854.  1216.   976.  1290.  1172.  1692.  2119.  1049.  1590.  1404.
  1941.  1116.  1369.  1051.  1229.  1248.  2272.  1037.  1445.  1681.
  1306.  1543.  1277.  1475.  1414.  1463.  1293.  1802.  1339.  1889.
  1886.  2459.  2518.  1274.  1704.  1290.  1522.  1132.  1302.  1361.]
114 [ 1891.  1216.   977.  1290.  1172.  1660.  2121.  1049.  1591.  1402.
  1942.  1116.  1359.  1051.  1229.  1248.  2259.  1037.  1444.  1682.
  1306.  1545.  1277.  1475.  1416.  1463.  1293.  1802.  1338.  1888.
  1891.  2460.  2514.  1274.  1713.  1290.  1523.  1132.  1304.  1360.]
115 [ 1924.  1216.   977.  1291.  1172.  1640.  2123.  1050.  1591.  1398.
  1942.  1116.  1356.  1051.  1229.  1249.  2250.  1037.  1440.  1683.
  1306.  1550.  1277.  1475.  1416.  1463.  1293.  1799.  1338.  1885.
  1890.  2463.  2507.  1274.  1716.  1291.  1524.  1131.  1307.  1360.]
116 [ 1963.  1216.   977.  1291.  1172.  1627.  2123.  1050.  1592.  1398.
  1943.  1115.  1346.  1050.  1230.  1249.  2239.  1037.  1440.  1683.
  1306.  1557.  1277.  1475.  1417.  1461.  1293.  1803.  1338.  1883.
  1880.  2469.  2495.  1274.  1721.  1291.  1524.  1130.  1306.  1359.]
117 [ 2016.  1216.   976.  1293.  1172.  1598.  2124.  1050.  1594.  1397.
  1943.  1115.  1339.  1049.  1231.  1251.  2249.  1037.  1439.  1683.
  1305.  1559.  1278.  1474.  1418.  1464.  1293.  1809.  1337.  1883.
  1867.  2454.  2489.  1275.  1717.  1290.  1523.  1129.  1305.  1359.]
118 [ 2059.  1216.   976.  1293.  1172.  1585.  2126.  1050.  1597.  1395.
  1944.  1115.  1331.  1050.  1232.  1253.  2253.  1037.  1439.  1684.
  1305.  1564.  1278.  1473.  1417.  1463.  1293.  1811.  1336.  1882.
  1849.  2444.  2484.  1275.  1716.  1290.  1522.  1128.  1305.  1358.]
119 [ 2077.  1216.   975.  1291.  1172.  1595.  2129.  1050.  1597.  1394.
  1943.  1115.  1327.  1050.  1234.  1253.  2255.  1037.  1438.  1686.
  1305.  1571.  1278.  1473.  1417.  1463.  1293.  1811.  1336.  1882.
  1828.  2441.  2472.  1275.  1715.  1293.  1523.  1127.  1305.  1358.]
120 [ 2102.  1216.   974.  1291.  1172.  1590.  2130.  1048.  1597.  1396.
  1944.  1115.  1326.  1050.  1234.  1252.  2258.  1037.  1440.  1686.
  1305.  1576.  1278.  1472.  1418.  1463.  1293.  1813.  1336.  1881.
  1820.  2437.  2464.  1275.  1703.  1296.  1523.  1125.  1306.  1358.]
121 [ 2117.  1216.   974.  1290.  1173.  1612.  2132.  1048.  1597.  1398.
  1945.  1115.  1320.  1050.  1232.  1251.  2264.  1037.  1440.  1688.
  1305.  1576.  1277.  1473.  1418.  1465.  1293.  1802.  1336.  1881.
  1803.  2431.  2460.  1275.  1697.  1295.  1524.  1125.  1307.  1358.]
122 [ 2132.  1216.   974.  1290.  1172.  1614.  2135.  1048.  1597.  1398.
  1946.  1115.  1305.  1050.  1230.  1251.  2269.  1037.  1440.  1688.
  1304.  1578.  1277.  1473.  1419.  1467.  1293.  1807.  1334.  1881.
  1782.  2433.  2451.  1275.  1703.  1298.  1527.  1125.  1307.  1359.]
123 [ 2138.  1216.   975.  1289.  1173.  1629.  2136.  1048.  1597.  1397.
  1945.  1115.  1293.  1050.  1229.  1251.  2271.  1037.  1440.  1689.
  1304.  1579.  1277.  1472.  1418.  1467.  1292.  1805.  1334.  1882.
  1766.  2444.  2443.  1275.  1708.  1296.  1527.  1125.  1309.  1359.]
124 [ 2138.  1216.   975.  1289.  1172.  1634.  2137.  1048.  1597.  1395.
  1946.  1116.  1280.  1050.  1229.  1252.  2282.  1037.  1440.  1689.
  1304.  1578.  1277.  1471.  1417.  1467.  1292.  1803.  1334.  1882.
  1761.  2448.  2442.  1275.  1707.  1297.  1527.  1125.  1312.  1359.]
125 [ 2131.  1216.   975.  1288.  1173.  1641.  2138.  1048.  1597.  1395.
  1945.  1116.  1267.  1050.  1230.  1252.  2281.  1037.  1441.  1689.
  1304.  1580.  1277.  1471.  1418.  1466.  1292.  1806.  1333.  1882.
  1762.  2456.  2440.  1275.  1711.  1296.  1526.  1125.  1312.  1358.]
126 [ 2133.  1216.   975.  1289.  1173.  1646.  2139.  1048.  1595.  1394.
  1947.  1116.  1254.  1050.  1232.  1253.  2279.  1037.  1441.  1688.
  1304.  1579.  1277.  1471.  1419.  1465.  1292.  1809.  1333.  1882.
  1755.  2461.  2437.  1275.  1719.  1296.  1526.  1125.  1312.  1358.]
127 [ 2141.  1216.   975.  1289.  1173.  1643.  2140.  1048.  1596.  1391.
  1947.  1116.  1249.  1049.  1232.  1254.  2282.  1037.  1441.  1687.
  1304.  1582.  1277.  1471.  1419.  1463.  1292.  1811.  1334.  1883.
  1751.  2459.  2429.  1275.  1723.  1297.  1526.  1125.  1314.  1359.]
128 [ 2150.  1216.   975.  1289.  1173.  1636.  2140.  1048.  1595.  1391.
  1947.  1117.  1243.  1049.  1233.  1254.  2280.  1037.  1441.  1687.
  1304.  1582.  1277.  1471.  1420.  1464.  1292.  1809.  1334.  1883.
  1755.  2469.  2422.  1275.  1720.  1297.  1527.  1125.  1314.  1359.]
129 [ 2154.  1216.   975.  1289.  1173.  1629.  2140.  1048.  1596.  1390.
  1947.  1118.  1239.  1049.  1234.  1255.  2278.  1037.  1441.  1686.
  1304.  1583.  1277.  1470.  1420.  1464.  1292.  1811.  1334.  1883.
  1753.  2482.  2418.  1275.  1718.  1297.  1529.  1125.  1312.  1359.]
130 [ 2147.  1216.   975.  1289.  1173.  1630.  2140.  1048.  1596.  1389.
  1946.  1118.  1239.  1049.  1234.  1255.  2277.  1037.  1441.  1686.
  1304.  1581.  1277.  1470.  1420.  1464.  1292.  1814.  1334.  1882.
  1755.  2494.  2420.  1275.  1710.  1297.  1529.  1125.  1313.  1359.]
131 [ 2148.  1216.   975.  1289.  1173.  1629.  2141.  1048.  1597.  1388.
  1945.  1118.  1241.  1050.  1234.  1255.  2272.  1037.  1441.  1687.
  1304.  1581.  1277.  1470.  1420.  1464.  1292.  1816.  1334.  1882.
  1753.  2503.  2416.  1275.  1708.  1295.  1527.  1125.  1315.  1359.]
132 [ 2151.  1216.   975.  1289.  1172.  1623.  2141.  1048.  1597.  1389.
  1945.  1118.  1241.  1050.  1234.  1255.  2265.  1037.  1441.  1688.
  1305.  1583.  1277.  1470.  1420.  1464.  1292.  1817.  1334.  1883.
  1750.  2515.  2413.  1275.  1705.  1296.  1527.  1125.  1315.  1359.]
133 [ 2158.  1216.   975.  1289.  1172.  1621.  2141.  1048.  1597.  1390.
  1945.  1118.  1242.  1050.  1234.  1255.  2261.  1037.  1442.  1687.
  1305.  1582.  1277.  1470.  1420.  1464.  1292.  1817.  1334.  1883.
  1742.  2522.  2411.  1275.  1704.  1297.  1528.  1125.  1315.  1359.]
134 [ 2159.  1216.   975.  1289.  1172.  1622.  2141.  1048.  1597.  1390.
  1945.  1118.  1244.  1050.  1234.  1255.  2260.  1037.  1442.  1687.
  1305.  1580.  1277.  1470.  1420.  1462.  1292.  1816.  1334.  1884.
  1740.  2521.  2416.  1275.  1702.  1297.  1529.  1125.  1315.  1359.]
135 [ 2157.  1216.   975.  1289.  1172.  1624.  2141.  1048.  1597.  1390.
  1945.  1118.  1244.  1051.  1233.  1255.  2258.  1037.  1442.  1686.
  1305.  1578.  1277.  1470.  1420.  1462.  1292.  1816.  1334.  1884.
  1738.  2524.  2420.  1275.  1702.  1297.  1529.  1125.  1315.  1359.]
136 [ 2155.  1216.   975.  1289.  1172.  1624.  2141.  1048.  1597.  1390.
  1945.  1118.  1244.  1051.  1232.  1256.  2256.  1037.  1442.  1686.
  1305.  1577.  1276.  1470.  1420.  1462.  1292.  1815.  1334.  1884.
  1739.  2528.  2424.  1275.  1700.  1297.  1529.  1125.  1315.  1359.]
137 [ 2153.  1216.   975.  1289.  1172.  1624.  2142.  1048.  1597.  1390.
  1945.  1118.  1244.  1051.  1230.  1258.  2255.  1037.  1442.  1686.
  1305.  1577.  1276.  1470.  1420.  1462.  1292.  1816.  1334.  1884.
  1739.  2525.  2429.  1275.  1699.  1297.  1529.  1125.  1315.  1359.]
138 [ 2154.  1216.   975.  1289.  1172.  1624.  2142.  1048.  1597.  1390.
  1945.  1118.  1243.  1051.  1231.  1258.  2256.  1037.  1442.  1686.
  1306.  1577.  1276.  1470.  1420.  1462.  1292.  1817.  1334.  1884.
  1739.  2524.  2428.  1275.  1698.  1297.  1529.  1125.  1314.  1359.]
139 [ 2155.  1216.   975.  1289.  1172.  1623.  2142.  1048.  1597.  1390.
  1945.  1118.  1243.  1051.  1231.  1258.  2257.  1037.  1443.  1686.
  1306.  1577.  1276.  1470.  1421.  1462.  1292.  1817.  1334.  1884.
  1741.  2521.  2429.  1275.  1695.  1297.  1529.  1125.  1314.  1359.]
140 [ 2156.  1216.   975.  1289.  1172.  1622.  2142.  1048.  1597.  1390.
  1945.  1118.  1242.  1051.  1231.  1258.  2258.  1037.  1443.  1686.
  1306.  1577.  1276.  1470.  1421.  1462.  1292.  1817.  1334.  1884.
  1742.  2520.  2430.  1275.  1694.  1297.  1529.  1125.  1314.  1359.]
141 [ 2155.  1216.   975.  1289.  1172.  1622.  2142.  1048.  1597.  1390.
  1945.  1118.  1240.  1052.  1231.  1258.  2259.  1037.  1443.  1686.
  1306.  1577.  1276.  1470.  1421.  1462.  1292.  1816.  1334.  1884.
  1743.  2520.  2430.  1275.  1695.  1297.  1529.  1125.  1314.  1359.]
142 [ 2156.  1216.   975.  1289.  1172.  1621.  2142.  1048.  1597.  1390.
  1945.  1118.  1240.  1052.  1231.  1258.  2259.  1037.  1443.  1686.
  1306.  1577.  1276.  1470.  1421.  1462.  1292.  1816.  1334.  1884.
  1743.  2520.  2429.  1275.  1696.  1297.  1529.  1125.  1314.  1359.]
143 [ 2156.  1216.   975.  1289.  1172.  1622.  2142.  1048.  1597.  1390.
  1945.  1118.  1240.  1052.  1231.  1258.  2259.  1037.  1443.  1686.
  1306.  1577.  1276.  1470.  1421.  1462.  1292.  1816.  1334.  1884.
  1743.  2520.  2429.  1275.  1695.  1297.  1529.  1125.  1314.  1359.]
144 [ 2157.  1216.   975.  1289.  1172.  1623.  2142.  1048.  1597.  1390.
  1945.  1118.  1240.  1052.  1231.  1258.  2259.  1037.  1443.  1686.
  1306.  1577.  1276.  1470.  1421.  1462.  1292.  1816.  1334.  1884.
  1744.  2520.  2429.  1275.  1692.  1297.  1529.  1125.  1314.  1359.]
145 [ 2156.  1216.   975.  1289.  1172.  1626.  2142.  1048.  1597.  1390.
  1945.  1118.  1240.  1052.  1231.  1258.  2259.  1037.  1443.  1686.
  1306.  1577.  1276.  1470.  1421.  1462.  1292.  1816.  1334.  1884.
  1741.  2520.  2429.  1275.  1693.  1297.  1529.  1125.  1314.  1359.]
146 [ 2156.  1216.   975.  1289.  1172.  1629.  2142.  1048.  1597.  1390.
  1945.  1118.  1239.  1052.  1231.  1258.  2259.  1037.  1443.  1686.
  1306.  1577.  1276.  1470.  1421.  1462.  1292.  1816.  1334.  1884.
  1738.  2520.  2429.  1275.  1693.  1297.  1530.  1125.  1314.  1359.]
147 [ 2157.  1216.   975.  1289.  1172.  1628.  2142.  1048.  1597.  1390.
  1945.  1118.  1239.  1052.  1231.  1258.  2258.  1037.  1444.  1686.
  1306.  1577.  1276.  1470.  1421.  1462.  1292.  1816.  1334.  1884.
  1740.  2520.  2429.  1275.  1691.  1297.  1530.  1125.  1314.  1359.]
148 [ 2156.  1216.   975.  1289.  1172.  1628.  2142.  1048.  1597.  1390.
  1945.  1118.  1239.  1052.  1231.  1258.  2258.  1037.  1446.  1686.
  1306.  1577.  1276.  1470.  1421.  1462.  1292.  1816.  1334.  1884.
  1739.  2521.  2429.  1275.  1689.  1297.  1530.  1126.  1314.  1359.]
149 [ 2155.  1216.   975.  1289.  1172.  1629.  2142.  1048.  1597.  1390.
  1945.  1118.  1239.  1052.  1231.  1258.  2257.  1037.  1447.  1686.
  1306.  1577.  1276.  1470.  1421.  1462.  1292.  1815.  1334.  1884.
  1740.  2522.  2429.  1275.  1688.  1297.  1530.  1126.  1314.  1359.]
150 [ 2155.  1216.   975.  1289.  1172.  1630.  2142.  1048.  1597.  1390.
  1945.  1118.  1238.  1052.  1231.  1258.  2257.  1037.  1447.  1686.
  1306.  1577.  1276.  1470.  1421.  1462.  1292.  1815.  1334.  1884.
  1739.  2522.  2429.  1275.  1689.  1297.  1530.  1126.  1314.  1359.]
151 [ 2155.  1216.   975.  1289.  1172.  1630.  2142.  1048.  1597.  1390.
  1945.  1118.  1237.  1052.  1231.  1258.  2257.  1037.  1447.  1686.
  1306.  1577.  1276.  1470.  1421.  1462.  1292.  1815.  1334.  1884.
  1739.  2522.  2429.  1275.  1690.  1297.  1530.  1126.  1314.  1359.]
[ 2155.  1216.   975.  1289.  1172.  1630.  2142.  1048.  1597.  1390.
  1945.  1118.  1237.  1052.  1231.  1258.  2257.  1037.  1447.  1686.
  1306.  1577.  1276.  1470.  1421.  1462.  1292.  1815.  1334.  1884.
  1739.  2522.  2429.  1275.  1690.  1297.  1530.  1126.  1314.  1359.]
Time spent clustering :  10844.4729168
means_random_cluster40
Digit: 0  Purity: 95.4% SD: 1516.1  Count: 5694
Digit: 1  Purity: 91.0% SD:  927.1  Count: 7260
Digit: 2  Purity: 77.0% SD: 1616.8  Count: 6910
Digit: 3  Purity: 72.1% SD: 1513.5  Count: 6935
Digit: 4  Purity: 60.4% SD: 1520.4  Count: 5362
Digit: 5  Purity: 76.3% SD: 1563.3  Count: 5357
Digit: 6  Purity: 91.1% SD: 1437.1  Count: 6095
Digit: 7  Purity: 87.2% SD: 1374.2  Count: 4666
Digit: 8  Purity: 88.6% SD: 1522.0  Count: 4513
Digit: 9  Purity: 45.7% SD: 1324.8  Count: 7208
Our accuracy in predicting test data for k = 40 was 78.3178317832 %
Time spent testing :  34.8653039932
