18 means kplusplus 100
0 [ 5409.  1904.  5454.  3499.  4429.  2622.  3257.  2296.  3678.  2224.
  2568.  2980.  2278.  1542.  5846.  1843.  4740.  3431.]
1 [ 3932.  2051.  5361.  3671.  4145.  3152.  2938.  2446.  3848.  2306.
  2970.  3326.  2860.  1881.  5110.  2167.  4711.  3125.]
2 [ 3207.  2177.  4965.  3659.  4092.  3411.  2797.  2495.  3998.  2422.
  3221.  3873.  2954.  1965.  4541.  2453.  4645.  3125.]
3 [ 2852.  2197.  4538.  3642.  4086.  3627.  2808.  2477.  4061.  2506.
  3344.  4444.  2871.  2113.  4091.  2685.  4544.  3114.]
4 [ 2743.  2219.  4204.  3660.  4079.  3793.  2826.  2446.  4021.  2541.
  3397.  4828.  2795.  2271.  3797.  2926.  4459.  2995.]
5 [ 2725.  2274.  3994.  3661.  4032.  3904.  2823.  2423.  3920.  2533.
  3456.  5042.  2708.  2467.  3631.  3155.  4328.  2924.]
6 [ 2826.  2303.  3834.  3673.  3985.  3923.  2820.  2401.  3797.  2538.
  3524.  5156.  2630.  2637.  3529.  3357.  4191.  2876.]
7 [ 2935.  2312.  3705.  3712.  3929.  3914.  2839.  2392.  3694.  2532.
  3567.  5194.  2588.  2764.  3481.  3482.  4097.  2863.]
8 [ 3059.  2314.  3605.  3733.  3901.  3917.  2853.  2388.  3609.  2529.
  3562.  5204.  2563.  2852.  3425.  3589.  4015.  2882.]
9 [ 3154.  2302.  3517.  3766.  3855.  3904.  2883.  2387.  3546.  2534.
  3562.  5177.  2549.  2908.  3395.  3649.  3966.  2946.]
10 [ 3227.  2293.  3444.  3789.  3823.  3866.  2886.  2376.  3516.  2535.
  3536.  5146.  2532.  2984.  3386.  3699.  3929.  3033.]
11 [ 3275.  2281.  3356.  3824.  3773.  3837.  2905.  2371.  3476.  2530.
  3558.  5128.  2519.  3012.  3385.  3730.  3899.  3141.]
12 [ 3298.  2241.  3287.  3864.  3709.  3816.  2918.  2373.  3451.  2520.
  3559.  5104.  2526.  3030.  3393.  3767.  3866.  3278.]
13 [ 3313.  2184.  3222.  3908.  3636.  3816.  2916.  2374.  3418.  2514.
  3555.  5076.  2522.  3060.  3395.  3790.  3830.  3471.]
14 [ 3303.  2140.  3145.  3966.  3573.  3824.  2921.  2384.  3403.  2514.
  3545.  5081.  2541.  3018.  3395.  3796.  3796.  3655.]
15 [ 3272.  2108.  3090.  4023.  3494.  3833.  2910.  2388.  3399.  2517.
  3550.  5064.  2576.  2977.  3390.  3812.  3769.  3828.]
16 [ 3251.  2070.  3037.  4073.  3401.  3849.  2901.  2391.  3404.  2531.
  3555.  5052.  2596.  2902.  3401.  3814.  3742.  4030.]
17 [ 3259.  2063.  3001.  4114.  3291.  3879.  2876.  2405.  3406.  2546.
  3559.  5052.  2617.  2820.  3421.  3826.  3712.  4153.]
18 [ 3270.  2057.  2980.  4139.  3205.  3936.  2849.  2414.  3414.  2567.
  3577.  5064.  2620.  2712.  3424.  3801.  3693.  4278.]
19 [ 3287.  2052.  2969.  4141.  3101.  3965.  2828.  2427.  3436.  2583.
  3615.  5089.  2625.  2639.  3422.  3775.  3681.  4365.]
20 [ 3307.  2043.  2967.  4152.  3002.  3994.  2825.  2441.  3450.  2605.
  3642.  5109.  2623.  2628.  3401.  3767.  3678.  4366.]
21 [ 3328.  2042.  2973.  4152.  2912.  4019.  2825.  2448.  3475.  2616.
  3647.  5122.  2625.  2643.  3374.  3757.  3686.  4356.]
22 [ 3356.  2044.  2991.  4148.  2856.  4050.  2822.  2458.  3491.  2631.
  3650.  5125.  2618.  2640.  3348.  3754.  3691.  4327.]
23 [ 3395.  2052.  3013.  4148.  2814.  4074.  2825.  2462.  3507.  2634.
  3652.  5124.  2612.  2640.  3327.  3746.  3704.  4271.]
24 [ 3421.  2066.  3046.  4143.  2781.  4086.  2825.  2455.  3529.  2647.
  3638.  5122.  2609.  2656.  3304.  3746.  3717.  4209.]
25 [ 3442.  2081.  3074.  4136.  2750.  4092.  2825.  2450.  3540.  2659.
  3632.  5129.  2608.  2670.  3299.  3755.  3722.  4136.]
26 [ 3455.  2093.  3100.  4131.  2740.  4103.  2825.  2451.  3546.  2666.
  3628.  5147.  2606.  2671.  3296.  3765.  3729.  4048.]
27 [ 3454.  2096.  3120.  4137.  2728.  4115.  2836.  2449.  3553.  2671.
  3623.  5142.  2604.  2675.  3289.  3787.  3746.  3975.]
28 [ 3464.  2096.  3136.  4145.  2716.  4118.  2846.  2445.  3555.  2676.
  3617.  5132.  2603.  2684.  3279.  3807.  3761.  3920.]
29 [ 3472.  2095.  3149.  4151.  2709.  4132.  2853.  2444.  3563.  2684.
  3599.  5107.  2598.  2685.  3271.  3824.  3776.  3888.]
30 [ 3481.  2096.  3158.  4166.  2703.  4136.  2860.  2444.  3573.  2691.
  3591.  5083.  2593.  2689.  3264.  3841.  3784.  3847.]
31 [ 3489.  2097.  3163.  4175.  2699.  4139.  2865.  2443.  3574.  2691.
  3589.  5062.  2593.  2691.  3256.  3851.  3794.  3829.]
32 [ 3499.  2099.  3165.  4175.  2694.  4141.  2866.  2441.  3579.  2696.
  3584.  5044.  2595.  2693.  3250.  3864.  3800.  3815.]
33 [ 3507.  2101.  3169.  4165.  2689.  4140.  2868.  2439.  3582.  2697.
  3582.  5035.  2596.  2698.  3245.  3883.  3805.  3799.]
34 [ 3508.  2102.  3178.  4157.  2685.  4144.  2868.  2438.  3583.  2698.
  3581.  5025.  2598.  2698.  3239.  3900.  3806.  3792.]
35 [ 3511.  2106.  3182.  4147.  2684.  4148.  2871.  2437.  3584.  2698.
  3580.  5016.  2599.  2696.  3238.  3914.  3805.  3784.]
36 [ 3509.  2108.  3186.  4139.  2684.  4156.  2873.  2438.  3587.  2699.
  3573.  5013.  2603.  2694.  3236.  3923.  3804.  3775.]
37 [ 3508.  2108.  3189.  4133.  2685.  4162.  2874.  2439.  3585.  2698.
  3568.  5002.  2609.  2693.  3239.  3923.  3808.  3777.]
38 [ 3512.  2108.  3190.  4126.  2683.  4166.  2874.  2439.  3586.  2699.
  3562.  4997.  2611.  2693.  3240.  3932.  3810.  3772.]
39 [ 3515.  2108.  3190.  4122.  2682.  4164.  2874.  2441.  3588.  2699.
  3557.  4991.  2614.  2693.  3242.  3939.  3806.  3775.]
40 [ 3515.  2107.  3191.  4121.  2681.  4164.  2874.  2441.  3588.  2700.
  3553.  4976.  2616.  2695.  3245.  3947.  3815.  3771.]
41 [ 3513.  2106.  3192.  4121.  2680.  4162.  2874.  2441.  3593.  2700.
  3551.  4960.  2617.  2697.  3244.  3956.  3823.  3770.]
42 [ 3517.  2105.  3191.  4120.  2679.  4164.  2875.  2440.  3593.  2699.
  3552.  4953.  2619.  2698.  3243.  3960.  3829.  3763.]
43 [ 3518.  2106.  3191.  4113.  2678.  4166.  2876.  2440.  3595.  2698.
  3549.  4954.  2623.  2698.  3242.  3964.  3830.  3759.]
44 [ 3517.  2107.  3192.  4109.  2677.  4166.  2875.  2440.  3595.  2698.
  3548.  4960.  2626.  2698.  3242.  3968.  3822.  3760.]
45 [ 3518.  2107.  3192.  4110.  2676.  4167.  2875.  2440.  3595.  2698.
  3549.  4959.  2626.  2699.  3242.  3970.  3822.  3755.]
46 [ 3518.  2107.  3191.  4110.  2673.  4170.  2877.  2440.  3595.  2699.
  3548.  4957.  2626.  2700.  3241.  3972.  3824.  3752.]
47 [ 3518.  2107.  3192.  4112.  2673.  4171.  2877.  2440.  3594.  2699.
  3548.  4950.  2626.  2701.  3239.  3973.  3830.  3750.]
48 [ 3518.  2107.  3194.  4108.  2673.  4172.  2877.  2440.  3594.  2699.
  3547.  4947.  2627.  2701.  3239.  3975.  3838.  3744.]
49 [ 3520.  2107.  3197.  4105.  2673.  4173.  2877.  2439.  3594.  2699.
  3547.  4940.  2627.  2701.  3241.  3980.  3844.  3736.]
50 [ 3521.  2107.  3197.  4101.  2673.  4171.  2878.  2438.  3596.  2699.
  3547.  4938.  2627.  2702.  3240.  3983.  3851.  3731.]
51 [ 3521.  2107.  3199.  4100.  2673.  4175.  2878.  2437.  3596.  2700.
  3546.  4930.  2627.  2702.  3240.  3987.  3858.  3724.]
52 [ 3521.  2107.  3200.  4101.  2673.  4176.  2880.  2437.  3596.  2700.
  3546.  4925.  2627.  2702.  3242.  3987.  3861.  3719.]
53 [ 3521.  2107.  3201.  4101.  2673.  4177.  2881.  2437.  3596.  2700.
  3546.  4921.  2628.  2701.  3242.  3988.  3864.  3716.]
54 [ 3522.  2107.  3202.  4106.  2672.  4176.  2880.  2437.  3596.  2700.
  3546.  4913.  2628.  2701.  3242.  3987.  3869.  3716.]
55 [ 3522.  2107.  3203.  4111.  2672.  4174.  2880.  2437.  3596.  2700.
  3546.  4909.  2626.  2701.  3242.  3989.  3869.  3716.]
56 [ 3523.  2107.  3203.  4112.  2672.  4175.  2880.  2437.  3596.  2701.
  3547.  4902.  2626.  2701.  3242.  3990.  3871.  3715.]
57 [ 3524.  2107.  3203.  4112.  2672.  4175.  2881.  2437.  3596.  2701.
  3547.  4900.  2626.  2701.  3243.  3990.  3869.  3716.]
58 [ 3525.  2107.  3203.  4114.  2672.  4175.  2881.  2437.  3596.  2701.
  3547.  4896.  2626.  2701.  3243.  3991.  3868.  3717.]
59 [ 3526.  2107.  3203.  4113.  2672.  4174.  2881.  2436.  3596.  2701.
  3547.  4898.  2626.  2701.  3243.  3991.  3866.  3719.]
60 [ 3527.  2107.  3203.  4111.  2672.  4175.  2881.  2435.  3596.  2702.
  3547.  4899.  2626.  2701.  3243.  3990.  3865.  3720.]
61 [ 3529.  2107.  3203.  4111.  2672.  4175.  2881.  2435.  3596.  2702.
  3547.  4899.  2626.  2701.  3244.  3989.  3865.  3718.]
62 [ 3529.  2107.  3203.  4111.  2672.  4175.  2881.  2435.  3596.  2702.
  3547.  4899.  2626.  2701.  3244.  3988.  3864.  3720.]
63 [ 3530.  2107.  3203.  4111.  2672.  4175.  2881.  2435.  3596.  2702.
  3547.  4899.  2626.  2701.  3244.  3988.  3864.  3719.]
64 [ 3531.  2107.  3204.  4111.  2672.  4175.  2881.  2435.  3596.  2702.
  3547.  4900.  2627.  2701.  3244.  3988.  3864.  3715.]
65 [ 3530.  2107.  3205.  4111.  2672.  4175.  2882.  2435.  3596.  2702.
  3548.  4900.  2628.  2701.  3244.  3987.  3864.  3713.]
66 [ 3532.  2105.  3205.  4111.  2672.  4175.  2882.  2435.  3596.  2702.
  3548.  4900.  2628.  2701.  3244.  3985.  3864.  3715.]
67 [ 3532.  2104.  3205.  4111.  2672.  4175.  2881.  2435.  3596.  2702.
  3548.  4900.  2628.  2701.  3245.  3983.  3864.  3718.]
68 [ 3532.  2106.  3205.  4111.  2672.  4175.  2879.  2434.  3596.  2702.
  3549.  4900.  2628.  2701.  3245.  3983.  3864.  3718.]
69 [ 3532.  2107.  3205.  4111.  2672.  4174.  2879.  2433.  3597.  2702.
  3549.  4900.  2628.  2701.  3245.  3982.  3864.  3719.]
70 [ 3533.  2107.  3205.  4111.  2672.  4174.  2879.  2433.  3597.  2702.
  3549.  4900.  2628.  2701.  3245.  3982.  3864.  3718.]
71 [ 3534.  2107.  3205.  4111.  2672.  4174.  2879.  2433.  3597.  2702.
  3549.  4900.  2628.  2701.  3245.  3982.  3864.  3717.]
72 [ 3532.  2107.  3205.  4111.  2672.  4174.  2879.  2433.  3598.  2702.
  3549.  4900.  2629.  2701.  3245.  3982.  3864.  3717.]
73 [ 3530.  2107.  3205.  4111.  2672.  4174.  2879.  2433.  3598.  2702.
  3549.  4900.  2631.  2701.  3245.  3982.  3864.  3717.]
74 [ 3528.  2107.  3205.  4111.  2672.  4174.  2879.  2433.  3598.  2703.
  3549.  4900.  2632.  2701.  3245.  3982.  3864.  3717.]
[ 3528.  2107.  3205.  4111.  2672.  4174.  2879.  2433.  3598.  2703.
  3549.  4900.  2632.  2701.  3245.  3982.  3864.  3717.]
Time spent clustering :  7896.84904599
means_kplusplus_cluster18
Digit: 0  Purity: 93.6% SD: 1656.2  Count: 5373
Digit: 1  Purity: 81.1% SD: 1046.4  Count: 8191
Digit: 2  Purity: 93.1% SD: 1711.7  Count: 5136
Digit: 3  Purity: 59.3% SD: 1656.6  Count: 7147
Digit: 4  Purity: 47.8% SD: 1579.3  Count: 8093
Digit: 5  Purity: 46.2% SD: 1578.6  Count: 3717
Digit: 6  Purity: 87.6% SD: 1558.7  Count: 6160
Digit: 7  Purity: 88.8% SD: 1419.9  Count: 3864
Digit: 8  Purity: 57.8% SD: 1600.4  Count: 7419
Digit: 9  Purity: 39.1% SD: 1427.0  Count: 4900
Our accuracy in predicting test data for k = 18 was 69.3269326933 %
Time spent testing :  37.9194869995
