18 means random 100
0 [ 6417.  3626.   703.  4657.  3709.  2066.  4146.  4690.  4784.  1065.
  2299.   622.  7922.  4344.  2761.  4565.  1135.   489.]
1 [ 3677.  3955.  1252.  2932.  3931.  2949.  4053.  5756.  4833.  2081.
  2913.  1395.  5678.  3765.  3055.  4761.  1934.  1080.]
2 [ 3224.  4010.  1821.  2295.  4138.  3228.  3882.  5301.  4731.  2462.
  3152.  1781.  4951.  3493.  3070.  4472.  2384.  1605.]
3 [ 3215.  3913.  2119.  2112.  4276.  3762.  3608.  4898.  4726.  2601.
  3248.  1958.  4239.  3358.  3105.  4211.  2625.  2026.]
4 [ 3298.  3818.  2219.  2109.  4384.  4108.  3456.  4646.  4642.  2672.
  3188.  2097.  3844.  3272.  3169.  4048.  2721.  2309.]
5 [ 3412.  3657.  2294.  2145.  4453.  4306.  3332.  4468.  4581.  2704.
  3055.  2201.  3661.  3244.  3247.  3999.  2732.  2509.]
6 [ 3502.  3505.  2335.  2170.  4484.  4421.  3213.  4375.  4551.  2787.
  2897.  2294.  3582.  3223.  3342.  3976.  2704.  2639.]
7 [ 3632.  3392.  2373.  2186.  4517.  4460.  3105.  4325.  4525.  2837.
  2751.  2352.  3557.  3202.  3446.  3928.  2688.  2724.]
8 [ 3753.  3329.  2405.  2183.  4530.  4492.  3044.  4275.  4520.  2868.
  2648.  2401.  3553.  3194.  3499.  3852.  2682.  2772.]
9 [ 3832.  3287.  2423.  2203.  4513.  4478.  3019.  4250.  4504.  2891.
  2548.  2427.  3548.  3189.  3547.  3848.  2693.  2800.]
10 [ 3882.  3260.  2447.  2219.  4488.  4465.  3008.  4224.  4502.  2927.
  2480.  2442.  3550.  3197.  3568.  3820.  2691.  2830.]
11 [ 3917.  3241.  2461.  2250.  4454.  4448.  2982.  4217.  4498.  2965.
  2445.  2458.  3541.  3204.  3565.  3799.  2690.  2865.]
12 [ 3980.  3232.  2477.  2276.  4429.  4413.  2965.  4199.  4493.  3009.
  2419.  2461.  3532.  3202.  3555.  3775.  2688.  2895.]
13 [ 4013.  3256.  2495.  2283.  4395.  4364.  2973.  4166.  4495.  3051.
  2422.  2460.  3518.  3197.  3551.  3750.  2685.  2926.]
14 [ 4051.  3283.  2507.  2305.  4346.  4332.  2983.  4116.  4513.  3079.
  2424.  2455.  3514.  3191.  3542.  3716.  2686.  2957.]
15 [ 4088.  3310.  2515.  2321.  4299.  4293.  2975.  4066.  4538.  3089.
  2449.  2450.  3526.  3157.  3544.  3693.  2687.  3000.]
16 [ 4116.  3333.  2529.  2340.  4256.  4261.  2965.  4006.  4562.  3102.
  2478.  2451.  3518.  3149.  3547.  3663.  2684.  3040.]
17 [ 4145.  3351.  2533.  2355.  4200.  4255.  2956.  3944.  4588.  3117.
  2521.  2449.  3523.  3107.  3534.  3649.  2684.  3089.]
18 [ 4195.  3359.  2548.  2387.  4162.  4227.  2940.  3876.  4616.  3121.
  2570.  2449.  3521.  3064.  3527.  3628.  2684.  3126.]
19 [ 4216.  3364.  2555.  2399.  4135.  4209.  2919.  3802.  4628.  3117.
  2610.  2452.  3520.  3062.  3517.  3639.  2691.  3165.]
20 [ 4243.  3355.  2555.  2429.  4106.  4185.  2904.  3733.  4651.  3130.
  2622.  2453.  3530.  3052.  3509.  3653.  2690.  3200.]
21 [ 4263.  3344.  2556.  2454.  4065.  4181.  2895.  3689.  4668.  3141.
  2648.  2445.  3541.  3044.  3497.  3646.  2692.  3231.]
22 [ 4272.  3325.  2550.  2490.  4038.  4164.  2879.  3649.  4685.  3143.
  2664.  2441.  3562.  3051.  3480.  3665.  2694.  3248.]
23 [ 4262.  3324.  2556.  2523.  4005.  4147.  2865.  3623.  4699.  3154.
  2669.  2436.  3551.  3071.  3461.  3685.  2692.  3277.]
24 [ 4261.  3319.  2561.  2546.  3975.  4147.  2841.  3597.  4711.  3160.
  2679.  2432.  3548.  3077.  3451.  3693.  2697.  3305.]
25 [ 4267.  3351.  2568.  2567.  3949.  4142.  2823.  3566.  4708.  3164.
  2676.  2431.  3547.  3091.  3435.  3677.  2704.  3334.]
26 [ 4261.  3371.  2577.  2587.  3918.  4141.  2812.  3540.  4707.  3166.
  2672.  2427.  3535.  3127.  3425.  3677.  2704.  3353.]
27 [ 4265.  3389.  2583.  2600.  3901.  4128.  2797.  3516.  4700.  3157.
  2676.  2421.  3526.  3165.  3427.  3671.  2708.  3370.]
28 [ 4266.  3396.  2584.  2609.  3871.  4122.  2779.  3501.  4696.  3144.
  2679.  2421.  3521.  3182.  3438.  3679.  2713.  3399.]
29 [ 4280.  3408.  2585.  2616.  3849.  4109.  2767.  3484.  4696.  3142.
  2680.  2421.  3517.  3206.  3443.  3662.  2715.  3420.]
30 [ 4277.  3422.  2590.  2619.  3823.  4087.  2756.  3474.  4696.  3144.
  2688.  2420.  3516.  3221.  3461.  3648.  2717.  3441.]
31 [ 4268.  3435.  2593.  2627.  3811.  4075.  2742.  3470.  4696.  3138.
  2682.  2417.  3516.  3228.  3476.  3648.  2717.  3461.]
32 [ 4260.  3437.  2593.  2628.  3787.  4071.  2735.  3470.  4695.  3134.
  2686.  2418.  3517.  3236.  3484.  3649.  2717.  3483.]
33 [ 4251.  3440.  2594.  2629.  3760.  4065.  2730.  3467.  4689.  3139.
  2691.  2418.  3517.  3245.  3500.  3647.  2714.  3504.]
34 [ 4232.  3449.  2594.  2631.  3724.  4060.  2722.  3464.  4683.  3142.
  2691.  2421.  3520.  3259.  3522.  3646.  2712.  3528.]
35 [ 4219.  3459.  2597.  2633.  3697.  4077.  2703.  3463.  4669.  3137.
  2693.  2422.  3521.  3266.  3531.  3652.  2711.  3550.]
36 [ 4226.  3458.  2599.  2634.  3656.  4097.  2689.  3462.  4657.  3133.
  2693.  2424.  3523.  3271.  3546.  3653.  2707.  3572.]
37 [ 4224.  3460.  2601.  2635.  3622.  4116.  2668.  3462.  4645.  3135.
  2692.  2428.  3522.  3278.  3562.  3648.  2708.  3594.]
38 [ 4218.  3465.  2603.  2636.  3589.  4128.  2646.  3463.  4636.  3134.
  2689.  2425.  3521.  3286.  3589.  3646.  2710.  3616.]
39 [ 4215.  3474.  2606.  2636.  3547.  4165.  2626.  3463.  4617.  3136.
  2688.  2423.  3522.  3282.  3615.  3639.  2711.  3635.]
40 [ 4214.  3474.  2609.  2636.  3499.  4216.  2603.  3465.  4594.  3142.
  2687.  2426.  3523.  3277.  3627.  3634.  2711.  3663.]
41 [ 4212.  3476.  2610.  2637.  3469.  4232.  2594.  3467.  4582.  3148.
  2687.  2429.  3522.  3268.  3648.  3626.  2712.  3681.]
42 [ 4201.  3477.  2612.  2636.  3434.  4257.  2589.  3467.  4572.  3150.
  2687.  2431.  3524.  3266.  3662.  3621.  2713.  3701.]
43 [ 4199.  3479.  2613.  2636.  3404.  4271.  2582.  3468.  4556.  3158.
  2687.  2429.  3524.  3262.  3678.  3617.  2713.  3724.]
44 [ 4191.  3483.  2613.  2637.  3377.  4278.  2567.  3469.  4537.  3166.
  2687.  2428.  3525.  3269.  3695.  3613.  2712.  3753.]
45 [ 4182.  3483.  2615.  2637.  3362.  4275.  2561.  3472.  4528.  3174.
  2687.  2430.  3526.  3266.  3708.  3612.  2711.  3771.]
46 [ 4177.  3483.  2617.  2637.  3359.  4265.  2557.  3472.  4526.  3181.
  2687.  2430.  3524.  3265.  3720.  3611.  2712.  3777.]
47 [ 4167.  3487.  2618.  2637.  3346.  4271.  2552.  3472.  4524.  3186.
  2686.  2431.  3525.  3261.  3735.  3610.  2713.  3779.]
48 [ 4164.  3489.  2618.  2637.  3328.  4289.  2545.  3470.  4517.  3188.
  2685.  2431.  3525.  3259.  3752.  3607.  2714.  3782.]
49 [ 4161.  3489.  2619.  2637.  3323.  4297.  2541.  3470.  4513.  3191.
  2685.  2433.  3525.  3254.  3756.  3607.  2713.  3786.]
50 [ 4158.  3488.  2619.  2637.  3312.  4314.  2534.  3469.  4507.  3193.
  2685.  2434.  3525.  3252.  3762.  3607.  2713.  3791.]
51 [ 4155.  3489.  2619.  2637.  3301.  4326.  2525.  3467.  4505.  3195.
  2685.  2434.  3526.  3249.  3773.  3606.  2715.  3793.]
52 [ 4155.  3490.  2618.  2637.  3291.  4337.  2520.  3466.  4503.  3199.
  2685.  2434.  3526.  3246.  3781.  3604.  2716.  3792.]
53 [ 4150.  3492.  2618.  2637.  3282.  4345.  2516.  3465.  4500.  3202.
  2686.  2434.  3526.  3246.  3788.  3604.  2716.  3793.]
54 [ 4146.  3492.  2618.  2638.  3275.  4356.  2514.  3464.  4500.  3206.
  2686.  2434.  3526.  3245.  3793.  3604.  2716.  3787.]
55 [ 4143.  3491.  2617.  2638.  3270.  4364.  2514.  3464.  4501.  3208.
  2686.  2434.  3526.  3245.  3796.  3604.  2716.  3783.]
56 [ 4141.  3493.  2617.  2638.  3269.  4370.  2511.  3464.  4501.  3209.
  2686.  2434.  3525.  3245.  3798.  3602.  2716.  3781.]
57 [ 4139.  3493.  2617.  2638.  3269.  4378.  2506.  3464.  4501.  3211.
  2686.  2434.  3526.  3243.  3799.  3599.  2717.  3780.]
58 [ 4138.  3495.  2617.  2638.  3269.  4385.  2501.  3464.  4500.  3210.
  2686.  2435.  3527.  3242.  3802.  3595.  2718.  3778.]
59 [ 4139.  3497.  2617.  2638.  3268.  4385.  2498.  3463.  4498.  3211.
  2686.  2435.  3527.  3240.  3810.  3590.  2719.  3779.]
60 [ 4138.  3497.  2617.  2639.  3269.  4388.  2492.  3463.  4497.  3213.
  2687.  2435.  3527.  3238.  3812.  3587.  2719.  3782.]
61 [ 4138.  3497.  2617.  2640.  3267.  4391.  2489.  3463.  4498.  3212.
  2687.  2435.  3527.  3238.  3813.  3586.  2719.  3783.]
62 [ 4136.  3500.  2617.  2639.  3266.  4394.  2488.  3463.  4497.  3211.
  2688.  2435.  3527.  3238.  3815.  3585.  2719.  3782.]
63 [ 4134.  3500.  2617.  2639.  3265.  4391.  2488.  3463.  4499.  3210.
  2688.  2435.  3528.  3239.  3817.  3585.  2720.  3782.]
64 [ 4134.  3503.  2617.  2639.  3264.  4392.  2487.  3464.  4499.  3210.
  2688.  2436.  3528.  3238.  3815.  3584.  2720.  3782.]
65 [ 4134.  3504.  2617.  2639.  3263.  4395.  2487.  3465.  4497.  3211.
  2687.  2437.  3528.  3237.  3816.  3584.  2719.  3780.]
66 [ 4134.  3506.  2617.  2639.  3263.  4398.  2486.  3465.  4498.  3209.
  2687.  2437.  3527.  3235.  3818.  3584.  2719.  3778.]
67 [ 4135.  3507.  2616.  2639.  3267.  4397.  2485.  3465.  4500.  3207.
  2687.  2437.  3527.  3235.  3817.  3583.  2719.  3777.]
68 [ 4135.  3508.  2616.  2639.  3267.  4397.  2485.  3464.  4503.  3206.
  2687.  2438.  3527.  3234.  3817.  3582.  2719.  3776.]
69 [ 4137.  3509.  2616.  2639.  3268.  4393.  2485.  3464.  4504.  3207.
  2685.  2438.  3527.  3233.  3819.  3581.  2719.  3776.]
70 [ 4137.  3511.  2615.  2639.  3268.  4393.  2485.  3464.  4504.  3207.
  2685.  2438.  3527.  3233.  3820.  3579.  2719.  3776.]
71 [ 4137.  3512.  2615.  2639.  3271.  4393.  2484.  3464.  4504.  3207.
  2685.  2438.  3527.  3233.  3819.  3578.  2719.  3775.]
72 [ 4135.  3513.  2615.  2639.  3272.  4395.  2483.  3463.  4506.  3207.
  2685.  2438.  3527.  3233.  3817.  3578.  2719.  3775.]
73 [ 4135.  3513.  2615.  2639.  3269.  4395.  2483.  3463.  4506.  3207.
  2685.  2438.  3527.  3232.  3818.  3578.  2719.  3778.]
74 [ 4135.  3513.  2615.  2639.  3267.  4394.  2483.  3463.  4506.  3207.
  2685.  2438.  3527.  3233.  3819.  3578.  2719.  3779.]
75 [ 4135.  3513.  2615.  2639.  3266.  4394.  2483.  3463.  4506.  3207.
  2685.  2438.  3526.  3234.  3820.  3578.  2719.  3779.]
76 [ 4135.  3513.  2615.  2639.  3266.  4393.  2483.  3463.  4506.  3207.
  2685.  2438.  3526.  3234.  3821.  3578.  2719.  3779.]
[ 4135.  3513.  2615.  2639.  3266.  4393.  2483.  3463.  4506.  3207.
  2685.  2438.  3526.  3234.  3821.  3578.  2719.  3779.]
Time spent clustering :  8006.78956485
means_random_cluster18
Digit: 0  Purity: 94.0% SD: 1653.8  Count: 5324
Digit: 1  Purity: 83.0% SD: 1092.6  Count: 7969
Digit: 2  Purity: 93.1% SD: 1712.1  Count: 5157
Digit: 3  Purity: 59.3% SD: 1656.5  Count: 7091
Digit: 4  Purity: 52.5% SD: 1587.8  Count: 7087
Digit: 5  Purity: 52.8% SD: 1588.4  Count: 3234
Digit: 6  Purity: 87.7% SD: 1557.3  Count: 6141
Digit: 7  Purity: 75.3% SD: 1404.4  Count: 6262
Digit: 8  Purity: 58.0% SD: 1599.7  Count: 7342
Digit: 9  Purity: 45.0% SD: 1391.0  Count: 4393
Our accuracy in predicting test data for k = 18 was 70.9670967097 %
Time spent testing :  28.8523170948
