25 means random 100
0 [  3925.   1330.   1868.   2681.   3366.  11829.   1910.   6181.   4567.
   1657.   2280.   1470.   1125.    676.   2296.    290.   1863.   3138.
    230.   1506.    623.   1145.    415.     87.   3542.]
1 [ 2920.  1710.  1834.  2290.  2801.  8095.  2789.  5944.  4006.  1868.
  2973.  1841.  1349.   976.  3088.   503.  1383.  3429.   824.  2037.
  1023.  1633.   897.   316.  3471.]
2 [ 2533.  2075.  1708.  2198.  2461.  6480.  3380.  5257.  3548.  1802.
  3455.  1944.  1367.  1220.  2916.   714.  1422.  3505.  1322.  2184.
  1340.  1854.  1210.   583.  3522.]
3 [ 2299.  2179.  1731.  2169.  2238.  5517.  3803.  4563.  3210.  1831.
  3758.  1984.  1400.  1402.  2820.   882.  1508.  3489.  1726.  2308.
  1554.  1926.  1419.   772.  3512.]
4 [ 2129.  2149.  1828.  2149.  2105.  4908.  4015.  4113.  2974.  1910.
  3853.  2020.  1447.  1513.  2777.  1005.  1559.  3458.  2083.  2456.
  1710.  1964.  1572.   880.  3423.]
5 [ 2049.  2111.  1941.  2129.  1992.  4531.  4066.  3800.  2791.  1993.
  3806.  2058.  1492.  1605.  2761.  1156.  1552.  3402.  2285.  2639.
  1858.  2003.  1690.   961.  3329.]
6 [ 1997.  2091.  1998.  2099.  1918.  4299.  4002.  3610.  2685.  2071.
  3683.  2115.  1534.  1655.  2782.  1288.  1527.  3353.  2370.  2830.
  2005.  2037.  1797.  1016.  3238.]
7 [ 1994.  2089.  1997.  2071.  1861.  4177.  3905.  3459.  2596.  2112.
  3583.  2189.  1578.  1694.  2761.  1419.  1500.  3330.  2364.  2978.
  2111.  2094.  1894.  1084.  3160.]
8 [ 2005.  2117.  2011.  2050.  1811.  4091.  3801.  3358.  2530.  2157.
  3437.  2265.  1608.  1727.  2723.  1535.  1485.  3314.  2326.  3138.
  2183.  2142.  1964.  1132.  3090.]
9 [ 2043.  2123.  1983.  2026.  1785.  4046.  3696.  3289.  2460.  2198.
  3264.  2355.  1641.  1755.  2699.  1635.  1494.  3328.  2284.  3256.
  2242.  2170.  2051.  1169.  3008.]
10 [ 2048.  2145.  1972.  2017.  1753.  3997.  3584.  3263.  2400.  2220.
  3108.  2427.  1662.  1778.  2670.  1725.  1500.  3363.  2257.  3354.
  2280.  2187.  2139.  1210.  2941.]
11 [ 2052.  2167.  1957.  1999.  1729.  3964.  3475.  3255.  2356.  2225.
  2966.  2467.  1677.  1793.  2651.  1891.  1497.  3390.  2236.  3414.
  2302.  2201.  2202.  1249.  2885.]
12 [ 2047.  2189.  1954.  1978.  1705.  3947.  3323.  3281.  2308.  2245.
  2848.  2500.  1688.  1809.  2609.  2120.  1498.  3416.  2212.  3447.
  2309.  2206.  2262.  1274.  2825.]
13 [ 2030.  2199.  1946.  1955.  1692.  3940.  3176.  3313.  2251.  2250.
  2802.  2525.  1687.  1823.  2594.  2355.  1501.  3414.  2187.  3446.
  2315.  2211.  2311.  1294.  2783.]
14 [ 2017.  2211.  1942.  1930.  1682.  3931.  3071.  3315.  2219.  2258.
  2782.  2535.  1683.  1840.  2584.  2571.  1509.  3413.  2168.  3425.
  2309.  2202.  2361.  1319.  2723.]
15 [ 2008.  2230.  1933.  1898.  1672.  3925.  2997.  3324.  2196.  2261.
  2753.  2545.  1671.  1864.  2582.  2729.  1524.  3422.  2153.  3423.
  2304.  2190.  2384.  1340.  2672.]
16 [ 1990.  2254.  1940.  1875.  1640.  3918.  2950.  3328.  2192.  2257.
  2757.  2547.  1647.  1909.  2587.  2842.  1554.  3430.  2132.  3420.
  2295.  2154.  2401.  1354.  2627.]
17 [ 1976.  2251.  1943.  1820.  1601.  3915.  2939.  3339.  2204.  2258.
  2765.  2549.  1628.  1931.  2593.  2920.  1608.  3426.  2109.  3425.
  2292.  2167.  2407.  1363.  2571.]
18 [ 1960.  2269.  1954.  1773.  1549.  3912.  2931.  3349.  2216.  2248.
  2774.  2547.  1589.  1976.  2619.  2956.  1633.  3423.  2097.  3445.
  2290.  2180.  2414.  1369.  2527.]
19 [ 1950.  2274.  1970.  1720.  1490.  3916.  2910.  3370.  2233.  2232.
  2782.  2547.  1547.  2032.  2672.  2962.  1638.  3419.  2101.  3456.
  2290.  2194.  2425.  1384.  2486.]
20 [ 1943.  2286.  1990.  1667.  1441.  3918.  2899.  3385.  2240.  2232.
  2780.  2545.  1526.  2122.  2721.  2970.  1561.  3415.  2114.  3465.
  2285.  2206.  2433.  1399.  2457.]
21 [ 1934.  2282.  2006.  1634.  1403.  3923.  2890.  3390.  2243.  2242.
  2794.  2546.  1519.  2178.  2776.  2974.  1488.  3408.  2115.  3470.
  2282.  2221.  2440.  1409.  2433.]
22 [ 1934.  2263.  2021.  1605.  1378.  3928.  2876.  3398.  2250.  2266.
  2804.  2547.  1517.  2202.  2831.  2971.  1475.  3409.  2113.  3476.
  2280.  2187.  2444.  1414.  2411.]
23 [ 1923.  2244.  2028.  1581.  1368.  3934.  2860.  3398.  2253.  2281.
  2807.  2547.  1519.  2203.  2874.  2976.  1467.  3404.  2115.  3489.
  2281.  2176.  2448.  1422.  2402.]
24 [ 1920.  2221.  2039.  1573.  1361.  3937.  2847.  3397.  2258.  2300.
  2821.  2546.  1521.  2220.  2888.  2969.  1461.  3403.  2115.  3496.
  2286.  2155.  2452.  1427.  2387.]
25 [ 1919.  2204.  2051.  1567.  1357.  3937.  2835.  3397.  2262.  2309.
  2828.  2546.  1522.  2244.  2897.  2963.  1460.  3405.  2119.  3500.
  2287.  2122.  2460.  1436.  2373.]
26 [ 1921.  2194.  2066.  1565.  1357.  3939.  2823.  3395.  2265.  2310.
  2833.  2547.  1520.  2266.  2901.  2957.  1458.  3405.  2118.  3506.
  2287.  2087.  2469.  1446.  2365.]
27 [ 1924.  2177.  2081.  1562.  1359.  3941.  2811.  3396.  2268.  2307.
  2836.  2548.  1521.  2273.  2900.  2945.  1455.  3405.  2124.  3521.
  2287.  2073.  2475.  1452.  2359.]
28 [ 1928.  2166.  2092.  1562.  1359.  3944.  2802.  3397.  2267.  2309.
  2840.  2546.  1517.  2282.  2890.  2939.  1459.  3408.  2125.  3527.
  2286.  2066.  2480.  1453.  2356.]
29 [ 1931.  2157.  2101.  1561.  1356.  3945.  2802.  3388.  2269.  2311.
  2842.  2545.  1515.  2291.  2885.  2932.  1461.  3410.  2124.  3530.
  2286.  2060.  2487.  1454.  2357.]
30 [ 1936.  2152.  2108.  1558.  1353.  3945.  2801.  3381.  2270.  2312.
  2848.  2546.  1516.  2297.  2880.  2926.  1461.  3412.  2121.  3535.
  2288.  2052.  2490.  1455.  2357.]
31 [ 1936.  2148.  2111.  1559.  1349.  3945.  2802.  3373.  2272.  2313.
  2853.  2545.  1517.  2293.  2879.  2922.  1460.  3413.  2124.  3532.
  2289.  2052.  2501.  1456.  2356.]
32 [ 1939.  2148.  2109.  1561.  1348.  3944.  2800.  3372.  2269.  2312.
  2855.  2544.  1518.  2292.  2868.  2921.  1459.  3413.  2128.  3534.
  2291.  2054.  2512.  1455.  2354.]
33 [ 1940.  2150.  2112.  1564.  1347.  3944.  2801.  3367.  2267.  2313.
  2858.  2545.  1517.  2297.  2861.  2922.  1458.  3413.  2126.  3538.
  2291.  2047.  2515.  1455.  2352.]
34 [ 1940.  2148.  2114.  1561.  1347.  3943.  2798.  3362.  2267.  2315.
  2862.  2544.  1520.  2301.  2864.  2923.  1460.  3413.  2123.  3540.
  2291.  2040.  2519.  1455.  2350.]
35 [ 1939.  2150.  2117.  1558.  1346.  3944.  2796.  3364.  2268.  2314.
  2863.  2543.  1523.  2304.  2864.  2920.  1460.  3414.  2121.  3540.
  2291.  2032.  2524.  1457.  2348.]
36 [ 1939.  2150.  2124.  1557.  1345.  3944.  2797.  3365.  2269.  2312.
  2863.  2543.  1525.  2310.  2863.  2919.  1458.  3413.  2113.  3541.
  2291.  2027.  2526.  1459.  2347.]
37 [ 1941.  2150.  2130.  1557.  1346.  3945.  2798.  3365.  2269.  2310.
  2862.  2542.  1523.  2322.  2859.  2917.  1457.  3413.  2107.  3541.
  2291.  2019.  2528.  1461.  2347.]
38 [ 1942.  2147.  2135.  1557.  1346.  3945.  2798.  3362.  2268.  2310.
  2863.  2541.  1521.  2326.  2861.  2917.  1459.  3412.  2103.  3542.
  2291.  2017.  2530.  1461.  2346.]
39 [ 1944.  2141.  2138.  1557.  1346.  3945.  2798.  3357.  2268.  2310.
  2865.  2540.  1520.  2329.  2863.  2916.  1460.  3411.  2099.  3544.
  2291.  2020.  2532.  1461.  2345.]
40 [ 1945.  2141.  2140.  1557.  1345.  3945.  2798.  3351.  2269.  2310.
  2867.  2540.  1518.  2331.  2863.  2916.  1462.  3410.  2094.  3547.
  2290.  2021.  2532.  1461.  2347.]
41 [ 1946.  2141.  2143.  1557.  1345.  3944.  2798.  3351.  2269.  2310.
  2870.  2538.  1517.  2333.  2862.  2916.  1462.  3409.  2092.  3547.
  2290.  2020.  2532.  1461.  2347.]
42 [ 1946.  2141.  2143.  1557.  1345.  3945.  2799.  3351.  2269.  2310.
  2870.  2536.  1517.  2335.  2860.  2915.  1462.  3410.  2092.  3546.
  2291.  2018.  2534.  1461.  2347.]
43 [ 1946.  2142.  2144.  1557.  1345.  3945.  2799.  3352.  2269.  2310.
  2870.  2534.  1517.  2338.  2859.  2912.  1462.  3412.  2091.  3547.
  2292.  2014.  2534.  1462.  2347.]
44 [ 1945.  2142.  2147.  1557.  1345.  3946.  2799.  3352.  2269.  2310.
  2869.  2534.  1517.  2340.  2857.  2911.  1462.  3412.  2090.  3550.
  2292.  2011.  2534.  1462.  2347.]
45 [ 1945.  2142.  2151.  1557.  1345.  3946.  2799.  3351.  2269.  2310.
  2870.  2534.  1517.  2341.  2855.  2910.  1462.  3413.  2089.  3551.
  2292.  2008.  2534.  1462.  2347.]
46 [ 1945.  2143.  2155.  1557.  1345.  3946.  2800.  3350.  2268.  2310.
  2871.  2534.  1517.  2342.  2854.  2910.  1462.  3413.  2087.  3552.
  2292.  2004.  2534.  1462.  2347.]
47 [ 1945.  2144.  2155.  1557.  1345.  3946.  2800.  3349.  2268.  2310.
  2871.  2534.  1517.  2342.  2855.  2910.  1462.  3413.  2088.  3551.
  2292.  2002.  2535.  1462.  2347.]
48 [ 1945.  2143.  2157.  1557.  1345.  3946.  2800.  3349.  2268.  2310.
  2870.  2534.  1517.  2341.  2856.  2910.  1462.  3413.  2090.  3551.
  2292.  1999.  2536.  1462.  2347.]
49 [ 1945.  2145.  2158.  1557.  1345.  3947.  2800.  3349.  2269.  2310.
  2870.  2534.  1517.  2338.  2857.  2910.  1462.  3413.  2089.  3551.
  2292.  1997.  2536.  1462.  2347.]
50 [ 1946.  2146.  2158.  1557.  1345.  3948.  2800.  3349.  2269.  2310.
  2870.  2534.  1517.  2336.  2856.  2910.  1462.  3413.  2090.  3551.
  2292.  1996.  2536.  1462.  2347.]
51 [ 1947.  2145.  2158.  1557.  1345.  3950.  2800.  3349.  2269.  2310.
  2870.  2534.  1517.  2336.  2856.  2910.  1462.  3413.  2090.  3551.
  2292.  1994.  2536.  1462.  2347.]
52 [ 1947.  2143.  2158.  1557.  1345.  3950.  2800.  3349.  2269.  2310.
  2870.  2535.  1517.  2338.  2855.  2910.  1462.  3413.  2090.  3551.
  2292.  1994.  2536.  1462.  2347.]
53 [ 1947.  2142.  2158.  1557.  1345.  3950.  2800.  3349.  2269.  2310.
  2870.  2535.  1517.  2337.  2856.  2910.  1462.  3413.  2092.  3551.
  2292.  1993.  2536.  1462.  2347.]
54 [ 1947.  2141.  2158.  1557.  1345.  3950.  2800.  3349.  2269.  2310.
  2870.  2535.  1517.  2336.  2858.  2910.  1462.  3413.  2093.  3551.
  2292.  1992.  2536.  1462.  2347.]
55 [ 1947.  2140.  2158.  1557.  1345.  3950.  2800.  3349.  2269.  2310.
  2870.  2535.  1517.  2336.  2859.  2910.  1462.  3413.  2093.  3551.
  2292.  1992.  2536.  1462.  2347.]
56 [ 1947.  2140.  2158.  1557.  1345.  3950.  2800.  3349.  2269.  2310.
  2870.  2534.  1517.  2336.  2860.  2910.  1462.  3413.  2093.  3551.
  2292.  1992.  2536.  1462.  2347.]
57 [ 1947.  2140.  2158.  1557.  1345.  3950.  2800.  3349.  2269.  2310.
  2870.  2534.  1517.  2336.  2859.  2910.  1462.  3413.  2094.  3551.
  2292.  1992.  2536.  1462.  2347.]
[ 1947.  2140.  2158.  1557.  1345.  3950.  2800.  3349.  2269.  2310.
  2870.  2534.  1517.  2336.  2859.  2910.  1462.  3413.  2094.  3551.
  2292.  1992.  2536.  1462.  2347.]
Time spent clustering :  8154.31361794
means_random_cluster25
Digit: 0  Purity: 92.6% SD: 1563.7  Count: 5881
Digit: 1  Purity: 88.5% SD: 1048.5  Count: 7363
Digit: 2  Purity: 95.9% SD: 1699.8  Count: 4826
Digit: 3  Purity: 58.0% SD: 1588.3  Count: 9327
Digit: 4  Purity: 55.4% SD: 1588.4  Count: 5406
Digit: 5  Purity: 65.1% SD: 1568.3  Count: 4747
Digit: 6  Purity: 89.7% SD: 1503.8  Count: 6119
Digit: 7  Purity: 78.0% SD: 1410.8  Count: 5179
Digit: 8  Purity: 85.8% SD: 1555.9  Count: 4252
Digit: 9  Purity: 43.6% SD: 1362.6  Count: 6900
Our accuracy in predicting test data for k = 25 was 74.4674467447 %
Time spent testing :  78.7950987816
