20 means kplusplus 100
0 [ 2502.  3999.  2778.  2888.  2082.  1302.  6142.  3264.  5368.  5208.
  1444.  3136.  3957.  3073.  3798.  1215.  1543.  2574.  2496.  1231.]
1 [ 2714.  4021.  2935.  2717.  2225.  1290.  5361.  2992.  5548.  4715.
  1801.  3418.  3868.  3090.  3401.  1696.  1945.  2319.  2580.  1364.]
2 [ 2830.  4046.  3050.  2714.  2421.  1362.  4938.  2919.  5542.  4540.
  2013.  3395.  3666.  3065.  3183.  2203.  2020.  2122.  2539.  1432.]
3 [ 2940.  4057.  3051.  2874.  2584.  1408.  4663.  2879.  5405.  4462.
  2137.  3274.  3494.  3022.  3070.  2540.  2119.  2031.  2503.  1487.]
4 [ 2991.  4080.  3012.  3056.  2702.  1465.  4440.  2855.  5218.  4477.
  2165.  3217.  3423.  2968.  3005.  2768.  2228.  1969.  2468.  1493.]
5 [ 3034.  4099.  2987.  3217.  2758.  1522.  4258.  2847.  5008.  4549.
  2181.  3183.  3383.  2942.  2933.  2922.  2325.  1938.  2439.  1475.]
6 [ 3057.  4114.  2947.  3352.  2785.  1561.  4051.  2841.  4826.  4613.
  2198.  3221.  3349.  2916.  2876.  3063.  2401.  1938.  2441.  1450.]
7 [ 3088.  4120.  2910.  3466.  2769.  1609.  3808.  2835.  4655.  4745.
  2202.  3229.  3336.  2917.  2838.  3198.  2447.  1958.  2456.  1414.]
8 [ 3118.  4100.  2861.  3567.  2779.  1659.  3585.  2831.  4500.  4846.
  2199.  3257.  3341.  2913.  2811.  3289.  2501.  1985.  2468.  1390.]
9 [ 3122.  4068.  2804.  3659.  2789.  1703.  3374.  2835.  4374.  4901.
  2190.  3292.  3355.  2896.  2805.  3357.  2571.  2013.  2521.  1371.]
10 [ 3129.  4046.  2774.  3726.  2799.  1751.  3164.  2842.  4266.  4953.
  2182.  3316.  3358.  2895.  2784.  3418.  2636.  2050.  2564.  1347.]
11 [ 3137.  4018.  2745.  3785.  2823.  1792.  2971.  2854.  4176.  4975.
  2167.  3315.  3370.  2899.  2771.  3473.  2695.  2086.  2608.  1340.]
12 [ 3131.  3991.  2718.  3822.  2836.  1822.  2838.  2865.  4100.  5003.
  2155.  3297.  3386.  2912.  2782.  3504.  2722.  2125.  2647.  1344.]
13 [ 3136.  3952.  2698.  3801.  2848.  1835.  2762.  2872.  4055.  5007.
  2160.  3295.  3388.  2912.  2789.  3547.  2747.  2151.  2695.  1350.]
14 [ 3141.  3924.  2675.  3776.  2866.  1825.  2715.  2879.  4018.  4972.
  2160.  3299.  3400.  2929.  2806.  3573.  2764.  2177.  2736.  1365.]
15 [ 3155.  3899.  2657.  3738.  2886.  1811.  2676.  2876.  3988.  4960.
  2151.  3306.  3412.  2947.  2815.  3615.  2770.  2204.  2754.  1380.]
16 [ 3164.  3874.  2639.  3691.  2901.  1800.  2650.  2873.  3960.  4959.
  2142.  3316.  3422.  2954.  2826.  3655.  2778.  2215.  2782.  1399.]
17 [ 3170.  3844.  2625.  3639.  2916.  1790.  2643.  2870.  3950.  4937.
  2129.  3328.  3418.  2956.  2847.  3695.  2782.  2231.  2815.  1415.]
18 [ 3165.  3808.  2616.  3605.  2936.  1767.  2634.  2865.  3954.  4909.
  2113.  3336.  3423.  2963.  2871.  3726.  2783.  2242.  2846.  1438.]
19 [ 3162.  3767.  2611.  3566.  2959.  1750.  2617.  2870.  3952.  4883.
  2100.  3344.  3435.  2967.  2892.  3753.  2781.  2248.  2893.  1450.]
20 [ 3166.  3721.  2610.  3542.  2988.  1748.  2610.  2877.  3942.  4854.
  2074.  3349.  3450.  2980.  2919.  3777.  2770.  2253.  2919.  1451.]
21 [ 3175.  3666.  2606.  3524.  3031.  1747.  2605.  2877.  3935.  4843.
  2051.  3354.  3460.  2975.  2939.  3784.  2760.  2250.  2946.  1472.]
22 [ 3203.  3598.  2605.  3501.  3075.  1759.  2594.  2877.  3936.  4829.
  2027.  3352.  3466.  2990.  2954.  3791.  2762.  2241.  2946.  1494.]
23 [ 3229.  3516.  2600.  3469.  3127.  1767.  2584.  2874.  3934.  4821.
  2006.  3358.  3478.  3017.  2963.  3805.  2754.  2234.  2951.  1513.]
24 [ 3261.  3433.  2595.  3453.  3189.  1780.  2579.  2869.  3931.  4807.
  1977.  3352.  3491.  3042.  2969.  3813.  2746.  2229.  2951.  1533.]
25 [ 3307.  3333.  2590.  3438.  3267.  1791.  2578.  2866.  3938.  4793.
  1952.  3354.  3500.  3062.  2977.  3812.  2747.  2215.  2931.  1549.]
26 [ 3356.  3214.  2583.  3419.  3370.  1796.  2574.  2869.  3934.  4770.
  1936.  3360.  3513.  3097.  2985.  3810.  2768.  2201.  2884.  1561.]
27 [ 3422.  3090.  2580.  3411.  3471.  1811.  2567.  2873.  3934.  4737.
  1924.  3382.  3518.  3143.  2993.  3815.  2764.  2189.  2804.  1572.]
28 [ 3516.  2972.  2581.  3394.  3563.  1821.  2552.  2869.  3923.  4708.
  1917.  3401.  3505.  3210.  2999.  3806.  2789.  2177.  2720.  1577.]
29 [ 3607.  2865.  2584.  3382.  3624.  1854.  2543.  2862.  3918.  4663.
  1896.  3420.  3488.  3253.  3005.  3790.  2804.  2176.  2680.  1586.]
30 [ 3666.  2762.  2586.  3367.  3659.  1883.  2529.  2862.  3910.  4629.
  1881.  3440.  3489.  3258.  3001.  3788.  2842.  2174.  2688.  1586.]
31 [ 3693.  2669.  2594.  3351.  3702.  1894.  2516.  2863.  3906.  4591.
  1873.  3454.  3494.  3255.  2999.  3787.  2884.  2171.  2712.  1592.]
32 [ 3706.  2625.  2597.  3342.  3746.  1906.  2512.  2863.  3911.  4554.
  1864.  3463.  3486.  3248.  3000.  3785.  2938.  2163.  2703.  1588.]
33 [ 3703.  2609.  2595.  3335.  3776.  1928.  2509.  2860.  3909.  4528.
  1853.  3469.  3476.  3245.  3003.  3782.  2981.  2151.  2701.  1587.]
34 [ 3697.  2607.  2595.  3339.  3805.  1937.  2505.  2855.  3907.  4501.
  1841.  3475.  3466.  3246.  3003.  3776.  3018.  2149.  2687.  1591.]
35 [ 3687.  2607.  2594.  3331.  3818.  1940.  2500.  2853.  3912.  4482.
  1840.  3475.  3458.  3249.  3004.  3771.  3048.  2150.  2685.  1596.]
36 [ 3684.  2604.  2593.  3317.  3839.  1942.  2492.  2857.  3912.  4465.
  1840.  3468.  3455.  3239.  3007.  3765.  3078.  2145.  2697.  1601.]
37 [ 3677.  2600.  2593.  3308.  3849.  1948.  2490.  2856.  3908.  4453.
  1837.  3464.  3455.  3239.  3013.  3761.  3099.  2141.  2704.  1605.]
38 [ 3678.  2593.  2593.  3306.  3851.  1947.  2486.  2853.  3903.  4446.
  1835.  3466.  3456.  3236.  3015.  3749.  3127.  2140.  2710.  1610.]
39 [ 3671.  2593.  2593.  3303.  3854.  1952.  2480.  2852.  3901.  4436.
  1834.  3470.  3457.  3239.  3012.  3747.  3150.  2134.  2708.  1614.]
40 [ 3663.  2599.  2593.  3297.  3866.  1951.  2479.  2850.  3896.  4422.
  1835.  3471.  3460.  3239.  3014.  3747.  3161.  2131.  2708.  1618.]
41 [ 3652.  2602.  2593.  3297.  3885.  1955.  2477.  2850.  3893.  4413.
  1832.  3472.  3458.  3237.  3020.  3747.  3164.  2128.  2707.  1618.]
42 [ 3637.  2607.  2593.  3296.  3915.  1951.  2476.  2849.  3889.  4397.
  1830.  3473.  3457.  3235.  3025.  3752.  3163.  2128.  2703.  1624.]
43 [ 3627.  2612.  2591.  3292.  3937.  1949.  2475.  2849.  3883.  4388.
  1828.  3474.  3459.  3241.  3027.  3753.  3160.  2130.  2697.  1628.]
44 [ 3613.  2616.  2591.  3290.  3959.  1944.  2474.  2848.  3875.  4384.
  1830.  3475.  3462.  3243.  3025.  3754.  3160.  2131.  2693.  1633.]
45 [ 3601.  2620.  2589.  3285.  3978.  1945.  2473.  2848.  3875.  4382.
  1827.  3476.  3463.  3247.  3020.  3756.  3160.  2130.  2686.  1639.]
46 [ 3589.  2623.  2589.  3279.  3985.  1946.  2473.  2848.  3877.  4383.
  1823.  3475.  3467.  3254.  3019.  3757.  3161.  2128.  2681.  1643.]
47 [ 3587.  2626.  2589.  3277.  3991.  1948.  2472.  2847.  3874.  4390.
  1818.  3474.  3470.  3255.  3018.  3755.  3159.  2126.  2673.  1651.]
48 [ 3582.  2630.  2589.  3274.  3996.  1944.  2472.  2847.  3871.  4392.
  1812.  3474.  3474.  3253.  3018.  3754.  3163.  2123.  2667.  1665.]
49 [ 3577.  2630.  2590.  3274.  4000.  1945.  2472.  2847.  3874.  4388.
  1800.  3471.  3474.  3254.  3017.  3750.  3168.  2122.  2668.  1679.]
50 [ 3568.  2629.  2593.  3274.  4017.  1943.  2472.  2848.  3873.  4379.
  1788.  3471.  3473.  3252.  3019.  3749.  3173.  2120.  2668.  1691.]
51 [ 3559.  2628.  2593.  3274.  4022.  1946.  2475.  2850.  3871.  4377.
  1777.  3470.  3475.  3255.  3016.  3750.  3175.  2118.  2666.  1703.]
52 [ 3548.  2631.  2593.  3273.  4025.  1961.  2476.  2852.  3866.  4379.
  1757.  3471.  3477.  3255.  3017.  3748.  3173.  2117.  2666.  1715.]
53 [ 3537.  2631.  2592.  3271.  4036.  1969.  2476.  2852.  3859.  4380.
  1737.  3471.  3474.  3256.  3019.  3749.  3175.  2116.  2666.  1734.]
54 [ 3529.  2632.  2590.  3270.  4037.  1980.  2477.  2852.  3854.  4378.
  1728.  3468.  3476.  3259.  3018.  3752.  3179.  2109.  2668.  1744.]
55 [ 3525.  2633.  2588.  3270.  4033.  1990.  2480.  2852.  3848.  4375.
  1719.  3468.  3479.  3256.  3021.  3753.  3178.  2109.  2668.  1755.]
56 [ 3521.  2633.  2588.  3269.  4034.  2003.  2479.  2853.  3842.  4369.
  1700.  3467.  3484.  3252.  3025.  3757.  3181.  2101.  2668.  1774.]
57 [ 3514.  2633.  2586.  3265.  4042.  2005.  2477.  2854.  3836.  4364.
  1676.  3469.  3487.  3254.  3029.  3761.  3183.  2095.  2668.  1802.]
58 [ 3517.  2633.  2584.  3266.  4044.  2007.  2477.  2850.  3832.  4356.
  1663.  3468.  3484.  3255.  3034.  3762.  3185.  2091.  2668.  1824.]
59 [ 3519.  2633.  2583.  3263.  4043.  1995.  2478.  2848.  3824.  4360.
  1656.  3468.  3485.  3253.  3037.  3763.  3186.  2089.  2668.  1849.]
60 [ 3517.  2633.  2583.  3264.  4043.  1998.  2477.  2848.  3818.  4359.
  1645.  3470.  3487.  3250.  3038.  3762.  3188.  2079.  2668.  1873.]
61 [ 3517.  2633.  2581.  3263.  4041.  1991.  2475.  2847.  3817.  4356.
  1643.  3471.  3488.  3249.  3038.  3762.  3195.  2073.  2668.  1892.]
62 [ 3517.  2632.  2579.  3264.  4040.  1992.  2474.  2845.  3816.  4354.
  1639.  3471.  3488.  3249.  3039.  3762.  3194.  2066.  2670.  1909.]
63 [ 3514.  2631.  2579.  3265.  4041.  1977.  2474.  2846.  3815.  4352.
  1632.  3471.  3489.  3249.  3041.  3760.  3194.  2058.  2672.  1940.]
64 [ 3512.  2631.  2581.  3266.  4039.  1961.  2475.  2847.  3813.  4351.
  1620.  3472.  3489.  3249.  3043.  3759.  3195.  2054.  2675.  1968.]
65 [ 3506.  2631.  2581.  3266.  4037.  1954.  2474.  2844.  3809.  4349.
  1618.  3472.  3490.  3247.  3044.  3758.  3199.  2051.  2677.  1993.]
66 [ 3501.  2630.  2581.  3267.  4036.  1960.  2475.  2841.  3808.  4344.
  1605.  3469.  3490.  3246.  3044.  3760.  3198.  2045.  2678.  2022.]
67 [ 3498.  2630.  2580.  3270.  4035.  1957.  2476.  2840.  3804.  4342.
  1592.  3468.  3491.  3252.  3043.  3761.  3193.  2044.  2679.  2045.]
68 [ 3500.  2630.  2580.  3271.  4031.  1963.  2476.  2841.  3802.  4340.
  1566.  3466.  3491.  3256.  3042.  3761.  3188.  2045.  2679.  2072.]
69 [ 3501.  2630.  2580.  3271.  4023.  1967.  2476.  2838.  3801.  4339.
  1548.  3465.  3492.  3257.  3042.  3760.  3186.  2045.  2679.  2100.]
70 [ 3505.  2629.  2580.  3272.  4017.  1959.  2477.  2835.  3800.  4337.
  1538.  3466.  3493.  3255.  3040.  3758.  3183.  2045.  2680.  2131.]
71 [ 3502.  2629.  2579.  3272.  4019.  1957.  2475.  2834.  3797.  4337.
  1521.  3466.  3490.  3256.  3041.  3760.  3184.  2045.  2680.  2156.]
72 [ 3503.  2629.  2579.  3273.  4015.  1935.  2474.  2834.  3793.  4338.
  1513.  3464.  3493.  3256.  3041.  3760.  3184.  2046.  2680.  2190.]
73 [ 3503.  2629.  2580.  3272.  4017.  1924.  2475.  2833.  3789.  4337.
  1499.  3464.  3493.  3256.  3042.  3761.  3183.  2048.  2679.  2216.]
74 [ 3506.  2629.  2579.  3272.  4017.  1916.  2474.  2834.  3782.  4340.
  1485.  3465.  3496.  3259.  3042.  3761.  3184.  2047.  2679.  2233.]
75 [ 3505.  2629.  2577.  3271.  4019.  1911.  2474.  2833.  3772.  4340.
  1485.  3464.  3497.  3261.  3045.  3761.  3185.  2047.  2679.  2245.]
76 [ 3506.  2628.  2576.  3267.  4021.  1898.  2473.  2833.  3772.  4343.
  1483.  3465.  3497.  3260.  3045.  3761.  3186.  2048.  2680.  2258.]
77 [ 3506.  2628.  2576.  3269.  4024.  1890.  2473.  2833.  3770.  4344.
  1484.  3465.  3495.  3262.  3045.  3761.  3185.  2048.  2681.  2261.]
78 [ 3508.  2628.  2576.  3268.  4026.  1880.  2473.  2832.  3769.  4343.
  1485.  3464.  3493.  3263.  3047.  3761.  3186.  2048.  2682.  2268.]
79 [ 3510.  2628.  2576.  3267.  4025.  1868.  2472.  2834.  3769.  4343.
  1479.  3465.  3494.  3266.  3049.  3761.  3188.  2049.  2682.  2275.]
80 [ 3510.  2628.  2574.  3266.  4024.  1876.  2472.  2835.  3769.  4341.
  1478.  3466.  3494.  3265.  3047.  3762.  3188.  2048.  2682.  2275.]
81 [ 3511.  2628.  2574.  3266.  4023.  1882.  2472.  2835.  3767.  4340.
  1477.  3466.  3491.  3266.  3045.  3763.  3190.  2047.  2682.  2275.]
82 [ 3511.  2627.  2574.  3266.  4024.  1889.  2472.  2835.  3763.  4340.
  1474.  3465.  3489.  3266.  3045.  3762.  3190.  2048.  2682.  2278.]
83 [ 3512.  2627.  2572.  3267.  4027.  1891.  2471.  2835.  3761.  4339.
  1477.  3464.  3488.  3265.  3045.  3762.  3190.  2048.  2682.  2277.]
84 [ 3513.  2629.  2568.  3267.  4029.  1896.  2470.  2835.  3760.  4339.
  1480.  3463.  3485.  3266.  3047.  3762.  3189.  2050.  2681.  2271.]
85 [ 3514.  2630.  2564.  3267.  4030.  1898.  2471.  2835.  3756.  4337.
  1484.  3463.  3485.  3264.  3049.  3763.  3188.  2051.  2680.  2271.]
86 [ 3515.  2630.  2564.  3268.  4031.  1911.  2470.  2835.  3752.  4337.
  1475.  3462.  3486.  3264.  3049.  3764.  3188.  2051.  2679.  2269.]
87 [ 3516.  2631.  2566.  3268.  4031.  1918.  2471.  2835.  3744.  4338.
  1471.  3460.  3487.  3264.  3050.  3765.  3188.  2049.  2679.  2269.]
88 [ 3517.  2630.  2568.  3266.  4034.  1929.  2472.  2835.  3741.  4339.
  1468.  3458.  3485.  3263.  3049.  3765.  3184.  2050.  2679.  2268.]
89 [ 3517.  2630.  2570.  3263.  4035.  1931.  2471.  2835.  3742.  4338.
  1467.  3457.  3485.  3264.  3048.  3765.  3182.  2051.  2679.  2270.]
90 [ 3517.  2630.  2572.  3262.  4035.  1934.  2471.  2833.  3742.  4335.
  1462.  3456.  3486.  3265.  3048.  3765.  3181.  2053.  2679.  2274.]
91 [ 3519.  2630.  2571.  3263.  4036.  1940.  2471.  2833.  3737.  4333.
  1462.  3456.  3485.  3266.  3046.  3764.  3179.  2053.  2679.  2277.]
92 [ 3518.  2630.  2568.  3264.  4036.  1951.  2470.  2833.  3735.  4330.
  1460.  3458.  3485.  3266.  3043.  3764.  3177.  2053.  2679.  2280.]
93 [ 3519.  2630.  2566.  3264.  4038.  1960.  2470.  2833.  3732.  4327.
  1458.  3461.  3486.  3267.  3042.  3764.  3172.  2053.  2679.  2279.]
94 [ 3520.  2630.  2563.  3263.  4037.  1968.  2470.  2831.  3729.  4328.
  1458.  3462.  3486.  3267.  3042.  3763.  3171.  2053.  2679.  2280.]
95 [ 3521.  2630.  2559.  3263.  4037.  1978.  2470.  2831.  3726.  4327.
  1462.  3462.  3486.  3268.  3041.  3763.  3166.  2052.  2679.  2279.]
96 [ 3521.  2629.  2557.  3262.  4037.  1988.  2470.  2831.  3723.  4327.
  1461.  3461.  3487.  3271.  3040.  3762.  3163.  2052.  2679.  2279.]
97 [ 3521.  2630.  2554.  3262.  4038.  1997.  2470.  2831.  3720.  4327.
  1457.  3458.  3487.  3273.  3040.  3761.  3162.  2052.  2679.  2281.]
98 [ 3521.  2631.  2550.  3262.  4038.  2002.  2469.  2831.  3717.  4327.
  1464.  3458.  3487.  3274.  3039.  3760.  3157.  2052.  2679.  2282.]
99 [ 3521.  2630.  2549.  3262.  4037.  2009.  2469.  2830.  3714.  4326.
  1466.  3456.  3487.  3274.  3039.  3760.  3155.  2053.  2679.  2284.]
100 [ 3521.  2629.  2551.  3262.  4037.  2017.  2469.  2829.  3708.  4327.
  1471.  3452.  3487.  3274.  3039.  3759.  3152.  2053.  2679.  2284.]
101 [ 3521.  2629.  2555.  3261.  4039.  2023.  2469.  2829.  3706.  4327.
  1469.  3446.  3487.  3274.  3038.  3759.  3151.  2053.  2679.  2285.]
102 [ 3521.  2629.  2557.  3261.  4043.  2030.  2469.  2829.  3704.  4326.
  1467.  3442.  3485.  3274.  3036.  3760.  3148.  2052.  2679.  2288.]
103 [ 3522.  2630.  2553.  3260.  4044.  2038.  2469.  2828.  3704.  4323.
  1469.  3443.  3484.  3274.  3034.  3760.  3146.  2053.  2679.  2287.]
104 [ 3524.  2630.  2548.  3259.  4045.  2041.  2469.  2826.  3700.  4322.
  1480.  3445.  3483.  3274.  3034.  3759.  3139.  2054.  2679.  2289.]
105 [ 3525.  2630.  2537.  3258.  4043.  2048.  2468.  2826.  3696.  4323.
  1493.  3445.  3481.  3275.  3032.  3757.  3138.  2055.  2679.  2291.]
106 [ 3527.  2630.  2532.  3258.  4044.  2055.  2468.  2824.  3692.  4321.
  1506.  3445.  3480.  3276.  3030.  3756.  3130.  2055.  2679.  2292.]
107 [ 3527.  2632.  2525.  3258.  4045.  2060.  2468.  2824.  3691.  4319.
  1516.  3445.  3478.  3276.  3029.  3757.  3121.  2056.  2679.  2294.]
108 [ 3527.  2630.  2515.  3258.  4045.  2068.  2468.  2825.  3688.  4317.
  1521.  3444.  3477.  3274.  3030.  3758.  3117.  2060.  2679.  2299.]
109 [ 3529.  2629.  2508.  3258.  4046.  2078.  2468.  2826.  3687.  4318.
  1524.  3441.  3477.  3275.  3030.  3759.  3105.  2063.  2679.  2300.]
110 [ 3526.  2628.  2510.  3258.  4047.  2096.  2467.  2827.  3682.  4318.
  1526.  3431.  3477.  3277.  3031.  3760.  3101.  2065.  2680.  2293.]
111 [ 3525.  2627.  2511.  3257.  4049.  2109.  2467.  2828.  3672.  4318.
  1531.  3424.  3478.  3275.  3031.  3760.  3099.  2067.  2680.  2292.]
112 [ 3527.  2626.  2511.  3257.  4047.  2124.  2466.  2828.  3663.  4316.
  1556.  3412.  3477.  3272.  3031.  3760.  3089.  2067.  2680.  2291.]
113 [ 3526.  2624.  2510.  3259.  4048.  2132.  2465.  2829.  3660.  4316.
  1576.  3404.  3474.  3269.  3029.  3759.  3078.  2071.  2680.  2291.]
114 [ 3525.  2621.  2508.  3257.  4050.  2137.  2465.  2830.  3657.  4315.
  1603.  3398.  3474.  3268.  3028.  3761.  3066.  2069.  2679.  2289.]
115 [ 3525.  2620.  2505.  3262.  4046.  2143.  2463.  2830.  3656.  4316.
  1612.  3399.  3476.  3267.  3028.  3761.  3054.  2070.  2678.  2289.]
116 [ 3525.  2620.  2503.  3261.  4046.  2151.  2465.  2830.  3653.  4317.
  1620.  3396.  3475.  3264.  3031.  3762.  3043.  2071.  2677.  2290.]
117 [ 3526.  2621.  2497.  3257.  4047.  2158.  2466.  2830.  3650.  4323.
  1626.  3398.  3474.  3257.  3031.  3762.  3036.  2071.  2677.  2293.]
118 [ 3528.  2621.  2493.  3254.  4049.  2164.  2468.  2830.  3645.  4327.
  1638.  3396.  3475.  3247.  3034.  3761.  3033.  2070.  2674.  2293.]
119 [ 3528.  2622.  2487.  3248.  4052.  2176.  2469.  2830.  3644.  4324.
  1647.  3394.  3475.  3238.  3037.  3762.  3029.  2071.  2674.  2293.]
120 [ 3527.  2621.  2485.  3245.  4052.  2185.  2471.  2830.  3641.  4319.
  1654.  3393.  3475.  3238.  3039.  3761.  3026.  2071.  2670.  2297.]
121 [ 3527.  2617.  2493.  3243.  4054.  2185.  2471.  2829.  3634.  4322.
  1669.  3382.  3475.  3234.  3039.  3761.  3024.  2070.  2669.  2302.]
122 [ 3529.  2616.  2497.  3243.  4057.  2188.  2472.  2828.  3630.  4318.
  1675.  3378.  3475.  3232.  3040.  3759.  3017.  2071.  2669.  2306.]
123 [ 3529.  2616.  2502.  3242.  4056.  2203.  2473.  2828.  3629.  4315.
  1679.  3373.  3474.  3229.  3040.  3758.  3007.  2071.  2669.  2307.]
124 [ 3530.  2614.  2505.  3249.  4054.  2223.  2473.  2828.  3617.  4308.
  1694.  3368.  3475.  3226.  3037.  3758.  2995.  2072.  2668.  2306.]
125 [ 3526.  2611.  2499.  3248.  4054.  2243.  2472.  2828.  3601.  4310.
  1718.  3364.  3474.  3226.  3035.  3758.  2984.  2073.  2668.  2308.]
126 [ 3526.  2608.  2493.  3251.  4055.  2247.  2469.  2827.  3584.  4310.
  1752.  3358.  3476.  3225.  3033.  3762.  2975.  2074.  2666.  2309.]
127 [ 3526.  2609.  2485.  3248.  4059.  2258.  2466.  2827.  3574.  4311.
  1771.  3356.  3470.  3220.  3033.  3768.  2970.  2075.  2665.  2309.]
128 [ 3525.  2606.  2467.  3243.  4060.  2265.  2470.  2828.  3561.  4307.
  1817.  3355.  3470.  3217.  3033.  3768.  2963.  2077.  2664.  2304.]
129 [ 3524.  2603.  2462.  3245.  4062.  2275.  2470.  2828.  3547.  4302.
  1845.  3349.  3472.  3211.  3032.  3767.  2961.  2078.  2663.  2304.]
130 [ 3523.  2603.  2457.  3243.  4064.  2292.  2472.  2828.  3534.  4293.
  1872.  3343.  3468.  3207.  3031.  3766.  2959.  2079.  2660.  2306.]
131 [ 3524.  2602.  2454.  3237.  4065.  2307.  2471.  2830.  3523.  4282.
  1902.  3338.  3465.  3206.  3032.  3767.  2951.  2081.  2656.  2307.]
132 [ 3522.  2599.  2445.  3234.  4067.  2324.  2476.  2831.  3505.  4269.
  1937.  3332.  3463.  3206.  3031.  3768.  2948.  2081.  2654.  2308.]
133 [ 3516.  2591.  2436.  3230.  4069.  2352.  2477.  2834.  3493.  4260.
  1984.  3320.  3462.  3201.  3032.  3766.  2931.  2080.  2654.  2312.]
134 [ 3511.  2589.  2438.  3229.  4072.  2375.  2478.  2836.  3480.  4246.
  2016.  3299.  3456.  3199.  3033.  3765.  2921.  2085.  2649.  2323.]
135 [ 3508.  2585.  2431.  3229.  4073.  2400.  2477.  2840.  3472.  4230.
  2061.  3287.  3449.  3193.  3028.  3768.  2904.  2090.  2643.  2332.]
136 [ 3503.  2584.  2423.  3226.  4070.  2418.  2473.  2843.  3457.  4225.
  2098.  3280.  3451.  3190.  3024.  3768.  2890.  2094.  2639.  2344.]
137 [ 3507.  2577.  2403.  3228.  4074.  2439.  2467.  2843.  3437.  4229.
  2132.  3272.  3449.  3188.  3019.  3764.  2877.  2099.  2635.  2361.]
138 [ 3508.  2579.  2401.  3226.  4079.  2460.  2465.  2847.  3422.  4228.
  2147.  3259.  3447.  3182.  3012.  3761.  2874.  2104.  2632.  2367.]
139 [ 3509.  2580.  2392.  3226.  4077.  2479.  2466.  2853.  3412.  4223.
  2146.  3257.  3447.  3179.  3007.  3754.  2873.  2107.  2633.  2380.]
140 [ 3511.  2581.  2396.  3223.  4073.  2489.  2461.  2858.  3401.  4220.
  2151.  3251.  3449.  3178.  3001.  3753.  2879.  2107.  2632.  2386.]
141 [ 3512.  2579.  2403.  3220.  4072.  2498.  2451.  2862.  3402.  4216.
  2156.  3238.  3449.  3177.  2997.  3752.  2882.  2108.  2629.  2397.]
142 [ 3512.  2579.  2412.  3212.  4071.  2508.  2445.  2864.  3390.  4220.
  2163.  3227.  3452.  3177.  2991.  3751.  2883.  2111.  2628.  2404.]
143 [ 3513.  2580.  2422.  3208.  4069.  2524.  2442.  2865.  3361.  4229.
  2184.  3220.  3453.  3175.  2984.  3740.  2883.  2112.  2631.  2405.]
144 [ 3513.  2578.  2431.  3207.  4072.  2534.  2438.  2862.  3349.  4230.
  2199.  3214.  3457.  3172.  2975.  3733.  2883.  2113.  2632.  2408.]
145 [ 3511.  2579.  2441.  3204.  4069.  2541.  2435.  2857.  3327.  4236.
  2212.  3210.  3461.  3174.  2971.  3728.  2891.  2112.  2634.  2407.]
146 [ 3513.  2580.  2451.  3199.  4072.  2549.  2428.  2855.  3323.  4227.
  2222.  3211.  3460.  3175.  2966.  3723.  2889.  2115.  2634.  2408.]
147 [ 3511.  2579.  2464.  3199.  4074.  2560.  2425.  2855.  3326.  4206.
  2225.  3208.  3459.  3180.  2966.  3716.  2891.  2115.  2634.  2407.]
148 [ 3512.  2579.  2471.  3196.  4078.  2570.  2420.  2855.  3313.  4198.
  2245.  3212.  3457.  3184.  2963.  3700.  2897.  2113.  2632.  2405.]
149 [ 3514.  2579.  2476.  3189.  4079.  2580.  2417.  2855.  3309.  4190.
  2262.  3216.  3454.  3187.  2961.  3681.  2900.  2113.  2631.  2407.]
150 [ 3517.  2582.  2485.  3178.  4081.  2583.  2414.  2855.  3309.  4187.
  2270.  3221.  3456.  3187.  2960.  3658.  2905.  2112.  2630.  2410.]
151 [ 3518.  2583.  2499.  3173.  4081.  2593.  2412.  2853.  3315.  4164.
  2283.  3226.  3454.  3185.  2958.  3639.  2916.  2111.  2631.  2406.]
152 [ 3517.  2584.  2504.  3165.  4084.  2600.  2409.  2852.  3307.  4164.
  2303.  3227.  3456.  3184.  2957.  3617.  2926.  2108.  2632.  2404.]
153 [ 3520.  2589.  2511.  3157.  4084.  2602.  2401.  2853.  3333.  4146.
  2314.  3227.  3457.  3186.  2946.  3598.  2933.  2107.  2632.  2404.]
154 [ 3521.  2593.  2512.  3159.  4086.  2604.  2395.  2851.  3352.  4123.
  2325.  3229.  3457.  3187.  2943.  3581.  2936.  2108.  2632.  2406.]
155 [ 3522.  2597.  2523.  3162.  4087.  2613.  2381.  2849.  3362.  4106.
  2344.  3230.  3458.  3182.  2942.  3561.  2936.  2109.  2632.  2404.]
156 [ 3521.  2599.  2532.  3163.  4086.  2617.  2378.  2846.  3377.  4077.
  2375.  3233.  3459.  3184.  2936.  3538.  2937.  2109.  2632.  2401.]
157 [ 3522.  2601.  2539.  3164.  4079.  2621.  2370.  2843.  3382.  4056.
  2410.  3236.  3461.  3183.  2934.  3516.  2940.  2110.  2632.  2401.]
158 [ 3524.  2606.  2546.  3172.  4074.  2625.  2360.  2838.  3384.  4030.
  2443.  3238.  3462.  3183.  2927.  3495.  2949.  2112.  2631.  2401.]
159 [ 3526.  2609.  2551.  3185.  4073.  2630.  2355.  2836.  3382.  4018.
  2462.  3244.  3465.  3180.  2924.  3464.  2953.  2112.  2630.  2401.]
160 [ 3527.  2611.  2566.  3188.  4074.  2640.  2348.  2836.  3398.  3988.
  2455.  3249.  3466.  3180.  2927.  3444.  2959.  2111.  2631.  2402.]
161 [ 3530.  2613.  2575.  3185.  4084.  2646.  2346.  2833.  3382.  3980.
  2475.  3256.  3469.  3183.  2927.  3418.  2954.  2111.  2633.  2400.]
162 [ 3530.  2615.  2578.  3187.  4087.  2652.  2338.  2832.  3388.  3951.
  2493.  3265.  3477.  3183.  2926.  3400.  2953.  2110.  2634.  2401.]
163 [ 3530.  2620.  2588.  3177.  4090.  2657.  2327.  2830.  3408.  3924.
  2487.  3275.  3488.  3182.  2926.  3385.  2957.  2111.  2636.  2402.]
164 [ 3529.  2629.  2588.  3165.  4093.  2654.  2317.  2832.  3428.  3878.
  2517.  3291.  3498.  3178.  2928.  3367.  2957.  2111.  2635.  2405.]
165 [ 3528.  2631.  2601.  3148.  4098.  2654.  2307.  2832.  3465.  3839.
  2515.  3312.  3504.  3173.  2929.  3350.  2959.  2112.  2637.  2406.]
166 [ 3526.  2632.  2616.  3142.  4107.  2657.  2303.  2828.  3485.  3806.
  2507.  3334.  3507.  3172.  2929.  3328.  2968.  2112.  2635.  2406.]
167 [ 3525.  2634.  2635.  3132.  4111.  2665.  2300.  2831.  3499.  3770.
  2486.  3348.  3512.  3173.  2932.  3313.  2980.  2112.  2637.  2405.]
168 [ 3530.  2636.  2643.  3129.  4111.  2670.  2296.  2834.  3506.  3742.
  2477.  3358.  3513.  3172.  2940.  3299.  2988.  2111.  2639.  2406.]
169 [ 3530.  2640.  2653.  3124.  4112.  2671.  2299.  2835.  3510.  3720.
  2480.  3368.  3514.  3175.  2944.  3277.  2994.  2110.  2641.  2403.]
170 [ 3532.  2639.  2656.  3118.  4115.  2672.  2297.  2834.  3503.  3700.
  2485.  3383.  3518.  3172.  2952.  3260.  3002.  2110.  2645.  2407.]
171 [ 3531.  2640.  2661.  3111.  4116.  2680.  2289.  2834.  3520.  3678.
  2478.  3386.  3519.  3172.  2954.  3244.  3020.  2109.  2650.  2408.]
172 [ 3531.  2642.  2662.  3099.  4114.  2687.  2286.  2836.  3532.  3673.
  2468.  3392.  3520.  3175.  2955.  3224.  3034.  2108.  2655.  2407.]
173 [ 3529.  2641.  2661.  3088.  4118.  2693.  2283.  2831.  3531.  3676.
  2465.  3403.  3520.  3176.  2956.  3208.  3048.  2108.  2658.  2407.]
174 [ 3531.  2637.  2658.  3083.  4122.  2700.  2281.  2827.  3531.  3678.
  2456.  3416.  3521.  3178.  2954.  3190.  3061.  2108.  2663.  2405.]
175 [ 3534.  2634.  2651.  3078.  4121.  2707.  2274.  2824.  3530.  3673.
  2456.  3427.  3522.  3179.  2956.  3182.  3073.  2107.  2666.  2406.]
176 [ 3532.  2632.  2647.  3078.  4122.  2708.  2268.  2823.  3523.  3673.
  2464.  3439.  3524.  3181.  2954.  3168.  3086.  2107.  2667.  2404.]
177 [ 3534.  2633.  2634.  3081.  4125.  2711.  2268.  2822.  3534.  3654.
  2465.  3451.  3526.  3182.  2952.  3159.  3092.  2107.  2667.  2403.]
178 [ 3533.  2632.  2635.  3072.  4128.  2712.  2264.  2821.  3540.  3647.
  2470.  3451.  3526.  3183.  2953.  3158.  3098.  2106.  2669.  2402.]
179 [ 3534.  2631.  2635.  3073.  4133.  2712.  2260.  2820.  3540.  3633.
  2475.  3456.  3527.  3184.  2952.  3154.  3103.  2107.  2671.  2400.]
180 [ 3534.  2630.  2633.  3066.  4133.  2714.  2257.  2818.  3535.  3623.
  2493.  3459.  3529.  3182.  2953.  3153.  3108.  2108.  2672.  2400.]
181 [ 3534.  2629.  2637.  3064.  4130.  2713.  2253.  2816.  3541.  3605.
  2508.  3459.  3532.  3183.  2953.  3148.  3112.  2108.  2672.  2403.]
182 [ 3532.  2631.  2636.  3063.  4129.  2715.  2253.  2815.  3549.  3593.
  2514.  3457.  3533.  3183.  2953.  3140.  3122.  2108.  2672.  2402.]
183 [ 3530.  2631.  2635.  3056.  4132.  2715.  2254.  2815.  3548.  3592.
  2529.  3457.  3535.  3179.  2954.  3132.  3125.  2107.  2672.  2402.]
184 [ 3528.  2631.  2634.  3050.  4132.  2716.  2257.  2815.  3557.  3576.
  2537.  3457.  3536.  3180.  2959.  3131.  3125.  2107.  2672.  2400.]
185 [ 3528.  2632.  2634.  3049.  4135.  2716.  2260.  2816.  3557.  3567.
  2542.  3457.  3539.  3180.  2962.  3124.  3124.  2106.  2672.  2400.]
186 [ 3528.  2636.  2634.  3049.  4138.  2718.  2260.  2815.  3552.  3562.
  2551.  3457.  3538.  3179.  2965.  3116.  3124.  2106.  2672.  2400.]
187 [ 3528.  2637.  2634.  3051.  4140.  2718.  2258.  2815.  3554.  3558.
  2557.  3456.  3537.  3178.  2969.  3110.  3122.  2106.  2672.  2400.]
188 [ 3529.  2638.  2634.  3046.  4140.  2718.  2259.  2815.  3561.  3555.
  2559.  3455.  3536.  3179.  2970.  3106.  3121.  2106.  2672.  2401.]
189 [ 3529.  2638.  2633.  3042.  4141.  2719.  2261.  2815.  3567.  3554.
  2558.  3455.  3536.  3180.  2970.  3102.  3121.  2106.  2672.  2401.]
190 [ 3528.  2638.  2634.  3038.  4144.  2719.  2262.  2815.  3569.  3555.
  2556.  3454.  3536.  3180.  2970.  3102.  3120.  2106.  2673.  2401.]
191 [ 3528.  2638.  2633.  3036.  4144.  2719.  2263.  2815.  3570.  3558.
  2555.  3454.  3538.  3181.  2971.  3099.  3118.  2106.  2673.  2401.]
192 [ 3528.  2638.  2633.  3033.  4145.  2720.  2264.  2814.  3573.  3554.
  2555.  3452.  3540.  3180.  2974.  3100.  3116.  2106.  2674.  2401.]
193 [ 3528.  2638.  2633.  3029.  4147.  2720.  2263.  2814.  3576.  3555.
  2555.  3451.  3542.  3179.  2975.  3099.  3115.  2106.  2674.  2401.]
194 [ 3528.  2638.  2633.  3029.  4146.  2720.  2264.  2813.  3578.  3552.
  2555.  3451.  3547.  3179.  2975.  3099.  3112.  2106.  2674.  2401.]
195 [ 3529.  2639.  2632.  3029.  4149.  2720.  2264.  2814.  3579.  3549.
  2555.  3451.  3550.  3178.  2976.  3095.  3110.  2106.  2674.  2401.]
196 [ 3530.  2639.  2631.  3029.  4151.  2720.  2264.  2813.  3579.  3549.
  2556.  3452.  3552.  3176.  2975.  3094.  3111.  2106.  2673.  2400.]
197 [ 3530.  2639.  2631.  3029.  4151.  2720.  2265.  2813.  3581.  3549.
  2556.  3452.  3554.  3174.  2975.  3091.  3111.  2106.  2673.  2400.]
198 [ 3530.  2639.  2631.  3029.  4150.  2720.  2264.  2814.  3579.  3551.
  2558.  3452.  3555.  3173.  2975.  3090.  3111.  2106.  2673.  2400.]
199 [ 3530.  2639.  2631.  3029.  4150.  2720.  2264.  2814.  3578.  3552.
  2559.  3452.  3555.  3173.  2975.  3089.  3111.  2106.  2673.  2400.]
[ 3530.  2639.  2631.  3029.  4150.  2720.  2264.  2814.  3578.  3552.
  2559.  3452.  3555.  3173.  2975.  3089.  3111.  2106.  2673.  2400.]
Time spent clustering :  16779.9151559
means_kplusplus_cluster20
Digit: 0  Purity: 94.1% SD: 1652.8  Count: 5312
Digit: 1  Purity: 84.1% SD: 1028.3  Count: 7895
Digit: 2  Purity: 93.7% SD: 1710.4  Count: 5120
Digit: 3  Purity: 59.5% SD: 1655.3  Count: 7085
Digit: 4  Purity: 55.0% SD: 1606.2  Count: 5588
Digit: 5  Purity: 55.6% SD: 1585.8  Count: 3111
Digit: 6  Purity: 88.1% SD: 1550.3  Count: 6083
Digit: 7  Purity: 77.6% SD: 1409.2  Count: 5353
Digit: 8  Purity: 58.1% SD: 1599.3  Count: 7323
Digit: 9  Purity: 43.5% SD: 1376.3  Count: 7130
Our accuracy in predicting test data for k = 20 was 70.5570557056 %
Time spent testing :  31.9627230167
