15 means random 100
0 [  4894.   8941.   2665.   3951.   4330.   1975.   5211.   2302.   4075.
   3324.   2749.    376.   3305.  10817.   1085.]
1 [ 5027.  8037.  2480.  4159.  3601.  2642.  4543.  2634.  2493.  5038.
  3376.  1597.  4369.  8024.  1980.]
2 [ 5222.  7576.  2360.  3903.  3081.  2900.  4230.  2871.  2283.  6091.
  3111.  2387.  4772.  6789.  2424.]
3 [ 5255.  7359.  2457.  3738.  2844.  3034.  4473.  3073.  2206.  6444.
  2889.  2738.  4825.  5946.  2719.]
4 [ 5185.  7243.  2588.  3651.  2710.  3104.  4844.  3226.  2217.  6500.
  2770.  2942.  4756.  5322.  2942.]
5 [ 5035.  7178.  2709.  3539.  2624.  3173.  5159.  3391.  2318.  6425.
  2721.  2988.  4692.  4979.  3069.]
6 [ 4819.  7140.  2775.  3433.  2566.  3238.  5357.  3455.  2501.  6300.
  2730.  2934.  4696.  4893.  3163.]
7 [ 4570.  7144.  2799.  3347.  2500.  3293.  5492.  3468.  2624.  6205.
  2754.  2866.  4802.  4876.  3260.]
8 [ 4357.  7154.  2814.  3312.  2505.  3315.  5605.  3503.  2685.  6091.
  2757.  2756.  4939.  4861.  3346.]
9 [ 4180.  7162.  2845.  3313.  2529.  3297.  5660.  3527.  2720.  6004.
  2770.  2672.  5044.  4843.  3434.]
10 [ 4051.  7114.  2919.  3346.  2579.  3237.  5709.  3574.  2755.  5887.
  2743.  2616.  5093.  4854.  3523.]
11 [ 3960.  7064.  3025.  3388.  2585.  3153.  5740.  3630.  2787.  5792.
  2743.  2613.  5100.  4814.  3606.]
12 [ 3873.  6962.  3186.  3454.  2591.  3072.  5753.  3707.  2788.  5692.
  2700.  2616.  5113.  4801.  3692.]
13 [ 3809.  6805.  3459.  3521.  2610.  3001.  5762.  3764.  2789.  5637.
  2683.  2620.  5035.  4710.  3795.]
14 [ 3766.  6598.  3839.  3584.  2621.  2933.  5781.  3824.  2789.  5563.
  2686.  2624.  4899.  4582.  3911.]
15 [ 3718.  6278.  4224.  3646.  2650.  2882.  5781.  3889.  2780.  5541.
  2724.  2624.  4763.  4480.  4020.]
16 [ 3688.  5946.  4588.  3688.  2684.  2845.  5798.  3950.  2773.  5518.
  2749.  2622.  4650.  4378.  4123.]
17 [ 3661.  5623.  4767.  3723.  2700.  2811.  5836.  3998.  2772.  5525.
  2775.  2613.  4614.  4360.  4222.]
18 [ 3634.  5379.  4848.  3745.  2725.  2790.  5868.  4056.  2772.  5552.
  2803.  2602.  4542.  4358.  4326.]
19 [ 3611.  5206.  4850.  3768.  2735.  2776.  5903.  4100.  2773.  5599.
  2798.  2596.  4509.  4358.  4418.]
20 [ 3602.  5113.  4796.  3776.  2738.  2770.  5947.  4141.  2773.  5630.
  2789.  2587.  4489.  4333.  4516.]
21 [ 3583.  5048.  4739.  3779.  2745.  2768.  6000.  4175.  2780.  5657.
  2783.  2581.  4475.  4297.  4590.]
22 [ 3573.  5009.  4698.  3775.  2745.  2769.  6030.  4208.  2782.  5687.
  2771.  2576.  4464.  4264.  4649.]
23 [ 3568.  4990.  4670.  3771.  2739.  2769.  6068.  4233.  2784.  5695.
  2764.  2577.  4442.  4221.  4709.]
24 [ 3570.  4984.  4645.  3766.  2742.  2769.  6083.  4254.  2783.  5702.
  2756.  2579.  4419.  4189.  4759.]
25 [ 3569.  4981.  4625.  3756.  2746.  2771.  6105.  4279.  2790.  5686.
  2754.  2580.  4390.  4163.  4805.]
26 [ 3559.  4978.  4606.  3749.  2748.  2776.  6107.  4311.  2794.  5680.
  2747.  2580.  4375.  4140.  4850.]
27 [ 3543.  4972.  4585.  3746.  2748.  2778.  6120.  4341.  2792.  5678.
  2747.  2576.  4364.  4117.  4893.]
28 [ 3524.  4967.  4561.  3742.  2751.  2779.  6128.  4359.  2792.  5695.
  2748.  2573.  4355.  4093.  4933.]
29 [ 3510.  4966.  4544.  3738.  2753.  2780.  6127.  4380.  2789.  5714.
  2745.  2566.  4361.  4066.  4961.]
30 [ 3518.  4964.  4528.  3735.  2753.  2781.  6122.  4400.  2788.  5712.
  2744.  2565.  4362.  4050.  4978.]
31 [ 3519.  4964.  4515.  3729.  2757.  2782.  6116.  4418.  2789.  5716.
  2743.  2562.  4355.  4032.  5003.]
32 [ 3511.  4961.  4514.  3728.  2753.  2781.  6112.  4433.  2789.  5723.
  2738.  2561.  4345.  4022.  5029.]
33 [ 3500.  4961.  4511.  3724.  2753.  2781.  6114.  4445.  2786.  5732.
  2735.  2559.  4341.  4009.  5049.]
34 [ 3481.  4962.  4511.  3722.  2752.  2781.  6127.  4464.  2785.  5718.
  2736.  2559.  4336.  4003.  5063.]
35 [ 3474.  4964.  4514.  3717.  2753.  2781.  6119.  4484.  2785.  5710.
  2734.  2559.  4329.  4001.  5076.]
36 [ 3455.  4962.  4516.  3718.  2752.  2781.  6116.  4497.  2784.  5715.
  2734.  2560.  4317.  3999.  5094.]
37 [ 3436.  4964.  4514.  3715.  2751.  2781.  6111.  4514.  2783.  5719.
  2733.  2562.  4311.  3997.  5109.]
38 [ 3433.  4967.  4517.  3718.  2749.  2780.  6108.  4526.  2778.  5709.
  2734.  2564.  4307.  3996.  5114.]
39 [ 3432.  4971.  4517.  3718.  2749.  2781.  6111.  4537.  2776.  5693.
  2734.  2564.  4308.  3994.  5115.]
40 [ 3423.  4974.  4516.  3717.  2750.  2781.  6111.  4545.  2775.  5695.
  2734.  2563.  4308.  3996.  5112.]
41 [ 3428.  4975.  4519.  3718.  2750.  2781.  6097.  4544.  2775.  5697.
  2734.  2563.  4309.  3997.  5113.]
42 [ 3431.  4982.  4523.  3718.  2750.  2781.  6102.  4544.  2775.  5678.
  2734.  2561.  4310.  3996.  5115.]
43 [ 3435.  4985.  4526.  3719.  2749.  2782.  6105.  4537.  2775.  5667.
  2735.  2561.  4312.  3996.  5116.]
44 [ 3431.  4987.  4527.  3720.  2748.  2782.  6109.  4532.  2775.  5665.
  2737.  2561.  4312.  3997.  5117.]
45 [ 3433.  4991.  4524.  3721.  2748.  2782.  6113.  4527.  2776.  5659.
  2738.  2561.  4314.  3997.  5116.]
46 [ 3426.  4994.  4523.  3723.  2748.  2782.  6116.  4525.  2775.  5662.
  2738.  2561.  4315.  3998.  5114.]
47 [ 3424.  4999.  4524.  3722.  2748.  2783.  6112.  4521.  2775.  5668.
  2738.  2561.  4314.  3999.  5112.]
48 [ 3423.  5002.  4522.  3722.  2748.  2783.  6118.  4517.  2775.  5665.
  2738.  2561.  4314.  4000.  5112.]
49 [ 3422.  5005.  4523.  3721.  2747.  2783.  6114.  4512.  2777.  5669.
  2738.  2562.  4315.  3999.  5113.]
50 [ 3419.  5009.  4524.  3722.  2747.  2783.  6109.  4510.  2777.  5673.
  2738.  2563.  4316.  3998.  5112.]
51 [ 3420.  5014.  4525.  3723.  2746.  2783.  6103.  4511.  2776.  5675.
  2738.  2564.  4316.  3998.  5108.]
52 [ 3421.  5020.  4526.  3725.  2743.  2783.  6100.  4515.  2774.  5669.
  2738.  2565.  4315.  3999.  5107.]
53 [ 3420.  5022.  4528.  3728.  2743.  2783.  6099.  4514.  2772.  5667.
  2738.  2565.  4315.  3999.  5107.]
54 [ 3420.  5024.  4528.  3728.  2743.  2783.  6098.  4514.  2772.  5666.
  2738.  2565.  4315.  3999.  5107.]
55 [ 3421.  5025.  4528.  3728.  2743.  2783.  6098.  4514.  2772.  5665.
  2738.  2565.  4315.  3998.  5107.]
56 [ 3421.  5025.  4528.  3728.  2743.  2783.  6096.  4513.  2772.  5668.
  2738.  2565.  4315.  3998.  5107.]
57 [ 3421.  5025.  4528.  3728.  2743.  2783.  6092.  4513.  2772.  5671.
  2738.  2565.  4316.  3998.  5107.]
58 [ 3421.  5025.  4529.  3728.  2743.  2783.  6089.  4513.  2772.  5673.
  2738.  2565.  4316.  3998.  5107.]
59 [ 3421.  5025.  4529.  3728.  2743.  2783.  6086.  4513.  2772.  5675.
  2738.  2565.  4317.  3998.  5107.]
[ 3421.  5025.  4529.  3728.  2743.  2783.  6086.  4513.  2772.  5675.
  2738.  2565.  4317.  3998.  5107.]
Time spent clustering :  6035.32894993
means_random_cluster15
Digit: 0  Purity: 92.7% SD: 1665.4  Count: 5521
Digit: 1  Purity: 73.9% SD: 1167.3  Count: 9023
Digit: 2  Purity: 91.0% SD: 1718.5  Count: 5308
Digit: 3  Purity: 52.7% SD: 1665.7  Count: 9424
Digit: 4  Purity: 43.7% SD: 1670.9  Count: 4513
Digit: 5  Purity:  0.0% SD:    0.0  Count: 0
Digit: 6  Purity: 84.6% SD: 1567.6  Count: 6500
Digit: 7  Purity: 50.6% SD: 1502.6  Count: 9507
Digit: 8  Purity: 74.2% SD: 1626.5  Count: 4529
Digit: 9  Purity: 46.0% SD: 1457.1  Count: 5675
Our accuracy in predicting test data for k = 15 was 66.99669967 %
Time spent testing :  35.2221128941
