13 medians kplusplus 100
0 [ 2911.  4450.  5436.  4954.  1606.  4191.  5474.  5858.  7355.  3431.
  6751.  5023.  2560.]
1 [ 2901.  3731.  5167.  5086.  1900.  4495.  4187.  6297.  7063.  3377.
  7507.  5573.  2716.]
2 [ 2937.  3393.  5037.  5267.  2136.  4755.  3696.  6502.  6702.  3141.
  7779.  5814.  2841.]
3 [ 2972.  3332.  4956.  5523.  2304.  4920.  3459.  6565.  6170.  2980.
  7944.  5930.  2945.]
4 [ 3015.  3310.  4925.  5697.  2474.  5007.  3351.  6594.  5671.  2872.
  8102.  5968.  3014.]
5 [ 3044.  3312.  4949.  5881.  2593.  5059.  3305.  6573.  5163.  2854.
  8230.  5967.  3070.]
6 [ 3068.  3313.  4987.  6149.  2707.  5084.  3280.  6504.  4680.  2847.
  8342.  5930.  3109.]
7 [ 3095.  3315.  5044.  6358.  2829.  5105.  3266.  6437.  4249.  2838.
  8447.  5896.  3121.]
8 [ 3123.  3318.  5160.  6565.  2951.  5116.  3259.  6360.  3830.  2809.
  8526.  5857.  3126.]
9 [ 3134.  3290.  5283.  6728.  3079.  5123.  3275.  6295.  3466.  2800.
  8587.  5818.  3122.]
10 [ 3137.  3235.  5399.  6835.  3220.  5097.  3316.  6222.  3207.  2772.
  8615.  5824.  3121.]
11 [ 3149.  3168.  5508.  6989.  3329.  5044.  3338.  6125.  3001.  2758.
  8640.  5832.  3119.]
12 [ 3152.  3121.  5582.  7079.  3460.  5013.  3344.  6010.  2869.  2751.
  8652.  5853.  3114.]
13 [ 3157.  3105.  5595.  7086.  3627.  4984.  3336.  5909.  2799.  2726.
  8641.  5920.  3115.]
14 [ 3148.  3097.  5462.  7108.  3742.  4996.  3328.  5856.  2752.  2729.
  8638.  6028.  3116.]
15 [ 3151.  3086.  5252.  7106.  3842.  5055.  3328.  5845.  2705.  2731.
  8637.  6150.  3112.]
16 [ 3144.  3109.  4928.  7153.  3891.  5113.  3321.  5885.  2675.  2727.
  8624.  6333.  3097.]
17 [ 3132.  3146.  4397.  7235.  3964.  5225.  3360.  5917.  2666.  2729.
  8639.  6498.  3092.]
18 [ 3116.  3209.  3584.  7409.  4036.  5348.  3439.  6009.  2681.  2756.
  8678.  6647.  3088.]
19 [ 3107.  3242.  2868.  7655.  4090.  5434.  3509.  6073.  2714.  2775.
  8761.  6695.  3077.]
20 [ 3100.  3244.  2459.  7857.  4136.  5473.  3531.  6081.  2744.  2803.
  8860.  6660.  3052.]
21 [ 3096.  3252.  2353.  7972.  4166.  5464.  3542.  6049.  2737.  2812.
  8961.  6564.  3032.]
22 [ 3091.  3260.  2336.  8093.  4194.  5447.  3547.  5986.  2733.  2822.
  9039.  6437.  3015.]
23 [ 3084.  3277.  2334.  8182.  4237.  5411.  3558.  5937.  2732.  2820.
  9102.  6311.  3015.]
24 [ 3083.  3283.  2326.  8273.  4277.  5377.  3568.  5872.  2724.  2818.
  9148.  6238.  3013.]
25 [ 3084.  3294.  2328.  8329.  4305.  5353.  3570.  5820.  2724.  2817.
  9179.  6181.  3016.]
26 [ 3081.  3296.  2320.  8374.  4331.  5332.  3578.  5777.  2731.  2823.
  9209.  6130.  3018.]
27 [ 3081.  3297.  2321.  8394.  4351.  5319.  3585.  5753.  2737.  2823.
  9220.  6100.  3019.]
28 [ 3080.  3306.  2317.  8404.  4371.  5306.  3590.  5733.  2737.  2822.
  9240.  6074.  3020.]
29 [ 3079.  3309.  2314.  8425.  4392.  5299.  3592.  5701.  2738.  2819.
  9250.  6062.  3020.]
30 [ 3079.  3318.  2317.  8447.  4409.  5296.  3587.  5684.  2739.  2810.
  9258.  6037.  3019.]
31 [ 3079.  3330.  2322.  8444.  4426.  5294.  3584.  5666.  2744.  2808.
  9267.  6020.  3016.]
32 [ 3081.  3337.  2321.  8434.  4445.  5295.  3584.  5660.  2745.  2811.
  9269.  6004.  3014.]
33 [ 3081.  3338.  2327.  8439.  4461.  5298.  3586.  5645.  2743.  2805.
  9273.  5991.  3013.]
34 [ 3081.  3345.  2330.  8433.  4480.  5299.  3584.  5635.  2742.  2797.
  9276.  5987.  3011.]
35 [ 3081.  3353.  2331.  8418.  4504.  5298.  3590.  5632.  2745.  2789.
  9275.  5973.  3011.]
36 [ 3081.  3354.  2334.  8407.  4523.  5298.  3588.  5626.  2752.  2781.
  9274.  5974.  3008.]
37 [ 3081.  3359.  2334.  8400.  4533.  5299.  3587.  5619.  2757.  2778.
  9272.  5973.  3008.]
38 [ 3081.  3361.  2338.  8385.  4545.  5296.  3586.  5620.  2763.  2778.
  9270.  5970.  3007.]
39 [ 3081.  3366.  2345.  8379.  4552.  5298.  3584.  5614.  2765.  2777.
  9270.  5963.  3006.]
40 [ 3081.  3365.  2348.  8375.  4558.  5300.  3587.  5613.  2765.  2773.
  9272.  5957.  3006.]
41 [ 3082.  3368.  2354.  8364.  4567.  5301.  3587.  5613.  2766.  2771.
  9269.  5952.  3006.]
42 [ 3082.  3371.  2358.  8352.  4570.  5301.  3591.  5613.  2769.  2771.
  9268.  5949.  3005.]
43 [ 3082.  3371.  2365.  8350.  4569.  5303.  3592.  5610.  2770.  2772.
  9271.  5941.  3004.]
44 [ 3082.  3373.  2370.  8330.  4573.  5305.  3594.  5610.  2772.  2773.
  9273.  5941.  3004.]
45 [ 3083.  3378.  2372.  8307.  4580.  5308.  3598.  5607.  2774.  2774.
  9277.  5938.  3004.]
46 [ 3083.  3376.  2373.  8299.  4591.  5313.  3600.  5602.  2776.  2774.
  9274.  5935.  3004.]
47 [ 3083.  3377.  2373.  8294.  4596.  5318.  3603.  5603.  2779.  2773.
  9270.  5927.  3004.]
48 [ 3083.  3379.  2376.  8278.  4605.  5320.  3609.  5602.  2782.  2775.
  9267.  5921.  3003.]
49 [ 3083.  3381.  2379.  8254.  4621.  5327.  3615.  5595.  2783.  2774.
  9264.  5921.  3003.]
50 [ 3083.  3382.  2384.  8241.  4633.  5335.  3618.  5590.  2784.  2770.
  9260.  5917.  3003.]
51 [ 3083.  3385.  2393.  8210.  4651.  5339.  3622.  5585.  2788.  2767.
  9258.  5915.  3004.]
52 [ 3084.  3391.  2400.  8167.  4667.  5347.  3627.  5583.  2791.  2767.
  9255.  5918.  3003.]
53 [ 3085.  3393.  2403.  8155.  4680.  5361.  3625.  5577.  2794.  2763.
  9248.  5917.  2999.]
54 [ 3084.  3395.  2413.  8154.  4682.  5369.  3626.  5572.  2794.  2759.
  9242.  5913.  2997.]
55 [ 3083.  3398.  2420.  8136.  4689.  5375.  3628.  5576.  2794.  2758.
  9242.  5907.  2994.]
56 [ 3083.  3401.  2425.  8130.  4694.  5379.  3630.  5577.  2796.  2754.
  9234.  5903.  2994.]
57 [ 3083.  3404.  2437.  8102.  4704.  5381.  3636.  5580.  2799.  2752.
  9227.  5900.  2995.]
58 [ 3083.  3410.  2445.  8086.  4720.  5383.  3636.  5582.  2801.  2748.
  9223.  5887.  2996.]
59 [ 3083.  3414.  2453.  8053.  4736.  5385.  3642.  5582.  2808.  2748.
  9222.  5878.  2996.]
60 [ 3083.  3418.  2460.  8036.  4755.  5389.  3643.  5579.  2808.  2746.
  9217.  5872.  2994.]
61 [ 3084.  3418.  2466.  8032.  4762.  5396.  3646.  5575.  2808.  2744.
  9207.  5870.  2992.]
62 [ 3085.  3421.  2464.  8017.  4775.  5405.  3647.  5578.  2808.  2745.
  9202.  5863.  2990.]
63 [ 3086.  3421.  2465.  8005.  4790.  5415.  3647.  5579.  2809.  2744.
  9195.  5856.  2988.]
64 [ 3085.  3421.  2467.  7990.  4800.  5421.  3647.  5584.  2808.  2745.
  9193.  5851.  2988.]
65 [ 3085.  3423.  2470.  7985.  4814.  5424.  3645.  5580.  2809.  2743.
  9189.  5845.  2988.]
66 [ 3085.  3422.  2476.  7976.  4829.  5425.  3646.  5580.  2807.  2741.
  9187.  5837.  2989.]
67 [ 3085.  3425.  2482.  7945.  4845.  5426.  3646.  5584.  2807.  2740.
  9191.  5833.  2991.]
68 [ 3085.  3426.  2486.  7918.  4856.  5430.  3648.  5588.  2810.  2738.
  9192.  5831.  2992.]
69 [ 3085.  3428.  2491.  7900.  4862.  5429.  3654.  5588.  2811.  2740.
  9195.  5825.  2992.]
70 [ 3085.  3428.  2498.  7877.  4869.  5432.  3654.  5595.  2814.  2739.
  9192.  5823.  2994.]
71 [ 3085.  3428.  2508.  7847.  4874.  5437.  3656.  5596.  2816.  2741.
  9192.  5823.  2997.]
72 [ 3085.  3429.  2514.  7821.  4879.  5438.  3658.  5606.  2818.  2738.
  9193.  5823.  2998.]
73 [ 3084.  3428.  2515.  7819.  4879.  5437.  3662.  5606.  2821.  2738.
  9192.  5822.  2997.]
74 [ 3085.  3429.  2518.  7805.  4879.  5436.  3667.  5609.  2826.  2740.
  9190.  5819.  2997.]
75 [ 3085.  3429.  2518.  7792.  4882.  5434.  3669.  5612.  2830.  2743.
  9194.  5813.  2999.]
76 [ 3086.  3429.  2520.  7797.  4885.  5430.  3670.  5611.  2830.  2742.
  9189.  5809.  3002.]
77 [ 3086.  3431.  2521.  7798.  4888.  5430.  3671.  5611.  2829.  2740.
  9184.  5809.  3002.]
78 [ 3086.  3433.  2521.  7788.  4894.  5432.  3671.  5613.  2830.  2740.
  9182.  5807.  3003.]
79 [ 3086.  3435.  2522.  7788.  4898.  5433.  3670.  5611.  2830.  2739.
  9181.  5803.  3004.]
80 [ 3086.  3438.  2523.  7781.  4903.  5433.  3671.  5613.  2830.  2737.
  9183.  5798.  3004.]
81 [ 3086.  3440.  2525.  7772.  4906.  5435.  3671.  5613.  2830.  2737.
  9186.  5795.  3004.]
82 [ 3086.  3441.  2525.  7769.  4904.  5436.  3672.  5616.  2830.  2737.
  9187.  5793.  3004.]
83 [ 3086.  3442.  2525.  7765.  4906.  5437.  3672.  5617.  2830.  2737.
  9188.  5791.  3004.]
84 [ 3086.  3442.  2525.  7766.  4907.  5438.  3672.  5617.  2830.  2736.
  9188.  5789.  3004.]
85 [ 3086.  3442.  2525.  7764.  4909.  5441.  3671.  5617.  2829.  2737.
  9187.  5788.  3004.]
86 [ 3086.  3442.  2525.  7764.  4909.  5441.  3671.  5617.  2829.  2737.
  9187.  5788.  3004.]
87 [ 3086.  3442.  2525.  7763.  4910.  5441.  3671.  5617.  2829.  2738.
  9187.  5787.  3004.]
88 [ 3086.  3443.  2525.  7765.  4911.  5441.  3671.  5617.  2829.  2737.
  9187.  5784.  3004.]
89 [ 3086.  3443.  2525.  7765.  4911.  5441.  3671.  5617.  2829.  2736.
  9187.  5784.  3005.]
[ 3086.  3443.  2525.  7765.  4911.  5441.  3671.  5617.  2829.  2736.
  9187.  5784.  3005.]
Time spent clustering :  5555.14990497
medians_kplusplus_cluster13
Digit: 0  Purity: 83.5% SD: 1917.8  Count: 6091
Digit: 1  Purity: 66.2% SD: 1346.3  Count: 9943
Digit: 2  Purity: 60.1% SD: 2023.7  Count: 5784
Digit: 3  Purity: 51.4% SD: 1922.9  Count: 9187
Digit: 4  Purity: 51.6% SD: 1912.1  Count: 5617
Digit: 5  Purity: 28.0% SD: 1847.4  Count: 2525
Digit: 6  Purity: 78.4% SD: 1816.3  Count: 5441
Digit: 7  Purity: 63.4% SD: 1655.2  Count: 7647
Digit: 8  Purity:  0.0% SD:    0.0  Count: 0
Digit: 9  Purity: 32.5% SD: 1728.6  Count: 7765
Our accuracy in predicting test data for k = 13 was 58.4258425843 %
Time spent testing :  23.7072949409
