12 medians kplusplus 100
0 [ 3242.  4249.  3722.  5783.  4046.  7040.  4352.  4220.  7324.  3745.
  4107.  8170.]
1 [ 3439.  5945.  4087.  6124.  3771.  6353.  4613.  3640.  5993.  4045.
  4115.  7875.]
2 [ 3831.  5634.  4606.  6329.  3771.  5646.  4383.  3415.  5500.  4501.
  4635.  7749.]
3 [ 4296.  4869.  4975.  6356.  3833.  5137.  4051.  3316.  5321.  5136.
  5074.  7636.]
4 [ 4814.  4125.  5179.  6230.  3896.  4839.  3893.  3279.  5196.  5694.
  5376.  7479.]
5 [ 5301.  3453.  5251.  6037.  3943.  4640.  3888.  3293.  5150.  6099.
  5557.  7388.]
6 [ 5771.  2989.  5138.  5913.  3931.  4495.  3910.  3316.  5104.  6398.
  5672.  7363.]
7 [ 6188.  2639.  4933.  5894.  3909.  4398.  3953.  3311.  5057.  6611.
  5736.  7371.]
8 [ 6546.  2472.  4669.  5940.  3840.  4345.  3986.  3284.  5017.  6744.
  5790.  7367.]
9 [ 6770.  2440.  4323.  6060.  3796.  4391.  4021.  3243.  4986.  6776.
  5835.  7359.]
10 [ 6912.  2441.  4072.  6146.  3729.  4446.  4059.  3195.  4937.  6814.
  5864.  7385.]
11 [ 6939.  2446.  3855.  6172.  3694.  4540.  4086.  3141.  4941.  6888.
  5868.  7430.]
12 [ 6928.  2430.  3671.  6228.  3646.  4632.  4100.  3095.  4935.  6952.
  5862.  7521.]
13 [ 6888.  2432.  3528.  6309.  3624.  4676.  4126.  3059.  4941.  6978.
  5858.  7581.]
14 [ 6814.  2431.  3478.  6396.  3611.  4692.  4146.  3018.  4932.  6946.
  5861.  7675.]
15 [ 6730.  2428.  3440.  6501.  3607.  4685.  4175.  2984.  4912.  6904.
  5867.  7767.]
16 [ 6618.  2409.  3419.  6599.  3604.  4710.  4197.  2954.  4900.  6855.
  5872.  7863.]
17 [ 6516.  2402.  3411.  6676.  3580.  4709.  4222.  2923.  4880.  6840.
  5878.  7963.]
18 [ 6442.  2404.  3398.  6762.  3573.  4700.  4245.  2881.  4874.  6783.
  5901.  8037.]
19 [ 6387.  2396.  3392.  6825.  3549.  4678.  4269.  2861.  4862.  6769.
  5908.  8104.]
20 [ 6310.  2399.  3399.  6879.  3537.  4669.  4303.  2831.  4854.  6739.
  5899.  8181.]
21 [ 6227.  2363.  3395.  6918.  3531.  4698.  4319.  2797.  4840.  6730.
  5908.  8274.]
22 [ 6146.  2333.  3398.  6974.  3511.  4720.  4337.  2774.  4829.  6710.
  5909.  8359.]
23 [ 6071.  2320.  3388.  7029.  3499.  4756.  4353.  2756.  4826.  6689.
  5915.  8398.]
24 [ 6010.  2303.  3389.  7074.  3481.  4783.  4372.  2745.  4824.  6659.
  5923.  8437.]
25 [ 5960.  2290.  3390.  7108.  3457.  4806.  4389.  2736.  4827.  6620.
  5937.  8480.]
26 [ 5907.  2285.  3383.  7136.  3441.  4841.  4405.  2732.  4830.  6589.
  5953.  8498.]
27 [ 5848.  2271.  3383.  7169.  3422.  4879.  4419.  2723.  4841.  6568.
  5953.  8524.]
28 [ 5819.  2259.  3374.  7193.  3421.  4898.  4427.  2718.  4850.  6545.
  5950.  8546.]
29 [ 5779.  2257.  3364.  7217.  3418.  4922.  4436.  2714.  4841.  6525.
  5957.  8570.]
30 [ 5737.  2252.  3358.  7243.  3415.  4939.  4443.  2708.  4853.  6510.
  5942.  8600.]
31 [ 5687.  2238.  3350.  7269.  3408.  4985.  4451.  2707.  4867.  6498.
  5933.  8607.]
32 [ 5644.  2229.  3340.  7291.  3398.  5020.  4455.  2702.  4885.  6489.
  5933.  8614.]
33 [ 5618.  2219.  3341.  7313.  3396.  5035.  4464.  2699.  4893.  6464.
  5944.  8614.]
34 [ 5600.  2212.  3339.  7324.  3394.  5056.  4469.  2692.  4903.  6454.
  5960.  8597.]
35 [ 5571.  2204.  3331.  7331.  3385.  5074.  4476.  2691.  4900.  6460.
  5983.  8594.]
36 [ 5544.  2203.  3330.  7341.  3380.  5085.  4478.  2689.  4894.  6462.
  5996.  8598.]
37 [ 5520.  2189.  3330.  7338.  3371.  5095.  4479.  2687.  4893.  6474.
  6005.  8619.]
38 [ 5508.  2172.  3325.  7336.  3363.  5091.  4486.  2681.  4914.  6481.
  6025.  8618.]
39 [ 5485.  2166.  3317.  7341.  3356.  5107.  4488.  2676.  4930.  6486.
  6041.  8607.]
40 [ 5470.  2158.  3307.  7343.  3354.  5112.  4493.  2672.  4934.  6494.
  6064.  8599.]
41 [ 5442.  2147.  3302.  7342.  3354.  5129.  4497.  2670.  4947.  6499.
  6083.  8588.]
42 [ 5420.  2143.  3290.  7344.  3353.  5150.  4500.  2666.  4961.  6505.
  6111.  8557.]
43 [ 5398.  2129.  3286.  7342.  3351.  5167.  4506.  2661.  4978.  6518.
  6138.  8526.]
44 [ 5364.  2113.  3281.  7343.  3343.  5190.  4509.  2661.  4999.  6531.
  6179.  8487.]
45 [ 5343.  2097.  3285.  7342.  3335.  5214.  4515.  2659.  5009.  6535.
  6205.  8461.]
46 [ 5317.  2081.  3283.  7343.  3328.  5235.  4523.  2661.  5012.  6543.
  6249.  8425.]
47 [ 5303.  2080.  3278.  7339.  3329.  5251.  4531.  2656.  5019.  6552.
  6290.  8372.]
48 [ 5292.  2072.  3277.  7342.  3328.  5262.  4540.  2651.  5039.  6573.
  6349.  8275.]
49 [ 5273.  2062.  3282.  7341.  3323.  5284.  4552.  2648.  5064.  6580.
  6428.  8163.]
50 [ 5254.  2067.  3285.  7335.  3321.  5308.  4558.  2647.  5090.  6599.
  6512.  8024.]
51 [ 5236.  2063.  3288.  7333.  3323.  5345.  4559.  2642.  5131.  6611.
  6584.  7885.]
52 [ 5235.  2058.  3291.  7328.  3327.  5362.  4564.  2638.  5176.  6629.
  6685.  7707.]
53 [ 5225.  2075.  3304.  7322.  3338.  5397.  4569.  2637.  5228.  6657.
  6797.  7451.]
54 [ 5225.  2101.  3317.  7310.  3343.  5446.  4579.  2636.  5285.  6694.
  6899.  7165.]
55 [ 5206.  2147.  3338.  7298.  3352.  5482.  4587.  2641.  5354.  6737.
  6993.  6865.]
56 [ 5200.  2203.  3360.  7280.  3369.  5507.  4591.  2643.  5411.  6814.
  7072.  6550.]
57 [ 5188.  2268.  3389.  7269.  3384.  5543.  4601.  2651.  5466.  6866.
  7129.  6246.]
58 [ 5181.  2342.  3397.  7260.  3407.  5581.  4609.  2653.  5477.  6901.
  7139.  6053.]
59 [ 5180.  2425.  3400.  7253.  3431.  5637.  4614.  2678.  5490.  6911.
  7120.  5861.]
60 [ 5168.  2500.  3402.  7238.  3455.  5700.  4619.  2698.  5467.  6905.
  7089.  5759.]
61 [ 5132.  2568.  3393.  7232.  3493.  5753.  4631.  2713.  5457.  6906.
  7078.  5644.]
62 [ 5103.  2619.  3378.  7226.  3536.  5812.  4639.  2731.  5463.  6927.
  7077.  5489.]
63 [ 5026.  2658.  3360.  7219.  3587.  5872.  4655.  2738.  5482.  6935.
  7065.  5403.]
64 [ 4938.  2676.  3335.  7225.  3629.  5914.  4661.  2752.  5494.  6965.
  7101.  5310.]
65 [ 4840.  2688.  3320.  7225.  3665.  5951.  4662.  2759.  5507.  6992.
  7150.  5241.]
66 [ 4731.  2690.  3294.  7228.  3691.  6005.  4664.  2779.  5542.  6995.
  7204.  5177.]
67 [ 4642.  2701.  3272.  7238.  3714.  6028.  4663.  2797.  5569.  6995.
  7260.  5121.]
68 [ 4556.  2711.  3268.  7255.  3733.  6023.  4668.  2801.  5595.  7010.
  7298.  5082.]
69 [ 4496.  2722.  3273.  7255.  3751.  5986.  4677.  2812.  5612.  7027.
  7332.  5057.]
70 [ 4465.  2719.  3281.  7238.  3774.  5962.  4685.  2814.  5613.  7058.
  7352.  5039.]
71 [ 4433.  2733.  3279.  7234.  3791.  5948.  4685.  2812.  5632.  7084.
  7355.  5014.]
72 [ 4421.  2741.  3283.  7227.  3803.  5930.  4688.  2806.  5643.  7119.
  7340.  4999.]
73 [ 4399.  2740.  3286.  7221.  3820.  5912.  4696.  2803.  5635.  7154.
  7335.  4999.]
74 [ 4386.  2749.  3290.  7222.  3827.  5876.  4705.  2805.  5637.  7184.
  7329.  4990.]
75 [ 4378.  2754.  3294.  7221.  3832.  5846.  4710.  2805.  5638.  7203.
  7331.  4988.]
76 [ 4376.  2753.  3299.  7215.  3835.  5825.  4718.  2806.  5636.  7221.
  7339.  4977.]
77 [ 4377.  2756.  3299.  7212.  3836.  5810.  4725.  2809.  5640.  7235.
  7336.  4965.]
78 [ 4379.  2760.  3303.  7208.  3835.  5809.  4724.  2809.  5641.  7241.
  7330.  4961.]
79 [ 4377.  2766.  3303.  7207.  3836.  5811.  4725.  2809.  5641.  7243.
  7329.  4953.]
80 [ 4378.  2763.  3306.  7208.  3834.  5810.  4725.  2813.  5641.  7245.
  7333.  4944.]
81 [ 4383.  2763.  3307.  7207.  3831.  5809.  4729.  2817.  5643.  7241.
  7332.  4938.]
82 [ 4386.  2759.  3308.  7207.  3833.  5808.  4730.  2818.  5644.  7241.
  7332.  4934.]
83 [ 4390.  2761.  3308.  7206.  3832.  5808.  4731.  2818.  5646.  7238.
  7334.  4928.]
84 [ 4393.  2761.  3308.  7208.  3832.  5808.  4732.  2818.  5649.  7236.
  7335.  4920.]
85 [ 4393.  2760.  3309.  7207.  3828.  5807.  4732.  2816.  5654.  7241.
  7339.  4914.]
86 [ 4394.  2758.  3310.  7208.  3826.  5808.  4733.  2816.  5654.  7239.
  7345.  4909.]
87 [ 4395.  2758.  3314.  7208.  3822.  5807.  4733.  2818.  5652.  7238.
  7352.  4903.]
88 [ 4395.  2754.  3320.  7208.  3814.  5807.  4733.  2820.  5650.  7242.
  7362.  4895.]
89 [ 4396.  2754.  3328.  7208.  3807.  5807.  4733.  2822.  5651.  7244.
  7364.  4886.]
90 [ 4397.  2756.  3333.  7208.  3803.  5808.  4733.  2821.  5652.  7246.
  7364.  4879.]
91 [ 4398.  2759.  3335.  7208.  3804.  5808.  4733.  2821.  5652.  7246.
  7370.  4866.]
92 [ 4398.  2757.  3336.  7208.  3802.  5807.  4733.  2822.  5653.  7249.
  7379.  4856.]
93 [ 4398.  2756.  3336.  7209.  3803.  5807.  4733.  2825.  5655.  7254.
  7385.  4839.]
94 [ 4399.  2752.  3337.  7209.  3803.  5803.  4733.  2826.  5657.  7257.
  7398.  4826.]
95 [ 4400.  2750.  3338.  7208.  3803.  5803.  4733.  2826.  5653.  7265.
  7408.  4813.]
96 [ 4405.  2748.  3339.  7211.  3802.  5803.  4734.  2826.  5650.  7258.
  7411.  4813.]
97 [ 4406.  2746.  3337.  7213.  3804.  5804.  4734.  2825.  5647.  7259.
  7415.  4810.]
98 [ 4407.  2747.  3337.  7213.  3804.  5805.  4734.  2825.  5641.  7268.
  7413.  4806.]
99 [ 4405.  2749.  3337.  7216.  3804.  5806.  4735.  2826.  5639.  7271.
  7413.  4799.]
100 [ 4404.  2751.  3336.  7225.  3802.  5805.  4735.  2825.  5639.  7271.
  7413.  4794.]
101 [ 4405.  2752.  3337.  7233.  3803.  5806.  4735.  2824.  5636.  7271.
  7414.  4784.]
102 [ 4403.  2750.  3337.  7242.  3804.  5805.  4736.  2824.  5630.  7269.
  7425.  4775.]
103 [ 4403.  2751.  3337.  7244.  3805.  5805.  4736.  2824.  5630.  7274.
  7425.  4766.]
104 [ 4403.  2750.  3338.  7250.  3806.  5804.  4736.  2824.  5628.  7272.
  7424.  4765.]
105 [ 4403.  2750.  3338.  7249.  3805.  5803.  4736.  2824.  5624.  7276.
  7427.  4765.]
106 [ 4403.  2750.  3338.  7250.  3805.  5802.  4736.  2822.  5624.  7279.
  7428.  4763.]
107 [ 4403.  2750.  3338.  7253.  3805.  5799.  4736.  2822.  5623.  7283.
  7430.  4758.]
108 [ 4404.  2750.  3338.  7255.  3805.  5798.  4737.  2822.  5621.  7284.
  7433.  4753.]
109 [ 4405.  2749.  3338.  7256.  3805.  5797.  4738.  2822.  5620.  7283.
  7440.  4747.]
110 [ 4406.  2751.  3338.  7258.  3805.  5797.  4738.  2822.  5616.  7281.
  7443.  4745.]
111 [ 4406.  2751.  3338.  7259.  3805.  5797.  4738.  2822.  5613.  7283.
  7445.  4743.]
112 [ 4406.  2752.  3338.  7257.  3805.  5799.  4738.  2822.  5612.  7283.
  7446.  4742.]
113 [ 4406.  2752.  3338.  7256.  3806.  5800.  4738.  2822.  5613.  7282.
  7446.  4741.]
114 [ 4406.  2753.  3338.  7256.  3806.  5800.  4739.  2822.  5613.  7281.
  7446.  4740.]
115 [ 4406.  2753.  3338.  7256.  3806.  5800.  4739.  2822.  5612.  7282.
  7446.  4740.]
[ 4406.  2753.  3338.  7256.  3806.  5800.  4739.  2822.  5612.  7282.
  7446.  4740.]
Time spent clustering :  6398.29675603
medians_kplusplus_cluster12
Digit: 0  Purity: 92.6% SD: 1994.0  Count: 4739
Digit: 1  Purity: 66.2% SD: 1346.2  Count: 9966
Digit: 2  Purity: 82.7% SD: 2019.4  Count: 4406
Digit: 3  Purity: 53.9% SD: 1928.9  Count: 7256
Digit: 4  Purity: 52.7% SD: 1888.9  Count: 7446
Digit: 5  Purity: 26.6% SD: 1873.5  Count: 2753
Digit: 6  Purity: 73.1% SD: 1839.1  Count: 5800
Digit: 7  Purity: 51.2% SD: 1664.2  Count: 10352
Digit: 8  Purity: 46.5% SD: 1858.4  Count: 7282
Digit: 9  Purity:  0.0% SD:    0.0  Count: 0
Our accuracy in predicting test data for k = 12 was 60.4760476048 %
Time spent testing :  15.2075531483
