12 medians random 100
0 [ 4118.  4002.  6800.  2986.  8401.  6688.  4219.  9085.  1574.  4256.
  6283.  1588.]
1 [ 4317.  4547.  6874.  4334.  5590.  4764.  4474.  8436.  2546.  4404.
  7053.  2661.]
2 [ 4788.  4471.  6690.  5188.  4093.  4154.  4591.  8456.  2663.  4744.
  6790.  3372.]
3 [ 5004.  4127.  6629.  5407.  3306.  4043.  4992.  8416.  2803.  4864.
  6369.  4040.]
4 [ 5220.  3814.  6722.  5335.  3223.  4064.  5494.  8365.  2633.  4794.
  5750.  4586.]
5 [ 5434.  3595.  6884.  5208.  3269.  4101.  5945.  8277.  2522.  4640.
  5114.  5011.]
6 [ 5593.  3427.  7022.  5163.  3334.  4137.  6196.  8215.  2407.  4467.
  4619.  5420.]
7 [ 5738.  3336.  7060.  5202.  3375.  4173.  6210.  8222.  2316.  4316.
  4327.  5725.]
8 [ 5842.  3296.  7023.  5278.  3373.  4230.  6105.  8264.  2210.  4197.
  4218.  5964.]
9 [ 5974.  3289.  6919.  5361.  3402.  4276.  5953.  8282.  2116.  4132.
  4166.  6130.]
10 [ 6123.  3297.  6797.  5406.  3382.  4319.  5780.  8305.  2035.  4115.
  4196.  6245.]
11 [ 6229.  3323.  6691.  5453.  3295.  4361.  5656.  8278.  1954.  4143.
  4259.  6358.]
12 [ 6347.  3369.  6594.  5482.  3196.  4387.  5560.  8201.  1908.  4176.
  4337.  6443.]
13 [ 6441.  3430.  6537.  5520.  3113.  4398.  5485.  8096.  1876.  4185.
  4403.  6516.]
14 [ 6498.  3479.  6485.  5547.  3019.  4407.  5428.  8004.  1844.  4214.
  4457.  6618.]
15 [ 6537.  3533.  6423.  5560.  2969.  4418.  5407.  7886.  1834.  4229.
  4507.  6697.]
16 [ 6577.  3569.  6374.  5566.  2946.  4428.  5392.  7769.  1814.  4245.
  4529.  6791.]
17 [ 6629.  3610.  6319.  5594.  2927.  4436.  5359.  7693.  1802.  4241.
  4537.  6853.]
18 [ 6654.  3639.  6274.  5597.  2908.  4444.  5359.  7629.  1788.  4232.
  4555.  6921.]
19 [ 6673.  3667.  6216.  5585.  2966.  4449.  5345.  7559.  1768.  4224.
  4561.  6987.]
20 [ 6687.  3695.  6153.  5597.  3007.  4455.  5333.  7494.  1764.  4215.
  4566.  7034.]
21 [ 6694.  3718.  6102.  5609.  3046.  4463.  5341.  7455.  1731.  4201.
  4571.  7069.]
22 [ 6715.  3737.  6049.  5609.  3125.  4465.  5350.  7390.  1706.  4193.
  4568.  7093.]
23 [ 6739.  3764.  6011.  5603.  3192.  4473.  5344.  7337.  1678.  4184.
  4566.  7109.]
24 [ 6748.  3794.  5981.  5586.  3245.  4479.  5351.  7292.  1649.  4174.
  4563.  7138.]
25 [ 6773.  3803.  5960.  5575.  3302.  4483.  5364.  7265.  1614.  4173.
  4544.  7144.]
26 [ 6783.  3811.  5952.  5549.  3382.  4484.  5372.  7235.  1558.  4176.
  4535.  7163.]
27 [ 6800.  3822.  5939.  5525.  3457.  4487.  5375.  7202.  1527.  4178.
  4520.  7168.]
28 [ 6825.  3831.  5920.  5505.  3514.  4486.  5381.  7155.  1518.  4186.
  4505.  7174.]
29 [ 6849.  3834.  5883.  5486.  3570.  4489.  5394.  7136.  1510.  4183.
  4499.  7167.]
30 [ 6881.  3829.  5858.  5458.  3606.  4494.  5406.  7115.  1510.  4182.
  4500.  7161.]
31 [ 6907.  3824.  5818.  5460.  3649.  4497.  5410.  7086.  1513.  4177.
  4503.  7156.]
32 [ 6937.  3815.  5791.  5457.  3694.  4497.  5430.  7063.  1503.  4176.
  4504.  7133.]
33 [ 6949.  3813.  5770.  5451.  3724.  4498.  5441.  7044.  1503.  4177.
  4504.  7126.]
34 [ 6965.  3817.  5735.  5460.  3760.  4502.  5445.  7022.  1497.  4173.
  4503.  7121.]
35 [ 6986.  3817.  5708.  5470.  3786.  4501.  5445.  7006.  1491.  4171.
  4502.  7117.]
36 [ 7005.  3815.  5688.  5473.  3808.  4506.  5441.  6996.  1485.  4169.
  4500.  7114.]
37 [ 7022.  3808.  5667.  5476.  3823.  4508.  5439.  6993.  1482.  4169.
  4506.  7107.]
38 [ 7048.  3798.  5642.  5475.  3837.  4510.  5437.  6991.  1476.  4168.
  4514.  7104.]
39 [ 7056.  3793.  5629.  5482.  3848.  4509.  5431.  6996.  1467.  4175.
  4520.  7094.]
40 [ 7070.  3783.  5625.  5487.  3885.  4509.  5430.  6985.  1452.  4176.
  4518.  7080.]
41 [ 7081.  3778.  5614.  5488.  3912.  4510.  5428.  6983.  1433.  4177.
  4521.  7075.]
42 [ 7075.  3779.  5604.  5482.  3944.  4514.  5432.  6975.  1413.  4183.
  4528.  7071.]
43 [ 7069.  3782.  5592.  5473.  3989.  4514.  5430.  6966.  1388.  4192.
  4535.  7070.]
44 [ 7061.  3796.  5590.  5466.  4017.  4511.  5433.  6969.  1341.  4198.
  4545.  7073.]
45 [ 7069.  3799.  5582.  5461.  4011.  4515.  5446.  6978.  1301.  4207.
  4560.  7071.]
46 [ 7084.  3821.  5582.  5458.  3944.  4515.  5458.  6993.  1277.  4215.
  4582.  7071.]
47 [ 7093.  3841.  5591.  5456.  3824.  4520.  5481.  7022.  1274.  4231.
  4596.  7071.]
48 [ 7101.  3854.  5598.  5449.  3700.  4527.  5513.  7042.  1263.  4255.
  4614.  7084.]
49 [ 7117.  3867.  5598.  5437.  3576.  4532.  5527.  7074.  1268.  4283.
  4628.  7093.]
50 [ 7122.  3896.  5581.  5436.  3469.  4536.  5532.  7107.  1271.  4307.
  4633.  7110.]
51 [ 7133.  3914.  5577.  5437.  3392.  4538.  5539.  7129.  1268.  4321.
  4633.  7119.]
52 [ 7125.  3926.  5572.  5448.  3334.  4542.  5544.  7152.  1263.  4333.
  4634.  7127.]
53 [ 7115.  3935.  5568.  5458.  3287.  4545.  5553.  7163.  1263.  4347.
  4629.  7137.]
54 [ 7110.  3941.  5555.  5476.  3257.  4549.  5556.  7171.  1262.  4356.
  4622.  7145.]
55 [ 7114.  3947.  5528.  5485.  3245.  4553.  5556.  7181.  1263.  4358.
  4619.  7151.]
56 [ 7106.  3950.  5505.  5502.  3234.  4556.  5552.  7190.  1268.  4359.
  4617.  7161.]
57 [ 7097.  3959.  5486.  5518.  3228.  4557.  5552.  7193.  1268.  4357.
  4616.  7169.]
58 [ 7088.  3964.  5457.  5529.  3222.  4560.  5550.  7214.  1266.  4358.
  4613.  7179.]
59 [ 7075.  3968.  5439.  5537.  3223.  4566.  5547.  7227.  1266.  4360.
  4611.  7181.]
60 [ 7073.  3970.  5406.  5547.  3219.  4570.  5540.  7249.  1270.  4362.
  4614.  7180.]
61 [ 7071.  3970.  5362.  5580.  3218.  4574.  5535.  7257.  1273.  4367.
  4608.  7185.]
62 [ 7077.  3968.  5318.  5602.  3217.  4581.  5523.  7277.  1274.  4369.
  4610.  7184.]
63 [ 7088.  3969.  5270.  5615.  3226.  4585.  5514.  7300.  1273.  4372.
  4610.  7178.]
64 [ 7082.  3965.  5221.  5639.  3238.  4597.  5506.  7323.  1268.  4380.
  4607.  7174.]
65 [ 7084.  3961.  5156.  5666.  3253.  4606.  5498.  7345.  1269.  4385.
  4598.  7179.]
66 [ 7074.  3962.  5083.  5705.  3266.  4617.  5491.  7365.  1268.  4393.
  4590.  7186.]
67 [ 7074.  3964.  5029.  5731.  3260.  4632.  5477.  7405.  1265.  4394.
  4582.  7187.]
68 [ 7056.  3960.  4920.  5775.  3280.  4639.  5474.  7450.  1264.  4401.
  4582.  7199.]
69 [ 7070.  3962.  4799.  5821.  3287.  4657.  5479.  7468.  1263.  4404.
  4589.  7201.]
70 [ 7071.  3966.  4672.  5863.  3310.  4660.  5479.  7479.  1265.  4407.
  4606.  7222.]
71 [ 7112.  3971.  4580.  5867.  3338.  4664.  5480.  7467.  1270.  4399.
  4616.  7236.]
72 [ 7141.  3981.  4529.  5852.  3343.  4673.  5478.  7442.  1272.  4399.
  4632.  7258.]
73 [ 7159.  3985.  4495.  5844.  3345.  4684.  5482.  7408.  1271.  4396.
  4655.  7276.]
74 [ 7197.  3989.  4473.  5841.  3350.  4694.  5482.  7352.  1273.  4385.
  4670.  7294.]
75 [ 7223.  3975.  4446.  5835.  3361.  4701.  5477.  7323.  1275.  4386.
  4685.  7313.]
76 [ 7247.  3962.  4444.  5820.  3371.  4708.  5477.  7294.  1276.  4380.
  4702.  7319.]
77 [ 7279.  3938.  4446.  5796.  3379.  4717.  5475.  7270.  1280.  4386.
  4707.  7327.]
78 [ 7301.  3916.  4455.  5774.  3393.  4728.  5469.  7243.  1276.  4382.
  4724.  7339.]
79 [ 7303.  3894.  4471.  5750.  3415.  4737.  5470.  7222.  1267.  4374.
  4731.  7366.]
80 [ 7300.  3884.  4493.  5738.  3420.  4741.  5464.  7196.  1264.  4375.
  4737.  7388.]
81 [ 7305.  3857.  4513.  5734.  3422.  4744.  5455.  7173.  1266.  4377.
  4736.  7418.]
82 [ 7325.  3831.  4534.  5736.  3429.  4746.  5435.  7150.  1264.  4371.
  4740.  7439.]
83 [ 7353.  3805.  4547.  5741.  3440.  4750.  5403.  7121.  1264.  4366.
  4740.  7470.]
84 [ 7367.  3762.  4561.  5745.  3449.  4753.  5390.  7095.  1259.  4369.
  4736.  7514.]
85 [ 7408.  3721.  4567.  5753.  3431.  4757.  5372.  7067.  1260.  4368.
  4742.  7554.]
86 [ 7453.  3677.  4573.  5763.  3423.  4757.  5357.  7034.  1255.  4373.
  4740.  7595.]
87 [ 7480.  3643.  4586.  5775.  3402.  4757.  5328.  6994.  1260.  4373.
  4745.  7657.]
88 [ 7536.  3594.  4611.  5785.  3395.  4758.  5288.  6953.  1256.  4369.
  4743.  7712.]
89 [ 7604.  3550.  4627.  5801.  3374.  4754.  5228.  6908.  1249.  4371.
  4757.  7777.]
90 [ 7672.  3503.  4643.  5817.  3339.  4751.  5166.  6861.  1250.  4371.
  4762.  7865.]
91 [ 7705.  3451.  4664.  5829.  3296.  4748.  5101.  6818.  1258.  4379.
  4779.  7972.]
92 [ 7747.  3404.  4681.  5851.  3257.  4749.  5061.  6751.  1259.  4381.
  4787.  8072.]
93 [ 7789.  3360.  4704.  5863.  3207.  4748.  5008.  6702.  1258.  4380.
  4800.  8181.]
94 [ 7836.  3300.  4720.  5886.  3186.  4747.  4979.  6629.  1245.  4370.
  4801.  8301.]
95 [ 7838.  3251.  4753.  5893.  3170.  4750.  4954.  6576.  1236.  4372.
  4802.  8405.]
96 [ 7837.  3203.  4769.  5914.  3167.  4744.  4923.  6511.  1231.  4377.
  4808.  8516.]
97 [ 7810.  3170.  4786.  5923.  3157.  4742.  4901.  6454.  1229.  4389.
  4814.  8625.]
98 [ 7798.  3152.  4812.  5926.  3150.  4738.  4875.  6396.  1232.  4393.
  4821.  8707.]
99 [ 7789.  3139.  4828.  5933.  3127.  4738.  4849.  6361.  1231.  4396.
  4830.  8779.]
100 [ 7756.  3129.  4851.  5936.  3112.  4740.  4832.  6338.  1240.  4392.
  4834.  8840.]
101 [ 7710.  3115.  4880.  5938.  3097.  4740.  4829.  6321.  1248.  4390.
  4828.  8904.]
102 [ 7673.  3094.  4908.  5946.  3082.  4736.  4813.  6308.  1257.  4387.
  4832.  8964.]
103 [ 7634.  3080.  4925.  5943.  3075.  4737.  4813.  6287.  1266.  4389.
  4827.  9024.]
104 [ 7614.  3069.  4941.  5949.  3056.  4734.  4807.  6261.  1286.  4383.
  4825.  9075.]
105 [ 7587.  3062.  4959.  5954.  3054.  4733.  4811.  6234.  1286.  4384.
  4832.  9104.]
106 [ 7560.  3058.  4980.  5960.  3047.  4730.  4817.  6211.  1289.  4388.
  4831.  9129.]
107 [ 7525.  3050.  4992.  5962.  3050.  4729.  4828.  6194.  1284.  4392.
  4834.  9160.]
108 [ 7501.  3038.  5011.  5962.  3035.  4730.  4839.  6176.  1291.  4394.
  4834.  9189.]
109 [ 7479.  3030.  5025.  5968.  3023.  4729.  4848.  6161.  1294.  4393.
  4844.  9206.]
110 [ 7475.  3019.  5039.  5969.  3020.  4729.  4851.  6144.  1297.  4388.
  4839.  9230.]
111 [ 7456.  3009.  5054.  5972.  3022.  4728.  4859.  6128.  1299.  4392.
  4839.  9242.]
112 [ 7433.  3000.  5073.  5978.  3021.  4727.  4864.  6116.  1300.  4391.
  4838.  9259.]
113 [ 7397.  2996.  5107.  5986.  3023.  4725.  4861.  6110.  1300.  4392.
  4839.  9264.]
114 [ 7383.  2992.  5134.  5989.  3026.  4725.  4864.  6096.  1300.  4388.
  4835.  9268.]
115 [ 7362.  2985.  5152.  5990.  3031.  4728.  4865.  6088.  1300.  4380.
  4836.  9283.]
116 [ 7333.  2978.  5172.  5994.  3031.  4730.  4868.  6080.  1300.  4382.
  4835.  9297.]
117 [ 7315.  2966.  5185.  5997.  3034.  4729.  4874.  6068.  1299.  4379.
  4838.  9316.]
118 [ 7282.  2959.  5212.  5999.  3027.  4729.  4887.  6054.  1298.  4373.
  4841.  9339.]
119 [ 7262.  2951.  5235.  6004.  3021.  4730.  4902.  6035.  1295.  4370.
  4841.  9354.]
120 [ 7257.  2947.  5248.  6008.  3013.  4732.  4911.  6018.  1295.  4368.
  4835.  9368.]
121 [ 7261.  2951.  5270.  6007.  3012.  4731.  4906.  5999.  1292.  4364.
  4834.  9373.]
122 [ 7265.  2948.  5285.  6010.  3011.  4730.  4907.  5982.  1290.  4364.
  4834.  9374.]
123 [ 7263.  2946.  5303.  6013.  3006.  4729.  4908.  5970.  1290.  4364.
  4833.  9375.]
124 [ 7266.  2942.  5318.  6018.  3005.  4730.  4906.  5955.  1290.  4360.
  4834.  9376.]
125 [ 7259.  2937.  5333.  6021.  3006.  4730.  4913.  5939.  1290.  4357.
  4835.  9380.]
126 [ 7257.  2934.  5341.  6023.  3009.  4730.  4921.  5922.  1291.  4354.
  4835.  9383.]
127 [ 7234.  2936.  5363.  6023.  3016.  4730.  4932.  5908.  1290.  4356.
  4833.  9379.]
128 [ 7229.  2934.  5381.  6026.  3014.  4729.  4932.  5898.  1290.  4357.
  4833.  9377.]
129 [ 7230.  2929.  5390.  6027.  3012.  4729.  4932.  5890.  1292.  4359.
  4835.  9375.]
130 [ 7228.  2925.  5406.  6031.  3008.  4729.  4933.  5879.  1291.  4362.
  4834.  9374.]
131 [ 7230.  2919.  5415.  6036.  3005.  4729.  4937.  5868.  1291.  4362.
  4829.  9379.]
132 [ 7219.  2920.  5435.  6037.  3010.  4729.  4936.  5858.  1291.  4362.
  4824.  9379.]
133 [ 7205.  2921.  5451.  6041.  3011.  4729.  4938.  5851.  1291.  4360.
  4822.  9380.]
134 [ 7191.  2920.  5469.  6042.  3008.  4730.  4939.  5846.  1293.  4357.
  4820.  9385.]
135 [ 7191.  2919.  5484.  6042.  3005.  4730.  4937.  5841.  1293.  4354.
  4816.  9388.]
136 [ 7184.  2917.  5495.  6042.  3006.  4731.  4937.  5840.  1291.  4351.
  4815.  9391.]
137 [ 7188.  2912.  5511.  6041.  3000.  4732.  4933.  5835.  1291.  4352.
  4813.  9392.]
138 [ 7188.  2910.  5522.  6041.  3000.  4732.  4932.  5828.  1290.  4352.
  4810.  9395.]
139 [ 7199.  2907.  5523.  6041.  2997.  4733.  4931.  5821.  1288.  4350.
  4810.  9400.]
140 [ 7200.  2906.  5531.  6043.  2995.  4734.  4932.  5815.  1288.  4349.
  4807.  9400.]
141 [ 7197.  2906.  5534.  6045.  2993.  4736.  4934.  5812.  1287.  4348.
  4806.  9402.]
142 [ 7194.  2907.  5535.  6048.  2991.  4736.  4937.  5803.  1287.  4349.
  4806.  9407.]
143 [ 7193.  2905.  5540.  6054.  2988.  4736.  4938.  5796.  1287.  4348.
  4806.  9409.]
144 [ 7201.  2903.  5543.  6055.  2984.  4736.  4937.  5791.  1287.  4348.
  4807.  9408.]
145 [ 7203.  2901.  5551.  6056.  2982.  4736.  4938.  5783.  1289.  4348.
  4805.  9408.]
146 [ 7203.  2900.  5549.  6059.  2985.  4736.  4937.  5778.  1290.  4346.
  4806.  9411.]
147 [ 7205.  2900.  5547.  6066.  2985.  4736.  4935.  5775.  1289.  4346.
  4804.  9412.]
148 [ 7206.  2902.  5549.  6069.  2988.  4736.  4934.  5771.  1286.  4344.
  4802.  9413.]
149 [ 7208.  2900.  5550.  6069.  2985.  4736.  4935.  5770.  1289.  4342.
  4801.  9415.]
150 [ 7208.  2898.  5552.  6068.  2987.  4736.  4934.  5769.  1290.  4340.
  4802.  9416.]
151 [ 7208.  2898.  5552.  6068.  2987.  4736.  4935.  5767.  1290.  4340.
  4801.  9418.]
152 [ 7208.  2897.  5552.  6068.  2984.  4736.  4936.  5767.  1292.  4340.
  4802.  9418.]
153 [ 7210.  2896.  5551.  6069.  2982.  4736.  4938.  5767.  1295.  4338.
  4800.  9418.]
154 [ 7208.  2895.  5551.  6071.  2978.  4736.  4941.  5767.  1297.  4340.
  4799.  9417.]
155 [ 7208.  2896.  5551.  6072.  2974.  4736.  4942.  5766.  1299.  4339.
  4800.  9417.]
156 [ 7209.  2896.  5551.  6070.  2974.  4736.  4944.  5763.  1300.  4339.
  4800.  9418.]
157 [ 7207.  2894.  5551.  6070.  2976.  4736.  4948.  5761.  1303.  4338.
  4800.  9416.]
158 [ 7209.  2893.  5551.  6069.  2977.  4736.  4948.  5762.  1302.  4338.
  4800.  9415.]
159 [ 7209.  2893.  5551.  6070.  2978.  4736.  4947.  5763.  1304.  4338.
  4799.  9412.]
160 [ 7210.  2893.  5550.  6070.  2975.  4736.  4947.  5764.  1305.  4339.
  4799.  9412.]
161 [ 7209.  2893.  5551.  6069.  2974.  4736.  4947.  5764.  1305.  4340.
  4800.  9412.]
162 [ 7208.  2893.  5551.  6069.  2973.  4736.  4947.  5765.  1305.  4341.
  4799.  9413.]
163 [ 7208.  2892.  5551.  6068.  2973.  4736.  4947.  5765.  1306.  4341.
  4799.  9414.]
164 [ 7208.  2891.  5551.  6068.  2972.  4736.  4947.  5765.  1307.  4341.
  4800.  9414.]
165 [ 7208.  2891.  5551.  6068.  2972.  4736.  4947.  5765.  1307.  4341.
  4800.  9414.]
166 [ 7208.  2891.  5551.  6068.  2972.  4736.  4947.  5765.  1306.  4341.
  4800.  9415.]
167 [ 7207.  2891.  5551.  6068.  2973.  4736.  4947.  5765.  1306.  4341.
  4800.  9415.]
[ 7207.  2891.  5551.  6068.  2973.  4736.  4947.  5765.  1306.  4341.
  4800.  9415.]
Time spent clustering :  13191.814075
medians_random_cluster12
Digit: 0  Purity: 77.7% SD: 1983.0  Count: 6042
Digit: 1  Purity: 69.9% SD: 1360.8  Count: 9141
Digit: 2  Purity: 63.0% SD: 2029.5  Count: 5551
Digit: 3  Purity: 50.2% SD: 1933.7  Count: 9415
Digit: 4  Purity: 50.2% SD: 1915.1  Count: 5765
Digit: 5  Purity: 21.8% SD: 1770.6  Count: 2973
Digit: 6  Purity: 69.7% SD: 1852.3  Count: 6068
Digit: 7  Purity: 62.9% SD: 1666.2  Count: 7838
Digit: 8  Purity:  0.0% SD:    0.0  Count: 0
Digit: 9  Purity: 33.9% SD: 1748.0  Count: 7207
Our accuracy in predicting test data for k = 12 was 57.7557755776 %
Time spent testing :  17.4870290756
