19 medians random 100
0 [ 2556.  1543.   925.  4500.  3700.  5597.  3280.  3751.  1620.  7754.
  1297.  6625.  4204.   677.  5648.  1666.   349.  1814.  2494.]
1 [ 2532.  2525.  1224.  4731.  3022.  4346.  3441.  3046.  1593.  6312.
  2035.  5993.  4232.  1311.  4225.  2610.  1295.  2990.  2537.]
2 [ 2442.  2813.  1498.  4251.  2691.  3507.  3525.  2866.  1690.  6191.
  2349.  5374.  4599.  1653.  3254.  3030.  1936.  3783.  2548.]
3 [ 2470.  2809.  1728.  3838.  2643.  2982.  3873.  2856.  1971.  6065.
  2462.  4452.  4953.  1906.  2917.  3164.  2147.  4220.  2544.]
4 [ 2517.  2752.  1856.  3634.  2804.  2892.  4378.  2896.  2083.  5630.
  2518.  3831.  5066.  1995.  2848.  3227.  2269.  4256.  2548.]
5 [ 2520.  2695.  1950.  3562.  2966.  3008.  4801.  2972.  2263.  5176.
  2563.  3490.  5075.  1725.  2855.  3277.  2356.  4179.  2567.]
6 [ 2498.  2615.  1991.  3552.  3126.  3152.  5133.  3024.  2399.  4682.
  2605.  3341.  5076.  1420.  2863.  3398.  2433.  4107.  2585.]
7 [ 2498.  2599.  2010.  3586.  3278.  3222.  5270.  3037.  2508.  4312.
  2627.  3293.  5068.  1273.  2845.  3432.  2500.  4054.  2588.]
8 [ 2496.  2593.  2015.  3636.  3358.  3196.  5286.  3035.  2614.  4090.
  2616.  3265.  5077.  1222.  2810.  3540.  2550.  4025.  2576.]
9 [ 2507.  2587.  2017.  3708.  3355.  3179.  5277.  3025.  2662.  3931.
  2614.  3266.  5100.  1195.  2780.  3627.  2592.  4017.  2561.]
10 [ 2518.  2603.  2027.  3779.  3330.  3156.  5266.  3029.  2648.  3793.
  2611.  3243.  5146.  1179.  2743.  3702.  2632.  4040.  2555.]
11 [ 2533.  2620.  2045.  3816.  3277.  3172.  5250.  3022.  2632.  3683.
  2603.  3218.  5171.  1168.  2712.  3797.  2664.  4065.  2552.]
12 [ 2545.  2647.  2060.  3826.  3249.  3322.  5243.  3014.  2570.  3593.
  2601.  3117.  5208.  1148.  2679.  3870.  2682.  4072.  2554.]
13 [ 2558.  2680.  2069.  3801.  3180.  3710.  5215.  2990.  2501.  3479.
  2600.  2978.  5250.  1119.  2664.  3934.  2694.  4030.  2548.]
14 [ 2571.  2708.  2078.  3767.  3086.  4128.  5186.  2973.  2474.  3373.
  2588.  2836.  5288.  1083.  2647.  3982.  2703.  3981.  2548.]
15 [ 2578.  2744.  2076.  3736.  2999.  4475.  5156.  2972.  2441.  3288.
  2591.  2752.  5311.  1044.  2639.  4028.  2708.  3914.  2548.]
16 [ 2583.  2759.  2083.  3719.  2947.  4688.  5125.  2969.  2425.  3254.
  2600.  2667.  5341.   996.  2642.  4063.  2712.  3880.  2547.]
17 [ 2582.  2778.  2092.  3707.  2919.  4801.  5095.  2970.  2403.  3254.
  2599.  2621.  5354.   962.  2642.  4100.  2720.  3853.  2548.]
18 [ 2582.  2794.  2095.  3701.  2919.  4832.  5065.  2967.  2399.  3273.
  2604.  2586.  5367.   930.  2652.  4152.  2725.  3812.  2545.]
19 [ 2588.  2804.  2095.  3697.  2946.  4860.  5046.  2967.  2361.  3288.
  2610.  2551.  5375.   936.  2652.  4187.  2725.  3769.  2543.]
20 [ 2592.  2819.  2092.  3698.  2956.  4822.  5027.  2953.  2384.  3321.
  2617.  2537.  5380.   928.  2664.  4196.  2725.  3753.  2536.]
21 [ 2595.  2840.  2089.  3711.  3008.  4766.  5007.  2953.  2347.  3343.
  2623.  2505.  5378.   943.  2673.  4213.  2723.  3749.  2534.]
22 [ 2597.  2849.  2085.  3713.  3083.  4674.  4989.  2958.  2328.  3366.
  2627.  2477.  5381.   961.  2674.  4243.  2723.  3739.  2533.]
23 [ 2600.  2858.  2083.  3717.  3130.  4574.  4977.  2955.  2321.  3386.
  2629.  2467.  5380.   987.  2677.  4265.  2723.  3732.  2539.]
24 [ 2602.  2876.  2077.  3727.  3199.  4480.  4972.  2947.  2296.  3391.
  2626.  2458.  5376.  1027.  2668.  4282.  2723.  3732.  2541.]
25 [ 2603.  2881.  2073.  3747.  3283.  4387.  4959.  2934.  2263.  3373.
  2629.  2449.  5382.  1082.  2658.  4297.  2725.  3726.  2549.]
26 [ 2601.  2890.  2063.  3755.  3365.  4297.  4960.  2930.  2254.  3358.
  2631.  2435.  5385.  1114.  2644.  4312.  2727.  3729.  2550.]
27 [ 2601.  2899.  2047.  3762.  3434.  4228.  4961.  2928.  2268.  3333.
  2639.  2425.  5378.  1155.  2631.  4305.  2729.  3726.  2551.]
28 [ 2600.  2905.  2038.  3762.  3511.  4173.  4956.  2919.  2274.  3299.
  2646.  2423.  5375.  1181.  2619.  4309.  2731.  3721.  2558.]
29 [ 2595.  2910.  2025.  3760.  3601.  4114.  4947.  2902.  2272.  3266.
  2651.  2427.  5375.  1203.  2619.  4316.  2734.  3718.  2565.]
30 [ 2593.  2912.  2016.  3763.  3696.  4033.  4933.  2894.  2283.  3236.
  2662.  2439.  5375.  1214.  2614.  4308.  2737.  3721.  2571.]
31 [ 2591.  2919.  2010.  3770.  3773.  3963.  4929.  2889.  2278.  3204.
  2673.  2446.  5363.  1232.  2608.  4303.  2739.  3731.  2579.]
32 [ 2588.  2929.  2006.  3777.  3870.  3887.  4915.  2882.  2271.  3174.
  2681.  2454.  5362.  1252.  2608.  4295.  2742.  3731.  2576.]
33 [ 2585.  2938.  2006.  3789.  3953.  3852.  4901.  2880.  2265.  3142.
  2692.  2467.  5357.  1264.  2601.  4287.  2742.  3704.  2575.]
34 [ 2584.  2949.  2000.  3802.  4033.  3789.  4888.  2880.  2248.  3121.
  2696.  2491.  5351.  1274.  2599.  4281.  2741.  3695.  2578.]
35 [ 2584.  2955.  1995.  3813.  4121.  3738.  4869.  2878.  2224.  3101.
  2705.  2519.  5349.  1287.  2599.  4262.  2742.  3684.  2575.]
36 [ 2587.  2966.  1991.  3824.  4186.  3716.  4846.  2882.  2204.  3089.
  2709.  2533.  5355.  1299.  2598.  4230.  2743.  3668.  2574.]
37 [ 2585.  2968.  1983.  3833.  4253.  3675.  4835.  2879.  2196.  3094.
  2709.  2517.  5362.  1302.  2602.  4216.  2745.  3671.  2575.]
38 [ 2584.  2973.  1981.  3839.  4264.  3654.  4828.  2880.  2204.  3090.
  2709.  2529.  5366.  1309.  2599.  4193.  2746.  3674.  2578.]
39 [ 2584.  2978.  1980.  3852.  4299.  3613.  4816.  2884.  2214.  3081.
  2711.  2545.  5367.  1317.  2597.  4173.  2747.  3668.  2574.]
40 [ 2583.  2979.  1980.  3850.  4310.  3562.  4808.  2886.  2225.  3092.
  2711.  2558.  5367.  1324.  2597.  4173.  2749.  3673.  2573.]
41 [ 2581.  2982.  1981.  3850.  4321.  3520.  4790.  2887.  2234.  3088.
  2710.  2564.  5372.  1338.  2601.  4176.  2750.  3681.  2574.]
42 [ 2581.  2989.  1982.  3852.  4326.  3478.  4773.  2888.  2228.  3094.
  2712.  2572.  5382.  1347.  2602.  4180.  2750.  3690.  2574.]
43 [ 2581.  2999.  1980.  3853.  4322.  3450.  4750.  2891.  2229.  3109.
  2711.  2570.  5387.  1356.  2600.  4191.  2750.  3695.  2576.]
44 [ 2583.  3003.  1982.  3858.  4314.  3442.  4726.  2890.  2236.  3111.
  2710.  2572.  5393.  1360.  2597.  4202.  2751.  3696.  2574.]
45 [ 2583.  3008.  1984.  3859.  4311.  3420.  4709.  2885.  2245.  3110.
  2709.  2574.  5398.  1370.  2601.  4211.  2751.  3699.  2573.]
46 [ 2583.  3010.  1981.  3863.  4297.  3414.  4696.  2882.  2255.  3107.
  2713.  2569.  5408.  1382.  2604.  4214.  2750.  3702.  2570.]
47 [ 2582.  3009.  1978.  3866.  4280.  3413.  4692.  2875.  2285.  3100.
  2715.  2558.  5414.  1387.  2604.  4222.  2749.  3705.  2566.]
48 [ 2583.  3007.  1978.  3868.  4260.  3407.  4688.  2873.  2331.  3094.
  2715.  2546.  5417.  1386.  2605.  4217.  2749.  3714.  2562.]
49 [ 2583.  3007.  1979.  3868.  4238.  3406.  4687.  2868.  2372.  3084.
  2715.  2538.  5420.  1386.  2606.  4219.  2749.  3717.  2558.]
50 [ 2583.  3005.  1976.  3871.  4225.  3399.  4685.  2857.  2415.  3073.
  2715.  2528.  5424.  1397.  2608.  4216.  2749.  3718.  2556.]
51 [ 2583.  3006.  1973.  3872.  4204.  3394.  4682.  2857.  2448.  3063.
  2714.  2524.  5429.  1405.  2614.  4209.  2748.  3723.  2552.]
52 [ 2584.  3007.  1976.  3874.  4173.  3389.  4680.  2860.  2474.  3049.
  2714.  2516.  5431.  1423.  2618.  4212.  2748.  3723.  2549.]
53 [ 2583.  3007.  1977.  3874.  4147.  3379.  4679.  2856.  2523.  3031.
  2715.  2507.  5433.  1438.  2625.  4209.  2748.  3720.  2549.]
54 [ 2580.  3005.  1973.  3877.  4121.  3375.  4678.  2851.  2563.  3016.
  2719.  2502.  5438.  1446.  2633.  4214.  2748.  3714.  2547.]
55 [ 2579.  3007.  1972.  3884.  4109.  3367.  4678.  2850.  2605.  2995.
  2723.  2500.  5435.  1458.  2636.  4213.  2747.  3702.  2540.]
56 [ 2579.  3010.  1966.  3889.  4091.  3359.  4677.  2850.  2632.  2986.
  2727.  2497.  5437.  1467.  2640.  4215.  2747.  3692.  2539.]
57 [ 2579.  3010.  1960.  3894.  4069.  3346.  4675.  2854.  2677.  2972.
  2729.  2493.  5441.  1475.  2644.  4218.  2747.  3681.  2536.]
58 [ 2580.  3010.  1959.  3894.  4058.  3328.  4676.  2852.  2714.  2959.
  2729.  2481.  5446.  1479.  2654.  4224.  2745.  3676.  2536.]
59 [ 2581.  3010.  1962.  3897.  4041.  3321.  4682.  2854.  2735.  2946.
  2728.  2461.  5453.  1485.  2666.  4231.  2745.  3669.  2533.]
60 [ 2581.  3013.  1967.  3897.  4021.  3318.  4689.  2854.  2738.  2941.
  2730.  2445.  5456.  1497.  2674.  4235.  2744.  3666.  2534.]
61 [ 2581.  3014.  1973.  3900.  4005.  3309.  4695.  2857.  2761.  2926.
  2730.  2424.  5456.  1504.  2680.  4247.  2745.  3663.  2530.]
62 [ 2582.  3021.  1980.  3904.  3994.  3301.  4698.  2863.  2779.  2914.
  2732.  2400.  5452.  1514.  2684.  4248.  2747.  3660.  2527.]
63 [ 2581.  3024.  1988.  3906.  4000.  3288.  4699.  2869.  2811.  2890.
  2740.  2373.  5455.  1513.  2687.  4252.  2747.  3650.  2527.]
64 [ 2581.  3024.  1990.  3907.  4002.  3285.  4700.  2878.  2797.  2889.
  2742.  2354.  5456.  1521.  2692.  4263.  2746.  3642.  2531.]
65 [ 2580.  3023.  1998.  3908.  4002.  3283.  4704.  2880.  2795.  2885.
  2748.  2331.  5456.  1523.  2695.  4278.  2747.  3635.  2529.]
66 [ 2580.  3025.  2005.  3907.  4003.  3286.  4708.  2884.  2789.  2879.
  2748.  2313.  5455.  1525.  2697.  4290.  2750.  3627.  2529.]
67 [ 2575.  3023.  2010.  3908.  3995.  3292.  4714.  2892.  2793.  2878.
  2749.  2295.  5458.  1520.  2700.  4295.  2754.  3621.  2528.]
68 [ 2572.  3026.  2022.  3914.  3994.  3288.  4720.  2899.  2773.  2879.
  2751.  2281.  5463.  1526.  2701.  4289.  2757.  3615.  2530.]
69 [ 2570.  3024.  2030.  3914.  3993.  3282.  4727.  2907.  2768.  2883.
  2754.  2270.  5464.  1526.  2698.  4295.  2762.  3606.  2527.]
70 [ 2571.  3024.  2038.  3917.  3997.  3282.  4731.  2914.  2740.  2885.
  2755.  2264.  5463.  1520.  2699.  4305.  2764.  3604.  2527.]
71 [ 2572.  3024.  2042.  3917.  3998.  3280.  4733.  2915.  2732.  2883.
  2759.  2257.  5462.  1523.  2697.  4319.  2764.  3597.  2526.]
72 [ 2573.  3026.  2041.  3922.  4008.  3277.  4737.  2917.  2720.  2879.
  2764.  2246.  5465.  1525.  2697.  4318.  2764.  3593.  2528.]
73 [ 2574.  3028.  2044.  3922.  4017.  3285.  4739.  2918.  2703.  2873.
  2767.  2243.  5469.  1521.  2695.  4321.  2764.  3587.  2530.]
74 [ 2572.  3031.  2049.  3923.  4027.  3286.  4741.  2920.  2686.  2873.
  2769.  2241.  5473.  1514.  2695.  4321.  2764.  3584.  2531.]
75 [ 2572.  3034.  2052.  3931.  4043.  3281.  4745.  2920.  2666.  2876.
  2770.  2235.  5476.  1509.  2695.  4318.  2764.  3581.  2532.]
76 [ 2572.  3034.  2053.  3935.  4055.  3279.  4742.  2921.  2648.  2878.
  2775.  2228.  5479.  1503.  2695.  4322.  2764.  3585.  2532.]
77 [ 2570.  3036.  2054.  3939.  4063.  3282.  4742.  2920.  2631.  2876.
  2781.  2225.  5482.  1502.  2694.  4321.  2764.  3587.  2531.]
78 [ 2570.  3038.  2057.  3938.  4070.  3283.  4740.  2921.  2625.  2873.
  2786.  2221.  5483.  1505.  2695.  4315.  2764.  3587.  2529.]
79 [ 2570.  3040.  2058.  3940.  4081.  3279.  4739.  2925.  2616.  2873.
  2789.  2218.  5483.  1506.  2694.  4310.  2764.  3586.  2529.]
80 [ 2570.  3044.  2061.  3942.  4092.  3273.  4736.  2927.  2612.  2875.
  2789.  2213.  5483.  1509.  2695.  4303.  2764.  3583.  2529.]
81 [ 2570.  3046.  2062.  3943.  4098.  3273.  4735.  2929.  2600.  2874.
  2789.  2210.  5484.  1510.  2697.  4304.  2765.  3582.  2529.]
82 [ 2570.  3045.  2065.  3941.  4101.  3269.  4735.  2932.  2590.  2874.
  2790.  2213.  5486.  1511.  2695.  4305.  2765.  3583.  2530.]
83 [ 2572.  3046.  2066.  3938.  4107.  3269.  4735.  2932.  2580.  2872.
  2790.  2213.  5492.  1512.  2696.  4299.  2765.  3585.  2531.]
84 [ 2572.  3046.  2066.  3937.  4110.  3267.  4735.  2933.  2571.  2873.
  2790.  2213.  5494.  1514.  2696.  4302.  2765.  3585.  2531.]
85 [ 2572.  3047.  2066.  3937.  4114.  3267.  4735.  2934.  2567.  2874.
  2789.  2213.  5494.  1513.  2695.  4302.  2765.  3585.  2531.]
86 [ 2573.  3046.  2066.  3937.  4119.  3263.  4734.  2934.  2566.  2874.
  2789.  2212.  5496.  1512.  2695.  4303.  2765.  3585.  2531.]
87 [ 2573.  3045.  2067.  3937.  4125.  3263.  4734.  2934.  2563.  2869.
  2789.  2210.  5497.  1509.  2694.  4310.  2765.  3584.  2532.]
88 [ 2573.  3045.  2068.  3937.  4133.  3265.  4733.  2933.  2555.  2867.
  2789.  2210.  5496.  1511.  2694.  4309.  2765.  3583.  2534.]
89 [ 2573.  3046.  2068.  3937.  4137.  3259.  4733.  2934.  2554.  2867.
  2789.  2209.  5496.  1511.  2694.  4310.  2765.  3584.  2534.]
90 [ 2573.  3046.  2071.  3938.  4140.  3256.  4732.  2935.  2553.  2863.
  2788.  2209.  5496.  1512.  2694.  4310.  2766.  3584.  2534.]
91 [ 2573.  3045.  2072.  3937.  4143.  3256.  4732.  2936.  2553.  2861.
  2788.  2208.  5496.  1512.  2694.  4310.  2766.  3584.  2534.]
92 [ 2573.  3045.  2072.  3938.  4150.  3252.  4732.  2935.  2556.  2858.
  2789.  2207.  5496.  1512.  2693.  4308.  2766.  3584.  2534.]
93 [ 2573.  3045.  2072.  3937.  4154.  3254.  4731.  2935.  2561.  2851.
  2790.  2206.  5496.  1512.  2693.  4303.  2766.  3586.  2535.]
94 [ 2573.  3045.  2072.  3936.  4157.  3254.  4731.  2936.  2553.  2850.
  2790.  2206.  5497.  1514.  2693.  4304.  2766.  3586.  2537.]
95 [ 2573.  3045.  2072.  3937.  4160.  3252.  4730.  2936.  2560.  2845.
  2789.  2205.  5496.  1515.  2693.  4303.  2766.  3586.  2537.]
96 [ 2573.  3045.  2072.  3937.  4162.  3248.  4729.  2936.  2564.  2844.
  2791.  2203.  5496.  1514.  2693.  4304.  2766.  3586.  2537.]
97 [ 2573.  3045.  2071.  3937.  4163.  3250.  4729.  2937.  2563.  2844.
  2792.  2203.  5496.  1514.  2693.  4304.  2766.  3583.  2537.]
98 [ 2573.  3045.  2071.  3937.  4163.  3253.  4728.  2938.  2562.  2844.
  2793.  2202.  5496.  1514.  2693.  4305.  2766.  3580.  2537.]
99 [ 2573.  3045.  2071.  3937.  4166.  3251.  4728.  2938.  2562.  2843.
  2794.  2201.  5496.  1513.  2693.  4305.  2766.  3581.  2537.]
100 [ 2573.  3045.  2071.  3937.  4169.  3251.  4728.  2939.  2559.  2843.
  2794.  2200.  5496.  1513.  2692.  4305.  2766.  3582.  2537.]
101 [ 2573.  3045.  2071.  3937.  4173.  3250.  4727.  2939.  2561.  2840.
  2794.  2200.  5496.  1513.  2692.  4306.  2766.  3581.  2536.]
102 [ 2573.  3045.  2071.  3937.  4178.  3248.  4726.  2939.  2559.  2839.
  2794.  2200.  5496.  1513.  2692.  4306.  2766.  3581.  2537.]
103 [ 2573.  3045.  2071.  3937.  4182.  3246.  4726.  2939.  2558.  2838.
  2794.  2199.  5495.  1513.  2692.  4306.  2766.  3582.  2538.]
104 [ 2573.  3045.  2071.  3937.  4187.  3243.  4726.  2941.  2555.  2837.
  2794.  2199.  5495.  1513.  2692.  4306.  2766.  3582.  2538.]
105 [ 2573.  3045.  2071.  3937.  4191.  3241.  4726.  2941.  2553.  2838.
  2794.  2199.  5495.  1513.  2691.  4306.  2766.  3582.  2538.]
106 [ 2573.  3044.  2071.  3937.  4192.  3240.  4726.  2941.  2555.  2836.
  2794.  2199.  5495.  1513.  2691.  4306.  2766.  3583.  2538.]
107 [ 2573.  3044.  2071.  3937.  4191.  3240.  4726.  2941.  2555.  2835.
  2794.  2199.  5495.  1514.  2691.  4306.  2766.  3584.  2538.]
108 [ 2573.  3044.  2071.  3937.  4191.  3239.  4726.  2941.  2555.  2835.
  2794.  2199.  5495.  1514.  2691.  4306.  2766.  3585.  2538.]
109 [ 2573.  3044.  2071.  3937.  4192.  3239.  4726.  2941.  2554.  2835.
  2794.  2199.  5495.  1514.  2691.  4306.  2766.  3585.  2538.]
110 [ 2573.  3044.  2071.  3937.  4192.  3239.  4726.  2941.  2553.  2835.
  2794.  2199.  5495.  1514.  2691.  4306.  2766.  3586.  2538.]
111 [ 2573.  3044.  2071.  3937.  4193.  3239.  4726.  2941.  2552.  2835.
  2794.  2199.  5495.  1514.  2691.  4306.  2766.  3586.  2538.]
[ 2573.  3044.  2071.  3937.  4193.  3239.  4726.  2941.  2552.  2835.
  2794.  2199.  5495.  1514.  2691.  4306.  2766.  3586.  2538.]
Time spent clustering :  13233.668613
medians_random_cluster19
Digit: 0  Purity: 90.9% SD: 1871.4  Count: 5339
Digit: 1  Purity: 80.0% SD: 1189.9  Count: 8170
Digit: 2  Purity: 87.1% SD: 1940.4  Count: 4865
Digit: 3  Purity: 55.3% SD: 1855.7  Count: 8539
Digit: 4  Purity: 54.4% SD: 1783.7  Count: 6825
Digit: 5  Purity: 32.1% SD: 1770.8  Count: 5820
Digit: 6  Purity: 87.0% SD: 1773.7  Count: 3937
Digit: 7  Purity: 67.9% SD: 1558.3  Count: 7586
Digit: 8  Purity: 72.0% SD: 1803.7  Count: 4726
Digit: 9  Purity: 45.5% SD: 1634.9  Count: 4193
Our accuracy in predicting test data for k = 19 was 67.2867286729 %
Time spent testing :  27.2286560535
