20 medians kplusplus 100
0 [ 5072.  3554.  2865.  3065.  3033.  2130.  2005.  2184.  1055.  2561.
  3392.  2853.  9906.  1637.  2660.  1525.  1907.  3803.  2494.  2299.]
1 [ 4175.  4122.  2985.  3830.  2655.  2374.  1891.  2436.  1405.  2649.
  3416.  2037.  7772.  1810.  2533.  1825.  2261.  4786.  2589.  2449.]
2 [ 3837.  4580.  2158.  4492.  2663.  2498.  1992.  2718.  1703.  2532.
  3417.  1937.  6071.  1943.  2482.  1945.  2433.  5542.  2537.  2520.]
3 [ 3654.  4659.  1626.  4883.  2761.  2556.  2289.  3064.  1893.  2358.
  3471.  1957.  4909.  2036.  2471.  2001.  2576.  5890.  2434.  2512.]
4 [ 3468.  4619.  1393.  5037.  2798.  2524.  2513.  3397.  1948.  2291.
  3616.  2000.  4305.  2116.  2458.  2113.  2619.  5886.  2365.  2534.]
5 [ 3265.  4514.  1291.  5164.  2819.  2459.  2630.  3674.  1958.  2284.
  3741.  2016.  4014.  2172.  2447.  2233.  2601.  5818.  2323.  2577.]
6 [ 3098.  4261.  1264.  5259.  2877.  2416.  2673.  3836.  1955.  2283.
  3839.  2054.  3838.  2217.  2428.  2314.  2597.  5832.  2310.  2649.]
7 [ 2969.  4016.  1231.  5306.  2897.  2429.  2714.  3902.  1949.  2279.
  3892.  2087.  3755.  2260.  2420.  2379.  2583.  5883.  2312.  2737.]
8 [ 2879.  3851.  1210.  5268.  2914.  2440.  2722.  3947.  1939.  2281.
  3951.  2117.  3737.  2292.  2412.  2428.  2581.  5901.  2307.  2823.]
9 [ 2829.  3726.  1192.  5177.  2937.  2480.  2719.  3967.  1932.  2282.
  4044.  2120.  3727.  2314.  2411.  2457.  2571.  5908.  2307.  2900.]
10 [ 2808.  3634.  1179.  5070.  2917.  2524.  2706.  3982.  1913.  2283.
  4150.  2103.  3748.  2350.  2398.  2492.  2572.  5882.  2301.  2988.]
11 [ 2779.  3506.  1165.  4977.  2916.  2544.  2683.  3986.  1899.  2287.
  4260.  2082.  3734.  2372.  2399.  2507.  2571.  5924.  2310.  3099.]
12 [ 2751.  3428.  1145.  4874.  2911.  2568.  2661.  3989.  1887.  2281.
  4308.  2067.  3726.  2395.  2402.  2526.  2578.  5959.  2314.  3230.]
13 [ 2738.  3359.  1141.  4791.  2896.  2612.  2651.  3986.  1877.  2268.
  4341.  2059.  3694.  2405.  2409.  2540.  2583.  5999.  2304.  3347.]
14 [ 2722.  3293.  1137.  4743.  2892.  2651.  2659.  3987.  1870.  2247.
  4374.  2043.  3649.  2422.  2422.  2545.  2582.  6025.  2314.  3423.]
15 [ 2719.  3221.  1141.  4685.  2868.  2712.  2658.  3983.  1872.  2224.
  4420.  2044.  3592.  2438.  2447.  2550.  2578.  6052.  2306.  3490.]
16 [ 2723.  3113.  1149.  4608.  2858.  2810.  2654.  3974.  1871.  2207.
  4500.  2059.  3538.  2457.  2468.  2540.  2580.  6092.  2262.  3537.]
17 [ 2722.  3017.  1164.  4553.  2856.  2898.  2667.  3947.  1871.  2189.
  4520.  2093.  3488.  2474.  2490.  2533.  2578.  6129.  2225.  3586.]
18 [ 2724.  2913.  1179.  4480.  2857.  3005.  2686.  3925.  1872.  2174.
  4525.  2128.  3439.  2491.  2504.  2520.  2578.  6161.  2205.  3634.]
19 [ 2723.  2755.  1219.  4430.  2860.  3114.  2726.  3927.  1872.  2163.
  4514.  2167.  3382.  2513.  2517.  2503.  2576.  6159.  2194.  3686.]
20 [ 2719.  2591.  1258.  4331.  2862.  3316.  2753.  3919.  1876.  2160.
  4486.  2214.  3305.  2531.  2529.  2496.  2578.  6153.  2182.  3741.]
21 [ 2720.  2403.  1303.  4264.  2862.  3515.  2773.  3916.  1879.  2160.
  4434.  2253.  3241.  2542.  2554.  2503.  2586.  6117.  2186.  3789.]
22 [ 2720.  2322.  1345.  4180.  2865.  3667.  2798.  3921.  1873.  2152.
  4373.  2297.  3203.  2548.  2574.  2503.  2598.  6033.  2194.  3834.]
23 [ 2718.  2281.  1383.  4083.  2869.  3888.  2822.  3905.  1871.  2152.
  4303.  2319.  3152.  2559.  2582.  2503.  2608.  5907.  2222.  3873.]
24 [ 2718.  2255.  1389.  4002.  2864.  4132.  2837.  3876.  1865.  2143.
  4265.  2345.  3086.  2564.  2586.  2504.  2612.  5788.  2255.  3914.]
25 [ 2709.  2234.  1393.  3870.  2870.  4424.  2864.  3856.  1868.  2131.
  4223.  2361.  3025.  2566.  2586.  2514.  2605.  5652.  2310.  3939.]
26 [ 2694.  2265.  1397.  3760.  2880.  4708.  2886.  3848.  1869.  2123.
  4153.  2382.  2965.  2568.  2585.  2524.  2598.  5450.  2369.  3976.]
27 [ 2687.  2333.  1377.  3673.  2884.  4902.  2908.  3841.  1866.  2111.
  4146.  2396.  2904.  2571.  2581.  2536.  2585.  5254.  2450.  3995.]
28 [ 2684.  2437.  1345.  3615.  2884.  5013.  2931.  3845.  1862.  2104.
  4165.  2412.  2848.  2571.  2577.  2538.  2573.  5043.  2539.  4014.]
29 [ 2680.  2539.  1317.  3594.  2883.  5015.  2938.  3833.  1856.  2092.
  4167.  2431.  2812.  2576.  2570.  2541.  2564.  4900.  2646.  4046.]
30 [ 2683.  2592.  1305.  3596.  2882.  4987.  2937.  3817.  1850.  2081.
  4167.  2444.  2782.  2578.  2566.  2533.  2563.  4758.  2803.  4076.]
31 [ 2683.  2593.  1269.  3606.  2872.  4962.  2922.  3806.  1853.  2075.
  4167.  2464.  2768.  2580.  2559.  2530.  2561.  4613.  3013.  4104.]
32 [ 2685.  2537.  1253.  3612.  2865.  4900.  2905.  3806.  1851.  2074.
  4173.  2497.  2751.  2583.  2550.  2532.  2561.  4506.  3227.  4132.]
33 [ 2678.  2454.  1240.  3632.  2865.  4816.  2886.  3808.  1852.  2067.
  4173.  2557.  2738.  2584.  2544.  2529.  2558.  4418.  3439.  4162.]
34 [ 2671.  2375.  1219.  3649.  2851.  4752.  2873.  3820.  1854.  2079.
  4167.  2611.  2721.  2582.  2555.  2525.  2561.  4333.  3602.  4200.]
35 [ 2664.  2294.  1209.  3649.  2843.  4670.  2865.  3814.  1868.  2103.
  4218.  2715.  2726.  2582.  2570.  2520.  2574.  4272.  3624.  4220.]
36 [ 2657.  2240.  1200.  3649.  2841.  4609.  2873.  3822.  1876.  2157.
  4252.  2806.  2735.  2587.  2573.  2516.  2587.  4226.  3553.  4241.]
37 [ 2649.  2216.  1197.  3650.  2838.  4559.  2889.  3825.  1887.  2217.
  4273.  2857.  2733.  2594.  2577.  2514.  2585.  4183.  3487.  4270.]
38 [ 2647.  2226.  1189.  3639.  2838.  4504.  2906.  3839.  1886.  2276.
  4299.  2905.  2735.  2598.  2575.  2515.  2589.  4139.  3395.  4300.]
39 [ 2643.  2228.  1180.  3610.  2841.  4481.  2914.  3844.  1887.  2345.
  4351.  2919.  2728.  2597.  2577.  2520.  2587.  4095.  3317.  4336.]
40 [ 2640.  2226.  1178.  3594.  2841.  4453.  2920.  3855.  1887.  2399.
  4387.  2935.  2731.  2595.  2580.  2522.  2591.  4042.  3253.  4371.]
41 [ 2641.  2221.  1183.  3566.  2841.  4432.  2929.  3861.  1888.  2436.
  4414.  2955.  2730.  2597.  2578.  2518.  2593.  4006.  3191.  4420.]
42 [ 2636.  2208.  1180.  3526.  2845.  4413.  2938.  3876.  1888.  2473.
  4461.  2950.  2721.  2599.  2575.  2513.  2597.  3976.  3160.  4465.]
43 [ 2630.  2208.  1178.  3490.  2851.  4353.  2949.  3888.  1887.  2507.
  4551.  2953.  2716.  2598.  2574.  2505.  2602.  3945.  3109.  4506.]
44 [ 2626.  2210.  1175.  3451.  2856.  4301.  2955.  3909.  1885.  2528.
  4636.  2965.  2713.  2601.  2579.  2503.  2602.  3891.  3060.  4554.]
45 [ 2622.  2211.  1175.  3418.  2861.  4248.  2954.  3933.  1881.  2550.
  4706.  2957.  2702.  2606.  2579.  2503.  2598.  3842.  3043.  4611.]
46 [ 2612.  2192.  1187.  3390.  2868.  4188.  2970.  3949.  1878.  2564.
  4774.  2966.  2696.  2609.  2582.  2503.  2596.  3800.  3002.  4674.]
47 [ 2603.  2169.  1193.  3350.  2876.  4119.  2969.  3965.  1875.  2593.
  4902.  2966.  2677.  2612.  2580.  2498.  2593.  3749.  2982.  4729.]
48 [ 2605.  2138.  1206.  3313.  2874.  4066.  2967.  3976.  1873.  2619.
  5006.  2959.  2653.  2617.  2575.  2498.  2595.  3705.  2980.  4775.]
49 [ 2600.  2122.  1224.  3275.  2874.  3998.  2965.  4003.  1872.  2628.
  5044.  2980.  2633.  2618.  2573.  2509.  2596.  3678.  2975.  4833.]
50 [ 2595.  2132.  1239.  3231.  2874.  3911.  2961.  4030.  1879.  2635.
  5071.  2985.  2612.  2618.  2577.  2519.  2591.  3656.  2981.  4903.]
51 [ 2585.  2136.  1266.  3196.  2878.  3838.  2972.  4061.  1879.  2639.
  5077.  2994.  2587.  2616.  2576.  2531.  2593.  3629.  2985.  4962.]
52 [ 2588.  2169.  1288.  3168.  2876.  3759.  2988.  4096.  1873.  2644.
  5024.  2994.  2575.  2615.  2578.  2528.  2592.  3613.  3002.  5030.]
53 [ 2591.  2225.  1324.  3128.  2879.  3678.  2991.  4141.  1866.  2651.
  4907.  3002.  2564.  2618.  2577.  2527.  2590.  3605.  3025.  5111.]
54 [ 2590.  2283.  1348.  3097.  2876.  3604.  2998.  4183.  1864.  2660.
  4790.  2996.  2546.  2619.  2576.  2539.  2591.  3603.  3064.  5173.]
55 [ 2589.  2320.  1375.  3067.  2874.  3542.  2998.  4240.  1861.  2663.
  4664.  2996.  2526.  2621.  2575.  2549.  2594.  3601.  3103.  5242.]
56 [ 2597.  2378.  1393.  3040.  2871.  3490.  2990.  4302.  1857.  2665.
  4542.  2995.  2496.  2624.  2574.  2544.  2595.  3602.  3146.  5299.]
57 [ 2608.  2439.  1409.  3019.  2877.  3446.  2981.  4347.  1850.  2668.
  4393.  2998.  2478.  2627.  2576.  2553.  2605.  3587.  3189.  5350.]
58 [ 2617.  2488.  1408.  2999.  2879.  3419.  2960.  4402.  1849.  2666.
  4313.  2996.  2452.  2626.  2577.  2560.  2610.  3570.  3205.  5404.]
59 [ 2618.  2542.  1417.  2966.  2880.  3384.  2938.  4456.  1850.  2662.
  4250.  2987.  2446.  2627.  2579.  2559.  2621.  3544.  3225.  5449.]
60 [ 2621.  2582.  1417.  2933.  2877.  3364.  2922.  4491.  1849.  2665.
  4192.  2983.  2440.  2630.  2576.  2555.  2628.  3534.  3263.  5478.]
61 [ 2625.  2626.  1415.  2903.  2874.  3340.  2908.  4523.  1845.  2664.
  4172.  2967.  2421.  2633.  2576.  2549.  2637.  3523.  3302.  5497.]
62 [ 2635.  2651.  1405.  2875.  2871.  3325.  2912.  4546.  1848.  2666.
  4150.  2959.  2414.  2638.  2576.  2547.  2649.  3516.  3311.  5506.]
63 [ 2647.  2675.  1391.  2842.  2866.  3315.  2920.  4568.  1853.  2662.
  4143.  2955.  2394.  2642.  2579.  2540.  2653.  3503.  3339.  5513.]
64 [ 2659.  2677.  1371.  2810.  2867.  3313.  2921.  4580.  1864.  2660.
  4138.  2945.  2378.  2647.  2577.  2534.  2656.  3487.  3401.  5515.]
65 [ 2669.  2676.  1353.  2797.  2868.  3307.  2929.  4596.  1873.  2659.
  4120.  2944.  2357.  2648.  2576.  2527.  2662.  3481.  3445.  5513.]
66 [ 2677.  2676.  1333.  2789.  2872.  3299.  2934.  4618.  1882.  2658.
  4101.  2932.  2335.  2649.  2582.  2519.  2673.  3472.  3482.  5517.]
67 [ 2685.  2659.  1320.  2783.  2875.  3296.  2936.  4625.  1892.  2654.
  4111.  2937.  2322.  2650.  2583.  2515.  2676.  3457.  3492.  5532.]
68 [ 2689.  2636.  1277.  2770.  2884.  3291.  2948.  4633.  1908.  2654.
  4113.  2940.  2309.  2651.  2584.  2511.  2680.  3445.  3540.  5537.]
69 [ 2695.  2614.  1239.  2768.  2890.  3286.  2959.  4646.  1918.  2655.
  4114.  2945.  2285.  2654.  2586.  2504.  2684.  3434.  3591.  5533.]
70 [ 2696.  2592.  1208.  2767.  2895.  3280.  2963.  4657.  1926.  2657.
  4129.  2955.  2269.  2654.  2591.  2505.  2690.  3420.  3611.  5535.]
71 [ 2693.  2575.  1180.  2768.  2907.  3278.  2966.  4663.  1935.  2659.
  4130.  2967.  2256.  2655.  2592.  2501.  2692.  3407.  3649.  5527.]
72 [ 2694.  2544.  1152.  2770.  2917.  3290.  2970.  4683.  1944.  2659.
  4122.  2994.  2238.  2656.  2592.  2502.  2695.  3392.  3667.  5519.]
73 [ 2692.  2514.  1105.  2774.  2921.  3296.  2976.  4692.  1951.  2664.
  4129.  3020.  2231.  2655.  2594.  2507.  2694.  3376.  3700.  5509.]
74 [ 2695.  2512.  1042.  2785.  2928.  3300.  2991.  4696.  1958.  2668.
  4145.  3048.  2219.  2655.  2593.  2508.  2700.  3355.  3693.  5509.]
75 [ 2697.  2514.   982.  2792.  2940.  3298.  3006.  4704.  1961.  2671.
  4155.  3074.  2223.  2653.  2592.  2505.  2706.  3337.  3685.  5505.]
76 [ 2699.  2514.   937.  2803.  2947.  3306.  3031.  4717.  1962.  2678.
  4163.  3109.  2216.  2654.  2594.  2510.  2708.  3322.  3637.  5493.]
77 [ 2697.  2508.   894.  2815.  2960.  3314.  3047.  4726.  1966.  2684.
  4172.  3146.  2211.  2656.  2594.  2511.  2713.  3313.  3592.  5481.]
78 [ 2699.  2516.   854.  2820.  2966.  3311.  3059.  4729.  1966.  2695.
  4186.  3184.  2200.  2656.  2597.  2526.  2717.  3311.  3529.  5479.]
79 [ 2702.  2524.   827.  2823.  2974.  3309.  3067.  4743.  1967.  2701.
  4198.  3227.  2194.  2656.  2596.  2532.  2717.  3311.  3454.  5478.]
80 [ 2708.  2522.   812.  2830.  2987.  3316.  3078.  4754.  1967.  2709.
  4204.  3262.  2193.  2656.  2598.  2538.  2717.  3303.  3369.  5477.]
81 [ 2712.  2526.   798.  2834.  2994.  3317.  3082.  4763.  1971.  2710.
  4218.  3313.  2193.  2654.  2601.  2545.  2718.  3300.  3273.  5478.]
82 [ 2716.  2545.   808.  2836.  3000.  3330.  3099.  4773.  1975.  2717.
  4230.  3348.  2191.  2655.  2600.  2554.  2723.  3296.  3133.  5471.]
83 [ 2719.  2557.   819.  2835.  3007.  3339.  3099.  4776.  1979.  2726.
  4238.  3380.  2191.  2657.  2596.  2560.  2723.  3296.  3030.  5473.]
84 [ 2718.  2570.   823.  2836.  3018.  3352.  3105.  4786.  1982.  2727.
  4240.  3414.  2191.  2661.  2595.  2566.  2722.  3297.  2929.  5468.]
85 [ 2717.  2579.   827.  2842.  3018.  3360.  3107.  4795.  1982.  2735.
  4249.  3429.  2194.  2661.  2598.  2571.  2724.  3296.  2852.  5464.]
86 [ 2721.  2583.   838.  2845.  3019.  3362.  3112.  4805.  1983.  2748.
  4256.  3437.  2194.  2663.  2596.  2576.  2725.  3295.  2782.  5460.]
87 [ 2721.  2585.   851.  2847.  3018.  3366.  3113.  4812.  1983.  2750.
  4258.  3461.  2195.  2665.  2593.  2579.  2725.  3295.  2725.  5458.]
88 [ 2721.  2584.   865.  2848.  3019.  3367.  3116.  4817.  1985.  2753.
  4264.  3480.  2195.  2666.  2592.  2582.  2723.  3294.  2670.  5459.]
89 [ 2722.  2583.   872.  2849.  3022.  3363.  3115.  4818.  1986.  2763.
  4261.  3493.  2193.  2667.  2593.  2582.  2723.  3301.  2635.  5459.]
90 [ 2724.  2585.   885.  2850.  3022.  3363.  3115.  4816.  1990.  2768.
  4266.  3494.  2191.  2668.  2592.  2584.  2725.  3304.  2599.  5459.]
91 [ 2726.  2584.   898.  2852.  3023.  3365.  3113.  4816.  1991.  2773.
  4267.  3499.  2191.  2669.  2591.  2585.  2726.  3307.  2562.  5462.]
92 [ 2727.  2584.   910.  2850.  3021.  3368.  3110.  4819.  1993.  2779.
  4267.  3509.  2193.  2669.  2590.  2588.  2724.  3309.  2530.  5460.]
93 [ 2727.  2584.   921.  2850.  3020.  3366.  3107.  4820.  1991.  2785.
  4276.  3519.  2192.  2670.  2590.  2588.  2724.  3307.  2504.  5459.]
94 [ 2726.  2584.   928.  2849.  3020.  3367.  3104.  4818.  1990.  2788.
  4278.  3523.  2190.  2670.  2589.  2588.  2725.  3307.  2499.  5457.]
95 [ 2725.  2584.   936.  2848.  3020.  3368.  3103.  4815.  1992.  2788.
  4281.  3527.  2190.  2670.  2588.  2588.  2723.  3307.  2489.  5458.]
96 [ 2725.  2584.   939.  2848.  3019.  3366.  3101.  4815.  1994.  2786.
  4280.  3532.  2190.  2672.  2587.  2586.  2723.  3306.  2488.  5459.]
97 [ 2724.  2585.   947.  2848.  3019.  3365.  3101.  4815.  1994.  2787.
  4281.  3534.  2189.  2672.  2586.  2586.  2722.  3306.  2479.  5460.]
98 [ 2724.  2585.   946.  2847.  3019.  3365.  3101.  4815.  1993.  2791.
  4281.  3530.  2189.  2672.  2586.  2586.  2723.  3305.  2482.  5460.]
99 [ 2724.  2585.   946.  2846.  3019.  3365.  3101.  4815.  1994.  2792.
  4280.  3528.  2189.  2672.  2586.  2586.  2723.  3305.  2484.  5460.]
100 [ 2724.  2585.   946.  2845.  3019.  3366.  3101.  4815.  1993.  2793.
  4281.  3528.  2189.  2672.  2586.  2586.  2723.  3305.  2483.  5460.]
101 [ 2724.  2586.   945.  2845.  3019.  3366.  3100.  4815.  1992.  2794.
  4282.  3530.  2189.  2672.  2586.  2586.  2722.  3305.  2483.  5459.]
102 [ 2724.  2585.   945.  2844.  3019.  3366.  3099.  4815.  1992.  2796.
  4282.  3530.  2190.  2672.  2586.  2586.  2722.  3305.  2484.  5458.]
103 [ 2724.  2583.   945.  2843.  3018.  3366.  3098.  4815.  1992.  2796.
  4282.  3534.  2192.  2672.  2585.  2586.  2722.  3305.  2484.  5458.]
104 [ 2724.  2583.   945.  2842.  3018.  3366.  3098.  4815.  1992.  2796.
  4282.  3535.  2193.  2672.  2584.  2586.  2722.  3305.  2484.  5458.]
105 [ 2724.  2583.   945.  2842.  3018.  3366.  3098.  4815.  1992.  2796.
  4282.  3536.  2193.  2672.  2584.  2586.  2722.  3305.  2483.  5458.]
106 [ 2724.  2583.   945.  2842.  3018.  3366.  3098.  4815.  1992.  2796.
  4282.  3537.  2193.  2672.  2583.  2586.  2722.  3305.  2483.  5458.]
107 [ 2724.  2583.   945.  2842.  3018.  3366.  3098.  4815.  1992.  2797.
  4282.  3535.  2193.  2672.  2583.  2586.  2722.  3305.  2483.  5459.]
108 [ 2724.  2583.   944.  2842.  3018.  3366.  3098.  4815.  1992.  2797.
  4282.  3535.  2193.  2672.  2583.  2586.  2722.  3305.  2482.  5461.]
[ 2724.  2583.   944.  2842.  3018.  3366.  3098.  4815.  1992.  2797.
  4282.  3535.  2193.  2672.  2583.  2586.  2722.  3305.  2482.  5461.]
Time spent clustering :  8151.65612698
medians_kplusplus_cluster20
Digit: 0  Purity: 91.8% SD: 1866.6  Count: 5255
Digit: 1  Purity: 78.5% SD: 1207.4  Count: 8328
Digit: 2  Purity: 77.6% SD: 1912.6  Count: 5658
Digit: 3  Purity: 55.3% SD: 1855.5  Count: 8559
Digit: 4  Purity: 56.6% SD: 1759.2  Count: 6671
Digit: 5  Purity: 45.0% SD: 1781.2  Count: 2482
Digit: 6  Purity: 80.1% SD: 1744.1  Count: 6332
Digit: 7  Purity: 67.3% SD: 1563.9  Count: 7618
Digit: 8  Purity: 70.4% SD: 1803.5  Count: 4815
Digit: 9  Purity: 44.3% SD: 1629.8  Count: 4282
Our accuracy in predicting test data for k = 20 was 68.3268326833 %
Time spent testing :  17.7984509468
