30 medians random 100
0 [ 3409.  4067.  3694.  1020.   568.  1395.  2865.  1528.  1554.  3796.
  1830.   320.  2080.   976.  1514.  1975.   614.  3369.   255.  2904.
   611.   529.  2007.   519.  2671.  3278.  2406.  2990.  3626.  1630.]
1 [ 3822.  2534.  2023.  1354.   675.  1741.  2747.  2656.  1972.  3587.
  2120.   887.  1630.   800.  1621.  2222.   873.  2935.   795.  2618.
  1097.   634.  1977.   819.  2221.  2959.  2467.  2880.  3124.  2210.]
2 [ 3901.  1948.  1553.  1556.   952.  1816.  2700.  2979.  2348.  3344.
  2198.  1413.  1401.   809.  1561.  2204.  1060.  2735.  1152.  2583.
  1519.   654.  2106.  1031.  1901.  2526.  2433.  2272.  2953.  2392.]
3 [ 3831.  1755.  1404.  1687.  1084.  1807.  2652.  2927.  2474.  3124.
  2205.  1724.  1318.   845.  1563.  2155.  1166.  2488.  1473.  2597.
  1815.   775.  2296.  1151.  1696.  2314.  2379.  1982.  2844.  2469.]
4 [ 3803.  1673.  1378.  1760.  1093.  1779.  2616.  2744.  2509.  3068.
  2197.  1911.  1329.   854.  1589.  2121.  1235.  2299.  1665.  2595.
  1921.   908.  2386.  1234.  1571.  2252.  2324.  1964.  2771.  2451.]
5 [ 3725.  1631.  1360.  1840.  1068.  1736.  2596.  2563.  2502.  3104.
  2169.  2033.  1356.   884.  1609.  2124.  1292.  2170.  1690.  2611.
  1977.  1019.  2412.  1288.  1478.  2252.  2336.  2083.  2685.  2407.]
6 [ 3624.  1585.  1351.  1868.  1061.  1718.  2575.  2411.  2468.  3118.
  2163.  2149.  1399.   926.  1658.  2129.  1325.  2142.  1691.  2635.
  2050.  1078.  2403.  1317.  1420.  2254.  2380.  2134.  2597.  2371.]
7 [ 3528.  1589.  1359.  1906.  1060.  1680.  2562.  2324.  2421.  3111.
  2182.  2242.  1437.   974.  1672.  2157.  1343.  2139.  1671.  2630.
  2157.  1133.  2462.  1338.  1395.  2244.  2430.  1948.  2570.  2336.]
8 [ 3439.  1623.  1388.  1940.  1087.  1625.  2561.  2285.  2372.  3093.
  2187.  2294.  1460.  1032.  1698.  2165.  1382.  2137.  1659.  2639.
  2229.  1184.  2554.  1334.  1406.  2265.  2528.  1576.  2554.  2304.]
9 [ 3349.  1667.  1373.  1972.  1099.  1578.  2566.  2225.  2329.  3080.
  2196.  2314.  1488.  1079.  1721.  2182.  1406.  2176.  1632.  2647.
  2234.  1214.  2620.  1346.  1412.  2291.  2627.  1355.  2540.  2282.]
10 [ 3276.  1729.  1307.  1995.  1111.  1546.  2543.  2140.  2319.  3056.
  2204.  2355.  1509.  1144.  1734.  2190.  1410.  2211.  1602.  2642.
  2214.  1258.  2682.  1340.  1409.  2300.  2751.  1266.  2507.  2250.]
11 [ 3219.  1808.  1251.  2022.  1124.  1525.  2512.  2053.  2304.  3042.
  2209.  2394.  1545.  1186.  1757.  2200.  1410.  2203.  1589.  2646.
  2187.  1268.  2739.  1351.  1414.  2304.  2830.  1213.  2473.  2222.]
12 [ 3179.  1885.  1215.  2032.  1137.  1497.  2489.  1979.  2277.  3037.
  2223.  2426.  1567.  1245.  1778.  2190.  1426.  2215.  1573.  2635.
  2187.  1273.  2780.  1350.  1426.  2300.  2901.  1151.  2456.  2171.]
13 [ 3165.  1967.  1174.  2053.  1147.  1479.  2466.  1899.  2259.  3039.
  2235.  2468.  1568.  1307.  1785.  2192.  1431.  2210.  1559.  2623.
  2186.  1281.  2859.  1360.  1439.  2294.  2918.  1082.  2444.  2111.]
14 [ 3158.  2066.  1152.  2078.  1151.  1455.  2449.  1844.  2236.  3041.
  2243.  2508.  1581.  1357.  1795.  2186.  1439.  2189.  1551.  2613.
  2189.  1289.  2892.  1368.  1453.  2277.  2916.  1035.  2427.  2062.]
15 [ 3161.  2131.  1154.  2090.  1171.  1438.  2427.  1805.  2222.  3024.
  2257.  2564.  1607.  1401.  1805.  2177.  1442.  2173.  1540.  2566.
  2202.  1305.  2918.  1388.  1457.  2241.  2912.   986.  2425.  2011.]
16 [ 3161.  2153.  1142.  2105.  1184.  1416.  2409.  1785.  2223.  3012.
  2259.  2608.  1630.  1450.  1815.  2168.  1450.  2171.  1533.  2515.
  2222.  1312.  2995.  1401.  1475.  2180.  2913.   922.  2416.  1975.]
17 [ 3164.  2135.  1177.  2115.  1186.  1383.  2396.  1802.  2216.  3013.
  2257.  2674.  1651.  1491.  1838.  2163.  1451.  2176.  1528.  2439.
  2242.  1319.  3054.  1424.  1489.  2104.  2913.   844.  2403.  1953.]
18 [ 3155.  2110.  1234.  2124.  1194.  1358.  2389.  1818.  2203.  3028.
  2271.  2753.  1665.  1524.  1862.  2162.  1462.  2174.  1523.  2363.
  2246.  1323.  3093.  1439.  1510.  1998.  2927.   774.  2378.  1940.]
19 [ 3156.  2087.  1392.  2125.  1203.  1332.  2378.  1836.  2207.  3041.
  2278.  2817.  1678.  1546.  1893.  2160.  1468.  2188.  1513.  2273.
  2258.  1327.  3075.  1460.  1531.  1898.  2922.   683.  2347.  1928.]
20 [ 3152.  2070.  1567.  2123.  1221.  1321.  2373.  1858.  2201.  3058.
  2280.  2875.  1715.  1553.  1921.  2158.  1475.  2192.  1506.  2203.
  2277.  1337.  2983.  1486.  1553.  1796.  2918.   620.  2289.  1919.]
21 [ 3150.  2062.  1774.  2124.  1232.  1315.  2370.  1889.  2204.  3071.
  2280.  2928.  1745.  1550.  1948.  2155.  1483.  2190.  1497.  2148.
  2302.  1347.  2823.  1504.  1587.  1707.  2915.   577.  2212.  1911.]
22 [ 3140.  2065.  1946.  2120.  1237.  1293.  2368.  1918.  2217.  3107.
  2273.  2975.  1737.  1556.  1964.  2162.  1485.  2170.  1489.  2135.
  2315.  1352.  2700.  1517.  1621.  1653.  2917.   530.  2129.  1909.]
23 [ 3132.  2071.  2050.  2123.  1236.  1286.  2361.  1946.  2232.  3133.
  2273.  3000.  1745.  1556.  1980.  2167.  1483.  2146.  1482.  2154.
  2330.  1355.  2569.  1528.  1654.  1642.  2919.   504.  2040.  1903.]
24 [ 3133.  2076.  2115.  2125.  1241.  1272.  2355.  1969.  2248.  3136.
  2273.  3023.  1760.  1563.  1979.  2170.  1489.  2103.  1477.  2170.
  2356.  1360.  2446.  1532.  1695.  1655.  2924.   482.  1970.  1903.]
25 [ 3125.  2098.  2145.  2131.  1244.  1256.  2355.  2001.  2276.  3134.
  2279.  3033.  1771.  1571.  1977.  2172.  1492.  2066.  1474.  2164.
  2379.  1364.  2310.  1537.  1731.  1682.  2930.   489.  1920.  1894.]
26 [ 3117.  2114.  2147.  2136.  1244.  1244.  2352.  2026.  2296.  3118.
  2277.  3041.  1781.  1574.  1965.  2171.  1493.  2049.  1472.  2181.
  2401.  1363.  2159.  1545.  1761.  1709.  2942.   553.  1879.  1890.]
27 [ 3113.  2119.  2136.  2145.  1247.  1231.  2348.  2038.  2316.  3085.
  2282.  3036.  1780.  1571.  1955.  2171.  1497.  2033.  1469.  2162.
  2440.  1366.  2067.  1549.  1786.  1750.  2952.   614.  1856.  1886.]
28 [ 3114.  2122.  2122.  2154.  1246.  1224.  2341.  2044.  2324.  3051.
  2290.  3035.  1781.  1575.  1949.  2174.  1496.  2023.  1471.  2146.
  2466.  1370.  2012.  1549.  1796.  1792.  2961.   651.  1838.  1883.]
29 [ 3112.  2126.  2096.  2167.  1244.  1216.  2329.  2042.  2333.  3037.
  2297.  3042.  1780.  1578.  1944.  2174.  1502.  2016.  1471.  2143.
  2484.  1371.  1992.  1550.  1799.  1836.  2975.   657.  1811.  1876.]
30 [ 3116.  2126.  2078.  2170.  1240.  1206.  2323.  2046.  2345.  3023.
  2304.  3044.  1780.  1580.  1938.  2170.  1500.  2004.  1473.  2120.
  2512.  1374.  1971.  1558.  1807.  1873.  2988.   653.  1806.  1872.]
31 [ 3118.  2131.  2071.  2168.  1241.  1201.  2318.  2042.  2358.  3009.
  2310.  3048.  1781.  1582.  1936.  2170.  1500.  2006.  1473.  2101.
  2531.  1378.  1937.  1563.  1808.  1895.  3018.   632.  1803.  1871.]
32 [ 3120.  2132.  2075.  2168.  1240.  1196.  2319.  2041.  2371.  2991.
  2316.  3044.  1783.  1590.  1933.  2168.  1496.  2011.  1471.  2089.
  2554.  1382.  1926.  1565.  1808.  1913.  3036.   592.  1795.  1875.]
33 [ 3122.  2136.  2077.  2174.  1237.  1194.  2317.  2035.  2373.  2979.
  2328.  3047.  1782.  1594.  1935.  2170.  1493.  2018.  1471.  2088.
  2573.  1388.  1887.  1567.  1809.  1926.  3047.   569.  1787.  1877.]
34 [ 3133.  2137.  2076.  2178.  1236.  1190.  2315.  2030.  2381.  2973.
  2331.  3049.  1785.  1597.  1936.  2170.  1489.  2015.  1473.  2085.
  2585.  1396.  1838.  1567.  1808.  1940.  3063.   566.  1780.  1878.]
35 [ 3139.  2134.  2081.  2187.  1238.  1184.  2313.  2027.  2388.  2967.
  2334.  3049.  1789.  1599.  1931.  2171.  1489.  2010.  1473.  2079.
  2596.  1396.  1799.  1567.  1811.  1948.  3071.   571.  1779.  1880.]
36 [ 3142.  2131.  2087.  2194.  1241.  1177.  2317.  2019.  2390.  2960.
  2333.  3045.  1784.  1604.  1930.  2175.  1491.  2003.  1475.  2076.
  2608.  1394.  1779.  1567.  1820.  1957.  3082.   573.  1766.  1880.]
37 [ 3154.  2128.  2084.  2209.  1244.  1177.  2323.  2011.  2384.  2961.
  2344.  3038.  1779.  1606.  1931.  2173.  1490.  1999.  1473.  2069.
  2621.  1396.  1767.  1567.  1827.  1966.  3067.   574.  1760.  1878.]
38 [ 3178.  2124.  2096.  2223.  1243.  1177.  2320.  2007.  2384.  2961.
  2347.  3037.  1773.  1605.  1929.  2176.  1489.  1996.  1472.  2058.
  2623.  1396.  1759.  1568.  1836.  1971.  3043.   578.  1754.  1877.]
39 [ 3186.  2124.  2101.  2239.  1242.  1176.  2324.  2001.  2388.  2962.
  2359.  3030.  1770.  1604.  1928.  2175.  1490.  1995.  1472.  2052.
  2626.  1397.  1743.  1570.  1844.  1976.  3024.   578.  1748.  1876.]
40 [ 3200.  2121.  2101.  2251.  1242.  1177.  2328.  2000.  2383.  2966.
  2363.  3027.  1767.  1604.  1927.  2172.  1493.  1993.  1471.  2050.
  2624.  1398.  1740.  1569.  1848.  1982.  3012.   576.  1741.  1874.]
41 [ 3219.  2116.  2097.  2252.  1243.  1178.  2333.  1991.  2373.  2972.
  2374.  3031.  1765.  1604.  1926.  2170.  1497.  1993.  1468.  2048.
  2624.  1401.  1727.  1569.  1849.  1990.  3005.   571.  1740.  1874.]
42 [ 3237.  2114.  2099.  2258.  1242.  1179.  2335.  1986.  2370.  2974.
  2384.  3030.  1765.  1603.  1926.  2171.  1498.  1994.  1468.  2050.
  2625.  1401.  1714.  1570.  1849.  1987.  2994.   567.  1737.  1873.]
43 [ 3247.  2117.  2099.  2275.  1243.  1181.  2336.  1984.  2360.  2978.
  2399.  3031.  1764.  1603.  1927.  2170.  1499.  1991.  1468.  2052.
  2624.  1401.  1700.  1570.  1851.  1982.  2974.   567.  1735.  1872.]
44 [ 3270.  2114.  2099.  2279.  1243.  1179.  2338.  1981.  2358.  2978.
  2412.  3030.  1759.  1602.  1928.  2170.  1501.  1993.  1467.  2052.
  2623.  1402.  1679.  1570.  1851.  1983.  2972.   560.  1734.  1873.]
45 [ 3302.  2113.  2099.  2285.  1244.  1179.  2343.  1975.  2352.  2982.
  2421.  3029.  1757.  1602.  1926.  2170.  1499.  1994.  1466.  2057.
  2622.  1403.  1664.  1571.  1851.  1982.  2958.   555.  1726.  1873.]
46 [ 3331.  2113.  2097.  2282.  1243.  1177.  2352.  1971.  2363.  2984.
  2425.  3028.  1754.  1602.  1925.  2169.  1498.  2000.  1466.  2058.
  2617.  1403.  1641.  1571.  1851.  1979.  2953.   554.  1721.  1872.]
47 [ 3352.  2114.  2096.  2293.  1244.  1171.  2356.  1963.  2367.  2982.
  2433.  3029.  1755.  1604.  1923.  2169.  1502.  2000.  1466.  2059.
  2610.  1404.  1614.  1571.  1851.  1978.  2951.   553.  1719.  1871.]
48 [ 3374.  2116.  2095.  2303.  1238.  1167.  2362.  1953.  2357.  2986.
  2443.  3031.  1757.  1606.  1921.  2169.  1499.  1997.  1469.  2056.
  2606.  1405.  1592.  1571.  1852.  1978.  2959.   552.  1717.  1869.]
49 [ 3395.  2115.  2090.  2317.  1235.  1166.  2362.  1950.  2361.  2986.
  2444.  3027.  1760.  1606.  1917.  2171.  1498.  1998.  1469.  2052.
  2606.  1403.  1584.  1569.  1846.  1982.  2968.   543.  1715.  1865.]
50 [ 3417.  2111.  2088.  2338.  1235.  1165.  2363.  1939.  2379.  2978.
  2449.  3024.  1759.  1604.  1910.  2170.  1499.  1998.  1469.  2049.
  2611.  1401.  1561.  1569.  1850.  1980.  2976.   535.  1711.  1862.]
51 [ 3436.  2108.  2085.  2366.  1230.  1163.  2366.  1938.  2372.  2974.
  2456.  3023.  1760.  1605.  1905.  2170.  1498.  1998.  1473.  2049.
  2613.  1397.  1545.  1567.  1851.  1976.  2980.   532.  1703.  1861.]
52 [ 3459.  2115.  2083.  2403.  1232.  1164.  2372.  1938.  2377.  2966.
  2460.  3016.  1758.  1603.  1904.  2170.  1493.  1997.  1470.  2051.
  2613.  1400.  1519.  1570.  1851.  1974.  2966.   528.  1695.  1853.]
53 [ 3482.  2117.  2081.  2432.  1225.  1162.  2380.  1925.  2363.  2967.
  2461.  3014.  1760.  1611.  1905.  2172.  1492.  1993.  1470.  2048.
  2611.  1400.  1500.  1569.  1847.  1976.  2970.   527.  1691.  1849.]
54 [ 3495.  2109.  2081.  2468.  1215.  1163.  2387.  1916.  2371.  2969.
  2463.  3010.  1762.  1613.  1906.  2174.  1488.  1984.  1469.  2044.
  2609.  1399.  1483.  1568.  1850.  1976.  2981.   518.  1682.  1847.]
55 [ 3521.  2108.  2079.  2490.  1213.  1166.  2402.  1903.  2367.  2965.
  2463.  3008.  1764.  1612.  1908.  2173.  1485.  1978.  1466.  2046.
  2609.  1400.  1456.  1570.  1846.  1974.  2989.   516.  1677.  1846.]
56 [ 3546.  2103.  2080.  2534.  1204.  1154.  2415.  1896.  2356.  2963.
  2465.  3005.  1762.  1615.  1900.  2175.  1483.  1964.  1463.  2046.
  2611.  1398.  1462.  1570.  1847.  1969.  2985.   510.  1673.  1846.]
57 [ 3564.  2098.  2079.  2572.  1200.  1150.  2433.  1894.  2323.  2962.
  2465.  3004.  1764.  1614.  1898.  2173.  1482.  1952.  1464.  2046.
  2610.  1397.  1455.  1574.  1846.  1967.  2993.   506.  1667.  1848.]
58 [ 3566.  2092.  2080.  2629.  1194.  1145.  2441.  1893.  2309.  2952.
  2464.  2999.  1763.  1611.  1893.  2175.  1479.  1945.  1471.  2037.
  2612.  1393.  1456.  1580.  1846.  1968.  3009.   497.  1656.  1845.]
59 [ 3576.  2090.  2076.  2672.  1191.  1131.  2465.  1894.  2293.  2945.
  2466.  2998.  1766.  1616.  1888.  2173.  1479.  1937.  1470.  2035.
  2615.  1394.  1461.  1583.  1845.  1965.  3009.   479.  1646.  1842.]
60 [ 3587.  2091.  2075.  2736.  1196.  1133.  2492.  1892.  2264.  2927.
  2461.  2994.  1768.  1615.  1885.  2173.  1479.  1932.  1467.  2033.
  2614.  1395.  1462.  1584.  1846.  1964.  2980.   470.  1643.  1842.]
61 [ 3587.  2092.  2075.  2799.  1190.  1137.  2515.  1889.  2240.  2928.
  2455.  2987.  1774.  1613.  1884.  2178.  1481.  1927.  1468.  2032.
  2616.  1394.  1459.  1583.  1843.  1955.  2955.   462.  1638.  1844.]
62 [ 3588.  2094.  2078.  2888.  1172.  1142.  2528.  1893.  2214.  2918.
  2454.  2983.  1779.  1612.  1880.  2180.  1479.  1923.  1472.  2031.
  2616.  1394.  1461.  1582.  1839.  1954.  2911.   453.  1641.  1841.]
63 [ 3579.  2103.  2079.  2961.  1162.  1144.  2545.  1881.  2192.  2914.
  2447.  2985.  1784.  1612.  1881.  2183.  1472.  1915.  1474.  2031.
  2613.  1393.  1439.  1582.  1835.  1955.  2910.   443.  1642.  1844.]
64 [ 3579.  2104.  2079.  3031.  1151.  1129.  2566.  1874.  2174.  2920.
  2446.  2981.  1786.  1613.  1881.  2189.  1466.  1909.  1478.  2029.
  2609.  1393.  1419.  1582.  1835.  1955.  2900.   433.  1642.  1847.]
65 [ 3580.  2105.  2082.  3104.  1146.  1124.  2599.  1869.  2165.  2917.
  2446.  2978.  1785.  1611.  1880.  2196.  1468.  1899.  1475.  2026.
  2601.  1395.  1402.  1586.  1835.  1957.  2855.   423.  1640.  1851.]
66 [ 3566.  2111.  2083.  3151.  1144.  1130.  2649.  1860.  2166.  2907.
  2452.  2971.  1788.  1605.  1883.  2199.  1466.  1896.  1477.  2025.
  2600.  1396.  1396.  1589.  1833.  1960.  2783.   418.  1643.  1853.]
67 [ 3552.  2115.  2084.  3219.  1143.  1131.  2702.  1852.  2161.  2889.
  2460.  2968.  1785.  1605.  1888.  2198.  1465.  1893.  1482.  2027.
  2597.  1393.  1384.  1592.  1833.  1967.  2703.   415.  1645.  1852.]
68 [ 3543.  2119.  2087.  3275.  1135.  1129.  2758.  1842.  2153.  2867.
  2470.  2963.  1784.  1606.  1885.  2202.  1463.  1891.  1483.  2024.
  2598.  1394.  1379.  1594.  1834.  1963.  2656.   411.  1642.  1850.]
69 [ 3538.  2112.  2093.  3302.  1125.  1130.  2807.  1841.  2148.  2858.
  2484.  2966.  1785.  1601.  1881.  2203.  1456.  1890.  1486.  2021.
  2588.  1393.  1372.  1597.  1837.  1961.  2650.   389.  1638.  1848.]
70 [ 3553.  2111.  2093.  3326.  1119.  1135.  2854.  1841.  2144.  2852.
  2513.  2962.  1784.  1602.  1880.  2198.  1450.  1890.  1483.  2019.
  2584.  1390.  1385.  1595.  1835.  1960.  2588.   371.  1637.  1846.]
71 [ 3572.  2114.  2095.  3373.  1110.  1140.  2888.  1846.  2146.  2850.
  2551.  2964.  1786.  1605.  1879.  2198.  1445.  1891.  1470.  2022.
  2577.  1385.  1394.  1595.  1831.  1966.  2488.   341.  1637.  1841.]
72 [ 3598.  2121.  2101.  3442.  1099.  1142.  2925.  1854.  2156.  2841.
  2593.  2968.  1780.  1605.  1877.  2198.  1443.  1888.  1471.  2026.
  2576.  1381.  1405.  1599.  1832.  1971.  2307.   328.  1636.  1837.]
73 [ 3636.  2129.  2109.  3500.  1082.  1140.  2972.  1866.  2172.  2848.
  2634.  2960.  1777.  1609.  1878.  2192.  1446.  1896.  1478.  2023.
  2575.  1382.  1446.  1598.  1828.  1981.  2062.   317.  1628.  1836.]
74 [ 3670.  2133.  2110.  3542.  1075.  1142.  3021.  1882.  2188.  2857.
  2678.  2957.  1775.  1615.  1879.  2185.  1445.  1907.  1483.  2022.
  2575.  1381.  1496.  1597.  1827.  2011.  1745.   343.  1624.  1835.]
75 [ 3689.  2134.  2117.  3565.  1069.  1152.  3052.  1899.  2202.  2858.
  2723.  2953.  1776.  1617.  1880.  2185.  1443.  1934.  1484.  2022.
  2582.  1379.  1567.  1600.  1821.  2019.  1385.   428.  1630.  1835.]
76 [ 3705.  2133.  2114.  3558.  1065.  1157.  3071.  1916.  2202.  2868.
  2746.  2959.  1775.  1621.  1879.  2183.  1441.  1943.  1489.  2023.
  2591.  1374.  1611.  1603.  1819.  2024.  1133.   525.  1637.  1835.]
77 [ 3695.  2133.  2120.  3554.  1069.  1160.  3091.  1919.  2202.  2863.
  2758.  2964.  1766.  1624.  1880.  2185.  1444.  1950.  1482.  2025.
  2591.  1367.  1621.  1603.  1815.  2020.  1007.   619.  1636.  1837.]
78 [ 3689.  2145.  2119.  3535.  1084.  1162.  3112.  1921.  2203.  2851.
  2752.  2965.  1767.  1621.  1880.  2184.  1448.  1958.  1475.  2023.
  2592.  1366.  1618.  1605.  1814.  2018.   945.   680.  1633.  1835.]
79 [ 3682.  2143.  2114.  3520.  1090.  1167.  3131.  1927.  2203.  2843.
  2761.  2964.  1769.  1620.  1879.  2186.  1446.  1952.  1473.  2023.
  2592.  1364.  1617.  1606.  1814.  2016.   911.   717.  1634.  1836.]
80 [ 3675.  2149.  2111.  3517.  1088.  1175.  3140.  1928.  2195.  2830.
  2757.  2965.  1770.  1620.  1884.  2189.  1442.  1954.  1472.  2027.
  2587.  1362.  1618.  1606.  1812.  2012.   891.   756.  1631.  1837.]
81 [ 3661.  2150.  2113.  3525.  1090.  1179.  3150.  1926.  2189.  2825.
  2755.  2964.  1766.  1621.  1886.  2189.  1441.  1955.  1468.  2026.
  2582.  1359.  1633.  1606.  1812.  2011.   871.   781.  1630.  1836.]
82 [ 3649.  2153.  2111.  3527.  1098.  1175.  3149.  1927.  2179.  2823.
  2757.  2963.  1762.  1621.  1889.  2189.  1444.  1957.  1458.  2028.
  2576.  1354.  1640.  1607.  1811.  2010.   865.   811.  1631.  1836.]
83 [ 3639.  2155.  2108.  3533.  1101.  1174.  3147.  1928.  2171.  2820.
  2755.  2958.  1763.  1623.  1894.  2189.  1440.  1957.  1459.  2030.
  2572.  1352.  1637.  1611.  1810.  2005.   863.   840.  1632.  1834.]
84 [ 3632.  2153.  2109.  3534.  1109.  1173.  3153.  1933.  2164.  2816.
  2747.  2958.  1766.  1626.  1894.  2190.  1443.  1957.  1454.  2026.
  2573.  1352.  1629.  1609.  1808.  2002.   865.   862.  1629.  1834.]
85 [ 3625.  2151.  2109.  3546.  1121.  1177.  3149.  1934.  2151.  2817.
  2739.  2958.  1769.  1627.  1893.  2191.  1443.  1955.  1449.  2022.
  2568.  1352.  1623.  1609.  1808.  2001.   867.   882.  1631.  1833.]
86 [ 3613.  2148.  2112.  3553.  1128.  1178.  3148.  1938.  2143.  2820.
  2731.  2957.  1769.  1628.  1893.  2191.  1446.  1955.  1440.  2019.
  2567.  1350.  1622.  1608.  1808.  2002.   871.   896.  1634.  1832.]
87 [ 3598.  2146.  2110.  3564.  1151.  1176.  3143.  1938.  2131.  2820.
  2734.  2957.  1767.  1625.  1892.  2184.  1447.  1952.  1431.  2015.
  2568.  1349.  1624.  1611.  1811.  2003.   888.   899.  1635.  1831.]
88 [ 3585.  2148.  2111.  3572.  1163.  1177.  3142.  1939.  2130.  2818.
  2735.  2956.  1765.  1623.  1892.  2182.  1446.  1946.  1423.  2014.
  2566.  1351.  1633.  1612.  1810.  2004.   878.   912.  1634.  1833.]
89 [ 3572.  2148.  2114.  3592.  1164.  1177.  3141.  1943.  2122.  2820.
  2725.  2956.  1765.  1622.  1893.  2179.  1444.  1942.  1432.  2014.
  2569.  1352.  1638.  1613.  1812.  2004.   855.   930.  1628.  1834.]
90 [ 3567.  2153.  2115.  3600.  1167.  1176.  3142.  1943.  2115.  2825.
  2722.  2955.  1767.  1622.  1893.  2179.  1444.  1944.  1425.  2014.
  2570.  1355.  1647.  1613.  1816.  2008.   842.   916.  1631.  1834.]
91 [ 3556.  2154.  2115.  3620.  1166.  1177.  3142.  1946.  2109.  2822.
  2715.  2956.  1767.  1621.  1895.  2178.  1447.  1948.  1421.  2013.
  2569.  1356.  1660.  1611.  1817.  2011.   827.   916.  1631.  1834.]
92 [ 3543.  2156.  2118.  3630.  1176.  1178.  3142.  1947.  2106.  2821.
  2712.  2954.  1763.  1621.  1897.  2174.  1446.  1949.  1417.  2015.
  2572.  1357.  1649.  1609.  1816.  2014.   832.   919.  1634.  1833.]
93 [ 3526.  2158.  2117.  3644.  1183.  1179.  3141.  1949.  2104.  2820.
  2713.  2954.  1764.  1621.  1897.  2174.  1445.  1948.  1411.  2017.
  2572.  1360.  1655.  1609.  1816.  2011.   815.   929.  1636.  1832.]
94 [ 3515.  2159.  2119.  3662.  1188.  1178.  3138.  1951.  2103.  2820.
  2711.  2954.  1764.  1621.  1897.  2176.  1446.  1949.  1404.  2019.
  2573.  1360.  1664.  1609.  1818.  2012.   789.   931.  1637.  1833.]
95 [ 3510.  2158.  2118.  3670.  1195.  1179.  3140.  1952.  2108.  2818.
  2705.  2956.  1763.  1621.  1896.  2177.  1446.  1951.  1399.  2020.
  2575.  1364.  1682.  1608.  1818.  2012.   760.   924.  1637.  1838.]
96 [ 3505.  2155.  2118.  3678.  1194.  1183.  3143.  1955.  2108.  2811.
  2702.  2956.  1761.  1620.  1896.  2180.  1446.  1957.  1395.  2021.
  2579.  1366.  1695.  1608.  1819.  2011.   733.   926.  1640.  1839.]
97 [ 3501.  2155.  2119.  3680.  1199.  1183.  3145.  1957.  2109.  2811.
  2700.  2960.  1764.  1619.  1897.  2182.  1447.  1958.  1391.  2019.
  2584.  1365.  1706.  1609.  1816.  2013.   699.   932.  1641.  1839.]
98 [ 3494.  2154.  2119.  3689.  1203.  1183.  3148.  1955.  2123.  2814.
  2699.  2959.  1763.  1616.  1898.  2182.  1447.  1957.  1390.  2020.
  2589.  1364.  1725.  1613.  1812.  2015.   639.   947.  1641.  1842.]
99 [ 3487.  2155.  2116.  3702.  1207.  1183.  3151.  1955.  2136.  2805.
  2699.  2962.  1758.  1612.  1901.  2181.  1448.  1963.  1390.  2020.
  2588.  1366.  1737.  1614.  1812.  2013.   601.   953.  1643.  1842.]
100 [ 3478.  2157.  2115.  3707.  1211.  1184.  3156.  1957.  2141.  2804.
  2701.  2960.  1755.  1611.  1899.  2182.  1446.  1967.  1387.  2025.
  2588.  1370.  1744.  1616.  1817.  2014.   559.   963.  1641.  1845.]
101 [ 3473.  2158.  2116.  3716.  1215.  1185.  3157.  1956.  2138.  2802.
  2701.  2960.  1755.  1611.  1900.  2181.  1446.  1967.  1383.  2027.
  2589.  1374.  1755.  1616.  1817.  2015.   531.   969.  1641.  1846.]
102 [ 3469.  2158.  2117.  3711.  1215.  1185.  3168.  1957.  2139.  2800.
  2696.  2960.  1754.  1611.  1903.  2181.  1448.  1973.  1383.  2026.
  2591.  1376.  1754.  1616.  1814.  2014.   519.   974.  1642.  1846.]
103 [ 3461.  2157.  2118.  3708.  1215.  1185.  3169.  1959.  2142.  2800.
  2699.  2961.  1754.  1611.  1904.  2184.  1448.  1974.  1383.  2025.
  2593.  1377.  1752.  1616.  1815.  2014.   515.   974.  1641.  1846.]
104 [ 3459.  2157.  2118.  3709.  1217.  1185.  3176.  1958.  2146.  2800.
  2692.  2963.  1755.  1611.  1904.  2185.  1448.  1973.  1384.  2026.
  2591.  1377.  1753.  1616.  1815.  2013.   514.   971.  1638.  1846.]
105 [ 3457.  2157.  2116.  3709.  1216.  1184.  3186.  1957.  2149.  2800.
  2693.  2965.  1755.  1611.  1904.  2186.  1448.  1974.  1383.  2024.
  2590.  1378.  1746.  1616.  1815.  2013.   512.   972.  1638.  1846.]
106 [ 3453.  2158.  2114.  3706.  1217.  1183.  3190.  1957.  2151.  2800.
  2695.  2966.  1757.  1611.  1903.  2187.  1448.  1975.  1384.  2024.
  2591.  1378.  1740.  1616.  1815.  2013.   511.   972.  1639.  1846.]
107 [ 3454.  2158.  2114.  3709.  1218.  1183.  3189.  1957.  2153.  2800.
  2690.  2967.  1758.  1611.  1903.  2187.  1447.  1975.  1385.  2025.
  2590.  1378.  1736.  1616.  1815.  2015.   510.   971.  1641.  1845.]
108 [ 3454.  2158.  2114.  3706.  1218.  1182.  3192.  1957.  2154.  2800.
  2690.  2967.  1758.  1611.  1903.  2187.  1448.  1977.  1385.  2025.
  2590.  1376.  1735.  1616.  1815.  2015.   509.   973.  1640.  1845.]
109 [ 3454.  2159.  2114.  3706.  1218.  1182.  3192.  1957.  2155.  2800.
  2690.  2967.  1758.  1611.  1903.  2188.  1447.  1978.  1383.  2025.
  2589.  1375.  1736.  1616.  1814.  2015.   508.   975.  1640.  1845.]
110 [ 3454.  2159.  2114.  3707.  1219.  1182.  3194.  1957.  2155.  2800.
  2690.  2967.  1758.  1611.  1903.  2188.  1445.  1980.  1381.  2025.
  2588.  1375.  1734.  1617.  1814.  2015.   507.   977.  1639.  1845.]
111 [ 3455.  2159.  2114.  3706.  1218.  1182.  3196.  1956.  2155.  2801.
  2689.  2967.  1758.  1611.  1903.  2188.  1445.  1980.  1381.  2025.
  2588.  1375.  1734.  1617.  1814.  2015.   506.   977.  1639.  1846.]
112 [ 3454.  2158.  2114.  3704.  1218.  1182.  3196.  1956.  2155.  2803.
  2689.  2967.  1758.  1611.  1903.  2188.  1446.  1980.  1381.  2026.
  2588.  1375.  1733.  1617.  1814.  2015.   506.   976.  1639.  1848.]
113 [ 3453.  2157.  2114.  3707.  1218.  1182.  3196.  1956.  2155.  2802.
  2688.  2967.  1758.  1611.  1903.  2189.  1446.  1981.  1381.  2026.
  2589.  1375.  1731.  1617.  1814.  2014.   506.   976.  1639.  1849.]
114 [ 3453.  2157.  2115.  3708.  1218.  1182.  3196.  1956.  2155.  2805.
  2685.  2967.  1758.  1611.  1903.  2190.  1446.  1980.  1381.  2026.
  2589.  1376.  1728.  1617.  1814.  2013.   507.   976.  1639.  1849.]
115 [ 3453.  2157.  2116.  3712.  1218.  1182.  3197.  1956.  2154.  2804.
  2681.  2967.  1759.  1611.  1903.  2190.  1447.  1980.  1381.  2026.
  2589.  1376.  1729.  1617.  1814.  2012.   505.   976.  1639.  1849.]
116 [ 3453.  2156.  2116.  3712.  1218.  1181.  3199.  1956.  2156.  2805.
  2680.  2967.  1759.  1611.  1903.  2190.  1447.  1980.  1380.  2026.
  2591.  1374.  1728.  1617.  1814.  2012.   502.   979.  1639.  1849.]
117 [ 3454.  2155.  2116.  3708.  1219.  1181.  3200.  1956.  2158.  2807.
  2680.  2967.  1759.  1612.  1903.  2191.  1447.  1980.  1379.  2026.
  2592.  1373.  1725.  1617.  1814.  2011.   501.   980.  1639.  1850.]
118 [ 3455.  2155.  2116.  3705.  1221.  1180.  3201.  1955.  2162.  2808.
  2678.  2967.  1760.  1612.  1902.  2190.  1447.  1980.  1378.  2026.
  2592.  1372.  1723.  1617.  1814.  2011.   503.   980.  1639.  1851.]
119 [ 3455.  2155.  2116.  3700.  1221.  1179.  3202.  1955.  2161.  2813.
  2679.  2967.  1761.  1612.  1902.  2191.  1447.  1980.  1377.  2026.
  2591.  1372.  1722.  1617.  1814.  2011.   503.   981.  1639.  1851.]
120 [ 3457.  2155.  2116.  3696.  1221.  1179.  3204.  1956.  2161.  2813.
  2677.  2967.  1762.  1612.  1902.  2191.  1447.  1980.  1377.  2026.
  2589.  1372.  1723.  1617.  1814.  2011.   503.   981.  1640.  1851.]
121 [ 3458.  2156.  2116.  3702.  1222.  1179.  3206.  1955.  2162.  2813.
  2672.  2967.  1761.  1612.  1902.  2191.  1447.  1980.  1377.  2026.
  2588.  1372.  1720.  1617.  1813.  2010.   504.   980.  1641.  1851.]
122 [ 3460.  2156.  2116.  3693.  1224.  1179.  3209.  1955.  2163.  2816.
  2669.  2967.  1761.  1612.  1903.  2190.  1447.  1981.  1377.  2026.
  2588.  1372.  1719.  1617.  1813.  2009.   503.   980.  1644.  1851.]
123 [ 3461.  2157.  2116.  3688.  1224.  1179.  3210.  1956.  2164.  2818.
  2665.  2967.  1762.  1612.  1902.  2190.  1447.  1981.  1378.  2025.
  2588.  1372.  1718.  1617.  1813.  2010.   504.   980.  1645.  1851.]
124 [ 3459.  2157.  2115.  3690.  1224.  1179.  3213.  1956.  2164.  2818.
  2663.  2967.  1762.  1612.  1902.  2190.  1447.  1982.  1378.  2025.
  2588.  1372.  1718.  1617.  1813.  2010.   505.   978.  1645.  1851.]
125 [ 3459.  2157.  2114.  3687.  1224.  1179.  3216.  1956.  2164.  2819.
  2662.  2967.  1762.  1612.  1903.  2190.  1448.  1982.  1378.  2024.
  2588.  1372.  1718.  1617.  1814.  2011.   506.   975.  1645.  1851.]
126 [ 3459.  2157.  2114.  3688.  1225.  1179.  3216.  1956.  2164.  2819.
  2661.  2967.  1760.  1612.  1904.  2190.  1448.  1985.  1378.  2025.
  2588.  1373.  1716.  1617.  1814.  2011.   504.   974.  1645.  1851.]
127 [ 3461.  2157.  2114.  3684.  1225.  1179.  3217.  1956.  2164.  2818.
  2661.  2968.  1761.  1612.  1904.  2190.  1448.  1985.  1378.  2025.
  2587.  1373.  1717.  1617.  1815.  2011.   503.   974.  1645.  1851.]
128 [ 3460.  2157.  2114.  3687.  1225.  1179.  3218.  1956.  2164.  2818.
  2660.  2967.  1763.  1612.  1903.  2190.  1448.  1985.  1378.  2025.
  2586.  1373.  1718.  1617.  1815.  2011.   501.   974.  1645.  1851.]
129 [ 3460.  2157.  2114.  3687.  1225.  1179.  3218.  1956.  2164.  2818.
  2657.  2968.  1763.  1612.  1903.  2190.  1448.  1986.  1379.  2025.
  2584.  1373.  1717.  1617.  1816.  2012.   501.   974.  1646.  1851.]
130 [ 3459.  2157.  2114.  3687.  1225.  1179.  3218.  1956.  2165.  2817.
  2656.  2967.  1765.  1612.  1903.  2190.  1448.  1987.  1379.  2025.
  2584.  1374.  1716.  1617.  1817.  2011.   502.   972.  1646.  1852.]
131 [ 3459.  2157.  2114.  3688.  1225.  1179.  3218.  1956.  2167.  2818.
  2652.  2966.  1765.  1612.  1904.  2189.  1448.  1987.  1379.  2024.
  2584.  1374.  1716.  1617.  1819.  2011.   502.   972.  1646.  1852.]
132 [ 3460.  2157.  2115.  3686.  1225.  1179.  3218.  1956.  2168.  2819.
  2649.  2965.  1767.  1612.  1904.  2189.  1448.  1987.  1379.  2024.
  2584.  1374.  1715.  1617.  1821.  2011.   501.   972.  1646.  1852.]
133 [ 3460.  2157.  2115.  3686.  1225.  1179.  3218.  1956.  2168.  2819.
  2648.  2965.  1769.  1612.  1904.  2189.  1448.  1988.  1379.  2024.
  2583.  1374.  1714.  1617.  1821.  2011.   501.   972.  1646.  1852.]
134 [ 3460.  2157.  2115.  3688.  1225.  1179.  3218.  1956.  2168.  2819.
  2645.  2965.  1770.  1612.  1904.  2189.  1448.  1988.  1379.  2023.
  2584.  1374.  1714.  1617.  1821.  2011.   501.   972.  1646.  1852.]
135 [ 3460.  2157.  2115.  3687.  1225.  1179.  3218.  1956.  2168.  2821.
  2645.  2964.  1770.  1612.  1904.  2189.  1448.  1988.  1379.  2023.
  2584.  1374.  1714.  1617.  1821.  2011.   501.   972.  1646.  1852.]
[ 3460.  2157.  2115.  3687.  1225.  1179.  3218.  1956.  2168.  2821.
  2645.  2964.  1770.  1612.  1904.  2189.  1448.  1988.  1379.  2023.
  2584.  1374.  1714.  1617.  1821.  2011.   501.   972.  1646.  1852.]
Time spent clustering :  7366.77790093
medians_random_cluster30
Digit: 0  Purity: 85.0% SD: 1756.9  Count: 6357
Digit: 1  Purity: 84.4% SD: 1099.7  Count: 7795
Digit: 2  Purity: 75.4% SD: 1844.4  Count: 6507
Digit: 3  Purity: 65.1% SD: 1836.6  Count: 6105
Digit: 4  Purity: 61.3% SD: 1719.7  Count: 5548
Digit: 5  Purity: 48.9% SD: 1766.5  Count: 6827
Digit: 6  Purity: 87.9% SD: 1674.4  Count: 5965
Digit: 7  Purity: 63.3% SD: 1514.4  Count: 8857
Digit: 8  Purity: 86.1% SD: 1760.3  Count: 3218
Digit: 9  Purity: 55.4% SD: 1585.7  Count: 2821
Our accuracy in predicting test data for k = 30 was 71.8071807181 %
Time spent testing :  27.3232109547
