14 medians kplusplus 100
0 [ 2919.  7264.  2636.  4546.  2675.  4367.  6282.  4147.  5739.  4694.
  2194.  3022.  5699.  3816.]
1 [ 3652.  5444.  3328.  4453.  2920.  3956.  5494.  4245.  6620.  4257.
  2957.  3436.  5086.  4152.]
2 [ 4122.  4646.  4168.  4454.  2675.  3558.  5229.  4320.  6560.  4070.
  3330.  3749.  4851.  4268.]
3 [ 4351.  4350.  4691.  4477.  2514.  3113.  5062.  4419.  6381.  3902.
  3572.  4036.  4767.  4365.]
4 [ 4358.  4263.  4990.  4407.  2683.  2674.  4968.  4450.  6245.  3719.
  3698.  4323.  4703.  4519.]
5 [ 4330.  4210.  5230.  4379.  2921.  2314.  4861.  4406.  6138.  3554.
  3738.  4606.  4637.  4676.]
6 [ 4217.  4162.  5481.  4377.  3139.  2110.  4721.  4373.  6030.  3417.
  3750.  4849.  4585.  4789.]
7 [ 4133.  4147.  5627.  4412.  3334.  1975.  4577.  4340.  5915.  3318.
  3742.  5039.  4559.  4882.]
8 [ 4077.  4155.  5645.  4478.  3510.  1865.  4424.  4344.  5817.  3219.
  3750.  5176.  4554.  4986.]
9 [ 4077.  4194.  5406.  4584.  3578.  1846.  4282.  4367.  5779.  3175.
  3759.  5291.  4573.  5089.]
10 [ 4099.  4248.  5058.  4710.  3594.  1844.  4171.  4417.  5772.  3184.
  3779.  5352.  4603.  5169.]
11 [ 4153.  4300.  4729.  4813.  3595.  1860.  4082.  4427.  5751.  3216.
  3798.  5409.  4639.  5228.]
12 [ 4210.  4317.  4502.  4887.  3583.  1917.  4010.  4419.  5718.  3246.
  3823.  5430.  4667.  5271.]
13 [ 4265.  4307.  4403.  4947.  3558.  1948.  3929.  4400.  5666.  3282.
  3838.  5454.  4698.  5305.]
14 [ 4319.  4288.  4334.  4968.  3555.  1999.  3883.  4355.  5600.  3301.
  3857.  5477.  4728.  5336.]
15 [ 4393.  4273.  4309.  4969.  3545.  2014.  3822.  4321.  5546.  3338.
  3862.  5494.  4752.  5362.]
16 [ 4466.  4253.  4305.  4959.  3552.  2035.  3768.  4299.  5490.  3355.
  3868.  5508.  4770.  5372.]
17 [ 4487.  4239.  4318.  4952.  3548.  2030.  3722.  4267.  5452.  3375.
  3890.  5554.  4781.  5385.]
18 [ 4522.  4235.  4342.  4927.  3541.  2019.  3707.  4216.  5404.  3387.
  3900.  5586.  4789.  5425.]
19 [ 4533.  4232.  4366.  4911.  3540.  2006.  3687.  4189.  5357.  3390.
  3905.  5605.  4785.  5494.]
20 [ 4574.  4209.  4359.  4879.  3536.  2008.  3679.  4162.  5322.  3403.
  3899.  5637.  4783.  5550.]
21 [ 4618.  4215.  4336.  4864.  3524.  2004.  3645.  4145.  5294.  3400.
  3912.  5654.  4785.  5604.]
22 [ 4658.  4211.  4300.  4838.  3538.  1992.  3645.  4120.  5275.  3387.
  3928.  5661.  4798.  5649.]
23 [ 4716.  4210.  4246.  4832.  3538.  1969.  3655.  4100.  5260.  3372.
  3947.  5655.  4798.  5702.]
24 [ 4780.  4209.  4208.  4814.  3534.  1953.  3677.  4087.  5233.  3354.
  3968.  5662.  4778.  5743.]
25 [ 4858.  4207.  4139.  4818.  3544.  1928.  3691.  4077.  5210.  3329.
  3985.  5672.  4767.  5775.]
26 [ 4895.  4206.  4074.  4830.  3551.  1905.  3703.  4074.  5185.  3312.
  3997.  5688.  4761.  5819.]
27 [ 4937.  4207.  4030.  4846.  3570.  1880.  3723.  4077.  5134.  3276.
  4012.  5697.  4756.  5855.]
28 [ 4966.  4207.  3982.  4856.  3577.  1860.  3751.  4070.  5099.  3239.
  4025.  5723.  4747.  5898.]
29 [ 4978.  4219.  3959.  4867.  3577.  1835.  3754.  4068.  5079.  3201.
  4035.  5759.  4730.  5939.]
30 [ 4986.  4223.  3942.  4877.  3562.  1820.  3765.  4068.  5061.  3168.
  4039.  5809.  4709.  5971.]
31 [ 5018.  4214.  3935.  4886.  3530.  1795.  3767.  4072.  5038.  3130.
  4043.  5872.  4690.  6010.]
32 [ 5049.  4204.  3936.  4886.  3496.  1778.  3770.  4085.  5015.  3084.
  4052.  5942.  4672.  6031.]
33 [ 5069.  4204.  3928.  4900.  3467.  1749.  3768.  4096.  4993.  3016.
  4056.  6028.  4655.  6071.]
34 [ 5082.  4198.  3894.  4923.  3416.  1723.  3775.  4110.  4977.  2929.
  4061.  6161.  4638.  6113.]
35 [ 5092.  4196.  3867.  4941.  3339.  1686.  3772.  4119.  4967.  2850.
  4079.  6332.  4613.  6147.]
36 [ 5152.  4187.  3829.  4971.  3219.  1657.  3764.  4144.  4956.  2780.
  4087.  6489.  4583.  6182.]
37 [ 5189.  4178.  3791.  4993.  3113.  1627.  3761.  4169.  4955.  2734.
  4102.  6600.  4568.  6220.]
38 [ 5237.  4174.  3757.  5017.  3021.  1604.  3743.  4188.  4958.  2715.
  4117.  6664.  4549.  6256.]
39 [ 5301.  4169.  3696.  5041.  2953.  1576.  3747.  4205.  4950.  2721.
  4127.  6677.  4527.  6310.]
40 [ 5328.  4166.  3625.  5059.  2929.  1540.  3749.  4249.  4974.  2740.
  4136.  6674.  4504.  6327.]
41 [ 5390.  4156.  3582.  5059.  2918.  1465.  3747.  4280.  5000.  2756.
  4153.  6662.  4477.  6355.]
42 [ 5418.  4150.  3530.  5065.  2917.  1402.  3739.  4303.  5043.  2784.
  4170.  6650.  4451.  6378.]
43 [ 5445.  4156.  3453.  5074.  2914.  1339.  3737.  4334.  5097.  2812.
  4183.  6645.  4430.  6381.]
44 [ 5480.  4161.  3376.  5076.  2922.  1249.  3744.  4371.  5140.  2827.
  4186.  6645.  4415.  6408.]
45 [ 5536.  4177.  3317.  5077.  2922.  1164.  3735.  4398.  5200.  2837.
  4202.  6641.  4396.  6398.]
46 [ 5526.  4193.  3253.  5071.  2923.  1099.  3756.  4438.  5261.  2846.
  4209.  6631.  4380.  6414.]
47 [ 5523.  4211.  3189.  5055.  2927.  1011.  3786.  4487.  5341.  2844.
  4212.  6617.  4367.  6430.]
48 [ 5513.  4217.  3154.  5034.  2931.   919.  3806.  4530.  5405.  2851.
  4215.  6610.  4361.  6454.]
49 [ 5428.  4226.  3114.  5018.  2934.   839.  3845.  4579.  5478.  2858.
  4219.  6607.  4370.  6485.]
50 [ 5292.  4255.  3087.  5000.  2938.   764.  3886.  4618.  5581.  2857.
  4224.  6605.  4380.  6513.]
51 [ 5116.  4305.  3071.  4989.  2938.   702.  3944.  4652.  5646.  2851.
  4237.  6598.  4391.  6560.]
52 [ 4878.  4354.  3064.  4996.  2940.   636.  4005.  4703.  5711.  2846.
  4241.  6604.  4418.  6604.]
53 [ 4637.  4398.  3052.  4983.  2944.   570.  4091.  4759.  5774.  2843.
  4248.  6606.  4439.  6656.]
54 [ 4342.  4442.  3052.  4959.  2942.   582.  4141.  4814.  5849.  2837.
  4248.  6619.  4467.  6706.]
55 [ 4009.  4464.  3030.  4948.  2936.   699.  4190.  4865.  5924.  2832.
  4244.  6624.  4496.  6739.]
56 [ 3733.  4454.  2993.  4879.  2925.  1020.  4221.  4889.  5981.  2814.
  4244.  6606.  4502.  6739.]
57 [ 3696.  4406.  2952.  4766.  2899.  1380.  4228.  4870.  5983.  2799.
  4230.  6549.  4499.  6743.]
58 [ 3756.  4365.  2931.  4694.  2885.  1573.  4224.  4858.  5973.  2788.
  4222.  6518.  4493.  6720.]
59 [ 3801.  4329.  2912.  4636.  2869.  1731.  4235.  4841.  5957.  2787.
  4218.  6495.  4486.  6703.]
60 [ 3803.  4301.  2906.  4597.  2857.  1881.  4241.  4823.  5944.  2780.
  4215.  6474.  4480.  6698.]
61 [ 3824.  4289.  2886.  4587.  2856.  1975.  4252.  4806.  5927.  2773.
  4220.  6452.  4468.  6685.]
62 [ 3846.  4291.  2881.  4582.  2856.  2028.  4268.  4799.  5891.  2766.
  4230.  6445.  4454.  6663.]
63 [ 3871.  4288.  2887.  4573.  2853.  2060.  4270.  4789.  5864.  2764.
  4234.  6446.  4446.  6655.]
64 [ 3866.  4296.  2892.  4557.  2852.  2096.  4274.  4780.  5844.  2765.
  4235.  6446.  4437.  6660.]
65 [ 3840.  4308.  2885.  4540.  2853.  2117.  4279.  4783.  5847.  2763.
  4238.  6447.  4433.  6667.]
66 [ 3775.  4331.  2889.  4533.  2850.  2147.  4286.  4789.  5851.  2765.
  4233.  6450.  4433.  6668.]
67 [ 3698.  4348.  2884.  4523.  2850.  2160.  4297.  4803.  5863.  2765.
  4234.  6457.  4448.  6670.]
68 [ 3574.  4376.  2887.  4516.  2851.  2187.  4312.  4814.  5882.  2765.
  4233.  6467.  4460.  6676.]
69 [ 3450.  4398.  2885.  4514.  2852.  2215.  4338.  4826.  5892.  2769.
  4233.  6473.  4476.  6679.]
70 [ 3333.  4417.  2887.  4524.  2851.  2229.  4343.  4842.  5914.  2769.
  4229.  6483.  4489.  6690.]
71 [ 3197.  4443.  2889.  4531.  2851.  2258.  4351.  4857.  5934.  2768.
  4229.  6482.  4502.  6708.]
72 [ 3062.  4466.  2888.  4535.  2852.  2282.  4371.  4880.  5952.  2770.
  4224.  6488.  4519.  6711.]
73 [ 2933.  4471.  2889.  4547.  2854.  2294.  4388.  4903.  5962.  2773.
  4219.  6499.  4552.  6716.]
74 [ 2803.  4479.  2894.  4564.  2856.  2332.  4395.  4922.  5960.  2773.
  4217.  6507.  4579.  6719.]
75 [ 2699.  4474.  2899.  4572.  2858.  2361.  4394.  4942.  5969.  2770.
  4208.  6519.  4611.  6724.]
76 [ 2632.  4455.  2900.  4583.  2861.  2366.  4393.  4956.  5984.  2770.
  4206.  6526.  4645.  6723.]
77 [ 2577.  4449.  2901.  4588.  2863.  2384.  4387.  4961.  6000.  2769.
  4202.  6525.  4664.  6730.]
78 [ 2550.  4442.  2907.  4591.  2863.  2384.  4384.  4958.  6022.  2768.
  4198.  6530.  4675.  6728.]
79 [ 2527.  4435.  2908.  4596.  2863.  2381.  4382.  4961.  6036.  2767.
  4198.  6533.  4689.  6724.]
80 [ 2504.  4425.  2905.  4601.  2864.  2387.  4380.  4966.  6046.  2767.
  4195.  6537.  4699.  6724.]
81 [ 2494.  4414.  2907.  4605.  2864.  2389.  4375.  4966.  6053.  2767.
  4195.  6539.  4709.  6723.]
82 [ 2489.  4408.  2907.  4605.  2865.  2394.  4371.  4966.  6059.  2767.
  4195.  6538.  4715.  6721.]
83 [ 2485.  4398.  2907.  4606.  2866.  2404.  4366.  4966.  6063.  2767.
  4194.  6537.  4722.  6719.]
84 [ 2491.  4396.  2904.  4611.  2866.  2403.  4362.  4968.  6065.  2767.
  4192.  6538.  4719.  6718.]
85 [ 2487.  4395.  2905.  4614.  2866.  2404.  4354.  4970.  6070.  2767.
  4194.  6537.  4719.  6718.]
86 [ 2479.  4394.  2908.  4611.  2867.  2407.  4348.  4970.  6077.  2767.
  4195.  6538.  4720.  6719.]
87 [ 2481.  4391.  2907.  4612.  2867.  2411.  4342.  4969.  6080.  2767.
  4196.  6540.  4719.  6718.]
88 [ 2493.  4386.  2907.  4611.  2867.  2406.  4333.  4970.  6081.  2767.
  4197.  6543.  4718.  6721.]
89 [ 2502.  4380.  2906.  4611.  2867.  2410.  4331.  4967.  6082.  2767.
  4196.  6546.  4714.  6721.]
90 [ 2500.  4378.  2906.  4613.  2868.  2414.  4328.  4968.  6084.  2767.
  4196.  6544.  4713.  6721.]
91 [ 2504.  4377.  2906.  4612.  2869.  2411.  4325.  4967.  6086.  2767.
  4196.  6544.  4715.  6721.]
92 [ 2504.  4376.  2906.  4613.  2869.  2413.  4325.  4967.  6084.  2767.
  4196.  6543.  4715.  6722.]
93 [ 2505.  4377.  2906.  4614.  2869.  2411.  4325.  4967.  6083.  2767.
  4196.  6542.  4715.  6723.]
94 [ 2507.  4377.  2906.  4615.  2869.  2409.  4325.  4967.  6083.  2767.
  4195.  6540.  4715.  6725.]
95 [ 2508.  4376.  2906.  4615.  2869.  2408.  4325.  4967.  6083.  2767.
  4195.  6539.  4715.  6727.]
96 [ 2508.  4375.  2906.  4615.  2869.  2408.  4324.  4967.  6083.  2767.
  4195.  6541.  4715.  6727.]
97 [ 2508.  4377.  2906.  4615.  2869.  2409.  4324.  4967.  6083.  2767.
  4195.  6539.  4714.  6727.]
98 [ 2508.  4377.  2906.  4615.  2869.  2409.  4324.  4967.  6083.  2767.
  4195.  6538.  4714.  6728.]
99 [ 2508.  4376.  2906.  4615.  2869.  2410.  4324.  4967.  6083.  2767.
  4195.  6537.  4714.  6729.]
100 [ 2508.  4374.  2906.  4615.  2869.  2409.  4324.  4967.  6084.  2767.
  4195.  6537.  4715.  6730.]
101 [ 2508.  4372.  2906.  4615.  2869.  2409.  4324.  4967.  6084.  2767.
  4195.  6537.  4717.  6730.]
102 [ 2508.  4371.  2906.  4615.  2869.  2409.  4324.  4967.  6084.  2767.
  4195.  6536.  4717.  6732.]
103 [ 2508.  4371.  2906.  4615.  2869.  2409.  4323.  4967.  6084.  2767.
  4195.  6536.  4717.  6733.]
[ 2508.  4371.  2906.  4615.  2869.  2409.  4323.  4967.  6084.  2767.
  4195.  6536.  4717.  6733.]
Time spent clustering :  6702.35686707
medians_kplusplus_cluster14
Digit: 0  Purity: 87.3% SD: 1895.5  Count: 5636
Digit: 1  Purity: 70.7% SD: 1352.9  Count: 9088
Digit: 2  Purity: 86.1% SD: 2000.2  Count: 4195
Digit: 3  Purity: 56.8% SD: 1912.5  Count: 6536
Digit: 4  Purity: 50.1% SD: 1913.6  Count: 4615
Digit: 5  Purity: 25.5% SD: 1811.0  Count: 4917
Digit: 6  Purity: 81.6% SD: 1794.7  Count: 4967
Digit: 7  Purity: 67.2% SD: 1635.2  Count: 7229
Digit: 8  Purity: 50.1% SD: 1850.5  Count: 6733
Digit: 9  Purity: 42.0% SD: 1656.7  Count: 6084
Our accuracy in predicting test data for k = 14 was 62.1862186219 %
Time spent testing :  20.4803619385
