10 medians kplusplus 100
0 [  5564.   6526.   1370.  11095.   4912.   3380.   5365.   4829.   9217.
   7742.]
1 [  6407.   5681.   1773.  10872.   4741.   3367.   4754.   4743.  12974.
   4688.]
2 [  7165.   5424.   2077.  10687.   4811.   3385.   4237.   4254.  14473.
   3487.]
3 [  7870.   5512.   2263.  10586.   5063.   3429.   3897.   3690.  14882.
   2808.]
4 [  8768.   5853.   2454.  10357.   5476.   3422.   3675.   3494.  13704.
   2797.]
5 [  9434.   6083.   2614.   9996.   6139.   3368.   3673.   3474.  12260.
   2959.]
6 [  9682.   5928.   2772.   9619.   6635.   3315.   3697.   3529.  11869.
   2954.]
7 [  9728.   5703.   2878.   9395.   6986.   3277.   3755.   3584.  11830.
   2864.]
8 [  9689.   5485.   3007.   9191.   7203.   3232.   3831.   3619.  11888.
   2855.]
9 [  9657.   5258.   3129.   9022.   7354.   3207.   3888.   3669.  11952.
   2864.]
10 [  9606.   5058.   3243.   8899.   7545.   3183.   3900.   3710.  11995.
   2861.]
11 [  9558.   4914.   3328.   8806.   7718.   3186.   3894.   3730.  12000.
   2866.]
12 [  9562.   4774.   3427.   8742.   7896.   3172.   3864.   3744.  11971.
   2848.]
13 [  9589.   4660.   3514.   8655.   8047.   3175.   3828.   3754.  11945.
   2833.]
14 [  9610.   4567.   3592.   8575.   8188.   3187.   3803.   3762.  11896.
   2820.]
15 [  9637.   4490.   3680.   8486.   8302.   3206.   3774.   3773.  11845.
   2807.]
16 [  9672.   4430.   3800.   8404.   8360.   3219.   3746.   3769.  11781.
   2819.]
17 [  9707.   4370.   3901.   8329.   8412.   3239.   3724.   3768.  11732.
   2818.]
18 [  9768.   4330.   3997.   8279.   8400.   3262.   3696.   3758.  11692.
   2818.]
19 [  9817.   4294.   4099.   8213.   8390.   3279.   3676.   3759.  11652.
   2821.]
20 [  9844.   4282.   4205.   8173.   8379.   3298.   3652.   3757.  11595.
   2815.]
21 [  9881.   4264.   4311.   8134.   8352.   3324.   3652.   3744.  11533.
   2805.]
22 [  9913.   4246.   4440.   8094.   8334.   3347.   3648.   3732.  11441.
   2805.]
23 [  9941.   4245.   4564.   8043.   8318.   3376.   3639.   3721.  11358.
   2795.]
24 [  9981.   4233.   4670.   8004.   8300.   3425.   3624.   3718.  11258.
   2787.]
25 [ 10007.   4243.   4750.   7970.   8276.   3481.   3624.   3702.  11162.
   2785.]
26 [ 10034.   4245.   4793.   7924.   8282.   3564.   3622.   3684.  11074.
   2778.]
27 [ 10050.   4259.   4840.   7879.   8293.   3643.   3609.   3681.  10980.
   2766.]
28 [ 10071.   4257.   4914.   7842.   8293.   3700.   3595.   3661.  10911.
   2756.]
29 [ 10082.   4257.   4965.   7808.   8294.   3759.   3588.   3650.  10846.
   2751.]
30 [ 10086.   4251.   5053.   7763.   8306.   3797.   3578.   3629.  10798.
   2739.]
31 [ 10076.   4240.   5121.   7733.   8316.   3843.   3569.   3603.  10766.
   2733.]
32 [ 10066.   4236.   5146.   7712.   8334.   3885.   3567.   3578.  10752.
   2724.]
33 [ 10051.   4242.   5176.   7696.   8347.   3914.   3559.   3567.  10727.
   2721.]
34 [ 10045.   4244.   5183.   7678.   8352.   3948.   3563.   3561.  10705.
   2721.]
35 [ 10043.   4250.   5172.   7670.   8359.   3975.   3561.   3557.  10690.
   2723.]
36 [ 10040.   4258.   5165.   7667.   8364.   4008.   3557.   3553.  10667.
   2721.]
37 [ 10036.   4255.   5171.   7661.   8368.   4027.   3556.   3555.  10650.
   2721.]
38 [ 10030.   4254.   5166.   7656.   8362.   4049.   3558.   3547.  10657.
   2721.]
39 [ 10024.   4255.   5167.   7653.   8357.   4067.   3556.   3540.  10658.
   2723.]
40 [ 10023.   4257.   5169.   7643.   8350.   4088.   3550.   3541.  10659.
   2720.]
41 [ 10023.   4255.   5174.   7637.   8344.   4108.   3548.   3534.  10658.
   2719.]
42 [ 10021.   4256.   5187.   7630.   8343.   4122.   3549.   3527.  10652.
   2713.]
43 [ 10016.   4253.   5212.   7629.   8340.   4139.   3547.   3519.  10638.
   2707.]
44 [ 10015.   4247.   5234.   7626.   8334.   4148.   3550.   3510.  10629.
   2707.]
45 [ 10012.   4240.   5262.   7620.   8325.   4161.   3549.   3504.  10621.
   2706.]
46 [ 10006.   4235.   5295.   7611.   8320.   4171.   3543.   3501.  10613.
   2705.]
47 [ 10005.   4226.   5338.   7600.   8315.   4178.   3535.   3500.  10601.
   2702.]
48 [ 10002.   4220.   5367.   7592.   8315.   4187.   3533.   3500.  10585.
   2699.]
49 [ 10000.   4213.   5390.   7580.   8317.   4201.   3531.   3497.  10577.
   2694.]
50 [  9997.   4207.   5410.   7576.   8314.   4213.   3528.   3494.  10567.
   2694.]
51 [  9992.   4200.   5430.   7572.   8310.   4224.   3528.   3489.  10564.
   2691.]
52 [  9986.   4195.   5458.   7571.   8302.   4230.   3526.   3482.  10555.
   2695.]
53 [  9986.   4192.   5478.   7564.   8293.   4236.   3527.   3474.  10551.
   2699.]
54 [  9985.   4192.   5505.   7560.   8282.   4239.   3526.   3470.  10543.
   2698.]
55 [  9984.   4189.   5528.   7556.   8276.   4245.   3526.   3466.  10535.
   2695.]
56 [  9982.   4185.   5547.   7555.   8275.   4246.   3525.   3461.  10531.
   2693.]
57 [  9974.   4182.   5565.   7561.   8273.   4247.   3523.   3458.  10526.
   2691.]
58 [  9969.   4182.   5584.   7566.   8266.   4248.   3521.   3454.  10525.
   2685.]
59 [  9964.   4183.   5594.   7568.   8260.   4254.   3516.   3452.  10523.
   2686.]
60 [  9963.   4183.   5614.   7569.   8251.   4254.   3511.   3450.  10520.
   2685.]
61 [  9963.   4183.   5626.   7567.   8244.   4257.   3511.   3446.  10517.
   2686.]
62 [  9963.   4181.   5638.   7569.   8232.   4261.   3510.   3445.  10514.
   2687.]
63 [  9965.   4179.   5655.   7565.   8224.   4263.   3509.   3446.  10509.
   2685.]
64 [  9970.   4178.   5658.   7564.   8215.   4266.   3507.   3446.  10514.
   2682.]
65 [  9977.   4180.   5666.   7561.   8203.   4269.   3506.   3443.  10515.
   2680.]
66 [  9978.   4180.   5673.   7564.   8192.   4266.   3508.   3442.  10518.
   2679.]
67 [  9973.   4182.   5680.   7567.   8188.   4267.   3506.   3441.  10519.
   2677.]
68 [  9962.   4183.   5687.   7573.   8182.   4267.   3506.   3440.  10521.
   2679.]
69 [  9957.   4184.   5695.   7576.   8175.   4268.   3507.   3438.  10520.
   2680.]
70 [  9955.   4184.   5706.   7577.   8168.   4267.   3507.   3439.  10519.
   2678.]
71 [  9952.   4185.   5720.   7575.   8162.   4267.   3506.   3439.  10518.
   2676.]
72 [  9946.   4185.   5742.   7569.   8155.   4268.   3506.   3438.  10517.
   2674.]
73 [  9940.   4183.   5770.   7569.   8143.   4269.   3505.   3435.  10513.
   2673.]
74 [  9939.   4185.   5779.   7570.   8140.   4270.   3505.   3433.  10507.
   2672.]
75 [  9936.   4192.   5784.   7571.   8133.   4273.   3507.   3429.  10502.
   2673.]
76 [  9935.   4196.   5802.   7572.   8121.   4275.   3511.   3419.  10494.
   2675.]
77 [  9935.   4200.   5817.   7580.   8110.   4281.   3514.   3406.  10483.
   2674.]
78 [  9937.   4202.   5831.   7580.   8106.   4284.   3513.   3395.  10479.
   2673.]
79 [  9943.   4208.   5844.   7581.   8092.   4288.   3514.   3389.  10471.
   2670.]
80 [  9941.   4210.   5857.   7582.   8083.   4294.   3513.   3385.  10464.
   2671.]
81 [  9944.   4211.   5865.   7583.   8073.   4295.   3513.   3382.  10461.
   2673.]
82 [  9949.   4208.   5883.   7582.   8066.   4295.   3516.   3382.  10453.
   2666.]
83 [  9955.   4208.   5895.   7579.   8060.   4300.   3516.   3380.  10444.
   2663.]
84 [  9960.   4209.   5908.   7579.   8055.   4302.   3514.   3378.  10436.
   2659.]
85 [  9960.   4209.   5913.   7579.   8053.   4306.   3514.   3376.  10432.
   2658.]
86 [  9959.   4208.   5925.   7579.   8050.   4309.   3513.   3374.  10428.
   2655.]
87 [  9957.   4210.   5945.   7578.   8035.   4315.   3512.   3374.  10423.
   2651.]
88 [  9959.   4208.   5963.   7576.   8019.   4320.   3511.   3372.  10426.
   2646.]
89 [  9958.   4205.   5986.   7574.   8004.   4326.   3510.   3365.  10425.
   2647.]
90 [  9957.   4206.   5996.   7574.   7987.   4327.   3508.   3367.  10434.
   2644.]
91 [  9955.   4209.   6000.   7580.   7979.   4335.   3505.   3362.  10436.
   2639.]
92 [  9951.   4212.   6005.   7581.   7965.   4340.   3502.   3360.  10448.
   2636.]
93 [  9955.   4217.   5993.   7580.   7948.   4352.   3498.   3357.  10461.
   2639.]
94 [  9953.   4222.   5989.   7581.   7934.   4362.   3499.   3354.  10478.
   2628.]
95 [  9959.   4223.   5976.   7585.   7908.   4373.   3503.   3345.  10498.
   2630.]
96 [  9958.   4225.   5942.   7595.   7886.   4388.   3505.   3343.  10534.
   2624.]
97 [  9963.   4229.   5905.   7603.   7861.   4398.   3507.   3343.  10568.
   2623.]
98 [  9959.   4237.   5860.   7616.   7854.   4404.   3506.   3346.  10606.
   2612.]
99 [  9941.   4244.   5827.   7625.   7847.   4412.   3504.   3348.  10641.
   2611.]
100 [  9928.   4247.   5798.   7642.   7831.   4421.   3501.   3353.  10670.
   2609.]
101 [  9929.   4245.   5774.   7659.   7809.   4432.   3500.   3355.  10692.
   2605.]
102 [  9922.   4252.   5733.   7670.   7796.   4442.   3501.   3355.  10726.
   2603.]
103 [  9919.   4256.   5694.   7690.   7778.   4447.   3502.   3351.  10761.
   2602.]
104 [  9916.   4256.   5662.   7713.   7766.   4452.   3502.   3348.  10786.
   2599.]
105 [  9920.   4260.   5642.   7722.   7744.   4460.   3498.   3343.  10813.
   2598.]
106 [  9930.   4261.   5639.   7721.   7724.   4470.   3498.   3342.  10819.
   2596.]
107 [  9931.   4259.   5653.   7719.   7698.   4486.   3499.   3336.  10828.
   2591.]
108 [  9935.   4254.   5664.   7717.   7672.   4500.   3506.   3334.  10835.
   2583.]
109 [  9939.   4255.   5672.   7712.   7655.   4509.   3507.   3330.  10847.
   2574.]
110 [  9939.   4257.   5681.   7709.   7641.   4519.   3509.   3322.  10860.
   2563.]
111 [  9946.   4254.   5697.   7704.   7616.   4533.   3509.   3323.  10861.
   2557.]
112 [  9943.   4256.   5724.   7695.   7599.   4540.   3509.   3319.  10868.
   2547.]
113 [  9943.   4259.   5729.   7700.   7580.   4557.   3509.   3315.  10871.
   2537.]
114 [  9941.   4258.   5731.   7696.   7574.   4567.   3507.   3309.  10882.
   2535.]
115 [  9931.   4256.   5761.   7690.   7566.   4570.   3505.   3306.  10888.
   2527.]
116 [  9921.   4254.   5793.   7682.   7562.   4577.   3504.   3303.  10889.
   2515.]
117 [  9912.   4259.   5825.   7669.   7550.   4580.   3502.   3300.  10889.
   2514.]
118 [  9906.   4258.   5861.   7666.   7532.   4580.   3502.   3297.  10890.
   2508.]
119 [  9903.   4262.   5870.   7666.   7519.   4590.   3504.   3293.  10896.
   2497.]
120 [  9899.   4263.   5870.   7667.   7516.   4597.   3500.   3289.  10902.
   2497.]
121 [  9897.   4260.   5883.   7668.   7500.   4608.   3497.   3282.  10910.
   2495.]
122 [  9891.   4260.   5894.   7660.   7492.   4614.   3501.   3276.  10918.
   2494.]
123 [  9894.   4256.   5907.   7655.   7483.   4618.   3500.   3270.  10926.
   2491.]
124 [  9894.   4256.   5911.   7649.   7475.   4634.   3497.   3266.  10926.
   2492.]
125 [  9897.   4255.   5925.   7634.   7464.   4650.   3497.   3263.  10927.
   2488.]
126 [  9895.   4255.   5939.   7631.   7456.   4659.   3500.   3257.  10922.
   2486.]
127 [  9895.   4256.   5962.   7629.   7443.   4661.   3498.   3252.  10926.
   2478.]
128 [  9889.   4258.   5976.   7627.   7441.   4669.   3498.   3248.  10922.
   2472.]
129 [  9882.   4258.   5982.   7623.   7447.   4673.   3497.   3242.  10927.
   2469.]
130 [  9885.   4258.   5993.   7618.   7442.   4674.   3499.   3234.  10934.
   2463.]
131 [  9881.   4259.   5999.   7619.   7435.   4682.   3499.   3231.  10935.
   2460.]
132 [  9884.   4259.   6004.   7615.   7427.   4688.   3499.   3228.  10940.
   2456.]
133 [  9886.   4256.   6009.   7615.   7424.   4690.   3498.   3225.  10947.
   2450.]
134 [  9885.   4253.   6009.   7608.   7423.   4696.   3499.   3223.  10957.
   2447.]
135 [  9884.   4252.   6020.   7600.   7420.   4701.   3497.   3222.  10961.
   2443.]
136 [  9884.   4253.   6025.   7595.   7418.   4708.   3496.   3220.  10959.
   2442.]
137 [  9887.   4252.   6029.   7589.   7419.   4713.   3497.   3219.  10956.
   2439.]
138 [  9888.   4252.   6042.   7583.   7417.   4717.   3497.   3215.  10954.
   2435.]
139 [  9885.   4252.   6052.   7580.   7409.   4719.   3496.   3216.  10955.
   2436.]
140 [  9879.   4253.   6068.   7581.   7397.   4724.   3494.   3218.  10957.
   2429.]
141 [  9882.   4253.   6079.   7576.   7390.   4732.   3491.   3215.  10956.
   2426.]
142 [  9876.   4251.   6084.   7574.   7385.   4739.   3490.   3212.  10964.
   2425.]
143 [  9862.   4254.   6098.   7572.   7384.   4748.   3489.   3210.  10965.
   2418.]
144 [  9843.   4255.   6114.   7570.   7390.   4753.   3485.   3204.  10971.
   2415.]
145 [  9833.   4254.   6137.   7563.   7390.   4762.   3480.   3198.  10974.
   2409.]
146 [  9813.   4253.   6179.   7559.   7383.   4772.   3479.   3193.  10971.
   2398.]
147 [  9797.   4253.   6204.   7554.   7382.   4776.   3479.   3190.  10972.
   2393.]
148 [  9784.   4252.   6234.   7549.   7377.   4780.   3480.   3187.  10974.
   2383.]
149 [  9781.   4250.   6253.   7543.   7376.   4786.   3479.   3184.  10972.
   2376.]
150 [  9772.   4248.   6286.   7535.   7365.   4790.   3478.   3180.  10974.
   2372.]
151 [  9763.   4250.   6307.   7532.   7356.   4793.   3477.   3177.  10977.
   2368.]
152 [  9757.   4249.   6322.   7532.   7350.   4799.   3474.   3172.  10984.
   2361.]
153 [  9749.   4248.   6348.   7529.   7345.   4802.   3473.   3169.  10981.
   2356.]
154 [  9738.   4251.   6364.   7528.   7344.   4806.   3473.   3165.  10984.
   2347.]
155 [  9727.   4251.   6396.   7526.   7341.   4810.   3472.   3161.  10988.
   2328.]
156 [  9706.   4247.   6431.   7520.   7340.   4815.   3470.   3158.  10999.
   2314.]
157 [  9672.   4249.   6470.   7518.   7335.   4823.   3470.   3153.  11006.
   2304.]
158 [  9651.   4249.   6481.   7518.   7337.   4834.   3467.   3148.  11018.
   2297.]
159 [  9622.   4253.   6508.   7509.   7338.   4839.   3464.   3142.  11028.
   2297.]
160 [  9596.   4256.   6553.   7500.   7341.   4845.   3463.   3136.  11033.
   2277.]
161 [  9567.   4259.   6604.   7482.   7341.   4854.   3461.   3127.  11043.
   2262.]
162 [  9537.   4258.   6660.   7470.   7337.   4865.   3466.   3118.  11040.
   2249.]
163 [  9503.   4258.   6726.   7449.   7331.   4877.   3463.   3108.  11055.
   2230.]
164 [  9482.   4256.   6794.   7419.   7330.   4893.   3459.   3097.  11056.
   2214.]
165 [  9452.   4247.   6871.   7390.   7327.   4911.   3463.   3085.  11066.
   2188.]
166 [  9430.   4245.   6925.   7375.   7319.   4929.   3466.   3066.  11079.
   2166.]
167 [  9400.   4237.   7021.   7364.   7308.   4941.   3467.   3038.  11079.
   2145.]
168 [  9359.   4235.   7110.   7347.   7305.   4954.   3466.   3015.  11093.
   2116.]
169 [  9293.   4235.   7204.   7329.   7313.   4964.   3466.   2997.  11122.
   2077.]
170 [  9237.   4236.   7268.   7314.   7323.   4984.   3466.   2981.  11154.
   2037.]
171 [  9163.   4231.   7330.   7304.   7347.   4993.   3473.   2959.  11193.
   2007.]
172 [  9103.   4228.   7415.   7277.   7377.   5008.   3474.   2937.  11220.
   1961.]
173 [  9049.   4228.   7461.   7255.   7421.   5018.   3471.   2904.  11265.
   1928.]
174 [  8980.   4223.   7534.   7236.   7458.   5035.   3476.   2885.  11292.
   1881.]
175 [  8913.   4227.   7580.   7211.   7501.   5052.   3477.   2872.  11313.
   1854.]
176 [  8832.   4226.   7660.   7188.   7530.   5071.   3477.   2860.  11340.
   1816.]
177 [  8768.   4212.   7765.   7154.   7553.   5090.   3478.   2845.  11358.
   1777.]
178 [  8703.   4205.   7844.   7127.   7578.   5105.   3480.   2834.  11384.
   1740.]
179 [  8642.   4212.   7891.   7110.   7606.   5113.   3478.   2826.  11401.
   1721.]
180 [  8564.   4212.   7955.   7107.   7630.   5123.   3481.   2812.  11425.
   1691.]
181 [  8500.   4207.   7990.   7106.   7657.   5130.   3486.   2802.  11444.
   1678.]
182 [  8452.   4206.   8038.   7103.   7685.   5133.   3488.   2792.  11453.
   1650.]
183 [  8408.   4204.   8056.   7097.   7726.   5131.   3486.   2786.  11468.
   1638.]
184 [  8371.   4203.   8065.   7099.   7760.   5129.   3486.   2783.  11485.
   1619.]
185 [  8333.   4204.   8096.   7097.   7767.   5126.   3490.   2775.  11505.
   1607.]
186 [  8294.   4202.   8140.   7092.   7781.   5125.   3489.   2768.  11522.
   1587.]
187 [  8290.   4204.   8140.   7090.   7796.   5125.   3488.   2768.  11532.
   1567.]
188 [  8291.   4204.   8134.   7079.   7814.   5124.   3491.   2767.  11544.
   1552.]
189 [  8287.   4204.   8119.   7086.   7828.   5124.   3491.   2767.  11551.
   1543.]
190 [  8289.   4208.   8086.   7095.   7836.   5122.   3494.   2770.  11552.
   1548.]
191 [  8291.   4215.   8040.   7099.   7849.   5119.   3496.   2772.  11562.
   1557.]
192 [  8287.   4220.   7994.   7119.   7870.   5115.   3496.   2773.  11567.
   1559.]
193 [  8287.   4224.   7967.   7135.   7887.   5112.   3495.   2771.  11576.
   1546.]
194 [  8299.   4229.   7929.   7142.   7900.   5110.   3500.   2776.  11578.
   1537.]
195 [  8313.   4234.   7896.   7140.   7913.   5112.   3504.   2778.  11577.
   1533.]
196 [  8331.   4239.   7850.   7151.   7916.   5112.   3503.   2780.  11587.
   1531.]
197 [  8349.   4237.   7804.   7161.   7921.   5112.   3504.   2783.  11596.
   1533.]
198 [  8355.   4236.   7750.   7177.   7928.   5111.   3505.   2788.  11606.
   1544.]
199 [  8371.   4235.   7704.   7181.   7938.   5107.   3507.   2790.  11614.
   1553.]
200 [  8383.   4235.   7657.   7179.   7953.   5104.   3509.   2792.  11618.
   1570.]
201 [  8390.   4236.   7640.   7171.   7958.   5104.   3509.   2792.  11618.
   1582.]
202 [  8389.   4240.   7615.   7172.   7966.   5102.   3512.   2792.  11620.
   1592.]
203 [  8390.   4241.   7607.   7169.   7972.   5099.   3513.   2791.  11623.
   1595.]
204 [  8391.   4240.   7607.   7166.   7983.   5095.   3516.   2790.  11620.
   1592.]
205 [  8384.   4241.   7605.   7168.   7992.   5091.   3515.   2787.  11626.
   1591.]
206 [  8383.   4244.   7584.   7173.   8003.   5090.   3514.   2786.  11631.
   1592.]
207 [  8384.   4246.   7567.   7179.   8016.   5089.   3514.   2785.  11630.
   1590.]
208 [  8381.   4245.   7555.   7176.   8031.   5089.   3516.   2785.  11633.
   1589.]
209 [  8380.   4242.   7558.   7173.   8040.   5089.   3517.   2784.  11633.
   1584.]
210 [  8380.   4244.   7542.   7178.   8045.   5087.   3523.   2782.  11630.
   1589.]
211 [  8376.   4245.   7536.   7185.   8050.   5086.   3524.   2781.  11628.
   1589.]
212 [  8378.   4244.   7526.   7188.   8051.   5085.   3527.   2782.  11631.
   1588.]
213 [  8379.   4246.   7509.   7190.   8060.   5084.   3531.   2783.  11631.
   1587.]
214 [  8369.   4248.   7497.   7192.   8066.   5083.   3533.   2783.  11628.
   1601.]
215 [  8366.   4249.   7467.   7195.   8071.   5082.   3535.   2783.  11630.
   1622.]
216 [  8360.   4249.   7460.   7194.   8072.   5080.   3537.   2781.  11627.
   1640.]
217 [  8352.   4246.   7445.   7194.   8078.   5080.   3535.   2781.  11628.
   1661.]
218 [  8347.   4240.   7425.   7199.   8082.   5080.   3536.   2780.  11631.
   1680.]
219 [  8343.   4240.   7427.   7187.   8082.   5080.   3536.   2782.  11629.
   1694.]
220 [  8347.   4240.   7419.   7168.   8085.   5077.   3539.   2780.  11628.
   1717.]
221 [  8349.   4240.   7410.   7151.   8088.   5076.   3540.   2780.  11623.
   1743.]
222 [  8355.   4240.   7402.   7137.   8092.   5074.   3543.   2779.  11617.
   1761.]
223 [  8357.   4241.   7391.   7131.   8093.   5074.   3542.   2778.  11616.
   1777.]
224 [  8361.   4242.   7376.   7123.   8102.   5074.   3546.   2778.  11615.
   1783.]
225 [  8369.   4245.   7365.   7108.   8110.   5074.   3547.   2781.  11614.
   1787.]
226 [  8374.   4240.   7358.   7102.   8118.   5074.   3548.   2782.  11616.
   1788.]
227 [  8389.   4239.   7345.   7098.   8125.   5074.   3549.   2782.  11624.
   1775.]
228 [  8396.   4235.   7345.   7096.   8133.   5075.   3551.   2782.  11636.
   1751.]
229 [  8419.   4235.   7348.   7094.   8142.   5075.   3550.   2780.  11647.
   1710.]
230 [  8430.   4230.   7337.   7112.   8153.   5073.   3553.   2780.  11655.
   1677.]
231 [  8446.   4225.   7323.   7126.   8165.   5071.   3555.   2783.  11678.
   1628.]
232 [  8460.   4227.   7290.   7136.   8180.   5075.   3554.   2790.  11697.
   1591.]
233 [  8458.   4229.   7239.   7149.   8219.   5081.   3555.   2800.  11717.
   1553.]
234 [  8469.   4223.   7182.   7187.   8254.   5081.   3559.   2808.  11750.
   1487.]
235 [  8467.   4225.   7109.   7226.   8290.   5086.   3563.   2821.  11770.
   1443.]
236 [  8460.   4227.   7060.   7246.   8310.   5086.   3572.   2834.  11793.
   1412.]
237 [  8467.   4223.   7001.   7271.   8332.   5093.   3578.   2841.  11815.
   1379.]
238 [  8475.   4221.   6855.   7309.   8378.   5096.   3584.   2865.  11848.
   1369.]
239 [  8503.   4221.   6672.   7352.   8421.   5097.   3590.   2887.  11894.
   1363.]
240 [  8545.   4225.   6478.   7374.   8466.   5101.   3595.   2907.  11937.
   1372.]
241 [  8597.   4228.   6279.   7397.   8495.   5103.   3591.   2932.  11976.
   1402.]
242 [  8623.   4234.   6119.   7412.   8523.   5100.   3592.   2950.  12008.
   1439.]
243 [  8658.   4239.   5970.   7410.   8542.   5105.   3596.   2967.  12031.
   1482.]
244 [  8672.   4241.   5860.   7405.   8563.   5104.   3591.   2990.  12047.
   1527.]
245 [  8678.   4241.   5790.   7395.   8591.   5103.   3588.   3006.  12054.
   1554.]
246 [  8667.   4234.   5749.   7387.   8606.   5104.   3591.   3012.  12060.
   1590.]
247 [  8664.   4233.   5745.   7361.   8615.   5105.   3592.   3018.  12060.
   1607.]
248 [  8652.   4229.   5759.   7335.   8631.   5104.   3588.   3024.  12056.
   1622.]
249 [  8629.   4226.   5773.   7314.   8635.   5102.   3590.   3026.  12066.
   1639.]
250 [  8609.   4227.   5798.   7300.   8635.   5102.   3591.   3028.  12064.
   1646.]
251 [  8591.   4226.   5815.   7291.   8637.   5103.   3590.   3031.  12063.
   1653.]
252 [  8584.   4224.   5826.   7289.   8634.   5104.   3591.   3030.  12061.
   1657.]
253 [  8580.   4224.   5827.   7288.   8633.   5104.   3590.   3029.  12059.
   1666.]
254 [  8569.   4225.   5836.   7289.   8633.   5104.   3590.   3030.  12055.
   1669.]
255 [  8560.   4223.   5837.   7286.   8639.   5103.   3589.   3031.  12058.
   1674.]
256 [  8561.   4225.   5833.   7286.   8639.   5103.   3586.   3031.  12055.
   1681.]
257 [  8560.   4223.   5834.   7287.   8641.   5103.   3585.   3032.  12052.
   1683.]
258 [  8559.   4224.   5838.   7285.   8644.   5103.   3581.   3032.  12051.
   1683.]
259 [  8553.   4226.   5841.   7285.   8648.   5102.   3582.   3031.  12049.
   1683.]
260 [  8552.   4228.   5840.   7282.   8649.   5102.   3581.   3031.  12049.
   1686.]
261 [  8551.   4232.   5843.   7278.   8649.   5102.   3577.   3031.  12049.
   1688.]
262 [  8552.   4237.   5847.   7271.   8648.   5102.   3576.   3030.  12049.
   1688.]
263 [  8551.   4238.   5850.   7268.   8648.   5102.   3575.   3030.  12049.
   1689.]
264 [  8551.   4242.   5850.   7266.   8649.   5102.   3574.   3028.  12048.
   1690.]
265 [  8549.   4246.   5856.   7263.   8649.   5102.   3571.   3027.  12048.
   1689.]
266 [  8547.   4246.   5862.   7262.   8649.   5102.   3568.   3027.  12049.
   1688.]
267 [  8548.   4249.   5865.   7262.   8646.   5102.   3569.   3023.  12049.
   1687.]
268 [  8549.   4245.   5863.   7263.   8647.   5102.   3569.   3022.  12049.
   1691.]
269 [  8549.   4245.   5864.   7263.   8648.   5102.   3567.   3022.  12049.
   1691.]
270 [  8547.   4247.   5865.   7262.   8650.   5102.   3565.   3021.  12050.
   1691.]
271 [  8545.   4247.   5868.   7261.   8651.   5102.   3565.   3020.  12051.
   1690.]
272 [  8545.   4247.   5865.   7260.   8655.   5102.   3567.   3019.  12050.
   1690.]
273 [  8544.   4247.   5865.   7260.   8656.   5102.   3567.   3019.  12050.
   1690.]
274 [  8543.   4247.   5864.   7260.   8658.   5102.   3567.   3019.  12050.
   1690.]
275 [  8542.   4247.   5864.   7260.   8658.   5102.   3567.   3019.  12050.
   1691.]
276 [  8542.   4247.   5861.   7260.   8658.   5102.   3567.   3019.  12050.
   1694.]
277 [  8542.   4247.   5864.   7260.   8658.   5102.   3567.   3019.  12047.
   1694.]
278 [  8542.   4247.   5863.   7259.   8658.   5102.   3568.   3019.  12046.
   1696.]
279 [  8541.   4247.   5862.   7259.   8659.   5102.   3571.   3016.  12046.
   1697.]
280 [  8539.   4248.   5866.   7258.   8659.   5102.   3574.   3012.  12046.
   1696.]
281 [  8538.   4248.   5869.   7258.   8658.   5102.   3578.   3009.  12044.
   1696.]
282 [  8539.   4248.   5868.   7256.   8658.   5102.   3579.   3008.  12043.
   1699.]
283 [  8536.   4248.   5871.   7255.   8659.   5102.   3579.   3008.  12043.
   1699.]
284 [  8534.   4248.   5872.   7254.   8659.   5102.   3581.   3008.  12043.
   1699.]
285 [  8533.   4248.   5873.   7254.   8659.   5101.   3583.   3007.  12043.
   1699.]
286 [  8533.   4250.   5875.   7253.   8660.   5101.   3581.   3007.  12043.
   1697.]
287 [  8531.   4249.   5877.   7253.   8661.   5101.   3581.   3007.  12043.
   1697.]
288 [  8533.   4249.   5876.   7253.   8661.   5101.   3581.   3007.  12043.
   1696.]
[  8533.   4249.   5876.   7253.   8661.   5101.   3581.   3007.  12043.
   1696.]
Time spent clustering :  9892.88335013
medians_kplusplus_cluster10
Digit: 0  Purity: 89.9% SD: 2017.0  Count: 5101
Digit: 1  Purity: 60.5% SD: 1413.2  Count: 10837
Digit: 2  Purity:  0.0% SD:    0.0  Count: 0
Digit: 3  Purity: 41.9% SD: 1967.7  Count: 12043
Digit: 4  Purity: 50.6% SD: 1851.9  Count: 8533
Digit: 5  Purity: 20.8% SD: 1891.2  Count: 1696
Digit: 6  Purity: 50.5% SD: 2029.0  Count: 8661
Digit: 7  Purity: 39.6% SD: 1777.8  Count: 13129
Digit: 8  Purity:  0.0% SD:    0.0  Count: 0
Digit: 9  Purity:  0.0% SD:    0.0  Count: 0
Our accuracy in predicting test data for k = 10 was 50.8450845085 %
Time spent testing :  8.89895510674
