50 medians random 100
0 [ 1419.   862.  7607.  1145.  1017.  2081.   854.   578.   235.   808.
   978.  1070.   934.  1394.   390.  2799.  1515.    76.   960.   988.
  1664.   700.   508.  1263.  1111.   251.  1173.  1260.   681.  1531.
   762.   739.  2320.   541.   859.  1209.   511.   613.  3602.   655.
  1646.  3109.   795.   755.   815.  1060.   404.  1147.   387.   219.]
1 [  734.   896.  5445.  1326.   670.  1716.  1129.  1226.   386.  1010.
   852.   982.   846.  1481.   645.  2342.  1863.   393.  1001.  1370.
  1272.   658.   914.  1260.  1066.   771.   902.  1252.   646.  1826.
   918.  1271.  1771.   775.  1071.  1147.   866.   628.  3038.  1737.
  1986.  2064.   634.   915.   807.  1122.   586.   926.   610.   248.]
2 [  685.   822.  4388.  1366.   686.  1700.  1122.  1437.   511.  1072.
   749.   937.   833.  1363.   783.  1647.  1727.   545.   992.  1504.
  1115.   619.  1101.  1573.  1255.   923.  1001.  1339.   673.  1825.
  1257.  1408.  1315.   892.  1106.  1478.  1041.   651.  2954.  1797.
  1823.  1867.   506.  1085.   759.  1079.   703.   894.   721.   371.]
3 [  577.   777.  3624.  1394.   830.  1764.  1041.  1501.   684.  1136.
   696.   891.   852.  1262.   900.  1588.  1644.   669.   949.  1383.
  1064.   605.  1141.  1768.  1370.   933.  1148.  1435.   762.  1712.
  1422.  1477.  1166.   949.  1070.  1531.  1134.   706.  2930.  1663.
  1630.  1715.   456.  1311.   740.  1047.   759.   928.   783.   483.]
4 [  537.   764.  3102.  1408.  1064.  1791.   985.  1505.   840.  1173.
   658.   868.   838.  1188.   954.  1617.  1586.   750.   899.  1230.
  1010.   605.  1178.  1819.  1437.   994.  1280.  1456.   880.  1623.
  1432.  1578.  1174.   963.  1046.  1457.  1173.   743.  2887.  1597.
  1480.  1659.   440.  1411.   734.  1064.   794.   956.   814.   559.]
5 [  461.   766.  2868.  1442.  1187.  1761.   950.  1522.  1017.  1169.
   647.   866.   853.  1141.   973.  1554.  1546.   792.   857.  1111.
   946.   581.  1215.  1802.  1458.  1016.  1313.  1437.  1014.  1568.
  1403.  1625.  1241.   984.  1023.  1398.  1231.   804.  2827.  1572.
  1399.  1604.   418.  1527.   733.  1136.   821.   958.   853.   610.]
6 [  335.   753.  2777.  1436.  1184.  1718.   945.  1524.  1160.  1139.
   647.   888.   902.  1104.   986.  1445.  1527.   844.   836.  1025.
   897.   567.  1247.  1735.  1447.  1054.  1294.  1444.  1207.  1563.
  1397.  1616.  1300.   975.  1002.  1373.  1281.   848.  2731.  1559.
  1354.  1546.   419.  1641.   747.  1233.   834.   960.   913.   641.]
7 [  253.   745.  2737.  1437.  1147.  1680.   934.  1546.  1261.  1117.
   643.   905.   946.  1089.   989.  1212.  1520.   864.   824.  1004.
   845.   559.  1278.  1690.  1427.  1080.  1296.  1463.  1437.  1544.
  1378.  1586.  1330.   981.  1008.  1342.  1325.   897.  2644.  1571.
  1341.  1512.   415.  1734.   757.  1320.   830.   962.   923.   672.]
8 [  377.   736.  2736.  1425.  1117.  1635.   945.  1560.  1270.  1128.
   637.   901.   977.  1064.   988.   765.  1519.   870.   825.  1029.
   814.   546.  1279.  1668.  1423.  1090.  1309.  1471.  1598.  1538.
  1352.  1575.  1351.   996.  1065.  1311.  1363.   928.  2588.  1577.
  1337.  1501.   411.  1808.   771.  1395.   829.   986.   917.   699.]
9 [  402.   735.  2720.  1418.  1103.  1608.   939.  1572.  1280.  1127.
   631.   906.   992.  1030.   987.   626.  1507.   903.   821.  1064.
   797.   543.  1271.  1632.  1404.  1083.  1278.  1466.  1678.  1525.
  1334.  1566.  1380.  1011.  1130.  1297.  1394.   956.  2515.  1594.
  1336.  1476.   401.  1866.   773.  1427.   823.  1025.   923.   725.]
10 [  360.   743.  2704.  1426.  1103.  1593.   927.  1590.  1288.  1129.
   618.   908.  1015.  1006.   983.   591.  1495.   923.   806.  1098.
   804.   545.  1269.  1602.  1383.  1077.  1259.  1462.  1668.  1528.
  1330.  1560.  1407.  1037.  1163.  1292.  1429.   984.  2445.  1619.
  1330.  1456.   400.  1918.   765.  1437.   827.  1046.   918.   734.]
11 [  327.   757.  2688.  1427.  1126.  1574.   921.  1613.  1268.  1132.
   616.   917.  1043.   971.   980.   564.  1483.   938.   797.  1153.
   828.   541.  1294.  1568.  1365.  1055.  1250.  1461.  1581.  1532.
  1331.  1556.  1431.  1066.  1197.  1294.  1455.   987.  2383.  1629.
  1329.  1458.   393.  1961.   766.  1445.   827.  1064.   918.   740.]
12 [  329.   761.  2659.  1429.  1144.  1551.   918.  1639.  1246.  1142.
   610.   923.  1090.   955.   976.   555.  1492.   959.   784.  1199.
   867.   546.  1311.  1544.  1347.  1043.  1229.  1467.  1433.  1531.
  1324.  1559.  1440.  1093.  1198.  1290.  1469.  1000.  2350.  1644.
  1323.  1456.   410.  1992.   763.  1446.   837.  1062.   918.   747.]
13 [  328.   765.  2646.  1420.  1162.  1534.   910.  1667.  1257.  1133.
   599.   929.  1138.   942.   976.   558.  1498.   976.   789.  1227.
   881.   544.  1322.  1527.  1333.  1036.  1196.  1464.  1316.  1532.
  1319.  1554.  1457.  1116.  1183.  1285.  1488.  1006.  2328.  1656.
  1320.  1453.   420.  2008.   752.  1454.   844.  1066.   932.   754.]
14 [  342.   773.  2633.  1406.  1177.  1521.   904.  1685.  1256.  1130.
   597.   918.  1181.   939.   982.   560.  1495.   991.   790.  1241.
   895.   552.  1331.  1514.  1325.  1028.  1182.  1457.  1218.  1531.
  1317.  1548.  1467.  1123.  1177.  1279.  1509.  1017.  2314.  1662.
  1324.  1454.   419.  2029.   747.  1457.   847.  1068.   933.   755.]
15 [  352.   776.  2624.  1407.  1181.  1519.   900.  1706.  1248.  1128.
   588.   914.  1203.   929.   982.   558.  1490.  1009.   795.  1275.
   896.   555.  1343.  1502.  1306.  1022.  1167.  1457.  1158.  1529.
  1319.  1542.  1487.  1127.  1174.  1272.  1526.  1021.  2293.  1666.
  1317.  1463.   420.  2037.   741.  1468.   852.  1071.   929.   756.]
16 [  369.   774.  2616.  1419.  1184.  1517.   894.  1711.  1258.  1122.
   584.   896.  1224.   928.   984.   577.  1487.  1033.   792.  1283.
   906.   561.  1333.  1490.  1291.  1017.  1162.  1454.  1114.  1529.
  1314.  1530.  1486.  1137.  1170.  1274.  1533.  1022.  2263.  1670.
  1313.  1471.   417.  2049.   744.  1472.   863.  1076.   924.   763.]
17 [  388.   776.  2614.  1428.  1195.  1520.   887.  1712.  1263.  1120.
   590.   895.  1246.   920.   978.   583.  1494.  1056.   783.  1300.
   917.   559.  1329.  1466.  1278.  1012.  1157.  1443.  1088.  1530.
  1317.  1524.  1493.  1142.  1161.  1277.  1543.  1022.  2211.  1676.
  1307.  1471.   419.  2052.   734.  1474.   870.  1078.   926.   776.]
18 [  417.   776.  2596.  1431.  1211.  1519.   883.  1710.  1271.  1115.
   596.   891.  1258.   913.   971.   599.  1494.  1073.   781.  1317.
   931.   560.  1329.  1458.  1270.  1009.  1159.  1431.  1071.  1534.
  1321.  1519.  1506.  1146.  1161.  1275.  1550.  1016.  2113.  1676.
  1303.  1477.   424.  2059.   724.  1485.   875.  1077.   930.   789.]
19 [  456.   776.  2564.  1440.  1224.  1519.   877.  1706.  1276.  1108.
   614.   882.  1280.   915.   970.   623.  1496.  1096.   775.  1324.
   944.   564.  1333.  1453.  1267.  1012.  1173.  1420.  1071.  1542.
  1324.  1508.  1514.  1153.  1163.  1273.  1563.  1021.  1948.  1682.
  1302.  1486.   422.  2067.   709.  1488.   874.  1073.   935.   795.]
20 [  494.   783.  2517.  1444.  1244.  1516.   873.  1722.  1281.  1108.
   621.   870.  1298.   920.   963.   645.  1498.  1120.   772.  1328.
   961.   567.  1340.  1444.  1264.  1012.  1156.  1415.  1017.  1555.
  1321.  1508.  1522.  1173.  1159.  1271.  1568.  1017.  1844.  1688.
  1303.  1489.   432.  2068.   708.  1494.   876.  1066.   945.   800.]
21 [  491.   786.  2424.  1443.  1262.  1508.   876.  1720.  1287.  1105.
   636.   865.  1286.   923.   961.   642.  1492.  1138.   774.  1323.
   981.   569.  1343.  1432.  1264.  1018.  1160.  1403.  1032.  1563.
  1323.  1509.  1535.  1184.  1166.  1269.  1579.  1015.  1851.  1689.
  1301.  1501.   440.  2050.   700.  1496.   873.  1056.   956.   800.]
22 [  477.   789.  2345.  1438.  1275.  1504.   881.  1708.  1290.  1109.
   647.   869.  1289.   923.   962.   625.  1489.  1162.   771.  1322.
   989.   572.  1347.  1413.  1264.  1016.  1146.  1401.  1068.  1567.
  1322.  1504.  1544.  1182.  1163.  1265.  1594.  1014.  1907.  1696.
  1295.  1504.   451.  2023.   685.  1501.   874.  1051.   965.   802.]
23 [  474.   790.  2292.  1439.  1282.  1500.   887.  1698.  1298.  1111.
   666.   858.  1297.   929.   962.   630.  1494.  1186.   773.  1313.
   991.   577.  1345.  1393.  1260.  1018.  1122.  1396.  1104.  1576.
  1326.  1490.  1540.  1185.  1169.  1254.  1603.  1015.  1956.  1697.
  1293.  1520.   468.  1980.   668.  1500.   868.  1042.   962.   803.]
24 [  469.   796.  2268.  1437.  1296.  1500.   888.  1683.  1296.  1110.
   671.   858.  1299.   927.   967.   640.  1507.  1212.   775.  1300.
   994.   585.  1336.  1381.  1259.  1023.  1092.  1385.  1155.  1574.
  1324.  1474.  1544.  1183.  1173.  1238.  1610.  1012.  1981.  1704.
  1290.  1537.   491.  1933.   656.  1495.   862.  1035.   972.   803.]
25 [  473.   804.  2204.  1440.  1298.  1496.   880.  1659.  1298.  1107.
   677.   860.  1307.   922.   977.   642.  1528.  1235.   776.  1293.
   996.   585.  1340.  1359.  1257.  1026.  1053.  1378.  1201.  1568.
  1323.  1453.  1556.  1182.  1177.  1224.  1617.  1016.  2045.  1705.
  1281.  1551.   525.  1901.   649.  1496.   858.  1034.   971.   797.]
26 [  464.   805.  2177.  1445.  1301.  1491.   870.  1647.  1300.  1102.
   696.   837.  1306.   919.   978.   659.  1529.  1249.   776.  1288.
   997.   588.  1343.  1345.  1260.  1029.  1032.  1375.  1249.  1562.
  1321.  1441.  1570.  1189.  1173.  1206.  1620.  1022.  2093.  1698.
  1277.  1571.   552.  1840.   650.  1497.   856.  1024.   981.   800.]
27 [  459.   811.  2161.  1450.  1299.  1490.   867.  1637.  1305.  1101.
   706.   814.  1318.   913.   992.   664.  1532.  1266.   774.  1284.
   996.   589.  1336.  1334.  1261.  1027.  1027.  1367.  1306.  1560.
  1320.  1421.  1574.  1197.  1174.  1194.  1626.  1028.  2106.  1694.
  1266.  1583.   586.  1783.   644.  1499.   853.  1022.   976.   808.]
28 [  455.   813.  2136.  1449.  1295.  1487.   874.  1609.  1300.  1101.
   728.   800.  1319.   910.   994.   688.  1554.  1291.   772.  1286.
  1001.   587.  1334.  1325.  1257.  1021.  1026.  1357.  1353.  1558.
  1320.  1412.  1574.  1198.  1169.  1169.  1618.  1030.  2135.  1696.
  1258.  1580.   619.  1735.   643.  1501.   852.  1028.   972.   811.]
29 [  454.   813.  2123.  1454.  1294.  1478.   876.  1604.  1302.  1098.
   735.   792.  1310.   913.  1002.   687.  1552.  1309.   765.  1288.
  1004.   587.  1332.  1315.  1255.  1019.  1024.  1353.  1416.  1556.
  1314.  1403.  1575.  1198.  1174.  1160.  1614.  1032.  2138.  1693.
  1244.  1608.   645.  1681.   642.  1503.   856.  1020.   972.   818.]
30 [  456.   812.  2082.  1453.  1292.  1471.   877.  1595.  1308.  1090.
   746.   786.  1307.   920.  1007.   695.  1564.  1324.   768.  1291.
  1005.   587.  1328.  1312.  1253.  1017.  1015.  1335.  1468.  1562.
  1306.  1394.  1574.  1208.  1174.  1143.  1607.  1034.  2157.  1703.
  1234.  1628.   660.  1648.   635.  1501.   857.  1017.   974.   820.]
31 [  458.   812.  2059.  1451.  1295.  1468.   877.  1575.  1305.  1089.
   752.   763.  1310.   925.  1004.   684.  1580.  1328.   770.  1299.
  1001.   588.  1347.  1307.  1254.  1013.  1001.  1325.  1514.  1568.
  1297.  1390.  1575.  1210.  1174.  1138.  1601.  1035.  2162.  1709.
  1220.  1659.   688.  1622.   633.  1500.   857.  1015.   972.   821.]
32 [  460.   812.  2047.  1451.  1296.  1464.   879.  1567.  1299.  1089.
   763.   744.  1315.   925.  1002.   690.  1580.  1330.   769.  1297.
  1001.   588.  1350.  1305.  1257.  1012.  1000.  1321.  1561.  1564.
  1293.  1380.  1576.  1218.  1170.  1127.  1601.  1035.  2155.  1716.
  1201.  1684.   714.  1594.   631.  1504.   861.  1011.   970.   821.]
33 [  457.   810.  2038.  1455.  1300.  1455.   879.  1561.  1293.  1091.
   779.   727.  1322.   923.  1006.   705.  1573.  1341.   770.  1291.
  1000.   588.  1353.  1293.  1258.  1018.  1007.  1314.  1610.  1562.
  1297.  1363.  1577.  1223.  1175.  1112.  1596.  1039.  2126.  1729.
  1187.  1715.   727.  1570.   624.  1505.   859.  1007.   966.   824.]
34 [  457.   810.  2018.  1453.  1302.  1453.   879.  1550.  1294.  1095.
   789.   710.  1321.   926.  1012.   713.  1547.  1350.   769.  1287.
  1000.   587.  1354.  1288.  1258.  1022.  1014.  1310.  1652.  1578.
  1296.  1348.  1581.  1225.  1178.  1095.  1591.  1040.  2096.  1746.
  1173.  1737.   759.  1557.   623.  1509.   859.  1004.   963.   822.]
35 [  456.   815.  1995.  1454.  1303.  1449.   880.  1532.  1296.  1096.
   801.   704.  1326.   925.  1022.   715.  1517.  1355.   759.  1284.
  1001.   587.  1360.  1284.  1257.  1024.  1008.  1311.  1691.  1603.
  1293.  1340.  1587.  1226.  1177.  1089.  1585.  1043.  2076.  1766.
  1153.  1748.   784.  1551.   621.  1512.   859.   997.   959.   824.]
36 [  454.   818.  1986.  1455.  1311.  1445.   880.  1525.  1299.  1095.
   809.   689.  1318.   926.  1030.   717.  1512.  1363.   759.  1282.
  1002.   586.  1356.  1281.  1254.  1026.  1012.  1307.  1733.  1616.
  1287.  1335.  1593.  1228.  1180.  1081.  1583.  1046.  2043.  1780.
  1140.  1748.   801.  1536.   621.  1516.   857.   990.   962.   827.]
37 [  453.   818.  1978.  1452.  1316.  1440.   883.  1539.  1298.  1097.
   815.   681.  1311.   925.  1030.   723.  1494.  1369.   758.  1278.
  1006.   588.  1355.  1287.  1255.  1027.  1005.  1298.  1766.  1632.
  1287.  1322.  1598.  1229.  1184.  1073.  1585.  1048.  2025.  1789.
  1126.  1748.   812.  1524.   624.  1516.   856.   985.   964.   828.]
38 [  450.   821.  1970.  1452.  1314.  1438.   885.  1537.  1300.  1097.
   817.   686.  1305.   924.  1033.   725.  1474.  1383.   756.  1275.
  1009.   590.  1351.  1289.  1255.  1024.   991.  1286.  1795.  1650.
  1280.  1315.  1608.  1236.  1186.  1071.  1589.  1055.  2010.  1794.
  1119.  1745.   822.  1519.   622.  1517.   857.   981.   963.   829.]
39 [  445.   822.  1946.  1453.  1317.  1436.   887.  1539.  1298.  1096.
   821.   680.  1297.   920.  1034.   721.  1447.  1388.   759.  1273.
  1012.   593.  1343.  1288.  1259.  1026.   998.  1292.  1809.  1651.
  1273.  1314.  1613.  1243.  1186.  1070.  1596.  1057.  2025.  1806.
  1112.  1746.   838.  1510.   619.  1517.   850.   977.   964.   834.]
40 [  442.   825.  1930.  1454.  1325.  1434.   882.  1541.  1297.  1097.
   824.   676.  1292.   919.  1030.   717.  1441.  1396.   756.  1274.
  1015.   594.  1339.  1293.  1260.  1027.   998.  1292.  1824.  1658.
  1269.  1306.  1616.  1244.  1184.  1058.  1598.  1061.  2028.  1822.
  1110.  1740.   849.  1503.   618.  1518.   847.   977.   964.   836.]
41 [  431.   826.  1925.  1453.  1328.  1433.   886.  1539.  1295.  1096.
   828.   672.  1288.   920.  1034.   710.  1436.  1400.   756.  1271.
  1014.   595.  1340.  1292.  1263.  1029.  1006.  1293.  1843.  1652.
  1266.  1296.  1615.  1245.  1186.  1068.  1596.  1065.  2026.  1835.
  1104.  1738.   856.  1492.   619.  1519.   842.   976.   964.   838.]
42 [  422.   829.  1921.  1453.  1331.  1432.   886.  1531.  1297.  1098.
   823.   672.  1289.   918.  1032.   711.  1438.  1405.   754.  1274.
  1011.   596.  1341.  1283.  1266.  1026.  1008.  1287.  1856.  1654.
  1253.  1291.  1619.  1245.  1187.  1076.  1594.  1065.  2024.  1858.
  1105.  1725.   867.  1487.   619.  1518.   845.   975.   964.   839.]
43 [  423.   831.  1913.  1452.  1330.  1432.   886.  1536.  1301.  1101.
   822.   669.  1284.   917.  1028.   704.  1443.  1417.   753.  1273.
  1009.   596.  1341.  1274.  1269.  1021.  1004.  1285.  1864.  1655.
  1247.  1287.  1630.  1245.  1189.  1082.  1596.  1069.  2031.  1869.
  1108.  1700.   871.  1478.   619.  1517.   846.   977.   965.   841.]
44 [  415.   832.  1906.  1452.  1333.  1429.   887.  1538.  1302.  1104.
   822.   670.  1277.   911.  1029.   697.  1438.  1422.   753.  1276.
  1008.   595.  1339.  1257.  1270.  1018.  1007.  1288.  1875.  1651.
  1245.  1280.  1648.  1244.  1191.  1093.  1594.  1070.  2032.  1884.
  1109.  1689.   882.  1471.   620.  1517.   843.   977.   967.   843.]
45 [  405.   832.  1905.  1453.  1336.  1429.   886.  1533.  1307.  1102.
   821.   669.  1274.   908.  1030.   698.  1434.  1429.   753.  1277.
  1007.   594.  1338.  1242.  1273.  1017.  1002.  1280.  1881.  1649.
  1238.  1279.  1670.  1243.  1191.  1102.  1592.  1072.  2030.  1895.
  1119.  1677.   890.  1463.   621.  1516.   845.   977.   971.   845.]
46 [  401.   832.  1901.  1455.  1337.  1428.   884.  1531.  1308.  1108.
   823.   670.  1274.   904.  1026.   691.  1432.  1434.   757.  1278.
  1002.   594.  1336.  1227.  1271.  1014.  1006.  1277.  1886.  1645.
  1234.  1272.  1675.  1245.  1189.  1108.  1598.  1075.  2031.  1912.
  1124.  1669.   903.  1460.   619.  1516.   842.   979.   971.   846.]
47 [  395.   833.  1899.  1456.  1339.  1429.   885.  1536.  1307.  1107.
   822.   675.  1264.   901.  1022.   683.  1426.  1439.   758.  1278.
  1003.   594.  1336.  1216.  1273.  1014.  1018.  1271.  1884.  1647.
  1225.  1270.  1668.  1247.  1189.  1111.  1605.  1079.  2034.  1931.
  1135.  1665.   906.  1455.   618.  1515.   837.   980.   971.   849.]
48 [  389.   833.  1895.  1459.  1339.  1427.   887.  1545.  1305.  1109.
   821.   678.  1262.   903.  1024.   684.  1423.  1438.   757.  1284.
   999.   595.  1337.  1201.  1271.  1014.  1015.  1262.  1884.  1649.
  1221.  1262.  1656.  1246.  1187.  1121.  1609.  1079.  2039.  1955.
  1141.  1663.   910.  1455.   618.  1518.   834.   978.   969.   850.]
49 [  384.   834.  1896.  1457.  1340.  1424.   889.  1550.  1302.  1107.
   821.   678.  1255.   902.  1026.   690.  1420.  1441.   756.  1286.
   996.   596.  1334.  1186.  1271.  1016.  1011.  1262.  1885.  1641.
  1214.  1257.  1661.  1249.  1185.  1126.  1611.  1079.  2040.  1965.
  1150.  1665.   918.  1459.   618.  1517.   832.   978.   969.   851.]
50 [  387.   834.  1898.  1459.  1344.  1423.   890.  1557.  1298.  1105.
   822.   677.  1247.   902.  1028.   700.  1416.  1446.   756.  1292.
   990.   597.  1334.  1162.  1272.  1017.  1008.  1261.  1890.  1638.
  1206.  1253.  1677.  1252.  1183.  1126.  1612.  1079.  2031.  1972.
  1155.  1663.   923.  1459.   617.  1518.   831.   975.   968.   850.]
51 [  393.   835.  1898.  1459.  1345.  1423.   885.  1568.  1303.  1102.
   826.   673.  1237.   901.  1034.   697.  1415.  1452.   756.  1295.
   987.   596.  1333.  1155.  1270.  1020.  1009.  1258.  1893.  1636.
  1199.  1246.  1682.  1249.  1180.  1129.  1612.  1079.  2029.  1985.
  1159.  1653.   925.  1459.   615.  1519.   831.   978.   966.   851.]
52 [  389.   836.  1895.  1460.  1348.  1422.   883.  1573.  1305.  1100.
   825.   668.  1233.   900.  1040.   713.  1408.  1458.   755.  1298.
   984.   597.  1334.  1146.  1272.  1020.  1012.  1254.  1892.  1635.
  1192.  1243.  1682.  1248.  1176.  1141.  1612.  1081.  2029.  1998.
  1159.  1643.   925.  1458.   614.  1520.   834.   976.   964.   850.]
53 [  386.   836.  1895.  1461.  1348.  1420.   882.  1574.  1305.  1099.
   827.   667.  1231.   898.  1043.   717.  1407.  1463.   756.  1299.
   980.   596.  1336.  1137.  1270.  1023.  1015.  1253.  1891.  1635.
  1188.  1243.  1688.  1249.  1173.  1145.  1612.  1083.  2031.  2009.
  1159.  1626.   926.  1459.   613.  1522.   833.   978.   964.   849.]
54 [  386.   836.  1895.  1461.  1351.  1419.   881.  1568.  1305.  1099.
   830.   665.  1222.   899.  1046.   720.  1405.  1460.   757.  1300.
   983.   595.  1336.  1133.  1268.  1023.  1009.  1253.  1893.  1638.
  1188.  1243.  1698.  1250.  1174.  1139.  1605.  1086.  2029.  2021.
  1163.  1620.   927.  1457.   613.  1525.   832.   980.   964.   850.]
55 [  387.   836.  1894.  1460.  1354.  1419.   882.  1563.  1308.  1096.
   830.   663.  1217.   901.  1050.   716.  1406.  1454.   758.  1297.
   986.   594.  1335.  1129.  1267.  1027.  1016.  1255.  1894.  1636.
  1191.  1241.  1703.  1248.  1171.  1134.  1601.  1083.  2027.  2032.
  1163.  1620.   931.  1457.   613.  1526.   832.   983.   963.   851.]
56 [  387.   836.  1894.  1459.  1357.  1417.   881.  1560.  1313.  1089.
   828.   663.  1206.   904.  1056.   723.  1407.  1450.   757.  1306.
   988.   594.  1337.  1128.  1263.  1029.  1022.  1253.  1895.  1635.
  1192.  1238.  1696.  1243.  1173.  1137.  1596.  1081.  2027.  2043.
  1160.  1620.   929.  1456.   613.  1523.   834.   986.   964.   852.]
57 [  389.   835.  1896.  1458.  1356.  1419.   879.  1561.  1313.  1093.
   827.   662.  1202.   905.  1057.   719.  1407.  1452.   758.  1308.
   989.   594.  1336.  1129.  1261.  1027.  1021.  1257.  1896.  1634.
  1193.  1236.  1697.  1240.  1173.  1140.  1588.  1081.  2027.  2046.
  1157.  1623.   928.  1459.   614.  1522.   834.   989.   961.   852.]
58 [  388.   836.  1897.  1458.  1359.  1418.   878.  1565.  1313.  1100.
   826.   661.  1192.   905.  1058.   711.  1408.  1452.   758.  1313.
   990.   593.  1335.  1129.  1257.  1019.  1028.  1258.  1896.  1633.
  1194.  1235.  1702.  1239.  1170.  1141.  1589.  1081.  2026.  2047.
  1157.  1623.   928.  1459.   614.  1521.   836.   990.   962.   852.]
59 [  386.   836.  1897.  1454.  1358.  1419.   878.  1579.  1319.  1096.
   825.   658.  1184.   905.  1063.   721.  1409.  1450.   758.  1318.
   992.   592.  1333.  1129.  1255.  1017.  1022.  1258.  1897.  1637.
  1194.  1231.  1703.  1235.  1167.  1142.  1585.  1081.  2026.  2048.
  1156.  1621.   930.  1459.   614.  1521.   838.   990.   961.   853.]
60 [  382.   836.  1899.  1453.  1358.  1417.   879.  1585.  1320.  1092.
   827.   658.  1175.   904.  1068.   728.  1409.  1452.   758.  1325.
   997.   592.  1332.  1126.  1252.  1015.  1016.  1257.  1897.  1638.
  1194.  1230.  1705.  1236.  1164.  1145.  1582.  1080.  2026.  2048.
  1156.  1619.   932.  1462.   614.  1520.   839.   988.   961.   852.]
61 [  376.   836.  1899.  1452.  1360.  1417.   879.  1592.  1324.  1094.
   828.   657.  1165.   905.  1069.   736.  1408.  1451.   758.  1332.
   999.   592.  1331.  1121.  1242.  1012.  1011.  1257.  1897.  1640.
  1191.  1231.  1713.  1235.  1163.  1146.  1583.  1080.  2027.  2048.
  1156.  1619.   931.  1463.   614.  1521.   840.   985.   961.   853.]
62 [  374.   836.  1899.  1453.  1361.  1416.   879.  1593.  1329.  1092.
   828.   653.  1160.   907.  1074.   737.  1409.  1452.   758.  1333.
   999.   591.  1329.  1125.  1235.  1016.  1006.  1257.  1896.  1642.
  1185.  1231.  1711.  1235.  1160.  1150.  1584.  1080.  2026.  2049.
  1158.  1618.   933.  1464.   615.  1523.   840.   986.   960.   853.]
63 [  380.   836.  1900.  1453.  1362.  1415.   879.  1597.  1322.  1095.
   830.   651.  1151.   907.  1074.   733.  1410.  1453.   758.  1340.
  1003.   591.  1326.  1127.  1234.  1015.  1005.  1259.  1893.  1640.
  1182.  1230.  1713.  1230.  1157.  1148.  1584.  1081.  2025.  2049.
  1159.  1619.   936.  1465.   616.  1525.   840.   990.   959.   853.]
64 [  381.   836.  1901.  1453.  1362.  1415.   879.  1608.  1313.  1096.
   830.   651.  1146.   907.  1076.   730.  1408.  1453.   758.  1346.
  1004.   591.  1326.  1136.  1235.  1014.  1006.  1260.  1893.  1639.
  1179.  1229.  1711.  1230.  1153.  1148.  1583.  1083.  2024.  2051.
  1159.  1617.   936.  1464.   616.  1524.   840.   988.   959.   853.]
65 [  383.   836.  1901.  1452.  1361.  1416.   879.  1607.  1310.  1096.
   830.   650.  1145.   909.  1079.   727.  1405.  1454.   758.  1347.
  1007.   591.  1325.  1134.  1234.  1015.  1003.  1262.  1896.  1637.
  1177.  1229.  1716.  1231.  1150.  1150.  1582.  1083.  2024.  2049.
  1159.  1615.   940.  1462.   616.  1527.   840.   989.   959.   853.]
66 [  386.   836.  1901.  1452.  1362.  1417.   879.  1611.  1306.  1098.
   830.   649.  1140.   909.  1083.   728.  1406.  1454.   758.  1351.
  1009.   591.  1325.  1133.  1233.  1016.   995.  1263.  1898.  1637.
  1176.  1228.  1719.  1232.  1146.  1152.  1581.  1083.  2020.  2046.
  1156.  1618.   938.  1464.   616.  1527.   840.   989.   960.   853.]
67 [  387.   836.  1902.  1452.  1364.  1418.   879.  1613.  1307.  1096.
   830.   649.  1141.   910.  1085.   723.  1405.  1454.   758.  1349.
  1008.   591.  1322.  1128.  1233.  1017.   994.  1263.  1899.  1637.
  1174.  1228.  1729.  1232.  1142.  1153.  1581.  1084.  2020.  2043.
  1155.  1620.   940.  1463.   616.  1528.   840.   989.   960.   853.]
68 [  386.   836.  1903.  1451.  1364.  1418.   879.  1619.  1307.  1096.
   830.   649.  1134.   909.  1088.   723.  1404.  1456.   758.  1351.
  1008.   591.  1322.  1126.  1232.  1017.   992.  1264.  1898.  1639.
  1172.  1228.  1738.  1231.  1142.  1153.  1581.  1084.  2020.  2038.
  1153.  1620.   942.  1463.   616.  1527.   840.   989.   960.   853.]
69 [  386.   836.  1903.  1451.  1364.  1418.   879.  1625.  1304.  1096.
   830.   649.  1126.   908.  1090.   724.  1402.  1457.   758.  1353.
  1005.   591.  1321.  1121.  1232.  1018.   992.  1264.  1897.  1639.
  1171.  1231.  1746.  1232.  1142.  1156.  1580.  1084.  2019.  2036.
  1153.  1621.   943.  1463.   616.  1525.   840.   989.   961.   853.]
70 [  383.   836.  1903.  1450.  1364.  1418.   879.  1632.  1305.  1096.
   830.   649.  1120.   906.  1094.   723.  1401.  1457.   758.  1350.
  1004.   591.  1319.  1118.  1232.  1017.   994.  1264.  1897.  1640.
  1169.  1234.  1754.  1229.  1142.  1159.  1577.  1082.  2018.  2038.
  1153.  1620.   944.  1463.   616.  1526.   840.   990.   962.   854.]
71 [  383.   836.  1903.  1448.  1364.  1418.   878.  1633.  1306.  1096.
   830.   649.  1114.   905.  1096.   724.  1402.  1457.   758.  1352.
  1004.   591.  1320.  1118.  1230.  1017.   991.  1263.  1896.  1641.
  1167.  1241.  1762.  1227.  1144.  1159.  1577.  1083.  2017.  2037.
  1153.  1615.   945.  1464.   616.  1525.   840.   990.   961.   854.]
72 [  382.   836.  1904.  1448.  1364.  1418.   877.  1629.  1306.  1099.
   830.   649.  1111.   903.  1095.   726.  1402.  1455.   758.  1356.
  1004.   591.  1321.  1120.  1225.  1016.   993.  1263.  1894.  1641.
  1168.  1246.  1768.  1228.  1145.  1155.  1572.  1083.  2018.  2038.
  1153.  1618.   945.  1464.   616.  1525.   839.   988.   961.   854.]
73 [  382.   836.  1904.  1447.  1365.  1418.   876.  1636.  1306.  1099.
   830.   649.  1107.   902.  1096.   727.  1397.  1456.   758.  1359.
  1002.   591.  1321.  1124.  1222.  1016.   991.  1262.  1893.  1645.
  1167.  1248.  1770.  1228.  1145.  1155.  1571.  1084.  2018.  2035.
  1153.  1618.   944.  1465.   616.  1525.   839.   988.   960.   854.]
74 [  383.   836.  1905.  1446.  1365.  1418.   876.  1640.  1304.  1100.
   829.   648.  1101.   902.  1100.   726.  1394.  1454.   758.  1359.
  1001.   591.  1321.  1123.  1224.  1017.   993.  1259.  1891.  1645.
  1166.  1246.  1779.  1227.  1148.  1155.  1570.  1084.  2018.  2034.
  1153.  1621.   943.  1466.   616.  1525.   839.   988.   959.   854.]
75 [  384.   836.  1905.  1446.  1365.  1418.   874.  1640.  1303.  1100.
   830.   647.  1097.   903.  1103.   724.  1394.  1454.   758.  1356.
   999.   591.  1323.  1120.  1225.  1021.   993.  1257.  1892.  1644.
  1167.  1247.  1779.  1227.  1150.  1155.  1567.  1086.  2018.  2035.
  1152.  1623.   946.  1467.   616.  1525.   839.   989.   956.   854.]
76 [  387.   836.  1904.  1446.  1365.  1417.   875.  1634.  1300.  1101.
   830.   647.  1095.   901.  1112.   724.  1395.  1454.   758.  1357.
  1001.   591.  1322.  1120.  1225.  1024.   987.  1256.  1892.  1644.
  1166.  1248.  1784.  1227.  1148.  1154.  1567.  1086.  2019.  2032.
  1152.  1623.   947.  1469.   616.  1525.   839.   990.   954.   854.]
77 [  386.   836.  1904.  1445.  1363.  1417.   875.  1633.  1300.  1101.
   830.   647.  1090.   901.  1126.   726.  1395.  1454.   758.  1353.
   999.   591.  1325.  1114.  1226.  1025.   986.  1255.  1891.  1643.
  1165.  1248.  1791.  1225.  1146.  1154.  1567.  1086.  2020.  2030.
  1151.  1625.   950.  1469.   616.  1526.   839.   990.   953.   854.]
78 [  385.   836.  1904.  1443.  1366.  1417.   875.  1617.  1298.  1101.
   830.   647.  1084.   898.  1140.   718.  1394.  1453.   758.  1353.
   999.   591.  1327.  1112.  1227.  1026.   986.  1254.  1891.  1643.
  1166.  1250.  1793.  1225.  1143.  1154.  1568.  1088.  2020.  2033.
  1151.  1628.   962.  1470.   616.  1528.   839.   987.   952.   854.]
79 [  384.   836.  1907.  1440.  1364.  1416.   875.  1597.  1297.  1102.
   830.   646.  1087.   894.  1150.   714.  1396.  1455.   758.  1353.
   994.   591.  1329.  1107.  1227.  1028.   988.  1255.  1890.  1643.
  1165.  1262.  1795.  1227.  1140.  1158.  1568.  1089.  2018.  2030.
  1151.  1625.   976.  1473.   616.  1530.   839.   984.   947.   854.]
80 [  384.   836.  1908.  1437.  1366.  1417.   875.  1588.  1297.  1102.
   830.   644.  1081.   889.  1165.   713.  1395.  1456.   758.  1351.
   991.   591.  1328.  1103.  1227.  1028.   990.  1256.  1889.  1642.
  1162.  1273.  1797.  1220.  1140.  1161.  1567.  1088.  2018.  2030.
  1150.  1627.   988.  1475.   616.  1531.   839.   980.   947.   854.]
81 [  386.   836.  1914.  1433.  1368.  1417.   875.  1556.  1297.  1101.
   830.   643.  1078.   889.  1183.   713.  1400.  1455.   758.  1353.
   986.   591.  1323.  1096.  1227.  1029.   990.  1255.  1888.  1641.
  1160.  1289.  1801.  1217.  1141.  1162.  1567.  1089.  2018.  2024.
  1149.  1628.  1004.  1478.   616.  1533.   839.   979.   942.   853.]
82 [  382.   836.  1917.  1416.  1366.  1417.   875.  1493.  1297.  1101.
   830.   643.  1094.   892.  1207.   718.  1399.  1458.   758.  1356.
   988.   591.  1316.  1093.  1227.  1029.   999.  1256.  1888.  1641.
  1159.  1300.  1799.  1220.  1138.  1162.  1567.  1090.  2019.  2022.
  1149.  1627.  1023.  1478.   616.  1534.   839.   981.   941.   853.]
83 [  380.   836.  1917.  1409.  1365.  1418.   875.  1454.  1297.  1101.
   831.   643.  1091.   895.  1233.   713.  1396.  1459.   758.  1359.
   985.   591.  1311.  1091.  1227.  1031.  1008.  1256.  1887.  1640.
  1159.  1314.  1795.  1222.  1134.  1164.  1567.  1090.  2020.  2021.
  1149.  1631.  1035.  1478.   616.  1533.   839.   985.   938.   853.]
84 [  379.   836.  1916.  1393.  1365.  1420.   875.  1400.  1297.  1101.
   831.   643.  1100.   898.  1271.   712.  1401.  1459.   758.  1358.
   983.   591.  1312.  1089.  1228.  1031.  1014.  1255.  1885.  1641.
  1159.  1321.  1791.  1220.  1133.  1165.  1567.  1091.  2021.  2020.
  1149.  1628.  1047.  1481.   617.  1534.   839.   987.   935.   853.]
85 [  379.   836.  1916.  1388.  1364.  1420.   877.  1369.  1297.  1101.
   832.   643.  1094.   896.  1287.   712.  1400.  1460.   758.  1357.
   979.   591.  1309.  1090.  1228.  1031.  1019.  1254.  1886.  1643.
  1157.  1335.  1789.  1222.  1133.  1162.  1567.  1092.  2021.  2021.
  1148.  1628.  1057.  1480.   617.  1538.   839.   987.   938.   853.]
86 [  379.   836.  1915.  1382.  1363.  1421.   876.  1346.  1296.  1101.
   831.   643.  1088.   902.  1299.   714.  1402.  1460.   758.  1357.
   977.   591.  1307.  1096.  1229.  1031.  1022.  1254.  1885.  1644.
  1158.  1348.  1790.  1219.  1136.  1156.  1570.  1096.  2020.  2016.
  1146.  1625.  1062.  1479.   617.  1541.   839.   987.   937.   853.]
87 [  382.   836.  1915.  1372.  1363.  1421.   877.  1314.  1296.  1101.
   830.   645.  1095.   905.  1319.   713.  1402.  1460.   758.  1358.
   971.   591.  1305.  1094.  1229.  1031.  1027.  1253.  1885.  1645.
  1154.  1351.  1791.  1226.  1133.  1157.  1568.  1099.  2022.  2018.
  1146.  1626.  1063.  1480.   617.  1540.   839.   986.   938.   853.]
88 [  384.   836.  1914.  1374.  1359.  1420.   879.  1313.  1295.  1101.
   829.   645.  1096.   907.  1324.   713.  1399.  1459.   758.  1358.
   963.   591.  1293.  1090.  1230.  1031.  1025.  1253.  1886.  1642.
  1150.  1353.  1792.  1227.  1129.  1159.  1568.  1102.  2022.  2020.
  1147.  1629.  1081.  1481.   617.  1538.   838.   988.   939.   853.]
89 [  384.   836.  1914.  1371.  1355.  1419.   879.  1302.  1295.  1101.
   828.   645.  1096.   909.  1341.   711.  1393.  1461.   759.  1358.
   959.   591.  1290.  1099.  1230.  1031.  1029.  1253.  1884.  1639.
  1150.  1356.  1789.  1224.  1129.  1158.  1567.  1101.  2023.  2021.
  1147.  1628.  1093.  1484.   617.  1538.   836.   985.   939.   853.]
90 [  385.   836.  1912.  1359.  1353.  1418.   880.  1288.  1295.  1101.
   828.   645.  1111.   911.  1342.   709.  1389.  1461.   759.  1360.
   955.   591.  1289.  1097.  1231.  1029.  1032.  1252.  1886.  1640.
  1150.  1363.  1794.  1225.  1122.  1158.  1565.  1100.  2023.  2021.
  1148.  1625.  1111.  1487.   617.  1540.   836.   983.   936.   852.]
91 [  386.   836.  1915.  1352.  1352.  1418.   880.  1265.  1295.  1101.
   828.   645.  1107.   907.  1349.   707.  1388.  1463.   759.  1363.
   956.   591.  1289.  1095.  1231.  1029.  1032.  1251.  1891.  1640.
  1150.  1366.  1799.  1224.  1121.  1159.  1565.  1098.  2024.  2020.
  1147.  1627.  1124.  1492.   617.  1539.   835.   986.   934.   852.]
92 [  385.   836.  1914.  1349.  1350.  1415.   883.  1249.  1295.  1100.
   829.   645.  1111.   909.  1347.   707.  1391.  1464.   760.  1364.
   955.   591.  1291.  1095.  1231.  1028.  1030.  1251.  1891.  1640.
  1150.  1372.  1800.  1222.  1118.  1159.  1564.  1098.  2024.  2020.
  1147.  1627.  1148.  1492.   617.  1540.   834.   981.   929.   852.]
93 [  384.   837.  1914.  1351.  1349.  1415.   885.  1232.  1295.  1100.
   828.   644.  1118.   906.  1350.   704.  1389.  1466.   759.  1365.
   969.   591.  1293.  1097.  1231.  1028.  1026.  1252.  1894.  1640.
  1149.  1371.  1799.  1224.  1109.  1159.  1563.  1098.  2024.  2022.
  1146.  1627.  1160.  1493.   617.  1540.   834.   971.   928.   854.]
94 [  384.   838.  1912.  1347.  1349.  1414.   885.  1240.  1296.  1100.
   828.   644.  1116.   899.  1344.   702.  1391.  1467.   758.  1363.
   977.   591.  1295.  1098.  1230.  1028.  1025.  1249.  1893.  1639.
  1146.  1378.  1800.  1217.  1106.  1161.  1564.  1100.  2022.  2022.
  1146.  1630.  1179.  1492.   617.  1540.   834.   961.   929.   854.]
95 [  384.   839.  1911.  1344.  1349.  1413.   886.  1237.  1295.  1100.
   828.   644.  1120.   886.  1352.   701.  1389.  1467.   757.  1361.
   984.   591.  1291.  1099.  1230.  1028.  1022.  1249.  1893.  1639.
  1147.  1381.  1802.  1210.  1106.  1160.  1560.  1100.  2022.  2024.
  1147.  1630.  1193.  1492.   617.  1542.   834.   956.   934.   854.]
96 [  383.   837.  1911.  1342.  1349.  1414.   886.  1234.  1295.  1100.
   829.   644.  1122.   877.  1341.   705.  1389.  1468.   757.  1361.
   987.   591.  1288.  1100.  1230.  1028.  1024.  1249.  1895.  1638.
  1146.  1392.  1803.  1207.  1109.  1161.  1559.  1100.  2021.  2023.
  1148.  1631.  1200.  1491.   618.  1539.   834.   951.   939.   854.]
97 [  385.   834.  1912.  1343.  1350.  1414.   886.  1235.  1296.  1100.
   830.   645.  1116.   873.  1332.   704.  1388.  1468.   757.  1362.
   990.   590.  1292.  1100.  1230.  1028.  1025.  1249.  1898.  1637.
  1146.  1402.  1802.  1204.  1115.  1161.  1558.  1103.  2020.  2021.
  1148.  1629.  1204.  1491.   619.  1538.   833.   944.   940.   853.]
98 [  386.   834.  1912.  1349.  1351.  1413.   887.  1228.  1296.  1100.
   830.   645.  1123.   868.  1339.   703.  1385.  1468.   757.  1361.
   990.   590.  1287.  1102.  1229.  1029.  1023.  1250.  1898.  1637.
  1147.  1402.  1801.  1196.  1121.  1161.  1558.  1105.  2019.  2020.
  1148.  1629.  1209.  1490.   619.  1535.   830.   945.   942.   853.]
99 [  383.   834.  1913.  1354.  1350.  1413.   888.  1231.  1296.  1100.
   830.   645.  1127.   868.  1336.   703.  1385.  1468.   756.  1358.
   993.   591.  1284.  1100.  1228.  1030.  1025.  1251.  1897.  1637.
  1148.  1406.  1801.  1198.  1122.  1161.  1559.  1105.  2019.  2023.
  1147.  1628.  1208.  1488.   619.  1533.   829.   941.   939.   852.]
100 [  383.   834.  1911.  1356.  1349.  1413.   889.  1230.  1295.  1100.
   830.   645.  1130.   866.  1333.   704.  1386.  1467.   756.  1357.
   995.   591.  1279.  1100.  1228.  1030.  1025.  1252.  1896.  1638.
  1148.  1401.  1803.  1198.  1124.  1161.  1558.  1106.  2019.  2025.
  1147.  1628.  1214.  1487.   618.  1534.   828.   942.   939.   852.]
101 [  384.   834.  1910.  1358.  1347.  1413.   889.  1223.  1294.  1100.
   829.   645.  1134.   865.  1332.   702.  1387.  1467.   756.  1358.
   999.   591.  1282.  1099.  1227.  1029.  1024.  1252.  1895.  1638.
  1148.  1402.  1808.  1194.  1126.  1161.  1559.  1106.  2020.  2025.
  1147.  1627.  1216.  1487.   618.  1536.   828.   941.   936.   852.]
102 [  384.   834.  1909.  1360.  1347.  1414.   889.  1219.  1294.  1100.
   829.   645.  1130.   861.  1345.   702.  1388.  1467.   756.  1357.
  1001.   591.  1285.  1098.  1227.  1029.  1021.  1252.  1896.  1637.
  1148.  1397.  1808.  1195.  1126.  1162.  1559.  1105.  2019.  2026.
  1147.  1627.  1219.  1487.   618.  1537.   828.   938.   935.   852.]
103 [  386.   834.  1908.  1363.  1345.  1414.   889.  1210.  1294.  1100.
   830.   645.  1127.   854.  1363.   707.  1388.  1467.   756.  1357.
  1006.   591.  1278.  1097.  1227.  1029.  1018.  1252.  1895.  1636.
  1148.  1392.  1808.  1194.  1125.  1161.  1559.  1105.  2017.  2026.
  1149.  1628.  1227.  1485.   618.  1536.   828.   940.   936.   852.]
104 [  383.   834.  1906.  1368.  1343.  1413.   889.  1208.  1294.  1100.
   829.   644.  1128.   851.  1382.   711.  1386.  1467.   757.  1356.
  1005.   591.  1273.  1095.  1227.  1029.  1017.  1254.  1893.  1635.
  1148.  1391.  1807.  1195.  1125.  1162.  1561.  1106.  2017.  2026.
  1149.  1629.  1225.  1483.   618.  1537.   827.   937.   937.   852.]
105 [  380.   835.  1904.  1375.  1345.  1411.   889.  1202.  1293.  1100.
   829.   644.  1127.   853.  1392.   711.  1387.  1468.   756.  1356.
  1006.   591.  1271.  1097.  1227.  1028.  1020.  1253.  1891.  1633.
  1148.  1391.  1805.  1193.  1124.  1162.  1561.  1100.  2019.  2028.
  1149.  1630.  1224.  1481.   618.  1538.   827.   938.   937.   853.]
106 [  378.   835.  1903.  1378.  1346.  1411.   889.  1200.  1294.  1100.
   829.   644.  1125.   852.  1395.   711.  1388.  1467.   756.  1357.
  1008.   591.  1269.  1099.  1227.  1028.  1019.  1253.  1890.  1632.
  1147.  1392.  1806.  1193.  1124.  1162.  1561.  1099.  2019.  2028.
  1149.  1631.  1224.  1481.   618.  1538.   827.   935.   938.   854.]
107 [  377.   835.  1902.  1380.  1344.  1411.   890.  1205.  1295.  1100.
   829.   644.  1128.   853.  1395.   710.  1388.  1466.   756.  1357.
  1008.   591.  1264.  1100.  1228.  1028.  1019.  1253.  1890.  1632.
  1147.  1393.  1806.  1192.  1125.  1162.  1561.  1099.  2020.  2027.
  1148.  1634.  1224.  1480.   618.  1537.   827.   931.   937.   854.]
108 [  376.   835.  1901.  1379.  1344.  1411.   890.  1209.  1295.  1100.
   829.   643.  1124.   854.  1396.   710.  1387.  1467.   756.  1355.
  1013.   591.  1260.  1100.  1228.  1028.  1018.  1252.  1890.  1631.
  1147.  1392.  1806.  1191.  1123.  1162.  1562.  1101.  2020.  2027.
  1148.  1634.  1226.  1480.   618.  1537.   827.   935.   938.   854.]
109 [  376.   835.  1901.  1377.  1345.  1411.   889.  1215.  1296.  1100.
   829.   643.  1115.   854.  1395.   708.  1387.  1467.   756.  1355.
  1017.   591.  1263.  1100.  1228.  1027.  1018.  1254.  1889.  1630.
  1147.  1390.  1807.  1189.  1124.  1162.  1561.  1104.  2020.  2028.
  1148.  1633.  1222.  1479.   618.  1539.   827.   936.   941.   854.]
110 [  378.   835.  1901.  1376.  1347.  1411.   890.  1225.  1297.  1100.
   829.   643.  1107.   855.  1393.   707.  1386.  1467.   756.  1354.
  1015.   591.  1264.  1099.  1228.  1027.  1017.  1254.  1890.  1629.
  1147.  1394.  1810.  1190.  1125.  1163.  1561.  1104.  2020.  2028.
  1148.  1631.  1216.  1479.   618.  1539.   827.   936.   939.   854.]
111 [  378.   835.  1901.  1372.  1348.  1411.   890.  1229.  1297.  1100.
   829.   643.  1102.   856.  1395.   706.  1386.  1467.   756.  1354.
  1019.   591.  1265.  1097.  1228.  1027.  1018.  1254.  1890.  1629.
  1147.  1394.  1812.  1190.  1124.  1164.  1561.  1103.  2021.  2030.
  1148.  1630.  1212.  1479.   618.  1539.   827.   936.   938.   854.]
112 [  378.   835.  1901.  1370.  1349.  1410.   889.  1235.  1297.  1100.
   828.   643.  1102.   856.  1394.   706.  1386.  1469.   756.  1353.
  1018.   591.  1265.  1097.  1228.  1027.  1018.  1254.  1890.  1631.
  1148.  1395.  1811.  1191.  1124.  1165.  1561.  1103.  2020.  2030.
  1147.  1630.  1208.  1480.   618.  1539.   827.   936.   937.   854.]
113 [  378.   835.  1901.  1372.  1347.  1410.   890.  1239.  1298.  1100.
   828.   643.  1102.   856.  1394.   708.  1386.  1471.   756.  1352.
  1015.   591.  1263.  1099.  1228.  1027.  1016.  1254.  1890.  1631.
  1148.  1392.  1811.  1192.  1123.  1164.  1560.  1104.  2020.  2031.
  1148.  1629.  1209.  1480.   618.  1539.   826.   936.   936.   854.]
114 [  379.   835.  1900.  1373.  1346.  1411.   891.  1241.  1298.  1100.
   827.   643.  1098.   855.  1396.   707.  1386.  1471.   756.  1352.
  1014.   591.  1265.  1100.  1228.  1027.  1017.  1254.  1891.  1632.
  1148.  1391.  1812.  1192.  1121.  1164.  1560.  1105.  2019.  2032.
  1148.  1628.  1208.  1479.   618.  1539.   826.   935.   937.   854.]
115 [  379.   835.  1899.  1375.  1345.  1411.   892.  1242.  1298.  1100.
   826.   643.  1097.   856.  1396.   707.  1386.  1471.   756.  1352.
  1018.   591.  1263.  1101.  1228.  1027.  1016.  1254.  1891.  1631.
  1148.  1390.  1812.  1192.  1118.  1165.  1560.  1106.  2018.  2032.
  1148.  1629.  1209.  1479.   618.  1539.   826.   935.   936.   854.]
116 [  379.   835.  1899.  1376.  1343.  1409.   892.  1242.  1298.  1100.
   824.   645.  1094.   855.  1396.   707.  1387.  1471.   756.  1352.
  1021.   591.  1261.  1105.  1228.  1027.  1014.  1254.  1890.  1630.
  1148.  1390.  1812.  1192.  1119.  1165.  1560.  1109.  2017.  2032.
  1148.  1630.  1209.  1479.   618.  1539.   826.   935.   937.   854.]
117 [  379.   835.  1899.  1377.  1347.  1407.   892.  1243.  1298.  1100.
   824.   646.  1092.   853.  1396.   706.  1387.  1470.   756.  1352.
  1023.   591.  1262.  1107.  1228.  1027.  1014.  1254.  1889.  1629.
  1148.  1390.  1811.  1192.  1120.  1164.  1560.  1108.  2017.  2032.
  1148.  1631.  1209.  1479.   618.  1539.   825.   935.   937.   854.]
118 [  379.   835.  1900.  1379.  1347.  1406.   892.  1244.  1298.  1100.
   825.   646.  1091.   853.  1398.   706.  1388.  1471.   756.  1352.
  1024.   591.  1260.  1105.  1227.  1027.  1015.  1255.  1890.  1626.
  1148.  1390.  1812.  1192.  1121.  1166.  1560.  1109.  2016.  2032.
  1148.  1630.  1207.  1479.   618.  1539.   823.   935.   935.   854.]
119 [  379.   835.  1900.  1379.  1346.  1406.   893.  1248.  1298.  1100.
   826.   646.  1089.   854.  1398.   706.  1387.  1472.   756.  1352.
  1024.   591.  1261.  1105.  1226.  1027.  1016.  1256.  1890.  1624.
  1148.  1390.  1813.  1191.  1120.  1166.  1560.  1109.  2016.  2032.
  1148.  1630.  1207.  1479.   618.  1539.   822.   934.   934.   854.]
120 [  379.   835.  1900.  1380.  1348.  1404.   893.  1253.  1298.  1100.
   826.   646.  1089.   854.  1397.   706.  1387.  1472.   756.  1352.
  1021.   591.  1261.  1105.  1226.  1027.  1016.  1256.  1892.  1624.
  1148.  1390.  1813.  1191.  1121.  1166.  1560.  1109.  2014.  2033.
  1148.  1629.  1207.  1479.   618.  1539.   822.   931.   934.   854.]
121 [  379.   835.  1900.  1379.  1348.  1403.   893.  1252.  1298.  1101.
   826.   646.  1090.   854.  1397.   706.  1387.  1472.   756.  1353.
  1023.   591.  1262.  1107.  1226.  1027.  1016.  1256.  1892.  1623.
  1148.  1390.  1813.  1191.  1121.  1166.  1559.  1109.  2014.  2034.
  1148.  1627.  1208.  1479.   618.  1539.   821.   929.   934.   854.]
122 [  380.   835.  1900.  1378.  1348.  1403.   893.  1252.  1298.  1101.
   826.   646.  1090.   855.  1397.   706.  1387.  1472.   756.  1354.
  1025.   591.  1261.  1107.  1226.  1027.  1016.  1256.  1892.  1623.
  1148.  1390.  1814.  1191.  1121.  1166.  1558.  1108.  2014.  2035.
  1147.  1627.  1208.  1479.   618.  1539.   821.   927.   934.   854.]
123 [  379.   835.  1900.  1380.  1348.  1403.   893.  1256.  1298.  1100.
   826.   646.  1091.   855.  1397.   707.  1387.  1472.   756.  1354.
  1023.   591.  1264.  1106.  1226.  1027.  1016.  1256.  1892.  1623.
  1148.  1390.  1813.  1190.  1120.  1167.  1558.  1108.  2014.  2034.
  1147.  1627.  1207.  1479.   618.  1538.   821.   926.   934.   854.]
124 [  380.   835.  1900.  1380.  1348.  1403.   893.  1261.  1298.  1100.
   826.   646.  1090.   855.  1397.   705.  1387.  1472.   756.  1354.
  1024.   591.  1262.  1105.  1226.  1027.  1017.  1256.  1892.  1623.
  1148.  1390.  1815.  1189.  1120.  1167.  1558.  1108.  2013.  2033.
  1147.  1626.  1207.  1479.   618.  1539.   821.   925.   934.   854.]
125 [  380.   835.  1900.  1380.  1348.  1403.   893.  1262.  1298.  1100.
   826.   646.  1090.   855.  1396.   704.  1387.  1472.   756.  1354.
  1025.   591.  1262.  1105.  1226.  1027.  1018.  1256.  1892.  1623.
  1148.  1390.  1814.  1189.  1121.  1167.  1558.  1108.  2013.  2033.
  1147.  1626.  1207.  1479.   618.  1539.   821.   925.   933.   854.]
126 [  379.   835.  1900.  1384.  1348.  1403.   893.  1263.  1298.  1099.
   826.   646.  1088.   854.  1395.   704.  1387.  1472.   756.  1353.
  1026.   591.  1259.  1105.  1226.  1027.  1018.  1256.  1892.  1623.
  1148.  1390.  1814.  1188.  1120.  1168.  1558.  1108.  2013.  2035.
  1147.  1625.  1208.  1479.   618.  1539.   821.   928.   933.   854.]
127 [  379.   835.  1900.  1386.  1348.  1403.   893.  1264.  1298.  1099.
   826.   646.  1088.   854.  1395.   704.  1387.  1472.   756.  1351.
  1029.   591.  1257.  1105.  1226.  1027.  1017.  1256.  1892.  1623.
  1148.  1389.  1814.  1190.  1119.  1169.  1558.  1108.  2013.  2035.
  1147.  1624.  1209.  1479.   618.  1539.   821.   926.   933.   854.]
128 [  379.   835.  1900.  1388.  1348.  1403.   893.  1264.  1298.  1099.
   826.   646.  1088.   854.  1394.   704.  1387.  1472.   756.  1349.
  1030.   591.  1259.  1105.  1226.  1027.  1017.  1256.  1892.  1623.
  1148.  1390.  1814.  1189.  1120.  1169.  1558.  1108.  2013.  2035.
  1147.  1624.  1209.  1478.   618.  1538.   821.   926.   932.   854.]
129 [  379.   834.  1901.  1390.  1348.  1403.   893.  1264.  1298.  1099.
   826.   645.  1089.   853.  1393.   704.  1387.  1472.   756.  1347.
  1029.   591.  1259.  1106.  1226.  1027.  1018.  1256.  1892.  1623.
  1148.  1390.  1814.  1190.  1122.  1169.  1558.  1108.  2013.  2035.
  1147.  1625.  1208.  1478.   618.  1537.   821.   926.   932.   853.]
130 [  379.   834.  1901.  1393.  1348.  1403.   893.  1267.  1298.  1099.
   826.   645.  1089.   853.  1391.   703.  1387.  1472.   756.  1347.
  1027.   591.  1261.  1106.  1226.  1027.  1017.  1256.  1892.  1623.
  1148.  1390.  1814.  1190.  1121.  1169.  1558.  1108.  2013.  2035.
  1146.  1625.  1207.  1478.   618.  1537.   821.   927.   932.   853.]
131 [  379.   834.  1901.  1397.  1348.  1403.   893.  1267.  1298.  1099.
   826.   645.  1089.   852.  1391.   703.  1388.  1471.   756.  1347.
  1027.   591.  1261.  1106.  1226.  1027.  1017.  1257.  1892.  1623.
  1148.  1390.  1814.  1190.  1121.  1169.  1558.  1108.  2013.  2035.
  1146.  1625.  1208.  1478.   618.  1535.   821.   924.   932.   853.]
132 [  379.   834.  1901.  1397.  1348.  1403.   893.  1268.  1298.  1099.
   826.   645.  1088.   852.  1390.   703.  1388.  1471.   757.  1348.
  1029.   591.  1263.  1106.  1226.  1027.  1017.  1257.  1892.  1623.
  1148.  1390.  1814.  1190.  1121.  1169.  1558.  1108.  2013.  2035.
  1146.  1625.  1208.  1478.   618.  1531.   821.   923.   932.   853.]
133 [  379.   834.  1901.  1397.  1348.  1403.   893.  1269.  1298.  1099.
   826.   645.  1089.   852.  1390.   704.  1388.  1471.   757.  1348.
  1029.   591.  1263.  1106.  1226.  1027.  1016.  1257.  1892.  1623.
  1148.  1390.  1814.  1191.  1120.  1169.  1557.  1108.  2013.  2035.
  1146.  1625.  1209.  1478.   618.  1528.   821.   924.   932.   853.]
134 [  379.   834.  1901.  1398.  1348.  1403.   893.  1268.  1298.  1099.
   826.   645.  1090.   852.  1390.   704.  1388.  1471.   757.  1348.
  1029.   591.  1264.  1106.  1226.  1027.  1016.  1256.  1892.  1623.
  1148.  1390.  1814.  1190.  1119.  1169.  1557.  1108.  2013.  2034.
  1146.  1625.  1209.  1478.   618.  1529.   821.   925.   932.   853.]
135 [  379.   834.  1901.  1402.  1348.  1403.   893.  1267.  1298.  1099.
   826.   645.  1092.   851.  1390.   701.  1388.  1471.   757.  1348.
  1029.   591.  1263.  1106.  1226.  1027.  1018.  1256.  1892.  1622.
  1148.  1390.  1814.  1189.  1117.  1169.  1557.  1108.  2012.  2035.
  1146.  1625.  1209.  1478.   618.  1532.   821.   924.   932.   853.]
136 [  381.   834.  1901.  1404.  1348.  1403.   893.  1267.  1298.  1099.
   826.   645.  1092.   851.  1390.   696.  1388.  1471.   757.  1348.
  1029.   591.  1262.  1106.  1226.  1027.  1020.  1256.  1892.  1622.
  1149.  1390.  1814.  1188.  1116.  1169.  1557.  1108.  2012.  2035.
  1146.  1625.  1209.  1478.   618.  1532.   821.   925.   932.   853.]
137 [  381.   834.  1901.  1405.  1348.  1403.   893.  1267.  1298.  1099.
   826.   645.  1092.   851.  1390.   698.  1388.  1471.   757.  1347.
  1029.   591.  1263.  1106.  1226.  1027.  1020.  1256.  1892.  1622.
  1148.  1390.  1814.  1185.  1115.  1169.  1557.  1108.  2012.  2035.
  1146.  1625.  1209.  1478.   618.  1532.   821.   927.   932.   853.]
138 [  381.   834.  1901.  1406.  1348.  1403.   893.  1267.  1297.  1099.
   826.   645.  1092.   851.  1390.   698.  1388.  1471.   757.  1348.
  1029.   591.  1263.  1106.  1226.  1027.  1020.  1256.  1892.  1622.
  1148.  1390.  1815.  1183.  1115.  1169.  1557.  1108.  2012.  2035.
  1146.  1625.  1209.  1478.   618.  1532.   821.   927.   932.   853.]
139 [  380.   834.  1901.  1406.  1348.  1403.   893.  1267.  1297.  1099.
   826.   645.  1092.   850.  1390.   698.  1388.  1471.   757.  1348.
  1030.   591.  1264.  1106.  1226.  1027.  1020.  1256.  1892.  1622.
  1148.  1390.  1816.  1182.  1115.  1169.  1557.  1108.  2012.  2035.
  1146.  1625.  1208.  1478.   618.  1532.   821.   928.   932.   853.]
140 [  379.   834.  1901.  1408.  1348.  1403.   893.  1268.  1297.  1099.
   826.   645.  1092.   850.  1390.   699.  1388.  1471.   757.  1348.
  1030.   591.  1261.  1106.  1226.  1027.  1020.  1256.  1892.  1622.
  1148.  1390.  1817.  1183.  1116.  1169.  1556.  1108.  2012.  2035.
  1146.  1625.  1207.  1478.   618.  1531.   821.   928.   932.   853.]
141 [  379.   834.  1901.  1407.  1348.  1403.   893.  1270.  1297.  1099.
   826.   645.  1093.   850.  1390.   698.  1388.  1471.   757.  1348.
  1030.   591.  1259.  1106.  1226.  1027.  1020.  1256.  1892.  1622.
  1148.  1390.  1817.  1183.  1117.  1169.  1556.  1108.  2012.  2035.
  1146.  1625.  1207.  1478.   618.  1531.   821.   928.   932.   853.]
142 [  377.   834.  1901.  1408.  1348.  1403.   893.  1271.  1297.  1099.
   826.   645.  1093.   849.  1390.   703.  1388.  1471.   757.  1348.
  1030.   591.  1259.  1106.  1226.  1027.  1020.  1256.  1892.  1622.
  1147.  1390.  1816.  1183.  1117.  1169.  1555.  1108.  2012.  2035.
  1146.  1625.  1207.  1478.   618.  1531.   821.   927.   932.   853.]
143 [  380.   834.  1901.  1409.  1348.  1403.   893.  1271.  1297.  1099.
   826.   645.  1093.   850.  1390.   702.  1388.  1471.   757.  1347.
  1031.   591.  1256.  1106.  1226.  1027.  1019.  1256.  1892.  1622.
  1146.  1389.  1816.  1184.  1117.  1169.  1556.  1108.  2012.  2035.
  1146.  1625.  1207.  1478.   618.  1531.   821.   927.   932.   853.]
144 [  382.   834.  1901.  1410.  1348.  1403.   893.  1272.  1297.  1099.
   826.   645.  1095.   851.  1390.   698.  1388.  1471.   757.  1347.
  1031.   591.  1254.  1107.  1226.  1026.  1019.  1256.  1892.  1622.
  1146.  1389.  1816.  1184.  1117.  1169.  1556.  1109.  2012.  2035.
  1146.  1625.  1207.  1478.   618.  1531.   821.   925.   932.   853.]
145 [  386.   834.  1901.  1408.  1348.  1403.   893.  1274.  1297.  1099.
   826.   645.  1097.   851.  1390.   693.  1388.  1471.   757.  1348.
  1032.   591.  1250.  1107.  1226.  1026.  1021.  1256.  1892.  1622.
  1146.  1389.  1816.  1184.  1117.  1169.  1556.  1109.  2012.  2034.
  1146.  1625.  1207.  1478.   618.  1531.   821.   925.   932.   853.]
146 [  387.   834.  1901.  1408.  1348.  1403.   893.  1275.  1297.  1099.
   826.   645.  1096.   851.  1390.   694.  1388.  1471.   757.  1348.
  1032.   591.  1248.  1107.  1226.  1026.  1018.  1256.  1892.  1622.
  1145.  1389.  1817.  1184.  1117.  1169.  1556.  1110.  2012.  2034.
  1146.  1625.  1207.  1479.   618.  1532.   821.   925.   932.   853.]
147 [  389.   834.  1901.  1409.  1349.  1403.   893.  1275.  1297.  1099.
   826.   645.  1093.   851.  1390.   695.  1388.  1471.   757.  1349.
  1034.   591.  1244.  1107.  1226.  1026.  1018.  1256.  1892.  1622.
  1144.  1389.  1817.  1184.  1117.  1169.  1555.  1110.  2012.  2034.
  1146.  1625.  1208.  1479.   618.  1532.   821.   925.   932.   853.]
148 [  389.   834.  1901.  1410.  1348.  1403.   893.  1275.  1297.  1099.
   826.   645.  1091.   851.  1390.   699.  1388.  1471.   757.  1349.
  1036.   591.  1240.  1107.  1226.  1026.  1017.  1256.  1892.  1622.
  1144.  1389.  1816.  1184.  1117.  1169.  1555.  1110.  2012.  2034.
  1146.  1625.  1209.  1479.   618.  1533.   821.   925.   932.   853.]
149 [  392.   834.  1901.  1409.  1348.  1403.   893.  1277.  1297.  1100.
   826.   645.  1090.   851.  1391.   698.  1388.  1470.   757.  1350.
  1035.   591.  1243.  1107.  1226.  1026.  1016.  1256.  1891.  1622.
  1144.  1389.  1816.  1184.  1117.  1169.  1554.  1110.  2012.  2034.
  1146.  1625.  1206.  1480.   618.  1533.   821.   924.   932.   853.]
150 [  392.   834.  1901.  1409.  1348.  1403.   893.  1275.  1297.  1100.
   826.   645.  1090.   851.  1392.   701.  1388.  1468.   757.  1350.
  1035.   591.  1246.  1107.  1226.  1025.  1020.  1256.  1891.  1622.
  1144.  1389.  1816.  1183.  1117.  1169.  1553.  1110.  2012.  2034.
  1146.  1625.  1205.  1480.   618.  1532.   821.   922.   932.   853.]
151 [  391.   834.  1901.  1410.  1348.  1403.   893.  1277.  1297.  1101.
   826.   645.  1090.   851.  1392.   699.  1388.  1468.   757.  1351.
  1035.   591.  1245.  1108.  1226.  1024.  1019.  1256.  1891.  1622.
  1144.  1389.  1816.  1184.  1117.  1169.  1552.  1110.  2012.  2035.
  1146.  1625.  1204.  1481.   618.  1531.   821.   922.   932.   853.]
152 [  391.   834.  1901.  1409.  1348.  1403.   893.  1278.  1297.  1102.
   826.   645.  1091.   851.  1392.   698.  1388.  1468.   757.  1351.
  1035.   591.  1247.  1108.  1226.  1023.  1017.  1256.  1892.  1622.
  1144.  1388.  1816.  1183.  1117.  1169.  1552.  1110.  2012.  2036.
  1146.  1625.  1203.  1482.   618.  1530.   821.   923.   932.   853.]
153 [  392.   834.  1901.  1406.  1347.  1403.   893.  1278.  1297.  1104.
   826.   645.  1094.   852.  1391.   699.  1388.  1468.   757.  1351.
  1035.   591.  1247.  1108.  1226.  1022.  1016.  1255.  1892.  1622.
  1144.  1389.  1816.  1184.  1117.  1169.  1552.  1110.  2012.  2036.
  1146.  1625.  1203.  1482.   618.  1527.   821.   924.   932.   853.]
154 [  393.   834.  1902.  1403.  1346.  1403.   892.  1278.  1298.  1103.
   826.   645.  1094.   853.  1390.   700.  1388.  1468.   757.  1352.
  1035.   591.  1247.  1108.  1226.  1024.  1013.  1255.  1892.  1622.
  1144.  1389.  1816.  1184.  1118.  1169.  1552.  1110.  2012.  2036.
  1146.  1625.  1203.  1483.   618.  1527.   821.   924.   932.   853.]
155 [  392.   834.  1902.  1403.  1346.  1403.   892.  1278.  1298.  1104.
   826.   645.  1094.   853.  1389.   701.  1388.  1468.   757.  1352.
  1036.   591.  1246.  1108.  1226.  1023.  1013.  1255.  1892.  1621.
  1144.  1390.  1816.  1184.  1117.  1169.  1552.  1110.  2012.  2036.
  1146.  1625.  1203.  1483.   618.  1529.   821.   924.   932.   853.]
156 [  391.   834.  1902.  1403.  1346.  1403.   892.  1278.  1298.  1104.
   826.   645.  1095.   853.  1389.   701.  1390.  1468.   757.  1352.
  1036.   591.  1247.  1108.  1225.  1023.  1013.  1256.  1892.  1620.
  1144.  1390.  1816.  1182.  1117.  1169.  1552.  1110.  2012.  2036.
  1146.  1625.  1202.  1483.   619.  1530.   821.   924.   931.   853.]
157 [  391.   834.  1902.  1403.  1346.  1403.   892.  1278.  1298.  1103.
   826.   645.  1096.   853.  1389.   701.  1391.  1468.   757.  1352.
  1036.   591.  1248.  1108.  1226.  1023.  1012.  1256.  1892.  1620.
  1144.  1390.  1816.  1181.  1117.  1169.  1552.  1110.  2012.  2036.
  1146.  1625.  1202.  1483.   619.  1530.   821.   924.   930.   853.]
158 [  391.   834.  1903.  1403.  1346.  1403.   892.  1278.  1299.  1102.
   826.   645.  1097.   853.  1389.   701.  1391.  1468.   757.  1352.
  1036.   591.  1247.  1108.  1226.  1023.  1011.  1256.  1892.  1620.
  1144.  1390.  1816.  1181.  1117.  1169.  1552.  1110.  2012.  2036.
  1146.  1625.  1202.  1483.   619.  1530.   821.   924.   930.   853.]
159 [  391.   834.  1904.  1403.  1346.  1403.   892.  1278.  1299.  1102.
   826.   645.  1098.   853.  1389.   700.  1391.  1468.   757.  1352.
  1036.   591.  1247.  1108.  1226.  1023.  1011.  1256.  1892.  1620.
  1144.  1390.  1816.  1181.  1117.  1169.  1552.  1110.  2011.  2036.
  1146.  1625.  1202.  1483.   619.  1530.   821.   924.   930.   853.]
[  391.   834.  1904.  1403.  1346.  1403.   892.  1278.  1299.  1102.
   826.   645.  1098.   853.  1389.   700.  1391.  1468.   757.  1352.
  1036.   591.  1247.  1108.  1226.  1023.  1011.  1256.  1892.  1620.
  1144.  1390.  1816.  1181.  1117.  1169.  1552.  1110.  2011.  2036.
  1146.  1625.  1202.  1483.   619.  1530.   821.   924.   930.   853.]
Time spent clustering :  13824.5823519
medians_random_cluster50
Digit: 0  Purity: 92.7% SD: 1644.5  Count: 5946
Digit: 1  Purity: 89.7% SD: 1035.1  Count: 7290
Digit: 2  Purity: 83.7% SD: 1807.7  Count: 5762
Digit: 3  Purity: 69.5% SD: 1690.2  Count: 7715
Digit: 4  Purity: 60.6% SD: 1637.3  Count: 7156
Digit: 5  Purity: 75.5% SD: 1703.0  Count: 5273
Digit: 6  Purity: 90.1% SD: 1596.8  Count: 6002
Digit: 7  Purity: 75.9% SD: 1463.3  Count: 7214
Digit: 8  Purity: 91.1% SD: 1670.9  Count: 3981
Digit: 9  Purity: 68.9% SD: 1501.0  Count: 3661
Our accuracy in predicting test data for k = 50 was 80.5680568057 %
Time spent testing :  43.2435748577
