15 medians kplusplus 100
0 [ 1905.  4921.  3452.  2617.  6300.  2917.  1513.  7870.  3076.  4033.
  5990.  3354.  2464.  4359.  5229.]
1 [ 2134.  5281.  3734.  3013.  5603.  3224.  1878.  6021.  3582.  4325.
  5229.  3827.  3387.  4030.  4732.]
2 [ 2315.  5370.  3712.  3292.  5063.  3310.  2154.  5017.  4074.  4389.
  5028.  3942.  4052.  4019.  4263.]
3 [ 2476.  5185.  3492.  3493.  4596.  3288.  2492.  4481.  4455.  4855.
  4964.  3991.  4290.  4016.  3926.]
4 [ 2737.  4978.  3265.  3619.  4312.  3299.  2776.  4241.  4297.  5119.
  4930.  4081.  4508.  3999.  3839.]
5 [ 3083.  4830.  3085.  3710.  4163.  3308.  3045.  4148.  4068.  5139.
  4911.  4173.  4492.  4002.  3843.]
6 [ 3345.  4764.  2918.  3728.  4077.  3309.  3340.  4110.  4099.  4971.
  4873.  4258.  4306.  4065.  3837.]
7 [ 3520.  4741.  2777.  3708.  3987.  3299.  3547.  4125.  4304.  4739.
  4910.  4367.  3931.  4182.  3863.]
8 [ 3642.  4801.  2669.  3702.  3974.  3276.  3668.  4237.  4563.  4619.
  5012.  4435.  3050.  4368.  3984.]
9 [ 3654.  4883.  2601.  3661.  3968.  3229.  3774.  4338.  4758.  4494.
  5126.  4476.  2442.  4540.  4056.]
10 [ 3668.  4972.  2548.  3630.  3925.  3157.  3866.  4345.  4841.  4376.
  5195.  4507.  2290.  4625.  4055.]
11 [ 3689.  5054.  2499.  3578.  3905.  3084.  3910.  4330.  4862.  4256.
  5278.  4534.  2265.  4660.  4096.]
12 [ 3704.  5167.  2487.  3518.  3886.  2966.  3941.  4314.  4887.  4149.
  5347.  4559.  2272.  4696.  4107.]
13 [ 3717.  5311.  2477.  3440.  3840.  2851.  3964.  4294.  4914.  4051.
  5426.  4593.  2284.  4726.  4112.]
14 [ 3725.  5449.  2476.  3373.  3793.  2739.  3998.  4271.  4918.  3977.
  5496.  4625.  2271.  4750.  4139.]
15 [ 3744.  5572.  2485.  3277.  3749.  2654.  4027.  4248.  4929.  3915.
  5572.  4652.  2269.  4753.  4154.]
16 [ 3754.  5677.  2497.  3172.  3696.  2595.  4041.  4219.  4943.  3846.
  5699.  4694.  2250.  4755.  4162.]
17 [ 3764.  5726.  2488.  3101.  3631.  2556.  4056.  4202.  4952.  3775.
  5843.  4740.  2228.  4757.  4181.]
18 [ 3772.  5753.  2480.  3042.  3572.  2551.  4073.  4177.  4949.  3719.
  5976.  4760.  2209.  4753.  4214.]
19 [ 3776.  5775.  2478.  3000.  3513.  2566.  4084.  4150.  4953.  3692.
  6084.  4777.  2180.  4742.  4230.]
20 [ 3770.  5780.  2483.  2986.  3469.  2577.  4091.  4122.  4937.  3669.
  6181.  4812.  2145.  4743.  4235.]
21 [ 3771.  5783.  2489.  2969.  3424.  2605.  4096.  4112.  4918.  3654.
  6234.  4857.  2114.  4726.  4248.]
22 [ 3774.  5778.  2497.  2958.  3383.  2630.  4093.  4085.  4906.  3629.
  6304.  4901.  2079.  4707.  4276.]
23 [ 3770.  5759.  2496.  2961.  3351.  2640.  4085.  4071.  4892.  3633.
  6356.  4939.  2051.  4686.  4310.]
24 [ 3772.  5745.  2492.  2962.  3322.  2649.  4069.  4060.  4886.  3636.
  6427.  4976.  2009.  4663.  4332.]
25 [ 3770.  5735.  2489.  2961.  3307.  2653.  4062.  4049.  4872.  3638.
  6492.  4994.  1974.  4647.  4357.]
26 [ 3761.  5737.  2494.  2962.  3291.  2654.  4066.  4039.  4870.  3623.
  6524.  5013.  1955.  4634.  4377.]
27 [ 3751.  5734.  2506.  2960.  3280.  2652.  4071.  4025.  4857.  3629.
  6556.  5037.  1943.  4618.  4381.]
28 [ 3744.  5727.  2510.  2959.  3278.  2656.  4076.  4005.  4850.  3643.
  6587.  5055.  1906.  4611.  4393.]
29 [ 3725.  5725.  2519.  2960.  3276.  2657.  4088.  3990.  4855.  3656.
  6585.  5083.  1878.  4598.  4405.]
30 [ 3726.  5729.  2532.  2959.  3274.  2657.  4099.  3984.  4854.  3670.
  6569.  5096.  1840.  4582.  4429.]
31 [ 3723.  5734.  2537.  2957.  3260.  2657.  4110.  3975.  4855.  3690.
  6568.  5130.  1799.  4566.  4439.]
32 [ 3722.  5728.  2540.  2957.  3251.  2655.  4139.  3966.  4861.  3717.
  6531.  5172.  1758.  4558.  4445.]
33 [ 3711.  5718.  2546.  2954.  3250.  2656.  4159.  3963.  4878.  3747.
  6484.  5209.  1722.  4553.  4450.]
34 [ 3708.  5704.  2552.  2952.  3244.  2659.  4184.  3969.  4892.  3771.
  6403.  5260.  1691.  4542.  4469.]
35 [ 3707.  5697.  2566.  2951.  3241.  2660.  4202.  3963.  4905.  3813.
  6291.  5309.  1664.  4540.  4491.]
36 [ 3715.  5693.  2579.  2951.  3229.  2659.  4246.  3957.  4930.  3851.
  6168.  5361.  1636.  4535.  4490.]
37 [ 3723.  5693.  2596.  2951.  3220.  2663.  4301.  3958.  4937.  3893.
  6006.  5424.  1614.  4521.  4500.]
38 [ 3733.  5694.  2616.  2951.  3209.  2667.  4335.  3963.  4956.  3939.
  5808.  5482.  1597.  4515.  4535.]
39 [ 3747.  5700.  2640.  2953.  3210.  2667.  4377.  3965.  4985.  3971.
  5557.  5556.  1597.  4515.  4560.]
40 [ 3761.  5709.  2654.  2953.  3199.  2669.  4407.  3976.  5007.  3996.
  5295.  5636.  1613.  4516.  4609.]
41 [ 3773.  5727.  2669.  2953.  3198.  2665.  4422.  4002.  5044.  4024.
  5032.  5705.  1624.  4515.  4647.]
42 [ 3778.  5728.  2678.  2957.  3190.  2661.  4417.  4033.  5077.  4046.
  4756.  5797.  1671.  4514.  4697.]
43 [ 3784.  5730.  2697.  2958.  3178.  2662.  4396.  4057.  5108.  4074.
  4502.  5899.  1702.  4516.  4737.]
44 [ 3789.  5746.  2707.  2960.  3166.  2661.  4374.  4077.  5135.  4085.
  4259.  5988.  1735.  4526.  4792.]
45 [ 3794.  5757.  2716.  2963.  3166.  2660.  4361.  4100.  5154.  4110.
  4063.  6037.  1771.  4541.  4807.]
46 [ 3790.  5772.  2724.  2967.  3160.  2660.  4329.  4110.  5183.  4138.
  3922.  6074.  1788.  4551.  4832.]
47 [ 3776.  5772.  2726.  2967.  3164.  2659.  4309.  4110.  5223.  4192.
  3806.  6108.  1806.  4559.  4823.]
48 [ 3784.  5778.  2726.  2970.  3162.  2659.  4289.  4109.  5265.  4234.
  3713.  6126.  1823.  4566.  4796.]
49 [ 3783.  5786.  2727.  2967.  3160.  2660.  4290.  4106.  5309.  4275.
  3668.  6143.  1832.  4572.  4722.]
50 [ 3786.  5805.  2734.  2963.  3158.  2660.  4284.  4104.  5343.  4319.
  3628.  6156.  1823.  4578.  4659.]
51 [ 3788.  5816.  2734.  2963.  3167.  2660.  4294.  4109.  5369.  4362.
  3585.  6155.  1827.  4575.  4596.]
52 [ 3791.  5830.  2729.  2963.  3168.  2659.  4290.  4114.  5381.  4393.
  3551.  6161.  1832.  4572.  4566.]
53 [ 3806.  5844.  2731.  2964.  3172.  2659.  4317.  4114.  5392.  4415.
  3511.  6145.  1834.  4577.  4519.]
54 [ 3805.  5865.  2723.  2964.  3169.  2659.  4344.  4113.  5401.  4436.
  3486.  6131.  1828.  4581.  4495.]
55 [ 3806.  5878.  2709.  2963.  3172.  2659.  4382.  4116.  5407.  4475.
  3455.  6112.  1821.  4578.  4467.]
56 [ 3808.  5883.  2705.  2963.  3176.  2660.  4409.  4116.  5412.  4503.
  3446.  6082.  1816.  4577.  4444.]
57 [ 3807.  5881.  2697.  2961.  3177.  2660.  4448.  4113.  5400.  4536.
  3446.  6073.  1808.  4576.  4417.]
58 [ 3796.  5876.  2684.  2957.  3180.  2657.  4507.  4103.  5393.  4567.
  3460.  6052.  1800.  4581.  4387.]
59 [ 3791.  5872.  2682.  2958.  3178.  2651.  4538.  4098.  5379.  4595.
  3466.  6029.  1788.  4579.  4396.]
60 [ 3787.  5868.  2674.  2956.  3173.  2649.  4559.  4104.  5356.  4640.
  3464.  5991.  1779.  4577.  4423.]
61 [ 3787.  5861.  2665.  2953.  3166.  2647.  4615.  4106.  5342.  4677.
  3462.  5944.  1762.  4577.  4436.]
62 [ 3792.  5848.  2649.  2947.  3163.  2645.  4652.  4114.  5307.  4728.
  3463.  5905.  1745.  4572.  4470.]
63 [ 3796.  5834.  2638.  2948.  3154.  2640.  4705.  4122.  5281.  4778.
  3441.  5893.  1738.  4560.  4472.]
64 [ 3796.  5829.  2628.  2944.  3151.  2637.  4773.  4116.  5263.  4809.
  3469.  5873.  1718.  4529.  4465.]
65 [ 3793.  5835.  2615.  2942.  3152.  2636.  4833.  4113.  5243.  4826.
  3488.  5845.  1692.  4511.  4476.]
66 [ 3791.  5826.  2618.  2943.  3167.  2635.  4883.  4114.  5225.  4839.
  3496.  5819.  1669.  4498.  4477.]
67 [ 3787.  5818.  2619.  2940.  3180.  2635.  4941.  4115.  5209.  4855.
  3509.  5795.  1651.  4485.  4461.]
68 [ 3779.  5813.  2618.  2937.  3186.  2634.  4980.  4110.  5200.  4874.
  3500.  5783.  1636.  4477.  4473.]
69 [ 3785.  5815.  2618.  2937.  3187.  2634.  5037.  4106.  5197.  4867.
  3507.  5762.  1617.  4460.  4471.]
70 [ 3788.  5810.  2619.  2935.  3187.  2634.  5088.  4102.  5198.  4850.
  3511.  5748.  1606.  4445.  4479.]
71 [ 3783.  5806.  2622.  2933.  3192.  2637.  5138.  4105.  5196.  4822.
  3522.  5736.  1608.  4432.  4468.]
72 [ 3784.  5802.  2631.  2935.  3200.  2641.  5198.  4107.  5191.  4791.
  3536.  5712.  1588.  4419.  4465.]
73 [ 3775.  5787.  2640.  2934.  3206.  2643.  5262.  4110.  5179.  4759.
  3539.  5698.  1579.  4417.  4472.]
74 [ 3767.  5786.  2652.  2932.  3216.  2642.  5294.  4114.  5165.  4734.
  3545.  5665.  1569.  4416.  4503.]
75 [ 3766.  5789.  2665.  2933.  3218.  2642.  5333.  4120.  5154.  4710.
  3544.  5629.  1553.  4414.  4530.]
76 [ 3762.  5789.  2674.  2933.  3227.  2642.  5383.  4118.  5141.  4689.
  3545.  5605.  1532.  4402.  4558.]
77 [ 3761.  5788.  2686.  2932.  3238.  2644.  5424.  4113.  5128.  4662.
  3534.  5589.  1516.  4402.  4583.]
78 [ 3755.  5787.  2696.  2932.  3250.  2646.  5472.  4114.  5120.  4629.
  3539.  5562.  1498.  4401.  4599.]
79 [ 3753.  5787.  2698.  2932.  3256.  2646.  5529.  4119.  5119.  4599.
  3533.  5540.  1481.  4405.  4603.]
80 [ 3752.  5783.  2702.  2931.  3266.  2647.  5581.  4123.  5111.  4574.
  3524.  5508.  1471.  4414.  4613.]
81 [ 3749.  5788.  2701.  2930.  3285.  2650.  5629.  4129.  5110.  4545.
  3513.  5471.  1457.  4421.  4622.]
82 [ 3739.  5788.  2702.  2929.  3300.  2655.  5680.  4133.  5108.  4517.
  3484.  5448.  1449.  4429.  4639.]
83 [ 3732.  5786.  2708.  2930.  3314.  2655.  5729.  4131.  5110.  4488.
  3455.  5436.  1438.  4435.  4653.]
84 [ 3723.  5789.  2712.  2931.  3318.  2656.  5775.  4129.  5107.  4476.
  3441.  5418.  1427.  4447.  4651.]
85 [ 3716.  5789.  2717.  2931.  3329.  2655.  5845.  4133.  5101.  4471.
  3378.  5401.  1415.  4463.  4656.]
86 [ 3705.  5797.  2721.  2931.  3332.  2656.  5887.  4138.  5100.  4481.
  3315.  5380.  1407.  4483.  4667.]
87 [ 3705.  5804.  2724.  2932.  3343.  2657.  5920.  4146.  5104.  4484.
  3268.  5350.  1395.  4487.  4681.]
88 [ 3714.  5810.  2725.  2932.  3351.  2658.  5944.  4146.  5105.  4494.
  3206.  5321.  1392.  4508.  4694.]
89 [ 3718.  5820.  2728.  2933.  3356.  2657.  5970.  4156.  5102.  4503.
  3141.  5300.  1384.  4529.  4703.]
90 [ 3727.  5830.  2729.  2934.  3370.  2656.  5991.  4169.  5102.  4511.
  3087.  5279.  1362.  4532.  4721.]
91 [ 3738.  5829.  2728.  2933.  3396.  2655.  6014.  4179.  5095.  4530.
  3054.  5255.  1311.  4544.  4739.]
92 [ 3747.  5828.  2736.  2932.  3413.  2656.  6033.  4188.  5098.  4549.
  3022.  5223.  1263.  4558.  4754.]
93 [ 3757.  5833.  2738.  2930.  3428.  2655.  6056.  4204.  5100.  4578.
  2936.  5205.  1233.  4567.  4780.]
94 [ 3763.  5836.  2735.  2930.  3436.  2653.  6075.  4227.  5105.  4600.
  2883.  5184.  1193.  4585.  4795.]
95 [ 3765.  5839.  2736.  2930.  3445.  2651.  6088.  4238.  5116.  4609.
  2865.  5163.  1167.  4594.  4794.]
96 [ 3773.  5837.  2737.  2929.  3450.  2652.  6105.  4255.  5124.  4616.
  2827.  5142.  1144.  4600.  4809.]
97 [ 3778.  5833.  2735.  2930.  3458.  2652.  6109.  4269.  5126.  4629.
  2808.  5127.  1119.  4603.  4824.]
98 [ 3777.  5830.  2734.  2930.  3465.  2652.  6125.  4281.  5129.  4633.
  2788.  5119.  1099.  4606.  4832.]
99 [ 3779.  5831.  2733.  2930.  3469.  2652.  6141.  4285.  5129.  4639.
  2769.  5105.  1090.  4614.  4834.]
100 [ 3782.  5830.  2733.  2930.  3471.  2651.  6162.  4291.  5133.  4642.
  2742.  5094.  1090.  4613.  4836.]
101 [ 3784.  5830.  2727.  2930.  3471.  2650.  6167.  4293.  5134.  4647.
  2730.  5088.  1090.  4616.  4843.]
102 [ 3783.  5832.  2726.  2930.  3474.  2650.  6177.  4293.  5135.  4648.
  2723.  5073.  1091.  4619.  4846.]
103 [ 3784.  5832.  2726.  2930.  3478.  2649.  6188.  4294.  5136.  4652.
  2713.  5064.  1087.  4618.  4849.]
104 [ 3784.  5832.  2728.  2931.  3481.  2649.  6196.  4293.  5137.  4654.
  2708.  5055.  1084.  4618.  4850.]
105 [ 3783.  5831.  2730.  2931.  3482.  2649.  6200.  4294.  5139.  4654.
  2705.  5051.  1079.  4619.  4853.]
106 [ 3782.  5832.  2732.  2931.  3483.  2648.  6209.  4294.  5142.  4651.
  2700.  5045.  1077.  4621.  4853.]
107 [ 3781.  5831.  2733.  2931.  3484.  2647.  6212.  4292.  5145.  4650.
  2694.  5046.  1078.  4621.  4855.]
108 [ 3781.  5830.  2732.  2931.  3485.  2647.  6210.  4297.  5146.  4650.
  2683.  5045.  1084.  4619.  4860.]
109 [ 3781.  5829.  2732.  2931.  3483.  2647.  6213.  4299.  5148.  4648.
  2682.  5045.  1083.  4621.  4858.]
110 [ 3781.  5831.  2731.  2930.  3481.  2647.  6219.  4302.  5148.  4646.
  2675.  5043.  1085.  4621.  4860.]
111 [ 3781.  5831.  2733.  2930.  3485.  2647.  6230.  4301.  5147.  4640.
  2675.  5037.  1085.  4620.  4858.]
112 [ 3779.  5829.  2733.  2930.  3485.  2647.  6232.  4301.  5148.  4640.
  2673.  5040.  1085.  4620.  4858.]
113 [ 3778.  5829.  2733.  2930.  3485.  2647.  6232.  4301.  5148.  4639.
  2673.  5041.  1085.  4620.  4859.]
114 [ 3778.  5829.  2733.  2930.  3486.  2647.  6232.  4301.  5148.  4639.
  2673.  5040.  1086.  4620.  4858.]
115 [ 3777.  5829.  2733.  2930.  3487.  2647.  6232.  4301.  5148.  4639.
  2673.  5040.  1086.  4620.  4858.]
[ 3777.  5829.  2733.  2930.  3487.  2647.  6232.  4301.  5148.  4639.
  2673.  5040.  1086.  4620.  4858.]
Time spent clustering :  7473.84205103
medians_kplusplus_cluster15
Digit: 0  Purity: 88.9% SD: 1890.6  Count: 5577
Digit: 1  Purity: 71.8% SD: 1339.6  Count: 8921
Digit: 2  Purity: 90.4% SD: 1985.7  Count: 3777
Digit: 3  Purity: 53.0% SD: 1868.0  Count: 9316
Digit: 4  Purity: 51.3% SD: 1906.2  Count: 4858
Digit: 5  Purity: 24.2% SD: 1783.9  Count: 3759
Digit: 6  Purity: 81.4% SD: 1797.1  Count: 5148
Digit: 7  Purity: 65.8% SD: 1641.9  Count: 7372
Digit: 8  Purity: 69.5% SD: 1823.0  Count: 5040
Digit: 9  Purity: 42.2% SD: 1656.6  Count: 6232
Our accuracy in predicting test data for k = 15 was 63.4563456346 %
Time spent testing :  13.1422269344
