45 medoids random 100
0 [ 1516.  1018.   753.  3459.   340.  1719.  1689.  1230.  1127.  3852.
  1253.   404.  1215.   452.  2166.  1371.  1075.   358.  1588.   289.
  3149.  1609.  1646.  1069.  4644.   587.  2649.  2162.  1902.   819.
  1459.  1344.   727.   403.   671.  1514.   554.   846.  1802.   221.
   657.   230.  1380.   787.   295.]
1 [ 1265.   830.   693.  3480.   247.  2248.  1564.  2211.  1015.  3028.
  1083.   630.  1183.   812.  1947.  1263.   701.   442.  2080.   342.
  3112.  1686.  1456.   906.  4207.   940.  2236.  2092.  1619.   661.
  1875.  1543.  1344.   285.  1029.   927.   447.   902.  1223.   206.
   975.   723.  1163.   564.   815.]
2 [ 1245.   709.   668.  3148.   257.  2336.  1504.  2628.   939.  2777.
  1018.   577.   902.   810.  1779.  1051.   657.   438.  2053.   344.
  2995.  1702.  1314.   828.  3886.  1596.  2188.  2185.  1671.   667.
  1879.  1798.  1357.   280.   980.   789.   425.   888.  1219.   209.
   974.  1136.  1935.   520.   739.]
3 [ 1234.   702.   677.  3157.   255.  2355.  1528.  2700.   942.  2835.
  1021.   578.   891.   814.  1604.  1041.   670.   437.  2056.   348.
  3008.  1767.  1318.   826.  3645.  1587.  2179.  2055.  1671.   669.
  1890.  1787.  1559.   279.   977.   885.   431.   883.  1217.   209.
   976.  1148.  1933.   516.   740.]
[ 1234.   702.   677.  3157.   255.  2355.  1528.  2700.   942.  2835.
  1021.   578.   891.   814.  1604.  1041.   670.   437.  2056.   348.
  3008.  1767.  1318.   826.  3645.  1587.  2179.  2055.  1671.   669.
  1890.  1787.  1559.   279.   977.   885.   431.   883.  1217.   209.
   976.  1148.  1933.   516.   740.]
Time spent clustering :  463.811317205
medoids_random_cluster45
Digit: 0  Purity: 85.1% SD: 1896.9  Count: 6103
Digit: 1  Purity: 67.9% SD: 1323.3  Count: 9783
Digit: 2  Purity: 79.6% SD: 1962.7  Count: 5499
Digit: 3  Purity: 69.7% SD: 1880.3  Count: 6185
Digit: 4  Purity: 49.6% SD: 1838.5  Count: 4201
Digit: 5  Purity: 49.0% SD: 1853.6  Count: 4830
Digit: 6  Purity: 87.2% SD: 1784.9  Count: 5379
Digit: 7  Purity: 81.9% SD: 1627.3  Count: 4744
Digit: 8  Purity: 62.8% SD: 1883.5  Count: 6380
Digit: 9  Purity: 44.8% SD: 1762.8  Count: 6896
Our accuracy in predicting test data for k = 45 was 67.6467646765 %
Time spent testing :  38.7573039532
