19 medoids random 100
0 [ 5862.   287.  2196.  2368.  5882.  2061.  2446.  1269.  2032.  1970.
  5287.  3872.  1604.  2161.  5270.  5219.  5316.  1826.  3072.]
1 [ 5678.  1093.  2186.  2440.  5976.  2882.  2453.  1211.  2593.  2654.
  4793.  3338.  1397.  2558.  3850.  4973.  4748.  2186.  2991.]
2 [ 5682.  1102.  2109.  2451.  5971.  2863.  1995.  1213.  2751.  2634.
  4796.  3324.  2610.  2543.  3696.  4875.  4726.  2089.  2570.]
3 [ 5654.  1103.  2109.  2448.  5914.  2867.  1998.  1204.  3229.  2619.
  4792.  3314.  2630.  2564.  3529.  4746.  4713.  1999.  2568.]
[ 5654.  1103.  2109.  2448.  5914.  2867.  1998.  1204.  3229.  2619.
  4792.  3314.  2630.  2564.  3529.  4746.  4713.  1999.  2568.]
Time spent clustering :  609.040348053
medoids_random_cluster19
Digit: 0  Purity: 81.8% SD: 2043.9  Count: 5878
Digit: 1  Purity: 61.4% SD: 1504.4  Count: 10706
Digit: 2  Purity: 82.1% SD: 2065.2  Count: 4306
Digit: 3  Purity: 61.7% SD: 1959.8  Count: 7332
Digit: 4  Purity: 34.5% SD: 1977.7  Count: 4746
Digit: 5  Purity:  0.0% SD:    0.0  Count: 0
Digit: 6  Purity: 92.9% SD: 1969.9  Count: 3229
Digit: 7  Purity: 61.6% SD: 1833.5  Count: 4557
Digit: 8  Purity: 56.0% SD: 2024.6  Count: 6396
Digit: 9  Purity: 35.3% SD: 1833.7  Count: 12850
Our accuracy in predicting test data for k = 19 was 60.1360136014 %
Time spent testing :  27.5523748398
