45 medoids kplusplus 100
0 [ 1454.  2011.  2726.  2208.   768.  1527.   984.  1213.  1449.   634.
  2092.  1975.  1802.   952.   750.   318.  1047.  2831.   528.  2116.
   857.   375.   821.  1308.  2535.  2595.  1140.  1135.   596.  1007.
  1873.   660.  1201.  1121.  1494.  3602.  1454.   978.  1001.  1022.
   545.   968.   777.   677.   873.]
1 [ 1414.  2091.  2447.  2870.   842.  1395.   927.  1250.  1492.   629.
  2002.  2217.  1756.   937.   676.   294.   995.  3539.   526.  1876.
   847.   376.   796.  1272.  2215.  2647.  1132.  1033.   586.  1007.
  1754.   647.  1169.  1069.  1336.  3339.  1276.   955.   998.  1208.
   533.  1164.   773.   601.  1092.]
2 [ 1411.  2118.  2449.  2950.   807.  1259.   944.  1204.  1498.   630.
  2002.  2242.  2061.   931.   674.   257.  1180.  3483.   529.  1837.
   848.   370.   796.  1270.  2227.  2452.  1110.  1045.   568.  1010.
  1741.   648.  1168.  1053.  1337.  3328.  1275.   952.   984.  1207.
   528.  1140.   772.   625.  1080.]
3 [ 1407.  2117.  2456.  2952.   836.  1260.   944.  1217.  1488.   630.
  1994.  2243.  2053.   931.   672.   257.  1265.  3507.   529.  1839.
   848.   370.   791.  1280.  2226.  2456.  1111.  1044.   545.  1003.
  1738.   643.  1168.  1053.  1337.  3341.  1265.   949.   882.  1203.
   533.  1142.   773.   626.  1076.]
[ 1407.  2117.  2456.  2952.   836.  1260.   944.  1217.  1488.   630.
  1994.  2243.  2053.   931.   672.   257.  1265.  3507.   529.  1839.
   848.   370.   791.  1280.  2226.  2456.  1111.  1044.   545.  1003.
  1738.   643.  1168.  1053.  1337.  3341.  1265.   949.   882.  1203.
   533.  1142.   773.   626.  1076.]
Time spent clustering :  2404.88158703
medoids_kplusplus_cluster45
Digit: 0  Purity: 93.8% SD: 1979.9  Count: 4417
Digit: 1  Purity: 72.4% SD: 1269.7  Count: 8529
Digit: 2  Purity: 91.9% SD: 1995.3  Count: 3778
Digit: 3  Purity: 59.7% SD: 1892.6  Count: 8195
Digit: 4  Purity: 61.1% SD: 1861.6  Count: 5406
Digit: 5  Purity: 48.2% SD: 1842.3  Count: 7241
Digit: 6  Purity: 81.3% SD: 1755.1  Count: 6253
Digit: 7  Purity: 75.0% SD: 1645.8  Count: 6432
Digit: 8  Purity: 74.8% SD: 1917.7  Count: 3199
Digit: 9  Purity: 53.6% SD: 1676.5  Count: 6550
Our accuracy in predicting test data for k = 45 was 68.496849685 %
Time spent testing :  63.3922059536
