17 medoids kplusplus 100
0 [ 3423.  1809.  5634.  2994.  1671.  1833.   851.  5111.  7472.  3579.
  7726.  1946.   316.  4694.  1838.  1130.  7973.]
1 [ 3388.  1791.  4879.  3119.  1354.  1657.   857.  4910.  6592.  3432.
  6244.  1915.   594.  7109.  1776.  1009.  9374.]
[ 3388.  1791.  4879.  3119.  1354.  1657.   857.  4910.  6592.  3432.
  6244.  1915.   594.  7109.  1776.  1009.  9374.]
Time spent clustering :  2090.4366312
medoids_kplusplus_cluster17
Digit: 0  Purity: 68.3% SD: 2016.7  Count: 7995
Digit: 1  Purity: 58.4% SD: 1596.3  Count: 9374
Digit: 2  Purity: 66.1% SD: 2077.9  Count: 6390
Digit: 3  Purity: 76.5% SD: 1984.2  Count: 3119
Digit: 4  Purity: 39.4% SD: 2124.3  Count: 4879
Digit: 5  Purity: 36.8% SD: 2039.1  Count: 3388
Digit: 6  Purity: 67.4% SD: 1959.2  Count: 4910
Digit: 7  Purity: 50.6% SD: 1813.5  Count: 6592
Digit: 8  Purity: 33.6% SD: 1941.3  Count: 6244
Digit: 9  Purity: 36.7% SD: 1855.7  Count: 7109
Our accuracy in predicting test data for k = 17 was 54.5854585459 %
Time spent testing :  96.5374190807
