16 medoids random 100
0 [   953.    730.   3947.   4119.   6463.  10447.   5597.   1222.   1405.
   1867.    656.   2090.   5292.   3699.   7095.   4418.]
1 [ 2244.   786.  3725.  3355.  5855.  8566.  5641.  1075.  1634.  2111.
   862.  2118.  4740.  3783.  8119.  5386.]
2 [ 2215.   769.  3494.  3352.  6931.  7621.  5916.  1121.  1689.  2090.
   832.  2086.  4983.  3859.  7061.  5981.]
3 [ 2215.   769.  3394.  3435.  6842.  7581.  5857.  1114.  1670.  2079.
   829.  2085.  5039.  4005.  7094.  5992.]
[ 2215.   769.  3394.  3435.  6842.  7581.  5857.  1114.  1670.  2079.
   829.  2085.  5039.  4005.  7094.  5992.]
Time spent clustering :  555.159904957
medoids_random_cluster16
Digit: 0  Purity: 80.7% SD: 1938.3  Count: 6461
Digit: 1  Purity: 54.9% SD: 1588.5  Count: 12133
Digit: 2  Purity: 87.3% SD: 2141.3  Count: 3435
Digit: 3  Purity: 52.0% SD: 2017.6  Count: 8072
Digit: 4  Purity: 38.3% SD: 1999.8  Count: 6842
Digit: 5  Purity: 48.8% SD: 2075.9  Count: 2085
Digit: 6  Purity: 64.4% SD: 1998.1  Count: 7399
Digit: 7  Purity: 55.8% SD: 1867.4  Count: 5992
Digit: 8  Purity:  0.0% SD:    0.0  Count: 0
Digit: 9  Purity: 32.5% SD: 1897.4  Count: 7581
Our accuracy in predicting test data for k = 16 was 56.295629563 %
Time spent testing :  24.0075569153
