18 medoids random 100
0 [ 3126.  2141.  3271.  2462.  1560.  2808.  2339.  1770.  4030.  3084.
   231.  5099.  7111.  3333.  7499.  3180.  3633.  3323.]
1 [ 2775.  1477.  2616.  3156.  2099.  2210.  3004.  1937.  3595.  3076.
  1253.  5536.  5795.  3679.  5915.  3672.  4965.  3240.]
2 [ 2503.  1605.  2530.  3118.  2100.  2203.  3008.  1926.  3504.  3060.
  1850.  5526.  5088.  3943.  5807.  3660.  5276.  3293.]
[ 2503.  1605.  2530.  3118.  2100.  2203.  3008.  1926.  3504.  3060.
  1850.  5526.  5088.  3943.  5807.  3660.  5276.  3293.]
Time spent clustering :  534.771771193
medoids_random_cluster18
Digit: 0  Purity: 83.6% SD: 2017.2  Count: 5796
Digit: 1  Purity: 58.3% SD: 1507.5  Count: 11333
Digit: 2  Purity: 62.5% SD: 2118.3  Count: 4723
Digit: 3  Purity: 60.0% SD: 1983.5  Count: 7464
Digit: 4  Purity: 43.3% SD: 1968.3  Count: 6938
Digit: 5  Purity: 47.2% SD: 1935.4  Count: 5604
Digit: 6  Purity: 85.8% SD: 1900.8  Count: 3943
Digit: 7  Purity: 57.7% SD: 1787.9  Count: 8336
Digit: 8  Purity: 56.9% SD: 1991.1  Count: 2203
Digit: 9  Purity: 45.2% SD: 1869.3  Count: 3660
Our accuracy in predicting test data for k = 18 was 60.6060606061 %
Time spent testing :  27.2723639011
