50 medoids kplusplus 100
0 [ 2574.   841.   508.  1594.   947.  1020.  1414.  1206.  1152.   424.
   912.  2249.   220.  2151.  1176.   733.  2308.   487.  1177.   732.
  1604.  1925.   814.   778.   471.   374.  2398.   437.  2613.   198.
  2035.  1357.   808.  2213.  1042.  1744.  1235.  1596.   430.   501.
   401.   649.  1315.  1483.   967.   919.  1202.  2094.  1211.  1361.]
1 [ 2463.   821.   462.  1443.   737.  1070.  1446.  1208.   929.   815.
  1038.  2216.   222.  2126.  1184.   722.  2300.   443.  1699.   708.
  1501.  1810.  1295.   687.   534.   632.  2209.   413.  2452.   194.
  2038.  1469.   795.  2090.  1085.  1652.  1156.  1048.   561.   467.
   448.   595.  1319.  1415.  1430.   896.  1129.  2019.  1304.  1305.]
2 [ 2463.   806.   462.  1442.   739.  1097.  1447.  1208.   814.   818.
  1038.  2214.   223.  2126.  1187.   707.  2301.   461.  1699.   709.
  1503.  1847.  1296.   688.   534.   670.  2143.   416.  2446.   195.
  2043.  1467.   795.  2066.  1091.  1653.  1154.  1073.   594.   469.
   448.   594.  1319.  1416.  1466.   895.  1129.  2027.  1307.  1295.]
[ 2463.   806.   462.  1442.   739.  1097.  1447.  1208.   814.   818.
  1038.  2214.   223.  2126.  1187.   707.  2301.   461.  1699.   709.
  1503.  1847.  1296.   688.   534.   670.  2143.   416.  2446.   195.
  2043.  1467.   795.  2066.  1091.  1653.  1154.  1073.   594.   469.
   448.   594.  1319.  1416.  1466.   895.  1129.  2027.  1307.  1295.]
Time spent clustering :  8191.43628502
medoids_kplusplus_cluster50
Digit: 0  Purity: 93.2% SD: 1864.3  Count: 5013
Digit: 1  Purity: 61.9% SD: 1360.9  Count: 10821
Digit: 2  Purity: 90.9% SD: 2013.9  Count: 3709
Digit: 3  Purity: 73.0% SD: 1835.5  Count: 5467
Digit: 4  Purity: 58.6% SD: 1806.3  Count: 5243
Digit: 5  Purity: 65.1% SD: 1887.2  Count: 5616
Digit: 6  Purity: 89.9% SD: 1826.4  Count: 4961
Digit: 7  Purity: 72.5% SD: 1625.3  Count: 7267
Digit: 8  Purity: 72.9% SD: 1919.4  Count: 3724
Digit: 9  Purity: 45.2% SD: 1727.7  Count: 8179
Our accuracy in predicting test data for k = 50 was 70.2370237024 %
Time spent testing :  125.875618935
