50 medoids random 100
0 [ 1417.   758.   579.   822.  2196.   873.  1176.   729.  1239.   524.
  1904.  2255.   622.   429.  2262.  1524.   396.  1202.   577.   807.
   723.  1495.  1889.  2815.   578.   467.   232.  1351.  1901.  3319.
   399.   506.   673.   531.   696.   303.  1684.   155.  1255.   226.
  1403.  1367.    65.  2276.  1493.   852.  3257.   449.  1586.  3763.]
1 [ 1376.   656.   642.   585.  1675.   602.  1101.   753.   798.  1631.
  1669.  2267.   553.   297.  2388.  1351.   696.  1369.  1015.   818.
   717.  1463.  1352.  2549.   716.   497.   643.   943.  2577.  2861.
   715.   503.   529.   544.   662.   353.  1496.   845.  1131.   725.
  1617.  1554.   221.  2099.  1405.   748.  3042.   561.  1408.  3282.]
2 [ 1351.   668.   639.   628.  1565.   606.  1123.   754.   646.  1534.
  1627.  2266.   640.   295.  2282.  1347.   696.  1362.  1009.   878.
   703.  1426.  1329.  2410.   807.   497.   648.   948.  3137.  2675.
   709.   412.   618.   508.   686.   355.  1613.  1106.  1133.   716.
  2126.  1567.   242.  2091.  1324.   752.  2975.   577.  1278.  2716.]
3 [ 1348.   661.   640.   693.  1567.   606.  1123.   754.   644.  1526.
  1645.  2265.   642.   297.  2316.  1346.   695.  1361.  1007.   875.
   702.  1436.  1324.  2413.   754.   497.   662.   947.  3187.  2542.
   726.   408.   634.   510.   917.   354.  1745.  1095.  1132.   718.
  1998.  1568.   210.  2341.  1435.   752.  2389.   577.  1295.  2721.]
4 [ 1346.   660.   640.   685.  1565.   606.  1123.   754.   644.  1531.
  1656.  2264.   642.   297.  2290.  1347.   695.  1361.  1007.   875.
   702.  1432.  1326.  2414.   754.   497.   662.   947.  3188.  2485.
   726.   407.   634.   510.   917.   354.  1741.  1094.  1128.   718.
  1996.  1568.   210.  2347.  1467.   752.  2439.   577.  1296.  2724.]
[ 1346.   660.   640.   685.  1565.   606.  1123.   754.   644.  1531.
  1656.  2264.   642.   297.  2290.  1347.   695.  1361.  1007.   875.
   702.  1432.  1326.  2414.   754.   497.   662.   947.  3188.  2485.
   726.   407.   634.   510.   917.   354.  1741.  1094.  1128.   718.
  1996.  1568.   210.  2347.  1467.   752.  2439.   577.  1296.  2724.]
Time spent clustering :  1115.51690888
medoids_random_cluster50
Digit: 0  Purity: 84.7% SD: 1794.2  Count: 6345
Digit: 1  Purity: 73.3% SD: 1286.8  Count: 9012
Digit: 2  Purity: 83.1% SD: 1999.7  Count: 4478
Digit: 3  Purity: 55.3% SD: 1827.4  Count: 6410
Digit: 4  Purity: 61.9% SD: 1779.1  Count: 6838
Digit: 5  Purity: 54.3% SD: 1898.2  Count: 6707
Digit: 6  Purity: 90.1% SD: 1751.7  Count: 5591
Digit: 7  Purity: 66.5% SD: 1665.8  Count: 7069
Digit: 8  Purity: 78.4% SD: 1805.8  Count: 3909
Digit: 9  Purity: 61.3% SD: 1666.6  Count: 3641
Our accuracy in predicting test data for k = 50 was 71.0671067107 %
Time spent testing :  47.1119289398
