16 medoids kplusplus 100
0 [ 4007.  2373.  3019.  2748.  1361.  2566.  5073.  9226.  4207.  4636.
  6223.  3090.  4020.  3224.  2291.  1936.]
1 [ 3965.  2475.  2926.  2687.  1709.  3384.  4720.  8129.  4112.  4679.
  6303.  3137.  4532.  3290.  2112.  1840.]
2 [ 3947.  2525.  2902.  2686.  1711.  3412.  4720.  8129.  4113.  4645.
  6303.  3133.  4532.  3297.  2071.  1874.]
[ 3947.  2525.  2902.  2686.  1711.  3412.  4720.  8129.  4113.  4645.
  6303.  3133.  4532.  3297.  2071.  1874.]
Time spent clustering :  2124.44909191
medoids_kplusplus_cluster16
Digit: 0  Purity: 66.8% SD: 2039.2  Count: 7498
Digit: 1  Purity: 52.1% SD: 1597.5  Count: 12849
Digit: 2  Purity: 70.6% SD: 2163.5  Count: 3412
Digit: 3  Purity: 75.9% SD: 2028.1  Count: 3947
Digit: 4  Purity: 56.9% SD: 2003.8  Count: 4397
Digit: 5  Purity: 52.5% SD: 1970.4  Count: 6519
Digit: 6  Purity: 54.5% SD: 2002.5  Count: 7246
Digit: 7  Purity: 57.5% SD: 1736.6  Count: 4532
Digit: 8  Purity: 69.5% SD: 1978.5  Count: 3297
Digit: 9  Purity: 41.6% SD: 1803.3  Count: 6303
Our accuracy in predicting test data for k = 16 was 57.6057605761 %
Time spent testing :  84.5773639679
